<?xml version="1.0" encoding="utf-8"?>
<TestRun id="27d6efbe-0570-4c99-87bc-da95f9e76bd0" name="@pkrvmsl9tci6h6u 2025-08-09 21:07:27" xmlns="http://microsoft.com/schemas/VisualStudio/TeamTest/2010">
  <Times creation="2025-08-09T21:07:27.8537285+00:00" queuing="2025-08-09T21:07:27.8537286+00:00" start="2025-08-09T21:07:23.2000937+00:00" finish="2025-08-09T21:08:23.6930117+00:00" />
  <TestSettings name="default" id="543a616d-3a34-4f16-876e-cc31235c96e6">
    <Deployment runDeploymentRoot="_pkrvmsl9tci6h6u_2025-08-09_21_07_27" />
  </TestSettings>
  <Results>
    <UnitTestResult executionId="562e350e-5fce-4c1c-9ded-6c02459a9652" testId="9e27aef9-8b2c-f4c1-bf27-c862124dbe03" testName="WhenUnknownEscapeSequence_ShouldRemoveBackslash" computerName="pkrvmsl9tci6h6u" duration="00:00:00.0234578" startTime="2025-08-09T21:08:03.0204906+00:00" endTime="2025-08-09T21:08:03.0440061+00:00" testType="13cdc9d9-ddb5-4fa4-a97d-d965ccfc6d4b" outcome="Passed" testListId="8c84fa94-04c1-424b-9868-57a2d4851a1d" relativeResultsDirectory="562e350e-5fce-4c1c-9ded-6c02459a9652" />
    <UnitTestResult executionId="1a554dff-94a0-4e0d-b558-86263ce64ade" testId="acdee88f-f33a-b836-1f1d-bd6b9a7cef47" testName="WrongColumnNameTest" computerName="pkrvmsl9tci6h6u" duration="00:00:00.0017245" startTime="2025-08-09T21:08:18.6360788+00:00" endTime="2025-08-09T21:08:18.6378703+00:00" testType="13cdc9d9-ddb5-4fa4-a97d-d965ccfc6d4b" outcome="Passed" testListId="8c84fa94-04c1-424b-9868-57a2d4851a1d" relativeResultsDirectory="1a554dff-94a0-4e0d-b558-86263ce64ade" />
    <UnitTestResult executionId="a4816f05-266f-49e8-ba84-d8bc7d692122" testId="f2e1e6d2-f71c-ae47-7bb9-b8a0e09fc095" testName="WhenBitwiseAndBetweenUlongAndUint_ShouldBeEvaluated" computerName="pkrvmsl9tci6h6u" duration="00:00:00.0505112" startTime="2025-08-09T21:07:49.5854755+00:00" endTime="2025-08-09T21:07:49.6360785+00:00" testType="13cdc9d9-ddb5-4fa4-a97d-d965ccfc6d4b" outcome="Passed" testListId="8c84fa94-04c1-424b-9868-57a2d4851a1d" relativeResultsDirectory="a4816f05-266f-49e8-ba84-d8bc7d692122" />
    <UnitTestResult executionId="fe9b3adb-7745-43a4-b32f-71a3725d786e" testId="d8b0fc90-130e-c102-7bdd-4f62feaa4d40" testName="GroupBySingleColumnWithNullGroupTest" computerName="pkrvmsl9tci6h6u" duration="00:00:00.0321848" startTime="2025-08-09T21:08:09.9356664+00:00" endTime="2025-08-09T21:08:09.9679259+00:00" testType="13cdc9d9-ddb5-4fa4-a97d-d965ccfc6d4b" outcome="Passed" testListId="8c84fa94-04c1-424b-9868-57a2d4851a1d" relativeResultsDirectory="fe9b3adb-7745-43a4-b32f-71a3725d786e" />
    <UnitTestResult executionId="60553b45-0949-4ffd-a6e3-83f1dc38b3d1" testId="fe1196b5-2565-af08-6b89-20f848978c99" testName="WhenToStringCalled_ShouldReturnSameQuery (select s.Column1, s.Column2 from #some.thing() s where s.Column1 = 10 order by s.Column2 take 4)" computerName="pkrvmsl9tci6h6u" duration="00:00:00.0016112" startTime="2025-08-09T21:08:21.5033154+00:00" endTime="2025-08-09T21:08:21.5050242+00:00" testType="13cdc9d9-ddb5-4fa4-a97d-d965ccfc6d4b" outcome="Passed" testListId="8c84fa94-04c1-424b-9868-57a2d4851a1d" relativeResultsDirectory="60553b45-0949-4ffd-a6e3-83f1dc38b3d1" />
    <UnitTestResult executionId="bd7aa765-14ee-43d5-8911-4c76b9aefad7" testId="14922f8c-12ce-f41c-0ee3-434d7ca8e539" testName="WhenWrongTypeBetweenUnions_ShouldFail" computerName="pkrvmsl9tci6h6u" duration="00:00:00.0033425" startTime="2025-08-09T21:08:18.3730545+00:00" endTime="2025-08-09T21:08:18.3764804+00:00" testType="13cdc9d9-ddb5-4fa4-a97d-d965ccfc6d4b" outcome="Passed" testListId="8c84fa94-04c1-424b-9868-57a2d4851a1d" relativeResultsDirectory="bd7aa765-14ee-43d5-8911-4c76b9aefad7" />
    <UnitTestResult executionId="6a12730e-dccd-4986-b026-2368dddd38a9" testId="e2d06c8e-fc2a-65e5-230d-3c407d3c1ffa" testName="WhenWhereExpressionUsesMustBeRewrittenForBothDataSources_ShouldPass" computerName="pkrvmsl9tci6h6u" duration="00:00:00.0484037" startTime="2025-08-09T21:08:15.6698343+00:00" endTime="2025-08-09T21:08:15.7183184+00:00" testType="13cdc9d9-ddb5-4fa4-a97d-d965ccfc6d4b" outcome="Passed" testListId="8c84fa94-04c1-424b-9868-57a2d4851a1d" relativeResultsDirectory="6a12730e-dccd-4986-b026-2368dddd38a9" />
    <UnitTestResult executionId="574aded5-b917-4be4-832c-4c77bf13f343" testId="393c3afc-b1cc-0983-2594-6cc4380be2ca" testName="WhenBitwiseXorBetweenSbyteAndSbyte_ShouldBeEvaluated" computerName="pkrvmsl9tci6h6u" duration="00:00:00.0497919" startTime="2025-08-09T21:07:52.9014307+00:00" endTime="2025-08-09T21:07:52.9513002+00:00" testType="13cdc9d9-ddb5-4fa4-a97d-d965ccfc6d4b" outcome="Passed" testListId="8c84fa94-04c1-424b-9868-57a2d4851a1d" relativeResultsDirectory="574aded5-b917-4be4-832c-4c77bf13f343" />
    <UnitTestResult executionId="4c0874a4-5ba5-46b6-85e9-bc0dcf5cba90" testId="ba5efa8c-bba3-948f-fa6b-b72342e36471" testName="WhenBitwiseAndBetweenUIntAndUInt_ShouldBeEvaluated" computerName="pkrvmsl9tci6h6u" duration="00:00:00.0445132" startTime="2025-08-09T21:07:48.9987389+00:00" endTime="2025-08-09T21:07:49.0433460+00:00" testType="13cdc9d9-ddb5-4fa4-a97d-d965ccfc6d4b" outcome="Passed" testListId="8c84fa94-04c1-424b-9868-57a2d4851a1d" relativeResultsDirectory="4c0874a4-5ba5-46b6-85e9-bc0dcf5cba90" />
    <UnitTestResult executionId="26829674-c024-4d4d-bb55-833f32673232" testId="abd203a9-4ade-a5ae-1413-3a05ae3bdf5d" testName="CteQueryCancellation" computerName="pkrvmsl9tci6h6u" duration="00:00:00.0451052" startTime="2025-08-09T21:07:56.7123296+00:00" endTime="2025-08-09T21:07:56.7575431+00:00" testType="13cdc9d9-ddb5-4fa4-a97d-d965ccfc6d4b" outcome="Passed" testListId="8c84fa94-04c1-424b-9868-57a2d4851a1d" relativeResultsDirectory="26829674-c024-4d4d-bb55-833f32673232" />
    <UnitTestResult executionId="c14bb26e-c5fe-4c2b-8519-35d352947173" testId="f4d87305-2b0a-1256-e6f1-346003105e55" testName="GroupByQueryCancellation" computerName="pkrvmsl9tci6h6u" duration="00:00:00.1094032" startTime="2025-08-09T21:07:56.3577582+00:00" endTime="2025-08-09T21:07:56.4672554+00:00" testType="13cdc9d9-ddb5-4fa4-a97d-d965ccfc6d4b" outcome="Passed" testListId="8c84fa94-04c1-424b-9868-57a2d4851a1d" relativeResultsDirectory="c14bb26e-c5fe-4c2b-8519-35d352947173" />
    <UnitTestResult executionId="b55bbe62-2c1f-4db0-82bb-14367e4ca947" testId="559f5f91-eef4-40ac-a3e8-ac8cd8c0ff6e" testName="WhenBitwiseAndBetweenUshortAndLong_ShouldBeEvaluated" computerName="pkrvmsl9tci6h6u" duration="00:00:00.0528266" startTime="2025-08-09T21:07:47.9564353+00:00" endTime="2025-08-09T21:07:48.0093757+00:00" testType="13cdc9d9-ddb5-4fa4-a97d-d965ccfc6d4b" outcome="Passed" testListId="8c84fa94-04c1-424b-9868-57a2d4851a1d" relativeResultsDirectory="b55bbe62-2c1f-4db0-82bb-14367e4ca947" />
    <UnitTestResult executionId="8d870684-c376-416f-996d-ba24809dacc6" testId="9581c00b-0aea-9644-ebce-1ccb023f6ad1" testName="WhenBitwiseAndBetweenShortAndLong_ShouldBeEvaluated" computerName="pkrvmsl9tci6h6u" duration="00:00:00.0600326" startTime="2025-08-09T21:07:48.3449670+00:00" endTime="2025-08-09T21:07:48.4051078+00:00" testType="13cdc9d9-ddb5-4fa4-a97d-d965ccfc6d4b" outcome="Passed" testListId="8c84fa94-04c1-424b-9868-57a2d4851a1d" relativeResultsDirectory="8d870684-c376-416f-996d-ba24809dacc6" />
    <UnitTestResult executionId="0e7a82a5-1808-488c-ab91-9f182d3c7778" testId="88b28bdc-110e-f6ba-5de7-5c10ea7b01bb" testName="WhenShortMethodCallAndShortUsed_ShouldHaveColumnOfThatType" computerName="pkrvmsl9tci6h6u" duration="00:00:00.0621007" startTime="2025-08-09T21:07:42.9945941+00:00" endTime="2025-08-09T21:07:43.0568392+00:00" testType="13cdc9d9-ddb5-4fa4-a97d-d965ccfc6d4b" outcome="Passed" testListId="8c84fa94-04c1-424b-9868-57a2d4851a1d" relativeResultsDirectory="0e7a82a5-1808-488c-ab91-9f182d3c7778" />
    <UnitTestResult executionId="2ab1aa69-2839-4dcf-b932-2ccfc4e74245" testId="77f549a7-b192-018e-2b23-fbbc69ea508e" testName="WhenUsingExtendedUnicode_ShouldBeHandledCorrectly" computerName="pkrvmsl9tci6h6u" duration="00:00:00.0391291" startTime="2025-08-09T21:08:03.1855319+00:00" endTime="2025-08-09T21:08:03.2247444+00:00" testType="13cdc9d9-ddb5-4fa4-a97d-d965ccfc6d4b" outcome="Passed" testListId="8c84fa94-04c1-424b-9868-57a2d4851a1d" relativeResultsDirectory="2ab1aa69-2839-4dcf-b932-2ccfc4e74245" />
    <UnitTestResult executionId="882ffcbe-9ed0-429b-b391-0d2d33b4df45" testId="48cc9a7b-2e57-04bf-2153-fc4273fe16f3" testName="WhenBitwiseXorBetweenUshortAndShort_ShouldBeEvaluated" computerName="pkrvmsl9tci6h6u" duration="00:00:00.0610538" startTime="2025-08-09T21:07:53.7184722+00:00" endTime="2025-08-09T21:07:53.7796081+00:00" testType="13cdc9d9-ddb5-4fa4-a97d-d965ccfc6d4b" outcome="Passed" testListId="8c84fa94-04c1-424b-9868-57a2d4851a1d" relativeResultsDirectory="882ffcbe-9ed0-429b-b391-0d2d33b4df45" />
    <UnitTestResult executionId="bbd238ae-e005-4c71-a76b-1fb00ff2f197" testId="15174cd3-cc67-159e-0a2d-429074c70684" testName="WhenBitwiseAndBetweenUshortAndUlong_ShouldBeEvaluated" computerName="pkrvmsl9tci6h6u" duration="00:00:00.0463502" startTime="2025-08-09T21:07:48.0094462+00:00" endTime="2025-08-09T21:07:48.0559234+00:00" testType="13cdc9d9-ddb5-4fa4-a97d-d965ccfc6d4b" outcome="Passed" testListId="8c84fa94-04c1-424b-9868-57a2d4851a1d" relativeResultsDirectory="bbd238ae-e005-4c71-a76b-1fb00ff2f197" />
    <UnitTestResult executionId="53afe04e-15a0-4097-ae4d-b454d5a5b502" testId="65120833-4d22-bd4e-990a-0022b8d073f2" testName="SimpleGroupByWithSkipTest" computerName="pkrvmsl9tci6h6u" duration="00:00:00.0720759" startTime="2025-08-09T21:08:04.6510166+00:00" endTime="2025-08-09T21:08:04.7231690+00:00" testType="13cdc9d9-ddb5-4fa4-a97d-d965ccfc6d4b" outcome="Passed" testListId="8c84fa94-04c1-424b-9868-57a2d4851a1d" relativeResultsDirectory="53afe04e-15a0-4097-ae4d-b454d5a5b502" />
    <UnitTestResult executionId="df151d3b-efce-4948-bba1-2b41b6123612" testId="e40df5be-de09-2a10-1c19-af7767d65bec" testName="OuterApplyProperty_NoMatch_ShouldPass" computerName="pkrvmsl9tci6h6u" duration="00:00:00.0344582" startTime="2025-08-09T21:08:13.9331041+00:00" endTime="2025-08-09T21:08:13.9677297+00:00" testType="13cdc9d9-ddb5-4fa4-a97d-d965ccfc6d4b" outcome="Passed" testListId="8c84fa94-04c1-424b-9868-57a2d4851a1d" relativeResultsDirectory="df151d3b-efce-4948-bba1-2b41b6123612" />
    <UnitTestResult executionId="44af5a79-9f2b-4835-980a-f7d7619c07b2" testId="bc32e115-418b-86fe-6873-f6ff95fd0205" testName="WhenDecimalAndSByteUsed_ShouldHaveColumnOfThatType" computerName="pkrvmsl9tci6h6u" duration="00:00:00.0730119" startTime="2025-08-09T21:07:41.5362960+00:00" endTime="2025-08-09T21:07:41.6094342+00:00" testType="13cdc9d9-ddb5-4fa4-a97d-d965ccfc6d4b" outcome="Passed" testListId="8c84fa94-04c1-424b-9868-57a2d4851a1d" relativeResultsDirectory="44af5a79-9f2b-4835-980a-f7d7619c07b2" />
    <UnitTestResult executionId="a3b334d9-72db-4aa6-adea-5aade895d5f2" testId="9fa1e8b5-46a2-fbea-ef88-643563e44fdd" testName="WhenSpecialCharacterStartBracketUsedInTextWith_MustNotThrow (&lt;)" computerName="pkrvmsl9tci6h6u" duration="00:00:00.0258829" startTime="2025-08-09T21:08:22.1352368+00:00" endTime="2025-08-09T21:08:22.1612987+00:00" testType="13cdc9d9-ddb5-4fa4-a97d-d965ccfc6d4b" outcome="Passed" testListId="8c84fa94-04c1-424b-9868-57a2d4851a1d" relativeResultsDirectory="a3b334d9-72db-4aa6-adea-5aade895d5f2" />
    <UnitTestResult executionId="b4cd6b2e-232c-403f-8d5c-d404a2bf63e8" testId="07085b49-f42a-387b-ba25-e1f0583cf32f" testName="CallMethodWithTwoParametersTest" computerName="pkrvmsl9tci6h6u" duration="00:00:00.0590550" startTime="2025-08-09T21:08:19.6411310+00:00" endTime="2025-08-09T21:08:19.7002820+00:00" testType="13cdc9d9-ddb5-4fa4-a97d-d965ccfc6d4b" outcome="Passed" testListId="8c84fa94-04c1-424b-9868-57a2d4851a1d" relativeResultsDirectory="b4cd6b2e-232c-403f-8d5c-d404a2bf63e8" />
    <UnitTestResult executionId="56ce2119-5e09-49d3-907d-4e02249a4163" testId="28f651e2-bf5f-dc31-6938-f25de528c477" testName="WhenValueOfUintTypeOccured_ShouldHaveColumnOfThatType" computerName="pkrvmsl9tci6h6u" duration="00:00:00.0243090" startTime="2025-08-09T21:08:15.2288101+00:00" endTime="2025-08-09T21:08:15.2531929+00:00" testType="13cdc9d9-ddb5-4fa4-a97d-d965ccfc6d4b" outcome="Passed" testListId="8c84fa94-04c1-424b-9868-57a2d4851a1d" relativeResultsDirectory="56ce2119-5e09-49d3-907d-4e02249a4163" />
    <UnitTestResult executionId="9620ae04-676c-400c-83fb-3891d40b37b4" testId="78476463-7d4d-4e16-e671-de440bf14299" testName="WhenBitwiseAndBetweenLongAndUInt_ShouldBeEvaluated" computerName="pkrvmsl9tci6h6u" duration="00:00:00.0557883" startTime="2025-08-09T21:07:49.3799308+00:00" endTime="2025-08-09T21:07:49.4358251+00:00" testType="13cdc9d9-ddb5-4fa4-a97d-d965ccfc6d4b" outcome="Passed" testListId="8c84fa94-04c1-424b-9868-57a2d4851a1d" relativeResultsDirectory="9620ae04-676c-400c-83fb-3891d40b37b4" />
    <UnitTestResult executionId="20357196-e969-40aa-bbe4-851635fc1ea0" testId="b6eed95b-8337-8d5f-01cd-28714b41175b" testName="LeftOuterJoinWithFourOtherJoinsTest" computerName="pkrvmsl9tci6h6u" duration="00:00:00.0781769" startTime="2025-08-09T21:08:08.0711290+00:00" endTime="2025-08-09T21:08:08.1494094+00:00" testType="13cdc9d9-ddb5-4fa4-a97d-d965ccfc6d4b" outcome="Passed" testListId="8c84fa94-04c1-424b-9868-57a2d4851a1d" relativeResultsDirectory="20357196-e969-40aa-bbe4-851635fc1ea0" />
    <UnitTestResult executionId="9d67b4d7-8803-4f23-9353-a48317515d7a" testId="754a3118-d47b-9e7e-18c2-11d4047dde9c" testName="WhenLongAndFloatUsed_ShouldHaveColumnOfThatType" computerName="pkrvmsl9tci6h6u" duration="00:00:00.0997867" startTime="2025-08-09T21:07:38.9815251+00:00" endTime="2025-08-09T21:07:39.0814658+00:00" testType="13cdc9d9-ddb5-4fa4-a97d-d965ccfc6d4b" outcome="Passed" testListId="8c84fa94-04c1-424b-9868-57a2d4851a1d" relativeResultsDirectory="9d67b4d7-8803-4f23-9353-a48317515d7a" />
    <UnitTestResult executionId="994cc10d-c0ba-4281-b08e-d8e85bc84776" testId="f32ff1ca-0770-b919-ea8e-87b68d848064" testName="WhenAliasedStarsUnfoldToMultipleColumns_ShouldPass" computerName="pkrvmsl9tci6h6u" duration="00:00:00.0342378" startTime="2025-08-09T21:08:20.8661727+00:00" endTime="2025-08-09T21:08:20.9005051+00:00" testType="13cdc9d9-ddb5-4fa4-a97d-d965ccfc6d4b" outcome="Passed" testListId="8c84fa94-04c1-424b-9868-57a2d4851a1d" relativeResultsDirectory="994cc10d-c0ba-4281-b08e-d8e85bc84776" />
    <UnitTestResult executionId="01d33f7e-de33-42c0-b52d-9683b4fcae08" testId="1cb8c2d4-84d7-8dd1-0e03-cda595e1cc16" testName="WithDynamicSource_DescDynamicObjectWithSimpleColumns_ShouldPass" computerName="pkrvmsl9tci6h6u" duration="00:00:00.0418804" startTime="2025-08-09T21:08:02.1189168+00:00" endTime="2025-08-09T21:08:02.1609532+00:00" testType="13cdc9d9-ddb5-4fa4-a97d-d965ccfc6d4b" outcome="Passed" testListId="8c84fa94-04c1-424b-9868-57a2d4851a1d" relativeResultsDirectory="01d33f7e-de33-42c0-b52d-9683b4fcae08" />
    <UnitTestResult executionId="00a04053-3fc7-4f1c-bd80-0d6e39c18cf5" testId="1d0d97a3-c1bc-6be2-3a26-a20e8b3e8561" testName="WhenUShortMethodCallAndUShortUsed_ShouldHaveColumnOfThatType" computerName="pkrvmsl9tci6h6u" duration="00:00:00.0319194" startTime="2025-08-09T21:07:43.4483519+00:00" endTime="2025-08-09T21:07:43.4803836+00:00" testType="13cdc9d9-ddb5-4fa4-a97d-d965ccfc6d4b" outcome="Passed" testListId="8c84fa94-04c1-424b-9868-57a2d4851a1d" relativeResultsDirectory="00a04053-3fc7-4f1c-bd80-0d6e39c18cf5" />
    <UnitTestResult executionId="f4168b7c-62ae-48ec-8048-e911ffad0d68" testId="7d82cca5-48f4-9ca9-cc14-f01b708d88e0" testName="WhenQuoteWithBackslashCombinations_ShouldBePresent" computerName="pkrvmsl9tci6h6u" duration="00:00:00.0579468" startTime="2025-08-09T21:08:03.0440370+00:00" endTime="2025-08-09T21:08:03.1020437+00:00" testType="13cdc9d9-ddb5-4fa4-a97d-d965ccfc6d4b" outcome="Passed" testListId="8c84fa94-04c1-424b-9868-57a2d4851a1d" relativeResultsDirectory="f4168b7c-62ae-48ec-8048-e911ffad0d68" />
    <UnitTestResult executionId="20c7edd6-c0a3-40b2-a40e-3c0b92df8845" testId="9046ce16-5286-5fde-7907-acb525fc62b4" testName="WhenBitwiseXorBetweenIntAndShort_ShouldBeEvaluated" computerName="pkrvmsl9tci6h6u" duration="00:00:00.0692139" startTime="2025-08-09T21:07:54.4662348+00:00" endTime="2025-08-09T21:07:54.5355227+00:00" testType="13cdc9d9-ddb5-4fa4-a97d-d965ccfc6d4b" outcome="Passed" testListId="8c84fa94-04c1-424b-9868-57a2d4851a1d" relativeResultsDirectory="20c7edd6-c0a3-40b2-a40e-3c0b92df8845" />
    <UnitTestResult executionId="eaaf79f4-de61-4933-8320-aa573fe92abb" testId="b45c0440-723c-49dc-749a-2be0e5084072" testName="WhenMergeArraysButSingleArrayPassed_ShouldChoseCorrectImplementation" computerName="pkrvmsl9tci6h6u" duration="00:00:00.0496800" startTime="2025-08-09T21:08:03.2550172+00:00" endTime="2025-08-09T21:08:03.3048397+00:00" testType="13cdc9d9-ddb5-4fa4-a97d-d965ccfc6d4b" outcome="Passed" testListId="8c84fa94-04c1-424b-9868-57a2d4851a1d" relativeResultsDirectory="eaaf79f4-de61-4933-8320-aa573fe92abb" />
    <UnitTestResult executionId="9256bb87-c063-4513-9548-860948fdc3ce" testId="1769c638-3284-577d-3372-374cca485e70" testName="WhenBitwiseAndBetweenUIntAndInt_ShouldBeEvaluated" computerName="pkrvmsl9tci6h6u" duration="00:00:00.0425833" startTime="2025-08-09T21:07:48.9559747+00:00" endTime="2025-08-09T21:07:48.9986847+00:00" testType="13cdc9d9-ddb5-4fa4-a97d-d965ccfc6d4b" outcome="Passed" testListId="8c84fa94-04c1-424b-9868-57a2d4851a1d" relativeResultsDirectory="9256bb87-c063-4513-9548-860948fdc3ce" />
    <UnitTestResult executionId="5924fdaa-6f43-451f-a45c-b2566421e4e4" testId="dcf4ad20-634f-bcdc-b098-030f15b96c4d" testName="WhenBitwiseAndBetweenIntAndLong_ShouldBeEvaluated" computerName="pkrvmsl9tci6h6u" duration="00:00:00.0676577" startTime="2025-08-09T21:07:48.6492427+00:00" endTime="2025-08-09T21:07:48.7169864+00:00" testType="13cdc9d9-ddb5-4fa4-a97d-d965ccfc6d4b" outcome="Passed" testListId="8c84fa94-04c1-424b-9868-57a2d4851a1d" relativeResultsDirectory="5924fdaa-6f43-451f-a45c-b2566421e4e4" />
    <UnitTestResult executionId="3ded34c2-c827-4687-b49e-01ea67567082" testId="9697e1c8-3d97-8abe-159d-b26846d6af8f" testName="WhenStarUnfoldToMultipleOfTwoTablesColumns_TwoTablesUsed_ShouldPass" computerName="pkrvmsl9tci6h6u" duration="00:00:00.0824106" startTime="2025-08-09T21:08:20.9470473+00:00" endTime="2025-08-09T21:08:21.0295372+00:00" testType="13cdc9d9-ddb5-4fa4-a97d-d965ccfc6d4b" outcome="Passed" testListId="8c84fa94-04c1-424b-9868-57a2d4851a1d" relativeResultsDirectory="3ded34c2-c827-4687-b49e-01ea67567082" />
    <UnitTestResult executionId="f73be2c5-8f99-4fd5-927f-c595b4049410" testId="5d8a20c1-ee62-a3dd-6d3e-72f3fae57969" testName="WhenToJsonGenericMethodCallWithArray_ShouldReturnCorrectJson" computerName="pkrvmsl9tci6h6u" duration="00:00:00.0280237" startTime="2025-08-09T21:08:04.1768204+00:00" endTime="2025-08-09T21:08:04.2049213+00:00" testType="13cdc9d9-ddb5-4fa4-a97d-d965ccfc6d4b" outcome="Passed" testListId="8c84fa94-04c1-424b-9868-57a2d4851a1d" relativeResultsDirectory="f73be2c5-8f99-4fd5-927f-c595b4049410" />
    <UnitTestResult executionId="82d7c4a9-f240-4fc2-913f-bd99cff21148" testId="72caf37b-9392-6ac6-0394-e4c555daa73c" testName="WhenDoubleNestedObjectMightBeTreatAsArray_ShouldPass" computerName="pkrvmsl9tci6h6u" duration="00:00:00.0388353" startTime="2025-08-09T21:07:57.1389766+00:00" endTime="2025-08-09T21:07:57.1778703+00:00" testType="13cdc9d9-ddb5-4fa4-a97d-d965ccfc6d4b" outcome="Passed" testListId="8c84fa94-04c1-424b-9868-57a2d4851a1d" relativeResultsDirectory="82d7c4a9-f240-4fc2-913f-bd99cff21148" />
    <UnitTestResult executionId="3e5b2aa1-128f-4fc1-bdac-983bf375362c" testId="63f3da3f-3a78-4bcb-68eb-2e1a3a7aedcd" testName="WhenBitwiseAndBetweenLongAndSByte_ShouldBeEvaluated" computerName="pkrvmsl9tci6h6u" duration="00:00:00.0664798" startTime="2025-08-09T21:07:49.1794633+00:00" endTime="2025-08-09T21:07:49.2460351+00:00" testType="13cdc9d9-ddb5-4fa4-a97d-d965ccfc6d4b" outcome="Passed" testListId="8c84fa94-04c1-424b-9868-57a2d4851a1d" relativeResultsDirectory="3e5b2aa1-128f-4fc1-bdac-983bf375362c" />
    <UnitTestResult executionId="0b89876f-4e52-4fcb-a7da-8e2ff753ff70" testId="df17eb4a-291c-a37d-300d-b8c7f3086bb0" testName="CrossApplyProperty_SplitStringToWords_ShouldPass" computerName="pkrvmsl9tci6h6u" duration="00:00:00.0323416" startTime="2025-08-09T21:07:58.5532021+00:00" endTime="2025-08-09T21:07:58.5856193+00:00" testType="13cdc9d9-ddb5-4fa4-a97d-d965ccfc6d4b" outcome="Passed" testListId="8c84fa94-04c1-424b-9868-57a2d4851a1d" relativeResultsDirectory="0b89876f-4e52-4fcb-a7da-8e2ff753ff70" />
    <UnitTestResult executionId="aa90708f-80e4-45f6-8853-6027a1e9ec6f" testId="dd6e4280-fadd-bb60-3b02-17d3fc6200c5" testName="WhenLargeByteUsed_ShouldHaveColumnOfThatType" computerName="pkrvmsl9tci6h6u" duration="00:00:00.0246815" startTime="2025-08-09T21:08:11.1765139+00:00" endTime="2025-08-09T21:08:11.2012916+00:00" testType="13cdc9d9-ddb5-4fa4-a97d-d965ccfc6d4b" outcome="Passed" testListId="8c84fa94-04c1-424b-9868-57a2d4851a1d" relativeResultsDirectory="aa90708f-80e4-45f6-8853-6027a1e9ec6f" />
    <UnitTestResult executionId="b2d9676c-69b5-4fcf-b8fc-f1b9c15eaab5" testId="437f092c-e05a-274d-ffcb-fd9965faa1be" testName="SimpleRowNumberStatTest" computerName="pkrvmsl9tci6h6u" duration="00:00:00.0457515" startTime="2025-08-09T21:08:19.7272009+00:00" endTime="2025-08-09T21:08:19.7730413+00:00" testType="13cdc9d9-ddb5-4fa4-a97d-d965ccfc6d4b" outcome="Passed" testListId="8c84fa94-04c1-424b-9868-57a2d4851a1d" relativeResultsDirectory="b2d9676c-69b5-4fcf-b8fc-f1b9c15eaab5" />
    <UnitTestResult executionId="477de778-dd31-4169-b145-d6da696ab033" testId="441bed3d-612e-2f11-2cee-cdf3b46c1587" testName="EnumerateAllTest" computerName="pkrvmsl9tci6h6u" duration="00:00:00.0009425" startTime="2025-08-09T21:07:57.0280614+00:00" endTime="2025-08-09T21:07:57.0291510+00:00" testType="13cdc9d9-ddb5-4fa4-a97d-d965ccfc6d4b" outcome="Passed" testListId="8c84fa94-04c1-424b-9868-57a2d4851a1d" relativeResultsDirectory="477de778-dd31-4169-b145-d6da696ab033" />
    <UnitTestResult executionId="1c886662-6f8b-407c-83bb-9c317ebaee8c" testId="1d9568e2-25b3-5dbd-0798-619750a25cd1" testName="WhenUShortMethodCallAndSByteUsed_ShouldHaveColumnOfThatType" computerName="pkrvmsl9tci6h6u" duration="00:00:00.0340311" startTime="2025-08-09T21:07:43.3577542+00:00" endTime="2025-08-09T21:07:43.3918954+00:00" testType="13cdc9d9-ddb5-4fa4-a97d-d965ccfc6d4b" outcome="Passed" testListId="8c84fa94-04c1-424b-9868-57a2d4851a1d" relativeResultsDirectory="1c886662-6f8b-407c-83bb-9c317ebaee8c" />
    <UnitTestResult executionId="4474b976-fa7e-4623-9731-cdddcb16742a" testId="b9a6518d-cebf-3a0f-30ef-d1f50706f0d5" testName="CrossApply_WithEmptySecondSource_ShouldReturnEmpty" computerName="pkrvmsl9tci6h6u" duration="00:00:00.0338213" startTime="2025-08-09T21:07:57.7665269+00:00" endTime="2025-08-09T21:07:57.8004428+00:00" testType="13cdc9d9-ddb5-4fa4-a97d-d965ccfc6d4b" outcome="Passed" testListId="8c84fa94-04c1-424b-9868-57a2d4851a1d" relativeResultsDirectory="4474b976-fa7e-4623-9731-cdddcb16742a" />
    <UnitTestResult executionId="10ce9a5d-d642-4845-9e86-640b6ef62048" testId="16e78854-e00a-b0c2-54e7-8fab5c96d602" testName="WhenBitwiseOrBetweenUshortAndSbyte_ShouldBeEvaluated" computerName="pkrvmsl9tci6h6u" duration="00:00:00.0713598" startTime="2025-08-09T21:07:50.8270789+00:00" endTime="2025-08-09T21:07:50.8985286+00:00" testType="13cdc9d9-ddb5-4fa4-a97d-d965ccfc6d4b" outcome="Passed" testListId="8c84fa94-04c1-424b-9868-57a2d4851a1d" relativeResultsDirectory="10ce9a5d-d642-4845-9e86-640b6ef62048" />
    <UnitTestResult executionId="19509a78-7abe-4cd9-aa35-c095fdf545ba" testId="1a547748-5e70-f93d-b49e-a7071491101d" testName="CaseWhenWithLibraryMethodCallTest" computerName="pkrvmsl9tci6h6u" duration="00:00:00.0432564" startTime="2025-08-09T21:08:20.4464646+00:00" endTime="2025-08-09T21:08:20.4898137+00:00" testType="13cdc9d9-ddb5-4fa4-a97d-d965ccfc6d4b" outcome="Passed" testListId="8c84fa94-04c1-424b-9868-57a2d4851a1d" relativeResultsDirectory="19509a78-7abe-4cd9-aa35-c095fdf545ba" />
    <UnitTestResult executionId="f3a0e3c6-bb5e-42bb-a795-2acc82e1ea2d" testId="bf01b404-354b-99f2-06fb-be357c55e3c8" testName="WhenBitwiseNotOnSByte_ShouldBeEvaluated" computerName="pkrvmsl9tci6h6u" duration="00:00:00.0641607" startTime="2025-08-09T21:07:49.6822226+00:00" endTime="2025-08-09T21:07:49.7466352+00:00" testType="13cdc9d9-ddb5-4fa4-a97d-d965ccfc6d4b" outcome="Passed" testListId="8c84fa94-04c1-424b-9868-57a2d4851a1d" relativeResultsDirectory="f3a0e3c6-bb5e-42bb-a795-2acc82e1ea2d" />
    <UnitTestResult executionId="edb64b48-741b-46d4-80bb-12b5441e1902" testId="ba8e83da-2238-4d18-eb82-151b83dce99c" testName="UnionMultipleTimesSameSourceTest" computerName="pkrvmsl9tci6h6u" duration="00:00:00.0668257" startTime="2025-08-09T21:08:18.3058129+00:00" endTime="2025-08-09T21:08:18.3727059+00:00" testType="13cdc9d9-ddb5-4fa4-a97d-d965ccfc6d4b" outcome="Passed" testListId="8c84fa94-04c1-424b-9868-57a2d4851a1d" relativeResultsDirectory="edb64b48-741b-46d4-80bb-12b5441e1902" />
    <UnitTestResult executionId="a2647e38-b022-4ee9-a5e5-5715da26fe95" testId="3a69295c-2c65-84ca-923c-814ad7029474" testName="WhenOrderByDescWithinCteExpression_ShouldSucceed" computerName="pkrvmsl9tci6h6u" duration="00:00:00.0435554" startTime="2025-08-09T21:08:12.4135841+00:00" endTime="2025-08-09T21:08:12.4572059+00:00" testType="13cdc9d9-ddb5-4fa4-a97d-d965ccfc6d4b" outcome="Passed" testListId="8c84fa94-04c1-424b-9868-57a2d4851a1d" relativeResultsDirectory="a2647e38-b022-4ee9-a5e5-5715da26fe95" />
    <UnitTestResult executionId="e1788388-c142-4f3b-9c94-4f58096f77a1" testId="47e9a124-4a1a-7fd5-d8d1-9c2c301bae53" testName="MixedMultipleSourcesTest" computerName="pkrvmsl9tci6h6u" duration="00:00:00.0592101" startTime="2025-08-09T21:08:17.8372075+00:00" endTime="2025-08-09T21:08:17.8964941+00:00" testType="13cdc9d9-ddb5-4fa4-a97d-d965ccfc6d4b" outcome="Passed" testListId="8c84fa94-04c1-424b-9868-57a2d4851a1d" relativeResultsDirectory="e1788388-c142-4f3b-9c94-4f58096f77a1" />
    <UnitTestResult executionId="e320d57b-cbf7-4715-a8bd-59c3b02393e9" testId="c3fc4a64-d0a4-8e0b-75ca-c3aff52ea8fb" testName="WhenDecimalMethodCallAndUShortUsed_ShouldHaveColumnOfThatType" computerName="pkrvmsl9tci6h6u" duration="00:00:00.0542511" startTime="2025-08-09T21:07:45.3206138+00:00" endTime="2025-08-09T21:07:45.3749897+00:00" testType="13cdc9d9-ddb5-4fa4-a97d-d965ccfc6d4b" outcome="Passed" testListId="8c84fa94-04c1-424b-9868-57a2d4851a1d" relativeResultsDirectory="e320d57b-cbf7-4715-a8bd-59c3b02393e9" />
    <UnitTestResult executionId="cdc8841d-e7b4-4d45-a337-a8b22762f621" testId="0682fc68-65a0-d665-ae64-f9d10bc8845f" testName="WhenBitwiseOrBetweenShortAndUShort_ShouldBeEvaluated" computerName="pkrvmsl9tci6h6u" duration="00:00:00.0502096" startTime="2025-08-09T21:07:51.3337246+00:00" endTime="2025-08-09T21:07:51.3840051+00:00" testType="13cdc9d9-ddb5-4fa4-a97d-d965ccfc6d4b" outcome="Passed" testListId="8c84fa94-04c1-424b-9868-57a2d4851a1d" relativeResultsDirectory="cdc8841d-e7b4-4d45-a337-a8b22762f621" />
    <UnitTestResult executionId="631b9126-d486-40d0-8d17-ead4c9eea1e1" testId="2d11786f-81fa-c99a-16e5-a25db076dd78" testName="WhenSameAliasUsedInMultipleJoins_ShouldThrow" computerName="pkrvmsl9tci6h6u" duration="00:00:00.0048059" startTime="2025-08-09T21:07:29.1218747+00:00" endTime="2025-08-09T21:07:29.1267877+00:00" testType="13cdc9d9-ddb5-4fa4-a97d-d965ccfc6d4b" outcome="Passed" testListId="8c84fa94-04c1-424b-9868-57a2d4851a1d" relativeResultsDirectory="631b9126-d486-40d0-8d17-ead4c9eea1e1" />
    <UnitTestResult executionId="340d7595-f292-4cca-bed0-879aabcf5a57" testId="59e71cc2-082b-ed1f-942a-a8364e9e20a5" testName="WhenOrderByMultipleColumnsSecondColumnDesc_ShouldSucceed" computerName="pkrvmsl9tci6h6u" duration="00:00:00.0731361" startTime="2025-08-09T21:08:11.9283384+00:00" endTime="2025-08-09T21:08:12.0015392+00:00" testType="13cdc9d9-ddb5-4fa4-a97d-d965ccfc6d4b" outcome="Passed" testListId="8c84fa94-04c1-424b-9868-57a2d4851a1d" relativeResultsDirectory="340d7595-f292-4cca-bed0-879aabcf5a57" />
    <UnitTestResult executionId="204266e5-7ebe-4fd7-9577-bf29e71ad97a" testId="beb10963-c24b-0138-a3f7-42609123b28d" testName="SimpleAdditionSubtraction2Test" computerName="pkrvmsl9tci6h6u" duration="00:00:00.0272180" startTime="2025-08-09T21:07:45.6549211+00:00" endTime="2025-08-09T21:07:45.6822403+00:00" testType="13cdc9d9-ddb5-4fa4-a97d-d965ccfc6d4b" outcome="Passed" testListId="8c84fa94-04c1-424b-9868-57a2d4851a1d" relativeResultsDirectory="204266e5-7ebe-4fd7-9577-bf29e71ad97a" />
    <UnitTestResult executionId="0d734b44-b123-451c-b814-0bc56e2065c6" testId="4a9ca37e-18a8-0f9f-c531-e00de1c16cb3" testName="WhenValueOfSbyteTypeOccured_ShouldHaveColumnOfThatType" computerName="pkrvmsl9tci6h6u" duration="00:00:00.0244866" startTime="2025-08-09T21:08:15.0401466+00:00" endTime="2025-08-09T21:08:15.0648030+00:00" testType="13cdc9d9-ddb5-4fa4-a97d-d965ccfc6d4b" outcome="Passed" testListId="8c84fa94-04c1-424b-9868-57a2d4851a1d" relativeResultsDirectory="0d734b44-b123-451c-b814-0bc56e2065c6" />
    <UnitTestResult executionId="c55926fa-5712-4def-8d66-d6557dc97ca9" testId="f34dc97f-5987-c90b-4695-1287bf09e0be" testName="SubtractionWithAdditionTest" computerName="pkrvmsl9tci6h6u" duration="00:00:00.0399294" startTime="2025-08-09T21:07:45.9599094+00:00" endTime="2025-08-09T21:07:45.9999306+00:00" testType="13cdc9d9-ddb5-4fa4-a97d-d965ccfc6d4b" outcome="Passed" testListId="8c84fa94-04c1-424b-9868-57a2d4851a1d" relativeResultsDirectory="c55926fa-5712-4def-8d66-d6557dc97ca9" />
    <UnitTestResult executionId="a29ce7d9-de0e-4956-beaf-bb1af75fd79d" testId="112884a8-ed6a-c954-ce42-9ac70ec96d28" testName="WhenResolvedMethodIsGenericWithInjectSpecificSourceAttribute_ShouldConcretizeItAccordingly" computerName="pkrvmsl9tci6h6u" duration="00:00:00.0248126" startTime="2025-08-09T21:08:04.0819052+00:00" endTime="2025-08-09T21:08:04.1067938+00:00" testType="13cdc9d9-ddb5-4fa4-a97d-d965ccfc6d4b" outcome="Passed" testListId="8c84fa94-04c1-424b-9868-57a2d4851a1d" relativeResultsDirectory="a29ce7d9-de0e-4956-beaf-bb1af75fd79d" />
    <UnitTestResult executionId="4faac6bf-7e9a-4761-bc36-d312edff5fbb" testId="88d1ca5d-8bd2-c5e9-3b6e-f21cc07a17fa" testName="IntersectWithSkipDoubleSourceTest" computerName="pkrvmsl9tci6h6u" duration="00:00:00.0575773" startTime="2025-08-09T21:08:17.3594270+00:00" endTime="2025-08-09T21:08:17.4170718+00:00" testType="13cdc9d9-ddb5-4fa4-a97d-d965ccfc6d4b" outcome="Passed" testListId="8c84fa94-04c1-424b-9868-57a2d4851a1d" relativeResultsDirectory="4faac6bf-7e9a-4761-bc36-d312edff5fbb" />
    <UnitTestResult executionId="ab86bb4e-eecf-48cf-a697-8edc82f3e698" testId="3ec1a156-3b62-5682-25af-d5febfcdeb98" testName="GroupByWithCaseWhenInSelectTest" computerName="pkrvmsl9tci6h6u" duration="00:00:00.0453731" startTime="2025-08-09T21:08:05.9589984+00:00" endTime="2025-08-09T21:08:06.0044469+00:00" testType="13cdc9d9-ddb5-4fa4-a97d-d965ccfc6d4b" outcome="Passed" testListId="8c84fa94-04c1-424b-9868-57a2d4851a1d" relativeResultsDirectory="ab86bb4e-eecf-48cf-a697-8edc82f3e698" />
    <UnitTestResult executionId="35598b1f-ba04-4cbe-8bda-c59eef083047" testId="a61273c7-2dcf-9ca7-4e44-2251053d5760" testName="WhenInvalidUnicodeSequences_ShouldHandleGracefully" computerName="pkrvmsl9tci6h6u" duration="00:00:00.0243733" startTime="2025-08-09T21:08:03.1020842+00:00" endTime="2025-08-09T21:08:03.1265317+00:00" testType="13cdc9d9-ddb5-4fa4-a97d-d965ccfc6d4b" outcome="Passed" testListId="8c84fa94-04c1-424b-9868-57a2d4851a1d" relativeResultsDirectory="35598b1f-ba04-4cbe-8bda-c59eef083047" />
    <UnitTestResult executionId="9e47a3fa-eaec-4dc9-838e-0f27dcd8addd" testId="00c5e8a2-cc63-358b-da93-813cdf90665d" testName="WhenDoubleAndUIntUsed_ShouldHaveColumnOfThatType" computerName="pkrvmsl9tci6h6u" duration="00:00:00.0854023" startTime="2025-08-09T21:07:41.1839405+00:00" endTime="2025-08-09T21:07:41.2694655+00:00" testType="13cdc9d9-ddb5-4fa4-a97d-d965ccfc6d4b" outcome="Passed" testListId="8c84fa94-04c1-424b-9868-57a2d4851a1d" relativeResultsDirectory="9e47a3fa-eaec-4dc9-838e-0f27dcd8addd" />
    <UnitTestResult executionId="b3ceae10-80f3-46da-92ca-f1d914e069e1" testId="02443489-fa32-ff72-dcd6-d331b12482ac" testName="WhenUShortAndDoubleUsed_ShouldHaveColumnOfThatType" computerName="pkrvmsl9tci6h6u" duration="00:00:00.1751193" startTime="2025-08-09T21:07:34.8336911+00:00" endTime="2025-08-09T21:07:35.0090397+00:00" testType="13cdc9d9-ddb5-4fa4-a97d-d965ccfc6d4b" outcome="Passed" testListId="8c84fa94-04c1-424b-9868-57a2d4851a1d" relativeResultsDirectory="b3ceae10-80f3-46da-92ca-f1d914e069e1" />
    <UnitTestResult executionId="1eeed58b-78a5-4415-a12a-b218240a8bbf" testId="12a6b839-9a2b-155f-534b-f1dc85de4b4f" testName="WhenWhereExpressionMustBeRewrittenDueToExchangingColumnsBetweenTwoSources_ShouldPass" computerName="pkrvmsl9tci6h6u" duration="00:00:00.0485425" startTime="2025-08-09T21:08:15.7183635+00:00" endTime="2025-08-09T21:08:15.7669883+00:00" testType="13cdc9d9-ddb5-4fa4-a97d-d965ccfc6d4b" outcome="Passed" testListId="8c84fa94-04c1-424b-9868-57a2d4851a1d" relativeResultsDirectory="1eeed58b-78a5-4415-a12a-b218240a8bbf" />
    <UnitTestResult executionId="ba6129ce-278e-4b12-a7f0-b9223a55af5b" testId="9eac1d8f-2749-5b4c-4cd5-0009c08dc16a" testName="OuterApplyProperty_NoMatch_ShouldPass" computerName="pkrvmsl9tci6h6u" duration="00:00:00.0330686" startTime="2025-08-09T21:08:13.2558949+00:00" endTime="2025-08-09T21:08:13.2891283+00:00" testType="13cdc9d9-ddb5-4fa4-a97d-d965ccfc6d4b" outcome="Passed" testListId="8c84fa94-04c1-424b-9868-57a2d4851a1d" relativeResultsDirectory="ba6129ce-278e-4b12-a7f0-b9223a55af5b" />
    <UnitTestResult executionId="a82447ae-b361-49ad-a3aa-cab4f47cdfbc" testId="e09ced12-3223-6291-f7f5-7fc1d2956a91" testName="WhenToStringCalled_ShouldReturnSameQuery (select b.* from #some.thing() a cross apply a.TestMethod(a.Column) b)" computerName="pkrvmsl9tci6h6u" duration="00:00:00.0007295" startTime="2025-08-09T21:08:21.5288236+00:00" endTime="2025-08-09T21:08:21.5296476+00:00" testType="13cdc9d9-ddb5-4fa4-a97d-d965ccfc6d4b" outcome="Passed" testListId="8c84fa94-04c1-424b-9868-57a2d4851a1d" relativeResultsDirectory="a82447ae-b361-49ad-a3aa-cab4f47cdfbc" />
    <UnitTestResult executionId="478874e8-2d73-417a-8e2d-b12eead04a07" testId="67fb22f6-2984-8e33-aed4-ac6e8abab0c1" testName="WhenByteMethodCallAndLongUsed_ShouldHaveColumnOfThatType" computerName="pkrvmsl9tci6h6u" duration="00:00:00.0626239" startTime="2025-08-09T21:07:42.3046208+00:00" endTime="2025-08-09T21:07:42.3673734+00:00" testType="13cdc9d9-ddb5-4fa4-a97d-d965ccfc6d4b" outcome="Passed" testListId="8c84fa94-04c1-424b-9868-57a2d4851a1d" relativeResultsDirectory="478874e8-2d73-417a-8e2d-b12eead04a07" />
    <UnitTestResult executionId="fad26959-1dac-4a6f-958c-291b112e06a1" testId="0fb1fbf8-5ac3-bd6b-aeb4-61fa4901b666" testName="SimpleAccessObjectTest" computerName="pkrvmsl9tci6h6u" duration="00:00:00.0261975" startTime="2025-08-09T21:08:19.1666050+00:00" endTime="2025-08-09T21:08:19.1928752+00:00" testType="13cdc9d9-ddb5-4fa4-a97d-d965ccfc6d4b" outcome="Passed" testListId="8c84fa94-04c1-424b-9868-57a2d4851a1d" relativeResultsDirectory="fad26959-1dac-4a6f-958c-291b112e06a1" />
    <UnitTestResult executionId="66a94773-eaaa-49ad-83c5-aeb68a61133a" testId="c27eeaa5-3c10-7512-6453-3b6ea32825b4" testName="CrossApply_SchemaAndProperty_WithNestedProperty" computerName="pkrvmsl9tci6h6u" duration="00:00:00.0543278" startTime="2025-08-09T21:07:58.9486735+00:00" endTime="2025-08-09T21:07:59.0031838+00:00" testType="13cdc9d9-ddb5-4fa4-a97d-d965ccfc6d4b" outcome="Passed" testListId="8c84fa94-04c1-424b-9868-57a2d4851a1d" relativeResultsDirectory="66a94773-eaaa-49ad-83c5-aeb68a61133a" />
    <UnitTestResult executionId="0b78dbb7-6931-4eab-879a-4abe03b412ce" testId="c50eaffe-9ca2-8ebc-8a56-9adf72784e89" testName="UnformattedMinus_ShouldBeProperlyRecognized" computerName="pkrvmsl9tci6h6u" duration="00:00:00.0258029" startTime="2025-08-09T21:07:46.4260315+00:00" endTime="2025-08-09T21:07:46.4520194+00:00" testType="13cdc9d9-ddb5-4fa4-a97d-d965ccfc6d4b" outcome="Passed" testListId="8c84fa94-04c1-424b-9868-57a2d4851a1d" relativeResultsDirectory="0b78dbb7-6931-4eab-879a-4abe03b412ce" />
    <UnitTestResult executionId="12c31659-ef10-4514-87ae-e8c997cac948" testId="ead0943d-6a75-a856-c583-aadfa0fd70f2" testName="WhenSchemaMethodOuterAppliedWithAnotherSchema_UsesCte_ShouldPass" computerName="pkrvmsl9tci6h6u" duration="00:00:00.0437514" startTime="2025-08-09T21:08:13.1077000+00:00" endTime="2025-08-09T21:08:13.1515254+00:00" testType="13cdc9d9-ddb5-4fa4-a97d-d965ccfc6d4b" outcome="Passed" testListId="8c84fa94-04c1-424b-9868-57a2d4851a1d" relativeResultsDirectory="12c31659-ef10-4514-87ae-e8c997cac948" />
    <UnitTestResult executionId="a47414e9-d4c9-4246-b620-80956e0090b8" testId="2ff73586-450a-a33c-e725-ecd3bd2f9b5a" testName="WhenShortMethodCallAndLongUsed_ShouldHaveColumnOfThatType" computerName="pkrvmsl9tci6h6u" duration="00:00:00.0344027" startTime="2025-08-09T21:07:43.2229732+00:00" endTime="2025-08-09T21:07:43.2574871+00:00" testType="13cdc9d9-ddb5-4fa4-a97d-d965ccfc6d4b" outcome="Passed" testListId="8c84fa94-04c1-424b-9868-57a2d4851a1d" relativeResultsDirectory="a47414e9-d4c9-4246-b620-80956e0090b8" />
    <UnitTestResult executionId="cea16d11-9b29-4460-ae6b-8165ff4745eb" testId="a85c8fea-7603-ddca-4e2f-d937dfec86cf" testName="SimpleTakeAboveTableAmountTest" computerName="pkrvmsl9tci6h6u" duration="00:00:00.0370775" startTime="2025-08-09T21:08:19.5218581+00:00" endTime="2025-08-09T21:08:19.5590160+00:00" testType="13cdc9d9-ddb5-4fa4-a97d-d965ccfc6d4b" outcome="Passed" testListId="8c84fa94-04c1-424b-9868-57a2d4851a1d" relativeResultsDirectory="cea16d11-9b29-4460-ae6b-8165ff4745eb" />
    <UnitTestResult executionId="e2ba7315-201e-4410-ba50-92cfc0497faf" testId="fbf6830c-6fb6-6fa2-2287-5237de036555" testName="WhenToStringCalled_ShouldReturnSameQuery (select b.* from #some.thing() a outer apply a.Column b)" computerName="pkrvmsl9tci6h6u" duration="00:00:00.0005388" startTime="2025-08-09T21:08:21.5302894+00:00" endTime="2025-08-09T21:08:21.5308919+00:00" testType="13cdc9d9-ddb5-4fa4-a97d-d965ccfc6d4b" outcome="Passed" testListId="8c84fa94-04c1-424b-9868-57a2d4851a1d" relativeResultsDirectory="e2ba7315-201e-4410-ba50-92cfc0497faf" />
    <UnitTestResult executionId="3dc2a6b1-f441-4ce9-b65d-405c27ab94dc" testId="92066fe0-a3c7-7e84-092a-6b641f85d4e1" testName="WhenUIntMethodCallAndByteUsed_ShouldHaveColumnOfThatType" computerName="pkrvmsl9tci6h6u" duration="00:00:00.0386892" startTime="2025-08-09T21:07:44.1504698+00:00" endTime="2025-08-09T21:07:44.1893097+00:00" testType="13cdc9d9-ddb5-4fa4-a97d-d965ccfc6d4b" outcome="Passed" testListId="8c84fa94-04c1-424b-9868-57a2d4851a1d" relativeResultsDirectory="3dc2a6b1-f441-4ce9-b65d-405c27ab94dc" />
    <UnitTestResult executionId="c76f208d-e4aa-49f9-a067-b4aee2ff52fa" testId="48ebcebb-80ff-2ef1-4f28-703254379c9a" testName="WhenEscapeCharacterUsedInText_MustNotThrow" computerName="pkrvmsl9tci6h6u" duration="00:00:00.0240494" startTime="2025-08-09T21:08:21.7069063+00:00" endTime="2025-08-09T21:08:21.7310274+00:00" testType="13cdc9d9-ddb5-4fa4-a97d-d965ccfc6d4b" outcome="Passed" testListId="8c84fa94-04c1-424b-9868-57a2d4851a1d" relativeResultsDirectory="c76f208d-e4aa-49f9-a067-b4aee2ff52fa" />
    <UnitTestResult executionId="17b2950e-0c22-4549-8c8c-6f5f79a56ae2" testId="89bed6a6-1c29-6068-dc21-22ff56f2da3f" testName="WhenCteWithSameAliasExist2_ShouldPass" computerName="pkrvmsl9tci6h6u" duration="00:00:00.0631699" startTime="2025-08-09T21:08:23.1689331+00:00" endTime="2025-08-09T21:08:23.2321835+00:00" testType="13cdc9d9-ddb5-4fa4-a97d-d965ccfc6d4b" outcome="Passed" testListId="8c84fa94-04c1-424b-9868-57a2d4851a1d" relativeResultsDirectory="17b2950e-0c22-4549-8c8c-6f5f79a56ae2" />
    <UnitTestResult executionId="32620aa2-1fbc-4d59-b10f-70b60345be83" testId="e6a62562-d9f4-727d-b008-19d204c9d410" testName="OrOperator_WhenBothFieldsAreNull_ShouldShowThreeRows" computerName="pkrvmsl9tci6h6u" duration="00:00:00.0464102" startTime="2025-08-09T21:08:10.3029419+00:00" endTime="2025-08-09T21:08:10.3494317+00:00" testType="13cdc9d9-ddb5-4fa4-a97d-d965ccfc6d4b" outcome="Passed" testListId="8c84fa94-04c1-424b-9868-57a2d4851a1d" relativeResultsDirectory="32620aa2-1fbc-4d59-b10f-70b60345be83" />
    <UnitTestResult executionId="a6e718dc-4320-4205-a176-09e434b9b305" testId="020f7742-d248-7fb3-2a22-84ea04b14e67" testName="WhenBitwiseOrBetweenSbyteAndUshort_ShouldBeEvaluated" computerName="pkrvmsl9tci6h6u" duration="00:00:00.0450518" startTime="2025-08-09T21:07:50.2047085+00:00" endTime="2025-08-09T21:07:50.2498539+00:00" testType="13cdc9d9-ddb5-4fa4-a97d-d965ccfc6d4b" outcome="Passed" testListId="8c84fa94-04c1-424b-9868-57a2d4851a1d" relativeResultsDirectory="a6e718dc-4320-4205-a176-09e434b9b305" />
    <UnitTestResult executionId="ee4814ab-ef7d-4bce-9f2f-bcbbc31f06df" testId="1e5a3def-4b77-7f02-6d19-4a1a28312c6d" testName="SubtractTimeSpansTest" computerName="pkrvmsl9tci6h6u" duration="00:00:00.0311710" startTime="2025-08-09T21:08:23.1000342+00:00" endTime="2025-08-09T21:08:23.1313003+00:00" testType="13cdc9d9-ddb5-4fa4-a97d-d965ccfc6d4b" outcome="Passed" testListId="8c84fa94-04c1-424b-9868-57a2d4851a1d" relativeResultsDirectory="ee4814ab-ef7d-4bce-9f2f-bcbbc31f06df" />
    <UnitTestResult executionId="dc9ef3e9-379a-4058-93ac-12c1b312a2fe" testId="6f015004-3a80-ed14-106b-98ec91253284" testName="WhenBitwiseXorBetweenIntAndLong_ShouldBeEvaluated" computerName="pkrvmsl9tci6h6u" duration="00:00:00.0333983" startTime="2025-08-09T21:07:54.6745517+00:00" endTime="2025-08-09T21:07:54.7080522+00:00" testType="13cdc9d9-ddb5-4fa4-a97d-d965ccfc6d4b" outcome="Passed" testListId="8c84fa94-04c1-424b-9868-57a2d4851a1d" relativeResultsDirectory="dc9ef3e9-379a-4058-93ac-12c1b312a2fe" />
    <UnitTestResult executionId="3bfdc426-83f6-4cac-a0d9-fd7793ca3d1e" testId="abff0218-12e3-250f-0dad-cc1b787c9f90" testName="WhenBitwiseOrBetweenUIntAndInt_ShouldBeEvaluated" computerName="pkrvmsl9tci6h6u" duration="00:00:00.0560648" startTime="2025-08-09T21:07:52.0864676+00:00" endTime="2025-08-09T21:07:52.1426010+00:00" testType="13cdc9d9-ddb5-4fa4-a97d-d965ccfc6d4b" outcome="Passed" testListId="8c84fa94-04c1-424b-9868-57a2d4851a1d" relativeResultsDirectory="3bfdc426-83f6-4cac-a0d9-fd7793ca3d1e" />
    <UnitTestResult executionId="99a127c3-df9b-495f-aa73-40f71fcd4ac2" testId="d7d153d6-ecf9-fc3f-5bb6-6b56c14e2649" testName="WhenRowNumberWithOrderBySimpleTest_ShouldPass" computerName="pkrvmsl9tci6h6u" duration="00:00:00.0367396" startTime="2025-08-09T21:08:15.9316043+00:00" endTime="2025-08-09T21:08:15.9684382+00:00" testType="13cdc9d9-ddb5-4fa4-a97d-d965ccfc6d4b" outcome="Passed" testListId="8c84fa94-04c1-424b-9868-57a2d4851a1d" relativeResultsDirectory="99a127c3-df9b-495f-aa73-40f71fcd4ac2" />
    <UnitTestResult executionId="78b24ab7-e52d-479d-bc04-b214bd3e9d03" testId="cad413fa-cb89-663a-80b2-86164418bc24" testName="WhenMultipleEscapeCharactersUsedInTextWithQuote_MustNotThrow" computerName="pkrvmsl9tci6h6u" duration="00:00:00.0244833" startTime="2025-08-09T21:08:21.7804905+00:00" endTime="2025-08-09T21:08:21.8050476+00:00" testType="13cdc9d9-ddb5-4fa4-a97d-d965ccfc6d4b" outcome="Passed" testListId="8c84fa94-04c1-424b-9868-57a2d4851a1d" relativeResultsDirectory="78b24ab7-e52d-479d-bc04-b214bd3e9d03" />
    <UnitTestResult executionId="4acd0790-c192-4bc4-8e6c-0552df04c0be" testId="b5778a6b-65b9-4685-a343-c37bdb02d6d8" testName="WhenSByteMethodCallAndLongUsed_ShouldHaveColumnOfThatType" computerName="pkrvmsl9tci6h6u" duration="00:00:00.0647778" startTime="2025-08-09T21:07:42.7681730+00:00" endTime="2025-08-09T21:07:42.8330828+00:00" testType="13cdc9d9-ddb5-4fa4-a97d-d965ccfc6d4b" outcome="Passed" testListId="8c84fa94-04c1-424b-9868-57a2d4851a1d" relativeResultsDirectory="4acd0790-c192-4bc4-8e6c-0552df04c0be" />
    <UnitTestResult executionId="66b2b821-6dad-4dc3-8cc7-dcbb9c04bdca" testId="319174ef-9c18-1977-8ff4-2387fbd69d42" testName="WhenBitwiseShiftLeft_ushort_ShouldBeEvaluated" computerName="pkrvmsl9tci6h6u" duration="00:00:00.0580278" startTime="2025-08-09T21:07:55.7563795+00:00" endTime="2025-08-09T21:07:55.8144792+00:00" testType="13cdc9d9-ddb5-4fa4-a97d-d965ccfc6d4b" outcome="Passed" testListId="8c84fa94-04c1-424b-9868-57a2d4851a1d" relativeResultsDirectory="66b2b821-6dad-4dc3-8cc7-dcbb9c04bdca" />
    <UnitTestResult executionId="1228f604-1a01-4f6b-8027-215f82dffb07" testId="cba897d2-5cd3-2616-8d5e-b18760be1445" testName="WhenOrderByMultipleColumns_ShoulSucceed" computerName="pkrvmsl9tci6h6u" duration="00:00:00.0383847" startTime="2025-08-09T21:08:11.8630789+00:00" endTime="2025-08-09T21:08:11.9015293+00:00" testType="13cdc9d9-ddb5-4fa4-a97d-d965ccfc6d4b" outcome="Passed" testListId="8c84fa94-04c1-424b-9868-57a2d4851a1d" relativeResultsDirectory="1228f604-1a01-4f6b-8027-215f82dffb07" />
    <UnitTestResult executionId="5489ad59-880d-4115-bfd7-f5a6ffc49614" testId="3fd5c3d5-1933-1b32-0102-1965a2d75b45" testName="WhenCompilerMustDecideWhichOneOfTheMethodsUse_TheMethodHasAdditionalArgument_ShouldChoseFirstOne" computerName="pkrvmsl9tci6h6u" duration="00:00:00.0397497" startTime="2025-08-09T21:08:09.6121810+00:00" endTime="2025-08-09T21:08:09.6520046+00:00" testType="13cdc9d9-ddb5-4fa4-a97d-d965ccfc6d4b" outcome="Passed" testListId="8c84fa94-04c1-424b-9868-57a2d4851a1d" relativeResultsDirectory="5489ad59-880d-4115-bfd7-f5a6ffc49614" />
    <UnitTestResult executionId="8f3e625a-3a55-4a71-9ec9-16d9282f5ccc" testId="c8257877-3d02-8c30-9568-dc636d9f14fe" testName="ComplexCteIssue1WithGroupByTest" computerName="pkrvmsl9tci6h6u" duration="00:00:00.0814872" startTime="2025-08-09T21:08:07.5087981+00:00" endTime="2025-08-09T21:08:07.5903815+00:00" testType="13cdc9d9-ddb5-4fa4-a97d-d965ccfc6d4b" outcome="Passed" testListId="8c84fa94-04c1-424b-9868-57a2d4851a1d" relativeResultsDirectory="8f3e625a-3a55-4a71-9ec9-16d9282f5ccc" />
    <UnitTestResult executionId="fad8c8c5-72d1-4571-b426-fbc1d6dc43e2" testId="08ca319d-074c-b8ad-3ba3-d5ab7f4098d0" testName="WhenGroupByWithWhereUsed_WhereUsesFieldThatWillBeUsedInResultingTable_ShouldSuccess" computerName="pkrvmsl9tci6h6u" duration="00:00:00.0971324" startTime="2025-08-09T21:08:06.2980255+00:00" endTime="2025-08-09T21:08:06.3952336+00:00" testType="13cdc9d9-ddb5-4fa4-a97d-d965ccfc6d4b" outcome="Passed" testListId="8c84fa94-04c1-424b-9868-57a2d4851a1d" relativeResultsDirectory="fad8c8c5-72d1-4571-b426-fbc1d6dc43e2" />
    <UnitTestResult executionId="e4f85107-9a6f-4b1b-a30c-5e53393f99a9" testId="84ff319b-7bca-d8ac-e034-82fd7a6f53fa" testName="ArithmeticOpsLessEqualTest" computerName="pkrvmsl9tci6h6u" duration="00:00:00.0464346" startTime="2025-08-09T21:07:57.3989781+00:00" endTime="2025-08-09T21:07:57.4454868+00:00" testType="13cdc9d9-ddb5-4fa4-a97d-d965ccfc6d4b" outcome="Passed" testListId="8c84fa94-04c1-424b-9868-57a2d4851a1d" relativeResultsDirectory="e4f85107-9a6f-4b1b-a30c-5e53393f99a9" />
    <UnitTestResult executionId="f81f2676-337a-43ec-bc7b-f8ecca701e4a" testId="88fa1a16-d34f-0170-24af-a049ac79e3b5" testName="WhenApplyChainedProperty_WithComplexList_ShouldPass" computerName="pkrvmsl9tci6h6u" duration="00:00:00.0484971" startTime="2025-08-09T21:08:14.3997865+00:00" endTime="2025-08-09T21:08:14.4483614+00:00" testType="13cdc9d9-ddb5-4fa4-a97d-d965ccfc6d4b" outcome="Passed" testListId="8c84fa94-04c1-424b-9868-57a2d4851a1d" relativeResultsDirectory="f81f2676-337a-43ec-bc7b-f8ecca701e4a" />
    <UnitTestResult executionId="6e1e3d6b-7d79-4b88-af13-e576d18b6748" testId="830a9adf-41aa-eaf6-febe-0984cabb133e" testName="InnerJoinJoinPassMethodContextTest" computerName="pkrvmsl9tci6h6u" duration="00:00:00.0651429" startTime="2025-08-09T21:08:08.2863492+00:00" endTime="2025-08-09T21:08:08.3515913+00:00" testType="13cdc9d9-ddb5-4fa4-a97d-d965ccfc6d4b" outcome="Passed" testListId="8c84fa94-04c1-424b-9868-57a2d4851a1d" relativeResultsDirectory="6e1e3d6b-7d79-4b88-af13-e576d18b6748" />
    <UnitTestResult executionId="afb910a7-4d8a-418d-ae1e-932f1f091562" testId="a853394c-e474-38d7-49f3-366999d12031" testName="WhenBitwiseNotOnInt_ShouldBeEvaluated" computerName="pkrvmsl9tci6h6u" duration="00:00:00.0264344" startTime="2025-08-09T21:07:49.8882247+00:00" endTime="2025-08-09T21:07:49.9147613+00:00" testType="13cdc9d9-ddb5-4fa4-a97d-d965ccfc6d4b" outcome="Passed" testListId="8c84fa94-04c1-424b-9868-57a2d4851a1d" relativeResultsDirectory="afb910a7-4d8a-418d-ae1e-932f1f091562" />
    <UnitTestResult executionId="3d34e177-ca9a-4d8e-bde0-33bcc42d45c2" testId="8e969a19-c3d6-4153-ba47-2d264cac0bbf" testName="WhenUShortAndByteUsed_ShouldHaveColumnOfThatType" computerName="pkrvmsl9tci6h6u" duration="00:00:00.1316619" startTime="2025-08-09T21:07:33.5052482+00:00" endTime="2025-08-09T21:07:33.6371183+00:00" testType="13cdc9d9-ddb5-4fa4-a97d-d965ccfc6d4b" outcome="Passed" testListId="8c84fa94-04c1-424b-9868-57a2d4851a1d" relativeResultsDirectory="3d34e177-ca9a-4d8e-bde0-33bcc42d45c2" />
    <UnitTestResult executionId="2de8867b-a6ca-4eb1-97bc-3d0459146576" testId="9dd84310-8399-d109-2b57-e723dbcc1591" testName="WhenSpecialCharacterStartBracketUsedInTextWith_MustNotThrow (:)" computerName="pkrvmsl9tci6h6u" duration="00:00:00.0324425" startTime="2025-08-09T21:08:22.5032890+00:00" endTime="2025-08-09T21:08:22.5358808+00:00" testType="13cdc9d9-ddb5-4fa4-a97d-d965ccfc6d4b" outcome="Passed" testListId="8c84fa94-04c1-424b-9868-57a2d4851a1d" relativeResultsDirectory="2de8867b-a6ca-4eb1-97bc-3d0459146576" />
    <UnitTestResult executionId="73736d6a-3bfb-49c9-aa66-a5e0c73d1d22" testId="0d5e1921-be88-d5dd-fcb0-a277ad724873" testName="ExceptMultipleSourcesTest" computerName="pkrvmsl9tci6h6u" duration="00:00:00.0577416" startTime="2025-08-09T21:08:17.2674995+00:00" endTime="2025-08-09T21:08:17.3253569+00:00" testType="13cdc9d9-ddb5-4fa4-a97d-d965ccfc6d4b" outcome="Passed" testListId="8c84fa94-04c1-424b-9868-57a2d4851a1d" relativeResultsDirectory="73736d6a-3bfb-49c9-aa66-a5e0c73d1d22" />
    <UnitTestResult executionId="de01241b-65a0-4a1b-8e85-897add494b82" testId="6255a2c3-dc2b-b043-231c-ec47f16455fb" testName="IntersectTripleSourcesTest" computerName="pkrvmsl9tci6h6u" duration="00:00:00.0480388" startTime="2025-08-09T21:08:17.4171118+00:00" endTime="2025-08-09T21:08:17.4652255+00:00" testType="13cdc9d9-ddb5-4fa4-a97d-d965ccfc6d4b" outcome="Passed" testListId="8c84fa94-04c1-424b-9868-57a2d4851a1d" relativeResultsDirectory="de01241b-65a0-4a1b-8e85-897add494b82" />
    <UnitTestResult executionId="d09dfaea-c88f-4b02-8514-e7f474d4e09d" testId="05ba8be3-5ef4-5b55-25c8-e52d5cf76e07" testName="WhenULongMethodCallAndDecimalUsed_ShouldHaveColumnOfThatType" computerName="pkrvmsl9tci6h6u" duration="00:00:00.0364012" startTime="2025-08-09T21:07:45.1110856+00:00" endTime="2025-08-09T21:07:45.1476199+00:00" testType="13cdc9d9-ddb5-4fa4-a97d-d965ccfc6d4b" outcome="Passed" testListId="8c84fa94-04c1-424b-9868-57a2d4851a1d" relativeResultsDirectory="d09dfaea-c88f-4b02-8514-e7f474d4e09d" />
    <UnitTestResult executionId="633cb17a-4c82-4a54-9c97-579225733999" testId="4c2b8aac-6b16-c1e5-bc04-992018ddf6bc" testName="WhenQuotePrecededByTextUsed_MustNotThrow" computerName="pkrvmsl9tci6h6u" duration="00:00:00.0241291" startTime="2025-08-09T21:08:21.5872206+00:00" endTime="2025-08-09T21:08:21.6114199+00:00" testType="13cdc9d9-ddb5-4fa4-a97d-d965ccfc6d4b" outcome="Passed" testListId="8c84fa94-04c1-424b-9868-57a2d4851a1d" relativeResultsDirectory="633cb17a-4c82-4a54-9c97-579225733999" />
    <UnitTestResult executionId="312d6084-a3d5-49b1-bdf0-f98a65210e21" testId="a61e8ac9-021b-4918-1146-b7d608ce230b" testName="WhenToStringCalled_ShouldReturnSameQuery (select c.ContainerName, c2.ImageName, c.ContainerId from #stdin.text('Ollama', 'llama3.1') c inner join #stdin.text('Ollama', 'llama3.1') c2 on c.ContainerId = c2.ContainerId)" computerName="pkrvmsl9tci6h6u" duration="00:00:00.0017439" startTime="2025-08-09T21:08:21.4652436+00:00" endTime="2025-08-09T21:08:21.4670540+00:00" testType="13cdc9d9-ddb5-4fa4-a97d-d965ccfc6d4b" outcome="Passed" testListId="8c84fa94-04c1-424b-9868-57a2d4851a1d" relativeResultsDirectory="312d6084-a3d5-49b1-bdf0-f98a65210e21" />
    <UnitTestResult executionId="e78936fb-520f-44b2-92d3-43d851a43e5f" testId="60984a42-992c-1350-0a18-84964972aea8" testName="WhenNullableBooleanFields_ForBinaryOperator_WithMixedSyntaxApplied_FirstExpression_ShouldPass" computerName="pkrvmsl9tci6h6u" duration="00:00:00.0511094" startTime="2025-08-09T21:08:09.2789906+00:00" endTime="2025-08-09T21:08:09.3301906+00:00" testType="13cdc9d9-ddb5-4fa4-a97d-d965ccfc6d4b" outcome="Passed" testListId="8c84fa94-04c1-424b-9868-57a2d4851a1d" relativeResultsDirectory="e78936fb-520f-44b2-92d3-43d851a43e5f" />
    <UnitTestResult executionId="21fa9601-6b80-409d-ac00-a5422643be4f" testId="ee4b87f7-768a-c6f4-e000-c8381cc40792" testName="WhenSpecialCharacterStartBracketUsedInTextWith_MustNotThrow ($)" computerName="pkrvmsl9tci6h6u" duration="00:00:00.0349284" startTime="2025-08-09T21:08:22.6840848+00:00" endTime="2025-08-09T21:08:22.7191160+00:00" testType="13cdc9d9-ddb5-4fa4-a97d-d965ccfc6d4b" outcome="Passed" testListId="8c84fa94-04c1-424b-9868-57a2d4851a1d" relativeResultsDirectory="21fa9601-6b80-409d-ac00-a5422643be4f" />
    <UnitTestResult executionId="5b46c253-55ed-4148-8288-fdbc40ba9f87" testId="225a5ddf-8d18-78eb-f21b-4bdfdaf51bdb" testName="WhenPassedEnvironmentVariables_UnionDataSources_ShouldListThemAll" computerName="pkrvmsl9tci6h6u" duration="00:00:00.0427400" startTime="2025-08-09T21:08:02.5370119+00:00" endTime="2025-08-09T21:08:02.5798120+00:00" testType="13cdc9d9-ddb5-4fa4-a97d-d965ccfc6d4b" outcome="Passed" testListId="8c84fa94-04c1-424b-9868-57a2d4851a1d" relativeResultsDirectory="5b46c253-55ed-4148-8288-fdbc40ba9f87" />
    <UnitTestResult executionId="d6785b39-69d0-4104-96c2-3713f24cc67d" testId="1377ecfa-7bcc-4a66-181e-69145937b6a9" testName="JoinWithCaseWhenTest" computerName="pkrvmsl9tci6h6u" duration="00:00:00.0629697" startTime="2025-08-09T21:08:06.8187620+00:00" endTime="2025-08-09T21:08:06.8818077+00:00" testType="13cdc9d9-ddb5-4fa4-a97d-d965ccfc6d4b" outcome="Passed" testListId="8c84fa94-04c1-424b-9868-57a2d4851a1d" relativeResultsDirectory="d6785b39-69d0-4104-96c2-3713f24cc67d" />
    <UnitTestResult executionId="d41074a2-652c-4298-b268-e659e4ba43fa" testId="a83f8409-61f2-6d99-6d65-b3ff8d7eb4cd" testName="WhenToJsonGenericMethodCall_ShouldReturnCorrectJson" computerName="pkrvmsl9tci6h6u" duration="00:00:00.0698824" startTime="2025-08-09T21:08:04.1068328+00:00" endTime="2025-08-09T21:08:04.1767793+00:00" testType="13cdc9d9-ddb5-4fa4-a97d-d965ccfc6d4b" outcome="Passed" testListId="8c84fa94-04c1-424b-9868-57a2d4851a1d" relativeResultsDirectory="d41074a2-652c-4298-b268-e659e4ba43fa" />
    <UnitTestResult executionId="989ef21f-bbe3-49db-b90f-32a919051b12" testId="7feb0eb2-8eb8-cab8-a59a-a0d0b511fbdc" testName="WhenBitwiseOrBetweenUshortAndUshort_ShouldBeEvaluated" computerName="pkrvmsl9tci6h6u" duration="00:00:00.0313576" startTime="2025-08-09T21:07:50.9434320+00:00" endTime="2025-08-09T21:07:50.9748935+00:00" testType="13cdc9d9-ddb5-4fa4-a97d-d965ccfc6d4b" outcome="Passed" testListId="8c84fa94-04c1-424b-9868-57a2d4851a1d" relativeResultsDirectory="989ef21f-bbe3-49db-b90f-32a919051b12" />
    <UnitTestResult executionId="34adad5b-a29b-40f4-9844-03db05e19fb7" testId="19794008-941c-dd2b-dbcf-da62783207f5" testName="GenerateAliasTest" computerName="pkrvmsl9tci6h6u" duration="00:00:00.0003704" startTime="2025-08-09T21:07:27.8387424+00:00" endTime="2025-08-09T21:07:27.8395017+00:00" testType="13cdc9d9-ddb5-4fa4-a97d-d965ccfc6d4b" outcome="Passed" testListId="8c84fa94-04c1-424b-9868-57a2d4851a1d" relativeResultsDirectory="34adad5b-a29b-40f4-9844-03db05e19fb7" />
    <UnitTestResult executionId="7817f405-9ec3-426f-a7dc-5194a7b4bd1d" testId="a93282ca-cf9a-7cf5-0203-bbd74bfb0bfd" testName="WhenNegativeLongUsed_ShouldHaveColumnOfThatType" computerName="pkrvmsl9tci6h6u" duration="00:00:00.0362761" startTime="2025-08-09T21:08:10.9919914+00:00" endTime="2025-08-09T21:08:11.0283338+00:00" testType="13cdc9d9-ddb5-4fa4-a97d-d965ccfc6d4b" outcome="Passed" testListId="8c84fa94-04c1-424b-9868-57a2d4851a1d" relativeResultsDirectory="7817f405-9ec3-426f-a7dc-5194a7b4bd1d" />
    <UnitTestResult executionId="c87dd9f1-3d08-43cd-8656-b58794a10c45" testId="d81b02c5-a7f2-fbc7-fadb-b6abda39b334" testName="MultipleRightJoinWithCTriesMatchBAndSucceedForASingleTest" computerName="pkrvmsl9tci6h6u" duration="00:00:00.0564001" startTime="2025-08-09T21:08:07.8698902+00:00" endTime="2025-08-09T21:08:07.9263658+00:00" testType="13cdc9d9-ddb5-4fa4-a97d-d965ccfc6d4b" outcome="Passed" testListId="8c84fa94-04c1-424b-9868-57a2d4851a1d" relativeResultsDirectory="c87dd9f1-3d08-43cd-8656-b58794a10c45" />
    <UnitTestResult executionId="f713f6ac-3384-4806-9d06-c58a06eab254" testId="c0296a27-2151-6d31-c196-63c9b00946ea" testName="InnerJoinCteTablesTest" computerName="pkrvmsl9tci6h6u" duration="00:00:00.0612312" startTime="2025-08-09T21:08:07.3489831+00:00" endTime="2025-08-09T21:08:07.4102919+00:00" testType="13cdc9d9-ddb5-4fa4-a97d-d965ccfc6d4b" outcome="Passed" testListId="8c84fa94-04c1-424b-9868-57a2d4851a1d" relativeResultsDirectory="f713f6ac-3384-4806-9d06-c58a06eab254" />
    <UnitTestResult executionId="92579145-eb78-49fc-aa6f-c8aa87ff308c" testId="2e2907be-7605-318a-c319-95c4622007b3" testName="WhenToStringCalled_ShouldReturnSameQuery (select s.Column1, s.Column2 from #some.thing() s where s.Column1 = 4)" computerName="pkrvmsl9tci6h6u" duration="00:00:00.0008733" startTime="2025-08-09T21:08:21.4725170+00:00" endTime="2025-08-09T21:08:21.4734894+00:00" testType="13cdc9d9-ddb5-4fa4-a97d-d965ccfc6d4b" outcome="Passed" testListId="8c84fa94-04c1-424b-9868-57a2d4851a1d" relativeResultsDirectory="92579145-eb78-49fc-aa6f-c8aa87ff308c" />
    <UnitTestResult executionId="6addf583-e665-4b8e-a39b-bb7dd5bef4af" testId="018b0f06-34c1-6ce0-03d9-93500d8c90ba" testName="WhenToStringCalled_ShouldReturnSameQuery (select 1 as X, 2 as Y, 3 as Z from #A.entities())" computerName="pkrvmsl9tci6h6u" duration="00:00:00.0005637" startTime="2025-08-09T21:08:21.4563660+00:00" endTime="2025-08-09T21:08:21.4569996+00:00" testType="13cdc9d9-ddb5-4fa4-a97d-d965ccfc6d4b" outcome="Passed" testListId="8c84fa94-04c1-424b-9868-57a2d4851a1d" relativeResultsDirectory="6addf583-e665-4b8e-a39b-bb7dd5bef4af" />
    <UnitTestResult executionId="25d6f392-f972-40a4-95a5-8ad8d26f69e6" testId="86d410be-207b-48e5-8b3a-efa9039b3a07" testName="WhenSchemaMethodCrossAppliedWithAnotherSchema_UsesValuesOfSchemaMethodWithinTableValue_ShouldPass" computerName="pkrvmsl9tci6h6u" duration="00:00:00.0387114" startTime="2025-08-09T21:07:59.9225998+00:00" endTime="2025-08-09T21:07:59.9614859+00:00" testType="13cdc9d9-ddb5-4fa4-a97d-d965ccfc6d4b" outcome="Passed" testListId="8c84fa94-04c1-424b-9868-57a2d4851a1d" relativeResultsDirectory="25d6f392-f972-40a4-95a5-8ad8d26f69e6" />
    <UnitTestResult executionId="291124e3-29e3-41dc-9da0-eb981c70628e" testId="1298e7eb-41ff-e546-9072-b22d43f0edbb" testName="ExceptSourceGroupByTest" computerName="pkrvmsl9tci6h6u" duration="00:00:00.0953302" startTime="2025-08-09T21:08:18.0778397+00:00" endTime="2025-08-09T21:08:18.1732449+00:00" testType="13cdc9d9-ddb5-4fa4-a97d-d965ccfc6d4b" outcome="Passed" testListId="8c84fa94-04c1-424b-9868-57a2d4851a1d" relativeResultsDirectory="291124e3-29e3-41dc-9da0-eb981c70628e" />
    <UnitTestResult executionId="a525120c-35f6-4fa0-95c9-038d03a2df0e" testId="58d64734-4862-1f27-5a6d-9c79bd149154" testName="AddTimeSpansTest" computerName="pkrvmsl9tci6h6u" duration="00:00:00.0555641" startTime="2025-08-09T21:08:23.0440272+00:00" endTime="2025-08-09T21:08:23.0996635+00:00" testType="13cdc9d9-ddb5-4fa4-a97d-d965ccfc6d4b" outcome="Passed" testListId="8c84fa94-04c1-424b-9868-57a2d4851a1d" relativeResultsDirectory="a525120c-35f6-4fa0-95c9-038d03a2df0e" />
    <UnitTestResult executionId="0033181b-c512-45c6-bf40-a387cdd0096f" testId="43f8f841-476e-26db-dffa-c898e10c911d" testName="WhenColumnsUsedAsSourceOfMethodAndUsedInWhereAndUsedInSelect_ShouldPass" computerName="pkrvmsl9tci6h6u" duration="00:00:00.0504911" startTime="2025-08-09T21:08:23.3303718+00:00" endTime="2025-08-09T21:08:23.3809485+00:00" testType="13cdc9d9-ddb5-4fa4-a97d-d965ccfc6d4b" outcome="Passed" testListId="8c84fa94-04c1-424b-9868-57a2d4851a1d" relativeResultsDirectory="0033181b-c512-45c6-bf40-a387cdd0096f" />
    <UnitTestResult executionId="2c6867c4-198f-4bde-b2ea-6fa7c3fba3f2" testId="b74899a7-755b-bb81-01d5-49ad0d40b58c" testName="WhenOrderByDescColumn_ShouldSucceed" computerName="pkrvmsl9tci6h6u" duration="00:00:00.0406203" startTime="2025-08-09T21:08:11.7949973+00:00" endTime="2025-08-09T21:08:11.8356787+00:00" testType="13cdc9d9-ddb5-4fa4-a97d-d965ccfc6d4b" outcome="Passed" testListId="8c84fa94-04c1-424b-9868-57a2d4851a1d" relativeResultsDirectory="2c6867c4-198f-4bde-b2ea-6fa7c3fba3f2" />
    <UnitTestResult executionId="bf5f482c-64a2-48e5-b577-436660b69769" testId="b643e7d9-f9fb-f3cd-84e0-6feff5f71629" testName="WhenValueOfByteTypeOccured_ShouldHaveColumnOfThatType" computerName="pkrvmsl9tci6h6u" duration="00:00:00.0391601" startTime="2025-08-09T21:08:15.0648400+00:00" endTime="2025-08-09T21:08:15.1040629+00:00" testType="13cdc9d9-ddb5-4fa4-a97d-d965ccfc6d4b" outcome="Passed" testListId="8c84fa94-04c1-424b-9868-57a2d4851a1d" relativeResultsDirectory="bf5f482c-64a2-48e5-b577-436660b69769" />
    <UnitTestResult executionId="dbc6ea31-d44b-4119-8f3f-d0ca9c7ab3dd" testId="c76a12bb-7bf1-b81f-d031-51edcbdeef88" testName="SimpleCteWithUnionAllTest" computerName="pkrvmsl9tci6h6u" duration="00:00:00.0396600" startTime="2025-08-09T21:08:00.6842184+00:00" endTime="2025-08-09T21:08:00.7239603+00:00" testType="13cdc9d9-ddb5-4fa4-a97d-d965ccfc6d4b" outcome="Passed" testListId="8c84fa94-04c1-424b-9868-57a2d4851a1d" relativeResultsDirectory="dbc6ea31-d44b-4119-8f3f-d0ca9c7ab3dd" />
    <UnitTestResult executionId="e8c668f6-8bc3-40e7-9808-cda2235c7bfd" testId="186d14a4-7497-9464-5d31-cb36451628fd" testName="WhenDoubleAndByteUsed_ShouldHaveColumnOfThatType" computerName="pkrvmsl9tci6h6u" duration="00:00:00.0851083" startTime="2025-08-09T21:07:40.8313414+00:00" endTime="2025-08-09T21:07:40.9165836+00:00" testType="13cdc9d9-ddb5-4fa4-a97d-d965ccfc6d4b" outcome="Passed" testListId="8c84fa94-04c1-424b-9868-57a2d4851a1d" relativeResultsDirectory="e8c668f6-8bc3-40e7-9808-cda2235c7bfd" />
    <UnitTestResult executionId="fff54247-6252-44b6-a88b-f77bc136b6c1" testId="7aa3a1bf-7492-ff6f-d52d-3a18551f1169" testName="WhenAliasUsedWithinCte_AndSameUsedWithinOuterQuery_AliasesShouldNotClash" computerName="pkrvmsl9tci6h6u" duration="00:00:00.1962420" startTime="2025-08-09T21:07:28.9190482+00:00" endTime="2025-08-09T21:07:29.1156036+00:00" testType="13cdc9d9-ddb5-4fa4-a97d-d965ccfc6d4b" outcome="Passed" testListId="8c84fa94-04c1-424b-9868-57a2d4851a1d" relativeResultsDirectory="fff54247-6252-44b6-a88b-f77bc136b6c1" />
    <UnitTestResult executionId="524ae44c-e9dc-4a04-9947-18806435bace" testId="6f50b746-70f0-ea9b-2c28-8c6bc9e2aa2f" testName="WhenNestedObjectUsesNotSupportedConstruction_ShouldFail" computerName="pkrvmsl9tci6h6u" duration="00:00:00.0015971" startTime="2025-08-09T21:07:57.1063829+00:00" endTime="2025-08-09T21:07:57.1080170+00:00" testType="13cdc9d9-ddb5-4fa4-a97d-d965ccfc6d4b" outcome="Passed" testListId="8c84fa94-04c1-424b-9868-57a2d4851a1d" relativeResultsDirectory="524ae44c-e9dc-4a04-9947-18806435bace" />
    <UnitTestResult executionId="4e4ce9b5-793a-4821-8db5-032c96c548bb" testId="68483dd7-e86a-b3a2-dd48-737ea7b12e9f" testName="IfFunctionEqualityStringFalseTest" computerName="pkrvmsl9tci6h6u" duration="00:00:00.0375221" startTime="2025-08-09T21:08:08.7670701+00:00" endTime="2025-08-09T21:08:08.8046494+00:00" testType="13cdc9d9-ddb5-4fa4-a97d-d965ccfc6d4b" outcome="Passed" testListId="8c84fa94-04c1-424b-9868-57a2d4851a1d" relativeResultsDirectory="4e4ce9b5-793a-4821-8db5-032c96c548bb" />
    <UnitTestResult executionId="7fed52af-4c13-419f-a068-f77925b4bc18" testId="a002e988-2d6e-c15d-e110-eaa20876893e" testName="WhenBitwiseAndBetweenSbyteAndLong_ShouldBeEvaluated" computerName="pkrvmsl9tci6h6u" duration="00:00:00.0624238" startTime="2025-08-09T21:07:47.2537213+00:00" endTime="2025-08-09T21:07:47.3162813+00:00" testType="13cdc9d9-ddb5-4fa4-a97d-d965ccfc6d4b" outcome="Passed" testListId="8c84fa94-04c1-424b-9868-57a2d4851a1d" relativeResultsDirectory="7fed52af-4c13-419f-a068-f77925b4bc18" />
    <UnitTestResult executionId="6d0a6006-d58f-487c-aec8-8872ae3c61aa" testId="7b40d58e-cc6a-40dc-31a3-9810eb779c22" testName="SimpleNotInOperator" computerName="pkrvmsl9tci6h6u" duration="00:00:00.0481383" startTime="2025-08-09T21:08:06.5155322+00:00" endTime="2025-08-09T21:08:06.5637638+00:00" testType="13cdc9d9-ddb5-4fa4-a97d-d965ccfc6d4b" outcome="Passed" testListId="8c84fa94-04c1-424b-9868-57a2d4851a1d" relativeResultsDirectory="6d0a6006-d58f-487c-aec8-8872ae3c61aa" />
    <UnitTestResult executionId="3db5dfc0-bfd1-4004-874f-f04650ecfc62" testId="745408cd-749d-5796-196c-1e5c00c1de63" testName="WhenBitwiseShiftLeft_long_ShouldBeEvaluated" computerName="pkrvmsl9tci6h6u" duration="00:00:00.0501184" startTime="2025-08-09T21:07:55.8817574+00:00" endTime="2025-08-09T21:07:55.9319485+00:00" testType="13cdc9d9-ddb5-4fa4-a97d-d965ccfc6d4b" outcome="Passed" testListId="8c84fa94-04c1-424b-9868-57a2d4851a1d" relativeResultsDirectory="3db5dfc0-bfd1-4004-874f-f04650ecfc62" />
    <UnitTestResult executionId="eb9f92ba-af46-48a3-86d2-8c1119d00afe" testId="5c15abb9-d271-71fd-81ea-7bd7bbfc6f22" testName="MultipleOrOperatorTest" computerName="pkrvmsl9tci6h6u" duration="00:00:00.0363906" startTime="2025-08-09T21:08:18.8738208+00:00" endTime="2025-08-09T21:08:18.9102780+00:00" testType="13cdc9d9-ddb5-4fa4-a97d-d965ccfc6d4b" outcome="Passed" testListId="8c84fa94-04c1-424b-9868-57a2d4851a1d" relativeResultsDirectory="eb9f92ba-af46-48a3-86d2-8c1119d00afe" />
    <UnitTestResult executionId="86338075-3bc8-49a8-90c4-a51312f9e812" testId="076000f4-4808-4633-4439-5eee4fce1c70" testName="OuterApplyProperty_MultipleSplitWords_ShouldPass" computerName="pkrvmsl9tci6h6u" duration="00:00:00.0394193" startTime="2025-08-09T21:08:13.5377992+00:00" endTime="2025-08-09T21:08:13.5772956+00:00" testType="13cdc9d9-ddb5-4fa4-a97d-d965ccfc6d4b" outcome="Passed" testListId="8c84fa94-04c1-424b-9868-57a2d4851a1d" relativeResultsDirectory="86338075-3bc8-49a8-90c4-a51312f9e812" />
    <UnitTestResult executionId="e41fd77f-e25b-4dc1-b8d8-66ef3008c8df" testId="05ca24b0-f859-2170-e2e2-90809c37264d" testName="WhenNegativeSByteUsed_ShouldHaveColumnOfThatType" computerName="pkrvmsl9tci6h6u" duration="00:00:00.0241304" startTime="2025-08-09T21:08:10.9060528+00:00" endTime="2025-08-09T21:08:10.9302606+00:00" testType="13cdc9d9-ddb5-4fa4-a97d-d965ccfc6d4b" outcome="Passed" testListId="8c84fa94-04c1-424b-9868-57a2d4851a1d" relativeResultsDirectory="e41fd77f-e25b-4dc1-b8d8-66ef3008c8df" />
    <UnitTestResult executionId="11bba5cb-722d-49fc-bbfc-fd62794ff9ce" testId="3b451fea-be52-9d5f-77d8-a8a99fd7d347" testName="WhenShortAndLongUsed_ShouldHaveColumnOfThatType" computerName="pkrvmsl9tci6h6u" duration="00:00:00.1463323" startTime="2025-08-09T21:07:32.8313201+00:00" endTime="2025-08-09T21:07:32.9778214+00:00" testType="13cdc9d9-ddb5-4fa4-a97d-d965ccfc6d4b" outcome="Passed" testListId="8c84fa94-04c1-424b-9868-57a2d4851a1d" relativeResultsDirectory="11bba5cb-722d-49fc-bbfc-fd62794ff9ce" />
    <UnitTestResult executionId="4dc84a0a-6ac9-408a-9fed-6b62c4bb69ff" testId="344d5d84-186e-9b3f-1394-8553464e6bb4" testName="WhenSpecialCharacterStartBracketUsedInTextWith_MustNotThrow (&quot;)" computerName="pkrvmsl9tci6h6u" duration="00:00:00.0702573" startTime="2025-08-09T21:08:22.7442260+00:00" endTime="2025-08-09T21:08:22.8146894+00:00" testType="13cdc9d9-ddb5-4fa4-a97d-d965ccfc6d4b" outcome="Passed" testListId="8c84fa94-04c1-424b-9868-57a2d4851a1d" relativeResultsDirectory="4dc84a0a-6ac9-408a-9fed-6b62c4bb69ff" />
    <UnitTestResult executionId="a698344a-83d8-4618-b42f-a4138ea6b6ce" testId="964def93-b103-0311-e089-fe78e8756f5f" testName="OuterApply_SchemaAndProperty_WithNestedProperty_ShouldPass" computerName="pkrvmsl9tci6h6u" duration="00:00:00.0550775" startTime="2025-08-09T21:08:13.5773401+00:00" endTime="2025-08-09T21:08:13.6326066+00:00" testType="13cdc9d9-ddb5-4fa4-a97d-d965ccfc6d4b" outcome="Passed" testListId="8c84fa94-04c1-424b-9868-57a2d4851a1d" relativeResultsDirectory="a698344a-83d8-4618-b42f-a4138ea6b6ce" />
    <UnitTestResult executionId="e882beb6-6ce0-463b-9836-d1bc007ca89c" testId="5eb10d7e-ab72-0711-d349-6cef59459562" testName="IsNotNullValueTypeTest" computerName="pkrvmsl9tci6h6u" duration="00:00:00.0670104" startTime="2025-08-09T21:08:10.1082103+00:00" endTime="2025-08-09T21:08:10.1752872+00:00" testType="13cdc9d9-ddb5-4fa4-a97d-d965ccfc6d4b" outcome="Passed" testListId="8c84fa94-04c1-424b-9868-57a2d4851a1d" relativeResultsDirectory="e882beb6-6ce0-463b-9836-d1bc007ca89c" />
    <UnitTestResult executionId="97edc79e-8115-4c8a-a383-32a208c562a8" testId="019acdc2-3a24-8ac0-ae9a-3f00329f08cb" testName="WithRedundantColumn_ShouldBeTrimmed_ShouldPass" computerName="pkrvmsl9tci6h6u" duration="00:00:00.0422279" startTime="2025-08-09T21:08:01.9988706+00:00" endTime="2025-08-09T21:08:02.0411704+00:00" testType="13cdc9d9-ddb5-4fa4-a97d-d965ccfc6d4b" outcome="Passed" testListId="8c84fa94-04c1-424b-9868-57a2d4851a1d" relativeResultsDirectory="97edc79e-8115-4c8a-a383-32a208c562a8" />
    <UnitTestResult executionId="ae9b200e-8241-4a37-82fb-4ea2b121cc9e" testId="67ee424f-d405-4959-1850-55552a48a08b" testName="WhenBitwiseAndBetweenLongAndInt_ShouldBeEvaluated" computerName="pkrvmsl9tci6h6u" duration="00:00:00.0346563" startTime="2025-08-09T21:07:49.3447318+00:00" endTime="2025-08-09T21:07:49.3794880+00:00" testType="13cdc9d9-ddb5-4fa4-a97d-d965ccfc6d4b" outcome="Passed" testListId="8c84fa94-04c1-424b-9868-57a2d4851a1d" relativeResultsDirectory="ae9b200e-8241-4a37-82fb-4ea2b121cc9e" />
    <UnitTestResult executionId="2ef01158-ee59-4d13-8cd3-b997d15aee50" testId="9d82e9df-3001-e8b7-a128-56aa838fe1bf" testName="WhenToStringCalled_ShouldReturnSameQuery (select s.Column1, s.Column2 from #some.thing() s where s.Column1 &lt;&gt; 0 group by s.Column2 order by s.Column1 skip 6)" computerName="pkrvmsl9tci6h6u" duration="00:00:00.0012645" startTime="2025-08-09T21:08:21.5126701+00:00" endTime="2025-08-09T21:08:21.5139985+00:00" testType="13cdc9d9-ddb5-4fa4-a97d-d965ccfc6d4b" outcome="Passed" testListId="8c84fa94-04c1-424b-9868-57a2d4851a1d" relativeResultsDirectory="2ef01158-ee59-4d13-8cd3-b997d15aee50" />
    <UnitTestResult executionId="bc629590-439e-49f9-9876-eb805557d01d" testId="601a46f6-9e09-7657-a30e-bbfe8a7d5538" testName="CrossApply_WithThrowingFunction_ShouldPropagateException" computerName="pkrvmsl9tci6h6u" duration="00:00:00.0330959" startTime="2025-08-09T21:07:57.9118178+00:00" endTime="2025-08-09T21:07:57.9449883+00:00" testType="13cdc9d9-ddb5-4fa4-a97d-d965ccfc6d4b" outcome="Passed" testListId="8c84fa94-04c1-424b-9868-57a2d4851a1d" relativeResultsDirectory="bc629590-439e-49f9-9876-eb805557d01d" />
    <UnitTestResult executionId="d14af5df-5d3f-4f3f-8758-6eebda242e34" testId="fd642c50-c3dc-7544-2591-3e73722524e1" testName="DivisionWithAdditionTest" computerName="pkrvmsl9tci6h6u" duration="00:00:00.0541334" startTime="2025-08-09T21:07:45.7462837+00:00" endTime="2025-08-09T21:07:45.8005050+00:00" testType="13cdc9d9-ddb5-4fa4-a97d-d965ccfc6d4b" outcome="Passed" testListId="8c84fa94-04c1-424b-9868-57a2d4851a1d" relativeResultsDirectory="d14af5df-5d3f-4f3f-8758-6eebda242e34" />
    <UnitTestResult executionId="9a2ba1eb-7c3d-417d-b55f-497319da6928" testId="c0ffccd6-3bb0-fe95-2fd4-4ed96b854e22" testName="WhenWhereExpressionMustBeRewrittenDueToExchangingColumnsBetweenThreeSources_ShouldPass" computerName="pkrvmsl9tci6h6u" duration="00:00:00.0556585" startTime="2025-08-09T21:08:15.7670326+00:00" endTime="2025-08-09T21:08:15.8227728+00:00" testType="13cdc9d9-ddb5-4fa4-a97d-d965ccfc6d4b" outcome="Passed" testListId="8c84fa94-04c1-424b-9868-57a2d4851a1d" relativeResultsDirectory="9a2ba1eb-7c3d-417d-b55f-497319da6928" />
    <UnitTestResult executionId="891843fc-c95c-4ac9-a374-947edbf6308d" testId="d070fb85-543e-b28a-ecbe-55727d248d57" testName="GroupByWithSelectedConstantModifiedByFunctionTest" computerName="pkrvmsl9tci6h6u" duration="00:00:00.0689285" startTime="2025-08-09T21:08:05.0384447+00:00" endTime="2025-08-09T21:08:05.1074516+00:00" testType="13cdc9d9-ddb5-4fa4-a97d-d965ccfc6d4b" outcome="Passed" testListId="8c84fa94-04c1-424b-9868-57a2d4851a1d" relativeResultsDirectory="891843fc-c95c-4ac9-a374-947edbf6308d" />
    <UnitTestResult executionId="1c88c967-67cb-4160-9306-782bebaf014e" testId="1f44ca0e-5551-5a3a-bc39-060131a46199" testName="WhenAliasedStarUnfoldToMultipleColumns_AndExplicitColumnUsed_TwoTablesUsed_ShouldPass" computerName="pkrvmsl9tci6h6u" duration="00:00:00.0559096" startTime="2025-08-09T21:08:21.1824019+00:00" endTime="2025-08-09T21:08:21.2383870+00:00" testType="13cdc9d9-ddb5-4fa4-a97d-d965ccfc6d4b" outcome="Passed" testListId="8c84fa94-04c1-424b-9868-57a2d4851a1d" relativeResultsDirectory="1c88c967-67cb-4160-9306-782bebaf014e" />
    <UnitTestResult executionId="235d14a4-d7d5-4c0b-96c7-ff41c6336158" testId="bfc625d2-ab8e-d975-5ffa-f2f529f4695a" testName="WhenBitwiseOrBetweenUIntAndUInt_ShouldBeEvaluated" computerName="pkrvmsl9tci6h6u" duration="00:00:00.0532194" startTime="2025-08-09T21:07:52.1426417+00:00" endTime="2025-08-09T21:07:52.1959378+00:00" testType="13cdc9d9-ddb5-4fa4-a97d-d965ccfc6d4b" outcome="Passed" testListId="8c84fa94-04c1-424b-9868-57a2d4851a1d" relativeResultsDirectory="235d14a4-d7d5-4c0b-96c7-ff41c6336158" />
    <UnitTestResult executionId="f0a4161c-eeca-4027-ab8d-8825494bdd14" testId="31c99b56-de2e-fcc2-97f0-f9a6c8fd33f3" testName="JoinWithExceptTest" computerName="pkrvmsl9tci6h6u" duration="00:00:00.0878585" startTime="2025-08-09T21:08:07.0708696+00:00" endTime="2025-08-09T21:08:07.1588069+00:00" testType="13cdc9d9-ddb5-4fa4-a97d-d965ccfc6d4b" outcome="Passed" testListId="8c84fa94-04c1-424b-9868-57a2d4851a1d" relativeResultsDirectory="f0a4161c-eeca-4027-ab8d-8825494bdd14" />
    <UnitTestResult executionId="48abfb9e-ef3d-45fa-bf1a-29f47e5c8f1e" testId="1bdae0b0-b8db-3506-f262-67e3c22ec7d2" testName="WhenBitwiseOrBetweenIntAndShort_ShouldBeEvaluated" computerName="pkrvmsl9tci6h6u" duration="00:00:00.0330249" startTime="2025-08-09T21:07:51.6340196+00:00" endTime="2025-08-09T21:07:51.6671392+00:00" testType="13cdc9d9-ddb5-4fa4-a97d-d965ccfc6d4b" outcome="Passed" testListId="8c84fa94-04c1-424b-9868-57a2d4851a1d" relativeResultsDirectory="48abfb9e-ef3d-45fa-bf1a-29f47e5c8f1e" />
    <UnitTestResult executionId="a03e940e-a671-4f65-916a-30357526bdde" testId="0899fe58-cd4a-f988-ef16-78586625f6eb" testName="WhenOrderByWithMultipleColumnsBothDescWithinCteExpression_ShouldSucceed" computerName="pkrvmsl9tci6h6u" duration="00:00:00.0730056" startTime="2025-08-09T21:08:12.4917610+00:00" endTime="2025-08-09T21:08:12.5648552+00:00" testType="13cdc9d9-ddb5-4fa4-a97d-d965ccfc6d4b" outcome="Passed" testListId="8c84fa94-04c1-424b-9868-57a2d4851a1d" relativeResultsDirectory="a03e940e-a671-4f65-916a-30357526bdde" />
    <UnitTestResult executionId="913f996e-bb97-42dc-a016-f5d11d889713" testId="3f93a13e-12df-fa51-caa9-70a973570d8e" testName="QueryWithTimeSpanTest" computerName="pkrvmsl9tci6h6u" duration="00:00:00.0430570" startTime="2025-08-09T21:08:20.5402966+00:00" endTime="2025-08-09T21:08:20.5834313+00:00" testType="13cdc9d9-ddb5-4fa4-a97d-d965ccfc6d4b" outcome="Passed" testListId="8c84fa94-04c1-424b-9868-57a2d4851a1d" relativeResultsDirectory="913f996e-bb97-42dc-a016-f5d11d889713" />
    <UnitTestResult executionId="117fb39c-22a7-46cf-9df2-53d7965e7077" testId="ced8bd61-14d0-63d2-b210-efbe1363c0f4" testName="GroupByComplexObjectAccessTest" computerName="pkrvmsl9tci6h6u" duration="00:00:00.0325246" startTime="2025-08-09T21:08:05.8617167+00:00" endTime="2025-08-09T21:08:05.8943281+00:00" testType="13cdc9d9-ddb5-4fa4-a97d-d965ccfc6d4b" outcome="Passed" testListId="8c84fa94-04c1-424b-9868-57a2d4851a1d" relativeResultsDirectory="117fb39c-22a7-46cf-9df2-53d7965e7077" />
    <UnitTestResult executionId="79823ab1-dc70-42bb-8daf-50e157982153" testId="d034e046-f855-c338-2f16-aea17ecddb5f" testName="MultipleUnionsAllWithDuplicatedKeysTest" computerName="pkrvmsl9tci6h6u" duration="00:00:00.0395575" startTime="2025-08-09T21:08:16.8718998+00:00" endTime="2025-08-09T21:08:16.9115311+00:00" testType="13cdc9d9-ddb5-4fa4-a97d-d965ccfc6d4b" outcome="Passed" testListId="8c84fa94-04c1-424b-9868-57a2d4851a1d" relativeResultsDirectory="79823ab1-dc70-42bb-8daf-50e157982153" />
    <UnitTestResult executionId="f676c590-ff36-4e0a-accf-1bab75e97b10" testId="64afea03-019c-2038-a440-c7a0a8e47cb8" testName="WhenBitwiseAndBetweenUshortAndUint_ShouldBeEvaluated" computerName="pkrvmsl9tci6h6u" duration="00:00:00.0456879" startTime="2025-08-09T21:07:47.9105836+00:00" endTime="2025-08-09T21:07:47.9563744+00:00" testType="13cdc9d9-ddb5-4fa4-a97d-d965ccfc6d4b" outcome="Passed" testListId="8c84fa94-04c1-424b-9868-57a2d4851a1d" relativeResultsDirectory="f676c590-ff36-4e0a-accf-1bab75e97b10" />
    <UnitTestResult executionId="2086a897-ac48-49d1-b8ba-26409b0da63b" testId="6efa1c05-55fa-476c-6049-14e990bfb340" testName="WhenULongUsed_ShouldHaveColumnOfThatType" computerName="pkrvmsl9tci6h6u" duration="00:00:00.0232156" startTime="2025-08-09T21:08:10.7590980+00:00" endTime="2025-08-09T21:08:10.7823840+00:00" testType="13cdc9d9-ddb5-4fa4-a97d-d965ccfc6d4b" outcome="Passed" testListId="8c84fa94-04c1-424b-9868-57a2d4851a1d" relativeResultsDirectory="2086a897-ac48-49d1-b8ba-26409b0da63b" />
    <UnitTestResult executionId="7f372a18-3497-42f3-9a4e-a0bc6bc3fe2f" testId="9b2da5ac-949c-f22d-9cb7-d45e8dbcfefa" testName="WhenLargeDecimalWithDotAndSuffixUsed_ShouldHaveColumnOfThatType" computerName="pkrvmsl9tci6h6u" duration="00:00:00.0261939" startTime="2025-08-09T21:08:11.4812197+00:00" endTime="2025-08-09T21:08:11.5074855+00:00" testType="13cdc9d9-ddb5-4fa4-a97d-d965ccfc6d4b" outcome="Passed" testListId="8c84fa94-04c1-424b-9868-57a2d4851a1d" relativeResultsDirectory="7f372a18-3497-42f3-9a4e-a0bc6bc3fe2f" />
    <UnitTestResult executionId="8862ef04-98ed-4343-ae37-f8b73ac91540" testId="6a277be7-851d-e77f-33c6-a088ed7b518c" testName="WhenBitwiseShiftRightULong_ShouldBeEvaluated" computerName="pkrvmsl9tci6h6u" duration="00:00:00.0608723" startTime="2025-08-09T21:07:56.2596108+00:00" endTime="2025-08-09T21:07:56.3226705+00:00" testType="13cdc9d9-ddb5-4fa4-a97d-d965ccfc6d4b" outcome="Passed" testListId="8c84fa94-04c1-424b-9868-57a2d4851a1d" relativeResultsDirectory="8862ef04-98ed-4343-ae37-f8b73ac91540" />
    <UnitTestResult executionId="91fa591d-09b1-4636-b7eb-817677532427" testId="1b5c9d89-7e12-32c7-8da6-f3e83f529649" testName="WhenOrderByDescendingWithInnerJoin_ShouldSucceed" computerName="pkrvmsl9tci6h6u" duration="00:00:00.0434040" startTime="2025-08-09T21:08:12.8423508+00:00" endTime="2025-08-09T21:08:12.8858203+00:00" testType="13cdc9d9-ddb5-4fa4-a97d-d965ccfc6d4b" outcome="Passed" testListId="8c84fa94-04c1-424b-9868-57a2d4851a1d" relativeResultsDirectory="91fa591d-09b1-4636-b7eb-817677532427" />
    <UnitTestResult executionId="73d57d1a-b902-49f9-a465-d4d4cbff7397" testId="cafd471f-a60c-8b2b-f520-099f7261daa0" testName="WhenSByteAndUIntUsed_ShouldHaveColumnOfUIntType" computerName="pkrvmsl9tci6h6u" duration="00:00:00.1298053" startTime="2025-08-09T21:07:31.3062496+00:00" endTime="2025-08-09T21:07:31.4362213+00:00" testType="13cdc9d9-ddb5-4fa4-a97d-d965ccfc6d4b" outcome="Passed" testListId="8c84fa94-04c1-424b-9868-57a2d4851a1d" relativeResultsDirectory="73d57d1a-b902-49f9-a465-d4d4cbff7397" />
    <UnitTestResult executionId="e3c652be-02ca-40eb-8452-ab358097b5a9" testId="97408b63-f2a0-b216-00ff-028336d7dd38" testName="GroupWasNotListedTest" computerName="pkrvmsl9tci6h6u" duration="00:00:00.0790460" startTime="2025-08-09T21:08:05.4767312+00:00" endTime="2025-08-09T21:08:05.5558518+00:00" testType="13cdc9d9-ddb5-4fa4-a97d-d965ccfc6d4b" outcome="Passed" testListId="8c84fa94-04c1-424b-9868-57a2d4851a1d" relativeResultsDirectory="e3c652be-02ca-40eb-8452-ab358097b5a9" />
    <UnitTestResult executionId="30eedda8-1447-4244-ad41-11bfb6b44a68" testId="3c1ecc9c-adb6-8041-90fa-5fdca48de61a" testName="WhenUShortAndFloatUsed_ShouldHaveColumnOfThatType" computerName="pkrvmsl9tci6h6u" duration="00:00:00.1922415" startTime="2025-08-09T21:07:34.6396760+00:00" endTime="2025-08-09T21:07:34.8320807+00:00" testType="13cdc9d9-ddb5-4fa4-a97d-d965ccfc6d4b" outcome="Passed" testListId="8c84fa94-04c1-424b-9868-57a2d4851a1d" relativeResultsDirectory="30eedda8-1447-4244-ad41-11bfb6b44a68" />
    <UnitTestResult executionId="6923050a-0d2b-4fd8-97eb-64e68a44fcfb" testId="37ed1b3c-5d57-c9f2-dcc9-3e894ceb6621" testName="WhenBitwiseOrBetweenSbyteAndSbyte_ShouldBeEvaluated" computerName="pkrvmsl9tci6h6u" duration="00:00:00.0590451" startTime="2025-08-09T21:07:50.1085878+00:00" endTime="2025-08-09T21:07:50.1677408+00:00" testType="13cdc9d9-ddb5-4fa4-a97d-d965ccfc6d4b" outcome="Passed" testListId="8c84fa94-04c1-424b-9868-57a2d4851a1d" relativeResultsDirectory="6923050a-0d2b-4fd8-97eb-64e68a44fcfb" />
    <UnitTestResult executionId="5b45f11f-39bb-40cb-9395-f03c08ebf6b9" testId="2d52dbb7-1e17-f036-de12-168f9c294478" testName="SimpleAccessArrayTest" computerName="pkrvmsl9tci6h6u" duration="00:00:00.0367812" startTime="2025-08-09T21:08:19.1296895+00:00" endTime="2025-08-09T21:08:19.1665471+00:00" testType="13cdc9d9-ddb5-4fa4-a97d-d965ccfc6d4b" outcome="Passed" testListId="8c84fa94-04c1-424b-9868-57a2d4851a1d" relativeResultsDirectory="5b45f11f-39bb-40cb-9395-f03c08ebf6b9" />
    <UnitTestResult executionId="5968d3c2-c037-4976-ac3c-40dc2d4abf5a" testId="1c0dd587-cbbc-6ce6-b358-76eb43d39195" testName="GroupByWithParentSumTest" computerName="pkrvmsl9tci6h6u" duration="00:00:00.0755157" startTime="2025-08-09T21:08:04.3858617+00:00" endTime="2025-08-09T21:08:04.4616059+00:00" testType="13cdc9d9-ddb5-4fa4-a97d-d965ccfc6d4b" outcome="Passed" testListId="8c84fa94-04c1-424b-9868-57a2d4851a1d" relativeResultsDirectory="5968d3c2-c037-4976-ac3c-40dc2d4abf5a" />
    <UnitTestResult executionId="486b0353-2a18-4320-824f-d1118246f9a3" testId="58e97ec1-8559-2e6f-7de2-4f6f2da020b3" testName="WithDynamicSource_AccessComplexObjectProperties_ShouldPass" computerName="pkrvmsl9tci6h6u" duration="00:00:00.0364630" startTime="2025-08-09T21:08:02.0822386+00:00" endTime="2025-08-09T21:08:02.1188775+00:00" testType="13cdc9d9-ddb5-4fa4-a97d-d965ccfc6d4b" outcome="Passed" testListId="8c84fa94-04c1-424b-9868-57a2d4851a1d" relativeResultsDirectory="486b0353-2a18-4320-824f-d1118246f9a3" />
    <UnitTestResult executionId="e81f7800-e5b9-422b-ab55-fa063e9ae1b8" testId="e7a5e7f6-b16f-eeb2-12b1-bb541a78ea9f" testName="WhenBitwiseOrBetweenUshortAndByte_ShouldBeEvaluated" computerName="pkrvmsl9tci6h6u" duration="00:00:00.0315797" startTime="2025-08-09T21:07:50.7953446+00:00" endTime="2025-08-09T21:07:50.8270256+00:00" testType="13cdc9d9-ddb5-4fa4-a97d-d965ccfc6d4b" outcome="Passed" testListId="8c84fa94-04c1-424b-9868-57a2d4851a1d" relativeResultsDirectory="e81f7800-e5b9-422b-ab55-fa063e9ae1b8" />
    <UnitTestResult executionId="bdb90bc9-cd43-499c-a867-af9596640666" testId="27f10470-27f0-306a-e5d9-bb0ca7049173" testName="WhenSkipAndTakeWithoutReductionRequired_ShouldPass" computerName="pkrvmsl9tci6h6u" duration="00:00:00.0523230" startTime="2025-08-09T21:08:03.9923576+00:00" endTime="2025-08-09T21:08:04.0447469+00:00" testType="13cdc9d9-ddb5-4fa4-a97d-d965ccfc6d4b" outcome="Passed" testListId="8c84fa94-04c1-424b-9868-57a2d4851a1d" relativeResultsDirectory="bdb90bc9-cd43-499c-a867-af9596640666" />
    <UnitTestResult executionId="2b5bfaf8-790d-4e4e-981f-dcc0050b8166" testId="1c8f73b5-943a-2811-697c-20e538f7b9d9" testName="WhenBitwiseAndBetweenSbyteAndUshort_ShouldBeEvaluated" computerName="pkrvmsl9tci6h6u" duration="00:00:00.0342018" startTime="2025-08-09T21:07:47.1200400+00:00" endTime="2025-08-09T21:07:47.1543513+00:00" testType="13cdc9d9-ddb5-4fa4-a97d-d965ccfc6d4b" outcome="Passed" testListId="8c84fa94-04c1-424b-9868-57a2d4851a1d" relativeResultsDirectory="2b5bfaf8-790d-4e4e-981f-dcc0050b8166" />
    <UnitTestResult executionId="e40214b0-48ca-4305-8212-77d4852784d0" testId="731947ba-5cd1-7e47-a7cc-b023d895bab0" testName="WhenSByteMethodCallAndShortUsed_ShouldHaveColumnOfThatType" computerName="pkrvmsl9tci6h6u" duration="00:00:00.0341152" startTime="2025-08-09T21:07:42.5972431+00:00" endTime="2025-08-09T21:07:42.6314705+00:00" testType="13cdc9d9-ddb5-4fa4-a97d-d965ccfc6d4b" outcome="Passed" testListId="8c84fa94-04c1-424b-9868-57a2d4851a1d" relativeResultsDirectory="e40214b0-48ca-4305-8212-77d4852784d0" />
    <UnitTestResult executionId="820c980f-e85c-4631-9e6e-f1f55e274d11" testId="c7aed7ea-2650-2c29-d6da-b2a65ea69e9a" testName="WhenSpecialCharacterStartBracketUsedInTextWith_MustNotThrow (`)" computerName="pkrvmsl9tci6h6u" duration="00:00:00.0238936" startTime="2025-08-09T21:08:22.3672261+00:00" endTime="2025-08-09T21:08:22.3912490+00:00" testType="13cdc9d9-ddb5-4fa4-a97d-d965ccfc6d4b" outcome="Passed" testListId="8c84fa94-04c1-424b-9868-57a2d4851a1d" relativeResultsDirectory="820c980f-e85c-4631-9e6e-f1f55e274d11" />
    <UnitTestResult executionId="3a6b8528-f30b-408f-9206-a778b43ca7a2" testId="84b1090c-e82a-1c60-b6a0-d7f604b37e3d" testName="WhenUIntMethodCallAndUIntUsed_ShouldHaveColumnOfThatType" computerName="pkrvmsl9tci6h6u" duration="00:00:00.0497895" startTime="2025-08-09T21:07:44.3586190+00:00" endTime="2025-08-09T21:07:44.4085333+00:00" testType="13cdc9d9-ddb5-4fa4-a97d-d965ccfc6d4b" outcome="Passed" testListId="8c84fa94-04c1-424b-9868-57a2d4851a1d" relativeResultsDirectory="3a6b8528-f30b-408f-9206-a778b43ca7a2" />
    <UnitTestResult executionId="f9d0dabc-77bd-4f61-9bf9-e2c69bf870c5" testId="cd70d9e1-994d-b9ec-227d-6dff027be905" testName="JoinWithCaseWhen2Test" computerName="pkrvmsl9tci6h6u" duration="00:00:00.0692777" startTime="2025-08-09T21:08:06.7493668+00:00" endTime="2025-08-09T21:08:06.8187117+00:00" testType="13cdc9d9-ddb5-4fa4-a97d-d965ccfc6d4b" outcome="Passed" testListId="8c84fa94-04c1-424b-9868-57a2d4851a1d" relativeResultsDirectory="f9d0dabc-77bd-4f61-9bf9-e2c69bf870c5" />
    <UnitTestResult executionId="3e1a64da-7acf-4a6a-80c4-e66e1899f223" testId="edc313b2-b997-e0ba-b50e-9da1d0979b3a" testName="GroupByWithParentCountTest" computerName="pkrvmsl9tci6h6u" duration="00:00:00.0784820" startTime="2025-08-09T21:08:05.1801615+00:00" endTime="2025-08-09T21:08:05.2587354+00:00" testType="13cdc9d9-ddb5-4fa4-a97d-d965ccfc6d4b" outcome="Passed" testListId="8c84fa94-04c1-424b-9868-57a2d4851a1d" relativeResultsDirectory="3e1a64da-7acf-4a6a-80c4-e66e1899f223" />
    <UnitTestResult executionId="c2a5e041-033c-4386-85c2-223d08f9da0f" testId="a66ef8ff-2044-0b0a-bffc-d7f75021108b" testName="WhenBitwiseShiftLeft_int_ShouldBeEvaluated" computerName="pkrvmsl9tci6h6u" duration="00:00:00.0246558" startTime="2025-08-09T21:07:55.8145183+00:00" endTime="2025-08-09T21:07:55.8392617+00:00" testType="13cdc9d9-ddb5-4fa4-a97d-d965ccfc6d4b" outcome="Passed" testListId="8c84fa94-04c1-424b-9868-57a2d4851a1d" relativeResultsDirectory="c2a5e041-033c-4386-85c2-223d08f9da0f" />
    <UnitTestResult executionId="a8d28a27-5e5e-4b0b-a72b-f04d3c70b055" testId="2eda8bee-cdda-f466-0e32-b5a9090e3ded" testName="SimpleLeftJoinTest" computerName="pkrvmsl9tci6h6u" duration="00:00:00.0464540" startTime="2025-08-09T21:08:07.5904235+00:00" endTime="2025-08-09T21:08:07.6369537+00:00" testType="13cdc9d9-ddb5-4fa4-a97d-d965ccfc6d4b" outcome="Passed" testListId="8c84fa94-04c1-424b-9868-57a2d4851a1d" relativeResultsDirectory="a8d28a27-5e5e-4b0b-a72b-f04d3c70b055" />
    <UnitTestResult executionId="35727406-f20c-4c52-92b3-3113d44f7cbd" testId="97774efa-eb1a-109d-b30e-3285e3ed3953" testName="IsNotNullReferenceTypeTest" computerName="pkrvmsl9tci6h6u" duration="00:00:00.0482602" startTime="2025-08-09T21:08:10.0251565+00:00" endTime="2025-08-09T21:08:10.0734953+00:00" testType="13cdc9d9-ddb5-4fa4-a97d-d965ccfc6d4b" outcome="Passed" testListId="8c84fa94-04c1-424b-9868-57a2d4851a1d" relativeResultsDirectory="35727406-f20c-4c52-92b3-3113d44f7cbd" />
    <UnitTestResult executionId="0b5f1f10-2715-45dc-866e-7794eb3a8753" testId="05240dd8-5fb2-c4ca-4cae-0b2f9e04ed8d" testName="WhenNestedObjectDoesNotImplementIndexer_ShouldFail" computerName="pkrvmsl9tci6h6u" duration="00:00:00.0015614" startTime="2025-08-09T21:07:57.1047694+00:00" endTime="2025-08-09T21:07:57.1063678+00:00" testType="13cdc9d9-ddb5-4fa4-a97d-d965ccfc6d4b" outcome="Passed" testListId="8c84fa94-04c1-424b-9868-57a2d4851a1d" relativeResultsDirectory="0b5f1f10-2715-45dc-866e-7794eb3a8753" />
    <UnitTestResult executionId="63b0e86f-d089-442a-bc3a-1ce0b62d37dc" testId="9cea30dd-7f04-47d7-bb67-6c0902bfded6" testName="WhenLongAndLongUsed_ShouldHaveColumnOfThatType" computerName="pkrvmsl9tci6h6u" duration="00:00:00.0857208" startTime="2025-08-09T21:07:38.8956213+00:00" endTime="2025-08-09T21:07:38.9814597+00:00" testType="13cdc9d9-ddb5-4fa4-a97d-d965ccfc6d4b" outcome="Passed" testListId="8c84fa94-04c1-424b-9868-57a2d4851a1d" relativeResultsDirectory="63b0e86f-d089-442a-bc3a-1ce0b62d37dc" />
    <UnitTestResult executionId="0f425a5a-360f-4cd2-b904-22b1240e38d8" testId="47f1b4eb-aecc-fae7-2947-dd6ceaf06840" testName="WhenSchemaMethodCrossAppliedWithAnotherSchema_WithinCte_ShouldPass" computerName="pkrvmsl9tci6h6u" duration="00:00:00.0566954" startTime="2025-08-09T21:07:57.9955291+00:00" endTime="2025-08-09T21:07:58.0524400+00:00" testType="13cdc9d9-ddb5-4fa4-a97d-d965ccfc6d4b" outcome="Passed" testListId="8c84fa94-04c1-424b-9868-57a2d4851a1d" relativeResultsDirectory="0f425a5a-360f-4cd2-b904-22b1240e38d8" />
    <UnitTestResult executionId="545c4c0e-6860-4ceb-89b8-89976271bed1" testId="6d794ea4-cbb2-0e6b-106c-f8fcecbfaff6" testName="WhenWhenTrueCaseWhenTest" computerName="pkrvmsl9tci6h6u" duration="00:00:00.0262945" startTime="2025-08-09T21:07:56.7576212+00:00" endTime="2025-08-09T21:07:56.7841484+00:00" testType="13cdc9d9-ddb5-4fa4-a97d-d965ccfc6d4b" outcome="Passed" testListId="8c84fa94-04c1-424b-9868-57a2d4851a1d" relativeResultsDirectory="545c4c0e-6860-4ceb-89b8-89976271bed1" />
    <UnitTestResult executionId="5fa7681a-bf15-4b59-9fd2-c7c6bbf1067f" testId="a187cc47-ebe0-58d9-f8cd-48edba484972" testName="WhenBitwiseOrBetweenByteAndULong_ShouldBeEvaluated" computerName="pkrvmsl9tci6h6u" duration="00:00:00.0452010" startTime="2025-08-09T21:07:50.7499865+00:00" endTime="2025-08-09T21:07:50.7952895+00:00" testType="13cdc9d9-ddb5-4fa4-a97d-d965ccfc6d4b" outcome="Passed" testListId="8c84fa94-04c1-424b-9868-57a2d4851a1d" relativeResultsDirectory="5fa7681a-bf15-4b59-9fd2-c7c6bbf1067f" />
    <UnitTestResult executionId="cee18b59-4ab6-4011-95ab-dc7d4034acad" testId="0b8886ee-b4bd-cb37-7d64-bbb5be0dca24" testName="CrossApplyProperty_SplitWithMultipleProperties_ShouldPass" computerName="pkrvmsl9tci6h6u" duration="00:00:00.0498581" startTime="2025-08-09T21:07:58.6395051+00:00" endTime="2025-08-09T21:07:58.6894375+00:00" testType="13cdc9d9-ddb5-4fa4-a97d-d965ccfc6d4b" outcome="Passed" testListId="8c84fa94-04c1-424b-9868-57a2d4851a1d" relativeResultsDirectory="cee18b59-4ab6-4011-95ab-dc7d4034acad" />
    <UnitTestResult executionId="8d4e503f-a7e5-43fe-9b35-a2184b147065" testId="e5c178bc-bcbd-9890-6e6d-dd5a9800c0be" testName="WhenNestedObjectIsNotArray_ShouldFail" computerName="pkrvmsl9tci6h6u" duration="00:00:00.0014174" startTime="2025-08-09T21:07:57.1096500+00:00" endTime="2025-08-09T21:07:57.1111033+00:00" testType="13cdc9d9-ddb5-4fa4-a97d-d965ccfc6d4b" outcome="Passed" testListId="8c84fa94-04c1-424b-9868-57a2d4851a1d" relativeResultsDirectory="8d4e503f-a7e5-43fe-9b35-a2184b147065" />
    <UnitTestResult executionId="098444dc-1af7-4152-9641-f78184c077ed" testId="1cdf0ca5-3a71-f04e-09fc-b3a496b92163" testName="SimpleGroupByWithTakeTest" computerName="pkrvmsl9tci6h6u" duration="00:00:00.0626409" startTime="2025-08-09T21:08:04.7232087+00:00" endTime="2025-08-09T21:08:04.7859229+00:00" testType="13cdc9d9-ddb5-4fa4-a97d-d965ccfc6d4b" outcome="Passed" testListId="8c84fa94-04c1-424b-9868-57a2d4851a1d" relativeResultsDirectory="098444dc-1af7-4152-9641-f78184c077ed" />
    <UnitTestResult executionId="6452fe35-1e07-475e-a206-8fe5fe3723ba" testId="15615518-51ce-4794-b791-4bb533736d9d" testName="SubtractDateTimeOffsetsTest" computerName="pkrvmsl9tci6h6u" duration="00:00:00.0310344" startTime="2025-08-09T21:08:01.5972902+00:00" endTime="2025-08-09T21:08:01.6283978+00:00" testType="13cdc9d9-ddb5-4fa4-a97d-d965ccfc6d4b" outcome="Passed" testListId="8c84fa94-04c1-424b-9868-57a2d4851a1d" relativeResultsDirectory="6452fe35-1e07-475e-a206-8fe5fe3723ba" />
    <UnitTestResult executionId="92eb8656-1f6c-4c6a-a107-8cbc7642b509" testId="ba2eaf1e-edeb-b637-ccb2-1335b95c57f8" testName="WhenBitwiseXorBetweenLongAndShort_ShouldBeEvaluated" computerName="pkrvmsl9tci6h6u" duration="00:00:00.0448807" startTime="2025-08-09T21:07:55.2074469+00:00" endTime="2025-08-09T21:07:55.2523936+00:00" testType="13cdc9d9-ddb5-4fa4-a97d-d965ccfc6d4b" outcome="Passed" testListId="8c84fa94-04c1-424b-9868-57a2d4851a1d" relativeResultsDirectory="92eb8656-1f6c-4c6a-a107-8cbc7642b509" />
    <UnitTestResult executionId="5ae160a3-ce6f-4971-a74d-234da3e8ce88" testId="b171fb02-28f8-9b72-eb84-dbdd1738aab3" testName="WhenBitwiseShiftLeft_ulong_ShouldBeEvaluated" computerName="pkrvmsl9tci6h6u" duration="00:00:00.0342809" startTime="2025-08-09T21:07:55.9323506+00:00" endTime="2025-08-09T21:07:55.9667333+00:00" testType="13cdc9d9-ddb5-4fa4-a97d-d965ccfc6d4b" outcome="Passed" testListId="8c84fa94-04c1-424b-9868-57a2d4851a1d" relativeResultsDirectory="5ae160a3-ce6f-4971-a74d-234da3e8ce88" />
    <UnitTestResult executionId="a17a32cf-afc2-4b22-a69f-dc1dc7459bc0" testId="974283db-dd48-f74e-f0fe-a9ae9eae574b" testName="TableShouldReturnComplexTypeTest" computerName="pkrvmsl9tci6h6u" duration="00:00:00.0275756" startTime="2025-08-09T21:08:19.0181487+00:00" endTime="2025-08-09T21:08:19.0458167+00:00" testType="13cdc9d9-ddb5-4fa4-a97d-d965ccfc6d4b" outcome="Passed" testListId="8c84fa94-04c1-424b-9868-57a2d4851a1d" relativeResultsDirectory="a17a32cf-afc2-4b22-a69f-dc1dc7459bc0" />
    <UnitTestResult executionId="193d9baa-71bf-4fb8-b304-b384b243e92d" testId="34ecaa0d-604d-9731-fe4e-cb99e4a4074c" testName="WhenBitwiseAndBetweenUshortAndInt_ShouldBeEvaluated" computerName="pkrvmsl9tci6h6u" duration="00:00:00.0423669" startTime="2025-08-09T21:07:47.8680085+00:00" endTime="2025-08-09T21:07:47.9105042+00:00" testType="13cdc9d9-ddb5-4fa4-a97d-d965ccfc6d4b" outcome="Passed" testListId="8c84fa94-04c1-424b-9868-57a2d4851a1d" relativeResultsDirectory="193d9baa-71bf-4fb8-b304-b384b243e92d" />
    <UnitTestResult executionId="6a8bdc06-6d3c-471c-8150-1cf4c64eac2c" testId="e3e918e5-c1ff-774a-a047-e900f2b91611" testName="WhenAmbiguousColumnAcrossJoinedDataSetOccurred_ShouldNeedToUseAlias" computerName="pkrvmsl9tci6h6u" duration="00:00:00.1384235" startTime="2025-08-09T21:07:28.1326487+00:00" endTime="2025-08-09T21:07:28.2712184+00:00" testType="13cdc9d9-ddb5-4fa4-a97d-d965ccfc6d4b" outcome="Passed" testListId="8c84fa94-04c1-424b-9868-57a2d4851a1d" relativeResultsDirectory="6a8bdc06-6d3c-471c-8150-1cf4c64eac2c" />
    <UnitTestResult executionId="013030e5-971d-46ba-8c9a-422296ec47f0" testId="28405986-3973-e9d7-dffb-955b377ab3af" testName="CrossApplyProperty_NoMatch_ShouldPass" computerName="pkrvmsl9tci6h6u" duration="00:00:00.0339140" startTime="2025-08-09T21:07:59.4186105+00:00" endTime="2025-08-09T21:07:59.4527131+00:00" testType="13cdc9d9-ddb5-4fa4-a97d-d965ccfc6d4b" outcome="Passed" testListId="8c84fa94-04c1-424b-9868-57a2d4851a1d" relativeResultsDirectory="013030e5-971d-46ba-8c9a-422296ec47f0" />
    <UnitTestResult executionId="b5e4d8f3-1c20-467a-be20-309f9c26dc2b" testId="836169bd-c0e6-a9ff-4777-8d5c4d4ae243" testName="WhenCteHasTheSameAliasWithinDifferentQueries_ShouldNotThrow" computerName="pkrvmsl9tci6h6u" duration="00:00:00.0607442" startTime="2025-08-09T21:07:59.3577274+00:00" endTime="2025-08-09T21:07:59.4185546+00:00" testType="13cdc9d9-ddb5-4fa4-a97d-d965ccfc6d4b" outcome="Passed" testListId="8c84fa94-04c1-424b-9868-57a2d4851a1d" relativeResultsDirectory="b5e4d8f3-1c20-467a-be20-309f9c26dc2b" />
    <UnitTestResult executionId="4c6da136-9b15-4b24-b3fd-4c91985f84e6" testId="ed96a15e-d668-b0e0-7a6d-81bfb3dcdb1d" testName="WhenOrderByAfterGroupByHaving_ShouldSucceed" computerName="pkrvmsl9tci6h6u" duration="00:00:00.0534744" startTime="2025-08-09T21:08:12.1557191+00:00" endTime="2025-08-09T21:08:12.2092591+00:00" testType="13cdc9d9-ddb5-4fa4-a97d-d965ccfc6d4b" outcome="Passed" testListId="8c84fa94-04c1-424b-9868-57a2d4851a1d" relativeResultsDirectory="4c6da136-9b15-4b24-b3fd-4c91985f84e6" />
    <UnitTestResult executionId="bf978be6-0241-4b43-b830-24fe222673f0" testId="5ababe60-6870-df24-5b20-b5429dab15fe" testName="WhenToStringCalled_ShouldReturnSameQuery (select s.Column1, s.Column2 from #some.thing() s group by s.Column1, s.Column2 order by s.Column1 skip 5 take 10)" computerName="pkrvmsl9tci6h6u" duration="00:00:00.0013995" startTime="2025-08-09T21:08:21.5188505+00:00" endTime="2025-08-09T21:08:21.5203472+00:00" testType="13cdc9d9-ddb5-4fa4-a97d-d965ccfc6d4b" outcome="Passed" testListId="8c84fa94-04c1-424b-9868-57a2d4851a1d" relativeResultsDirectory="bf978be6-0241-4b43-b830-24fe222673f0" />
    <UnitTestResult executionId="8f4d823d-6ea9-4975-a157-a532500c51e9" testId="53d25c15-444d-c000-f2a4-ba419f673e67" testName="WhenJoinedByMethodInvocations_ShouldRetrieveValues" computerName="pkrvmsl9tci6h6u" duration="00:00:00.0418360" startTime="2025-08-09T21:08:08.3516323+00:00" endTime="2025-08-09T21:08:08.3935417+00:00" testType="13cdc9d9-ddb5-4fa4-a97d-d965ccfc6d4b" outcome="Passed" testListId="8c84fa94-04c1-424b-9868-57a2d4851a1d" relativeResultsDirectory="8f4d823d-6ea9-4975-a157-a532500c51e9" />
    <UnitTestResult executionId="730577b5-a601-419c-8800-7da452f4a553" testId="a1e5de6c-0bef-dc6d-56c7-f9f48f119852" testName="ModuloExpressionWithAdditionTest" computerName="pkrvmsl9tci6h6u" duration="00:00:00.0284258" startTime="2025-08-09T21:07:46.2599225+00:00" endTime="2025-08-09T21:07:46.2884485+00:00" testType="13cdc9d9-ddb5-4fa4-a97d-d965ccfc6d4b" outcome="Passed" testListId="8c84fa94-04c1-424b-9868-57a2d4851a1d" relativeResultsDirectory="730577b5-a601-419c-8800-7da452f4a553" />
    <UnitTestResult executionId="c90aea98-008c-4058-aa13-6de692e8a701" testId="e5302797-06ae-c2d3-e075-116862ac0366" testName="StringCharacterAccess_ValidIndex_ShouldReturnChar" computerName="pkrvmsl9tci6h6u" duration="00:00:00.0303381" startTime="2025-08-09T21:07:46.5894754+00:00" endTime="2025-08-09T21:07:46.6199208+00:00" testType="13cdc9d9-ddb5-4fa4-a97d-d965ccfc6d4b" outcome="Passed" testListId="8c84fa94-04c1-424b-9868-57a2d4851a1d" relativeResultsDirectory="c90aea98-008c-4058-aa13-6de692e8a701" />
    <UnitTestResult executionId="48268c95-5981-4569-a438-6ade78a511d1" testId="913acd82-a317-96ac-5c38-959be27be9b6" testName="UnionWithDuplicatedKeysTest" computerName="pkrvmsl9tci6h6u" duration="00:00:00.0476093" startTime="2025-08-09T21:08:16.6057667+00:00" endTime="2025-08-09T21:08:16.6534536+00:00" testType="13cdc9d9-ddb5-4fa4-a97d-d965ccfc6d4b" outcome="Passed" testListId="8c84fa94-04c1-424b-9868-57a2d4851a1d" relativeResultsDirectory="48268c95-5981-4569-a438-6ade78a511d1" />
    <UnitTestResult executionId="4e047c9f-2fa4-4bb2-ac81-45b08ef90855" testId="2b375c17-f941-39d1-81bd-6184b3a8b0f0" testName="WhenChainedComplexObjectAccessOnProperty_ShouldPass" computerName="pkrvmsl9tci6h6u" duration="00:00:00.0436995" startTime="2025-08-09T21:07:57.0589945+00:00" endTime="2025-08-09T21:07:57.1027721+00:00" testType="13cdc9d9-ddb5-4fa4-a97d-d965ccfc6d4b" outcome="Passed" testListId="8c84fa94-04c1-424b-9868-57a2d4851a1d" relativeResultsDirectory="4e047c9f-2fa4-4bb2-ac81-45b08ef90855" />
    <UnitTestResult executionId="af7ea609-8dfc-417f-a86f-40eeac715d2f" testId="22755400-2f12-5009-0b89-50c87a8d9c30" testName="WhenIntAndShortUsed_ShouldHaveColumnOfThatType" computerName="pkrvmsl9tci6h6u" duration="00:00:00.1416451" startTime="2025-08-09T21:07:35.5195205+00:00" endTime="2025-08-09T21:07:35.6613336+00:00" testType="13cdc9d9-ddb5-4fa4-a97d-d965ccfc6d4b" outcome="Passed" testListId="8c84fa94-04c1-424b-9868-57a2d4851a1d" relativeResultsDirectory="af7ea609-8dfc-417f-a86f-40eeac715d2f" />
    <UnitTestResult executionId="2c52a58f-26b8-4d23-8d87-b4491bea336d" testId="37feef46-bcda-d5a6-ebbf-6dc3d67c934b" testName="WhenBitwiseNotOnShort_ShouldBeEvaluated" computerName="pkrvmsl9tci6h6u" duration="00:00:00.0436242" startTime="2025-08-09T21:07:49.7854759+00:00" endTime="2025-08-09T21:07:49.8291852+00:00" testType="13cdc9d9-ddb5-4fa4-a97d-d965ccfc6d4b" outcome="Passed" testListId="8c84fa94-04c1-424b-9868-57a2d4851a1d" relativeResultsDirectory="2c52a58f-26b8-4d23-8d87-b4491bea336d" />
    <UnitTestResult executionId="330d9325-96be-449b-8f3b-66e354a31def" testId="7e5b64eb-1125-0147-e4d8-6d6c39f4eabd" testName="WhenSpecialCharacterStartBracketUsedInTextWith_MustNotThrow (+)" computerName="pkrvmsl9tci6h6u" duration="00:00:00.0385154" startTime="2025-08-09T21:08:22.0348064+00:00" endTime="2025-08-09T21:08:22.0734528+00:00" testType="13cdc9d9-ddb5-4fa4-a97d-d965ccfc6d4b" outcome="Passed" testListId="8c84fa94-04c1-424b-9868-57a2d4851a1d" relativeResultsDirectory="330d9325-96be-449b-8f3b-66e354a31def" />
    <UnitTestResult executionId="51a28441-6c6e-46aa-994e-907b4eaa0bb3" testId="54aef316-cee8-391b-ea6d-7e8839e0bb8a" testName="WhenULongAndULongUsed_ShouldHaveColumnOfThatType" computerName="pkrvmsl9tci6h6u" duration="00:00:00.0938560" startTime="2025-08-09T21:07:39.5255165+00:00" endTime="2025-08-09T21:07:39.6195335+00:00" testType="13cdc9d9-ddb5-4fa4-a97d-d965ccfc6d4b" outcome="Passed" testListId="8c84fa94-04c1-424b-9868-57a2d4851a1d" relativeResultsDirectory="51a28441-6c6e-46aa-994e-907b4eaa0bb3" />
    <UnitTestResult executionId="cdc1fdf8-8e3d-4209-9909-a3dcb572ad83" testId="115376da-6d30-a171-b325-49db7349cb5f" testName="WhenMixedQueriesGroupingAreUsed_Variant3_ShouldPass" computerName="pkrvmsl9tci6h6u" duration="00:00:00.0855664" startTime="2025-08-09T21:08:01.3004755+00:00" endTime="2025-08-09T21:08:01.3861160+00:00" testType="13cdc9d9-ddb5-4fa4-a97d-d965ccfc6d4b" outcome="Passed" testListId="8c84fa94-04c1-424b-9868-57a2d4851a1d" relativeResultsDirectory="cdc1fdf8-8e3d-4209-9909-a3dcb572ad83" />
    <UnitTestResult executionId="f3943693-8686-4279-a782-e8ca1b9c73ad" testId="bb668c6b-3bb8-efe3-597f-d4b42a5425ee" testName="CaseWhenWithEmptyStringTest" computerName="pkrvmsl9tci6h6u" duration="00:00:00.0253428" startTime="2025-08-09T21:08:18.7003995+00:00" endTime="2025-08-09T21:08:18.7258078+00:00" testType="13cdc9d9-ddb5-4fa4-a97d-d965ccfc6d4b" outcome="Passed" testListId="8c84fa94-04c1-424b-9868-57a2d4851a1d" relativeResultsDirectory="f3943693-8686-4279-a782-e8ca1b9c73ad" />
    <UnitTestResult executionId="10450664-54fb-4992-8a8d-3b3371dc519f" testId="149731aa-977b-2a5c-d52d-6b31cb019254" testName="WhenQuoteFollowedAndPrecededByTextUsed_MustNotThrow" computerName="pkrvmsl9tci6h6u" duration="00:00:00.0260275" startTime="2025-08-09T21:08:21.6458548+00:00" endTime="2025-08-09T21:08:21.6719557+00:00" testType="13cdc9d9-ddb5-4fa4-a97d-d965ccfc6d4b" outcome="Passed" testListId="8c84fa94-04c1-424b-9868-57a2d4851a1d" relativeResultsDirectory="10450664-54fb-4992-8a8d-3b3371dc519f" />
    <UnitTestResult executionId="9726a389-a849-4e17-8729-e8608c0a4485" testId="fa23a34e-4ed2-42b6-5ded-6fe8a974ddc3" testName="WhenComplexObjectAccessNonExistingProperty_ShouldFail" computerName="pkrvmsl9tci6h6u" duration="00:00:00.0027258" startTime="2025-08-09T21:07:57.0291690+00:00" endTime="2025-08-09T21:07:57.0319967+00:00" testType="13cdc9d9-ddb5-4fa4-a97d-d965ccfc6d4b" outcome="Passed" testListId="8c84fa94-04c1-424b-9868-57a2d4851a1d" relativeResultsDirectory="9726a389-a849-4e17-8729-e8608c0a4485" />
    <UnitTestResult executionId="67fba434-afba-4e01-a3f6-55293f3d07ae" testId="d1029b6c-2d18-cf49-aff8-c8b98c40d82d" testName="WhenBitwiseXorBetweenIntAndInt_ShouldBeEvaluated" computerName="pkrvmsl9tci6h6u" duration="00:00:00.0465816" startTime="2025-08-09T21:07:54.5737602+00:00" endTime="2025-08-09T21:07:54.6204241+00:00" testType="13cdc9d9-ddb5-4fa4-a97d-d965ccfc6d4b" outcome="Passed" testListId="8c84fa94-04c1-424b-9868-57a2d4851a1d" relativeResultsDirectory="67fba434-afba-4e01-a3f6-55293f3d07ae" />
    <UnitTestResult executionId="316d5eeb-bf2b-47c9-878e-16b1d0c13423" testId="deac62cd-6c7c-a26b-0c12-4e08af9ffcd4" testName="WhenBitwiseXorBetweenSByteAndInt_ShouldBeEvaluated" computerName="pkrvmsl9tci6h6u" duration="00:00:00.0415515" startTime="2025-08-09T21:07:54.7085056+00:00" endTime="2025-08-09T21:07:54.7501558+00:00" testType="13cdc9d9-ddb5-4fa4-a97d-d965ccfc6d4b" outcome="Passed" testListId="8c84fa94-04c1-424b-9868-57a2d4851a1d" relativeResultsDirectory="316d5eeb-bf2b-47c9-878e-16b1d0c13423" />
    <UnitTestResult executionId="8a4b8749-60ce-4278-ba4f-80d17fe9fecf" testId="ee3b86f8-8a46-324f-1e28-65e97d0ee302" testName="WithDynamicSource_IncrementAccessedProperty_ShouldPass" computerName="pkrvmsl9tci6h6u" duration="00:00:00.0239617" startTime="2025-08-09T21:08:02.3640012+00:00" endTime="2025-08-09T21:08:02.3880289+00:00" testType="13cdc9d9-ddb5-4fa4-a97d-d965ccfc6d4b" outcome="Failed" testListId="8c84fa94-04c1-424b-9868-57a2d4851a1d" relativeResultsDirectory="8a4b8749-60ce-4278-ba4f-80d17fe9fecf">
      <Output>
        <ErrorInfo>
          <Message>Test method Musoq.Evaluator.Tests.DynamicSourceWithDynamicTypeHinting.WithDynamicSource_IncrementAccessedProperty_ShouldPass threw exception: &#xD;
Musoq.Converter.Exceptions.CompilationException: (39,181): error CS0246: Nie można znaleźć nazwy typu lub przestrzeni nazw „ComplexType” (brak dyrektywy using lub odwołania do zestawu?)</Message>
          <StackTrace>    at Musoq.Converter.InstanceCreator.CompileForExecution(String script, String assemblyName, ISchemaProvider schemaProvider, ILoggerResolver loggerResolver, Func`1 createChain, Action`1 modifyBuildItems) in /home/runner/work/Musoq/Musoq/Musoq.Converter/InstanceCreator.cs:line 161
   at Musoq.Converter.InstanceCreator.CompileForExecution(String script, String assemblyName, ISchemaProvider schemaProvider, ILoggerResolver loggerResolver) in /home/runner/work/Musoq/Musoq/Musoq.Converter/InstanceCreator.cs:line 56
   at Musoq.Evaluator.Tests.Schema.Dynamic.DynamicQueryTestsBase.CreateAndRunVirtualMachine(String script, IReadOnlyCollection`1 values, IReadOnlyDictionary`2 schema) in /home/runner/work/Musoq/Musoq/Musoq.Evaluator.Tests/Schema/Dynamic/DynamicQueryTestsBase.cs:line 22
   at Musoq.Evaluator.Tests.DynamicSourceWithDynamicTypeHinting.WithDynamicSource_IncrementAccessedProperty_ShouldPass() in /home/runner/work/Musoq/Musoq/Musoq.Evaluator.Tests/DynamicSourceWithDynamicTypeHinting.cs:line 195
   at System.RuntimeMethodHandle.InvokeMethod(Object target, Void** arguments, Signature sig, Boolean isConstructor)
   at System.Reflection.MethodBaseInvoker.InvokeWithNoArgs(Object obj, BindingFlags invokeAttr)
</StackTrace>
        </ErrorInfo>
      </Output>
    </UnitTestResult>
    <UnitTestResult executionId="830c1422-1ddc-4474-a64b-3bbe7ce55a73" testId="403253e4-85c4-5f50-af8c-02f4522b13ca" testName="WhenBitwiseAndBetweenUshortAndSbyte_ShouldBeEvaluated" computerName="pkrvmsl9tci6h6u" duration="00:00:00.0347056" startTime="2025-08-09T21:07:47.7232974+00:00" endTime="2025-08-09T21:07:47.7581099+00:00" testType="13cdc9d9-ddb5-4fa4-a97d-d965ccfc6d4b" outcome="Passed" testListId="8c84fa94-04c1-424b-9868-57a2d4851a1d" relativeResultsDirectory="830c1422-1ddc-4474-a64b-3bbe7ce55a73" />
    <UnitTestResult executionId="05a99f50-e86a-45aa-9a56-af5a2c5d3a12" testId="680e486f-d03a-253c-2508-245d09c8ffca" testName="OuterApplyProperty_WithGroupBy_ShouldPass" computerName="pkrvmsl9tci6h6u" duration="00:00:00.0645207" startTime="2025-08-09T21:08:14.0947232+00:00" endTime="2025-08-09T21:08:14.1593216+00:00" testType="13cdc9d9-ddb5-4fa4-a97d-d965ccfc6d4b" outcome="Passed" testListId="8c84fa94-04c1-424b-9868-57a2d4851a1d" relativeResultsDirectory="05a99f50-e86a-45aa-9a56-af5a2c5d3a12" />
    <UnitTestResult executionId="213b84af-fb42-4684-8735-59018f83966a" testId="0d54dc7a-a041-f2a9-b6ea-cbb53ea4f1fb" testName="WhenBitwiseAndBetweenShortAndUShort_ShouldBeEvaluated" computerName="pkrvmsl9tci6h6u" duration="00:00:00.0341758" startTime="2025-08-09T21:07:48.2040227+00:00" endTime="2025-08-09T21:07:48.2383060+00:00" testType="13cdc9d9-ddb5-4fa4-a97d-d965ccfc6d4b" outcome="Passed" testListId="8c84fa94-04c1-424b-9868-57a2d4851a1d" relativeResultsDirectory="213b84af-fb42-4684-8735-59018f83966a" />
    <UnitTestResult executionId="58347b6d-e3bb-4ab8-ab80-40c1d6f85a20" testId="c0ffd9d1-5d5a-d0e6-2d40-a2c560e0ecf0" testName="RLikeOperatorTest" computerName="pkrvmsl9tci6h6u" duration="00:00:00.0278526" startTime="2025-08-09T21:08:18.4790458+00:00" endTime="2025-08-09T21:08:18.5069438+00:00" testType="13cdc9d9-ddb5-4fa4-a97d-d965ccfc6d4b" outcome="Passed" testListId="8c84fa94-04c1-424b-9868-57a2d4851a1d" relativeResultsDirectory="58347b6d-e3bb-4ab8-ab80-40c1d6f85a20" />
    <UnitTestResult executionId="4200a0f1-0f2e-4538-bde3-9604dbfb5acc" testId="235eee1b-e886-be92-7094-572580e9ac5b" testName="WhenBackslashEscaped_ShouldBePresent" computerName="pkrvmsl9tci6h6u" duration="00:00:00.0443638" startTime="2025-08-09T21:08:02.6178069+00:00" endTime="2025-08-09T21:08:02.6624195+00:00" testType="13cdc9d9-ddb5-4fa4-a97d-d965ccfc6d4b" outcome="Passed" testListId="8c84fa94-04c1-424b-9868-57a2d4851a1d" relativeResultsDirectory="4200a0f1-0f2e-4538-bde3-9604dbfb5acc" />
    <UnitTestResult executionId="c7168b39-62c8-4548-807b-8b1fc2cfd1a6" testId="0a218336-a74f-7d09-021f-593fc75e166a" testName="WhenUIntMethodCallAndULongUsed_ShouldHaveColumnOfThatType" computerName="pkrvmsl9tci6h6u" duration="00:00:00.0422287" startTime="2025-08-09T21:07:44.4536189+00:00" endTime="2025-08-09T21:07:44.4959588+00:00" testType="13cdc9d9-ddb5-4fa4-a97d-d965ccfc6d4b" outcome="Passed" testListId="8c84fa94-04c1-424b-9868-57a2d4851a1d" relativeResultsDirectory="c7168b39-62c8-4548-807b-8b1fc2cfd1a6" />
    <UnitTestResult executionId="cad3bf35-d2a0-4add-8abe-f104d3ccffe1" testId="2339714b-3a37-b747-0306-b4aca9f6af32" testName="WhenOrderByMultipleColumnsBothDesc_ShouldSucceed" computerName="pkrvmsl9tci6h6u" duration="00:00:00.0266409" startTime="2025-08-09T21:08:11.9015892+00:00" endTime="2025-08-09T21:08:11.9283035+00:00" testType="13cdc9d9-ddb5-4fa4-a97d-d965ccfc6d4b" outcome="Passed" testListId="8c84fa94-04c1-424b-9868-57a2d4851a1d" relativeResultsDirectory="cad3bf35-d2a0-4add-8abe-f104d3ccffe1" />
    <UnitTestResult executionId="f8b3f547-8daf-4216-b924-776a5e12378f" testId="791cd75b-957d-707c-6067-0e61efdc8be6" testName="WhenSameAliasesUsedWithinCteInnerExpression_ShouldThrow" computerName="pkrvmsl9tci6h6u" duration="00:00:00.0013068" startTime="2025-08-09T21:08:00.5630466+00:00" endTime="2025-08-09T21:08:00.5644178+00:00" testType="13cdc9d9-ddb5-4fa4-a97d-d965ccfc6d4b" outcome="Passed" testListId="8c84fa94-04c1-424b-9868-57a2d4851a1d" relativeResultsDirectory="f8b3f547-8daf-4216-b924-776a5e12378f" />
    <UnitTestResult executionId="56f032b8-8327-4d93-bd24-0c45f387da4d" testId="1a963a2d-a165-ac0a-ddfe-c76c0d111cb6" testName="WhenUShortMethodCallAndShortUsed_ShouldHaveColumnOfThatType" computerName="pkrvmsl9tci6h6u" duration="00:00:00.0562217" startTime="2025-08-09T21:07:43.3919610+00:00" endTime="2025-08-09T21:07:43.4482908+00:00" testType="13cdc9d9-ddb5-4fa4-a97d-d965ccfc6d4b" outcome="Passed" testListId="8c84fa94-04c1-424b-9868-57a2d4851a1d" relativeResultsDirectory="56f032b8-8327-4d93-bd24-0c45f387da4d" />
    <UnitTestResult executionId="b9876626-26fe-4ee7-b103-0bb4fd5b751f" testId="0851ae6d-7d30-56e2-bb40-b389d0975a2a" testName="WhenRowNumberWithGroupByAndTakeTest_ShouldPass" computerName="pkrvmsl9tci6h6u" duration="00:00:00.0445162" startTime="2025-08-09T21:08:16.0794505+00:00" endTime="2025-08-09T21:08:16.1240358+00:00" testType="13cdc9d9-ddb5-4fa4-a97d-d965ccfc6d4b" outcome="Passed" testListId="8c84fa94-04c1-424b-9868-57a2d4851a1d" relativeResultsDirectory="b9876626-26fe-4ee7-b103-0bb4fd5b751f" />
    <UnitTestResult executionId="abbe10a0-63f0-4a8c-82b3-02878544b8ac" testId="6cb67733-7154-a258-7f0e-e2798ebbc7e9" testName="WhenAliasedStarUnfoldToMultipleColumns_FirstTableUnfolded_ShouldPass" computerName="pkrvmsl9tci6h6u" duration="00:00:00.0406697" startTime="2025-08-09T21:08:21.0864115+00:00" endTime="2025-08-09T21:08:21.1271691+00:00" testType="13cdc9d9-ddb5-4fa4-a97d-d965ccfc6d4b" outcome="Passed" testListId="8c84fa94-04c1-424b-9868-57a2d4851a1d" relativeResultsDirectory="abbe10a0-63f0-4a8c-82b3-02878544b8ac" />
    <UnitTestResult executionId="757a4b2f-c6d3-4d13-b58d-1ae2c5093d6a" testId="5ae11058-1db0-3b97-937f-202bb0056fc0" testName="WhenBitwiseAndBetweenLongAndLong_ShouldBeEvaluated" computerName="pkrvmsl9tci6h6u" duration="00:00:00.0685730" startTime="2025-08-09T21:07:49.4358807+00:00" endTime="2025-08-09T21:07:49.5045539+00:00" testType="13cdc9d9-ddb5-4fa4-a97d-d965ccfc6d4b" outcome="Passed" testListId="8c84fa94-04c1-424b-9868-57a2d4851a1d" relativeResultsDirectory="757a4b2f-c6d3-4d13-b58d-1ae2c5093d6a" />
    <UnitTestResult executionId="508e04b7-fde5-4b3d-b74f-6e6bfb63960d" testId="6bb16f08-af0a-3278-9684-e9af8495b832" testName="WhenOrderByWithInnerJoinAndGroupBy_ShouldSucceed" computerName="pkrvmsl9tci6h6u" duration="00:00:00.0371787" startTime="2025-08-09T21:08:12.8858617+00:00" endTime="2025-08-09T21:08:12.9231153+00:00" testType="13cdc9d9-ddb5-4fa4-a97d-d965ccfc6d4b" outcome="Passed" testListId="8c84fa94-04c1-424b-9868-57a2d4851a1d" relativeResultsDirectory="508e04b7-fde5-4b3d-b74f-6e6bfb63960d" />
    <UnitTestResult executionId="1fa4e85b-f025-4a24-a107-b56d75e714f0" testId="063713cd-7ea1-a8f4-b891-360c93a3f83b" testName="WhenGetElementAtOrDefaultForNonExistingElement_ShouldPass" computerName="pkrvmsl9tci6h6u" duration="00:00:00.0260871" startTime="2025-08-09T21:08:03.6995291+00:00" endTime="2025-08-09T21:08:03.7257143+00:00" testType="13cdc9d9-ddb5-4fa4-a97d-d965ccfc6d4b" outcome="Passed" testListId="8c84fa94-04c1-424b-9868-57a2d4851a1d" relativeResultsDirectory="1fa4e85b-f025-4a24-a107-b56d75e714f0" />
    <UnitTestResult executionId="08d5b064-1aa1-436a-80ac-3716b61de9f9" testId="ed6d33bb-18d8-6d57-353f-0541c8dbcc5e" testName="WhenFloatAndULongUsed_ShouldHaveColumnOfThatType" computerName="pkrvmsl9tci6h6u" duration="00:00:00.0851082" startTime="2025-08-09T21:07:40.6438295+00:00" endTime="2025-08-09T21:07:40.7290523+00:00" testType="13cdc9d9-ddb5-4fa4-a97d-d965ccfc6d4b" outcome="Passed" testListId="8c84fa94-04c1-424b-9868-57a2d4851a1d" relativeResultsDirectory="08d5b064-1aa1-436a-80ac-3716b61de9f9" />
    <UnitTestResult executionId="5a23eef5-c9f9-4a3a-b6f1-75e1c9bc82a7" testId="f35aa48a-4848-8395-7367-8c7b56a9e78f" testName="WhenShortAndByteUsed_ShouldHaveColumnOfThatType" computerName="pkrvmsl9tci6h6u" duration="00:00:00.1370115" startTime="2025-08-09T21:07:32.0304257+00:00" endTime="2025-08-09T21:07:32.1676443+00:00" testType="13cdc9d9-ddb5-4fa4-a97d-d965ccfc6d4b" outcome="Passed" testListId="8c84fa94-04c1-424b-9868-57a2d4851a1d" relativeResultsDirectory="5a23eef5-c9f9-4a3a-b6f1-75e1c9bc82a7" />
    <UnitTestResult executionId="0eb7561f-c522-4c71-90c2-36b7c14a0254" testId="9885dfbe-fae7-a381-a6b1-db92c0933c79" testName="WhenTwoTablesAreCoupledWithSchemas_ShouldHaveAppropriateTypesTest" computerName="pkrvmsl9tci6h6u" duration="00:00:00.0509481" startTime="2025-08-09T21:07:57.5410724+00:00" endTime="2025-08-09T21:07:57.5920827+00:00" testType="13cdc9d9-ddb5-4fa4-a97d-d965ccfc6d4b" outcome="Passed" testListId="8c84fa94-04c1-424b-9868-57a2d4851a1d" relativeResultsDirectory="0eb7561f-c522-4c71-90c2-36b7c14a0254" />
    <UnitTestResult executionId="10d92b7f-bad5-4f2f-accd-c6760ba967e4" testId="14b50e1a-535a-bf1b-961e-2846acb6c9db" testName="WhenAccessingTheFirstLetterWithMethodCallInsideAggregation_ShouldSucceed" computerName="pkrvmsl9tci6h6u" startTime="2025-08-09T21:08:06.4596008+00:00" endTime="2025-08-09T21:08:06.4600892+00:00" testType="13cdc9d9-ddb5-4fa4-a97d-d965ccfc6d4b" outcome="NotExecuted" testListId="8c84fa94-04c1-424b-9868-57a2d4851a1d" relativeResultsDirectory="10d92b7f-bad5-4f2f-accd-c6760ba967e4">
      <Output>
        <ErrorInfo>
          <Message>WORK IN PROGRESS</Message>
        </ErrorInfo>
      </Output>
    </UnitTestResult>
    <UnitTestResult executionId="2ba00e64-991c-4b2e-8863-b7a9b685fdfa" testId="419cf15d-dbd3-4c77-1016-d687a4533662" testName="WhenBitwiseXorBetweenUIntAndSByte_ShouldBeEvaluated" computerName="pkrvmsl9tci6h6u" duration="00:00:00.0329241" startTime="2025-08-09T21:07:54.8102175+00:00" endTime="2025-08-09T21:07:54.8432269+00:00" testType="13cdc9d9-ddb5-4fa4-a97d-d965ccfc6d4b" outcome="Passed" testListId="8c84fa94-04c1-424b-9868-57a2d4851a1d" relativeResultsDirectory="2ba00e64-991c-4b2e-8863-b7a9b685fdfa" />
    <UnitTestResult executionId="69d42cd4-7352-4d56-a807-4aabb039c69b" testId="8941102d-ef4f-764b-227e-4181bbc40e44" testName="WhenNewlineEscaped_ShouldBePresent" computerName="pkrvmsl9tci6h6u" duration="00:00:00.0237125" startTime="2025-08-09T21:08:02.7227854+00:00" endTime="2025-08-09T21:08:02.7465860+00:00" testType="13cdc9d9-ddb5-4fa4-a97d-d965ccfc6d4b" outcome="Passed" testListId="8c84fa94-04c1-424b-9868-57a2d4851a1d" relativeResultsDirectory="69d42cd4-7352-4d56-a807-4aabb039c69b" />
    <UnitTestResult executionId="90dad28f-2ba6-435a-95aa-340814dd6fae" testId="2b375b07-c098-731f-ee9c-5828b4bb628e" testName="WhenByteMethodCallAndSByteUsed_ShouldHaveColumnOfThatType" computerName="pkrvmsl9tci6h6u" duration="00:00:00.0778587" startTime="2025-08-09T21:07:42.0606151+00:00" endTime="2025-08-09T21:07:42.1385997+00:00" testType="13cdc9d9-ddb5-4fa4-a97d-d965ccfc6d4b" outcome="Passed" testListId="8c84fa94-04c1-424b-9868-57a2d4851a1d" relativeResultsDirectory="90dad28f-2ba6-435a-95aa-340814dd6fae" />
    <UnitTestResult executionId="2ca91740-8353-4d1e-8c73-af4e7b64b985" testId="c13bf542-ccc8-54a7-a39b-8983cfdc7221" testName="WhenByteAndDoubleUsed_ShouldHaveColumnOfDoubleType" computerName="pkrvmsl9tci6h6u" duration="00:00:00.1582440" startTime="2025-08-09T21:07:30.3783820+00:00" endTime="2025-08-09T21:07:30.5368071+00:00" testType="13cdc9d9-ddb5-4fa4-a97d-d965ccfc6d4b" outcome="Passed" testListId="8c84fa94-04c1-424b-9868-57a2d4851a1d" relativeResultsDirectory="2ca91740-8353-4d1e-8c73-af4e7b64b985" />
    <UnitTestResult executionId="0e650063-acd4-4614-b5ed-a63e04280781" testId="037a09d6-e527-c453-9cf2-74da209185e9" testName="CrossApplyProperty_MultipleComplexArrays_ShouldPass" computerName="pkrvmsl9tci6h6u" duration="00:00:00.0600112" startTime="2025-08-09T21:07:59.6878959+00:00" endTime="2025-08-09T21:07:59.7479735+00:00" testType="13cdc9d9-ddb5-4fa4-a97d-d965ccfc6d4b" outcome="Passed" testListId="8c84fa94-04c1-424b-9868-57a2d4851a1d" relativeResultsDirectory="0e650063-acd4-4614-b5ed-a63e04280781" />
    <UnitTestResult executionId="e744904b-71bb-4bdd-86d0-0e316eefaa3a" testId="9479bd20-74fd-239b-afa9-a49e18c37d60" testName="WhenBitwiseNotOnUShort_ShouldBeEvaluated" computerName="pkrvmsl9tci6h6u" duration="00:00:00.0583950" startTime="2025-08-09T21:07:49.8296485+00:00" endTime="2025-08-09T21:07:49.8881654+00:00" testType="13cdc9d9-ddb5-4fa4-a97d-d965ccfc6d4b" outcome="Passed" testListId="8c84fa94-04c1-424b-9868-57a2d4851a1d" relativeResultsDirectory="e744904b-71bb-4bdd-86d0-0e316eefaa3a" />
    <UnitTestResult executionId="2cb00bff-3acb-4c50-ad53-cd7c4d64ed03" testId="79f0cdc5-ac75-f208-949a-700a5ba6062a" testName="UnionSourceGroupByTest" computerName="pkrvmsl9tci6h6u" duration="00:00:00.1043486" startTime="2025-08-09T21:08:17.8965350+00:00" endTime="2025-08-09T21:08:18.0010050+00:00" testType="13cdc9d9-ddb5-4fa4-a97d-d965ccfc6d4b" outcome="Passed" testListId="8c84fa94-04c1-424b-9868-57a2d4851a1d" relativeResultsDirectory="2cb00bff-3acb-4c50-ad53-cd7c4d64ed03" />
    <UnitTestResult executionId="e1cf3b08-5c02-473e-8482-f08479f91994" testId="e6afc307-97ba-04ca-81d6-c1c2faf9ac00" testName="WhenLongMethodCallAndLongUsed_ShouldHaveColumnOfThatType" computerName="pkrvmsl9tci6h6u" duration="00:00:00.0466315" startTime="2025-08-09T21:07:44.8088297+00:00" endTime="2025-08-09T21:07:44.8555853+00:00" testType="13cdc9d9-ddb5-4fa4-a97d-d965ccfc6d4b" outcome="Passed" testListId="8c84fa94-04c1-424b-9868-57a2d4851a1d" relativeResultsDirectory="e1cf3b08-5c02-473e-8482-f08479f91994" />
    <UnitTestResult executionId="867e6d10-bacb-4d60-a8a2-9b2609fb61f7" testId="05e6b92f-266f-89d6-4d5a-5073ac7f4aa4" testName="WhenUShortAndLongUsed_ShouldHaveColumnOfThatType" computerName="pkrvmsl9tci6h6u" duration="00:00:00.1612883" startTime="2025-08-09T21:07:34.3200306+00:00" endTime="2025-08-09T21:07:34.4814767+00:00" testType="13cdc9d9-ddb5-4fa4-a97d-d965ccfc6d4b" outcome="Passed" testListId="8c84fa94-04c1-424b-9868-57a2d4851a1d" relativeResultsDirectory="867e6d10-bacb-4d60-a8a2-9b2609fb61f7" />
    <UnitTestResult executionId="5d65a663-5913-4980-b13e-8d062d9b5535" testId="c1859b60-2428-fcaa-8122-5c94e13b9a56" testName="WhenBitwiseOrBetweenSbyteAndShort_ShouldBeEvaluated" computerName="pkrvmsl9tci6h6u" duration="00:00:00.0367125" startTime="2025-08-09T21:07:50.1678101+00:00" endTime="2025-08-09T21:07:50.2046537+00:00" testType="13cdc9d9-ddb5-4fa4-a97d-d965ccfc6d4b" outcome="Passed" testListId="8c84fa94-04c1-424b-9868-57a2d4851a1d" relativeResultsDirectory="5d65a663-5913-4980-b13e-8d062d9b5535" />
    <UnitTestResult executionId="23b1bf51-0204-4764-bdf1-d4fe5446ffb1" testId="7764e8e2-d3a2-e4c4-ab9f-5d5fadc69626" testName="WhenOrderByMultipleColumnsFirstOneIsCaseWhenExpression_ShouldSucceed" computerName="pkrvmsl9tci6h6u" duration="00:00:00.0464317" startTime="2025-08-09T21:08:12.6955573+00:00" endTime="2025-08-09T21:08:12.7420799+00:00" testType="13cdc9d9-ddb5-4fa4-a97d-d965ccfc6d4b" outcome="Passed" testListId="8c84fa94-04c1-424b-9868-57a2d4851a1d" relativeResultsDirectory="23b1bf51-0204-4764-bdf1-d4fe5446ffb1" />
    <UnitTestResult executionId="8443c91e-4d58-4297-8b00-a1ba0ad5d3f7" testId="1f776d35-5e44-46ad-eb07-3c9c08a58ef7" testName="WithDynamicSource_AccessComplexObjectProperties_ShouldPass" computerName="pkrvmsl9tci6h6u" duration="00:00:00.0404732" startTime="2025-08-09T21:08:02.2153191+00:00" endTime="2025-08-09T21:08:02.2558525+00:00" testType="13cdc9d9-ddb5-4fa4-a97d-d965ccfc6d4b" outcome="Passed" testListId="8c84fa94-04c1-424b-9868-57a2d4851a1d" relativeResultsDirectory="8443c91e-4d58-4297-8b00-a1ba0ad5d3f7" />
    <UnitTestResult executionId="75798e7c-1c13-4f4a-95c9-35046fa39664" testId="34f54ee0-9ab0-c6ba-9c5e-92c1a586250e" testName="CrossApplyProperty_MultipleSplitWords_ShouldPass" computerName="pkrvmsl9tci6h6u" duration="00:00:00.0533691" startTime="2025-08-09T21:07:58.5860243+00:00" endTime="2025-08-09T21:07:58.6394631+00:00" testType="13cdc9d9-ddb5-4fa4-a97d-d965ccfc6d4b" outcome="Passed" testListId="8c84fa94-04c1-424b-9868-57a2d4851a1d" relativeResultsDirectory="75798e7c-1c13-4f4a-95c9-35046fa39664" />
    <UnitTestResult executionId="b9819f69-2c00-4f88-ae3a-464dd631bb2f" testId="b3e8b018-5ec8-3fb3-5e4e-4a80bbe7ecd5" testName="SimpleCteWithStarTest" computerName="pkrvmsl9tci6h6u" duration="00:00:00.0441266" startTime="2025-08-09T21:08:00.4336430+00:00" endTime="2025-08-09T21:08:00.4778482+00:00" testType="13cdc9d9-ddb5-4fa4-a97d-d965ccfc6d4b" outcome="Passed" testListId="8c84fa94-04c1-424b-9868-57a2d4851a1d" relativeResultsDirectory="b9819f69-2c00-4f88-ae3a-464dd631bb2f" />
    <UnitTestResult executionId="29ffca8e-4662-4425-b2c6-cecb4ac8d662" testId="ec22c9c3-1a4a-ac3e-5b2a-b8cc9efb97e3" testName="DivisionWithSubtraction1Test" computerName="pkrvmsl9tci6h6u" duration="00:00:00.0262496" startTime="2025-08-09T21:07:45.8662781+00:00" endTime="2025-08-09T21:07:45.8926277+00:00" testType="13cdc9d9-ddb5-4fa4-a97d-d965ccfc6d4b" outcome="Passed" testListId="8c84fa94-04c1-424b-9868-57a2d4851a1d" relativeResultsDirectory="29ffca8e-4662-4425-b2c6-cecb4ac8d662" />
    <UnitTestResult executionId="584e69b3-f8cd-4307-ad4f-cc33c0ed8009" testId="34590d27-8403-3173-685a-27ede61afc97" testName="WhenFloatAndUShortUsed_ShouldHaveColumnOfThatType" computerName="pkrvmsl9tci6h6u" duration="00:00:00.0950951" startTime="2025-08-09T21:07:40.2548361+00:00" endTime="2025-08-09T21:07:40.3500391+00:00" testType="13cdc9d9-ddb5-4fa4-a97d-d965ccfc6d4b" outcome="Passed" testListId="8c84fa94-04c1-424b-9868-57a2d4851a1d" relativeResultsDirectory="584e69b3-f8cd-4307-ad4f-cc33c0ed8009" />
    <UnitTestResult executionId="d83ad7a1-9927-4494-bc0e-436c928d6c46" testId="71555164-1c94-200b-bfdf-d1ece49c4ff0" testName="WhenLongMethodCallAndIntUsed_ShouldHaveColumnOfThatType" computerName="pkrvmsl9tci6h6u" duration="00:00:00.0426963" startTime="2025-08-09T21:07:44.7270858+00:00" endTime="2025-08-09T21:07:44.7698934+00:00" testType="13cdc9d9-ddb5-4fa4-a97d-d965ccfc6d4b" outcome="Passed" testListId="8c84fa94-04c1-424b-9868-57a2d4851a1d" relativeResultsDirectory="d83ad7a1-9927-4494-bc0e-436c928d6c46" />
    <UnitTestResult executionId="a37c995b-495c-4c0b-a96d-ee63a4459265" testId="15507613-0a5c-e462-67c9-af28b75e2c36" testName="WhenBitwiseOrBetweenIntAndByte_ShouldBeEvaluated" computerName="pkrvmsl9tci6h6u" duration="00:00:00.0524640" startTime="2025-08-09T21:07:51.5354628+00:00" endTime="2025-08-09T21:07:51.5879971+00:00" testType="13cdc9d9-ddb5-4fa4-a97d-d965ccfc6d4b" outcome="Passed" testListId="8c84fa94-04c1-424b-9868-57a2d4851a1d" relativeResultsDirectory="a37c995b-495c-4c0b-a96d-ee63a4459265" />
    <UnitTestResult executionId="35bba974-c012-4525-a9c3-f8a7a0c1857f" testId="809e7ddb-4125-208c-0c23-05b7a1c69034" testName="WhenBitwiseNotOnULong_ShouldBeEvaluated" computerName="pkrvmsl9tci6h6u" duration="00:00:00.0691357" startTime="2025-08-09T21:07:49.9939721+00:00" endTime="2025-08-09T21:07:50.0632039+00:00" testType="13cdc9d9-ddb5-4fa4-a97d-d965ccfc6d4b" outcome="Passed" testListId="8c84fa94-04c1-424b-9868-57a2d4851a1d" relativeResultsDirectory="35bba974-c012-4525-a9c3-f8a7a0c1857f" />
    <UnitTestResult executionId="07c12b2d-eb16-4d5a-a936-1c169cfcdd92" testId="fa177119-2489-71ed-b1fd-569fce172735" testName="WhenNegativeIntUsed_ShouldHaveColumnOfThatType" computerName="pkrvmsl9tci6h6u" duration="00:00:00.0237308" startTime="2025-08-09T21:08:10.9681465+00:00" endTime="2025-08-09T21:08:10.9919544+00:00" testType="13cdc9d9-ddb5-4fa4-a97d-d965ccfc6d4b" outcome="Passed" testListId="8c84fa94-04c1-424b-9868-57a2d4851a1d" relativeResultsDirectory="07c12b2d-eb16-4d5a-a936-1c169cfcdd92" />
    <UnitTestResult executionId="1ece5ecb-5190-413b-bd5a-90fde8ab2b7b" testId="991585ad-c440-070f-dd9c-003332f2c45e" testName="GroupByComplexObjectAccessWithSumTest" computerName="pkrvmsl9tci6h6u" duration="00:00:00.0641241" startTime="2025-08-09T21:08:05.8947489+00:00" endTime="2025-08-09T21:08:05.9589560+00:00" testType="13cdc9d9-ddb5-4fa4-a97d-d965ccfc6d4b" outcome="Passed" testListId="8c84fa94-04c1-424b-9868-57a2d4851a1d" relativeResultsDirectory="1ece5ecb-5190-413b-bd5a-90fde8ab2b7b" />
    <UnitTestResult executionId="5bbeb7c9-b96b-4a4b-9cda-2722ce3f72a7" testId="342dc88d-96e7-856a-be70-62e7aeb3e4f3" testName="WhenUIntAndDoubleUsed_ShouldHaveColumnOfThatType" computerName="pkrvmsl9tci6h6u" duration="00:00:00.1586816" startTime="2025-08-09T21:07:37.9440920+00:00" endTime="2025-08-09T21:07:38.1028977+00:00" testType="13cdc9d9-ddb5-4fa4-a97d-d965ccfc6d4b" outcome="Passed" testListId="8c84fa94-04c1-424b-9868-57a2d4851a1d" relativeResultsDirectory="5bbeb7c9-b96b-4a4b-9cda-2722ce3f72a7" />
    <UnitTestResult executionId="088b1798-63b2-4ba5-9e51-d24e40c38e48" testId="51d4d131-e2f6-d9c6-fab5-b1e73931349f" testName="WhenToStringCalled_ShouldReturnSameQuery (select 1 from #A.entities() a inner join #B.entities() b on a.Id = b.Id)" computerName="pkrvmsl9tci6h6u" duration="00:00:00.0006678" startTime="2025-08-09T21:08:21.4577394+00:00" endTime="2025-08-09T21:08:21.4584752+00:00" testType="13cdc9d9-ddb5-4fa4-a97d-d965ccfc6d4b" outcome="Passed" testListId="8c84fa94-04c1-424b-9868-57a2d4851a1d" relativeResultsDirectory="088b1798-63b2-4ba5-9e51-d24e40c38e48" />
    <UnitTestResult executionId="e408b0f1-2ddc-4418-bc84-3ff2b81b8700" testId="5a5d9cad-d31e-7b7f-cf95-8c229a4ce94f" testName="WithDynamicSource_DescDynamicObjectWithSimpleColumns_ShouldPass" computerName="pkrvmsl9tci6h6u" duration="00:00:00.0323722" startTime="2025-08-09T21:08:01.6742140+00:00" endTime="2025-08-09T21:08:01.7068229+00:00" testType="13cdc9d9-ddb5-4fa4-a97d-d965ccfc6d4b" outcome="Passed" testListId="8c84fa94-04c1-424b-9868-57a2d4851a1d" relativeResultsDirectory="e408b0f1-2ddc-4418-bc84-3ff2b81b8700" />
    <UnitTestResult executionId="f9dda20e-5a77-456b-947a-d1591b2abe3b" testId="a50192e5-7f65-af41-eb1e-8a79dc903e42" testName="WhenBitwiseXorBetweenByteAndShort_ShouldBeEvaluated" computerName="pkrvmsl9tci6h6u" duration="00:00:00.0667817" startTime="2025-08-09T21:07:53.3078747+00:00" endTime="2025-08-09T21:07:53.3747419+00:00" testType="13cdc9d9-ddb5-4fa4-a97d-d965ccfc6d4b" outcome="Passed" testListId="8c84fa94-04c1-424b-9868-57a2d4851a1d" relativeResultsDirectory="f9dda20e-5a77-456b-947a-d1591b2abe3b" />
    <UnitTestResult executionId="d7b47096-b0cf-4719-8f59-4dbcacd98e45" testId="6648edde-8bea-e56b-d73e-7dde6762e7c9" testName="WhenBitwiseXorBetweenUshortAndInt_ShouldBeEvaluated" computerName="pkrvmsl9tci6h6u" duration="00:00:00.0391799" startTime="2025-08-09T21:07:53.8424672+00:00" endTime="2025-08-09T21:07:53.8817419+00:00" testType="13cdc9d9-ddb5-4fa4-a97d-d965ccfc6d4b" outcome="Passed" testListId="8c84fa94-04c1-424b-9868-57a2d4851a1d" relativeResultsDirectory="d7b47096-b0cf-4719-8f59-4dbcacd98e45" />
    <UnitTestResult executionId="3f527faf-3ada-449c-8789-2409e5575004" testId="f1910126-1cb1-ddc3-110a-fdec04d11dda" testName="WhenCrossApplyAndMethodWithDefaultParameterUsed_ShouldPass" computerName="pkrvmsl9tci6h6u" duration="00:00:00.0374393" startTime="2025-08-09T21:07:58.3207450+00:00" endTime="2025-08-09T21:07:58.3582652+00:00" testType="13cdc9d9-ddb5-4fa4-a97d-d965ccfc6d4b" outcome="Passed" testListId="8c84fa94-04c1-424b-9868-57a2d4851a1d" relativeResultsDirectory="3f527faf-3ada-449c-8789-2409e5575004" />
    <UnitTestResult executionId="5d698e1d-bb88-44ea-92be-e68667afd9ef" testId="ca61e454-dc1e-af84-d00f-e6cb4fb3c628" testName="WhenRowNumberWithWhereTest_ShouldPass" computerName="pkrvmsl9tci6h6u" duration="00:00:00.0278846" startTime="2025-08-09T21:08:15.9684770+00:00" endTime="2025-08-09T21:08:15.9964299+00:00" testType="13cdc9d9-ddb5-4fa4-a97d-d965ccfc6d4b" outcome="Passed" testListId="8c84fa94-04c1-424b-9868-57a2d4851a1d" relativeResultsDirectory="5d698e1d-bb88-44ea-92be-e68667afd9ef" />
    <UnitTestResult executionId="8819ee29-a2f4-4f01-a673-a04089477b45" testId="b1636c27-b271-2670-9f90-e162ef43624d" testName="WhenBitwiseAndBetweenShortAndByte_ShouldBeEvaluated" computerName="pkrvmsl9tci6h6u" duration="00:00:00.0346759" startTime="2025-08-09T21:07:48.0559900+00:00" endTime="2025-08-09T21:07:48.0907813+00:00" testType="13cdc9d9-ddb5-4fa4-a97d-d965ccfc6d4b" outcome="Passed" testListId="8c84fa94-04c1-424b-9868-57a2d4851a1d" relativeResultsDirectory="8819ee29-a2f4-4f01-a673-a04089477b45" />
    <UnitTestResult executionId="ab7264cf-dff0-4c6e-9243-624bd18092b2" testId="60b5fd2c-7d14-cfda-d5c1-83128bb51e6c" testName="WhenInjectingEntityUsesCommonInterfaceWithMethod_ShouldMatchMethodAndCall" computerName="pkrvmsl9tci6h6u" duration="00:00:00.0416177" startTime="2025-08-09T21:08:09.6897154+00:00" endTime="2025-08-09T21:08:09.7314088+00:00" testType="13cdc9d9-ddb5-4fa4-a97d-d965ccfc6d4b" outcome="Passed" testListId="8c84fa94-04c1-424b-9868-57a2d4851a1d" relativeResultsDirectory="ab7264cf-dff0-4c6e-9243-624bd18092b2" />
    <UnitTestResult executionId="d6a2809b-719b-451b-98c0-0fa73163f055" testId="6873b36b-0411-094d-f9c4-8e8fca5049ee" testName="QueryWithTimeSpansAdditionTest" computerName="pkrvmsl9tci6h6u" duration="00:00:00.0254469" startTime="2025-08-09T21:08:20.6470471+00:00" endTime="2025-08-09T21:08:20.6725850+00:00" testType="13cdc9d9-ddb5-4fa4-a97d-d965ccfc6d4b" outcome="Passed" testListId="8c84fa94-04c1-424b-9868-57a2d4851a1d" relativeResultsDirectory="d6a2809b-719b-451b-98c0-0fa73163f055" />
    <UnitTestResult executionId="c679d8f1-c69f-4e93-9ea1-bd6b74e91d7d" testId="62f2f40c-ebb1-f29e-4e9c-739ab4b22405" testName="WhenLastIndexOfCalled_ShouldReturnLastIndex" computerName="pkrvmsl9tci6h6u" duration="00:00:00.0256317" startTime="2025-08-09T21:08:22.8814774+00:00" endTime="2025-08-09T21:08:22.9071945+00:00" testType="13cdc9d9-ddb5-4fa4-a97d-d965ccfc6d4b" outcome="Passed" testListId="8c84fa94-04c1-424b-9868-57a2d4851a1d" relativeResultsDirectory="c679d8f1-c69f-4e93-9ea1-bd6b74e91d7d" />
    <UnitTestResult executionId="f628f668-0871-41ed-9ac0-f1a8f7d61c85" testId="33e7004e-4d72-f162-ce3d-5fe2603e7c85" testName="WhenBitwiseAndBetweenByteAndSByte_ShouldBeEvaluated" computerName="pkrvmsl9tci6h6u" duration="00:00:00.0435622" startTime="2025-08-09T21:07:47.3533125+00:00" endTime="2025-08-09T21:07:47.3969777+00:00" testType="13cdc9d9-ddb5-4fa4-a97d-d965ccfc6d4b" outcome="Passed" testListId="8c84fa94-04c1-424b-9868-57a2d4851a1d" relativeResultsDirectory="f628f668-0871-41ed-9ac0-f1a8f7d61c85" />
    <UnitTestResult executionId="70921d08-8ad3-4927-9d91-35ccec36fd0e" testId="cf60b25f-9d8c-631b-7839-a6e49fa42a52" testName="WhenLongMethodCallAndShortUsed_ShouldHaveColumnOfThatType" computerName="pkrvmsl9tci6h6u" duration="00:00:00.0577372" startTime="2025-08-09T21:07:44.6289349+00:00" endTime="2025-08-09T21:07:44.6867912+00:00" testType="13cdc9d9-ddb5-4fa4-a97d-d965ccfc6d4b" outcome="Passed" testListId="8c84fa94-04c1-424b-9868-57a2d4851a1d" relativeResultsDirectory="70921d08-8ad3-4927-9d91-35ccec36fd0e" />
    <UnitTestResult executionId="0245bccf-1126-41a3-9f9b-b5ef2b093c17" testId="6fe55e00-3434-f423-9b49-52e9cbd38006" testName="CountWithRowNumberAndWithoutGroupByTest" computerName="pkrvmsl9tci6h6u" duration="00:00:00.0565792" startTime="2025-08-09T21:08:05.6746653+00:00" endTime="2025-08-09T21:08:05.7313195+00:00" testType="13cdc9d9-ddb5-4fa4-a97d-d965ccfc6d4b" outcome="Passed" testListId="8c84fa94-04c1-424b-9868-57a2d4851a1d" relativeResultsDirectory="0245bccf-1126-41a3-9f9b-b5ef2b093c17" />
    <UnitTestResult executionId="36fed47a-27c6-4a0b-b991-d459931601a3" testId="a04f4ea6-daec-4118-5d72-77de2269b0e3" testName="CrossApplyProperty_WithComplexArray_ShouldPass" computerName="pkrvmsl9tci6h6u" duration="00:00:00.0370346" startTime="2025-08-09T21:07:59.5619535+00:00" endTime="2025-08-09T21:07:59.5990820+00:00" testType="13cdc9d9-ddb5-4fa4-a97d-d965ccfc6d4b" outcome="Passed" testListId="8c84fa94-04c1-424b-9868-57a2d4851a1d" relativeResultsDirectory="36fed47a-27c6-4a0b-b991-d459931601a3" />
    <UnitTestResult executionId="af8b2a01-550c-42f9-8f75-f1f21278a008" testId="ef1fd476-e17f-2132-5e2d-879d2c7b3e74" testName="CrossApplyProperty_WithPrimitiveList_ShouldPass" computerName="pkrvmsl9tci6h6u" duration="00:00:00.0629580" startTime="2025-08-09T21:07:59.4984007+00:00" endTime="2025-08-09T21:07:59.5614362+00:00" testType="13cdc9d9-ddb5-4fa4-a97d-d965ccfc6d4b" outcome="Passed" testListId="8c84fa94-04c1-424b-9868-57a2d4851a1d" relativeResultsDirectory="af8b2a01-550c-42f9-8f75-f1f21278a008" />
    <UnitTestResult executionId="aec7cdf8-156e-4b77-a64f-69f11541c382" testId="0585d455-61e4-2eb5-583e-e958a2c77ea8" testName="WithDynamicSource_AccessExpandoObjectArray_ShouldPass" computerName="pkrvmsl9tci6h6u" duration="00:00:00.0599504" startTime="2025-08-09T21:08:02.3039405+00:00" endTime="2025-08-09T21:08:02.3639685+00:00" testType="13cdc9d9-ddb5-4fa4-a97d-d965ccfc6d4b" outcome="Failed" testListId="8c84fa94-04c1-424b-9868-57a2d4851a1d" relativeResultsDirectory="aec7cdf8-156e-4b77-a64f-69f11541c382">
      <Output>
        <ErrorInfo>
          <Message>Test method Musoq.Evaluator.Tests.DynamicSourceWithDynamicTypeHinting.WithDynamicSource_AccessExpandoObjectArray_ShouldPass threw exception: &#xD;
Musoq.Converter.Exceptions.CompilationException: (37,147): error CS0246: Nie można znaleźć nazwy typu lub przestrzeni nazw „ComplexType” (brak dyrektywy using lub odwołania do zestawu?)(37,266): error CS0246: Nie można znaleźć nazwy typu lub przestrzeni nazw „ComplexType” (brak dyrektywy using lub odwołania do zestawu?)</Message>
          <StackTrace>    at Musoq.Converter.InstanceCreator.CompileForExecution(String script, String assemblyName, ISchemaProvider schemaProvider, ILoggerResolver loggerResolver, Func`1 createChain, Action`1 modifyBuildItems) in /home/runner/work/Musoq/Musoq/Musoq.Converter/InstanceCreator.cs:line 161
   at Musoq.Converter.InstanceCreator.CompileForExecution(String script, String assemblyName, ISchemaProvider schemaProvider, ILoggerResolver loggerResolver) in /home/runner/work/Musoq/Musoq/Musoq.Converter/InstanceCreator.cs:line 56
   at Musoq.Evaluator.Tests.Schema.Dynamic.DynamicQueryTestsBase.CreateAndRunVirtualMachine(String script, IReadOnlyCollection`1 values, IReadOnlyDictionary`2 schema) in /home/runner/work/Musoq/Musoq/Musoq.Evaluator.Tests/Schema/Dynamic/DynamicQueryTestsBase.cs:line 22
   at Musoq.Evaluator.Tests.DynamicSourceWithDynamicTypeHinting.WithDynamicSource_AccessExpandoObjectArray_ShouldPass() in /home/runner/work/Musoq/Musoq/Musoq.Evaluator.Tests/DynamicSourceWithDynamicTypeHinting.cs:line 166
   at System.RuntimeMethodHandle.InvokeMethod(Object target, Void** arguments, Signature sig, Boolean isConstructor)
   at System.Reflection.MethodBaseInvoker.InvokeWithNoArgs(Object obj, BindingFlags invokeAttr)
</StackTrace>
        </ErrorInfo>
      </Output>
    </UnitTestResult>
    <UnitTestResult executionId="5b23e61d-602a-48cf-9d50-44f3d2fa8282" testId="2ba42a4a-e568-a156-8ef0-21c957b62e51" testName="WhenSpecialCharacterStartBracketUsedInTextWith_MustNotThrow (%)" computerName="pkrvmsl9tci6h6u" duration="00:00:00.0271435" startTime="2025-08-09T21:08:22.3011096+00:00" endTime="2025-08-09T21:08:22.3284169+00:00" testType="13cdc9d9-ddb5-4fa4-a97d-d965ccfc6d4b" outcome="Passed" testListId="8c84fa94-04c1-424b-9868-57a2d4851a1d" relativeResultsDirectory="5b23e61d-602a-48cf-9d50-44f3d2fa8282" />
    <UnitTestResult executionId="20bfbab5-2b82-4969-b383-0a9cacdecd07" testId="10975d85-545f-fac2-de44-b0b59265f50d" testName="WhenOrderByMultipleColumnFirstDesc_ShouldSucceed" computerName="pkrvmsl9tci6h6u" duration="00:00:00.0272491" startTime="2025-08-09T21:08:11.8357208+00:00" endTime="2025-08-09T21:08:11.8630431+00:00" testType="13cdc9d9-ddb5-4fa4-a97d-d965ccfc6d4b" outcome="Passed" testListId="8c84fa94-04c1-424b-9868-57a2d4851a1d" relativeResultsDirectory="20bfbab5-2b82-4969-b383-0a9cacdecd07" />
    <UnitTestResult executionId="6759b281-0394-40da-bec7-746e755d14d9" testId="e2e9dc12-3e4c-cacb-23d1-097b65798aef" testName="WhenOrderByWithGroupBy_ShouldSucceed" computerName="pkrvmsl9tci6h6u" duration="00:00:00.0553717" startTime="2025-08-09T21:08:12.9748283+00:00" endTime="2025-08-09T21:08:13.0302794+00:00" testType="13cdc9d9-ddb5-4fa4-a97d-d965ccfc6d4b" outcome="Passed" testListId="8c84fa94-04c1-424b-9868-57a2d4851a1d" relativeResultsDirectory="6759b281-0394-40da-bec7-746e755d14d9" />
    <UnitTestResult executionId="12a2b878-235f-432a-8c80-4f952f595ec1" testId="ea753741-e7e4-f6e4-bc45-20263fbda7e4" testName="GroupByColumnSubstringTest" computerName="pkrvmsl9tci6h6u" duration="00:00:00.0725441" startTime="2025-08-09T21:08:05.1074930+00:00" endTime="2025-08-09T21:08:05.1801149+00:00" testType="13cdc9d9-ddb5-4fa4-a97d-d965ccfc6d4b" outcome="Passed" testListId="8c84fa94-04c1-424b-9868-57a2d4851a1d" relativeResultsDirectory="12a2b878-235f-432a-8c80-4f952f595ec1" />
    <UnitTestResult executionId="5482229a-746e-404e-96cd-7da928f20a1f" testId="2417ecd1-98f0-14d9-1bf7-2493e8a3b660" testName="AggregateValuesTest" computerName="pkrvmsl9tci6h6u" duration="00:00:00.0828652" startTime="2025-08-09T21:08:19.8646074+00:00" endTime="2025-08-09T21:08:19.9475383+00:00" testType="13cdc9d9-ddb5-4fa4-a97d-d965ccfc6d4b" outcome="Passed" testListId="8c84fa94-04c1-424b-9868-57a2d4851a1d" relativeResultsDirectory="5482229a-746e-404e-96cd-7da928f20a1f" />
    <UnitTestResult executionId="fad5ecf9-7519-4a38-8abb-f277ea257999" testId="fb4aa84b-6a65-a905-4acf-ecfb707d5920" testName="CrossApply_WithNullRowsFromFunction_ShouldHandleNullGracefully" computerName="pkrvmsl9tci6h6u" duration="00:00:00.0439790" startTime="2025-08-09T21:07:57.8677162+00:00" endTime="2025-08-09T21:07:57.9117745+00:00" testType="13cdc9d9-ddb5-4fa4-a97d-d965ccfc6d4b" outcome="Passed" testListId="8c84fa94-04c1-424b-9868-57a2d4851a1d" relativeResultsDirectory="fad5ecf9-7519-4a38-8abb-f277ea257999" />
    <UnitTestResult executionId="d7fa2c0f-83bc-4822-8f1a-ca5137006f1b" testId="97539ee6-e3a7-3a02-ed55-acb2f53bbdce" testName="WhenIntMethodCallAndShortUsed_ShouldHaveColumnOfThatType" computerName="pkrvmsl9tci6h6u" duration="00:00:00.0442001" startTime="2025-08-09T21:07:43.8553775+00:00" endTime="2025-08-09T21:07:43.8996853+00:00" testType="13cdc9d9-ddb5-4fa4-a97d-d965ccfc6d4b" outcome="Passed" testListId="8c84fa94-04c1-424b-9868-57a2d4851a1d" relativeResultsDirectory="d7fa2c0f-83bc-4822-8f1a-ca5137006f1b" />
    <UnitTestResult executionId="b5c06a2e-2bb1-40fb-b383-baa9fb391fbe" testId="426c3685-109b-0158-7eca-b9f26e9993eb" testName="FirstLetterOfColumnTest" computerName="pkrvmsl9tci6h6u" duration="00:00:00.0297331" startTime="2025-08-09T21:08:18.5680659+00:00" endTime="2025-08-09T21:08:18.5978771+00:00" testType="13cdc9d9-ddb5-4fa4-a97d-d965ccfc6d4b" outcome="Passed" testListId="8c84fa94-04c1-424b-9868-57a2d4851a1d" relativeResultsDirectory="b5c06a2e-2bb1-40fb-b383-baa9fb391fbe" />
    <UnitTestResult executionId="572d583a-568e-4b4a-97c6-e58d88440539" testId="de2eaefe-0fd0-f59c-2a6e-8f3e40af6ae0" testName="WhenSpecialCharacterStartBracketUsedInTextWith_MustNotThrow (])" computerName="pkrvmsl9tci6h6u" duration="00:00:00.0255459" startTime="2025-08-09T21:08:22.4256397+00:00" endTime="2025-08-09T21:08:22.4513463+00:00" testType="13cdc9d9-ddb5-4fa4-a97d-d965ccfc6d4b" outcome="Passed" testListId="8c84fa94-04c1-424b-9868-57a2d4851a1d" relativeResultsDirectory="572d583a-568e-4b4a-97c6-e58d88440539" />
    <UnitTestResult executionId="d62d8466-af81-4b58-9868-a918ea086179" testId="02a805af-b8cd-fdee-d1f0-3f1cd08f9078" testName="WhenToStringCalled_ShouldReturnSameQuery (select s.Column1, s.Column2 from #some.thing() s where s.Column1 &lt; 20 skip 5)" computerName="pkrvmsl9tci6h6u" duration="00:00:00.0008456" startTime="2025-08-09T21:08:21.4818625+00:00" endTime="2025-08-09T21:08:21.4827738+00:00" testType="13cdc9d9-ddb5-4fa4-a97d-d965ccfc6d4b" outcome="Passed" testListId="8c84fa94-04c1-424b-9868-57a2d4851a1d" relativeResultsDirectory="d62d8466-af81-4b58-9868-a918ea086179" />
    <UnitTestResult executionId="245690b6-e457-4bd7-8c68-3e9964fc1089" testId="168ac936-6199-d32e-622b-346617cd6cba" testName="WhenOrderByMultipleColumnsFirstOneIsCaseWhenDescExpression_ShouldSucceed" computerName="pkrvmsl9tci6h6u" duration="00:00:00.0623047" startTime="2025-08-09T21:08:12.7421218+00:00" endTime="2025-08-09T21:08:12.8045000+00:00" testType="13cdc9d9-ddb5-4fa4-a97d-d965ccfc6d4b" outcome="Passed" testListId="8c84fa94-04c1-424b-9868-57a2d4851a1d" relativeResultsDirectory="245690b6-e457-4bd7-8c68-3e9964fc1089" />
    <UnitTestResult executionId="cd124de6-027f-42f7-b638-678d3f425982" testId="9fee59ef-ed99-ff45-80f4-32089ec5314a" testName="WhenBitwiseXorBetweenUlongAndByte_ShouldBeEvaluated" computerName="pkrvmsl9tci6h6u" duration="00:00:00.0463765" startTime="2025-08-09T21:07:55.4450552+00:00" endTime="2025-08-09T21:07:55.4915080+00:00" testType="13cdc9d9-ddb5-4fa4-a97d-d965ccfc6d4b" outcome="Passed" testListId="8c84fa94-04c1-424b-9868-57a2d4851a1d" relativeResultsDirectory="cd124de6-027f-42f7-b638-678d3f425982" />
    <UnitTestResult executionId="f35a2b4f-63d5-41b8-a1ef-10c53cf75588" testId="45764f6b-7d3b-5cbd-033f-dff3a744221a" testName="WhenColumnsUsedAsSourceOfMethodAndUsedInWhereAndUsedInSelectAndUsedInGroupByWithHaving_ShouldPass" computerName="pkrvmsl9tci6h6u" duration="00:00:00.0368004" startTime="2025-08-09T21:08:23.4297635+00:00" endTime="2025-08-09T21:08:23.4666498+00:00" testType="13cdc9d9-ddb5-4fa4-a97d-d965ccfc6d4b" outcome="Passed" testListId="8c84fa94-04c1-424b-9868-57a2d4851a1d" relativeResultsDirectory="f35a2b4f-63d5-41b8-a1ef-10c53cf75588" />
    <UnitTestResult executionId="89d5508b-a931-49ac-969d-da4c0dc44a36" testId="59dba1b1-d213-b2f5-f552-c211e12a0538" testName="WhenDetectLongestCommonSequence_ShouldReturnCorrectOne" computerName="pkrvmsl9tci6h6u" duration="00:00:00.0283353" startTime="2025-08-09T21:08:03.6328373+00:00" endTime="2025-08-09T21:08:03.6612441+00:00" testType="13cdc9d9-ddb5-4fa4-a97d-d965ccfc6d4b" outcome="Passed" testListId="8c84fa94-04c1-424b-9868-57a2d4851a1d" relativeResultsDirectory="89d5508b-a931-49ac-969d-da4c0dc44a36" />
    <UnitTestResult executionId="c63ac905-22ef-41ce-b842-ab5507f27f02" testId="60f2a805-44db-bfea-07a9-0fcb3a22dc30" testName="RightOuterJoinPassMethodContextTest" computerName="pkrvmsl9tci6h6u" duration="00:00:00.0811274" startTime="2025-08-09T21:08:07.9264066+00:00" endTime="2025-08-09T21:08:08.0076109+00:00" testType="13cdc9d9-ddb5-4fa4-a97d-d965ccfc6d4b" outcome="Passed" testListId="8c84fa94-04c1-424b-9868-57a2d4851a1d" relativeResultsDirectory="c63ac905-22ef-41ce-b842-ab5507f27f02" />
    <UnitTestResult executionId="08635032-2197-410b-a44b-deaddd33e794" testId="fdbd5e31-702c-3a5e-0d01-ed0aacfbe59b" testName="OuterApply_TripleApply_ShouldPass" computerName="pkrvmsl9tci6h6u" duration="00:00:00.0715949" startTime="2025-08-09T21:08:14.5704952+00:00" endTime="2025-08-09T21:08:14.6421558+00:00" testType="13cdc9d9-ddb5-4fa4-a97d-d965ccfc6d4b" outcome="Passed" testListId="8c84fa94-04c1-424b-9868-57a2d4851a1d" relativeResultsDirectory="08635032-2197-410b-a44b-deaddd33e794" />
    <UnitTestResult executionId="9c2599be-b6c2-448a-a5d4-107459ad94f7" testId="0701f05c-2562-b71a-9ed9-47fc547fb859" testName="WhenSpecialCharacterStartBracketUsedInTextWith_MustNotThrow ( )" computerName="pkrvmsl9tci6h6u" duration="00:00:00.0245229" startTime="2025-08-09T21:08:22.7195064+00:00" endTime="2025-08-09T21:08:22.7441923+00:00" testType="13cdc9d9-ddb5-4fa4-a97d-d965ccfc6d4b" outcome="Passed" testListId="8c84fa94-04c1-424b-9868-57a2d4851a1d" relativeResultsDirectory="9c2599be-b6c2-448a-a5d4-107459ad94f7" />
    <UnitTestResult executionId="8a827667-056c-47d0-968b-65b2fe1c12a9" testId="a3753bc7-8156-e0b6-9557-a93ba2f95af5" testName="MinDateTimeOffsetTest" computerName="pkrvmsl9tci6h6u" duration="00:00:00.0676446" startTime="2025-08-09T21:08:01.4835541+00:00" endTime="2025-08-09T21:08:01.5513871+00:00" testType="13cdc9d9-ddb5-4fa4-a97d-d965ccfc6d4b" outcome="Passed" testListId="8c84fa94-04c1-424b-9868-57a2d4851a1d" relativeResultsDirectory="8a827667-056c-47d0-968b-65b2fe1c12a9" />
    <UnitTestResult executionId="35e3c3ea-5596-4977-8a1b-13d2eadc6ced" testId="148fb164-9865-74f0-2fbc-194d11fcf695" testName="MixedSourcesExceptUnionScenario1Test" computerName="pkrvmsl9tci6h6u" duration="00:00:00.0767711" startTime="2025-08-09T21:08:17.6197800+00:00" endTime="2025-08-09T21:08:17.6966289+00:00" testType="13cdc9d9-ddb5-4fa4-a97d-d965ccfc6d4b" outcome="Passed" testListId="8c84fa94-04c1-424b-9868-57a2d4851a1d" relativeResultsDirectory="35e3c3ea-5596-4977-8a1b-13d2eadc6ced" />
    <UnitTestResult executionId="54d93c40-4952-488c-9a43-37f1f5df2993" testId="54cc3b20-5ed4-e526-eee0-57dc434ad39d" testName="WhenToJsonGenericMethodCallWithObject_ShouldReturnCorrectJson" computerName="pkrvmsl9tci6h6u" duration="00:00:00.0444144" startTime="2025-08-09T21:08:04.2049586+00:00" endTime="2025-08-09T21:08:04.2494394+00:00" testType="13cdc9d9-ddb5-4fa4-a97d-d965ccfc6d4b" outcome="Passed" testListId="8c84fa94-04c1-424b-9868-57a2d4851a1d" relativeResultsDirectory="54d93c40-4952-488c-9a43-37f1f5df2993" />
    <UnitTestResult executionId="2c5df53c-e096-4f82-acae-6800f0fb5643" testId="15bb6de9-0770-0073-0113-c6fc82fd23fe" testName="WhenPassedToSchemaMethodArgumentMustHaveKnownType_ShouldHave" computerName="pkrvmsl9tci6h6u" duration="00:00:00.0098301" startTime="2025-08-09T21:07:56.3230969+00:00" endTime="2025-08-09T21:07:56.3331203+00:00" testType="13cdc9d9-ddb5-4fa4-a97d-d965ccfc6d4b" outcome="Passed" testListId="8c84fa94-04c1-424b-9868-57a2d4851a1d" relativeResultsDirectory="2c5df53c-e096-4f82-acae-6800f0fb5643" />
    <UnitTestResult executionId="c5d754e8-f894-4c75-bc89-7ed3f3f41568" testId="a7d6acc5-b9fb-25de-5b4a-855a8dda7222" testName="WhenToStringCalled_ShouldReturnSameQuery (table Example { Id 'System.Int32', Name 'System.String' };)" computerName="pkrvmsl9tci6h6u" duration="00:00:00.0005746" startTime="2025-08-09T21:08:21.4687823+00:00" endTime="2025-08-09T21:08:21.4694227+00:00" testType="13cdc9d9-ddb5-4fa4-a97d-d965ccfc6d4b" outcome="Passed" testListId="8c84fa94-04c1-424b-9868-57a2d4851a1d" relativeResultsDirectory="c5d754e8-f894-4c75-bc89-7ed3f3f41568" />
    <UnitTestResult executionId="51488b0d-2626-491e-9f7c-f7cd73cc5e12" testId="6cfd38d4-850b-32d1-9cdf-08e4ac628267" testName="WhenFloatAndByteUsed_ShouldHaveColumnOfThatType" computerName="pkrvmsl9tci6h6u" duration="00:00:00.0870273" startTime="2025-08-09T21:07:40.0920358+00:00" endTime="2025-08-09T21:07:40.1791773+00:00" testType="13cdc9d9-ddb5-4fa4-a97d-d965ccfc6d4b" outcome="Passed" testListId="8c84fa94-04c1-424b-9868-57a2d4851a1d" relativeResultsDirectory="51488b0d-2626-491e-9f7c-f7cd73cc5e12" />
    <UnitTestResult executionId="e247f377-ea91-41dc-9dc4-16b3918da69a" testId="90ace3ac-4ac9-649c-fafa-b8534ce4e277" testName="WhenColumnsUsedAsSourceOfMethodAndUsedInWhere_ShouldPass" computerName="pkrvmsl9tci6h6u" duration="00:00:00.0499011" startTime="2025-08-09T21:08:23.2803451+00:00" endTime="2025-08-09T21:08:23.3303278+00:00" testType="13cdc9d9-ddb5-4fa4-a97d-d965ccfc6d4b" outcome="Passed" testListId="8c84fa94-04c1-424b-9868-57a2d4851a1d" relativeResultsDirectory="e247f377-ea91-41dc-9dc4-16b3918da69a" />
    <UnitTestResult executionId="3aa70565-8e24-4807-9ad5-a9618b622a7a" testId="14826f0c-847a-ef4c-ff79-e35d4d2cc4d2" testName="WhenBitwiseXorBetweenSbyteAndUint_ShouldBeEvaluated" computerName="pkrvmsl9tci6h6u" duration="00:00:00.0460116" startTime="2025-08-09T21:07:53.1120806+00:00" endTime="2025-08-09T21:07:53.1581905+00:00" testType="13cdc9d9-ddb5-4fa4-a97d-d965ccfc6d4b" outcome="Passed" testListId="8c84fa94-04c1-424b-9868-57a2d4851a1d" relativeResultsDirectory="3aa70565-8e24-4807-9ad5-a9618b622a7a" />
    <UnitTestResult executionId="635ce25d-1af7-464f-b41b-fb633fdd899e" testId="40330816-b0cb-d2d1-aa0a-f53bafecb9e1" testName="CrossApplyProperty_SkipAfterSplit_ShouldPass" computerName="pkrvmsl9tci6h6u" duration="00:00:00.0693205" startTime="2025-08-09T21:07:58.7367968+00:00" endTime="2025-08-09T21:07:58.8061822+00:00" testType="13cdc9d9-ddb5-4fa4-a97d-d965ccfc6d4b" outcome="Passed" testListId="8c84fa94-04c1-424b-9868-57a2d4851a1d" relativeResultsDirectory="635ce25d-1af7-464f-b41b-fb633fdd899e" />
    <UnitTestResult executionId="598ae090-3f2b-4d8f-b4c9-418fbfa1f441" testId="ebdd085c-db22-74fc-df96-6b991ba1dfc5" testName="WhenBitwiseXorBetweenShortAndUInt_ShouldBeEvaluated" computerName="pkrvmsl9tci6h6u" duration="00:00:00.0471146" startTime="2025-08-09T21:07:54.2882325+00:00" endTime="2025-08-09T21:07:54.3354455+00:00" testType="13cdc9d9-ddb5-4fa4-a97d-d965ccfc6d4b" outcome="Passed" testListId="8c84fa94-04c1-424b-9868-57a2d4851a1d" relativeResultsDirectory="598ae090-3f2b-4d8f-b4c9-418fbfa1f441" />
    <UnitTestResult executionId="d7eb44fc-941c-4b98-99f5-789a060230ab" testId="c838ec43-e1b1-4f41-5a56-42cf08d54a6d" testName="WhenBitwiseXorBetweenByteAndInt_ShouldBeEvaluated" computerName="pkrvmsl9tci6h6u" duration="00:00:00.0488801" startTime="2025-08-09T21:07:53.4205438+00:00" endTime="2025-08-09T21:07:53.4695258+00:00" testType="13cdc9d9-ddb5-4fa4-a97d-d965ccfc6d4b" outcome="Passed" testListId="8c84fa94-04c1-424b-9868-57a2d4851a1d" relativeResultsDirectory="d7eb44fc-941c-4b98-99f5-789a060230ab" />
    <UnitTestResult executionId="4d7e50ca-cfbd-4711-a4de-4191c7945ba8" testId="3b44c1b2-ebe3-d50f-f617-c3a3630288e1" testName="PassInferredColumnsBasedOnCouplingSyntaxTest" computerName="pkrvmsl9tci6h6u" duration="00:00:00.0329865" startTime="2025-08-09T21:08:14.8169064+00:00" endTime="2025-08-09T21:08:14.8500004+00:00" testType="13cdc9d9-ddb5-4fa4-a97d-d965ccfc6d4b" outcome="Passed" testListId="8c84fa94-04c1-424b-9868-57a2d4851a1d" relativeResultsDirectory="4d7e50ca-cfbd-4711-a4de-4191c7945ba8" />
    <UnitTestResult executionId="787566fd-7160-455f-949c-c6a27d8f41b7" testId="06b7cd2c-4b78-3987-049b-db9a77695869" testName="UnionWithDifferentColumnsAsAKeyTest" computerName="pkrvmsl9tci6h6u" duration="00:00:00.0609793" startTime="2025-08-09T21:08:16.1240760+00:00" endTime="2025-08-09T21:08:16.1852948+00:00" testType="13cdc9d9-ddb5-4fa4-a97d-d965ccfc6d4b" outcome="Passed" testListId="8c84fa94-04c1-424b-9868-57a2d4851a1d" relativeResultsDirectory="787566fd-7160-455f-949c-c6a27d8f41b7" />
    <UnitTestResult executionId="d3c7c79a-a2e2-4f61-911f-a7a70056c6f8" testId="4491f9fe-5cf9-953a-c19b-af05bd4de2d2" testName="WhenBitwiseAndBetweenShortAndInt_ShouldBeEvaluated" computerName="pkrvmsl9tci6h6u" duration="00:00:00.0590173" startTime="2025-08-09T21:07:48.2383636+00:00" endTime="2025-08-09T21:07:48.2974764+00:00" testType="13cdc9d9-ddb5-4fa4-a97d-d965ccfc6d4b" outcome="Passed" testListId="8c84fa94-04c1-424b-9868-57a2d4851a1d" relativeResultsDirectory="d3c7c79a-a2e2-4f61-911f-a7a70056c6f8" />
    <UnitTestResult executionId="94cb3584-8084-4613-916f-0847439cddb9" testId="d2fdd3fd-acc6-e591-6b4b-9f9d210fd7f2" testName="WhenIntersectDoesNotHaveAKey_ShouldFail" computerName="pkrvmsl9tci6h6u" duration="00:00:00.0021969" startTime="2025-08-09T21:08:18.4074194+00:00" endTime="2025-08-09T21:08:18.4096552+00:00" testType="13cdc9d9-ddb5-4fa4-a97d-d965ccfc6d4b" outcome="Passed" testListId="8c84fa94-04c1-424b-9868-57a2d4851a1d" relativeResultsDirectory="94cb3584-8084-4613-916f-0847439cddb9" />
    <UnitTestResult executionId="2f92a052-6f8f-4dc7-a539-762f3c85720b" testId="58f5f7f9-d939-6357-c1c7-c36715b5bea7" testName="WhenIntAndUIntUsed_ShouldHaveColumnOfThatType" computerName="pkrvmsl9tci6h6u" duration="00:00:00.1404349" startTime="2025-08-09T21:07:35.9015370+00:00" endTime="2025-08-09T21:07:36.0421190+00:00" testType="13cdc9d9-ddb5-4fa4-a97d-d965ccfc6d4b" outcome="Passed" testListId="8c84fa94-04c1-424b-9868-57a2d4851a1d" relativeResultsDirectory="2f92a052-6f8f-4dc7-a539-762f3c85720b" />
    <UnitTestResult executionId="abac34a8-7a38-4d44-aa32-d8f43943c5c7" testId="f14d37ac-17c6-369c-fd2f-5addbbf185b9" testName="WhenNullableBooleanFieldWithShortenedSyntaxApplied_ShouldPass" computerName="pkrvmsl9tci6h6u" duration="00:00:00.0568659" startTime="2025-08-09T21:08:09.1124426+00:00" endTime="2025-08-09T21:08:09.1693888+00:00" testType="13cdc9d9-ddb5-4fa4-a97d-d965ccfc6d4b" outcome="Passed" testListId="8c84fa94-04c1-424b-9868-57a2d4851a1d" relativeResultsDirectory="abac34a8-7a38-4d44-aa32-d8f43943c5c7" />
    <UnitTestResult executionId="9fd73e3b-8b54-4a8d-bc50-2f623d9be87a" testId="60d189d9-8078-fa50-93df-09ba5b77c07f" testName="WhenMethodCallDoesNotHaveAlias_ShouldThrows" computerName="pkrvmsl9tci6h6u" duration="00:00:00.0035634" startTime="2025-08-09T21:08:09.3765975+00:00" endTime="2025-08-09T21:08:09.3802451+00:00" testType="13cdc9d9-ddb5-4fa4-a97d-d965ccfc6d4b" outcome="Passed" testListId="8c84fa94-04c1-424b-9868-57a2d4851a1d" relativeResultsDirectory="9fd73e3b-8b54-4a8d-bc50-2f623d9be87a" />
    <UnitTestResult executionId="a640d2a5-15d9-47f8-8e75-9ee13da47d32" testId="cf9a916c-2a6f-e32b-15bc-64e4c2eab516" testName="CrossApplyProperty_MultiplePrimitiveArrays_ShouldPass" computerName="pkrvmsl9tci6h6u" duration="00:00:00.0441460" startTime="2025-08-09T21:07:59.6436347+00:00" endTime="2025-08-09T21:07:59.6878570+00:00" testType="13cdc9d9-ddb5-4fa4-a97d-d965ccfc6d4b" outcome="Passed" testListId="8c84fa94-04c1-424b-9868-57a2d4851a1d" relativeResultsDirectory="a640d2a5-15d9-47f8-8e75-9ee13da47d32" />
    <UnitTestResult executionId="489e2bf6-85cb-471b-9e5a-88d40f067ae7" testId="0ea1e89b-945f-a96c-a35c-e809ded84f1d" testName="WhenDoubleAndSByteUsed_ShouldHaveColumnOfThatType" computerName="pkrvmsl9tci6h6u" duration="00:00:00.1020682" startTime="2025-08-09T21:07:40.7291107+00:00" endTime="2025-08-09T21:07:40.8312791+00:00" testType="13cdc9d9-ddb5-4fa4-a97d-d965ccfc6d4b" outcome="Passed" testListId="8c84fa94-04c1-424b-9868-57a2d4851a1d" relativeResultsDirectory="489e2bf6-85cb-471b-9e5a-88d40f067ae7" />
    <UnitTestResult executionId="27084a0f-6c0d-4b1b-b2bc-ee2a194fa809" testId="00189caf-ff8f-7381-167f-0f97990ffadb" testName="SelectDecimalWithoutMarkingNumberExplicitlyTest" computerName="pkrvmsl9tci6h6u" duration="00:00:00.0257691" startTime="2025-08-09T21:08:19.7730823+00:00" endTime="2025-08-09T21:08:19.7989284+00:00" testType="13cdc9d9-ddb5-4fa4-a97d-d965ccfc6d4b" outcome="Passed" testListId="8c84fa94-04c1-424b-9868-57a2d4851a1d" relativeResultsDirectory="27084a0f-6c0d-4b1b-b2bc-ee2a194fa809" />
    <UnitTestResult executionId="5b47f76c-5d56-40ea-921b-977fa99ea313" testId="d5bbd898-259a-8352-6772-ad38e59e6edb" testName="WhenQuoteEscaped_ShouldBePresent" computerName="pkrvmsl9tci6h6u" duration="00:00:00.0352689" startTime="2025-08-09T21:08:02.6874126+00:00" endTime="2025-08-09T21:08:02.7227457+00:00" testType="13cdc9d9-ddb5-4fa4-a97d-d965ccfc6d4b" outcome="Passed" testListId="8c84fa94-04c1-424b-9868-57a2d4851a1d" relativeResultsDirectory="5b47f76c-5d56-40ea-921b-977fa99ea313" />
    <UnitTestResult executionId="19a8b0e6-10dc-4862-811d-51877700d430" testId="ce38a169-227a-bd55-47e0-25f899986190" testName="WhenToStringCalled_ShouldReturnSameQuery (select b.* from #some.thing() a outer apply #some.thing() b)" computerName="pkrvmsl9tci6h6u" duration="00:00:00.0005973" startTime="2025-08-09T21:08:21.5309041+00:00" endTime="2025-08-09T21:08:21.5315809+00:00" testType="13cdc9d9-ddb5-4fa4-a97d-d965ccfc6d4b" outcome="Passed" testListId="8c84fa94-04c1-424b-9868-57a2d4851a1d" relativeResultsDirectory="19a8b0e6-10dc-4862-811d-51877700d430" />
    <UnitTestResult executionId="8ae11dca-5703-415c-9e7e-d3c9315f8cfd" testId="3eaec7de-58b4-c4e8-59ca-0c7d154e726b" testName="WhenBitwiseAndBetweenShortAndShort_ShouldBeEvaluated" computerName="pkrvmsl9tci6h6u" duration="00:00:00.0456535" startTime="2025-08-09T21:07:48.1582043+00:00" endTime="2025-08-09T21:07:48.2039630+00:00" testType="13cdc9d9-ddb5-4fa4-a97d-d965ccfc6d4b" outcome="Passed" testListId="8c84fa94-04c1-424b-9868-57a2d4851a1d" relativeResultsDirectory="8ae11dca-5703-415c-9e7e-d3c9315f8cfd" />
    <UnitTestResult executionId="ce6aab05-8f66-4e6a-8774-b6cfe9a8c699" testId="8c47a119-01be-cd78-d612-ccc6b18e4c3f" testName="WhenBitwiseXorBetweenUIntAndInt_ShouldBeEvaluated" computerName="pkrvmsl9tci6h6u" duration="00:00:00.0426588" startTime="2025-08-09T21:07:54.9382393+00:00" endTime="2025-08-09T21:07:54.9809760+00:00" testType="13cdc9d9-ddb5-4fa4-a97d-d965ccfc6d4b" outcome="Passed" testListId="8c84fa94-04c1-424b-9868-57a2d4851a1d" relativeResultsDirectory="ce6aab05-8f66-4e6a-8774-b6cfe9a8c699" />
    <UnitTestResult executionId="67269f0f-2b15-47eb-9260-d4803aaa2a89" testId="75a535dc-6c53-101b-61eb-87e32d73e7c2" testName="WhenByteAndDecimalUsed_ShouldHaveColumnOfDecimalType" computerName="pkrvmsl9tci6h6u" duration="00:00:00.1448065" startTime="2025-08-09T21:07:30.5368909+00:00" endTime="2025-08-09T21:07:30.6818691+00:00" testType="13cdc9d9-ddb5-4fa4-a97d-d965ccfc6d4b" outcome="Passed" testListId="8c84fa94-04c1-424b-9868-57a2d4851a1d" relativeResultsDirectory="67269f0f-2b15-47eb-9260-d4803aaa2a89" />
    <UnitTestResult executionId="424bf2b2-1602-4c70-96a8-590939e1d9c6" testId="29eee7c2-438c-b3e3-fdc1-a2d9d61166ca" testName="WhenToStringCalled_ShouldReturnSameQuery (select somethingVeryLong.* from #some.thing(true) somethingVeryLong)" computerName="pkrvmsl9tci6h6u" duration="00:00:00.0005120" startTime="2025-08-09T21:08:21.5237139+00:00" endTime="2025-08-09T21:08:21.5242944+00:00" testType="13cdc9d9-ddb5-4fa4-a97d-d965ccfc6d4b" outcome="Passed" testListId="8c84fa94-04c1-424b-9868-57a2d4851a1d" relativeResultsDirectory="424bf2b2-1602-4c70-96a8-590939e1d9c6" />
    <UnitTestResult executionId="e1c8d1b4-bb1c-4b7c-b6e3-32ef9656f1ee" testId="ef21c382-efea-72e6-4194-dcbf27436a93" testName="WhenSkipFirstLetterAndTakeAnotherLetter_ShouldReturnSecondLetter" computerName="pkrvmsl9tci6h6u" duration="00:00:00.0565493" startTime="2025-08-09T21:08:03.5761851+00:00" endTime="2025-08-09T21:08:03.6327974+00:00" testType="13cdc9d9-ddb5-4fa4-a97d-d965ccfc6d4b" outcome="Passed" testListId="8c84fa94-04c1-424b-9868-57a2d4851a1d" relativeResultsDirectory="e1c8d1b4-bb1c-4b7c-b6e3-32ef9656f1ee" />
    <UnitTestResult executionId="0e19e5f0-e266-4cee-801c-9b8d6bce8c4c" testId="5b1dca16-3e49-bb05-16df-6ea19eaef175" testName="WhenBitwiseOrBetweenIntAndInt_ShouldBeEvaluated" computerName="pkrvmsl9tci6h6u" duration="00:00:00.0267771" startTime="2025-08-09T21:07:51.7289802+00:00" endTime="2025-08-09T21:07:51.7558334+00:00" testType="13cdc9d9-ddb5-4fa4-a97d-d965ccfc6d4b" outcome="Passed" testListId="8c84fa94-04c1-424b-9868-57a2d4851a1d" relativeResultsDirectory="0e19e5f0-e266-4cee-801c-9b8d6bce8c4c" />
    <UnitTestResult executionId="5fcd03f9-4b29-4c3a-9c81-a6af9adae07f" testId="50795332-6fc6-1bbd-99bd-6fb6dea21ef5" testName="SimpleRightJoinTest" computerName="pkrvmsl9tci6h6u" duration="00:00:00.0508034" startTime="2025-08-09T21:08:07.8189810+00:00" endTime="2025-08-09T21:08:07.8698493+00:00" testType="13cdc9d9-ddb5-4fa4-a97d-d965ccfc6d4b" outcome="Passed" testListId="8c84fa94-04c1-424b-9868-57a2d4851a1d" relativeResultsDirectory="5fcd03f9-4b29-4c3a-9c81-a6af9adae07f" />
    <UnitTestResult executionId="e7e49c25-4c72-43fe-87b6-42c193aace59" testId="ef463222-b7d1-83ff-8b0a-495c5300c4a9" testName="WhenCrossApplyAndMethodWithOneParameterAndDefaultParameterUsed_ShouldPass" computerName="pkrvmsl9tci6h6u" duration="00:00:00.0631606" startTime="2025-08-09T21:07:58.4060636+00:00" endTime="2025-08-09T21:07:58.4692957+00:00" testType="13cdc9d9-ddb5-4fa4-a97d-d965ccfc6d4b" outcome="Passed" testListId="8c84fa94-04c1-424b-9868-57a2d4851a1d" relativeResultsDirectory="e7e49c25-4c72-43fe-87b6-42c193aace59" />
    <UnitTestResult executionId="794e10ac-f530-4442-af0d-d10a5473d2b7" testId="a2869e88-fd6e-2049-dce1-9268bff7d3a1" testName="WhenSByteMethodCallAndSByteUsed_ShouldHaveColumnOfThatType" computerName="pkrvmsl9tci6h6u" duration="00:00:00.0461498" startTime="2025-08-09T21:07:42.5509200+00:00" endTime="2025-08-09T21:07:42.5971826+00:00" testType="13cdc9d9-ddb5-4fa4-a97d-d965ccfc6d4b" outcome="Passed" testListId="8c84fa94-04c1-424b-9868-57a2d4851a1d" relativeResultsDirectory="794e10ac-f530-4442-af0d-d10a5473d2b7" />
    <UnitTestResult executionId="95b60840-4a3a-4bf1-b10e-45f3a9749491" testId="6a1b7daf-9752-0a61-7f1d-da50f3fa6a8d" testName="WhenBitwiseAndBetweenUIntAndUShort_ShouldBeEvaluated" computerName="pkrvmsl9tci6h6u" duration="00:00:00.0644272" startTime="2025-08-09T21:07:48.8908849+00:00" endTime="2025-08-09T21:07:48.9554160+00:00" testType="13cdc9d9-ddb5-4fa4-a97d-d965ccfc6d4b" outcome="Passed" testListId="8c84fa94-04c1-424b-9868-57a2d4851a1d" relativeResultsDirectory="95b60840-4a3a-4bf1-b10e-45f3a9749491" />
    <UnitTestResult executionId="9f2a60e0-e505-4d93-a751-03f9b1c831a4" testId="a4b3cb2d-2353-c530-d8af-1339b49638d8" testName="WhenNullableBooleanFields_ForBinaryOperator_WithMixedSyntaxApplied_SecondExpression_ShouldPass" computerName="pkrvmsl9tci6h6u" duration="00:00:00.0458865" startTime="2025-08-09T21:08:09.3305510+00:00" endTime="2025-08-09T21:08:09.3765457+00:00" testType="13cdc9d9-ddb5-4fa4-a97d-d965ccfc6d4b" outcome="Passed" testListId="8c84fa94-04c1-424b-9868-57a2d4851a1d" relativeResultsDirectory="9f2a60e0-e505-4d93-a751-03f9b1c831a4" />
    <UnitTestResult executionId="409d00f2-e7eb-4673-b9a7-25c6fe75eeac" testId="01eb3f77-0a50-63ff-e710-059eef36fc35" testName="JoinWithUnionTest" computerName="pkrvmsl9tci6h6u" duration="00:00:00.1054075" startTime="2025-08-09T21:08:07.1588482+00:00" endTime="2025-08-09T21:08:07.2643307+00:00" testType="13cdc9d9-ddb5-4fa4-a97d-d965ccfc6d4b" outcome="Passed" testListId="8c84fa94-04c1-424b-9868-57a2d4851a1d" relativeResultsDirectory="409d00f2-e7eb-4673-b9a7-25c6fe75eeac" />
    <UnitTestResult executionId="bce7f60b-2a74-49c6-81f6-fc74bf40415c" testId="d52385c4-6f4c-d1c1-66ed-c8ab44fc5a85" testName="WhenUShortMethodCallAndIntUsed_ShouldHaveColumnOfThatType" computerName="pkrvmsl9tci6h6u" duration="00:00:00.0499348" startTime="2025-08-09T21:07:43.4804412+00:00" endTime="2025-08-09T21:07:43.5304833+00:00" testType="13cdc9d9-ddb5-4fa4-a97d-d965ccfc6d4b" outcome="Passed" testListId="8c84fa94-04c1-424b-9868-57a2d4851a1d" relativeResultsDirectory="bce7f60b-2a74-49c6-81f6-fc74bf40415c" />
    <UnitTestResult executionId="a4d2b5bf-08c1-4398-a36b-29ba6a59866b" testId="514d5f47-0bf3-1c17-794d-cb6eef20edfb" testName="WhenNegativeShortUsed_ShouldHaveColumnOfThatType" computerName="pkrvmsl9tci6h6u" duration="00:00:00.0377429" startTime="2025-08-09T21:08:10.9302981+00:00" endTime="2025-08-09T21:08:10.9681046+00:00" testType="13cdc9d9-ddb5-4fa4-a97d-d965ccfc6d4b" outcome="Passed" testListId="8c84fa94-04c1-424b-9868-57a2d4851a1d" relativeResultsDirectory="a4d2b5bf-08c1-4398-a36b-29ba6a59866b" />
    <UnitTestResult executionId="a684e408-353a-42fa-8fa4-721295b19279" testId="0b0e0158-c01e-aa3d-6c34-faabcd8ac3ce" testName="WhenBitwiseShiftRightUShort_ShouldBeEvaluated" computerName="pkrvmsl9tci6h6u" duration="00:00:00.0405230" startTime="2025-08-09T21:07:56.1014421+00:00" endTime="2025-08-09T21:07:56.1420269+00:00" testType="13cdc9d9-ddb5-4fa4-a97d-d965ccfc6d4b" outcome="Passed" testListId="8c84fa94-04c1-424b-9868-57a2d4851a1d" relativeResultsDirectory="a684e408-353a-42fa-8fa4-721295b19279" />
    <UnitTestResult executionId="00104ebe-94c3-4127-99a6-846e9c444570" testId="d6d587fc-ad8f-d65a-5c6e-759f95081e39" testName="WhenBitwiseOrBetweenUIntAndLong_ShouldBeEvaluated" computerName="pkrvmsl9tci6h6u" duration="00:00:00.0688711" startTime="2025-08-09T21:07:52.1959794+00:00" endTime="2025-08-09T21:07:52.2649303+00:00" testType="13cdc9d9-ddb5-4fa4-a97d-d965ccfc6d4b" outcome="Passed" testListId="8c84fa94-04c1-424b-9868-57a2d4851a1d" relativeResultsDirectory="00104ebe-94c3-4127-99a6-846e9c444570" />
    <UnitTestResult executionId="6998cb55-785e-46f7-ae0a-dc98f8cc95ed" testId="77177b4c-9f2c-f3e2-f932-42773e798f3f" testName="WhenSpecialCharacterStartBracketUsedInTextWith_MustNotThrow (&amp;)" computerName="pkrvmsl9tci6h6u" duration="00:00:00.0362667" startTime="2025-08-09T21:08:22.2063071+00:00" endTime="2025-08-09T21:08:22.2427119+00:00" testType="13cdc9d9-ddb5-4fa4-a97d-d965ccfc6d4b" outcome="Passed" testListId="8c84fa94-04c1-424b-9868-57a2d4851a1d" relativeResultsDirectory="6998cb55-785e-46f7-ae0a-dc98f8cc95ed" />
    <UnitTestResult executionId="2dd44df3-6b55-4786-a237-6f88f9cef22a" testId="6063613d-b2e2-a02f-8fe4-9b97217f2c5a" testName="WhenLargeDecimalUsed_ShouldHaveColumnOfThatType" computerName="pkrvmsl9tci6h6u" duration="00:00:00.0274906" startTime="2025-08-09T21:08:11.4165415+00:00" endTime="2025-08-09T21:08:11.4441441+00:00" testType="13cdc9d9-ddb5-4fa4-a97d-d965ccfc6d4b" outcome="Passed" testListId="8c84fa94-04c1-424b-9868-57a2d4851a1d" relativeResultsDirectory="2dd44df3-6b55-4786-a237-6f88f9cef22a" />
    <UnitTestResult executionId="507d4879-ac8e-44f1-8724-622370add2bc" testId="a8f31f17-56b1-0fe4-d690-978ce7a80199" testName="WhenPassedEnvironmentVariables_JoinedDataSources_ShouldListThemAll" computerName="pkrvmsl9tci6h6u" duration="00:00:00.0333066" startTime="2025-08-09T21:08:02.5036014+00:00" endTime="2025-08-09T21:08:02.5369820+00:00" testType="13cdc9d9-ddb5-4fa4-a97d-d965ccfc6d4b" outcome="Passed" testListId="8c84fa94-04c1-424b-9868-57a2d4851a1d" relativeResultsDirectory="507d4879-ac8e-44f1-8724-622370add2bc" />
    <UnitTestResult executionId="2aa7a62d-bbf1-47df-854e-f31e83ed0f89" testId="f93c1993-f0a9-4077-72de-7c52c8818519" testName="WhenBitwiseOrBetweenUIntAndShort_ShouldBeEvaluated" computerName="pkrvmsl9tci6h6u" duration="00:00:00.0470637" startTime="2025-08-09T21:07:52.0055372+00:00" endTime="2025-08-09T21:07:52.0527219+00:00" testType="13cdc9d9-ddb5-4fa4-a97d-d965ccfc6d4b" outcome="Passed" testListId="8c84fa94-04c1-424b-9868-57a2d4851a1d" relativeResultsDirectory="2aa7a62d-bbf1-47df-854e-f31e83ed0f89" />
    <UnitTestResult executionId="c3881c0e-03c8-479d-9b2f-e216b27eeae0" testId="0fb2fffc-8b58-36f1-3348-5af5862f41d4" testName="WhenLargeUIntUsed_ShouldHaveColumnOfThatType" computerName="pkrvmsl9tci6h6u" duration="00:00:00.0349834" startTime="2025-08-09T21:08:11.2908941+00:00" endTime="2025-08-09T21:08:11.3259427+00:00" testType="13cdc9d9-ddb5-4fa4-a97d-d965ccfc6d4b" outcome="Passed" testListId="8c84fa94-04c1-424b-9868-57a2d4851a1d" relativeResultsDirectory="c3881c0e-03c8-479d-9b2f-e216b27eeae0" />
    <UnitTestResult executionId="8fcf1258-d6d3-4e77-ae6e-4566f16b4c5c" testId="eb9b1792-3dbb-d168-07cd-363c75c91d17" testName="WhenUIntMethodCallAndShortUsed_ShouldHaveColumnOfThatType" computerName="pkrvmsl9tci6h6u" duration="00:00:00.0514731" startTime="2025-08-09T21:07:44.2335238+00:00" endTime="2025-08-09T21:07:44.2851271+00:00" testType="13cdc9d9-ddb5-4fa4-a97d-d965ccfc6d4b" outcome="Passed" testListId="8c84fa94-04c1-424b-9868-57a2d4851a1d" relativeResultsDirectory="8fcf1258-d6d3-4e77-ae6e-4566f16b4c5c" />
    <UnitTestResult executionId="48158840-6566-4a84-981c-7b12a15a1519" testId="11b0ebc2-49fa-5615-95a9-28e5bd7870e7" testName="WhenValueOfDecimalTypeOccured_ShouldHaveColumnOfThatType" computerName="pkrvmsl9tci6h6u" duration="00:00:00.0444978" startTime="2025-08-09T21:08:15.3153403+00:00" endTime="2025-08-09T21:08:15.3599048+00:00" testType="13cdc9d9-ddb5-4fa4-a97d-d965ccfc6d4b" outcome="Passed" testListId="8c84fa94-04c1-424b-9868-57a2d4851a1d" relativeResultsDirectory="48158840-6566-4a84-981c-7b12a15a1519" />
    <UnitTestResult executionId="90cd2b19-d764-49be-ab13-3aee0ab5bcba" testId="b2630cd9-bf16-f8be-87b5-70d1d1308b9d" testName="WhenSpecialCharacterStartBracketUsedInTextWith_MustNotThrow (.)" computerName="pkrvmsl9tci6h6u" duration="00:00:00.0243181" startTime="2025-08-09T21:08:22.5713889+00:00" endTime="2025-08-09T21:08:22.5958276+00:00" testType="13cdc9d9-ddb5-4fa4-a97d-d965ccfc6d4b" outcome="Passed" testListId="8c84fa94-04c1-424b-9868-57a2d4851a1d" relativeResultsDirectory="90cd2b19-d764-49be-ab13-3aee0ab5bcba" />
    <UnitTestResult executionId="5b11c4a3-c0f9-4731-a003-93d9272db3a1" testId="bbd09666-5110-9629-2c1a-585fa6a327f5" testName="CrossApply_InnerJoinAndUseProperty_ShouldPass" computerName="pkrvmsl9tci6h6u" duration="00:00:00.0804281" startTime="2025-08-09T21:07:59.1815390+00:00" endTime="2025-08-09T21:07:59.2620819+00:00" testType="13cdc9d9-ddb5-4fa4-a97d-d965ccfc6d4b" outcome="Passed" testListId="8c84fa94-04c1-424b-9868-57a2d4851a1d" relativeResultsDirectory="5b11c4a3-c0f9-4731-a003-93d9272db3a1" />
    <UnitTestResult executionId="2a0c9159-12b8-4054-b0b7-8c5f9cdf7cb7" testId="1fb0db95-958c-0582-a508-7df7b911aae9" testName="CountWithFakeGroupByTest" computerName="pkrvmsl9tci6h6u" duration="00:00:00.0544540" startTime="2025-08-09T21:08:05.5558913+00:00" endTime="2025-08-09T21:08:05.6104200+00:00" testType="13cdc9d9-ddb5-4fa4-a97d-d965ccfc6d4b" outcome="Passed" testListId="8c84fa94-04c1-424b-9868-57a2d4851a1d" relativeResultsDirectory="2a0c9159-12b8-4054-b0b7-8c5f9cdf7cb7" />
    <UnitTestResult executionId="aa76b57e-1ad6-41e4-9175-8d97279029d9" testId="543200ba-360d-f1e2-9edb-3d3e258d8af1" testName="WhenDoubleAndULongUsed_ShouldHaveColumnOfThatType" computerName="pkrvmsl9tci6h6u" duration="00:00:00.0827539" startTime="2025-08-09T21:07:41.3373408+00:00" endTime="2025-08-09T21:07:41.4202042+00:00" testType="13cdc9d9-ddb5-4fa4-a97d-d965ccfc6d4b" outcome="Passed" testListId="8c84fa94-04c1-424b-9868-57a2d4851a1d" relativeResultsDirectory="aa76b57e-1ad6-41e4-9175-8d97279029d9" />
    <UnitTestResult executionId="430052fb-a964-47b2-90e1-bd285863a861" testId="b2c08662-fffe-d036-cfdb-352d85e2f4df" testName="WhenWrongTypeBetweenUnionAll_ShouldFail" computerName="pkrvmsl9tci6h6u" duration="00:00:00.0023058" startTime="2025-08-09T21:08:18.3764992+00:00" endTime="2025-08-09T21:08:18.3788446+00:00" testType="13cdc9d9-ddb5-4fa4-a97d-d965ccfc6d4b" outcome="Passed" testListId="8c84fa94-04c1-424b-9868-57a2d4851a1d" relativeResultsDirectory="430052fb-a964-47b2-90e1-bd285863a861" />
    <UnitTestResult executionId="a6fe0817-6024-42fa-8c2c-1d4a6a19ccd0" testId="fb0ebea0-4021-47dd-2188-2c5b34606326" testName="WhenToStringCalled_ShouldReturnSameQuery (select s.Column1, s.Column2 from #some.thing() s where s.Column2 is not null order by s.Column1 skip 8)" computerName="pkrvmsl9tci6h6u" duration="00:00:00.0011451" startTime="2025-08-09T21:08:21.5016765+00:00" endTime="2025-08-09T21:08:21.5028910+00:00" testType="13cdc9d9-ddb5-4fa4-a97d-d965ccfc6d4b" outcome="Passed" testListId="8c84fa94-04c1-424b-9868-57a2d4851a1d" relativeResultsDirectory="a6fe0817-6024-42fa-8c2c-1d4a6a19ccd0" />
    <UnitTestResult executionId="328824f9-8018-45fa-af54-2192b74e4ad1" testId="925cd58b-38cb-e175-da79-241c3ab12c18" testName="UnionAllSourceGroupByTest" computerName="pkrvmsl9tci6h6u" duration="00:00:00.0766781" startTime="2025-08-09T21:08:18.0010430+00:00" endTime="2025-08-09T21:08:18.0777971+00:00" testType="13cdc9d9-ddb5-4fa4-a97d-d965ccfc6d4b" outcome="Passed" testListId="8c84fa94-04c1-424b-9868-57a2d4851a1d" relativeResultsDirectory="328824f9-8018-45fa-af54-2192b74e4ad1" />
    <UnitTestResult executionId="93695d8e-7d0a-40f7-949f-79e4de338cf2" testId="a3227488-0647-0ef1-d34e-ad3f35c9d5f9" testName="WhenUIntAndLongUsed_ShouldHaveColumnOfThatType" computerName="pkrvmsl9tci6h6u" duration="00:00:00.1427536" startTime="2025-08-09T21:07:37.5169446+00:00" endTime="2025-08-09T21:07:37.6598396+00:00" testType="13cdc9d9-ddb5-4fa4-a97d-d965ccfc6d4b" outcome="Passed" testListId="8c84fa94-04c1-424b-9868-57a2d4851a1d" relativeResultsDirectory="93695d8e-7d0a-40f7-949f-79e4de338cf2" />
    <UnitTestResult executionId="a1f078ed-14aa-47b4-94fc-697fdd40aafc" testId="85a2db36-6340-e82f-9435-5cfdc5cdee37" testName="WhenSpecialCharacterStartBracketUsedInTextWith_MustNotThrow ())" computerName="pkrvmsl9tci6h6u" duration="00:00:00.0596393" startTime="2025-08-09T21:08:21.8927621+00:00" endTime="2025-08-09T21:08:21.9525214+00:00" testType="13cdc9d9-ddb5-4fa4-a97d-d965ccfc6d4b" outcome="Passed" testListId="8c84fa94-04c1-424b-9868-57a2d4851a1d" relativeResultsDirectory="a1f078ed-14aa-47b4-94fc-697fdd40aafc" />
    <UnitTestResult executionId="6e035b2f-1a14-47a6-a285-a71e2974f0fb" testId="c2fe7f0f-adb1-4308-8b3b-d3470afc5082" testName="WhenToStringCalled_ShouldReturnSameQuery (select s.Column1, s.Column2 from #some.thing() s where s.Column1 &gt; 100 group by s.Column2 skip 3 take 7)" computerName="pkrvmsl9tci6h6u" duration="00:00:00.0010846" startTime="2025-08-09T21:08:21.5153678+00:00" endTime="2025-08-09T21:08:21.5165165+00:00" testType="13cdc9d9-ddb5-4fa4-a97d-d965ccfc6d4b" outcome="Passed" testListId="8c84fa94-04c1-424b-9868-57a2d4851a1d" relativeResultsDirectory="6e035b2f-1a14-47a6-a285-a71e2974f0fb" />
    <UnitTestResult executionId="12eb35f9-05f9-4965-af2c-77bf9b3dad5b" testId="006c7d07-61d9-be07-6477-a61359af6e76" testName="WhenBitwiseOrBetweenShortAndByte_ShouldBeEvaluated" computerName="pkrvmsl9tci6h6u" duration="00:00:00.0510600" startTime="2025-08-09T21:07:51.1890051+00:00" endTime="2025-08-09T21:07:51.2402058+00:00" testType="13cdc9d9-ddb5-4fa4-a97d-d965ccfc6d4b" outcome="Passed" testListId="8c84fa94-04c1-424b-9868-57a2d4851a1d" relativeResultsDirectory="12eb35f9-05f9-4965-af2c-77bf9b3dad5b" />
    <UnitTestResult executionId="476fcc31-36e6-4050-87b1-9df85f62c00e" testId="8b05cb7a-f451-9699-bcff-9c84e99f933f" testName="WhenToStringCalled_ShouldReturnSameQuery (select s.Column1, s.Column2 from #some.thing() s where s.Column1 &gt; 0 group by s.Column2 order by s.Column1 skip 2 take 5)" computerName="pkrvmsl9tci6h6u" duration="00:00:00.0013787" startTime="2025-08-09T21:08:21.5203614+00:00" endTime="2025-08-09T21:08:21.5218087+00:00" testType="13cdc9d9-ddb5-4fa4-a97d-d965ccfc6d4b" outcome="Passed" testListId="8c84fa94-04c1-424b-9868-57a2d4851a1d" relativeResultsDirectory="476fcc31-36e6-4050-87b1-9df85f62c00e" />
    <UnitTestResult executionId="d01e483d-2dad-4a44-8e8b-8cedbcec3d6a" testId="107468cf-8688-339a-d41a-5ec9d676e49f" testName="WhenIntMethodCallAndIntUsed_ShouldHaveColumnOfThatType" computerName="pkrvmsl9tci6h6u" duration="00:00:00.0495965" startTime="2025-08-09T21:07:43.9422396+00:00" endTime="2025-08-09T21:07:43.9919828+00:00" testType="13cdc9d9-ddb5-4fa4-a97d-d965ccfc6d4b" outcome="Passed" testListId="8c84fa94-04c1-424b-9868-57a2d4851a1d" relativeResultsDirectory="d01e483d-2dad-4a44-8e8b-8cedbcec3d6a" />
    <UnitTestResult executionId="5c79a9e2-c54d-4346-b7fb-731af6883510" testId="13cceb2d-3e57-ff46-05c5-393177549b01" testName="WhenLongMethodCallAndUShortUsed_ShouldHaveColumnOfThatType" computerName="pkrvmsl9tci6h6u" duration="00:00:00.0400368" startTime="2025-08-09T21:07:44.6868589+00:00" endTime="2025-08-09T21:07:44.7270239+00:00" testType="13cdc9d9-ddb5-4fa4-a97d-d965ccfc6d4b" outcome="Passed" testListId="8c84fa94-04c1-424b-9868-57a2d4851a1d" relativeResultsDirectory="5c79a9e2-c54d-4346-b7fb-731af6883510" />
    <UnitTestResult executionId="414f32a8-9207-4bca-bc73-db02c9b94f1f" testId="de6a00b1-7ad3-f789-944c-1be6ba94b1e2" testName="WhenUnicodeEscaped_ShouldBePresent" computerName="pkrvmsl9tci6h6u" duration="00:00:00.0353481" startTime="2025-08-09T21:08:02.8289596+00:00" endTime="2025-08-09T21:08:02.8643720+00:00" testType="13cdc9d9-ddb5-4fa4-a97d-d965ccfc6d4b" outcome="Passed" testListId="8c84fa94-04c1-424b-9868-57a2d4851a1d" relativeResultsDirectory="414f32a8-9207-4bca-bc73-db02c9b94f1f" />
    <UnitTestResult executionId="c9d51bfa-4dbe-4c42-8f90-7a95d06b803d" testId="d0191615-1ba7-4ad1-f90d-239408588627" testName="WhenBitwiseAndBetweenUIntAndLong_ShouldBeEvaluated" computerName="pkrvmsl9tci6h6u" duration="00:00:00.0544042" startTime="2025-08-09T21:07:49.0434076+00:00" endTime="2025-08-09T21:07:49.0979197+00:00" testType="13cdc9d9-ddb5-4fa4-a97d-d965ccfc6d4b" outcome="Passed" testListId="8c84fa94-04c1-424b-9868-57a2d4851a1d" relativeResultsDirectory="c9d51bfa-4dbe-4c42-8f90-7a95d06b803d" />
    <UnitTestResult executionId="d0127702-ae89-4cc7-b5aa-1551e23d7101" testId="06688e97-6824-abb5-c482-a4007e36bd97" testName="WhenBitwiseOrBetweenByteAndSByte_ShouldBeEvaluated" computerName="pkrvmsl9tci6h6u" duration="00:00:00.0326803" startTime="2025-08-09T21:07:50.4545918+00:00" endTime="2025-08-09T21:07:50.4873759+00:00" testType="13cdc9d9-ddb5-4fa4-a97d-d965ccfc6d4b" outcome="Passed" testListId="8c84fa94-04c1-424b-9868-57a2d4851a1d" relativeResultsDirectory="d0127702-ae89-4cc7-b5aa-1551e23d7101" />
    <UnitTestResult executionId="b4b8219e-e1ef-4d72-96c7-b69ec4f7f66c" testId="de59eed8-0eec-48fa-b541-c70804006e26" testName="WhenBitwiseAndBetweenByteAndLong_ShouldBeEvaluated" computerName="pkrvmsl9tci6h6u" duration="00:00:00.0634912" startTime="2025-08-09T21:07:47.5599985+00:00" endTime="2025-08-09T21:07:47.6236066+00:00" testType="13cdc9d9-ddb5-4fa4-a97d-d965ccfc6d4b" outcome="Passed" testListId="8c84fa94-04c1-424b-9868-57a2d4851a1d" relativeResultsDirectory="b4b8219e-e1ef-4d72-96c7-b69ec4f7f66c" />
    <UnitTestResult executionId="5e8dd476-087b-455a-89f3-ccb4032ecf0c" testId="cb8344c5-fc48-c3b7-e052-f85f51c724e9" testName="WhenMultipleAliasesAroundCteQuery_RightOuterJoin_ShouldRetrieveValues" computerName="pkrvmsl9tci6h6u" duration="00:00:00.0811227" startTime="2025-08-09T21:08:08.5367979+00:00" endTime="2025-08-09T21:08:08.6180013+00:00" testType="13cdc9d9-ddb5-4fa4-a97d-d965ccfc6d4b" outcome="Passed" testListId="8c84fa94-04c1-424b-9868-57a2d4851a1d" relativeResultsDirectory="5e8dd476-087b-455a-89f3-ccb4032ecf0c" />
    <UnitTestResult executionId="3489cbaf-781c-4df9-a1eb-5553bedae3ad" testId="ab770ced-71b3-9ffe-750a-0d2a4a71695d" testName="EmptyStringTest" computerName="pkrvmsl9tci6h6u" duration="00:00:00.0242556" startTime="2025-08-09T21:08:18.6378877+00:00" endTime="2025-08-09T21:08:18.6621964+00:00" testType="13cdc9d9-ddb5-4fa4-a97d-d965ccfc6d4b" outcome="Passed" testListId="8c84fa94-04c1-424b-9868-57a2d4851a1d" relativeResultsDirectory="3489cbaf-781c-4df9-a1eb-5553bedae3ad" />
    <UnitTestResult executionId="ba806390-24cd-441a-a854-3c43cf98ea4d" testId="9f166767-98fa-9662-ebfa-acaace87dcfb" testName="ExceptDoubleSourceTest" computerName="pkrvmsl9tci6h6u" duration="00:00:00.0685643" startTime="2025-08-09T21:08:17.0602282+00:00" endTime="2025-08-09T21:08:17.1288634+00:00" testType="13cdc9d9-ddb5-4fa4-a97d-d965ccfc6d4b" outcome="Passed" testListId="8c84fa94-04c1-424b-9868-57a2d4851a1d" relativeResultsDirectory="ba806390-24cd-441a-a854-3c43cf98ea4d" />
    <UnitTestResult executionId="f3ac4051-7741-445f-bd13-3673c97f0012" testId="05ea81b5-e5de-a451-fd0e-25a275666681" testName="WhenUIntAndFloatUsed_ShouldHaveColumnOfThatType" computerName="pkrvmsl9tci6h6u" duration="00:00:00.1586269" startTime="2025-08-09T21:07:37.7852798+00:00" endTime="2025-08-09T21:07:37.9440268+00:00" testType="13cdc9d9-ddb5-4fa4-a97d-d965ccfc6d4b" outcome="Passed" testListId="8c84fa94-04c1-424b-9868-57a2d4851a1d" relativeResultsDirectory="f3ac4051-7741-445f-bd13-3673c97f0012" />
    <UnitTestResult executionId="3939e520-b119-4533-a066-2180bc579ee0" testId="30397df4-2aa2-238c-6612-f0b112fcdd49" testName="WhenSomeColumnsAreUsedAndNotEveryUsedTableHasUsedOwnColumns_MustNotThrow" computerName="pkrvmsl9tci6h6u" duration="00:00:00.0519487" startTime="2025-08-09T21:08:06.6505377+00:00" endTime="2025-08-09T21:08:06.7027656+00:00" testType="13cdc9d9-ddb5-4fa4-a97d-d965ccfc6d4b" outcome="Passed" testListId="8c84fa94-04c1-424b-9868-57a2d4851a1d" relativeResultsDirectory="3939e520-b119-4533-a066-2180bc579ee0" />
    <UnitTestResult executionId="dacf1809-3612-4de2-8f4f-a98e803f2cdb" testId="30eadcd1-f130-3efc-f8d4-a30a2b04f0bc" testName="WhenObjectIsNotArray_ShouldFail" computerName="pkrvmsl9tci6h6u" duration="00:00:00.0015639" startTime="2025-08-09T21:07:57.1080325+00:00" endTime="2025-08-09T21:07:57.1096338+00:00" testType="13cdc9d9-ddb5-4fa4-a97d-d965ccfc6d4b" outcome="Passed" testListId="8c84fa94-04c1-424b-9868-57a2d4851a1d" relativeResultsDirectory="dacf1809-3612-4de2-8f4f-a98e803f2cdb" />
    <UnitTestResult executionId="d406cc87-b49b-4589-9d88-54cdbe041a81" testId="0238cb12-1cd3-761a-6e11-cb526c07eae5" testName="WhenBitwiseAndBetweenUIntAndByte_ShouldBeEvaluated" computerName="pkrvmsl9tci6h6u" duration="00:00:00.0495445" startTime="2025-08-09T21:07:48.7601100+00:00" endTime="2025-08-09T21:07:48.8097571+00:00" testType="13cdc9d9-ddb5-4fa4-a97d-d965ccfc6d4b" outcome="Passed" testListId="8c84fa94-04c1-424b-9868-57a2d4851a1d" relativeResultsDirectory="d406cc87-b49b-4589-9d88-54cdbe041a81" />
    <UnitTestResult executionId="59e1007b-9055-483c-ab8d-ff42121e8ef2" testId="c362c419-f658-251f-1c7f-285c96f0374a" testName="WithDynamicSource_AccessArray_ShouldPass" computerName="pkrvmsl9tci6h6u" duration="00:00:00.0475629" startTime="2025-08-09T21:08:02.2562329+00:00" endTime="2025-08-09T21:08:02.3038973+00:00" testType="13cdc9d9-ddb5-4fa4-a97d-d965ccfc6d4b" outcome="Passed" testListId="8c84fa94-04c1-424b-9868-57a2d4851a1d" relativeResultsDirectory="59e1007b-9055-483c-ab8d-ff42121e8ef2" />
    <UnitTestResult executionId="b5a8c359-b812-4fd2-b80c-3ca742991d8b" testId="c21993c1-14a9-14c1-a645-6375641ff9e5" testName="WhenArgumentPassedToAliasedSchema_ShouldBeProperlyRecognized" computerName="pkrvmsl9tci6h6u" duration="00:00:00.0309900" startTime="2025-08-09T21:07:57.5921243+00:00" endTime="2025-08-09T21:07:57.6231870+00:00" testType="13cdc9d9-ddb5-4fa4-a97d-d965ccfc6d4b" outcome="Passed" testListId="8c84fa94-04c1-424b-9868-57a2d4851a1d" relativeResultsDirectory="b5a8c359-b812-4fd2-b80c-3ca742991d8b" />
    <UnitTestResult executionId="6cee86d8-f120-44b6-8554-9de5c6b85e55" testId="c605c67d-a5e0-b084-b16f-2cca49149809" testName="WhenIndistinctEnumerableChangesToArray_ShouldPass" computerName="pkrvmsl9tci6h6u" duration="00:00:00.0274007" startTime="2025-08-09T21:08:03.4836485+00:00" endTime="2025-08-09T21:08:03.5111256+00:00" testType="13cdc9d9-ddb5-4fa4-a97d-d965ccfc6d4b" outcome="Passed" testListId="8c84fa94-04c1-424b-9868-57a2d4851a1d" relativeResultsDirectory="6cee86d8-f120-44b6-8554-9de5c6b85e55" />
    <UnitTestResult executionId="c2457b24-1e95-47ff-9775-732c831c8224" testId="fdaeb775-bdac-5ec0-79b0-edcca60885bd" testName="WhenPassedEnvironmentVariables_ShouldListThemAll" computerName="pkrvmsl9tci6h6u" duration="00:00:00.0611639" startTime="2025-08-09T21:08:02.4423159+00:00" endTime="2025-08-09T21:08:02.5035408+00:00" testType="13cdc9d9-ddb5-4fa4-a97d-d965ccfc6d4b" outcome="Passed" testListId="8c84fa94-04c1-424b-9868-57a2d4851a1d" relativeResultsDirectory="c2457b24-1e95-47ff-9775-732c831c8224" />
    <UnitTestResult executionId="118f0143-5fb0-4824-bfb4-6955e576ba2b" testId="b4d44fa4-c958-d969-2eaf-ea0362319616" testName="WhenBitwiseOrBetweenIntAndLong_ShouldBeEvaluated" computerName="pkrvmsl9tci6h6u" duration="00:00:00.0610370" startTime="2025-08-09T21:07:51.7995492+00:00" endTime="2025-08-09T21:07:51.8606794+00:00" testType="13cdc9d9-ddb5-4fa4-a97d-d965ccfc6d4b" outcome="Passed" testListId="8c84fa94-04c1-424b-9868-57a2d4851a1d" relativeResultsDirectory="118f0143-5fb0-4824-bfb4-6955e576ba2b" />
    <UnitTestResult executionId="0f31975b-1ff9-431c-872d-6eaf30c8998d" testId="45ccba63-1770-2c7e-3647-dcecca481e2b" testName="WhenOrderByWithInnerJoin_ShouldSucceed" computerName="pkrvmsl9tci6h6u" duration="00:00:00.0376675" startTime="2025-08-09T21:08:12.8045391+00:00" endTime="2025-08-09T21:08:12.8423148+00:00" testType="13cdc9d9-ddb5-4fa4-a97d-d965ccfc6d4b" outcome="Passed" testListId="8c84fa94-04c1-424b-9868-57a2d4851a1d" relativeResultsDirectory="0f31975b-1ff9-431c-872d-6eaf30c8998d" />
    <UnitTestResult executionId="31115c5c-1437-4bff-a03c-ea1a816f5e32" testId="d7d076c9-abe4-a3e8-7ce0-40866875e65a" testName="WrongColumnNameWithHintTest" computerName="pkrvmsl9tci6h6u" duration="00:00:00.0017414" startTime="2025-08-09T21:08:18.4772160+00:00" endTime="2025-08-09T21:08:18.4790284+00:00" testType="13cdc9d9-ddb5-4fa4-a97d-d965ccfc6d4b" outcome="Passed" testListId="8c84fa94-04c1-424b-9868-57a2d4851a1d" relativeResultsDirectory="31115c5c-1437-4bff-a03c-ea1a816f5e32" />
    <UnitTestResult executionId="1858eb1c-ea3d-40e7-8c9c-4f5602d834f4" testId="2aa477c7-8855-f202-0bab-575cbf5a63af" testName="OuterApplyProperty_WithPrimitiveList_ShouldPass" computerName="pkrvmsl9tci6h6u" duration="00:00:00.0470146" startTime="2025-08-09T21:08:14.1593634+00:00" endTime="2025-08-09T21:08:14.2064540+00:00" testType="13cdc9d9-ddb5-4fa4-a97d-d965ccfc6d4b" outcome="Passed" testListId="8c84fa94-04c1-424b-9868-57a2d4851a1d" relativeResultsDirectory="1858eb1c-ea3d-40e7-8c9c-4f5602d834f4" />
    <UnitTestResult executionId="95375412-3324-4279-aef0-808c8a6f21e4" testId="f0f1f37f-8c43-468d-2e87-9c7673d91531" testName="WhenToStringCalled_ShouldReturnSameQuery (table Example { Id 'System.Int32' };)" computerName="pkrvmsl9tci6h6u" duration="00:00:00.0005156" startTime="2025-08-09T21:08:21.4681841+00:00" endTime="2025-08-09T21:08:21.4687695+00:00" testType="13cdc9d9-ddb5-4fa4-a97d-d965ccfc6d4b" outcome="Passed" testListId="8c84fa94-04c1-424b-9868-57a2d4851a1d" relativeResultsDirectory="95375412-3324-4279-aef0-808c8a6f21e4" />
    <UnitTestResult executionId="35f153e9-1811-4133-9d84-17431903fca3" testId="ef216043-78a4-10a7-8efd-f05811858815" testName="LeftOuterJoinPassMethodContextTest" computerName="pkrvmsl9tci6h6u" duration="00:00:00.0630379" startTime="2025-08-09T21:08:08.0076517+00:00" endTime="2025-08-09T21:08:08.0707725+00:00" testType="13cdc9d9-ddb5-4fa4-a97d-d965ccfc6d4b" outcome="Passed" testListId="8c84fa94-04c1-424b-9868-57a2d4851a1d" relativeResultsDirectory="35f153e9-1811-4133-9d84-17431903fca3" />
    <UnitTestResult executionId="2290a09a-4b91-4cc4-b648-1d27dc80e6f4" testId="b1abdeff-0b9b-3741-afd4-7eca04d293c2" testName="WhenAliasedStarUnfoldToMultipleColumns_AndAliasedStarIsUsedWithinAliasedFrom_ShouldPass" computerName="pkrvmsl9tci6h6u" duration="00:00:00.0532737" startTime="2025-08-09T21:08:21.3966064+00:00" endTime="2025-08-09T21:08:21.4499619+00:00" testType="13cdc9d9-ddb5-4fa4-a97d-d965ccfc6d4b" outcome="Passed" testListId="8c84fa94-04c1-424b-9868-57a2d4851a1d" relativeResultsDirectory="2290a09a-4b91-4cc4-b648-1d27dc80e6f4" />
    <UnitTestResult executionId="bbf7cf1a-4644-46b9-bea4-2b5e1a4f8564" testId="4c095606-5e1e-6d51-01f8-2feb0b80b1b0" testName="WhenShortMethodCallAndUIntUsed_ShouldHaveColumnOfThatType" computerName="pkrvmsl9tci6h6u" duration="00:00:00.0476160" startTime="2025-08-09T21:07:43.1751813+00:00" endTime="2025-08-09T21:07:43.2229118+00:00" testType="13cdc9d9-ddb5-4fa4-a97d-d965ccfc6d4b" outcome="Passed" testListId="8c84fa94-04c1-424b-9868-57a2d4851a1d" relativeResultsDirectory="bbf7cf1a-4644-46b9-bea4-2b5e1a4f8564" />
    <UnitTestResult executionId="dfa50d93-4398-4dba-84bb-0921a40ff028" testId="f832d7f1-991b-6e4b-5df7-832334c9e2dd" testName="WhenByteMethodCallAndULongUsed_ShouldHaveColumnOfThatType" computerName="pkrvmsl9tci6h6u" duration="00:00:00.0601204" startTime="2025-08-09T21:07:42.3674400+00:00" endTime="2025-08-09T21:07:42.4276895+00:00" testType="13cdc9d9-ddb5-4fa4-a97d-d965ccfc6d4b" outcome="Passed" testListId="8c84fa94-04c1-424b-9868-57a2d4851a1d" relativeResultsDirectory="dfa50d93-4398-4dba-84bb-0921a40ff028" />
    <UnitTestResult executionId="b0cf2a03-98ac-4f9b-9ca6-5780875f8e1d" testId="7bcc80bf-419f-61a0-5fbf-7e8bde909060" testName="WhenSpecialCharacterStartBracketUsedInTextWith_MustNotThrow (;)" computerName="pkrvmsl9tci6h6u" duration="00:00:00.0517299" startTime="2025-08-09T21:08:22.4513861+00:00" endTime="2025-08-09T21:08:22.5032494+00:00" testType="13cdc9d9-ddb5-4fa4-a97d-d965ccfc6d4b" outcome="Passed" testListId="8c84fa94-04c1-424b-9868-57a2d4851a1d" relativeResultsDirectory="b0cf2a03-98ac-4f9b-9ca6-5780875f8e1d" />
    <UnitTestResult executionId="c8d9bad9-5f47-484e-8329-3f0c1b5896dc" testId="4424486d-15c2-822f-095f-7c3fb8da0ed1" testName="WhenBitwiseXorBetweenShortAndLong_ShouldBeEvaluated" computerName="pkrvmsl9tci6h6u" duration="00:00:00.0525648" startTime="2025-08-09T21:07:54.3354859+00:00" endTime="2025-08-09T21:07:54.3881265+00:00" testType="13cdc9d9-ddb5-4fa4-a97d-d965ccfc6d4b" outcome="Passed" testListId="8c84fa94-04c1-424b-9868-57a2d4851a1d" relativeResultsDirectory="c8d9bad9-5f47-484e-8329-3f0c1b5896dc" />
    <UnitTestResult executionId="9bdddbf3-fca5-48ac-be78-4168d116659f" testId="ed5fc7db-3fec-16e2-c0c4-a9e3d50d0595" testName="WhenToStringCalled_ShouldReturnSameQuery (select 1 from #A.entities() a inner join #B.entities() b on a.Id = b.Id left outer join #C.entities() c on a.Id = c.Id)" computerName="pkrvmsl9tci6h6u" duration="00:00:00.0018016" startTime="2025-08-09T21:08:21.4620512+00:00" endTime="2025-08-09T21:08:21.4639521+00:00" testType="13cdc9d9-ddb5-4fa4-a97d-d965ccfc6d4b" outcome="Passed" testListId="8c84fa94-04c1-424b-9868-57a2d4851a1d" relativeResultsDirectory="9bdddbf3-fca5-48ac-be78-4168d116659f" />
    <UnitTestResult executionId="56424a35-6552-4b63-b0e2-72d485a05e9f" testId="62f32f87-48e2-fec9-111e-01cb678f607b" testName="CanPassComplexArgumentToFunctionTest" computerName="pkrvmsl9tci6h6u" duration="00:00:00.0376386" startTime="2025-08-09T21:08:18.9800815+00:00" endTime="2025-08-09T21:08:19.0177954+00:00" testType="13cdc9d9-ddb5-4fa4-a97d-d965ccfc6d4b" outcome="Passed" testListId="8c84fa94-04c1-424b-9868-57a2d4851a1d" relativeResultsDirectory="56424a35-6552-4b63-b0e2-72d485a05e9f" />
    <UnitTestResult executionId="25b9acb7-8a29-4628-860c-c4ed8e6bcc20" testId="33175004-b266-e1eb-757f-a60613e681a4" testName="WhenIntAndSByteUsed_ShouldHaveColumnOfThatType" computerName="pkrvmsl9tci6h6u" duration="00:00:00.1451287" startTime="2025-08-09T21:07:35.3741094+00:00" endTime="2025-08-09T21:07:35.5193772+00:00" testType="13cdc9d9-ddb5-4fa4-a97d-d965ccfc6d4b" outcome="Passed" testListId="8c84fa94-04c1-424b-9868-57a2d4851a1d" relativeResultsDirectory="25b9acb7-8a29-4628-860c-c4ed8e6bcc20" />
    <UnitTestResult executionId="b70ebb45-7102-45eb-baaa-1c8a20f03e3f" testId="a69e2b17-85a7-c174-b455-c6fa31c6c2d2" testName="UnionAllWhenMultipleSelectsCombinedWithUnionAllWithinCteExpression_ShouldSucceed" computerName="pkrvmsl9tci6h6u" duration="00:00:00.0456509" startTime="2025-08-09T21:08:16.3928701+00:00" endTime="2025-08-09T21:08:16.4386125+00:00" testType="13cdc9d9-ddb5-4fa4-a97d-d965ccfc6d4b" outcome="Passed" testListId="8c84fa94-04c1-424b-9868-57a2d4851a1d" relativeResultsDirectory="b70ebb45-7102-45eb-baaa-1c8a20f03e3f" />
    <UnitTestResult executionId="0f3de894-d387-49af-b0a6-9dcbb33cedcd" testId="75109e1d-351b-b984-8128-9589d2a618e7" testName="WhenByteUsed_ShouldHaveColumnOfThatType" computerName="pkrvmsl9tci6h6u" duration="00:00:00.0357273" startTime="2025-08-09T21:08:10.5758714+00:00" endTime="2025-08-09T21:08:10.6116726+00:00" testType="13cdc9d9-ddb5-4fa4-a97d-d965ccfc6d4b" outcome="Passed" testListId="8c84fa94-04c1-424b-9868-57a2d4851a1d" relativeResultsDirectory="0f3de894-d387-49af-b0a6-9dcbb33cedcd" />
    <UnitTestResult executionId="8e39515c-d5dc-4058-9be4-b51b8d734b04" testId="6023f243-7b81-748c-8a6e-bd3cfc196e1f" testName="ArithmeticOpsGreaterTest" computerName="pkrvmsl9tci6h6u" duration="00:00:00.0634715" startTime="2025-08-09T21:07:57.2048047+00:00" endTime="2025-08-09T21:07:57.2684973+00:00" testType="13cdc9d9-ddb5-4fa4-a97d-d965ccfc6d4b" outcome="Passed" testListId="8c84fa94-04c1-424b-9868-57a2d4851a1d" relativeResultsDirectory="8e39515c-d5dc-4058-9be4-b51b8d734b04" />
    <UnitTestResult executionId="3efdd74f-3360-4d04-a677-4924bc0b5858" testId="44f01ec2-79ab-9303-6ee9-0871cde4128f" testName="CteWithSetInInnerOuterExpressionTest" computerName="pkrvmsl9tci6h6u" duration="00:00:00.0467405" startTime="2025-08-09T21:08:00.9920975+00:00" endTime="2025-08-09T21:08:01.0389122+00:00" testType="13cdc9d9-ddb5-4fa4-a97d-d965ccfc6d4b" outcome="Passed" testListId="8c84fa94-04c1-424b-9868-57a2d4851a1d" relativeResultsDirectory="3efdd74f-3360-4d04-a677-4924bc0b5858" />
    <UnitTestResult executionId="605052df-3f64-4dfb-b922-0ff9c49bbf71" testId="b70dce47-106c-a276-7fab-26044ccdb465" testName="WhenBitwiseAndBetweenLongAndByte_ShouldBeEvaluated" computerName="pkrvmsl9tci6h6u" duration="00:00:00.0348327" startTime="2025-08-09T21:07:49.1444627+00:00" endTime="2025-08-09T21:07:49.1794077+00:00" testType="13cdc9d9-ddb5-4fa4-a97d-d965ccfc6d4b" outcome="Passed" testListId="8c84fa94-04c1-424b-9868-57a2d4851a1d" relativeResultsDirectory="605052df-3f64-4dfb-b922-0ff9c49bbf71" />
    <UnitTestResult executionId="e1bb6f14-ab71-42b7-a2fa-01bb870e090f" testId="5694c444-5208-cfe6-88c5-c5c243a422fe" testName="WhenMixedQueriesGroupingAreUsed_Variant4_ShouldPass" computerName="pkrvmsl9tci6h6u" duration="00:00:00.0972749" startTime="2025-08-09T21:08:01.3861583+00:00" endTime="2025-08-09T21:08:01.4835128+00:00" testType="13cdc9d9-ddb5-4fa4-a97d-d965ccfc6d4b" outcome="Passed" testListId="8c84fa94-04c1-424b-9868-57a2d4851a1d" relativeResultsDirectory="e1bb6f14-ab71-42b7-a2fa-01bb870e090f" />
    <UnitTestResult executionId="002d03a0-f245-49ed-b477-c20221363c64" testId="baf5bc5a-56fc-d4c7-8b24-34203ecf0ca8" testName="WhenBitwiseAndBetweenIntAndShort_ShouldBeEvaluated" computerName="pkrvmsl9tci6h6u" duration="00:00:00.0522347" startTime="2025-08-09T21:07:48.4836133+00:00" endTime="2025-08-09T21:07:48.5359574+00:00" testType="13cdc9d9-ddb5-4fa4-a97d-d965ccfc6d4b" outcome="Passed" testListId="8c84fa94-04c1-424b-9868-57a2d4851a1d" relativeResultsDirectory="002d03a0-f245-49ed-b477-c20221363c64" />
    <UnitTestResult executionId="68759ce3-a0ee-4c73-a06d-b6005e9313f5" testId="005c9202-735c-9beb-5b79-6c32a227b1f0" testName="LeftOuterRightOuterJoinPassMethodContextTest" computerName="pkrvmsl9tci6h6u" duration="00:00:00.0616107" startTime="2025-08-09T21:08:08.1494497+00:00" endTime="2025-08-09T21:08:08.2111381+00:00" testType="13cdc9d9-ddb5-4fa4-a97d-d965ccfc6d4b" outcome="Passed" testListId="8c84fa94-04c1-424b-9868-57a2d4851a1d" relativeResultsDirectory="68759ce3-a0ee-4c73-a06d-b6005e9313f5" />
    <UnitTestResult executionId="bfb08013-201b-465f-a555-fd86260363d5" testId="b6417cd6-dba2-67d8-0422-764193b2bf92" testName="WhenWhenTrueOnEntityFieldCaseWhenWithElseTest" computerName="pkrvmsl9tci6h6u" duration="00:00:00.0275351" startTime="2025-08-09T21:07:56.8290805+00:00" endTime="2025-08-09T21:07:56.8566865+00:00" testType="13cdc9d9-ddb5-4fa4-a97d-d965ccfc6d4b" outcome="Passed" testListId="8c84fa94-04c1-424b-9868-57a2d4851a1d" relativeResultsDirectory="bfb08013-201b-465f-a555-fd86260363d5" />
    <UnitTestResult executionId="e4b8ec4a-9123-4431-a83f-e765092bdf38" testId="46b2b2f8-c8e9-95d1-22ff-b91b430f3c27" testName="WhenBitwiseXorBetweenLongAndUShort_ShouldBeEvaluated" computerName="pkrvmsl9tci6h6u" duration="00:00:00.0642863" startTime="2025-08-09T21:07:55.2524346+00:00" endTime="2025-08-09T21:07:55.3167987+00:00" testType="13cdc9d9-ddb5-4fa4-a97d-d965ccfc6d4b" outcome="Passed" testListId="8c84fa94-04c1-424b-9868-57a2d4851a1d" relativeResultsDirectory="e4b8ec4a-9123-4431-a83f-e765092bdf38" />
    <UnitTestResult executionId="b2958e34-58e2-4eb9-903b-c334dee60ec2" testId="28237cd9-af8f-39e6-c8c4-83359ce7cd13" testName="OrOperator_WhenRightFieldIsNull_ShouldShowLeftNull" computerName="pkrvmsl9tci6h6u" duration="00:00:00.0532759" startTime="2025-08-09T21:08:10.2495251+00:00" endTime="2025-08-09T21:08:10.3029002+00:00" testType="13cdc9d9-ddb5-4fa4-a97d-d965ccfc6d4b" outcome="Passed" testListId="8c84fa94-04c1-424b-9868-57a2d4851a1d" relativeResultsDirectory="b2958e34-58e2-4eb9-903b-c334dee60ec2" />
    <UnitTestResult executionId="a3c3482b-4b6c-42b9-ac1e-501e027c40a0" testId="3935d8fc-96a9-1157-8dcc-e3db61a7e299" testName="WhenByteAndUIntUsed_ShouldHaveColumnOfUIntType" computerName="pkrvmsl9tci6h6u" duration="00:00:00.1393459" startTime="2025-08-09T21:07:29.7872802+00:00" endTime="2025-08-09T21:07:29.9267881+00:00" testType="13cdc9d9-ddb5-4fa4-a97d-d965ccfc6d4b" outcome="Passed" testListId="8c84fa94-04c1-424b-9868-57a2d4851a1d" relativeResultsDirectory="a3c3482b-4b6c-42b9-ac1e-501e027c40a0" />
    <UnitTestResult executionId="37293be5-6aa8-4cc4-95ae-d2727209f5a7" testId="f95bf8f0-4a70-f2f9-377c-222832991eb6" testName="WhenDecimalAndUShortUsed_ShouldHaveColumnOfThatType" computerName="pkrvmsl9tci6h6u" duration="00:00:00.0804022" startTime="2025-08-09T21:07:41.6860303+00:00" endTime="2025-08-09T21:07:41.7665527+00:00" testType="13cdc9d9-ddb5-4fa4-a97d-d965ccfc6d4b" outcome="Passed" testListId="8c84fa94-04c1-424b-9868-57a2d4851a1d" relativeResultsDirectory="37293be5-6aa8-4cc4-95ae-d2727209f5a7" />
    <UnitTestResult executionId="39628fde-5d20-4894-84fc-ccda7c33bb85" testId="551837ef-757c-9efe-48d5-a194e661d0d3" testName="CrossApply_WithParameterTypeMismatch_ShouldHandleGracefully" computerName="pkrvmsl9tci6h6u" duration="00:00:00.0503907" startTime="2025-08-09T21:07:57.9450290+00:00" endTime="2025-08-09T21:07:57.9954865+00:00" testType="13cdc9d9-ddb5-4fa4-a97d-d965ccfc6d4b" outcome="Passed" testListId="8c84fa94-04c1-424b-9868-57a2d4851a1d" relativeResultsDirectory="39628fde-5d20-4894-84fc-ccda7c33bb85" />
    <UnitTestResult executionId="ef904a33-9c9a-417e-9628-e4448aeb007f" testId="b9b7eeb8-96a3-762d-daf4-bdd7b82071e3" testName="WhenDecimalMethodCallAndDecimalUsed_ShouldHaveColumnOfThatType" computerName="pkrvmsl9tci6h6u" duration="00:00:00.0363558" startTime="2025-08-09T21:07:45.5746755+00:00" endTime="2025-08-09T21:07:45.6111445+00:00" testType="13cdc9d9-ddb5-4fa4-a97d-d965ccfc6d4b" outcome="Passed" testListId="8c84fa94-04c1-424b-9868-57a2d4851a1d" relativeResultsDirectory="ef904a33-9c9a-417e-9628-e4448aeb007f" />
    <UnitTestResult executionId="356cb859-57c2-49ff-ade7-1e289a8373ac" testId="00473ac3-a0d1-7068-4b48-9899fd3cf251" testName="QueryCancellation" computerName="pkrvmsl9tci6h6u" duration="00:00:00.0244227" startTime="2025-08-09T21:07:56.3331393+00:00" endTime="2025-08-09T21:07:56.3577233+00:00" testType="13cdc9d9-ddb5-4fa4-a97d-d965ccfc6d4b" outcome="Passed" testListId="8c84fa94-04c1-424b-9868-57a2d4851a1d" relativeResultsDirectory="356cb859-57c2-49ff-ade7-1e289a8373ac" />
    <UnitTestResult executionId="0af024f2-f56b-4728-a109-6270d276df80" testId="a58c51f0-b425-f775-c58d-ee4d00416db3" testName="WhenToStringCalled_ShouldReturnSameQuery (select s.Column1, s.Column2 from #some.thing() s where s.Column2 &lt;&gt; 'Example' take 3)" computerName="pkrvmsl9tci6h6u" duration="00:00:00.0009227" startTime="2025-08-09T21:08:21.4827875+00:00" endTime="2025-08-09T21:08:21.4837762+00:00" testType="13cdc9d9-ddb5-4fa4-a97d-d965ccfc6d4b" outcome="Passed" testListId="8c84fa94-04c1-424b-9868-57a2d4851a1d" relativeResultsDirectory="0af024f2-f56b-4728-a109-6270d276df80" />
    <UnitTestResult executionId="cfb1c904-3268-4b50-b0db-f4388c57ecc4" testId="7e1d1d27-fcdc-0b0f-0900-2c57ffbae30f" testName="WhenToStringCalled_ShouldReturnSameQuery (select b.* from #some.thing() a cross apply #some.thing(a.Column, true, 10) b)" computerName="pkrvmsl9tci6h6u" duration="00:00:00.0011153" startTime="2025-08-09T21:08:21.5275903+00:00" endTime="2025-08-09T21:08:21.5288058+00:00" testType="13cdc9d9-ddb5-4fa4-a97d-d965ccfc6d4b" outcome="Passed" testListId="8c84fa94-04c1-424b-9868-57a2d4851a1d" relativeResultsDirectory="cfb1c904-3268-4b50-b0db-f4388c57ecc4" />
    <UnitTestResult executionId="44c774f0-6e41-4292-82c8-3bd368d9ae90" testId="3396ccb0-74d5-d78e-5e69-8d9cd49f9d41" testName="WhenBitwiseXorBetweenSbyteAndInt_ShouldBeEvaluated" computerName="pkrvmsl9tci6h6u" duration="00:00:00.0509002" startTime="2025-08-09T21:07:53.0610307+00:00" endTime="2025-08-09T21:07:53.1120293+00:00" testType="13cdc9d9-ddb5-4fa4-a97d-d965ccfc6d4b" outcome="Passed" testListId="8c84fa94-04c1-424b-9868-57a2d4851a1d" relativeResultsDirectory="44c774f0-6e41-4292-82c8-3bd368d9ae90" />
    <UnitTestResult executionId="bf0fc930-69cd-46a3-a950-e18e10062f10" testId="b148871c-b117-31c5-da60-805585d60659" testName="WhenUShortAndIntUsed_ShouldHaveColumnOfThatType" computerName="pkrvmsl9tci6h6u" duration="00:00:00.1342417" startTime="2025-08-09T21:07:34.0430643+00:00" endTime="2025-08-09T21:07:34.1774580+00:00" testType="13cdc9d9-ddb5-4fa4-a97d-d965ccfc6d4b" outcome="Passed" testListId="8c84fa94-04c1-424b-9868-57a2d4851a1d" relativeResultsDirectory="bf0fc930-69cd-46a3-a950-e18e10062f10" />
    <UnitTestResult executionId="62a1e440-b5a1-4264-b754-f1f296f45a56" testId="df01074a-8dbd-8248-b817-488f11ad96b6" testName="WhenBitwiseXorBetweenUIntAndULong_ShouldBeEvaluated" computerName="pkrvmsl9tci6h6u" duration="00:00:00.0449270" startTime="2025-08-09T21:07:55.0778493+00:00" endTime="2025-08-09T21:07:55.1228523+00:00" testType="13cdc9d9-ddb5-4fa4-a97d-d965ccfc6d4b" outcome="Passed" testListId="8c84fa94-04c1-424b-9868-57a2d4851a1d" relativeResultsDirectory="62a1e440-b5a1-4264-b754-f1f296f45a56" />
    <UnitTestResult executionId="6c5c11c2-d910-42b9-8b1f-f2d606592369" testId="95aae518-7dac-2ede-8738-b1c238ac1076" testName="WhenToStringCalled_ShouldReturnSameQuery (select 1 from #A.entities() a left outer join #B.entities() b on a.Id = b.Id)" computerName="pkrvmsl9tci6h6u" duration="00:00:00.0006767" startTime="2025-08-09T21:08:21.4584879+00:00" endTime="2025-08-09T21:08:21.4592288+00:00" testType="13cdc9d9-ddb5-4fa4-a97d-d965ccfc6d4b" outcome="Passed" testListId="8c84fa94-04c1-424b-9868-57a2d4851a1d" relativeResultsDirectory="6c5c11c2-d910-42b9-8b1f-f2d606592369" />
    <UnitTestResult executionId="f79e3816-908e-44bb-872a-173681d216c6" testId="864b08db-440b-c630-bd28-c9e88a9d56ba" testName="WhenByteAndFloatUsed_ShouldHaveColumnOfThatType" computerName="pkrvmsl9tci6h6u" duration="00:00:00.1002927" startTime="2025-08-09T21:07:39.7791501+00:00" endTime="2025-08-09T21:07:39.8795447+00:00" testType="13cdc9d9-ddb5-4fa4-a97d-d965ccfc6d4b" outcome="Passed" testListId="8c84fa94-04c1-424b-9868-57a2d4851a1d" relativeResultsDirectory="f79e3816-908e-44bb-872a-173681d216c6" />
    <UnitTestResult executionId="aadbb51d-18f4-4e18-a216-305bd779e268" testId="798f025e-0b69-f7f8-2c14-0b571d4f11af" testName="AndOperator_WhenRightFieldIsNull_ShouldShowLeftNull" computerName="pkrvmsl9tci6h6u" duration="00:00:00.0353716" startTime="2025-08-09T21:08:10.4073618+00:00" endTime="2025-08-09T21:08:10.4428411+00:00" testType="13cdc9d9-ddb5-4fa4-a97d-d965ccfc6d4b" outcome="Passed" testListId="8c84fa94-04c1-424b-9868-57a2d4851a1d" relativeResultsDirectory="aadbb51d-18f4-4e18-a216-305bd779e268" />
    <UnitTestResult executionId="1c16b938-85ea-4c35-96c6-a28464b97c7f" testId="9b8d4734-e8da-8613-4029-cfbebaf7179d" testName="CallWithPrimitiveArgumentsTest" computerName="pkrvmsl9tci6h6u" duration="00:00:00.0414950" startTime="2025-08-09T21:08:14.9985180+00:00" endTime="2025-08-09T21:08:15.0401041+00:00" testType="13cdc9d9-ddb5-4fa4-a97d-d965ccfc6d4b" outcome="Passed" testListId="8c84fa94-04c1-424b-9868-57a2d4851a1d" relativeResultsDirectory="1c16b938-85ea-4c35-96c6-a28464b97c7f" />
    <UnitTestResult executionId="b319b2ad-2927-427e-87c5-191225db06fc" testId="b67d4cd9-6d84-e1a7-a4e4-030e2d108de5" testName="WhenToStringCalled_ShouldReturnSameQuery (select s.Column1, s.Column2 from #some.thing() s where s.Column1 &lt;= 15 group by s.Column2 take 6)" computerName="pkrvmsl9tci6h6u" duration="00:00:00.0010450" startTime="2025-08-09T21:08:21.5005206+00:00" endTime="2025-08-09T21:08:21.5016626+00:00" testType="13cdc9d9-ddb5-4fa4-a97d-d965ccfc6d4b" outcome="Passed" testListId="8c84fa94-04c1-424b-9868-57a2d4851a1d" relativeResultsDirectory="b319b2ad-2927-427e-87c5-191225db06fc" />
    <UnitTestResult executionId="c7b764b8-4595-43f0-b1e3-53b4dfe96a44" testId="d6b081ee-6908-9370-de7e-4cee5601a565" testName="WhenToStringCalled_ShouldReturnSameQuery (select s.Column1, s.Column2 from #some.thing() s group by s.Column1, s.Column2 order by s.Column1 skip 10)" computerName="pkrvmsl9tci6h6u" duration="00:00:00.0018431" startTime="2025-08-09T21:08:21.5068505+00:00" endTime="2025-08-09T21:08:21.5087845+00:00" testType="13cdc9d9-ddb5-4fa4-a97d-d965ccfc6d4b" outcome="Passed" testListId="8c84fa94-04c1-424b-9868-57a2d4851a1d" relativeResultsDirectory="c7b764b8-4595-43f0-b1e3-53b4dfe96a44" />
    <UnitTestResult executionId="0f9ef73e-e46f-4aa0-bc55-c3f02baef2ee" testId="f1107560-9b1d-4b09-63c9-f7f8e15aefee" testName="WhenIntMethodCallAndUShortUsed_ShouldHaveColumnOfThatType" computerName="pkrvmsl9tci6h6u" duration="00:00:00.0422976" startTime="2025-08-09T21:07:43.8997446+00:00" endTime="2025-08-09T21:07:43.9421654+00:00" testType="13cdc9d9-ddb5-4fa4-a97d-d965ccfc6d4b" outcome="Passed" testListId="8c84fa94-04c1-424b-9868-57a2d4851a1d" relativeResultsDirectory="0f9ef73e-e46f-4aa0-bc55-c3f02baef2ee" />
    <UnitTestResult executionId="794bea4b-bdd3-4f02-ad15-148ffd4402da" testId="73cccb3c-4da4-29c8-bef6-d7473882efa3" testName="MaxTimeSpanTest" computerName="pkrvmsl9tci6h6u" duration="00:00:00.0463603" startTime="2025-08-09T21:08:22.9975405+00:00" endTime="2025-08-09T21:08:23.0439846+00:00" testType="13cdc9d9-ddb5-4fa4-a97d-d965ccfc6d4b" outcome="Passed" testListId="8c84fa94-04c1-424b-9868-57a2d4851a1d" relativeResultsDirectory="794bea4b-bdd3-4f02-ad15-148ffd4402da" />
    <UnitTestResult executionId="cdda4249-993e-4d28-85a6-acceb740f236" testId="66eb9b13-797b-2480-154f-aa5219732d8b" testName="WhenToStringCalled_ShouldReturnSameQuery (select s.Column1, s.Column2 from #some.thing() s group by s.Column1, s.Column2 order by s.Column1)" computerName="pkrvmsl9tci6h6u" duration="00:00:00.0011506" startTime="2025-08-09T21:08:21.4837938+00:00" endTime="2025-08-09T21:08:21.4850126+00:00" testType="13cdc9d9-ddb5-4fa4-a97d-d965ccfc6d4b" outcome="Passed" testListId="8c84fa94-04c1-424b-9868-57a2d4851a1d" relativeResultsDirectory="cdda4249-993e-4d28-85a6-acceb740f236" />
    <UnitTestResult executionId="a90aea4d-74ca-46ab-8291-4f033e311f5a" testId="616a01ed-ccc2-8e9d-cb73-ad7a1ad699e0" testName="WhenSByteAndFloatUsed_ShouldHaveColumnOfFloatType" computerName="pkrvmsl9tci6h6u" duration="00:00:00.1697945" startTime="2025-08-09T21:07:31.5617005+00:00" endTime="2025-08-09T21:07:31.7316875+00:00" testType="13cdc9d9-ddb5-4fa4-a97d-d965ccfc6d4b" outcome="Passed" testListId="8c84fa94-04c1-424b-9868-57a2d4851a1d" relativeResultsDirectory="a90aea4d-74ca-46ab-8291-4f033e311f5a" />
    <UnitTestResult executionId="358f4aee-f691-4a8c-9d3f-d6da269a3a1d" testId="618d1f2d-e9a4-02a9-b856-e46d89c56b5e" testName="ColumnTypeDateTimeTest" computerName="pkrvmsl9tci6h6u" duration="00:00:00.0264428" startTime="2025-08-09T21:08:19.7003240+00:00" endTime="2025-08-09T21:08:19.7268459+00:00" testType="13cdc9d9-ddb5-4fa4-a97d-d965ccfc6d4b" outcome="Passed" testListId="8c84fa94-04c1-424b-9868-57a2d4851a1d" relativeResultsDirectory="358f4aee-f691-4a8c-9d3f-d6da269a3a1d" />
    <UnitTestResult executionId="f9fbc05d-258d-4971-9f53-197b2b3ac27b" testId="adac9c0e-c750-4957-25fa-4e1bb117aafc" testName="WhenToStringCalled_ShouldReturnSameQuery (select s.Column1, s.Column2 from #some.thing() s where s.Column2 like 'A%' order by s.Column1 skip 4 take 8)" computerName="pkrvmsl9tci6h6u" duration="00:00:00.0019024" startTime="2025-08-09T21:08:21.5168316+00:00" endTime="2025-08-09T21:08:21.5188317+00:00" testType="13cdc9d9-ddb5-4fa4-a97d-d965ccfc6d4b" outcome="Passed" testListId="8c84fa94-04c1-424b-9868-57a2d4851a1d" relativeResultsDirectory="f9fbc05d-258d-4971-9f53-197b2b3ac27b" />
    <UnitTestResult executionId="7fa57ded-f5e8-4a9d-a39b-1d5a44f96fa0" testId="95bb2263-aed3-05a3-27b6-d4e5953a4ef8" testName="WhenByteAndULongUsed_ShouldHaveColumnOfThatType" computerName="pkrvmsl9tci6h6u" duration="00:00:00.0678074" startTime="2025-08-09T21:07:39.7111292+00:00" endTime="2025-08-09T21:07:39.7790713+00:00" testType="13cdc9d9-ddb5-4fa4-a97d-d965ccfc6d4b" outcome="Passed" testListId="8c84fa94-04c1-424b-9868-57a2d4851a1d" relativeResultsDirectory="7fa57ded-f5e8-4a9d-a39b-1d5a44f96fa0" />
    <UnitTestResult executionId="4e725b36-4018-467c-a0c2-38a6542d9a1c" testId="e97fa94a-9f29-ff0f-1ff2-f271c078e311" testName="CaseWhenSimpleTest" computerName="pkrvmsl9tci6h6u" duration="00:00:00.0581562" startTime="2025-08-09T21:08:20.3881820+00:00" endTime="2025-08-09T21:08:20.4464208+00:00" testType="13cdc9d9-ddb5-4fa4-a97d-d965ccfc6d4b" outcome="Passed" testListId="8c84fa94-04c1-424b-9868-57a2d4851a1d" relativeResultsDirectory="4e725b36-4018-467c-a0c2-38a6542d9a1c" />
    <UnitTestResult executionId="feb6c967-195d-44ae-a0d3-fdbfc95baa5b" testId="3e7a400a-6c29-bc39-18d5-25793bf6ce0c" testName="WhenDecimalWithDotAndSuffixUsed_ShouldHaveColumnOfThatType" computerName="pkrvmsl9tci6h6u" duration="00:00:00.0354390" startTime="2025-08-09T21:08:10.8705056+00:00" endTime="2025-08-09T21:08:10.9060103+00:00" testType="13cdc9d9-ddb5-4fa4-a97d-d965ccfc6d4b" outcome="Passed" testListId="8c84fa94-04c1-424b-9868-57a2d4851a1d" relativeResultsDirectory="feb6c967-195d-44ae-a0d3-fdbfc95baa5b" />
    <UnitTestResult executionId="057ea3a3-9c5c-43d0-8874-c66b6143cb37" testId="5e42b85d-2cd3-ec63-d032-b69907a3d794" testName="WhenByteMethodCallAndUIntUsed_ShouldHaveColumnOfThatType" computerName="pkrvmsl9tci6h6u" duration="00:00:00.0362408" startTime="2025-08-09T21:07:42.2676239+00:00" endTime="2025-08-09T21:07:42.3039864+00:00" testType="13cdc9d9-ddb5-4fa4-a97d-d965ccfc6d4b" outcome="Passed" testListId="8c84fa94-04c1-424b-9868-57a2d4851a1d" relativeResultsDirectory="057ea3a3-9c5c-43d0-8874-c66b6143cb37" />
    <UnitTestResult executionId="456bbf36-1288-4ee0-bb2c-a818c8c7d8d8" testId="a0bfae5b-3169-0e86-4f5a-1797388727ec" testName="WhenWhereExpressionIsNotRewrittenAndUsesConditionOnTwoColumns_ShouldPass" computerName="pkrvmsl9tci6h6u" duration="00:00:00.0322738" startTime="2025-08-09T21:08:15.6374350+00:00" endTime="2025-08-09T21:08:15.6697935+00:00" testType="13cdc9d9-ddb5-4fa4-a97d-d965ccfc6d4b" outcome="Passed" testListId="8c84fa94-04c1-424b-9868-57a2d4851a1d" relativeResultsDirectory="456bbf36-1288-4ee0-bb2c-a818c8c7d8d8" />
    <UnitTestResult executionId="d963bdac-19a0-4e3d-b4bf-e98f3add484e" testId="7ca9392e-f991-d16a-79ff-55d03956329f" testName="CrossApplyProperty_WhereCondition_ShouldPass" computerName="pkrvmsl9tci6h6u" duration="00:00:00.0421053" startTime="2025-08-09T21:07:58.8388269+00:00" endTime="2025-08-09T21:07:58.8809955+00:00" testType="13cdc9d9-ddb5-4fa4-a97d-d965ccfc6d4b" outcome="Passed" testListId="8c84fa94-04c1-424b-9868-57a2d4851a1d" relativeResultsDirectory="d963bdac-19a0-4e3d-b4bf-e98f3add484e" />
    <UnitTestResult executionId="2d594578-82bd-421d-b812-457d9302d38e" testId="77f149ea-ecb6-1dce-4da9-5977cb3ac2c4" testName="WhenBitwiseOrBetweenLongAndByte_ShouldBeEvaluated" computerName="pkrvmsl9tci6h6u" duration="00:00:00.0439773" startTime="2025-08-09T21:07:52.3080857+00:00" endTime="2025-08-09T21:07:52.3521292+00:00" testType="13cdc9d9-ddb5-4fa4-a97d-d965ccfc6d4b" outcome="Passed" testListId="8c84fa94-04c1-424b-9868-57a2d4851a1d" relativeResultsDirectory="2d594578-82bd-421d-b812-457d9302d38e" />
    <UnitTestResult executionId="30c3d783-bade-42c1-9a75-a255415a0ee2" testId="bd895454-22c0-6c45-23c3-8e908951fdeb" testName="WhenNullableBooleanFields_ForBinaryOperator_WithFullSyntaxApplied_ShouldPass" computerName="pkrvmsl9tci6h6u" duration="00:00:00.0471049" startTime="2025-08-09T21:08:09.1694299+00:00" endTime="2025-08-09T21:08:09.2166227+00:00" testType="13cdc9d9-ddb5-4fa4-a97d-d965ccfc6d4b" outcome="Passed" testListId="8c84fa94-04c1-424b-9868-57a2d4851a1d" relativeResultsDirectory="30c3d783-bade-42c1-9a75-a255415a0ee2" />
    <UnitTestResult executionId="c54f0274-33d2-4de2-9174-9e63470411b7" testId="1af6d8dd-521e-d08a-d093-a9899b3aa063" testName="WhenToStringCalled_ShouldReturnSameQuery (select s.Column1, s.Column2 from #some.thing() s order by s.Column1 desc)" computerName="pkrvmsl9tci6h6u" duration="00:00:00.0018332" startTime="2025-08-09T21:08:21.4756070+00:00" endTime="2025-08-09T21:08:21.4775424+00:00" testType="13cdc9d9-ddb5-4fa4-a97d-d965ccfc6d4b" outcome="Passed" testListId="8c84fa94-04c1-424b-9868-57a2d4851a1d" relativeResultsDirectory="c54f0274-33d2-4de2-9174-9e63470411b7" />
    <UnitTestResult executionId="d1328070-5c09-4c3b-9b1e-5be0074636e7" testId="d97e8325-bd04-4544-014f-e92371d41e31" testName="WhenOrderByWithMultipleColumnsBothDescWithinCteExpression_BothRetrieved_ShouldSucceed" computerName="pkrvmsl9tci6h6u" duration="00:00:00.0477658" startTime="2025-08-09T21:08:12.5648960+00:00" endTime="2025-08-09T21:08:12.6127379+00:00" testType="13cdc9d9-ddb5-4fa4-a97d-d965ccfc6d4b" outcome="Passed" testListId="8c84fa94-04c1-424b-9868-57a2d4851a1d" relativeResultsDirectory="d1328070-5c09-4c3b-9b1e-5be0074636e7" />
    <UnitTestResult executionId="99d1f198-5d5f-4ee5-8db6-be4487687dbb" testId="cba75bb7-3907-7189-d594-7bfc23e7605d" testName="WhenBitwiseAndBetweenSbyteAndShort_ShouldBeEvaluated" computerName="pkrvmsl9tci6h6u" duration="00:00:00.0470773" startTime="2025-08-09T21:07:47.0727951+00:00" endTime="2025-08-09T21:07:47.1199820+00:00" testType="13cdc9d9-ddb5-4fa4-a97d-d965ccfc6d4b" outcome="Passed" testListId="8c84fa94-04c1-424b-9868-57a2d4851a1d" relativeResultsDirectory="99d1f198-5d5f-4ee5-8db6-be4487687dbb" />
    <UnitTestResult executionId="a9f10c43-0221-43a2-b3ed-b3e8f5253458" testId="d03ed7f1-6058-73d3-b50b-c4d4232771ef" testName="DictionaryAccess_ValidKey_ShouldReturnValue" computerName="pkrvmsl9tci6h6u" duration="00:00:00.0552562" startTime="2025-08-09T21:07:46.6932320+00:00" endTime="2025-08-09T21:07:46.7486020+00:00" testType="13cdc9d9-ddb5-4fa4-a97d-d965ccfc6d4b" outcome="Passed" testListId="8c84fa94-04c1-424b-9868-57a2d4851a1d" relativeResultsDirectory="a9f10c43-0221-43a2-b3ed-b3e8f5253458" />
    <UnitTestResult executionId="fea838ba-a602-453e-ac1a-e573a78aa551" testId="babab30a-c7bc-c138-fb7c-3af659da826d" testName="WithDynamicSource_AccessArray_ShouldPass" computerName="pkrvmsl9tci6h6u" duration="00:00:00.0494639" startTime="2025-08-09T21:08:01.8623253+00:00" endTime="2025-08-09T21:08:01.9118580+00:00" testType="13cdc9d9-ddb5-4fa4-a97d-d965ccfc6d4b" outcome="Passed" testListId="8c84fa94-04c1-424b-9868-57a2d4851a1d" relativeResultsDirectory="fea838ba-a602-453e-ac1a-e573a78aa551" />
    <UnitTestResult executionId="6be66c99-c2e6-4dcf-ac58-9a0ea246c33e" testId="cec7204f-4af0-3a7f-34db-01f0c222080c" testName="LikeOperatorTest" computerName="pkrvmsl9tci6h6u" duration="00:00:00.0293693" startTime="2025-08-09T21:08:18.4112106+00:00" endTime="2025-08-09T21:08:18.4406402+00:00" testType="13cdc9d9-ddb5-4fa4-a97d-d965ccfc6d4b" outcome="Passed" testListId="8c84fa94-04c1-424b-9868-57a2d4851a1d" relativeResultsDirectory="6be66c99-c2e6-4dcf-ac58-9a0ea246c33e" />
    <UnitTestResult executionId="a14f7ac9-78af-4eea-8102-bde291da9d15" testId="4e9e82c6-7a69-28bd-43d5-7c4bb2b4ac59" testName="InWithArgumentFromSourceOperator" computerName="pkrvmsl9tci6h6u" duration="00:00:00.0271989" startTime="2025-08-09T21:08:06.5638046+00:00" endTime="2025-08-09T21:08:06.5910764+00:00" testType="13cdc9d9-ddb5-4fa4-a97d-d965ccfc6d4b" outcome="Passed" testListId="8c84fa94-04c1-424b-9868-57a2d4851a1d" relativeResultsDirectory="a14f7ac9-78af-4eea-8102-bde291da9d15" />
    <UnitTestResult executionId="ed395b24-da19-40d9-8a8c-56a8b7da7aaa" testId="5c321154-640e-eb07-2e29-d4494bb1cf49" testName="WhenIndexOfCalled_ShouldReturnFirstIndex" computerName="pkrvmsl9tci6h6u" duration="00:00:00.0287493" startTime="2025-08-09T21:08:22.8147339+00:00" endTime="2025-08-09T21:08:22.8435807+00:00" testType="13cdc9d9-ddb5-4fa4-a97d-d965ccfc6d4b" outcome="Passed" testListId="8c84fa94-04c1-424b-9868-57a2d4851a1d" relativeResultsDirectory="ed395b24-da19-40d9-8a8c-56a8b7da7aaa" />
    <UnitTestResult executionId="5c6c1d39-b873-415f-bd87-8629a1cfc83e" testId="740e9a5f-c8ab-8bf3-1acd-e53a7b14a5d7" testName="WhenUShortMethodCallAndByteUsed_ShouldHaveColumnOfThatType" computerName="pkrvmsl9tci6h6u" duration="00:00:00.0432036" startTime="2025-08-09T21:07:43.3143774+00:00" endTime="2025-08-09T21:07:43.3576931+00:00" testType="13cdc9d9-ddb5-4fa4-a97d-d965ccfc6d4b" outcome="Passed" testListId="8c84fa94-04c1-424b-9868-57a2d4851a1d" relativeResultsDirectory="5c6c1d39-b873-415f-bd87-8629a1cfc83e" />
    <UnitTestResult executionId="618712ec-115b-4caa-a432-7c78533ecb09" testId="75585c5d-d372-8f4e-a850-52408d92d58d" testName="WhenMultipleStarsUnfoldToMultipleColumns_ShouldPass" computerName="pkrvmsl9tci6h6u" duration="00:00:00.0383844" startTime="2025-08-09T21:08:20.7367426+00:00" endTime="2025-08-09T21:08:20.7752145+00:00" testType="13cdc9d9-ddb5-4fa4-a97d-d965ccfc6d4b" outcome="Passed" testListId="8c84fa94-04c1-424b-9868-57a2d4851a1d" relativeResultsDirectory="618712ec-115b-4caa-a432-7c78533ecb09" />
    <UnitTestResult executionId="0e035f69-8c4d-4178-be1c-4f079fa174b1" testId="7bb014d4-5922-67b5-ffed-2fef7592b9a1" testName="WhenToStringCalled_ShouldReturnSameQuery (select s.Column1, s.Column2 from #some.thing() s where s.Column1 &gt; 10 group by s.Column2)" computerName="pkrvmsl9tci6h6u" duration="00:00:00.0009707" startTime="2025-08-09T21:08:21.4797285+00:00" endTime="2025-08-09T21:08:21.4807680+00:00" testType="13cdc9d9-ddb5-4fa4-a97d-d965ccfc6d4b" outcome="Passed" testListId="8c84fa94-04c1-424b-9868-57a2d4851a1d" relativeResultsDirectory="0e035f69-8c4d-4178-be1c-4f079fa174b1" />
    <UnitTestResult executionId="f1c99a20-c8a2-4b29-b7a9-da12a944c9be" testId="605b037c-8413-9ab1-820c-f33a967db249" testName="GroupByWithCaseWhenAsGroupingResultFunctionTest" computerName="pkrvmsl9tci6h6u" duration="00:00:00.0804966" startTime="2025-08-09T21:08:06.0044874+00:00" endTime="2025-08-09T21:08:06.0850651+00:00" testType="13cdc9d9-ddb5-4fa4-a97d-d965ccfc6d4b" outcome="Passed" testListId="8c84fa94-04c1-424b-9868-57a2d4851a1d" relativeResultsDirectory="f1c99a20-c8a2-4b29-b7a9-da12a944c9be" />
    <UnitTestResult executionId="8b19de14-6bca-4af2-b315-af810e9999b5" testId="a0ad3f05-9c1e-371f-f0dd-4f77b8f3c87c" testName="WhenByteMethodCallAndDecimalUsed_ShouldHaveColumnOfThatType" computerName="pkrvmsl9tci6h6u" duration="00:00:00.0528316" startTime="2025-08-09T21:07:42.4277651+00:00" endTime="2025-08-09T21:07:42.4807425+00:00" testType="13cdc9d9-ddb5-4fa4-a97d-d965ccfc6d4b" outcome="Passed" testListId="8c84fa94-04c1-424b-9868-57a2d4851a1d" relativeResultsDirectory="8b19de14-6bca-4af2-b315-af810e9999b5" />
    <UnitTestResult executionId="18330e60-a84f-4071-afda-836165705f5f" testId="041a6210-6dc1-45ad-a359-03a262d9900f" testName="WhenWhenFalseOnEntityField_ShouldThrowException" computerName="pkrvmsl9tci6h6u" duration="00:00:00.0394492" startTime="2025-08-09T21:07:56.9884973+00:00" endTime="2025-08-09T21:07:57.0280216+00:00" testType="13cdc9d9-ddb5-4fa4-a97d-d965ccfc6d4b" outcome="Passed" testListId="8c84fa94-04c1-424b-9868-57a2d4851a1d" relativeResultsDirectory="18330e60-a84f-4071-afda-836165705f5f" />
    <UnitTestResult executionId="67ae1f77-dc47-4551-99ba-43e6fe35e8ad" testId="566276e1-9bfd-3964-a12a-d20b75dbd333" testName="WhenSpecialCharacterStartBracketUsedInTextWith_MustNotThrow (?)" computerName="pkrvmsl9tci6h6u" duration="00:00:00.0393555" startTime="2025-08-09T21:08:22.5958616+00:00" endTime="2025-08-09T21:08:22.6353219+00:00" testType="13cdc9d9-ddb5-4fa4-a97d-d965ccfc6d4b" outcome="Passed" testListId="8c84fa94-04c1-424b-9868-57a2d4851a1d" relativeResultsDirectory="67ae1f77-dc47-4551-99ba-43e6fe35e8ad" />
    <UnitTestResult executionId="886b2417-457a-44e0-a2aa-621aeff0dafa" testId="7f165e1a-4ace-06c5-d9a9-d96a37a4dd88" testName="WhenMissingAliasButBothObjectsAreTheSame_ShouldNotThrow" computerName="pkrvmsl9tci6h6u" duration="00:00:00.0278236" startTime="2025-08-09T21:08:09.7314493+00:00" endTime="2025-08-09T21:08:09.7593493+00:00" testType="13cdc9d9-ddb5-4fa4-a97d-d965ccfc6d4b" outcome="Passed" testListId="8c84fa94-04c1-424b-9868-57a2d4851a1d" relativeResultsDirectory="886b2417-457a-44e0-a2aa-621aeff0dafa" />
    <UnitTestResult executionId="8e01dad7-5803-4287-b341-0e63a2824b98" testId="a94127bf-426a-88c0-ec91-e69765242a39" testName="NotRLikeOperatorTest" computerName="pkrvmsl9tci6h6u" duration="00:00:00.0609777" startTime="2025-08-09T21:08:18.5069780+00:00" endTime="2025-08-09T21:08:18.5680205+00:00" testType="13cdc9d9-ddb5-4fa4-a97d-d965ccfc6d4b" outcome="Passed" testListId="8c84fa94-04c1-424b-9868-57a2d4851a1d" relativeResultsDirectory="8e01dad7-5803-4287-b341-0e63a2824b98" />
    <UnitTestResult executionId="12041d98-dafb-40a2-809c-517f9bd0618e" testId="3f072c08-cfbc-646c-5094-83b6775e2357" testName="CteWithTwoOuterExpressionTest" computerName="pkrvmsl9tci6h6u" duration="00:00:00.0492415" startTime="2025-08-09T21:08:00.8778178+00:00" endTime="2025-08-09T21:08:00.9271531+00:00" testType="13cdc9d9-ddb5-4fa4-a97d-d965ccfc6d4b" outcome="Passed" testListId="8c84fa94-04c1-424b-9868-57a2d4851a1d" relativeResultsDirectory="12041d98-dafb-40a2-809c-517f9bd0618e" />
    <UnitTestResult executionId="a6b1c7ce-b7ec-4654-ab38-2d7e3984521d" testId="499e2f17-1549-7fd5-f614-2c3132309098" testName="WhenShortMethodCallAndSByteUsed_ShouldHaveColumnOfThatType" computerName="pkrvmsl9tci6h6u" duration="00:00:00.0630095" startTime="2025-08-09T21:07:42.9313778+00:00" endTime="2025-08-09T21:07:42.9945008+00:00" testType="13cdc9d9-ddb5-4fa4-a97d-d965ccfc6d4b" outcome="Passed" testListId="8c84fa94-04c1-424b-9868-57a2d4851a1d" relativeResultsDirectory="a6b1c7ce-b7ec-4654-ab38-2d7e3984521d" />
    <UnitTestResult executionId="e52daf8f-12f6-4c05-9a9f-4db2e911c812" testId="bb9d0a9c-02c2-5943-1d69-50300825008d" testName="WhenGetElementAtOrDefaultForExistingElement_ShouldPass" computerName="pkrvmsl9tci6h6u" duration="00:00:00.0381482" startTime="2025-08-09T21:08:03.6612782+00:00" endTime="2025-08-09T21:08:03.6994882+00:00" testType="13cdc9d9-ddb5-4fa4-a97d-d965ccfc6d4b" outcome="Passed" testListId="8c84fa94-04c1-424b-9868-57a2d4851a1d" relativeResultsDirectory="e52daf8f-12f6-4c05-9a9f-4db2e911c812" />
    <UnitTestResult executionId="b12497fe-5555-49ab-8b6b-2e6158909fca" testId="9a790249-48cb-2a44-c52e-e75d2dee4cae" testName="WhenPreviouslyCteExpressionSaw_ShouldPass" computerName="pkrvmsl9tci6h6u" duration="00:00:00.0374538" startTime="2025-08-09T21:08:02.5798536+00:00" endTime="2025-08-09T21:08:02.6173812+00:00" testType="13cdc9d9-ddb5-4fa4-a97d-d965ccfc6d4b" outcome="Passed" testListId="8c84fa94-04c1-424b-9868-57a2d4851a1d" relativeResultsDirectory="b12497fe-5555-49ab-8b6b-2e6158909fca" />
    <UnitTestResult executionId="0e78d578-8666-415f-9d6f-b1c9d4fccd57" testId="5deec0b2-de34-1722-bbba-f16a41b2a735" testName="UnionAllWithSkipTest" computerName="pkrvmsl9tci6h6u" duration="00:00:00.0480293" startTime="2025-08-09T21:08:16.2807220+00:00" endTime="2025-08-09T21:08:16.3288239+00:00" testType="13cdc9d9-ddb5-4fa4-a97d-d965ccfc6d4b" outcome="Passed" testListId="8c84fa94-04c1-424b-9868-57a2d4851a1d" relativeResultsDirectory="0e78d578-8666-415f-9d6f-b1c9d4fccd57" />
    <UnitTestResult executionId="179b8017-56ea-4d5d-a3cd-96f2d4716366" testId="21c042bd-1082-ac78-22c0-9c7824c77da9" testName="WhenBitwiseShiftRightInt_ShouldBeEvaluated" computerName="pkrvmsl9tci6h6u" duration="00:00:00.0253858" startTime="2025-08-09T21:07:56.1420668+00:00" endTime="2025-08-09T21:07:56.1675253+00:00" testType="13cdc9d9-ddb5-4fa4-a97d-d965ccfc6d4b" outcome="Passed" testListId="8c84fa94-04c1-424b-9868-57a2d4851a1d" relativeResultsDirectory="179b8017-56ea-4d5d-a3cd-96f2d4716366" />
    <UnitTestResult executionId="62a01994-bcf6-4f6c-95b3-5e986d2b640f" testId="74eadaa3-a115-2bce-4b6e-d331646a96ea" testName="WhenBitwiseOrBetweenLongAndUInt_ShouldBeEvaluated" computerName="pkrvmsl9tci6h6u" duration="00:00:00.0459873" startTime="2025-08-09T21:07:52.5706647+00:00" endTime="2025-08-09T21:07:52.6167308+00:00" testType="13cdc9d9-ddb5-4fa4-a97d-d965ccfc6d4b" outcome="Passed" testListId="8c84fa94-04c1-424b-9868-57a2d4851a1d" relativeResultsDirectory="62a01994-bcf6-4f6c-95b3-5e986d2b640f" />
    <UnitTestResult executionId="cd49f235-d6e1-4aa5-93ce-593a78c67310" testId="71e06c40-af89-e9ad-657d-cf77d898b398" testName="WhenWrongTypeBetweenExcept_ShouldFail" computerName="pkrvmsl9tci6h6u" duration="00:00:00.0022698" startTime="2025-08-09T21:08:18.3788611+00:00" endTime="2025-08-09T21:08:18.3811678+00:00" testType="13cdc9d9-ddb5-4fa4-a97d-d965ccfc6d4b" outcome="Passed" testListId="8c84fa94-04c1-424b-9868-57a2d4851a1d" relativeResultsDirectory="cd49f235-d6e1-4aa5-93ce-593a78c67310" />
    <UnitTestResult executionId="d063c952-8304-4579-af36-c56ff2867075" testId="f22d701c-2b7c-2240-9207-dc1bb0b2adac" testName="WhenEntityDoesNotImplementIndexer_ShouldFail" computerName="pkrvmsl9tci6h6u" duration="00:00:00.0018733" startTime="2025-08-09T21:07:57.1028128+00:00" endTime="2025-08-09T21:07:57.1047522+00:00" testType="13cdc9d9-ddb5-4fa4-a97d-d965ccfc6d4b" outcome="Passed" testListId="8c84fa94-04c1-424b-9868-57a2d4851a1d" relativeResultsDirectory="d063c952-8304-4579-af36-c56ff2867075" />
    <UnitTestResult executionId="320fbd4e-0018-4a30-bc64-ac04ef5a2060" testId="9fa7bbaa-fbce-eacf-af4e-e28307ac409a" testName="WhenToStringCalled_ShouldReturnSameQuery (select s.Column1, s.Column2 from #some.thing() s group by s.Column2 skip 15)" computerName="pkrvmsl9tci6h6u" duration="00:00:00.0013040" startTime="2025-08-09T21:08:21.4852960+00:00" endTime="2025-08-09T21:08:21.4866994+00:00" testType="13cdc9d9-ddb5-4fa4-a97d-d965ccfc6d4b" outcome="Passed" testListId="8c84fa94-04c1-424b-9868-57a2d4851a1d" relativeResultsDirectory="320fbd4e-0018-4a30-bc64-ac04ef5a2060" />
    <UnitTestResult executionId="aa5cf49c-e923-4dab-ba82-50a8fa4abdf4" testId="2024f0e5-66e0-c1fd-5757-35b180c6cfbc" testName="WhenCompilerMustDecideWhichOneOfTheMethodsUse_TheMethodHasAdditionalArgument_ShouldChoseTheSecondOne" computerName="pkrvmsl9tci6h6u" duration="00:00:00.0407633" startTime="2025-08-09T21:08:09.5712848+00:00" endTime="2025-08-09T21:08:09.6121395+00:00" testType="13cdc9d9-ddb5-4fa4-a97d-d965ccfc6d4b" outcome="Passed" testListId="8c84fa94-04c1-424b-9868-57a2d4851a1d" relativeResultsDirectory="aa5cf49c-e923-4dab-ba82-50a8fa4abdf4" />
    <UnitTestResult executionId="57425824-56e2-45d4-b686-deea36d484ae" testId="a11b363d-82ab-c9af-b13a-75ce9b38ecc7" testName="WhenNestedObjectMightBeTreatAsArray_ShouldPass" computerName="pkrvmsl9tci6h6u" duration="00:00:00.0277822" startTime="2025-08-09T21:07:57.1111189+00:00" endTime="2025-08-09T21:07:57.1389451+00:00" testType="13cdc9d9-ddb5-4fa4-a97d-d965ccfc6d4b" outcome="Passed" testListId="8c84fa94-04c1-424b-9868-57a2d4851a1d" relativeResultsDirectory="57425824-56e2-45d4-b686-deea36d484ae" />
    <UnitTestResult executionId="d92419c1-838f-4854-9be5-c3402d9f2b92" testId="6fcbe225-fbdd-1460-cce4-61bc3e67ce5f" testName="WhenULongMethodCallAndByteUsed_ShouldHaveColumnOfThatType" computerName="pkrvmsl9tci6h6u" duration="00:00:00.0699216" startTime="2025-08-09T21:07:44.9039579+00:00" endTime="2025-08-09T21:07:44.9739986+00:00" testType="13cdc9d9-ddb5-4fa4-a97d-d965ccfc6d4b" outcome="Passed" testListId="8c84fa94-04c1-424b-9868-57a2d4851a1d" relativeResultsDirectory="d92419c1-838f-4854-9be5-c3402d9f2b92" />
    <UnitTestResult executionId="6e1e5b46-d6f4-48d1-a76a-5963aa528457" testId="8cc35b9e-d7a1-4052-4657-190c91e926d1" testName="WhenByteAndLongUsed_ShouldHaveColumnOfLongType" computerName="pkrvmsl9tci6h6u" duration="00:00:00.1194942" startTime="2025-08-09T21:07:29.9268768+00:00" endTime="2025-08-09T21:07:30.0465572+00:00" testType="13cdc9d9-ddb5-4fa4-a97d-d965ccfc6d4b" outcome="Passed" testListId="8c84fa94-04c1-424b-9868-57a2d4851a1d" relativeResultsDirectory="6e1e5b46-d6f4-48d1-a76a-5963aa528457" />
    <UnitTestResult executionId="45633273-e9fb-4867-8d54-fb4b394c97ca" testId="fcb0c6b9-549a-a0c7-6a6b-0f11327eb3fc" testName="WhenBitwiseAndBetweenByteAndUShort_ShouldBeEvaluated" computerName="pkrvmsl9tci6h6u" duration="00:00:00.0497287" startTime="2025-08-09T21:07:47.4312606+00:00" endTime="2025-08-09T21:07:47.4810861+00:00" testType="13cdc9d9-ddb5-4fa4-a97d-d965ccfc6d4b" outcome="Passed" testListId="8c84fa94-04c1-424b-9868-57a2d4851a1d" relativeResultsDirectory="45633273-e9fb-4867-8d54-fb4b394c97ca" />
    <UnitTestResult executionId="fd75e82a-f143-49db-889d-25675a554b6e" testId="897a310a-c338-bea3-053e-f4f4a0e38b03" testName="WhenOrderByCaseWhenDescExpression_ShouldSucceed" computerName="pkrvmsl9tci6h6u" duration="00:00:00.0480730" startTime="2025-08-09T21:08:12.6473791+00:00" endTime="2025-08-09T21:08:12.6955165+00:00" testType="13cdc9d9-ddb5-4fa4-a97d-d965ccfc6d4b" outcome="Passed" testListId="8c84fa94-04c1-424b-9868-57a2d4851a1d" relativeResultsDirectory="fd75e82a-f143-49db-889d-25675a554b6e" />
    <UnitTestResult executionId="a8790c87-ee4a-435a-a1cd-77326b63bb44" testId="77a7bff4-9316-9c9a-484c-3b8c7f144118" testName="WhenBitwiseShiftLeft_byte_ShouldBeEvaluated" computerName="pkrvmsl9tci6h6u" duration="00:00:00.0282505" startTime="2025-08-09T21:07:55.6845267+00:00" endTime="2025-08-09T21:07:55.7128691+00:00" testType="13cdc9d9-ddb5-4fa4-a97d-d965ccfc6d4b" outcome="Passed" testListId="8c84fa94-04c1-424b-9868-57a2d4851a1d" relativeResultsDirectory="a8790c87-ee4a-435a-a1cd-77326b63bb44" />
    <UnitTestResult executionId="d7da9d5a-0c7c-436f-867e-9ea2bf4e0a35" testId="9d281ee7-8361-6bf7-7d35-8e4d056cef83" testName="WhenLargeNegativeSByteUsed_ShouldHaveColumnOfThatType" computerName="pkrvmsl9tci6h6u" duration="00:00:00.0468429" startTime="2025-08-09T21:08:11.5075182+00:00" endTime="2025-08-09T21:08:11.5544432+00:00" testType="13cdc9d9-ddb5-4fa4-a97d-d965ccfc6d4b" outcome="Passed" testListId="8c84fa94-04c1-424b-9868-57a2d4851a1d" relativeResultsDirectory="d7da9d5a-0c7c-436f-867e-9ea2bf4e0a35" />
    <UnitTestResult executionId="f9f0bf17-e9a3-4a6d-a49f-4fec7bb1a2c1" testId="9f36e6ba-2413-546d-71a2-54b0f1f21955" testName="GroupBySubtractGroupsTest" computerName="pkrvmsl9tci6h6u" duration="00:00:00.0657416" startTime="2025-08-09T21:08:04.4616504+00:00" endTime="2025-08-09T21:08:04.5274762+00:00" testType="13cdc9d9-ddb5-4fa4-a97d-d965ccfc6d4b" outcome="Passed" testListId="8c84fa94-04c1-424b-9868-57a2d4851a1d" relativeResultsDirectory="f9f0bf17-e9a3-4a6d-a49f-4fec7bb1a2c1" />
    <UnitTestResult executionId="f8ffe57a-f6c5-4720-bb26-a7bff82081f9" testId="ccc1299f-3acc-aa9f-2ce3-f9684629aa50" testName="WhenBitwiseOrBetweenByteAndShort_ShouldBeEvaluated" computerName="pkrvmsl9tci6h6u" duration="00:00:00.0499230" startTime="2025-08-09T21:07:50.4874297+00:00" endTime="2025-08-09T21:07:50.5374449+00:00" testType="13cdc9d9-ddb5-4fa4-a97d-d965ccfc6d4b" outcome="Passed" testListId="8c84fa94-04c1-424b-9868-57a2d4851a1d" relativeResultsDirectory="f8ffe57a-f6c5-4720-bb26-a7bff82081f9" />
    <UnitTestResult executionId="783682fc-ae99-4c82-9bdf-45124a43d325" testId="b19277c6-cd94-e6d2-3fa8-d51af7d6b708" testName="WhenFloatAndShortUsed_ShouldHaveColumnOfThatType" computerName="pkrvmsl9tci6h6u" duration="00:00:00.0754108" startTime="2025-08-09T21:07:40.1792391+00:00" endTime="2025-08-09T21:07:40.2547758+00:00" testType="13cdc9d9-ddb5-4fa4-a97d-d965ccfc6d4b" outcome="Passed" testListId="8c84fa94-04c1-424b-9868-57a2d4851a1d" relativeResultsDirectory="783682fc-ae99-4c82-9bdf-45124a43d325" />
    <UnitTestResult executionId="10cdfcee-adaf-4474-bffb-cbefb9ed9bb2" testId="ff3b74aa-e8c4-0e01-43d1-4065c2e578bf" testName="WhenCrossApplyAndMethodWithExplicitParameterUsed_ShouldPass" computerName="pkrvmsl9tci6h6u" duration="00:00:00.0476543" startTime="2025-08-09T21:07:58.3583042+00:00" endTime="2025-08-09T21:07:58.4060226+00:00" testType="13cdc9d9-ddb5-4fa4-a97d-d965ccfc6d4b" outcome="Passed" testListId="8c84fa94-04c1-424b-9868-57a2d4851a1d" relativeResultsDirectory="10cdfcee-adaf-4474-bffb-cbefb9ed9bb2" />
    <UnitTestResult executionId="7f45bd29-2573-48ba-a804-f738bbb15313" testId="58d1dbfd-77c4-03d8-d898-d2f8629d4025" testName="WhenBitwiseOrBetweenIntAndSByte_ShouldBeEvaluated" computerName="pkrvmsl9tci6h6u" duration="00:00:00.0454671" startTime="2025-08-09T21:07:51.5884031+00:00" endTime="2025-08-09T21:07:51.6339679+00:00" testType="13cdc9d9-ddb5-4fa4-a97d-d965ccfc6d4b" outcome="Passed" testListId="8c84fa94-04c1-424b-9868-57a2d4851a1d" relativeResultsDirectory="7f45bd29-2573-48ba-a804-f738bbb15313" />
    <UnitTestResult executionId="fe044c8c-15f5-4cfe-acec-e974fc6f912b" testId="0761e18c-f716-a4c2-cc35-cabea5f98766" testName="WhenSchemaMethodCrossAppliedWithAnotherSameSchemas_WithFilterAndGroupBy_ShouldPass" computerName="pkrvmsl9tci6h6u" duration="00:00:00.0820990" startTime="2025-08-09T21:08:00.1738173+00:00" endTime="2025-08-09T21:08:00.2560063+00:00" testType="13cdc9d9-ddb5-4fa4-a97d-d965ccfc6d4b" outcome="Passed" testListId="8c84fa94-04c1-424b-9868-57a2d4851a1d" relativeResultsDirectory="fe044c8c-15f5-4cfe-acec-e974fc6f912b" />
    <UnitTestResult executionId="5111d39d-d1bb-4346-8db4-29fd77a9aef6" testId="d2c64857-e3f9-2ec9-cab5-2a4816af23bc" testName="SimpleGroupByWithSkipTakeTest" computerName="pkrvmsl9tci6h6u" duration="00:00:00.0589062" startTime="2025-08-09T21:08:04.7862991+00:00" endTime="2025-08-09T21:08:04.8452940+00:00" testType="13cdc9d9-ddb5-4fa4-a97d-d965ccfc6d4b" outcome="Passed" testListId="8c84fa94-04c1-424b-9868-57a2d4851a1d" relativeResultsDirectory="5111d39d-d1bb-4346-8db4-29fd77a9aef6" />
    <UnitTestResult executionId="78aa9095-1c98-440a-be1c-ea2c276855e8" testId="54c1261f-a440-d93b-f95e-710584483f31" testName="WhenToStringCalled_ShouldReturnSameQuery (select 1 from #A.entities() a inner join #B.entities() b on a.Id = b.Id right outer join #C.entities() c on a.Id = c.Id)" computerName="pkrvmsl9tci6h6u" duration="00:00:00.0011716" startTime="2025-08-09T21:08:21.4639689+00:00" endTime="2025-08-09T21:08:21.4652297+00:00" testType="13cdc9d9-ddb5-4fa4-a97d-d965ccfc6d4b" outcome="Passed" testListId="8c84fa94-04c1-424b-9868-57a2d4851a1d" relativeResultsDirectory="78aa9095-1c98-440a-be1c-ea2c276855e8" />
    <UnitTestResult executionId="bda574ff-e9de-4f97-9a2d-f8ad5ff06a68" testId="336e9fb3-d5a1-538d-843d-8a6cd4b69af9" testName="WhenNthIndexOfCalled_ShouldReturnSecondIndex" computerName="pkrvmsl9tci6h6u" duration="00:00:00.0377579" startTime="2025-08-09T21:08:22.8436163+00:00" endTime="2025-08-09T21:08:22.8814375+00:00" testType="13cdc9d9-ddb5-4fa4-a97d-d965ccfc6d4b" outcome="Passed" testListId="8c84fa94-04c1-424b-9868-57a2d4851a1d" relativeResultsDirectory="bda574ff-e9de-4f97-9a2d-f8ad5ff06a68" />
    <UnitTestResult executionId="544e22ee-e094-479f-bedf-a199ac27f935" testId="92fe138e-66f5-3064-bd0c-8f2013ed492b" testName="WhenULongAndUIntUsed_ShouldHaveColumnOfThatType" computerName="pkrvmsl9tci6h6u" duration="00:00:00.0805621" startTime="2025-08-09T21:07:39.4439124+00:00" endTime="2025-08-09T21:07:39.5246270+00:00" testType="13cdc9d9-ddb5-4fa4-a97d-d965ccfc6d4b" outcome="Passed" testListId="8c84fa94-04c1-424b-9868-57a2d4851a1d" relativeResultsDirectory="544e22ee-e094-479f-bedf-a199ac27f935" />
    <UnitTestResult executionId="fcaa2243-1ccb-477f-b0b4-a0f096460c3e" testId="38a979c8-cb5d-f3d4-eb89-bf0969025079" testName="ArithmeticOpsLessTest" computerName="pkrvmsl9tci6h6u" duration="00:00:00.0352953" startTime="2025-08-09T21:07:57.3635502+00:00" endTime="2025-08-09T21:07:57.3989424+00:00" testType="13cdc9d9-ddb5-4fa4-a97d-d965ccfc6d4b" outcome="Passed" testListId="8c84fa94-04c1-424b-9868-57a2d4851a1d" relativeResultsDirectory="fcaa2243-1ccb-477f-b0b4-a0f096460c3e" />
    <UnitTestResult executionId="9f23b02c-2118-4286-9806-39ff0cb47945" testId="ed31bad7-6463-087d-a745-2565069c4700" testName="WhenBitwiseXorBetweenUlongAndUlong_ShouldBeEvaluated" computerName="pkrvmsl9tci6h6u" duration="00:00:00.0438543" startTime="2025-08-09T21:07:55.5902046+00:00" endTime="2025-08-09T21:07:55.6341292+00:00" testType="13cdc9d9-ddb5-4fa4-a97d-d965ccfc6d4b" outcome="Passed" testListId="8c84fa94-04c1-424b-9868-57a2d4851a1d" relativeResultsDirectory="9f23b02c-2118-4286-9806-39ff0cb47945" />
    <UnitTestResult executionId="2eb2e807-ef73-4f03-9086-94bcdfbf9b78" testId="fdbd9cf7-3fc8-b712-6bc7-3ff7ec7e69d3" testName="WhenBitwiseShiftRightSByte_ShouldBeEvaluated" computerName="pkrvmsl9tci6h6u" duration="00:00:00.0420646" startTime="2025-08-09T21:07:55.9667702+00:00" endTime="2025-08-09T21:07:56.0090214+00:00" testType="13cdc9d9-ddb5-4fa4-a97d-d965ccfc6d4b" outcome="Passed" testListId="8c84fa94-04c1-424b-9868-57a2d4851a1d" relativeResultsDirectory="2eb2e807-ef73-4f03-9086-94bcdfbf9b78" />
    <UnitTestResult executionId="ec200d39-05a2-48d2-9e52-836aac4ad2b2" testId="4e87da66-1686-81c6-9fe2-94dd27c026a6" testName="AccessObjectTest" computerName="pkrvmsl9tci6h6u" duration="00:00:00.0464772" startTime="2025-08-09T21:08:19.1929115+00:00" endTime="2025-08-09T21:08:19.2394524+00:00" testType="13cdc9d9-ddb5-4fa4-a97d-d965ccfc6d4b" outcome="Passed" testListId="8c84fa94-04c1-424b-9868-57a2d4851a1d" relativeResultsDirectory="ec200d39-05a2-48d2-9e52-836aac4ad2b2" />
    <UnitTestResult executionId="8fa2b394-fd27-42d3-a7a3-ee627e44062d" testId="e7dd4410-2145-60f0-354c-5e4846794ba8" testName="WhenULongAndDecimalUsed_ShouldHaveColumnOfThatType" computerName="pkrvmsl9tci6h6u" duration="00:00:00.0913384" startTime="2025-08-09T21:07:39.6196114+00:00" endTime="2025-08-09T21:07:39.7110677+00:00" testType="13cdc9d9-ddb5-4fa4-a97d-d965ccfc6d4b" outcome="Passed" testListId="8c84fa94-04c1-424b-9868-57a2d4851a1d" relativeResultsDirectory="8fa2b394-fd27-42d3-a7a3-ee627e44062d" />
    <UnitTestResult executionId="4dcee8cf-069e-4c29-b62f-bc7e18c19990" testId="f52e03e4-3ece-7f67-08db-ae6fb0f9b61e" testName="CrossApplyProperty_GroupBy_ShouldPass" computerName="pkrvmsl9tci6h6u" duration="00:00:00.0675197" startTime="2025-08-09T21:07:58.8810360+00:00" endTime="2025-08-09T21:07:58.9486316+00:00" testType="13cdc9d9-ddb5-4fa4-a97d-d965ccfc6d4b" outcome="Passed" testListId="8c84fa94-04c1-424b-9868-57a2d4851a1d" relativeResultsDirectory="4dcee8cf-069e-4c29-b62f-bc7e18c19990" />
    <UnitTestResult executionId="77425eaf-7354-416e-bff5-9b1be3eac8ee" testId="91f5f340-0c47-8c6a-373e-5c912ab7bf0f" testName="UnionAllQueryCancellation" computerName="pkrvmsl9tci6h6u" duration="00:00:00.0304979" startTime="2025-08-09T21:07:56.6816885+00:00" endTime="2025-08-09T21:07:56.7122946+00:00" testType="13cdc9d9-ddb5-4fa4-a97d-d965ccfc6d4b" outcome="Passed" testListId="8c84fa94-04c1-424b-9868-57a2d4851a1d" relativeResultsDirectory="77425eaf-7354-416e-bff5-9b1be3eac8ee" />
    <UnitTestResult executionId="3d08bdcc-247f-4cd3-a0a6-67508bc13603" testId="e1768ff5-4ead-02e8-a8ac-9bd0e9e6d0a7" testName="ExceptWithSkipTripleSourcesTest" computerName="pkrvmsl9tci6h6u" duration="00:00:00.0538467" startTime="2025-08-09T21:08:17.2132412+00:00" endTime="2025-08-09T21:08:17.2671539+00:00" testType="13cdc9d9-ddb5-4fa4-a97d-d965ccfc6d4b" outcome="Passed" testListId="8c84fa94-04c1-424b-9868-57a2d4851a1d" relativeResultsDirectory="3d08bdcc-247f-4cd3-a0a6-67508bc13603" />
    <UnitTestResult executionId="d27b593f-be70-4718-acd9-c37b6b6e17a8" testId="4f516c81-6499-758e-1645-fd22a6ed282d" testName="WhenBitwiseXorBetweenSbyteAndUshort_ShouldBeEvaluated" computerName="pkrvmsl9tci6h6u" duration="00:00:00.0642423" startTime="2025-08-09T21:07:52.9966520+00:00" endTime="2025-08-09T21:07:53.0609766+00:00" testType="13cdc9d9-ddb5-4fa4-a97d-d965ccfc6d4b" outcome="Passed" testListId="8c84fa94-04c1-424b-9868-57a2d4851a1d" relativeResultsDirectory="d27b593f-be70-4718-acd9-c37b6b6e17a8" />
    <UnitTestResult executionId="107c59ef-431d-4559-aae8-fd4390528556" testId="83db8ca9-6314-74a4-8e14-e85990d5ec2d" testName="WhenBitwiseXorBetweenUshortAndUlong_ShouldBeEvaluated" computerName="pkrvmsl9tci6h6u" duration="00:00:00.0470768" startTime="2025-08-09T21:07:54.0065333+00:00" endTime="2025-08-09T21:07:54.0537295+00:00" testType="13cdc9d9-ddb5-4fa4-a97d-d965ccfc6d4b" outcome="Passed" testListId="8c84fa94-04c1-424b-9868-57a2d4851a1d" relativeResultsDirectory="107c59ef-431d-4559-aae8-fd4390528556" />
    <UnitTestResult executionId="4544b0c3-9880-4787-9d84-61b832e2d90f" testId="a3e127eb-7ab4-463e-2557-b1220b4350ef" testName="WhenBitwiseAndBetweenByteAndUInt_ShouldBeEvaluated" computerName="pkrvmsl9tci6h6u" duration="00:00:00.0349378" startTime="2025-08-09T21:07:47.5248935+00:00" endTime="2025-08-09T21:07:47.5599421+00:00" testType="13cdc9d9-ddb5-4fa4-a97d-d965ccfc6d4b" outcome="Passed" testListId="8c84fa94-04c1-424b-9868-57a2d4851a1d" relativeResultsDirectory="4544b0c3-9880-4787-9d84-61b832e2d90f" />
    <UnitTestResult executionId="054e882d-6951-486a-860a-228c6babbbc5" testId="11996133-a25e-8657-46ca-2573d9b2c122" testName="WhenBitwiseAndBetweenByteAndInt_ShouldBeEvaluated" computerName="pkrvmsl9tci6h6u" duration="00:00:00.0435883" startTime="2025-08-09T21:07:47.4811422+00:00" endTime="2025-08-09T21:07:47.5248357+00:00" testType="13cdc9d9-ddb5-4fa4-a97d-d965ccfc6d4b" outcome="Passed" testListId="8c84fa94-04c1-424b-9868-57a2d4851a1d" relativeResultsDirectory="054e882d-6951-486a-860a-228c6babbbc5" />
    <UnitTestResult executionId="4642c600-6b2d-4dca-b575-4db08d80beb7" testId="d7d86841-ff4a-a304-de1f-585dafdc9bfd" testName="WhenBitwiseOrBetweenUIntAndByte_ShouldBeEvaluated" computerName="pkrvmsl9tci6h6u" duration="00:00:00.0334036" startTime="2025-08-09T21:07:51.9036646+00:00" endTime="2025-08-09T21:07:51.9371588+00:00" testType="13cdc9d9-ddb5-4fa4-a97d-d965ccfc6d4b" outcome="Passed" testListId="8c84fa94-04c1-424b-9868-57a2d4851a1d" relativeResultsDirectory="4642c600-6b2d-4dca-b575-4db08d80beb7" />
    <UnitTestResult executionId="385a3b55-a33d-401c-a9da-aad72246faf2" testId="e7dee04a-484c-f9ce-58f4-950c0bdaaed9" testName="WhenBitwiseOrBetweenUlongAndUint_ShouldBeEvaluated" computerName="pkrvmsl9tci6h6u" duration="00:00:00.0675155" startTime="2025-08-09T21:07:52.7564383+00:00" endTime="2025-08-09T21:07:52.8240313+00:00" testType="13cdc9d9-ddb5-4fa4-a97d-d965ccfc6d4b" outcome="Passed" testListId="8c84fa94-04c1-424b-9868-57a2d4851a1d" relativeResultsDirectory="385a3b55-a33d-401c-a9da-aad72246faf2" />
    <UnitTestResult executionId="7b5a9c22-bdf8-443a-a809-3421a13958fe" testId="4fe2b539-da11-6e47-e6b9-bebf4dd59d13" testName="GroupByForFakeWindowTest" computerName="pkrvmsl9tci6h6u" duration="00:00:00.0457767" startTime="2025-08-09T21:08:05.2587740+00:00" endTime="2025-08-09T21:08:05.3046283+00:00" testType="13cdc9d9-ddb5-4fa4-a97d-d965ccfc6d4b" outcome="Passed" testListId="8c84fa94-04c1-424b-9868-57a2d4851a1d" relativeResultsDirectory="7b5a9c22-bdf8-443a-a809-3421a13958fe" />
    <UnitTestResult executionId="2afa6bff-3054-40f8-9f01-7c3dd375a8b6" testId="531c1108-e719-b164-c67e-8b61a6a53739" testName="WhenUIntAndByteUsed_ShouldHaveColumnOfThatType" computerName="pkrvmsl9tci6h6u" duration="00:00:00.1342632" startTime="2025-08-09T21:07:36.6824576+00:00" endTime="2025-08-09T21:07:36.8168397+00:00" testType="13cdc9d9-ddb5-4fa4-a97d-d965ccfc6d4b" outcome="Passed" testListId="8c84fa94-04c1-424b-9868-57a2d4851a1d" relativeResultsDirectory="2afa6bff-3054-40f8-9f01-7c3dd375a8b6" />
    <UnitTestResult executionId="26bee53f-fea2-4ab9-8fca-3dd10a554e54" testId="c6951bb0-f6dd-f7ab-bd19-7750a4984cd9" testName="WhenULongAndByteUsed_ShouldHaveColumnOfThatType" computerName="pkrvmsl9tci6h6u" duration="00:00:00.0987344" startTime="2025-08-09T21:07:39.2488896+00:00" endTime="2025-08-09T21:07:39.3477505+00:00" testType="13cdc9d9-ddb5-4fa4-a97d-d965ccfc6d4b" outcome="Passed" testListId="8c84fa94-04c1-424b-9868-57a2d4851a1d" relativeResultsDirectory="26bee53f-fea2-4ab9-8fca-3dd10a554e54" />
    <UnitTestResult executionId="43a387b9-2ba9-4760-8438-cd9c92e875da" testId="2b928e57-c44a-96a0-f4b1-2a2ceeca038f" testName="WhenSByteMethodCallAndDecimalUsed_ShouldHaveColumnOfThatType" computerName="pkrvmsl9tci6h6u" duration="00:00:00.0621588" startTime="2025-08-09T21:07:42.8331453+00:00" endTime="2025-08-09T21:07:42.8954178+00:00" testType="13cdc9d9-ddb5-4fa4-a97d-d965ccfc6d4b" outcome="Passed" testListId="8c84fa94-04c1-424b-9868-57a2d4851a1d" relativeResultsDirectory="43a387b9-2ba9-4760-8438-cd9c92e875da" />
    <UnitTestResult executionId="3ee36efd-462f-46a0-9fc2-52d773979d61" testId="e58f16a1-4115-c87f-27e1-9aa3fd7a57ad" testName="DivisionWithMultiplicationTest" computerName="pkrvmsl9tci6h6u" duration="00:00:00.0379622" startTime="2025-08-09T21:07:45.8281455+00:00" endTime="2025-08-09T21:07:45.8661991+00:00" testType="13cdc9d9-ddb5-4fa4-a97d-d965ccfc6d4b" outcome="Passed" testListId="8c84fa94-04c1-424b-9868-57a2d4851a1d" relativeResultsDirectory="3ee36efd-462f-46a0-9fc2-52d773979d61" />
    <UnitTestResult executionId="5b1e5b27-89d9-4b74-a618-1014b55973d8" testId="ec580878-9a58-d659-efa2-e1ca83643457" testName="WhenSpecialCharacterStartBracketUsedInTextWith_MustNotThrow (^)" computerName="pkrvmsl9tci6h6u" duration="00:00:00.0338819" startTime="2025-08-09T21:08:22.2670485+00:00" endTime="2025-08-09T21:08:22.3010678+00:00" testType="13cdc9d9-ddb5-4fa4-a97d-d965ccfc6d4b" outcome="Passed" testListId="8c84fa94-04c1-424b-9868-57a2d4851a1d" relativeResultsDirectory="5b1e5b27-89d9-4b74-a618-1014b55973d8" />
    <UnitTestResult executionId="6d0a0e94-488f-4273-8b9d-223889ba606b" testId="c14b31b7-f86e-286a-a616-0005af37b957" testName="WhenSchemaMethodCrossAppliedSelfProperty_UsesCte_ShouldPass" computerName="pkrvmsl9tci6h6u" duration="00:00:00.0369160" startTime="2025-08-09T21:07:58.1770732+00:00" endTime="2025-08-09T21:07:58.2140608+00:00" testType="13cdc9d9-ddb5-4fa4-a97d-d965ccfc6d4b" outcome="Passed" testListId="8c84fa94-04c1-424b-9868-57a2d4851a1d" relativeResultsDirectory="6d0a0e94-488f-4273-8b9d-223889ba606b" />
    <UnitTestResult executionId="fb0e3038-5bb0-4c0e-887a-1908c7e97ce9" testId="a1d2823a-fbff-da9f-7bcc-e68c001eb868" testName="SimpleSkipTakeTest" computerName="pkrvmsl9tci6h6u" duration="00:00:00.0275556" startTime="2025-08-09T21:08:19.4545468+00:00" endTime="2025-08-09T21:08:19.4822171+00:00" testType="13cdc9d9-ddb5-4fa4-a97d-d965ccfc6d4b" outcome="Passed" testListId="8c84fa94-04c1-424b-9868-57a2d4851a1d" relativeResultsDirectory="fb0e3038-5bb0-4c0e-887a-1908c7e97ce9" />
    <UnitTestResult executionId="82d2bae0-4663-4fd9-b596-4c44c3aebf8e" testId="c98bc8c5-7604-1425-b5d0-00a2f910a719" testName="WhenShortMethodCallAndByteUsed_ShouldHaveColumnOfThatType" computerName="pkrvmsl9tci6h6u" duration="00:00:00.0357086" startTime="2025-08-09T21:07:42.8954786+00:00" endTime="2025-08-09T21:07:42.9313190+00:00" testType="13cdc9d9-ddb5-4fa4-a97d-d965ccfc6d4b" outcome="Passed" testListId="8c84fa94-04c1-424b-9868-57a2d4851a1d" relativeResultsDirectory="82d2bae0-4663-4fd9-b596-4c44c3aebf8e" />
    <UnitTestResult executionId="2a5799ed-c180-42f7-b2f0-852863c74c28" testId="b98bcf78-166e-9745-7c02-fcec053a4938" testName="ArrayAccess_ValidIndex_ShouldReturnValue" computerName="pkrvmsl9tci6h6u" duration="00:00:00.0486339" startTime="2025-08-09T21:07:46.4524926+00:00" endTime="2025-08-09T21:07:46.5013861+00:00" testType="13cdc9d9-ddb5-4fa4-a97d-d965ccfc6d4b" outcome="Passed" testListId="8c84fa94-04c1-424b-9868-57a2d4851a1d" relativeResultsDirectory="2a5799ed-c180-42f7-b2f0-852863c74c28" />
    <UnitTestResult executionId="37ceebf1-016d-4bef-83d6-6c7278a65ea8" testId="2f9e8b80-e00c-facd-7023-65802cb7b600" testName="WhenGroupByUsedWithJoinsByMethodInvocation_ShouldRetrieveValues" computerName="pkrvmsl9tci6h6u" duration="00:00:00.0765454" startTime="2025-08-09T21:08:06.2213439+00:00" endTime="2025-08-09T21:08:06.2979832+00:00" testType="13cdc9d9-ddb5-4fa4-a97d-d965ccfc6d4b" outcome="Passed" testListId="8c84fa94-04c1-424b-9868-57a2d4851a1d" relativeResultsDirectory="37ceebf1-016d-4bef-83d6-6c7278a65ea8" />
    <UnitTestResult executionId="28c45636-213c-48d4-bccb-df110f5b75f6" testId="cb9d7a0a-0a0f-1bdd-528a-5df8c7130a76" testName="WhenSpecialCharacterStartBracketUsedInTextWith_MustNotThrow (})" computerName="pkrvmsl9tci6h6u" duration="00:00:00.0260443" startTime="2025-08-09T21:08:21.8423242+00:00" endTime="2025-08-09T21:08:21.8685341+00:00" testType="13cdc9d9-ddb5-4fa4-a97d-d965ccfc6d4b" outcome="Passed" testListId="8c84fa94-04c1-424b-9868-57a2d4851a1d" relativeResultsDirectory="28c45636-213c-48d4-bccb-df110f5b75f6" />
    <UnitTestResult executionId="8f4f89b2-32cb-438d-87a9-250f9a299257" testId="b95639ae-4d3e-bec9-441e-f2b094fa95ff" testName="WhenDecimalMethodCallAndByteUsed_ShouldHaveColumnOfThatType" computerName="pkrvmsl9tci6h6u" duration="00:00:00.0561731" startTime="2025-08-09T21:07:45.1476774+00:00" endTime="2025-08-09T21:07:45.2039526+00:00" testType="13cdc9d9-ddb5-4fa4-a97d-d965ccfc6d4b" outcome="Passed" testListId="8c84fa94-04c1-424b-9868-57a2d4851a1d" relativeResultsDirectory="8f4f89b2-32cb-438d-87a9-250f9a299257" />
    <UnitTestResult executionId="fd870a92-6646-4104-952d-eb1c5184b990" testId="a3c91df9-b28c-c707-6b43-9eebd4df78ac" testName="WhenNullableBooleanFields_ForBinaryOperator_WithShortenedSyntaxApplied_ShouldPass" computerName="pkrvmsl9tci6h6u" duration="00:00:00.0622086" startTime="2025-08-09T21:08:09.2166572+00:00" endTime="2025-08-09T21:08:09.2789459+00:00" testType="13cdc9d9-ddb5-4fa4-a97d-d965ccfc6d4b" outcome="Passed" testListId="8c84fa94-04c1-424b-9868-57a2d4851a1d" relativeResultsDirectory="fd870a92-6646-4104-952d-eb1c5184b990" />
    <UnitTestResult executionId="4c14929a-63c1-4cb0-b42f-657a5fc1ef20" testId="ac650c29-3c9b-f926-c248-25a243011cfe" testName="WhenBitwiseOrBetweenLongAndInt_ShouldBeEvaluated" computerName="pkrvmsl9tci6h6u" duration="00:00:00.0651616" startTime="2025-08-09T21:07:52.5053870+00:00" endTime="2025-08-09T21:07:52.5706215+00:00" testType="13cdc9d9-ddb5-4fa4-a97d-d965ccfc6d4b" outcome="Passed" testListId="8c84fa94-04c1-424b-9868-57a2d4851a1d" relativeResultsDirectory="4c14929a-63c1-4cb0-b42f-657a5fc1ef20" />
    <UnitTestResult executionId="52837435-8fd4-4e41-a677-3665fccda1e4" testId="b0f00cf1-442a-7dd5-cf25-2679a04657b9" testName="CrossApply_PropertyAndMethod_WithFiltering" computerName="pkrvmsl9tci6h6u" duration="00:00:00.0630724" startTime="2025-08-09T21:07:59.0482936+00:00" endTime="2025-08-09T21:07:59.1114462+00:00" testType="13cdc9d9-ddb5-4fa4-a97d-d965ccfc6d4b" outcome="Passed" testListId="8c84fa94-04c1-424b-9868-57a2d4851a1d" relativeResultsDirectory="52837435-8fd4-4e41-a677-3665fccda1e4" />
    <UnitTestResult executionId="aea0e51a-4295-40aa-98aa-fde0e4c601d1" testId="22bd0ef0-0ad4-0b66-b8e7-59a4c4ff7138" testName="OuterApplyProperty_WithWhere_ShouldPass" computerName="pkrvmsl9tci6h6u" duration="00:00:00.0526210" startTime="2025-08-09T21:08:14.0419841+00:00" endTime="2025-08-09T21:08:14.0946810+00:00" testType="13cdc9d9-ddb5-4fa4-a97d-d965ccfc6d4b" outcome="Passed" testListId="8c84fa94-04c1-424b-9868-57a2d4851a1d" relativeResultsDirectory="aea0e51a-4295-40aa-98aa-fde0e4c601d1" />
    <UnitTestResult executionId="80f79bd0-360f-4ed0-9950-ba37cbe79cf9" testId="1358f6dd-337f-a7e4-6d78-e9d4f0c2b364" testName="WhenLongAndUShortUsed_ShouldHaveColumnOfThatType" computerName="pkrvmsl9tci6h6u" duration="00:00:00.1010843" startTime="2025-08-09T21:07:38.5801477+00:00" endTime="2025-08-09T21:07:38.6813857+00:00" testType="13cdc9d9-ddb5-4fa4-a97d-d965ccfc6d4b" outcome="Passed" testListId="8c84fa94-04c1-424b-9868-57a2d4851a1d" relativeResultsDirectory="80f79bd0-360f-4ed0-9950-ba37cbe79cf9" />
    <UnitTestResult executionId="0ab98de5-4bbd-437d-bfe1-02e914d87bec" testId="addb1779-3e53-15a1-09d7-2ce15389b97d" testName="WhenMethodCalledWithNullValue_ShouldReturnNull" computerName="pkrvmsl9tci6h6u" duration="00:00:00.0525092" startTime="2025-08-09T21:08:10.4886654+00:00" endTime="2025-08-09T21:08:10.5412782+00:00" testType="13cdc9d9-ddb5-4fa4-a97d-d965ccfc6d4b" outcome="Passed" testListId="8c84fa94-04c1-424b-9868-57a2d4851a1d" relativeResultsDirectory="0ab98de5-4bbd-437d-bfe1-02e914d87bec" />
    <UnitTestResult executionId="56502d4f-9bb4-42e8-bfe4-c44d9eb6f4fd" testId="ed1dbb0f-966d-b8e7-964a-94829ab85fb3" testName="WhenComplexMixedEscapes_ShouldBePresent" computerName="pkrvmsl9tci6h6u" duration="00:00:00.0389898" startTime="2025-08-09T21:08:02.8890032+00:00" endTime="2025-08-09T21:08:02.9280533+00:00" testType="13cdc9d9-ddb5-4fa4-a97d-d965ccfc6d4b" outcome="Passed" testListId="8c84fa94-04c1-424b-9868-57a2d4851a1d" relativeResultsDirectory="56502d4f-9bb4-42e8-bfe4-c44d9eb6f4fd" />
    <UnitTestResult executionId="cbeb89f1-7987-4523-9c0b-c4b904bb2685" testId="8aa734d5-bbec-2934-0ae3-43a196682456" testName="WhenMultipleEscapeCharactersUsedInText_MustNotThrow" computerName="pkrvmsl9tci6h6u" duration="00:00:00.0493155" startTime="2025-08-09T21:08:21.7310683+00:00" endTime="2025-08-09T21:08:21.7804499+00:00" testType="13cdc9d9-ddb5-4fa4-a97d-d965ccfc6d4b" outcome="Passed" testListId="8c84fa94-04c1-424b-9868-57a2d4851a1d" relativeResultsDirectory="cbeb89f1-7987-4523-9c0b-c4b904bb2685" />
    <UnitTestResult executionId="80b51540-1f20-4aa0-a027-9496c80b0775" testId="b050d760-b1ca-fbd3-f229-9511e1bc0efd" testName="CrossApplyProperty_WithPrimitiveArray_ShouldPass" computerName="pkrvmsl9tci6h6u" duration="00:00:00.0455346" startTime="2025-08-09T21:07:59.4527504+00:00" endTime="2025-08-09T21:07:59.4983504+00:00" testType="13cdc9d9-ddb5-4fa4-a97d-d965ccfc6d4b" outcome="Passed" testListId="8c84fa94-04c1-424b-9868-57a2d4851a1d" relativeResultsDirectory="80b51540-1f20-4aa0-a027-9496c80b0775" />
    <UnitTestResult executionId="66bf447d-d379-47f4-9719-42c4bed22bce" testId="9ddee134-5832-1f76-96b9-dc00670305fc" testName="WhenBitwiseOrBetweenByteAndLong_ShouldBeEvaluated" computerName="pkrvmsl9tci6h6u" duration="00:00:00.0550972" startTime="2025-08-09T21:07:50.6947110+00:00" endTime="2025-08-09T21:07:50.7499316+00:00" testType="13cdc9d9-ddb5-4fa4-a97d-d965ccfc6d4b" outcome="Passed" testListId="8c84fa94-04c1-424b-9868-57a2d4851a1d" relativeResultsDirectory="66bf447d-d379-47f4-9719-42c4bed22bce" />
    <UnitTestResult executionId="addcd6ff-40b2-4ca9-9ef3-3bd9ca53a02e" testId="d9552078-77ad-c5e7-9e7a-7a8ede0013ab" testName="WhenBitwiseOrBetweenUshortAndShort_ShouldBeEvaluated" computerName="pkrvmsl9tci6h6u" duration="00:00:00.0446654" startTime="2025-08-09T21:07:50.8986084+00:00" endTime="2025-08-09T21:07:50.9433767+00:00" testType="13cdc9d9-ddb5-4fa4-a97d-d965ccfc6d4b" outcome="Passed" testListId="8c84fa94-04c1-424b-9868-57a2d4851a1d" relativeResultsDirectory="addcd6ff-40b2-4ca9-9ef3-3bd9ca53a02e" />
    <UnitTestResult executionId="aa5f48ae-1fef-44af-a74a-c856d5ed5c85" testId="7dab56b6-2e0a-98ec-42e2-caa9db1cd529" testName="WhenSkipFirstElement_ShouldReturnEverythingElse" computerName="pkrvmsl9tci6h6u" duration="00:00:00.0377359" startTime="2025-08-09T21:08:03.5111632+00:00" endTime="2025-08-09T21:08:03.5489631+00:00" testType="13cdc9d9-ddb5-4fa4-a97d-d965ccfc6d4b" outcome="Passed" testListId="8c84fa94-04c1-424b-9868-57a2d4851a1d" relativeResultsDirectory="aa5f48ae-1fef-44af-a74a-c856d5ed5c85" />
    <UnitTestResult executionId="6e77d79d-bbc8-42bd-9ef3-82704a334b59" testId="757a4846-ce34-a835-7c39-97fbbaddbf58" testName="ArithmeticOpsGreaterEqualTest" computerName="pkrvmsl9tci6h6u" duration="00:00:00.0451646" startTime="2025-08-09T21:07:57.2685381+00:00" endTime="2025-08-09T21:07:57.3137915+00:00" testType="13cdc9d9-ddb5-4fa4-a97d-d965ccfc6d4b" outcome="Passed" testListId="8c84fa94-04c1-424b-9868-57a2d4851a1d" relativeResultsDirectory="6e77d79d-bbc8-42bd-9ef3-82704a334b59" />
    <UnitTestResult executionId="cbe2047d-80ec-49b1-8b35-cd218c3b3c0d" testId="33247f41-33b8-7ad0-c103-065492db7dd5" testName="WhenSByteAndDecimalUsed_ShouldHaveColumnOfDecimalType" computerName="pkrvmsl9tci6h6u" duration="00:00:00.1560699" startTime="2025-08-09T21:07:31.8740926+00:00" endTime="2025-08-09T21:07:32.0303328+00:00" testType="13cdc9d9-ddb5-4fa4-a97d-d965ccfc6d4b" outcome="Passed" testListId="8c84fa94-04c1-424b-9868-57a2d4851a1d" relativeResultsDirectory="cbe2047d-80ec-49b1-8b35-cd218c3b3c0d" />
    <UnitTestResult executionId="85bdeb4f-77f2-4109-a15a-45d994bd3773" testId="7857cfd0-fb13-e675-5906-5f8784e4f1eb" testName="WhenColumnsUsedAsSourceOfMethodAndUsedInWhereAndUsedInSelectAndUsedInGroupBy_ShouldPass" computerName="pkrvmsl9tci6h6u" duration="00:00:00.0486399" startTime="2025-08-09T21:08:23.3809925+00:00" endTime="2025-08-09T21:08:23.4297204+00:00" testType="13cdc9d9-ddb5-4fa4-a97d-d965ccfc6d4b" outcome="Passed" testListId="8c84fa94-04c1-424b-9868-57a2d4851a1d" relativeResultsDirectory="85bdeb4f-77f2-4109-a15a-45d994bd3773" />
    <UnitTestResult executionId="b8622bd4-7adf-465f-97da-e7a3ce4bb8dc" testId="2a2e47b4-8a49-4646-f80e-cf682535a0d1" testName="WhenOneOfResultsAreExplicitlyNull_ShouldInferNullabilityTypeFromQueryContext" computerName="pkrvmsl9tci6h6u" duration="00:00:00.0792098" startTime="2025-08-09T21:08:09.8105197+00:00" endTime="2025-08-09T21:08:09.8898264+00:00" testType="13cdc9d9-ddb5-4fa4-a97d-d965ccfc6d4b" outcome="Passed" testListId="8c84fa94-04c1-424b-9868-57a2d4851a1d" relativeResultsDirectory="b8622bd4-7adf-465f-97da-e7a3ce4bb8dc" />
    <UnitTestResult executionId="cbbcf2df-02a2-41cf-842b-d2fec989d018" testId="329882ff-f611-a554-9576-3b34cf9d8551" testName="WhenToStringCalled_ShouldReturnSameQuery (select s.Column1, s.Column2 from #some.thing() s group by s.Column2 order by s.Column1 desc take 7)" computerName="pkrvmsl9tci6h6u" duration="00:00:00.0017087" startTime="2025-08-09T21:08:21.5088045+00:00" endTime="2025-08-09T21:08:21.5106148+00:00" testType="13cdc9d9-ddb5-4fa4-a97d-d965ccfc6d4b" outcome="Passed" testListId="8c84fa94-04c1-424b-9868-57a2d4851a1d" relativeResultsDirectory="cbbcf2df-02a2-41cf-842b-d2fec989d018" />
    <UnitTestResult executionId="28ec08c5-f7a9-4b0a-bda6-e2374eebcf43" testId="d201ce04-fab3-8021-0ef4-4c0b87f995ed" testName="WhenBuildMultipleTimes_AliasesShouldStayTheSame" computerName="pkrvmsl9tci6h6u" duration="00:00:03.1621802" startTime="2025-08-09T21:07:24.6405794+00:00" endTime="2025-08-09T21:07:27.8233940+00:00" testType="13cdc9d9-ddb5-4fa4-a97d-d965ccfc6d4b" outcome="Passed" testListId="8c84fa94-04c1-424b-9868-57a2d4851a1d" relativeResultsDirectory="28ec08c5-f7a9-4b0a-bda6-e2374eebcf43" />
    <UnitTestResult executionId="9c88fb26-9e3a-47f9-bcb3-959bea521ac8" testId="6e7dda02-febe-ccf5-dbae-2b4818a1e1fa" testName="WhenUShortAndUIntUsed_ShouldHaveColumnOfThatType" computerName="pkrvmsl9tci6h6u" duration="00:00:00.1422394" startTime="2025-08-09T21:07:34.1775374+00:00" endTime="2025-08-09T21:07:34.3199527+00:00" testType="13cdc9d9-ddb5-4fa4-a97d-d965ccfc6d4b" outcome="Passed" testListId="8c84fa94-04c1-424b-9868-57a2d4851a1d" relativeResultsDirectory="9c88fb26-9e3a-47f9-bcb3-959bea521ac8" />
    <UnitTestResult executionId="6e26d42c-5b95-4b1a-b6d1-0fd013d3991a" testId="0d38d276-f16a-6049-3a00-7fc62a1086b0" testName="WhenSpecialCharacterStartBracketUsedInTextWith_MustNotThrow (|)" computerName="pkrvmsl9tci6h6u" duration="00:00:00.0241290" startTime="2025-08-09T21:08:22.2427537+00:00" endTime="2025-08-09T21:08:22.2670120+00:00" testType="13cdc9d9-ddb5-4fa4-a97d-d965ccfc6d4b" outcome="Passed" testListId="8c84fa94-04c1-424b-9868-57a2d4851a1d" relativeResultsDirectory="6e26d42c-5b95-4b1a-b6d1-0fd013d3991a" />
    <UnitTestResult executionId="1199dec1-3f5b-48d5-bd1f-a3d1095c6e20" testId="1cb0f85a-e45d-f6d1-1d99-9f2162a7d91d" testName="WhenShortUsed_ShouldHaveColumnOfThatType" computerName="pkrvmsl9tci6h6u" duration="00:00:00.0242889" startTime="2025-08-09T21:08:10.6117136+00:00" endTime="2025-08-09T21:08:10.6360746+00:00" testType="13cdc9d9-ddb5-4fa4-a97d-d965ccfc6d4b" outcome="Passed" testListId="8c84fa94-04c1-424b-9868-57a2d4851a1d" relativeResultsDirectory="1199dec1-3f5b-48d5-bd1f-a3d1095c6e20" />
    <UnitTestResult executionId="d6c76a0a-5ef2-42e3-89b6-33f0e18eaa9c" testId="1fe6b2df-a809-813c-cc49-2726c47d85a3" testName="MixedSourcesExceptUnionScenarioTest" computerName="pkrvmsl9tci6h6u" duration="00:00:00.0501810" startTime="2025-08-09T21:08:17.5694866+00:00" endTime="2025-08-09T21:08:17.6197379+00:00" testType="13cdc9d9-ddb5-4fa4-a97d-d965ccfc6d4b" outcome="Passed" testListId="8c84fa94-04c1-424b-9868-57a2d4851a1d" relativeResultsDirectory="d6c76a0a-5ef2-42e3-89b6-33f0e18eaa9c" />
    <UnitTestResult executionId="9644e471-cbe4-4351-b247-cee89d616e42" testId="797d1b06-f594-96aa-0a64-d6501d24b806" testName="ChooseTest" computerName="pkrvmsl9tci6h6u" duration="00:00:00.0256614" startTime="2025-08-09T21:08:20.0577017+00:00" endTime="2025-08-09T21:08:20.0834414+00:00" testType="13cdc9d9-ddb5-4fa4-a97d-d965ccfc6d4b" outcome="Passed" testListId="8c84fa94-04c1-424b-9868-57a2d4851a1d" relativeResultsDirectory="9644e471-cbe4-4351-b247-cee89d616e42" />
    <UnitTestResult executionId="dbdcf480-5805-42bf-95cc-21b56de5826e" testId="4cc8321e-7180-c9e7-2e7e-f72fc284bd51" testName="WhenCteInheritsAliasedName_ShouldBeAccessibleByAliasedColumnNameAccessSyntaxWithAlias" computerName="pkrvmsl9tci6h6u" duration="00:00:00.1906915" startTime="2025-08-09T21:07:28.5544738+00:00" endTime="2025-08-09T21:07:28.7453564+00:00" testType="13cdc9d9-ddb5-4fa4-a97d-d965ccfc6d4b" outcome="Passed" testListId="8c84fa94-04c1-424b-9868-57a2d4851a1d" relativeResultsDirectory="dbdcf480-5805-42bf-95cc-21b56de5826e" />
    <UnitTestResult executionId="976afdf9-19df-41eb-8ad4-9866ba42cacf" testId="95ed1d62-3915-0a4c-dfb0-d194ab946e96" testName="ComplexWhere1Test" computerName="pkrvmsl9tci6h6u" duration="00:00:00.0645742" startTime="2025-08-09T21:08:18.7652916+00:00" endTime="2025-08-09T21:08:18.8299435+00:00" testType="13cdc9d9-ddb5-4fa4-a97d-d965ccfc6d4b" outcome="Passed" testListId="8c84fa94-04c1-424b-9868-57a2d4851a1d" relativeResultsDirectory="976afdf9-19df-41eb-8ad4-9866ba42cacf" />
    <UnitTestResult executionId="b0d00cb9-7193-47f8-a16e-62e1bf951511" testId="98d37d9e-baf2-f0d0-cd27-e8e7316f3d25" testName="WhenToStringCalled_ShouldReturnSameQuery (select t.* from #some.thing(true) t)" computerName="pkrvmsl9tci6h6u" duration="00:00:00.0006546" startTime="2025-08-09T21:08:21.5229754+00:00" endTime="2025-08-09T21:08:21.5236983+00:00" testType="13cdc9d9-ddb5-4fa4-a97d-d965ccfc6d4b" outcome="Passed" testListId="8c84fa94-04c1-424b-9868-57a2d4851a1d" relativeResultsDirectory="b0d00cb9-7193-47f8-a16e-62e1bf951511" />
    <UnitTestResult executionId="dc315db9-02e6-4e85-87e9-5fdc45019a51" testId="e6f3a2af-91be-e34b-7398-bc24f9b02170" testName="GroupByMultiColumnWithNullGroupTest" computerName="pkrvmsl9tci6h6u" duration="00:00:00.0570834" startTime="2025-08-09T21:08:09.9679661+00:00" endTime="2025-08-09T21:08:10.0251161+00:00" testType="13cdc9d9-ddb5-4fa4-a97d-d965ccfc6d4b" outcome="Passed" testListId="8c84fa94-04c1-424b-9868-57a2d4851a1d" relativeResultsDirectory="dc315db9-02e6-4e85-87e9-5fdc45019a51" />
    <UnitTestResult executionId="dbe8541e-aa65-4302-ac04-eb1c2fd23cd8" testId="6bc5dc08-b8d9-d6db-bcd0-346cd704e2ae" testName="WhenNegativeDecimalWithDotAndSuffixUsed_ShouldHaveColumnOfThatType" computerName="pkrvmsl9tci6h6u" duration="00:00:00.0322668" startTime="2025-08-09T21:08:11.1077311+00:00" endTime="2025-08-09T21:08:11.1400986+00:00" testType="13cdc9d9-ddb5-4fa4-a97d-d965ccfc6d4b" outcome="Passed" testListId="8c84fa94-04c1-424b-9868-57a2d4851a1d" relativeResultsDirectory="dbe8541e-aa65-4302-ac04-eb1c2fd23cd8" />
    <UnitTestResult executionId="4e2a0651-eb28-4685-8724-fc90aa424abe" testId="77625853-70d1-5e45-0d91-33d332874462" testName="WhenBitwiseAndBetweenSbyteAndInt_ShouldBeEvaluated" computerName="pkrvmsl9tci6h6u" duration="00:00:00.0512982" startTime="2025-08-09T21:07:47.1544063+00:00" endTime="2025-08-09T21:07:47.2057994+00:00" testType="13cdc9d9-ddb5-4fa4-a97d-d965ccfc6d4b" outcome="Passed" testListId="8c84fa94-04c1-424b-9868-57a2d4851a1d" relativeResultsDirectory="4e2a0651-eb28-4685-8724-fc90aa424abe" />
    <UnitTestResult executionId="e9fff215-4ee1-4a89-a3bc-521990fbdf2c" testId="e84e249c-8f03-366f-1813-58258fcae1af" testName="WhenLargeUShortUsed_ShouldHaveColumnOfThatType" computerName="pkrvmsl9tci6h6u" duration="00:00:00.0239543" startTime="2025-08-09T21:08:11.2429023+00:00" endTime="2025-08-09T21:08:11.2669336+00:00" testType="13cdc9d9-ddb5-4fa4-a97d-d965ccfc6d4b" outcome="Passed" testListId="8c84fa94-04c1-424b-9868-57a2d4851a1d" relativeResultsDirectory="e9fff215-4ee1-4a89-a3bc-521990fbdf2c" />
    <UnitTestResult executionId="3439da9e-c6d5-4449-8835-5b82eb586152" testId="10af9912-7a50-70e3-0386-5073441e8b0b" testName="WhenNthElementLookedFor_ShouldSuccess" computerName="pkrvmsl9tci6h6u" duration="00:00:00.0453225" startTime="2025-08-09T21:08:04.2762494+00:00" endTime="2025-08-09T21:08:04.3216480+00:00" testType="13cdc9d9-ddb5-4fa4-a97d-d965ccfc6d4b" outcome="Passed" testListId="8c84fa94-04c1-424b-9868-57a2d4851a1d" relativeResultsDirectory="3439da9e-c6d5-4449-8835-5b82eb586152" />
    <UnitTestResult executionId="77b9b392-44dc-4843-adbc-8c655733c501" testId="a8e5a760-b5e7-b40b-9992-10a66f34b951" testName="WhenDoubleAndUShortUsed_ShouldHaveColumnOfThatType" computerName="pkrvmsl9tci6h6u" duration="00:00:00.0822383" startTime="2025-08-09T21:07:41.0276012+00:00" endTime="2025-08-09T21:07:41.1099524+00:00" testType="13cdc9d9-ddb5-4fa4-a97d-d965ccfc6d4b" outcome="Passed" testListId="8c84fa94-04c1-424b-9868-57a2d4851a1d" relativeResultsDirectory="77b9b392-44dc-4843-adbc-8c655733c501" />
    <UnitTestResult executionId="4a47994a-6c56-4ba1-8285-bef06f150eb5" testId="bb5b5574-e298-3d85-b9eb-53dfee4eefe7" testName="WhenShortAndDecimalUsed_ShouldHaveColumnOfThatType" computerName="pkrvmsl9tci6h6u" duration="00:00:00.2005143" startTime="2025-08-09T21:07:33.3029901+00:00" endTime="2025-08-09T21:07:33.5037080+00:00" testType="13cdc9d9-ddb5-4fa4-a97d-d965ccfc6d4b" outcome="Passed" testListId="8c84fa94-04c1-424b-9868-57a2d4851a1d" relativeResultsDirectory="4a47994a-6c56-4ba1-8285-bef06f150eb5" />
    <UnitTestResult executionId="bc483fbd-9dfb-4164-802c-4ffd8280be30" testId="8459b930-7b36-38ba-dd05-05dfe7f5b503" testName="WhenToStringCalled_ShouldReturnSameQuery (select s.Column1, s.Column2 from #some.thing() s where s.Column2 like '%test%' group by s.Column1 skip 3)" computerName="pkrvmsl9tci6h6u" duration="00:00:00.0013339" startTime="2025-08-09T21:08:21.4991014+00:00" endTime="2025-08-09T21:08:21.5005035+00:00" testType="13cdc9d9-ddb5-4fa4-a97d-d965ccfc6d4b" outcome="Passed" testListId="8c84fa94-04c1-424b-9868-57a2d4851a1d" relativeResultsDirectory="bc483fbd-9dfb-4164-802c-4ffd8280be30" />
    <UnitTestResult executionId="a7f8cf3a-3c47-4721-b2bf-38427690dddc" testId="c4c917a4-c263-0938-d88d-8d79d48a864b" testName="OuterApplyProperty_WithComplexArray_ShouldPass" computerName="pkrvmsl9tci6h6u" duration="00:00:00.0357516" startTime="2025-08-09T21:08:14.2064961+00:00" endTime="2025-08-09T21:08:14.2423640+00:00" testType="13cdc9d9-ddb5-4fa4-a97d-d965ccfc6d4b" outcome="Passed" testListId="8c84fa94-04c1-424b-9868-57a2d4851a1d" relativeResultsDirectory="a7f8cf3a-3c47-4721-b2bf-38427690dddc" />
    <UnitTestResult executionId="c1f2b71e-66c7-41dd-974c-d1c710929ec5" testId="f708766e-f74c-c7ee-7bfd-107a325ae169" testName="WhenRowNumberWithSkipTest_ShouldPass" computerName="pkrvmsl9tci6h6u" duration="00:00:00.0466859" startTime="2025-08-09T21:08:15.9964647+00:00" endTime="2025-08-09T21:08:16.0432137+00:00" testType="13cdc9d9-ddb5-4fa4-a97d-d965ccfc6d4b" outcome="Passed" testListId="8c84fa94-04c1-424b-9868-57a2d4851a1d" relativeResultsDirectory="c1f2b71e-66c7-41dd-974c-d1c710929ec5" />
    <UnitTestResult executionId="e838dd7d-ebab-4bfc-bea6-c3963dd6e886" testId="9c33aca2-0a98-0bd2-8db4-935817a0f96b" testName="IfFunctionNestedTest" computerName="pkrvmsl9tci6h6u" duration="00:00:00.0430434" startTime="2025-08-09T21:08:08.9789209+00:00" endTime="2025-08-09T21:08:09.0220277+00:00" testType="13cdc9d9-ddb5-4fa4-a97d-d965ccfc6d4b" outcome="Passed" testListId="8c84fa94-04c1-424b-9868-57a2d4851a1d" relativeResultsDirectory="e838dd7d-ebab-4bfc-bea6-c3963dd6e886" />
    <UnitTestResult executionId="ccb0020a-ff67-490d-b978-98744fa01a09" testId="54c3832c-09de-c8f9-3750-725a1ce6fbe6" testName="WhenDecimalMethodCallAndUIntUsed_ShouldHaveColumnOfThatType" computerName="pkrvmsl9tci6h6u" duration="00:00:00.0481507" startTime="2025-08-09T21:07:45.4118563+00:00" endTime="2025-08-09T21:07:45.4601338+00:00" testType="13cdc9d9-ddb5-4fa4-a97d-d965ccfc6d4b" outcome="Passed" testListId="8c84fa94-04c1-424b-9868-57a2d4851a1d" relativeResultsDirectory="ccb0020a-ff67-490d-b978-98744fa01a09" />
    <UnitTestResult executionId="feb75341-c479-4756-a8c6-5a6f4682550e" testId="2971295a-8854-d231-dc1f-097ec22af30a" testName="IfFunctionTrueTest" computerName="pkrvmsl9tci6h6u" duration="00:00:00.0363306" startTime="2025-08-09T21:08:08.6183557+00:00" endTime="2025-08-09T21:08:08.6549082+00:00" testType="13cdc9d9-ddb5-4fa4-a97d-d965ccfc6d4b" outcome="Passed" testListId="8c84fa94-04c1-424b-9868-57a2d4851a1d" relativeResultsDirectory="feb75341-c479-4756-a8c6-5a6f4682550e" />
    <UnitTestResult executionId="bdc64d0e-b44f-4c66-8d61-ea0e3444d1d3" testId="23c654ef-d309-17bd-c329-66ebf8afd38c" testName="WhenNullableBooleanFieldWithFullSyntaxApplied_ShouldPass" computerName="pkrvmsl9tci6h6u" duration="00:00:00.0646964" startTime="2025-08-09T21:08:09.0476465+00:00" endTime="2025-08-09T21:08:09.1124068+00:00" testType="13cdc9d9-ddb5-4fa4-a97d-d965ccfc6d4b" outcome="Passed" testListId="8c84fa94-04c1-424b-9868-57a2d4851a1d" relativeResultsDirectory="bdc64d0e-b44f-4c66-8d61-ea0e3444d1d3" />
    <UnitTestResult executionId="21a15bfb-c6e0-4eb3-b13b-6d90f82bb1a7" testId="c980333a-7d30-e26a-2104-31742c1ac9ef" testName="WhenBitwiseOrBetweenUIntAndUShort_ShouldBeEvaluated" computerName="pkrvmsl9tci6h6u" duration="00:00:00.0335785" startTime="2025-08-09T21:07:52.0527658+00:00" endTime="2025-08-09T21:07:52.0864270+00:00" testType="13cdc9d9-ddb5-4fa4-a97d-d965ccfc6d4b" outcome="Passed" testListId="8c84fa94-04c1-424b-9868-57a2d4851a1d" relativeResultsDirectory="21a15bfb-c6e0-4eb3-b13b-6d90f82bb1a7" />
    <UnitTestResult executionId="42228186-2ef5-4d56-bafa-baa475c276cf" testId="3e53a9d9-c556-a7d8-4f82-6e0fa8f79202" testName="IfFunctionLessTrueTest" computerName="pkrvmsl9tci6h6u" duration="00:00:00.0237988" startTime="2025-08-09T21:08:08.7431703+00:00" endTime="2025-08-09T21:08:08.7670373+00:00" testType="13cdc9d9-ddb5-4fa4-a97d-d965ccfc6d4b" outcome="Passed" testListId="8c84fa94-04c1-424b-9868-57a2d4851a1d" relativeResultsDirectory="42228186-2ef5-4d56-bafa-baa475c276cf" />
    <UnitTestResult executionId="0bb3c5d6-daa6-4b8b-b9a0-5cb0844efbb4" testId="af073b73-e442-83d4-8f67-facd9fe1c36b" testName="WhenBitwiseXorBetweenUshortAndSbyte_ShouldBeEvaluated" computerName="pkrvmsl9tci6h6u" duration="00:00:00.0385693" startTime="2025-08-09T21:07:53.6797738+00:00" endTime="2025-08-09T21:07:53.7184275+00:00" testType="13cdc9d9-ddb5-4fa4-a97d-d965ccfc6d4b" outcome="Passed" testListId="8c84fa94-04c1-424b-9868-57a2d4851a1d" relativeResultsDirectory="0bb3c5d6-daa6-4b8b-b9a0-5cb0844efbb4" />
    <UnitTestResult executionId="fd5b565c-21af-44f3-8c87-2fa5adce32f8" testId="6e140d88-ab0e-d3b0-fff7-583ed2446e51" testName="IfFunctionEqualityFalseTest" computerName="pkrvmsl9tci6h6u" duration="00:00:00.0240742" startTime="2025-08-09T21:08:08.6797657+00:00" endTime="2025-08-09T21:08:08.7038980+00:00" testType="13cdc9d9-ddb5-4fa4-a97d-d965ccfc6d4b" outcome="Passed" testListId="8c84fa94-04c1-424b-9868-57a2d4851a1d" relativeResultsDirectory="fd5b565c-21af-44f3-8c87-2fa5adce32f8" />
    <UnitTestResult executionId="0f8b5dcc-d9c1-44b3-ad1b-691a3af024f9" testId="04063253-2e05-9c3b-57c3-00fc4d1cc0df" testName="WhenLargeSByteUsed_ShouldHaveColumnOfThatType" computerName="pkrvmsl9tci6h6u" duration="00:00:00.0362602" startTime="2025-08-09T21:08:11.1401376+00:00" endTime="2025-08-09T21:08:11.1764737+00:00" testType="13cdc9d9-ddb5-4fa4-a97d-d965ccfc6d4b" outcome="Passed" testListId="8c84fa94-04c1-424b-9868-57a2d4851a1d" relativeResultsDirectory="0f8b5dcc-d9c1-44b3-ad1b-691a3af024f9" />
    <UnitTestResult executionId="7ddaafd3-ad85-47a4-9962-6461c197dffe" testId="e9ccb073-0d8b-d5ea-5e41-8a86e6846c34" testName="ComplexCteIssue1Test" computerName="pkrvmsl9tci6h6u" duration="00:00:00.0554541" startTime="2025-08-09T21:08:07.4529061+00:00" endTime="2025-08-09T21:08:07.5084305+00:00" testType="13cdc9d9-ddb5-4fa4-a97d-d965ccfc6d4b" outcome="Passed" testListId="8c84fa94-04c1-424b-9868-57a2d4851a1d" relativeResultsDirectory="7ddaafd3-ad85-47a4-9962-6461c197dffe" />
    <UnitTestResult executionId="769edecc-535e-4360-8004-0b17013bed83" testId="22f0a50e-639d-8d94-ca58-16e4e091d93d" testName="WhenCompilerMustDecideWhichOneOfTheMethodsUse_ShouldChoseTheSecondOne" computerName="pkrvmsl9tci6h6u" duration="00:00:00.0287567" startTime="2025-08-09T21:08:09.4896920+00:00" endTime="2025-08-09T21:08:09.5185208+00:00" testType="13cdc9d9-ddb5-4fa4-a97d-d965ccfc6d4b" outcome="Passed" testListId="8c84fa94-04c1-424b-9868-57a2d4851a1d" relativeResultsDirectory="769edecc-535e-4360-8004-0b17013bed83" />
    <UnitTestResult executionId="a89e84bd-eb40-49bf-84aa-1249c6a5095a" testId="bf5fdd0f-ff96-25b0-f8e6-b9f553306d73" testName="GroupByWithValueTest" computerName="pkrvmsl9tci6h6u" duration="00:00:00.0449034" startTime="2025-08-09T21:08:04.8453357+00:00" endTime="2025-08-09T21:08:04.8903141+00:00" testType="13cdc9d9-ddb5-4fa4-a97d-d965ccfc6d4b" outcome="Passed" testListId="8c84fa94-04c1-424b-9868-57a2d4851a1d" relativeResultsDirectory="a89e84bd-eb40-49bf-84aa-1249c6a5095a" />
    <UnitTestResult executionId="b96b0aaa-60d4-45ac-b1f8-1fcb868058f0" testId="876b377e-6226-1e62-e359-6c1e89310484" testName="StringCharacterAccess_EmptyString_ShouldReturnDefaultChar" computerName="pkrvmsl9tci6h6u" duration="00:00:00.0417593" startTime="2025-08-09T21:07:46.7812687+00:00" endTime="2025-08-09T21:07:46.8231243+00:00" testType="13cdc9d9-ddb5-4fa4-a97d-d965ccfc6d4b" outcome="Passed" testListId="8c84fa94-04c1-424b-9868-57a2d4851a1d" relativeResultsDirectory="b96b0aaa-60d4-45ac-b1f8-1fcb868058f0" />
    <UnitTestResult executionId="22da0d38-6d54-4a23-9eb0-213bb67ca376" testId="8c58e0dc-79af-8fd3-78d1-001c14c55358" testName="WhenBitwiseAndBetweenUIntAndShort_ShouldBeEvaluated" computerName="pkrvmsl9tci6h6u" duration="00:00:00.0458302" startTime="2025-08-09T21:07:48.8449042+00:00" endTime="2025-08-09T21:07:48.8908254+00:00" testType="13cdc9d9-ddb5-4fa4-a97d-d965ccfc6d4b" outcome="Passed" testListId="8c84fa94-04c1-424b-9868-57a2d4851a1d" relativeResultsDirectory="22da0d38-6d54-4a23-9eb0-213bb67ca376" />
    <UnitTestResult executionId="2a0d8b73-e27d-49b6-b078-a2de010d3922" testId="070f44f8-c507-5609-fb7a-7b0d046a2628" testName="WhenOrderByWithinCteExpression_ShouldSucceed" computerName="pkrvmsl9tci6h6u" duration="00:00:00.0333858" startTime="2025-08-09T21:08:12.3800660+00:00" endTime="2025-08-09T21:08:12.4135268+00:00" testType="13cdc9d9-ddb5-4fa4-a97d-d965ccfc6d4b" outcome="Passed" testListId="8c84fa94-04c1-424b-9868-57a2d4851a1d" relativeResultsDirectory="2a0d8b73-e27d-49b6-b078-a2de010d3922" />
    <UnitTestResult executionId="01e0dc43-16bc-4cc5-9106-b53f24f1c715" testId="6bbf4930-378a-c087-102d-8926b1b9a5c0" testName="WhenByteAndFloatUsed_ShouldHaveColumnOfFloatType" computerName="pkrvmsl9tci6h6u" duration="00:00:00.1844216" startTime="2025-08-09T21:07:30.1937023+00:00" endTime="2025-08-09T21:07:30.3782952+00:00" testType="13cdc9d9-ddb5-4fa4-a97d-d965ccfc6d4b" outcome="Passed" testListId="8c84fa94-04c1-424b-9868-57a2d4851a1d" relativeResultsDirectory="01e0dc43-16bc-4cc5-9106-b53f24f1c715" />
    <UnitTestResult executionId="306a103c-59a5-493c-8052-088798ecfcc9" testId="98c7a722-2a1e-0c59-a71f-7949e0abc224" testName="WhenFloatAndLongUsed_ShouldHaveColumnOfThatType" computerName="pkrvmsl9tci6h6u" duration="00:00:00.0892529" startTime="2025-08-09T21:07:40.5544027+00:00" endTime="2025-08-09T21:07:40.6437678+00:00" testType="13cdc9d9-ddb5-4fa4-a97d-d965ccfc6d4b" outcome="Passed" testListId="8c84fa94-04c1-424b-9868-57a2d4851a1d" relativeResultsDirectory="306a103c-59a5-493c-8052-088798ecfcc9" />
    <UnitTestResult executionId="93e090bb-f0b7-4c08-8243-833afe4ea317" testId="da63afb9-bb49-9525-2d47-9eca365ea18c" testName="SimpleCteWithUnionTest" computerName="pkrvmsl9tci6h6u" duration="00:00:00.0607136" startTime="2025-08-09T21:08:00.6233866+00:00" endTime="2025-08-09T21:08:00.6841750+00:00" testType="13cdc9d9-ddb5-4fa4-a97d-d965ccfc6d4b" outcome="Passed" testListId="8c84fa94-04c1-424b-9868-57a2d4851a1d" relativeResultsDirectory="93e090bb-f0b7-4c08-8243-833afe4ea317" />
    <UnitTestResult executionId="6176faaf-5801-464b-aa25-d4ee63e55e3f" testId="5916caa7-8b0f-c902-23ca-645e784cfa61" testName="WhenLastElementLookedFor_ShouldSuccess" computerName="pkrvmsl9tci6h6u" duration="00:00:00.0252846" startTime="2025-08-09T21:08:04.3216898+00:00" endTime="2025-08-09T21:08:04.3470650+00:00" testType="13cdc9d9-ddb5-4fa4-a97d-d965ccfc6d4b" outcome="Passed" testListId="8c84fa94-04c1-424b-9868-57a2d4851a1d" relativeResultsDirectory="6176faaf-5801-464b-aa25-d4ee63e55e3f" />
    <UnitTestResult executionId="0babdf9c-224e-4f5d-9797-96aab7f1696b" testId="068b5ea5-6a56-4df5-bcf2-8e3711042328" testName="WhenUIntMethodCallAndDecimalUsed_ShouldHaveColumnOfThatType" computerName="pkrvmsl9tci6h6u" duration="00:00:00.0522481" startTime="2025-08-09T21:07:44.4960187+00:00" endTime="2025-08-09T21:07:44.5483784+00:00" testType="13cdc9d9-ddb5-4fa4-a97d-d965ccfc6d4b" outcome="Passed" testListId="8c84fa94-04c1-424b-9868-57a2d4851a1d" relativeResultsDirectory="0babdf9c-224e-4f5d-9797-96aab7f1696b" />
    <UnitTestResult executionId="314c17df-5d46-4b07-b663-778a98eabc75" testId="1c7bfdb9-adff-d9ee-4dd8-231d8fd6dd5f" testName="WhenApplyChainedProperty_WithComplexList_ShouldPass" computerName="pkrvmsl9tci6h6u" duration="00:00:00.0313276" startTime="2025-08-09T21:07:59.7969906+00:00" endTime="2025-08-09T21:07:59.8283921+00:00" testType="13cdc9d9-ddb5-4fa4-a97d-d965ccfc6d4b" outcome="Passed" testListId="8c84fa94-04c1-424b-9868-57a2d4851a1d" relativeResultsDirectory="314c17df-5d46-4b07-b663-778a98eabc75" />
    <UnitTestResult executionId="5fff0bd3-c70d-41de-a7cc-a1da5b992807" testId="0d28f6a6-8c9f-bba0-86bf-e8c24b7b6bd9" testName="GroupByWithWhereTest" computerName="pkrvmsl9tci6h6u" duration="00:00:00.0687588" startTime="2025-08-09T21:08:05.3506958+00:00" endTime="2025-08-09T21:08:05.4195867+00:00" testType="13cdc9d9-ddb5-4fa4-a97d-d965ccfc6d4b" outcome="Passed" testListId="8c84fa94-04c1-424b-9868-57a2d4851a1d" relativeResultsDirectory="5fff0bd3-c70d-41de-a7cc-a1da5b992807" />
    <UnitTestResult executionId="28d3b0ae-a962-49c9-8f5e-b7d070bdc63d" testId="fe37e1c9-54ae-356c-b786-f228e7d908b0" testName="WhenUIntAndSByteUsed_ShouldHaveColumnOfThatType" computerName="pkrvmsl9tci6h6u" duration="00:00:00.1419103" startTime="2025-08-09T21:07:36.8169107+00:00" endTime="2025-08-09T21:07:36.9589498+00:00" testType="13cdc9d9-ddb5-4fa4-a97d-d965ccfc6d4b" outcome="Passed" testListId="8c84fa94-04c1-424b-9868-57a2d4851a1d" relativeResultsDirectory="28d3b0ae-a962-49c9-8f5e-b7d070bdc63d" />
    <UnitTestResult executionId="d426139e-5038-4bac-85a6-35d8021aca51" testId="b1be6b03-4bb6-4d3b-6879-00bb90c34474" testName="WhenBitwiseOrBetweenByteAndByte_ShouldBeEvaluated" computerName="pkrvmsl9tci6h6u" duration="00:00:00.0478490" startTime="2025-08-09T21:07:50.4065487+00:00" endTime="2025-08-09T21:07:50.4545187+00:00" testType="13cdc9d9-ddb5-4fa4-a97d-d965ccfc6d4b" outcome="Passed" testListId="8c84fa94-04c1-424b-9868-57a2d4851a1d" relativeResultsDirectory="d426139e-5038-4bac-85a6-35d8021aca51" />
    <UnitTestResult executionId="8b893ebb-9ec3-4803-97bd-039f33b5ea8f" testId="8a1daf02-63d5-2f3d-829d-fe4c6074b0a0" testName="WhenBitwiseXorBetweenByteAndUInt_ShouldBeEvaluated" computerName="pkrvmsl9tci6h6u" duration="00:00:00.0616103" startTime="2025-08-09T21:07:53.4695929+00:00" endTime="2025-08-09T21:07:53.5312915+00:00" testType="13cdc9d9-ddb5-4fa4-a97d-d965ccfc6d4b" outcome="Passed" testListId="8c84fa94-04c1-424b-9868-57a2d4851a1d" relativeResultsDirectory="8b893ebb-9ec3-4803-97bd-039f33b5ea8f" />
    <UnitTestResult executionId="0335bc29-e7bf-4f55-ab68-b826e997b6b6" testId="2ecb9feb-a4c3-95af-93c5-07ad58e96583" testName="WhenBitwiseAndBetweenIntAndByte_ShouldBeEvaluated" computerName="pkrvmsl9tci6h6u" duration="00:00:00.0339323" startTime="2025-08-09T21:07:48.4051669+00:00" endTime="2025-08-09T21:07:48.4392071+00:00" testType="13cdc9d9-ddb5-4fa4-a97d-d965ccfc6d4b" outcome="Passed" testListId="8c84fa94-04c1-424b-9868-57a2d4851a1d" relativeResultsDirectory="0335bc29-e7bf-4f55-ab68-b826e997b6b6" />
    <UnitTestResult executionId="57d559bc-bfd8-4caf-8685-21d25ed87808" testId="95c0d8c9-30aa-17bb-f9c1-c58ed8b54ccc" testName="WhenBitwiseXorBetweenUshortAndByte_ShouldBeEvaluated" computerName="pkrvmsl9tci6h6u" duration="00:00:00.0657686" startTime="2025-08-09T21:07:53.6138907+00:00" endTime="2025-08-09T21:07:53.6797350+00:00" testType="13cdc9d9-ddb5-4fa4-a97d-d965ccfc6d4b" outcome="Passed" testListId="8c84fa94-04c1-424b-9868-57a2d4851a1d" relativeResultsDirectory="57d559bc-bfd8-4caf-8685-21d25ed87808" />
    <UnitTestResult executionId="0b9d510d-078b-4486-a87b-a0d1591f25f2" testId="90580d1e-af96-3535-e281-c3a523896a2b" testName="WhenDecimalAndLongUsed_ShouldHaveColumnOfThatType" computerName="pkrvmsl9tci6h6u" duration="00:00:00.0751474" startTime="2025-08-09T21:07:41.8873848+00:00" endTime="2025-08-09T21:07:41.9626492+00:00" testType="13cdc9d9-ddb5-4fa4-a97d-d965ccfc6d4b" outcome="Passed" testListId="8c84fa94-04c1-424b-9868-57a2d4851a1d" relativeResultsDirectory="0b9d510d-078b-4486-a87b-a0d1591f25f2" />
    <UnitTestResult executionId="7eeb9042-1de2-4fb5-b351-023d43dd9caf" testId="9922772d-9ebd-0278-28c0-f716a8933e7a" testName="WhenBitwiseXorBetweenUIntAndUInt_ShouldBeEvaluated" computerName="pkrvmsl9tci6h6u" duration="00:00:00.0322155" startTime="2025-08-09T21:07:54.9810190+00:00" endTime="2025-08-09T21:07:55.0133110+00:00" testType="13cdc9d9-ddb5-4fa4-a97d-d965ccfc6d4b" outcome="Passed" testListId="8c84fa94-04c1-424b-9868-57a2d4851a1d" relativeResultsDirectory="7eeb9042-1de2-4fb5-b351-023d43dd9caf" />
    <UnitTestResult executionId="a27008c5-f92a-4151-9be6-8ccc64c9b6c4" testId="ef7002a1-a632-d95e-170d-d1639fadc8df" testName="ReorderedGroupByWithWhereAndSkipTakeTest" computerName="pkrvmsl9tci6h6u" duration="00:00:00.0569862" startTime="2025-08-09T21:08:05.4196301+00:00" endTime="2025-08-09T21:08:05.4766916+00:00" testType="13cdc9d9-ddb5-4fa4-a97d-d965ccfc6d4b" outcome="Passed" testListId="8c84fa94-04c1-424b-9868-57a2d4851a1d" relativeResultsDirectory="a27008c5-f92a-4151-9be6-8ccc64c9b6c4" />
    <UnitTestResult executionId="f2a19582-6520-457d-b7df-cc7638aa3a3a" testId="cb790c48-8749-e2f8-c3e0-07e9d9d24076" testName="WhenBitwiseOrBetweenIntAndUInt_ShouldBeEvaluated" computerName="pkrvmsl9tci6h6u" duration="00:00:00.0435611" startTime="2025-08-09T21:07:51.7558776+00:00" endTime="2025-08-09T21:07:51.7995015+00:00" testType="13cdc9d9-ddb5-4fa4-a97d-d965ccfc6d4b" outcome="Passed" testListId="8c84fa94-04c1-424b-9868-57a2d4851a1d" relativeResultsDirectory="f2a19582-6520-457d-b7df-cc7638aa3a3a" />
    <UnitTestResult executionId="229bfdf4-0fc2-4070-ba03-8c9c17d4347e" testId="64430e77-58e2-0ec5-97b6-890b0922087d" testName="WhenToStringCalled_ShouldReturnSameQuery (select b.* from #some.thing() a outer apply a.TestMethod(b.Column, true, 10) b)" computerName="pkrvmsl9tci6h6u" duration="00:00:00.0006763" startTime="2025-08-09T21:08:21.5328930+00:00" endTime="2025-08-09T21:08:21.5336348+00:00" testType="13cdc9d9-ddb5-4fa4-a97d-d965ccfc6d4b" outcome="Passed" testListId="8c84fa94-04c1-424b-9868-57a2d4851a1d" relativeResultsDirectory="229bfdf4-0fc2-4070-ba03-8c9c17d4347e" />
    <UnitTestResult executionId="c845ffab-c901-4933-8239-09ba78442975" testId="86eadfb0-c80d-248f-0d08-4a6a19c58b3b" testName="IntersectMultipleSourcesTest" computerName="pkrvmsl9tci6h6u" duration="00:00:00.0478898" startTime="2025-08-09T21:08:17.5214782+00:00" endTime="2025-08-09T21:08:17.5694439+00:00" testType="13cdc9d9-ddb5-4fa4-a97d-d965ccfc6d4b" outcome="Passed" testListId="8c84fa94-04c1-424b-9868-57a2d4851a1d" relativeResultsDirectory="c845ffab-c901-4933-8239-09ba78442975" />
    <UnitTestResult executionId="efa222d9-222c-4f01-b62b-0aea6af88f15" testId="b01a491c-65c1-c435-625a-8137bfe8921d" testName="WhenDecimalMethodCallAndSByteUsed_ShouldHaveColumnOfThatType" computerName="pkrvmsl9tci6h6u" duration="00:00:00.0692653" startTime="2025-08-09T21:07:45.2040131+00:00" endTime="2025-08-09T21:07:45.2733999+00:00" testType="13cdc9d9-ddb5-4fa4-a97d-d965ccfc6d4b" outcome="Passed" testListId="8c84fa94-04c1-424b-9868-57a2d4851a1d" relativeResultsDirectory="efa222d9-222c-4f01-b62b-0aea6af88f15" />
    <UnitTestResult executionId="911e399b-aa5d-4493-8135-796208d71ac1" testId="45ebb18c-1462-fcc6-38d9-ee8c0c47e61d" testName="WhenByteAndUShortUsed_ShouldHaveColumnOfIntType" computerName="pkrvmsl9tci6h6u" duration="00:00:00.1311076" startTime="2025-08-09T21:07:29.5480825+00:00" endTime="2025-08-09T21:07:29.6793658+00:00" testType="13cdc9d9-ddb5-4fa4-a97d-d965ccfc6d4b" outcome="Passed" testListId="8c84fa94-04c1-424b-9868-57a2d4851a1d" relativeResultsDirectory="911e399b-aa5d-4493-8135-796208d71ac1" />
    <UnitTestResult executionId="c736a920-9334-4fb9-accc-e7a9134c2e9e" testId="5836c7af-5945-2866-c0e5-01df4d4deb88" testName="OuterApplyProperty_SkipAfterSplit_ShouldPass" computerName="pkrvmsl9tci6h6u" duration="00:00:00.0328036" startTime="2025-08-09T21:08:13.3324260+00:00" endTime="2025-08-09T21:08:13.3653029+00:00" testType="13cdc9d9-ddb5-4fa4-a97d-d965ccfc6d4b" outcome="Passed" testListId="8c84fa94-04c1-424b-9868-57a2d4851a1d" relativeResultsDirectory="c736a920-9334-4fb9-accc-e7a9134c2e9e" />
    <UnitTestResult executionId="6562c529-3723-4eae-9f4e-07ecc563b154" testId="5b79d5eb-c1ad-ccdd-97c4-a1c9fcee547b" testName="WhenUnionDoesNotHaveAKey_ShouldFail" computerName="pkrvmsl9tci6h6u" duration="00:00:00.0026930" startTime="2025-08-09T21:08:18.4001229+00:00" endTime="2025-08-09T21:08:18.4028798+00:00" testType="13cdc9d9-ddb5-4fa4-a97d-d965ccfc6d4b" outcome="Passed" testListId="8c84fa94-04c1-424b-9868-57a2d4851a1d" relativeResultsDirectory="6562c529-3723-4eae-9f4e-07ecc563b154" />
    <UnitTestResult executionId="9a2b34a7-c155-4fe3-aa79-a9f506641d67" testId="2d6dceda-cdfa-3fe9-e123-cca564767e42" testName="WhenValueOfShortTypeOccured_ShouldHaveColumnOfThatType" computerName="pkrvmsl9tci6h6u" duration="00:00:00.0266709" startTime="2025-08-09T21:08:15.1041037+00:00" endTime="2025-08-09T21:08:15.1308544+00:00" testType="13cdc9d9-ddb5-4fa4-a97d-d965ccfc6d4b" outcome="Passed" testListId="8c84fa94-04c1-424b-9868-57a2d4851a1d" relativeResultsDirectory="9a2b34a7-c155-4fe3-aa79-a9f506641d67" />
    <UnitTestResult executionId="8c3f40b0-b6fb-49eb-be7b-0f6ef2d7fcd8" testId="f39f840e-9fe4-8eea-0e36-df0bb7074426" testName="WhenUniqueColumnAcrossJoinedDataSetOccurred_ShouldNotNeedToUseAlias" computerName="pkrvmsl9tci6h6u" duration="00:00:00.2803047" startTime="2025-08-09T21:07:27.8399683+00:00" endTime="2025-08-09T21:07:28.1205294+00:00" testType="13cdc9d9-ddb5-4fa4-a97d-d965ccfc6d4b" outcome="Passed" testListId="8c84fa94-04c1-424b-9868-57a2d4851a1d" relativeResultsDirectory="8c3f40b0-b6fb-49eb-be7b-0f6ef2d7fcd8" />
    <UnitTestResult executionId="b4744c41-5f2b-45aa-87a8-0763472748e0" testId="2c85a1da-6a36-18f3-6499-d4f29f2a1a4e" testName="QueryWithToDateTimeAndTimeSpanAdditionTest" computerName="pkrvmsl9tci6h6u" duration="00:00:00.0377504" startTime="2025-08-09T21:08:20.6091889+00:00" endTime="2025-08-09T21:08:20.6470022+00:00" testType="13cdc9d9-ddb5-4fa4-a97d-d965ccfc6d4b" outcome="Passed" testListId="8c84fa94-04c1-424b-9868-57a2d4851a1d" relativeResultsDirectory="b4744c41-5f2b-45aa-87a8-0763472748e0" />
    <UnitTestResult executionId="5ae18736-3631-413f-8f69-dec4cd8c1b28" testId="6bf20f09-5825-9068-b09a-c307bccd5453" testName="WhenShortAndIntUsed_ShouldHaveColumnOfThatType" computerName="pkrvmsl9tci6h6u" duration="00:00:00.1211651" startTime="2025-08-09T21:07:32.5810442+00:00" endTime="2025-08-09T21:07:32.7023745+00:00" testType="13cdc9d9-ddb5-4fa4-a97d-d965ccfc6d4b" outcome="Passed" testListId="8c84fa94-04c1-424b-9868-57a2d4851a1d" relativeResultsDirectory="5ae18736-3631-413f-8f69-dec4cd8c1b28" />
    <UnitTestResult executionId="b320740a-2c62-4aca-9201-a372765610fb" testId="72dd5324-2d4e-46c5-ae53-1dcd16c5e664" testName="WhenBitwiseShiftRightLong_ShouldBeEvaluated" computerName="pkrvmsl9tci6h6u" duration="00:00:00.0433774" startTime="2025-08-09T21:07:56.2160928+00:00" endTime="2025-08-09T21:07:56.2595474+00:00" testType="13cdc9d9-ddb5-4fa4-a97d-d965ccfc6d4b" outcome="Passed" testListId="8c84fa94-04c1-424b-9868-57a2d4851a1d" relativeResultsDirectory="b320740a-2c62-4aca-9201-a372765610fb" />
    <UnitTestResult executionId="c9c5a607-c42d-4c82-a281-7ca51e48f4db" testId="dacbbafa-c82b-0882-5a01-cbd6610cfd72" testName="WhenBitwiseOrBetweenUlongAndUlong_ShouldBeEvaluated" computerName="pkrvmsl9tci6h6u" duration="00:00:00.0446786" startTime="2025-08-09T21:07:52.8240726+00:00" endTime="2025-08-09T21:07:52.8688328+00:00" testType="13cdc9d9-ddb5-4fa4-a97d-d965ccfc6d4b" outcome="Passed" testListId="8c84fa94-04c1-424b-9868-57a2d4851a1d" relativeResultsDirectory="c9c5a607-c42d-4c82-a281-7ca51e48f4db" />
    <UnitTestResult executionId="f4233156-6a1a-4d99-b2bd-6c3acf540957" testId="25573829-654c-68c2-71bd-616c39106f06" testName="WhenBitwiseXorBetweenSbyteAndLong_ShouldBeEvaluated" computerName="pkrvmsl9tci6h6u" duration="00:00:00.0629026" startTime="2025-08-09T21:07:53.1582314+00:00" endTime="2025-08-09T21:07:53.2212165+00:00" testType="13cdc9d9-ddb5-4fa4-a97d-d965ccfc6d4b" outcome="Passed" testListId="8c84fa94-04c1-424b-9868-57a2d4851a1d" relativeResultsDirectory="f4233156-6a1a-4d99-b2bd-6c3acf540957" />
    <UnitTestResult executionId="30fef23a-7a46-4173-8781-33bbf14d3c42" testId="64727d4c-2ec4-b344-9528-e28c6157b8fb" testName="WhenBitwiseAndBetweenUIntAndSByte_ShouldBeEvaluated" computerName="pkrvmsl9tci6h6u" duration="00:00:00.0349303" startTime="2025-08-09T21:07:48.8098159+00:00" endTime="2025-08-09T21:07:48.8448497+00:00" testType="13cdc9d9-ddb5-4fa4-a97d-d965ccfc6d4b" outcome="Passed" testListId="8c84fa94-04c1-424b-9868-57a2d4851a1d" relativeResultsDirectory="30fef23a-7a46-4173-8781-33bbf14d3c42" />
    <UnitTestResult executionId="4ef9d5a2-c3b7-409b-9a6c-0a49195a935f" testId="7176d104-06fd-e75a-6eef-5c4f81df8897" testName="WhenCteInheritsAliasedName_ShouldBeAccessibleByAliasedColumnNameAccessSyntax" computerName="pkrvmsl9tci6h6u" duration="00:00:00.1362327" startTime="2025-08-09T21:07:28.4179955+00:00" endTime="2025-08-09T21:07:28.5543884+00:00" testType="13cdc9d9-ddb5-4fa4-a97d-d965ccfc6d4b" outcome="Passed" testListId="8c84fa94-04c1-424b-9868-57a2d4851a1d" relativeResultsDirectory="4ef9d5a2-c3b7-409b-9a6c-0a49195a935f" />
    <UnitTestResult executionId="e37e4269-4270-44be-bb36-7ccc848df2de" testId="27ccd2e0-9a5d-cbac-8a80-62d5e7365a4a" testName="WhenOrderByWithDescAfterGroupBy_ShouldSucceed" computerName="pkrvmsl9tci6h6u" duration="00:00:00.0300187" startTime="2025-08-09T21:08:12.0413058+00:00" endTime="2025-08-09T21:08:12.0713991+00:00" testType="13cdc9d9-ddb5-4fa4-a97d-d965ccfc6d4b" outcome="Passed" testListId="8c84fa94-04c1-424b-9868-57a2d4851a1d" relativeResultsDirectory="e37e4269-4270-44be-bb36-7ccc848df2de" />
    <UnitTestResult executionId="9879ff46-955a-4e56-90d5-9e312dae52e4" testId="b40caadb-44e8-bd6c-04f4-62f476c77c1e" testName="PassInferredColumnsWithJoinBetweenTwoCoupledTables" computerName="pkrvmsl9tci6h6u" duration="00:00:00.0730670" startTime="2025-08-09T21:08:14.8500436+00:00" endTime="2025-08-09T21:08:14.9231771+00:00" testType="13cdc9d9-ddb5-4fa4-a97d-d965ccfc6d4b" outcome="Passed" testListId="8c84fa94-04c1-424b-9868-57a2d4851a1d" relativeResultsDirectory="9879ff46-955a-4e56-90d5-9e312dae52e4" />
    <UnitTestResult executionId="1535ab43-a168-4bb4-8e89-f168f41a9ef9" testId="27ccfb88-5e62-a51e-18aa-906399067173" testName="GroupByMultipleColumnsTest" computerName="pkrvmsl9tci6h6u" duration="00:00:00.0823860" startTime="2025-08-09T21:08:04.8903543+00:00" endTime="2025-08-09T21:08:04.9728092+00:00" testType="13cdc9d9-ddb5-4fa4-a97d-d965ccfc6d4b" outcome="Passed" testListId="8c84fa94-04c1-424b-9868-57a2d4851a1d" relativeResultsDirectory="1535ab43-a168-4bb4-8e89-f168f41a9ef9" />
    <UnitTestResult executionId="81071635-d667-44e3-9338-1ebe089501f9" testId="3f7c0063-b317-ae77-f254-b75e580a3018" testName="WhenBitwiseAndBetweenSbyteAndByte_ShouldBeEvaluated" computerName="pkrvmsl9tci6h6u" duration="00:00:00.0407623" startTime="2025-08-09T21:07:46.9590185+00:00" endTime="2025-08-09T21:07:47.0000887+00:00" testType="13cdc9d9-ddb5-4fa4-a97d-d965ccfc6d4b" outcome="Passed" testListId="8c84fa94-04c1-424b-9868-57a2d4851a1d" relativeResultsDirectory="81071635-d667-44e3-9338-1ebe089501f9" />
    <UnitTestResult executionId="d3b96ca2-b724-4c2f-b63d-fe177d0c3829" testId="19ea7fa7-b991-40f9-3da0-694117d7625c" testName="WhenEscapeCharacterUsed_MustNotThrow" computerName="pkrvmsl9tci6h6u" duration="00:00:00.0348102" startTime="2025-08-09T21:08:21.6719933+00:00" endTime="2025-08-09T21:08:21.7068656+00:00" testType="13cdc9d9-ddb5-4fa4-a97d-d965ccfc6d4b" outcome="Passed" testListId="8c84fa94-04c1-424b-9868-57a2d4851a1d" relativeResultsDirectory="d3b96ca2-b724-4c2f-b63d-fe177d0c3829" />
    <UnitTestResult executionId="50be3c44-efa1-4073-94a0-f54706a4e064" testId="acb22fb3-3aec-25e6-62ae-e066f47850e5" testName="WhenToStringCalled_ShouldReturnSameQuery (select s.Column1, s.Column2 from #some.thing() s take 5)" computerName="pkrvmsl9tci6h6u" duration="00:00:00.0009243" startTime="2025-08-09T21:08:21.4787049+00:00" endTime="2025-08-09T21:08:21.4797128+00:00" testType="13cdc9d9-ddb5-4fa4-a97d-d965ccfc6d4b" outcome="Passed" testListId="8c84fa94-04c1-424b-9868-57a2d4851a1d" relativeResultsDirectory="50be3c44-efa1-4073-94a0-f54706a4e064" />
    <UnitTestResult executionId="b42909a3-bd1b-4780-af5a-c85cb2f782e6" testId="fc0dbdc4-9b44-c82b-dde6-679f5d9ea2e3" testName="WhenMergeArraysWithTwoArraysPassed_ShouldChoseCorrectImplementation" computerName="pkrvmsl9tci6h6u" duration="00:00:00.0746945" startTime="2025-08-09T21:08:03.3048808+00:00" endTime="2025-08-09T21:08:03.3796526+00:00" testType="13cdc9d9-ddb5-4fa4-a97d-d965ccfc6d4b" outcome="Passed" testListId="8c84fa94-04c1-424b-9868-57a2d4851a1d" relativeResultsDirectory="b42909a3-bd1b-4780-af5a-c85cb2f782e6" />
    <UnitTestResult executionId="4955335f-2805-4b11-8676-b629bddb3ccd" testId="3755e28f-37c0-46a0-2db1-737797d9c38e" testName="WhenUIntAndUShortUsed_ShouldHaveColumnOfThatType" computerName="pkrvmsl9tci6h6u" duration="00:00:00.1441132" startTime="2025-08-09T21:07:37.0946634+00:00" endTime="2025-08-09T21:07:37.2388957+00:00" testType="13cdc9d9-ddb5-4fa4-a97d-d965ccfc6d4b" outcome="Passed" testListId="8c84fa94-04c1-424b-9868-57a2d4851a1d" relativeResultsDirectory="4955335f-2805-4b11-8676-b629bddb3ccd" />
    <UnitTestResult executionId="a9c53d78-11e4-4d10-8da3-5f6e75b10e97" testId="fb5f2f5a-25a3-164e-cd3d-9b17ed954cf7" testName="SubtractionWithUnaryMinusAndAdditionTest" computerName="pkrvmsl9tci6h6u" duration="00:00:00.0328985" startTime="2025-08-09T21:07:46.0863951+00:00" endTime="2025-08-09T21:07:46.1194319+00:00" testType="13cdc9d9-ddb5-4fa4-a97d-d965ccfc6d4b" outcome="Passed" testListId="8c84fa94-04c1-424b-9868-57a2d4851a1d" relativeResultsDirectory="a9c53d78-11e4-4d10-8da3-5f6e75b10e97" />
    <UnitTestResult executionId="8337c76a-6c28-4d40-94f4-3bb5ac1c7e8d" testId="146d3d81-87bd-46d5-95cb-f3c031d6d14c" testName="UnionAllWithDuplicatedKeysTest" computerName="pkrvmsl9tci6h6u" duration="00:00:00.0454909" startTime="2025-08-09T21:08:16.8262680+00:00" endTime="2025-08-09T21:08:16.8718594+00:00" testType="13cdc9d9-ddb5-4fa4-a97d-d965ccfc6d4b" outcome="Passed" testListId="8c84fa94-04c1-424b-9868-57a2d4851a1d" relativeResultsDirectory="8337c76a-6c28-4d40-94f4-3bb5ac1c7e8d" />
    <UnitTestResult executionId="9a1b472a-6eab-4c93-8697-2493d1c2699e" testId="e75b0268-1481-9918-6c31-ce02b5d8f9da" testName="WhenBitwiseXorBetweenIntAndSByte_ShouldBeEvaluated" computerName="pkrvmsl9tci6h6u" duration="00:00:00.0430850" startTime="2025-08-09T21:07:54.4230447+00:00" endTime="2025-08-09T21:07:54.4661941+00:00" testType="13cdc9d9-ddb5-4fa4-a97d-d965ccfc6d4b" outcome="Passed" testListId="8c84fa94-04c1-424b-9868-57a2d4851a1d" relativeResultsDirectory="9a1b472a-6eab-4c93-8697-2493d1c2699e" />
    <UnitTestResult executionId="89de9b96-5ee8-4ad8-8eac-7ff6a84a5d5d" testId="6aca9079-5ba1-ce20-3d33-b500c86ec151" testName="WhenUIntUsed_ShouldHaveColumnOfThatType" computerName="pkrvmsl9tci6h6u" duration="00:00:00.0242198" startTime="2025-08-09T21:08:10.7002404+00:00" endTime="2025-08-09T21:08:10.7245323+00:00" testType="13cdc9d9-ddb5-4fa4-a97d-d965ccfc6d4b" outcome="Passed" testListId="8c84fa94-04c1-424b-9868-57a2d4851a1d" relativeResultsDirectory="89de9b96-5ee8-4ad8-8eac-7ff6a84a5d5d" />
    <UnitTestResult executionId="49dde6b1-5982-4a4a-93ba-5a789c496be7" testId="e7a129dd-d39b-6d0f-b2a9-6cc21913e1e6" testName="SimpleCteWithGrouping2Test" computerName="pkrvmsl9tci6h6u" duration="00:00:00.0588675" startTime="2025-08-09T21:08:00.5644329+00:00" endTime="2025-08-09T21:08:00.6233470+00:00" testType="13cdc9d9-ddb5-4fa4-a97d-d965ccfc6d4b" outcome="Passed" testListId="8c84fa94-04c1-424b-9868-57a2d4851a1d" relativeResultsDirectory="49dde6b1-5982-4a4a-93ba-5a789c496be7" />
    <UnitTestResult executionId="dee00fb1-996b-4de8-8446-52dab4b18c1f" testId="92371aec-c9da-ac05-7382-28a12670f36d" testName="WhenToStringCalled_ShouldReturnSameQuery (select s.Column1, s.Column2 from #some.thing() s group by s.Column1 skip 5 take 15)" computerName="pkrvmsl9tci6h6u" duration="00:00:00.0008424" startTime="2025-08-09T21:08:21.5106311+00:00" endTime="2025-08-09T21:08:21.5115477+00:00" testType="13cdc9d9-ddb5-4fa4-a97d-d965ccfc6d4b" outcome="Passed" testListId="8c84fa94-04c1-424b-9868-57a2d4851a1d" relativeResultsDirectory="dee00fb1-996b-4de8-8446-52dab4b18c1f" />
    <UnitTestResult executionId="ffe0e98e-2733-4477-86b9-f76d22fa0a54" testId="e04dda01-5f58-b857-d140-1452a03cc9b8" testName="WhenUShortAndUShortUsed_ShouldHaveColumnOfThatType" computerName="pkrvmsl9tci6h6u" duration="00:00:00.1210544" startTime="2025-08-09T21:07:33.9217732+00:00" endTime="2025-08-09T21:07:34.0429863+00:00" testType="13cdc9d9-ddb5-4fa4-a97d-d965ccfc6d4b" outcome="Passed" testListId="8c84fa94-04c1-424b-9868-57a2d4851a1d" relativeResultsDirectory="ffe0e98e-2733-4477-86b9-f76d22fa0a54" />
    <UnitTestResult executionId="bf198f32-b38e-4e5f-a56c-3c751ef5e179" testId="35f19c90-1c0a-3879-a70d-ac36d80c8385" testName="WhenGroupByWithWhereUsed_WhereUsesFieldThatWontBeUsedInResultingTable_ShouldSuccess" computerName="pkrvmsl9tci6h6u" duration="00:00:00.0641879" startTime="2025-08-09T21:08:06.3952734+00:00" endTime="2025-08-09T21:08:06.4595377+00:00" testType="13cdc9d9-ddb5-4fa4-a97d-d965ccfc6d4b" outcome="Passed" testListId="8c84fa94-04c1-424b-9868-57a2d4851a1d" relativeResultsDirectory="bf198f32-b38e-4e5f-a56c-3c751ef5e179" />
    <UnitTestResult executionId="2513fe9f-e9c5-45e2-8b7f-d036ffb6f0a7" testId="de8a0674-1827-1f98-f80f-383efe8f455e" testName="WhenBitwiseAndBetweenShortAndUInt_ShouldBeEvaluated" computerName="pkrvmsl9tci6h6u" duration="00:00:00.0472471" startTime="2025-08-09T21:07:48.2975346+00:00" endTime="2025-08-09T21:07:48.3449073+00:00" testType="13cdc9d9-ddb5-4fa4-a97d-d965ccfc6d4b" outcome="Passed" testListId="8c84fa94-04c1-424b-9868-57a2d4851a1d" relativeResultsDirectory="2513fe9f-e9c5-45e2-8b7f-d036ffb6f0a7" />
    <UnitTestResult executionId="d77cd8f8-7b58-43dc-9724-3eeae64fcce3" testId="adfdeae2-6032-109d-1a5e-820879f87af1" testName="WhenIntAndUShortUsed_ShouldHaveColumnOfThatType" computerName="pkrvmsl9tci6h6u" duration="00:00:00.1343813" startTime="2025-08-09T21:07:35.6614179+00:00" endTime="2025-08-09T21:07:35.7959454+00:00" testType="13cdc9d9-ddb5-4fa4-a97d-d965ccfc6d4b" outcome="Passed" testListId="8c84fa94-04c1-424b-9868-57a2d4851a1d" relativeResultsDirectory="d77cd8f8-7b58-43dc-9724-3eeae64fcce3" />
    <UnitTestResult executionId="61134fab-2702-4bd2-98be-6367932c9919" testId="c0b126dc-c4bb-ea1b-2643-0deae49e6640" testName="WhenExceptDoesNotHaveAKey_ShouldFail" computerName="pkrvmsl9tci6h6u" duration="00:00:00.0021766" startTime="2025-08-09T21:08:18.4051916+00:00" endTime="2025-08-09T21:08:18.4074036+00:00" testType="13cdc9d9-ddb5-4fa4-a97d-d965ccfc6d4b" outcome="Passed" testListId="8c84fa94-04c1-424b-9868-57a2d4851a1d" relativeResultsDirectory="61134fab-2702-4bd2-98be-6367932c9919" />
    <UnitTestResult executionId="5593b48b-597a-49c2-8c9b-97b873f65b2e" testId="bcbf4edd-e856-de83-5888-2eb68f8c832b" testName="WhenNegativeDecimalUsed_ShouldHaveColumnOfThatType" computerName="pkrvmsl9tci6h6u" duration="00:00:00.0260741" startTime="2025-08-09T21:08:11.0283737+00:00" endTime="2025-08-09T21:08:11.0545241+00:00" testType="13cdc9d9-ddb5-4fa4-a97d-d965ccfc6d4b" outcome="Passed" testListId="8c84fa94-04c1-424b-9868-57a2d4851a1d" relativeResultsDirectory="5593b48b-597a-49c2-8c9b-97b873f65b2e" />
    <UnitTestResult executionId="81447f45-11cf-463c-b652-3d063dcbc2a9" testId="440ee80e-9ae6-8d4c-f055-5a81cc93498d" testName="WhenDataSourceIsBasedOnAnotherDataSource_ShouldPass" computerName="pkrvmsl9tci6h6u" duration="00:00:00.0887085" startTime="2025-08-09T21:07:57.6235976+00:00" endTime="2025-08-09T21:07:57.7123865+00:00" testType="13cdc9d9-ddb5-4fa4-a97d-d965ccfc6d4b" outcome="Passed" testListId="8c84fa94-04c1-424b-9868-57a2d4851a1d" relativeResultsDirectory="81447f45-11cf-463c-b652-3d063dcbc2a9" />
    <UnitTestResult executionId="851bec64-f5ba-4e23-b1a6-ea2a9e4a0ecf" testId="f3f2bb48-8194-d0ce-e03c-646d35f5016b" testName="WhenBitwiseXorBetweenShortAndByte_ShouldBeEvaluated" computerName="pkrvmsl9tci6h6u" duration="00:00:00.0330973" startTime="2025-08-09T21:07:54.0537723+00:00" endTime="2025-08-09T21:07:54.0869483+00:00" testType="13cdc9d9-ddb5-4fa4-a97d-d965ccfc6d4b" outcome="Passed" testListId="8c84fa94-04c1-424b-9868-57a2d4851a1d" relativeResultsDirectory="851bec64-f5ba-4e23-b1a6-ea2a9e4a0ecf" />
    <UnitTestResult executionId="35a09adb-4cf8-4c45-9983-847002a4a789" testId="7a848bc0-4763-9b06-1048-7c860abfe0ad" testName="SubtractionWithUnaryMinusAndSubtractionTest" computerName="pkrvmsl9tci6h6u" duration="00:00:00.0409196" startTime="2025-08-09T21:07:46.1199421+00:00" endTime="2025-08-09T21:07:46.1609750+00:00" testType="13cdc9d9-ddb5-4fa4-a97d-d965ccfc6d4b" outcome="Passed" testListId="8c84fa94-04c1-424b-9868-57a2d4851a1d" relativeResultsDirectory="35a09adb-4cf8-4c45-9983-847002a4a789" />
    <UnitTestResult executionId="77a80f1d-d97a-40d6-9d1b-7e83a2f53d54" testId="67359d75-ee5c-3f91-1e70-d8b5d8b417a0" testName="WhenIntAndFloatUsed_ShouldHaveColumnOfThatType" computerName="pkrvmsl9tci6h6u" duration="00:00:00.1855366" startTime="2025-08-09T21:07:36.1648352+00:00" endTime="2025-08-09T21:07:36.3505757+00:00" testType="13cdc9d9-ddb5-4fa4-a97d-d965ccfc6d4b" outcome="Passed" testListId="8c84fa94-04c1-424b-9868-57a2d4851a1d" relativeResultsDirectory="77a80f1d-d97a-40d6-9d1b-7e83a2f53d54" />
    <UnitTestResult executionId="69ab39ff-1b8c-49c3-b07c-b764685f699b" testId="5306f01e-16fa-430c-a38d-45acee08d24a" testName="WhenValueOfIntTypeOccured_ShouldHaveColumnOfThatType" computerName="pkrvmsl9tci6h6u" duration="00:00:00.0504936" startTime="2025-08-09T21:08:15.1781773+00:00" endTime="2025-08-09T21:08:15.2287710+00:00" testType="13cdc9d9-ddb5-4fa4-a97d-d965ccfc6d4b" outcome="Passed" testListId="8c84fa94-04c1-424b-9868-57a2d4851a1d" relativeResultsDirectory="69ab39ff-1b8c-49c3-b07c-b764685f699b" />
    <UnitTestResult executionId="19dbfb7c-deb4-401c-ad1d-69e5c9fadb9b" testId="19e6123d-5d16-0ebc-0252-dbcce987d204" testName="SubtractThreeAliasedValuesTest" computerName="pkrvmsl9tci6h6u" duration="00:00:00.0276816" startTime="2025-08-09T21:08:20.2532457+00:00" endTime="2025-08-09T21:08:20.2810025+00:00" testType="13cdc9d9-ddb5-4fa4-a97d-d965ccfc6d4b" outcome="Passed" testListId="8c84fa94-04c1-424b-9868-57a2d4851a1d" relativeResultsDirectory="19dbfb7c-deb4-401c-ad1d-69e5c9fadb9b" />
    <UnitTestResult executionId="62be7910-064d-4f3d-b9d7-ef290a3da895" testId="e8eb8931-8ea5-cc86-90b7-f7d41a3f8eab" testName="WhenStarUnfoldToMultipleColumns_AndStarIsUsedWithinSelect_ShouldPass" computerName="pkrvmsl9tci6h6u" duration="00:00:00.0654343" startTime="2025-08-09T21:08:21.2384257+00:00" endTime="2025-08-09T21:08:21.3039356+00:00" testType="13cdc9d9-ddb5-4fa4-a97d-d965ccfc6d4b" outcome="Passed" testListId="8c84fa94-04c1-424b-9868-57a2d4851a1d" relativeResultsDirectory="62be7910-064d-4f3d-b9d7-ef290a3da895" />
    <UnitTestResult executionId="64d54a81-45e0-419c-90f8-bc16f301e598" testId="83c2b612-b28d-be00-0685-1b51979b8094" testName="WhenNthElementFromEndLookedFor_ShouldSuccess" computerName="pkrvmsl9tci6h6u" duration="00:00:00.0386534" startTime="2025-08-09T21:08:04.3471009+00:00" endTime="2025-08-09T21:08:04.3858201+00:00" testType="13cdc9d9-ddb5-4fa4-a97d-d965ccfc6d4b" outcome="Passed" testListId="8c84fa94-04c1-424b-9868-57a2d4851a1d" relativeResultsDirectory="64d54a81-45e0-419c-90f8-bc16f301e598" />
    <UnitTestResult executionId="d433c8a5-b618-4a5b-bf6a-918caa6b138f" testId="bdce7d45-5ef6-95a3-4777-da097b075738" testName="WhenConcatenatingEscapedStrings_ShouldBeHandledCorrectly" computerName="pkrvmsl9tci6h6u" duration="00:00:00.0246463" startTime="2025-08-09T21:08:03.1607754+00:00" endTime="2025-08-09T21:08:03.1854939+00:00" testType="13cdc9d9-ddb5-4fa4-a97d-d965ccfc6d4b" outcome="Passed" testListId="8c84fa94-04c1-424b-9868-57a2d4851a1d" relativeResultsDirectory="d433c8a5-b618-4a5b-bf6a-918caa6b138f" />
    <UnitTestResult executionId="42e4e94e-17b2-412a-81c3-debc09c6a35e" testId="020de2c8-e7c8-947f-5263-7e3653f554e5" testName="GetHexTest" computerName="pkrvmsl9tci6h6u" duration="00:00:00.0388356" startTime="2025-08-09T21:08:19.4155527+00:00" endTime="2025-08-09T21:08:19.4544987+00:00" testType="13cdc9d9-ddb5-4fa4-a97d-d965ccfc6d4b" outcome="Passed" testListId="8c84fa94-04c1-424b-9868-57a2d4851a1d" relativeResultsDirectory="42e4e94e-17b2-412a-81c3-debc09c6a35e" />
    <UnitTestResult executionId="c2f86f41-dccc-4840-be97-56fca2147f13" testId="1d2ab5f5-f9e0-6529-077c-e6409dc7078e" testName="WhenInferredValueIsNull_ShouldUseDefaultValue" computerName="pkrvmsl9tci6h6u" duration="00:00:00.0369985" startTime="2025-08-09T21:08:04.0447881+00:00" endTime="2025-08-09T21:08:04.0818634+00:00" testType="13cdc9d9-ddb5-4fa4-a97d-d965ccfc6d4b" outcome="Passed" testListId="8c84fa94-04c1-424b-9868-57a2d4851a1d" relativeResultsDirectory="c2f86f41-dccc-4840-be97-56fca2147f13" />
    <UnitTestResult executionId="880c6df1-fbf1-4034-9ce2-b8d1245ee99b" testId="8c674920-545e-e7d4-3521-b0234de3f414" testName="WhenSByteAndSByteUsed_ShouldHaveColumnOfThatType" computerName="pkrvmsl9tci6h6u" duration="00:00:00.1560360" startTime="2025-08-09T21:07:29.1376451+00:00" endTime="2025-08-09T21:07:29.2943808+00:00" testType="13cdc9d9-ddb5-4fa4-a97d-d965ccfc6d4b" outcome="Passed" testListId="8c84fa94-04c1-424b-9868-57a2d4851a1d" relativeResultsDirectory="880c6df1-fbf1-4034-9ce2-b8d1245ee99b" />
    <UnitTestResult executionId="a7de14a1-2a59-4d45-918b-f9f00779085c" testId="f2a4f705-b7db-95b3-e6d6-bf4b163e0d98" testName="WhenUIntMethodCallAndSByteUsed_ShouldHaveColumnOfThatType" computerName="pkrvmsl9tci6h6u" duration="00:00:00.0439966" startTime="2025-08-09T21:07:44.1893659+00:00" endTime="2025-08-09T21:07:44.2334630+00:00" testType="13cdc9d9-ddb5-4fa4-a97d-d965ccfc6d4b" outcome="Passed" testListId="8c84fa94-04c1-424b-9868-57a2d4851a1d" relativeResultsDirectory="a7de14a1-2a59-4d45-918b-f9f00779085c" />
    <UnitTestResult executionId="5f4362fb-5aeb-4d8d-9743-73da811ecb14" testId="d90ff1f9-136a-43c9-0a01-33e52bdcf5f7" testName="WhenSpecialCharacterStartBracketUsedInTextWith_MustNotThrow ([)" computerName="pkrvmsl9tci6h6u" duration="00:00:00.0338190" startTime="2025-08-09T21:08:22.3912889+00:00" endTime="2025-08-09T21:08:22.4252280+00:00" testType="13cdc9d9-ddb5-4fa4-a97d-d965ccfc6d4b" outcome="Passed" testListId="8c84fa94-04c1-424b-9868-57a2d4851a1d" relativeResultsDirectory="5f4362fb-5aeb-4d8d-9743-73da811ecb14" />
    <UnitTestResult executionId="8761ecab-a833-4f60-ac1f-99c8fc267593" testId="b9472259-cbc1-8aab-3c60-ac3d8332b638" testName="WhenToStringCalled_ShouldReturnSameQuery (select some.Thing from #A.entities())" computerName="pkrvmsl9tci6h6u" duration="00:00:00.0006457" startTime="2025-08-09T21:08:21.4570131+00:00" endTime="2025-08-09T21:08:21.4577237+00:00" testType="13cdc9d9-ddb5-4fa4-a97d-d965ccfc6d4b" outcome="Passed" testListId="8c84fa94-04c1-424b-9868-57a2d4851a1d" relativeResultsDirectory="8761ecab-a833-4f60-ac1f-99c8fc267593" />
    <UnitTestResult executionId="1ac0514c-8dd2-49fa-be7b-d7833dd6c814" testId="9a0d6c29-89a2-1403-a878-447f733a2495" testName="OuterApplyProperty_SplitStringToWords_ShouldPass" computerName="pkrvmsl9tci6h6u" duration="00:00:00.0431406" startTime="2025-08-09T21:08:13.2891689+00:00" endTime="2025-08-09T21:08:13.3323800+00:00" testType="13cdc9d9-ddb5-4fa4-a97d-d965ccfc6d4b" outcome="Passed" testListId="8c84fa94-04c1-424b-9868-57a2d4851a1d" relativeResultsDirectory="1ac0514c-8dd2-49fa-be7b-d7833dd6c814" />
    <UnitTestResult executionId="59ced8aa-b64f-4e56-9a79-893257861f59" testId="ef4b4af2-1d1a-e409-80ff-af81fb09ebb0" testName="WhenSpecialCharacterStartBracketUsedInTextWith_MustNotThrow (/)" computerName="pkrvmsl9tci6h6u" duration="00:00:00.0341579" startTime="2025-08-09T21:08:21.9763038+00:00" endTime="2025-08-09T21:08:22.0105937+00:00" testType="13cdc9d9-ddb5-4fa4-a97d-d965ccfc6d4b" outcome="Passed" testListId="8c84fa94-04c1-424b-9868-57a2d4851a1d" relativeResultsDirectory="59ced8aa-b64f-4e56-9a79-893257861f59" />
    <UnitTestResult executionId="75d8e595-d645-483d-bf05-1b12c8a3da7b" testId="7328898a-819d-b6a4-ce96-8f1dc0a2b2e5" testName="WhenApplyChainedProperty_WithPrimitiveList_ShouldPass" computerName="pkrvmsl9tci6h6u" duration="00:00:00.0428981" startTime="2025-08-09T21:08:14.3567707+00:00" endTime="2025-08-09T21:08:14.3997481+00:00" testType="13cdc9d9-ddb5-4fa4-a97d-d965ccfc6d4b" outcome="Passed" testListId="8c84fa94-04c1-424b-9868-57a2d4851a1d" relativeResultsDirectory="75d8e595-d645-483d-bf05-1b12c8a3da7b" />
    <UnitTestResult executionId="97065178-d759-45ca-a19e-056ee889dedb" testId="918f810b-22b4-d559-b827-a50fdcb70dd7" testName="WhenMultipleConsecutiveBackslashes_ShouldBePresent" computerName="pkrvmsl9tci6h6u" duration="00:00:00.0372194" startTime="2025-08-09T21:08:02.9574448+00:00" endTime="2025-08-09T21:08:02.9947415+00:00" testType="13cdc9d9-ddb5-4fa4-a97d-d965ccfc6d4b" outcome="Passed" testListId="8c84fa94-04c1-424b-9868-57a2d4851a1d" relativeResultsDirectory="97065178-d759-45ca-a19e-056ee889dedb" />
    <UnitTestResult executionId="2a465ce1-8319-4cd4-b40a-d6abbc1cd8d0" testId="8af733ee-2bf9-4fc7-4dd4-c916214d9fc0" testName="WhenRLikeExpressionIsRewritten_ShouldPass" computerName="pkrvmsl9tci6h6u" duration="00:00:00.0403667" startTime="2025-08-09T21:08:15.5146776+00:00" endTime="2025-08-09T21:08:15.5551291+00:00" testType="13cdc9d9-ddb5-4fa4-a97d-d965ccfc6d4b" outcome="Passed" testListId="8c84fa94-04c1-424b-9868-57a2d4851a1d" relativeResultsDirectory="2a465ce1-8319-4cd4-b40a-d6abbc1cd8d0" />
    <UnitTestResult executionId="ad6febdb-d780-44ec-91a1-51582df841ae" testId="0bf1c056-6a90-2146-6e07-55a462d7dd32" testName="WhenSpecialCharacterStartBracketUsedInTextWith_MustNotThrow (-)" computerName="pkrvmsl9tci6h6u" duration="00:00:00.0235538" startTime="2025-08-09T21:08:21.9525789+00:00" endTime="2025-08-09T21:08:21.9762611+00:00" testType="13cdc9d9-ddb5-4fa4-a97d-d965ccfc6d4b" outcome="Passed" testListId="8c84fa94-04c1-424b-9868-57a2d4851a1d" relativeResultsDirectory="ad6febdb-d780-44ec-91a1-51582df841ae" />
    <UnitTestResult executionId="11d09c48-58ce-4745-aa82-3f70524f8b52" testId="ef4df502-3cbb-f3e2-0d3a-3a66b6c3ae28" testName="WhenToStringCalled_ShouldReturnSameQuery (select s.Column1, s.Column2 from #some.thing() s where s.Column2 = 'Value' group by s.Column1 order by s.Column2 take 9)" computerName="pkrvmsl9tci6h6u" duration="00:00:00.0012768" startTime="2025-08-09T21:08:21.5140121+00:00" endTime="2025-08-09T21:08:21.5153537+00:00" testType="13cdc9d9-ddb5-4fa4-a97d-d965ccfc6d4b" outcome="Passed" testListId="8c84fa94-04c1-424b-9868-57a2d4851a1d" relativeResultsDirectory="11d09c48-58ce-4745-aa82-3f70524f8b52" />
    <UnitTestResult executionId="e7fe94c4-5acb-4361-be3c-1aedfa1d15bf" testId="8bedec7d-df75-0421-80de-39cb18a28c07" testName="WhenWhenTrueOnEntityFieldWithAndCondition_ShouldNotThrowException" computerName="pkrvmsl9tci6h6u" duration="00:00:00.0324325" startTime="2025-08-09T21:07:56.8992750+00:00" endTime="2025-08-09T21:07:56.9317802+00:00" testType="13cdc9d9-ddb5-4fa4-a97d-d965ccfc6d4b" outcome="Passed" testListId="8c84fa94-04c1-424b-9868-57a2d4851a1d" relativeResultsDirectory="e7fe94c4-5acb-4361-be3c-1aedfa1d15bf" />
    <UnitTestResult executionId="c368d183-e0c7-4dba-a7bb-65a7c6bf9b7b" testId="9401bf22-4c9d-ba4e-88b5-88696f487c2f" testName="WhenShortAndSByteUsed_ShouldHaveColumnOfThatType" computerName="pkrvmsl9tci6h6u" duration="00:00:00.1213378" startTime="2025-08-09T21:07:32.1692479+00:00" endTime="2025-08-09T21:07:32.2908311+00:00" testType="13cdc9d9-ddb5-4fa4-a97d-d965ccfc6d4b" outcome="Passed" testListId="8c84fa94-04c1-424b-9868-57a2d4851a1d" relativeResultsDirectory="c368d183-e0c7-4dba-a7bb-65a7c6bf9b7b" />
    <UnitTestResult executionId="11204db6-5ace-4ffc-851f-b7aff57da441" testId="d8f2ee3e-3717-7617-490c-444ed5e9cb0a" testName="WhenMultipleAliasesAroundCteQuery_LeftOuterJoin_ShouldRetrieveValues" computerName="pkrvmsl9tci6h6u" duration="00:00:00.0578674" startTime="2025-08-09T21:08:08.4788271+00:00" endTime="2025-08-09T21:08:08.5367592+00:00" testType="13cdc9d9-ddb5-4fa4-a97d-d965ccfc6d4b" outcome="Passed" testListId="8c84fa94-04c1-424b-9868-57a2d4851a1d" relativeResultsDirectory="11204db6-5ace-4ffc-851f-b7aff57da441" />
    <UnitTestResult executionId="a21a872d-e00b-4e14-9596-27d18cad63cc" testId="574747f3-4073-0f12-8bce-31346cfae57b" testName="WhenBitwiseXorBetweenSbyteAndByte_ShouldBeEvaluated" computerName="pkrvmsl9tci6h6u" duration="00:00:00.0318835" startTime="2025-08-09T21:07:52.8688731+00:00" endTime="2025-08-09T21:07:52.9010276+00:00" testType="13cdc9d9-ddb5-4fa4-a97d-d965ccfc6d4b" outcome="Passed" testListId="8c84fa94-04c1-424b-9868-57a2d4851a1d" relativeResultsDirectory="a21a872d-e00b-4e14-9596-27d18cad63cc" />
    <UnitTestResult executionId="57c9f081-5676-4819-8aad-fb3ba554f569" testId="04f5d0b5-bdea-ea9f-c05e-0160480985f6" testName="WhenSByteAndShortUsed_ShouldHaveColumnOfIntType" computerName="pkrvmsl9tci6h6u" duration="00:00:00.1097451" startTime="2025-08-09T21:07:30.9478038+00:00" endTime="2025-08-09T21:07:31.0577671+00:00" testType="13cdc9d9-ddb5-4fa4-a97d-d965ccfc6d4b" outcome="Passed" testListId="8c84fa94-04c1-424b-9868-57a2d4851a1d" relativeResultsDirectory="57c9f081-5676-4819-8aad-fb3ba554f569" />
    <UnitTestResult executionId="e1f84c44-aef6-4e93-8e7e-9123d44c51f8" testId="07c1c696-e1c9-cd6d-b440-b034a7edad98" testName="CrossApply_WhenTwoMethodsReturnsEntities_AndThenUseColumnOfEntity_ShouldPass" computerName="pkrvmsl9tci6h6u" duration="00:00:00.0536930" startTime="2025-08-09T21:07:59.3039255+00:00" endTime="2025-08-09T21:07:59.3576850+00:00" testType="13cdc9d9-ddb5-4fa4-a97d-d965ccfc6d4b" outcome="Passed" testListId="8c84fa94-04c1-424b-9868-57a2d4851a1d" relativeResultsDirectory="e1f84c44-aef6-4e93-8e7e-9123d44c51f8" />
    <UnitTestResult executionId="b6d6db5d-ebb1-432b-89a2-2e86f74ab432" testId="9f0f79cd-9f3f-2536-d154-ee831fe3e8cd" testName="WithDynamicSource_IncrementAccessedProperty_ShouldPass" computerName="pkrvmsl9tci6h6u" duration="00:00:00.0525542" startTime="2025-08-09T21:08:01.9462137+00:00" endTime="2025-08-09T21:08:01.9988301+00:00" testType="13cdc9d9-ddb5-4fa4-a97d-d965ccfc6d4b" outcome="Passed" testListId="8c84fa94-04c1-424b-9868-57a2d4851a1d" relativeResultsDirectory="b6d6db5d-ebb1-432b-89a2-2e86f74ab432" />
    <UnitTestResult executionId="1d79156f-b37f-4af8-8425-43ac1211fcbd" testId="d67a91b3-bcfb-d35a-46c1-9346a1f1de89" testName="WhenBitwiseAndBetweenIntAndInt_ShouldBeEvaluated" computerName="pkrvmsl9tci6h6u" duration="00:00:00.0406872" startTime="2025-08-09T21:07:48.5743007+00:00" endTime="2025-08-09T21:07:48.6150827+00:00" testType="13cdc9d9-ddb5-4fa4-a97d-d965ccfc6d4b" outcome="Passed" testListId="8c84fa94-04c1-424b-9868-57a2d4851a1d" relativeResultsDirectory="1d79156f-b37f-4af8-8425-43ac1211fcbd" />
    <UnitTestResult executionId="f895276f-869a-4d54-a125-bd5103ae6add" testId="108a4ea9-3254-c7cd-23b2-7f2bb04e8a6c" testName="PropertyStringAccess_OutOfBounds_Debug" computerName="pkrvmsl9tci6h6u" duration="00:00:00.0271819" startTime="2025-08-09T21:08:15.3599476+00:00" endTime="2025-08-09T21:08:15.3872873+00:00" testType="13cdc9d9-ddb5-4fa4-a97d-d965ccfc6d4b" outcome="Passed" testListId="8c84fa94-04c1-424b-9868-57a2d4851a1d" relativeResultsDirectory="f895276f-869a-4d54-a125-bd5103ae6add">
      <Output>
        <StdOut>Property access result: \u0000 (type: System.Char)</StdOut>
      </Output>
    </UnitTestResult>
    <UnitTestResult executionId="a0755038-487c-4443-8856-0a225b9f8518" testId="5a2784e6-7f09-8029-fd8f-3346fe067a74" testName="WhenBitwiseOrBetweenUshortAndUint_ShouldBeEvaluated" computerName="pkrvmsl9tci6h6u" duration="00:00:00.0528384" startTime="2025-08-09T21:07:51.0291789+00:00" endTime="2025-08-09T21:07:51.0821166+00:00" testType="13cdc9d9-ddb5-4fa4-a97d-d965ccfc6d4b" outcome="Passed" testListId="8c84fa94-04c1-424b-9868-57a2d4851a1d" relativeResultsDirectory="a0755038-487c-4443-8856-0a225b9f8518" />
    <UnitTestResult executionId="ac6baf72-9766-4738-97ab-af7357a8bc20" testId="66eb99b1-41f6-a4bd-191f-a1c10284c1c6" testName="WhenColumnsUsedInJoinQuery_ShouldPass" computerName="pkrvmsl9tci6h6u" duration="00:00:00.0648935" startTime="2025-08-09T21:08:23.4666916+00:00" endTime="2025-08-09T21:08:23.5316629+00:00" testType="13cdc9d9-ddb5-4fa4-a97d-d965ccfc6d4b" outcome="Passed" testListId="8c84fa94-04c1-424b-9868-57a2d4851a1d" relativeResultsDirectory="ac6baf72-9766-4738-97ab-af7357a8bc20" />
    <UnitTestResult executionId="8734346e-02d0-40c4-9c84-f1de1a469801" testId="5decf507-2568-316d-92ec-68a30d6985dd" testName="WhenBitwiseOrBetweenByteAndUShort_ShouldBeEvaluated" computerName="pkrvmsl9tci6h6u" duration="00:00:00.0689949" startTime="2025-08-09T21:07:50.5374986+00:00" endTime="2025-08-09T21:07:50.6066162+00:00" testType="13cdc9d9-ddb5-4fa4-a97d-d965ccfc6d4b" outcome="Passed" testListId="8c84fa94-04c1-424b-9868-57a2d4851a1d" relativeResultsDirectory="8734346e-02d0-40c4-9c84-f1de1a469801" />
    <UnitTestResult executionId="96e40db2-9080-47b0-9f19-df780c0661c8" testId="12401b51-81e4-e860-86b5-36cfb941e389" testName="ComputeStDevTest" computerName="pkrvmsl9tci6h6u" duration="00:00:00.0570323" startTime="2025-08-09T21:08:20.3310286+00:00" endTime="2025-08-09T21:08:20.3881402+00:00" testType="13cdc9d9-ddb5-4fa4-a97d-d965ccfc6d4b" outcome="Passed" testListId="8c84fa94-04c1-424b-9868-57a2d4851a1d" relativeResultsDirectory="96e40db2-9080-47b0-9f19-df780c0661c8" />
    <UnitTestResult executionId="da13aa9a-a64b-4bbd-96ce-a9603b308c5a" testId="308e1c4a-ba44-7cf4-befe-a2c97bb20231" testName="WhenBitwiseXorBetweenLongAndSByte_ShouldBeEvaluated" computerName="pkrvmsl9tci6h6u" duration="00:00:00.0337001" startTime="2025-08-09T21:07:55.1736306+00:00" endTime="2025-08-09T21:07:55.2074071+00:00" testType="13cdc9d9-ddb5-4fa4-a97d-d965ccfc6d4b" outcome="Passed" testListId="8c84fa94-04c1-424b-9868-57a2d4851a1d" relativeResultsDirectory="da13aa9a-a64b-4bbd-96ce-a9603b308c5a" />
    <UnitTestResult executionId="dbc4aaa2-886b-401e-88ed-7fca1786a161" testId="d26b6ae3-7c5b-f166-dbbc-08b00cbea3a6" testName="AndOperator_WhenLeftFieldIsNull_ShouldShowLeftNull" computerName="pkrvmsl9tci6h6u" duration="00:00:00.0577391" startTime="2025-08-09T21:08:10.3494790+00:00" endTime="2025-08-09T21:08:10.4073100+00:00" testType="13cdc9d9-ddb5-4fa4-a97d-d965ccfc6d4b" outcome="Passed" testListId="8c84fa94-04c1-424b-9868-57a2d4851a1d" relativeResultsDirectory="dbc4aaa2-886b-401e-88ed-7fca1786a161" />
    <UnitTestResult executionId="896ae56e-07de-4971-8c0c-1b4de72fe679" testId="50451f90-ea09-5184-2a42-7fbe205e684d" testName="WhenUIntAndDecimalUsed_ShouldHaveColumnOfThatType" computerName="pkrvmsl9tci6h6u" duration="00:00:00.1298951" startTime="2025-08-09T21:07:38.1029644+00:00" endTime="2025-08-09T21:07:38.2329802+00:00" testType="13cdc9d9-ddb5-4fa4-a97d-d965ccfc6d4b" outcome="Passed" testListId="8c84fa94-04c1-424b-9868-57a2d4851a1d" relativeResultsDirectory="896ae56e-07de-4971-8c0c-1b4de72fe679" />
    <UnitTestResult executionId="5c868afd-3902-4678-8308-1d48b13bf1d2" testId="261c048b-027d-0217-07cf-30e5d8e16453" testName="WhenWrongTypeBetweenIntersect_ShouldFail" computerName="pkrvmsl9tci6h6u" duration="00:00:00.0188570" startTime="2025-08-09T21:08:18.3811836+00:00" endTime="2025-08-09T21:08:18.4000840+00:00" testType="13cdc9d9-ddb5-4fa4-a97d-d965ccfc6d4b" outcome="Passed" testListId="8c84fa94-04c1-424b-9868-57a2d4851a1d" relativeResultsDirectory="5c868afd-3902-4678-8308-1d48b13bf1d2" />
    <UnitTestResult executionId="f98e932a-4305-46cf-8433-57b51e99a904" testId="84db774a-c111-4258-0435-8f228090f6a8" testName="WhenMergeArraysWithThreeArraysPassed_ShouldChoseCorrectImplementation" computerName="pkrvmsl9tci6h6u" duration="00:00:00.0483133" startTime="2025-08-09T21:08:03.3796961+00:00" endTime="2025-08-09T21:08:03.4280950+00:00" testType="13cdc9d9-ddb5-4fa4-a97d-d965ccfc6d4b" outcome="Passed" testListId="8c84fa94-04c1-424b-9868-57a2d4851a1d" relativeResultsDirectory="f98e932a-4305-46cf-8433-57b51e99a904" />
    <UnitTestResult executionId="c2f55e22-e9e7-458a-9c92-cb47d205885d" testId="13527855-a58b-4faf-96e8-f3534637aff4" testName="WhenULongMethodCallAndUShortUsed_ShouldHaveColumnOfThatType" computerName="pkrvmsl9tci6h6u" duration="00:00:00.0364969" startTime="2025-08-09T21:07:44.9747381+00:00" endTime="2025-08-09T21:07:45.0113770+00:00" testType="13cdc9d9-ddb5-4fa4-a97d-d965ccfc6d4b" outcome="Passed" testListId="8c84fa94-04c1-424b-9868-57a2d4851a1d" relativeResultsDirectory="c2f55e22-e9e7-458a-9c92-cb47d205885d" />
    <UnitTestResult executionId="dfc12bfc-328b-40e0-a96d-34f26ca58355" testId="bb84c460-80b0-7e0d-46a2-4ae8239039f4" testName="WhenLargeNegativeIntUsed_ShouldHaveColumnOfThatType" computerName="pkrvmsl9tci6h6u" duration="00:00:00.0358587" startTime="2025-08-09T21:08:11.5796204+00:00" endTime="2025-08-09T21:08:11.6155462+00:00" testType="13cdc9d9-ddb5-4fa4-a97d-d965ccfc6d4b" outcome="Passed" testListId="8c84fa94-04c1-424b-9868-57a2d4851a1d" relativeResultsDirectory="dfc12bfc-328b-40e0-a96d-34f26ca58355" />
    <UnitTestResult executionId="cf812be7-543b-474b-aef4-4d6483a4fa76" testId="3130c102-d9c5-89a3-1105-d11a60179556" testName="IsNullValueTypeTest" computerName="pkrvmsl9tci6h6u" duration="00:00:00.0278755" startTime="2025-08-09T21:08:10.1753295+00:00" endTime="2025-08-09T21:08:10.2032839+00:00" testType="13cdc9d9-ddb5-4fa4-a97d-d965ccfc6d4b" outcome="Passed" testListId="8c84fa94-04c1-424b-9868-57a2d4851a1d" relativeResultsDirectory="cf812be7-543b-474b-aef4-4d6483a4fa76" />
    <UnitTestResult executionId="736d0bd6-8efc-454c-b640-ae94a09e48ea" testId="02ff866b-d9de-91ea-b150-5b46208cf6b6" testName="WhenBitwiseXorBetweenUshortAndUint_ShouldBeEvaluated" computerName="pkrvmsl9tci6h6u" duration="00:00:00.0513930" startTime="2025-08-09T21:07:53.8817816+00:00" endTime="2025-08-09T21:07:53.9332443+00:00" testType="13cdc9d9-ddb5-4fa4-a97d-d965ccfc6d4b" outcome="Passed" testListId="8c84fa94-04c1-424b-9868-57a2d4851a1d" relativeResultsDirectory="736d0bd6-8efc-454c-b640-ae94a09e48ea" />
    <UnitTestResult executionId="dbf6abca-d059-4e91-9bbb-ffd1d7bca454" testId="1912c435-3b40-b0f6-e666-95dee8907e58" testName="WhenLongAndDecimalUsed_ShouldHaveColumnOfThatType" computerName="pkrvmsl9tci6h6u" duration="00:00:00.0757185" startTime="2025-08-09T21:07:39.1729404+00:00" endTime="2025-08-09T21:07:39.2487987+00:00" testType="13cdc9d9-ddb5-4fa4-a97d-d965ccfc6d4b" outcome="Passed" testListId="8c84fa94-04c1-424b-9868-57a2d4851a1d" relativeResultsDirectory="dbf6abca-d059-4e91-9bbb-ffd1d7bca454" />
    <UnitTestResult executionId="df68ae41-046a-4b24-94fe-a28f67fe08b5" testId="4bd9b636-dfa2-5692-681d-1f7fe3ffd6e9" testName="MultiSubtractionTest" computerName="pkrvmsl9tci6h6u" duration="00:00:00.0264200" startTime="2025-08-09T21:07:45.9333406+00:00" endTime="2025-08-09T21:07:45.9598586+00:00" testType="13cdc9d9-ddb5-4fa4-a97d-d965ccfc6d4b" outcome="Passed" testListId="8c84fa94-04c1-424b-9868-57a2d4851a1d" relativeResultsDirectory="df68ae41-046a-4b24-94fe-a28f67fe08b5" />
    <UnitTestResult executionId="d3e6e22d-b60d-4a1e-ba21-75f42a22eaa5" testId="bd35a49a-3fcc-2f58-b545-51e75be21217" testName="WhenBitwiseAndBetweenByteAndShort_ShouldBeEvaluated" computerName="pkrvmsl9tci6h6u" duration="00:00:00.0340669" startTime="2025-08-09T21:07:47.3970354+00:00" endTime="2025-08-09T21:07:47.4312058+00:00" testType="13cdc9d9-ddb5-4fa4-a97d-d965ccfc6d4b" outcome="Passed" testListId="8c84fa94-04c1-424b-9868-57a2d4851a1d" relativeResultsDirectory="d3e6e22d-b60d-4a1e-ba21-75f42a22eaa5" />
    <UnitTestResult executionId="19e41795-82de-4119-8e42-99073bf28a81" testId="3db91a87-8cfd-f3e0-c48a-99e5e145e540" testName="WhenSByteAndByteUsed_ShouldHaveColumnOfIntType" computerName="pkrvmsl9tci6h6u" duration="00:00:00.1200768" startTime="2025-08-09T21:07:30.6819492+00:00" endTime="2025-08-09T21:07:30.8021825+00:00" testType="13cdc9d9-ddb5-4fa4-a97d-d965ccfc6d4b" outcome="Passed" testListId="8c84fa94-04c1-424b-9868-57a2d4851a1d" relativeResultsDirectory="19e41795-82de-4119-8e42-99073bf28a81" />
    <UnitTestResult executionId="83ee5019-4cbf-4994-9036-d8d9d113a2aa" testId="45a79a42-e1c1-0911-8715-75214286285f" testName="WhenToStringCalled_ShouldReturnSameQuery (table Example {};)" computerName="pkrvmsl9tci6h6u" duration="00:00:00.0010290" startTime="2025-08-09T21:08:21.4670674+00:00" endTime="2025-08-09T21:08:21.4681662+00:00" testType="13cdc9d9-ddb5-4fa4-a97d-d965ccfc6d4b" outcome="Passed" testListId="8c84fa94-04c1-424b-9868-57a2d4851a1d" relativeResultsDirectory="83ee5019-4cbf-4994-9036-d8d9d113a2aa" />
    <UnitTestResult executionId="e10cc629-33b6-4f3a-843e-fa168d5a284a" testId="303cbcb0-e671-ae1c-b7fa-7acbc091dec0" testName="WhenBitwiseAndBetweenByteAndByte_ShouldBeEvaluated" computerName="pkrvmsl9tci6h6u" duration="00:00:00.0367826" startTime="2025-08-09T21:07:47.3163520+00:00" endTime="2025-08-09T21:07:47.3532581+00:00" testType="13cdc9d9-ddb5-4fa4-a97d-d965ccfc6d4b" outcome="Passed" testListId="8c84fa94-04c1-424b-9868-57a2d4851a1d" relativeResultsDirectory="e10cc629-33b6-4f3a-843e-fa168d5a284a" />
    <UnitTestResult executionId="661416cd-b47b-420d-86e3-e72738038aa8" testId="42d3737a-bd4c-74a4-9367-57c4a6dbcd8c" testName="WhenUShortMethodCallAndUIntUsed_ShouldHaveColumnOfThatType" computerName="pkrvmsl9tci6h6u" duration="00:00:00.0644408" startTime="2025-08-09T21:07:43.5305509+00:00" endTime="2025-08-09T21:07:43.5951492+00:00" testType="13cdc9d9-ddb5-4fa4-a97d-d965ccfc6d4b" outcome="Passed" testListId="8c84fa94-04c1-424b-9868-57a2d4851a1d" relativeResultsDirectory="661416cd-b47b-420d-86e3-e72738038aa8" />
    <UnitTestResult executionId="57a2f624-0407-4398-ab16-bee9a23730ca" testId="3358b9aa-32a2-5f77-d966-2e9b2a6d5742" testName="WhenFloatAndUIntUsed_ShouldHaveColumnOfThatType" computerName="pkrvmsl9tci6h6u" duration="00:00:00.1059116" startTime="2025-08-09T21:07:40.4483190+00:00" endTime="2025-08-09T21:07:40.5543448+00:00" testType="13cdc9d9-ddb5-4fa4-a97d-d965ccfc6d4b" outcome="Passed" testListId="8c84fa94-04c1-424b-9868-57a2d4851a1d" relativeResultsDirectory="57a2f624-0407-4398-ab16-bee9a23730ca" />
    <UnitTestResult executionId="4b2fc8a9-5ad2-42b6-8d16-eff09b29ad45" testId="da356caf-c7b1-c7ac-954d-3587b6c711cf" testName="WhenBitwiseAndBetweenSbyteAndUint_ShouldBeEvaluated" computerName="pkrvmsl9tci6h6u" duration="00:00:00.0472530" startTime="2025-08-09T21:07:47.2058577+00:00" endTime="2025-08-09T21:07:47.2532183+00:00" testType="13cdc9d9-ddb5-4fa4-a97d-d965ccfc6d4b" outcome="Passed" testListId="8c84fa94-04c1-424b-9868-57a2d4851a1d" relativeResultsDirectory="4b2fc8a9-5ad2-42b6-8d16-eff09b29ad45" />
    <UnitTestResult executionId="ba99f4e7-4cae-4ec5-a48a-cf7264dc7d1f" testId="0d5cadca-6d65-49ed-9b6f-620289122bf9" testName="WhenSchemaMethodOuterAppliedWithAnotherSchema_WithinCte_ShouldPass" computerName="pkrvmsl9tci6h6u" duration="00:00:00.0771785" startTime="2025-08-09T21:08:13.0303203+00:00" endTime="2025-08-09T21:08:13.1076605+00:00" testType="13cdc9d9-ddb5-4fa4-a97d-d965ccfc6d4b" outcome="Passed" testListId="8c84fa94-04c1-424b-9868-57a2d4851a1d" relativeResultsDirectory="ba99f4e7-4cae-4ec5-a48a-cf7264dc7d1f" />
    <UnitTestResult executionId="266a20b0-6c55-4885-910b-4220dac051b9" testId="f0909767-162a-1e2a-bb15-72aedf5d3be3" testName="OrOperator_WhenLeftFieldIsNull_ShouldShowLeftNull" computerName="pkrvmsl9tci6h6u" duration="00:00:00.0460887" startTime="2025-08-09T21:08:10.2033257+00:00" endTime="2025-08-09T21:08:10.2494834+00:00" testType="13cdc9d9-ddb5-4fa4-a97d-d965ccfc6d4b" outcome="Passed" testListId="8c84fa94-04c1-424b-9868-57a2d4851a1d" relativeResultsDirectory="266a20b0-6c55-4885-910b-4220dac051b9" />
    <UnitTestResult executionId="40259f3e-aa77-4867-a67b-b737afc35903" testId="e9250f0e-881c-6201-e47c-dce97a49d3b1" testName="WhenWhenTrueOnEntityField_ShouldNotThrowException" computerName="pkrvmsl9tci6h6u" duration="00:00:00.0424512" startTime="2025-08-09T21:07:56.8567213+00:00" endTime="2025-08-09T21:07:56.8992351+00:00" testType="13cdc9d9-ddb5-4fa4-a97d-d965ccfc6d4b" outcome="Passed" testListId="8c84fa94-04c1-424b-9868-57a2d4851a1d" relativeResultsDirectory="40259f3e-aa77-4867-a67b-b737afc35903" />
    <UnitTestResult executionId="64ce9305-e744-41a6-9016-c720747621d1" testId="3020bf99-f3d8-c979-4bae-b3a8c9ddb76a" testName="WithDynamicSource_IncrementAccessedProperty_ShouldPass2" computerName="pkrvmsl9tci6h6u" duration="00:00:00.0353630" startTime="2025-08-09T21:08:02.3880688+00:00" endTime="2025-08-09T21:08:02.4235006+00:00" testType="13cdc9d9-ddb5-4fa4-a97d-d965ccfc6d4b" outcome="Passed" testListId="8c84fa94-04c1-424b-9868-57a2d4851a1d" relativeResultsDirectory="64ce9305-e744-41a6-9016-c720747621d1" />
    <UnitTestResult executionId="da784760-4d97-4826-9789-d9544b851314" testId="5d3fdebe-4733-a688-eff0-8cd662c1e2c9" testName="MultipleUnionsAllComplexTest" computerName="pkrvmsl9tci6h6u" duration="00:00:00.0611669" startTime="2025-08-09T21:08:16.9652297+00:00" endTime="2025-08-09T21:08:17.0264721+00:00" testType="13cdc9d9-ddb5-4fa4-a97d-d965ccfc6d4b" outcome="Passed" testListId="8c84fa94-04c1-424b-9868-57a2d4851a1d" relativeResultsDirectory="da784760-4d97-4826-9789-d9544b851314" />
    <UnitTestResult executionId="a80e357c-661e-4b07-b20c-ad2aa9bd50dc" testId="7382087a-f560-cc1f-b0d6-09bd9c8297c8" testName="CrossApply_WithComplexParameterTypes_ShouldHandleGracefully" computerName="pkrvmsl9tci6h6u" duration="00:00:00.0671318" startTime="2025-08-09T21:07:57.8004802+00:00" endTime="2025-08-09T21:07:57.8676769+00:00" testType="13cdc9d9-ddb5-4fa4-a97d-d965ccfc6d4b" outcome="Passed" testListId="8c84fa94-04c1-424b-9868-57a2d4851a1d" relativeResultsDirectory="a80e357c-661e-4b07-b20c-ad2aa9bd50dc" />
    <UnitTestResult executionId="0f802f5a-9f54-48d4-befa-9bda180ae85d" testId="cf4f8bbc-31a2-40a6-490b-80b6f741d0bf" testName="WhenCompilerMustDecideWhichOneOfTheMethodsUse_ShouldChoseFirstOne" computerName="pkrvmsl9tci6h6u" duration="00:00:00.0525861" startTime="2025-08-09T21:08:09.5185786+00:00" endTime="2025-08-09T21:08:09.5712329+00:00" testType="13cdc9d9-ddb5-4fa4-a97d-d965ccfc6d4b" outcome="Passed" testListId="8c84fa94-04c1-424b-9868-57a2d4851a1d" relativeResultsDirectory="0f802f5a-9f54-48d4-befa-9bda180ae85d" />
    <UnitTestResult executionId="591cb2aa-afb8-4564-aca0-96a601755a06" testId="70310c4a-dda5-adbf-af8c-b3eb16fa5759" testName="WhenToStringCalled_ShouldReturnSameQuery (select s.Column1, s.Column2 from #some.thing() s where s.Column2 = 'Test' order by s.Column1)" computerName="pkrvmsl9tci6h6u" duration="00:00:00.0009860" startTime="2025-08-09T21:08:21.4807814+00:00" endTime="2025-08-09T21:08:21.4818496+00:00" testType="13cdc9d9-ddb5-4fa4-a97d-d965ccfc6d4b" outcome="Passed" testListId="8c84fa94-04c1-424b-9868-57a2d4851a1d" relativeResultsDirectory="591cb2aa-afb8-4564-aca0-96a601755a06" />
    <UnitTestResult executionId="34e0f0fb-196e-4f73-a7cb-d44e71a73db0" testId="a19bfb95-8f25-d9c8-58bd-912971a9d198" testName="WhenSByteAndUShortUsed_ShouldHaveColumnOfIntType" computerName="pkrvmsl9tci6h6u" duration="00:00:00.1329907" startTime="2025-08-09T21:07:31.0578480+00:00" endTime="2025-08-09T21:07:31.1910009+00:00" testType="13cdc9d9-ddb5-4fa4-a97d-d965ccfc6d4b" outcome="Passed" testListId="8c84fa94-04c1-424b-9868-57a2d4851a1d" relativeResultsDirectory="34e0f0fb-196e-4f73-a7cb-d44e71a73db0" />
    <UnitTestResult executionId="e6bc68f6-d06d-4fd2-8443-68a2b4a943a3" testId="6244912c-ad07-8f43-ebe5-473051ce9e26" testName="WhenUShortAndSByteUsed_ShouldHaveColumnOfThatType" computerName="pkrvmsl9tci6h6u" duration="00:00:00.1305322" startTime="2025-08-09T21:07:33.6371957+00:00" endTime="2025-08-09T21:07:33.7678916+00:00" testType="13cdc9d9-ddb5-4fa4-a97d-d965ccfc6d4b" outcome="Passed" testListId="8c84fa94-04c1-424b-9868-57a2d4851a1d" relativeResultsDirectory="e6bc68f6-d06d-4fd2-8443-68a2b4a943a3" />
    <UnitTestResult executionId="dcbf7d08-62a1-4a0a-9efa-7e822f862abd" testId="e0f632f3-2a81-9ad3-3b47-32376b9ed44f" testName="WhenAliasedStarUnfoldToMultipleColumns_TwoTablesUsed_ShouldPass" computerName="pkrvmsl9tci6h6u" duration="00:00:00.0566901" startTime="2025-08-09T21:08:21.0295939+00:00" endTime="2025-08-09T21:08:21.0863662+00:00" testType="13cdc9d9-ddb5-4fa4-a97d-d965ccfc6d4b" outcome="Passed" testListId="8c84fa94-04c1-424b-9868-57a2d4851a1d" relativeResultsDirectory="dcbf7d08-62a1-4a0a-9efa-7e822f862abd" />
    <UnitTestResult executionId="98853b26-e33b-4c77-ae14-f19895f4d0f3" testId="84b74dc5-2e76-a120-bd4c-fdb7f499dcf8" testName="WhenNonExistingAliasUsed_ShouldThrow" computerName="pkrvmsl9tci6h6u" duration="00:00:00.0116987" startTime="2025-08-09T21:07:28.1206997+00:00" endTime="2025-08-09T21:07:28.1325506+00:00" testType="13cdc9d9-ddb5-4fa4-a97d-d965ccfc6d4b" outcome="Passed" testListId="8c84fa94-04c1-424b-9868-57a2d4851a1d" relativeResultsDirectory="98853b26-e33b-4c77-ae14-f19895f4d0f3" />
    <UnitTestResult executionId="cae7033b-ef52-4980-a099-0125ab21c358" testId="88ec9177-b7e0-3a84-f36c-48c53d286608" testName="CTE_WithCrossApply_UsingSystemDual_ShouldNotThrowKeyNotFoundException" computerName="pkrvmsl9tci6h6u" duration="00:00:00.0560874" startTime="2025-08-09T21:08:00.3441955+00:00" endTime="2025-08-09T21:08:00.4003613+00:00" testType="13cdc9d9-ddb5-4fa4-a97d-d965ccfc6d4b" outcome="Passed" testListId="8c84fa94-04c1-424b-9868-57a2d4851a1d" relativeResultsDirectory="cae7033b-ef52-4980-a099-0125ab21c358" />
    <UnitTestResult executionId="c29366b1-84df-40f9-a69f-1cd193385a8d" testId="65e54b81-0287-bf37-60c4-7062db86d0fe" testName="WhenDecimalMethodCallAndShortUsed_ShouldHaveColumnOfThatType" computerName="pkrvmsl9tci6h6u" duration="00:00:00.0469376" startTime="2025-08-09T21:07:45.2734567+00:00" endTime="2025-08-09T21:07:45.3205041+00:00" testType="13cdc9d9-ddb5-4fa4-a97d-d965ccfc6d4b" outcome="Passed" testListId="8c84fa94-04c1-424b-9868-57a2d4851a1d" relativeResultsDirectory="c29366b1-84df-40f9-a69f-1cd193385a8d" />
    <UnitTestResult executionId="ad5b67c6-8bf3-45c9-81a0-6529db255909" testId="f4479cf8-bfc6-0016-8cb7-b5986c896f46" testName="MultipleUnionsComplexTest" computerName="pkrvmsl9tci6h6u" duration="00:00:00.0794724" startTime="2025-08-09T21:08:16.7463797+00:00" endTime="2025-08-09T21:08:16.8259212+00:00" testType="13cdc9d9-ddb5-4fa4-a97d-d965ccfc6d4b" outcome="Passed" testListId="8c84fa94-04c1-424b-9868-57a2d4851a1d" relativeResultsDirectory="ad5b67c6-8bf3-45c9-81a0-6529db255909" />
    <UnitTestResult executionId="1e1c9650-6454-4db8-a149-bf1221d3e435" testId="96f174e7-4d55-151b-7c6c-8114e514a01b" testName="RemapPrimitiveTypesTest" computerName="pkrvmsl9tci6h6u" duration="00:00:00.0003651" startTime="2025-08-09T21:08:03.2545941+00:00" endTime="2025-08-09T21:08:03.2550014+00:00" testType="13cdc9d9-ddb5-4fa4-a97d-d965ccfc6d4b" outcome="Passed" testListId="8c84fa94-04c1-424b-9868-57a2d4851a1d" relativeResultsDirectory="1e1c9650-6454-4db8-a149-bf1221d3e435" />
    <UnitTestResult executionId="b24cdec2-4a46-484e-a6de-afdbd4a217cd" testId="5d58c9b4-3661-6d3f-adbc-4e28095db483" testName="WhenDoubleBackslashEscaped_ShouldBeSingleBackslash" computerName="pkrvmsl9tci6h6u" duration="00:00:00.0248430" startTime="2025-08-09T21:08:02.6624587+00:00" endTime="2025-08-09T21:08:02.6873741+00:00" testType="13cdc9d9-ddb5-4fa4-a97d-d965ccfc6d4b" outcome="Passed" testListId="8c84fa94-04c1-424b-9868-57a2d4851a1d" relativeResultsDirectory="b24cdec2-4a46-484e-a6de-afdbd4a217cd" />
    <UnitTestResult executionId="ed1f18b0-510f-44cc-a5de-f24a4bfa80db" testId="2da8ba8c-63fd-98ea-b4e4-208dac6232ad" testName="WhenBitwiseAndBetweenUlongAndUlong_ShouldBeEvaluated" computerName="pkrvmsl9tci6h6u" duration="00:00:00.0459087" startTime="2025-08-09T21:07:49.6361362+00:00" endTime="2025-08-09T21:07:49.6821515+00:00" testType="13cdc9d9-ddb5-4fa4-a97d-d965ccfc6d4b" outcome="Passed" testListId="8c84fa94-04c1-424b-9868-57a2d4851a1d" relativeResultsDirectory="ed1f18b0-510f-44cc-a5de-f24a4bfa80db" />
    <UnitTestResult executionId="2ca9425b-dd3c-4da3-8c7b-77ae1968e147" testId="70392d53-3e08-1872-68fa-7004ab2c60e0" testName="GetSchemaTableAndRowSourcePassedPrimitiveArgumentsTest" computerName="pkrvmsl9tci6h6u" duration="00:00:00.0277133" startTime="2025-08-09T21:08:14.9706106+00:00" endTime="2025-08-09T21:08:14.9984759+00:00" testType="13cdc9d9-ddb5-4fa4-a97d-d965ccfc6d4b" outcome="Passed" testListId="8c84fa94-04c1-424b-9868-57a2d4851a1d" relativeResultsDirectory="2ca9425b-dd3c-4da3-8c7b-77ae1968e147" />
    <UnitTestResult executionId="2214d24a-6262-4bf1-8133-5db056976e1e" testId="e7458480-4c97-e1de-ce14-70cfd04aff92" testName="CreateComplexTypeDescriptionArrayTest" computerName="pkrvmsl9tci6h6u" duration="00:00:00.0022857" startTime="2025-08-09T21:08:03.2521283+00:00" endTime="2025-08-09T21:08:03.2545765+00:00" testType="13cdc9d9-ddb5-4fa4-a97d-d965ccfc6d4b" outcome="Passed" testListId="8c84fa94-04c1-424b-9868-57a2d4851a1d" relativeResultsDirectory="2214d24a-6262-4bf1-8133-5db056976e1e" />
    <UnitTestResult executionId="0b9632f4-1ee1-4f4c-9657-08036f7be54f" testId="49dc7a14-24fd-34bf-cf8f-3edae8381374" testName="SimpleCteWithIntersectTest" computerName="pkrvmsl9tci6h6u" duration="00:00:00.0600955" startTime="2025-08-09T21:08:00.7739662+00:00" endTime="2025-08-09T21:08:00.8341417+00:00" testType="13cdc9d9-ddb5-4fa4-a97d-d965ccfc6d4b" outcome="Passed" testListId="8c84fa94-04c1-424b-9868-57a2d4851a1d" relativeResultsDirectory="0b9632f4-1ee1-4f4c-9657-08036f7be54f" />
    <UnitTestResult executionId="dd17a75b-fed2-4214-8a77-b67a7baa9872" testId="467824c7-6b3e-5e48-d0c9-29850f770254" testName="WhenDecimalAndIntUsed_ShouldHaveColumnOfThatType" computerName="pkrvmsl9tci6h6u" duration="00:00:00.0593184" startTime="2025-08-09T21:07:41.7666492+00:00" endTime="2025-08-09T21:07:41.8261042+00:00" testType="13cdc9d9-ddb5-4fa4-a97d-d965ccfc6d4b" outcome="Passed" testListId="8c84fa94-04c1-424b-9868-57a2d4851a1d" relativeResultsDirectory="dd17a75b-fed2-4214-8a77-b67a7baa9872" />
    <UnitTestResult executionId="fc83ca2c-6476-47a4-b764-c47fba351bcf" testId="57ceae09-df91-dde2-11aa-8f967e5c305c" testName="StringCharacterAccess_OutOfBounds_ShouldReturnDefaultChar" computerName="pkrvmsl9tci6h6u" duration="00:00:00.0433083" startTime="2025-08-09T21:07:46.6199769+00:00" endTime="2025-08-09T21:07:46.6633817+00:00" testType="13cdc9d9-ddb5-4fa4-a97d-d965ccfc6d4b" outcome="Passed" testListId="8c84fa94-04c1-424b-9868-57a2d4851a1d" relativeResultsDirectory="fc83ca2c-6476-47a4-b764-c47fba351bcf" />
    <UnitTestResult executionId="733ecff4-53d3-46dc-a139-8999cb0107e1" testId="d704d95b-e889-99fa-d00c-e4dface0cdbd" testName="WhenBitwiseOrBetweenLongAndSByte_ShouldBeEvaluated" computerName="pkrvmsl9tci6h6u" duration="00:00:00.0636444" startTime="2025-08-09T21:07:52.3521710+00:00" endTime="2025-08-09T21:07:52.4158938+00:00" testType="13cdc9d9-ddb5-4fa4-a97d-d965ccfc6d4b" outcome="Passed" testListId="8c84fa94-04c1-424b-9868-57a2d4851a1d" relativeResultsDirectory="733ecff4-53d3-46dc-a139-8999cb0107e1" />
    <UnitTestResult executionId="e7b937d5-5ea3-4e76-9478-aa72cd89d136" testId="65f420ff-2ba3-4775-c57c-5094e8ca4c16" testName="CrossApplyProperty_SplitWithMultipleProperties_ShouldPass2" computerName="pkrvmsl9tci6h6u" duration="00:00:00.0472080" startTime="2025-08-09T21:07:58.6894790+00:00" endTime="2025-08-09T21:07:58.7367587+00:00" testType="13cdc9d9-ddb5-4fa4-a97d-d965ccfc6d4b" outcome="Passed" testListId="8c84fa94-04c1-424b-9868-57a2d4851a1d" relativeResultsDirectory="e7b937d5-5ea3-4e76-9478-aa72cd89d136" />
    <UnitTestResult executionId="2c8fc706-c59b-4d77-a54c-794c5ad72a10" testId="08f82524-a5e0-819c-e55a-b37b26b85572" testName="SimpleCteWithMultipleOuterExpressionsTest" computerName="pkrvmsl9tci6h6u" duration="00:00:00.0647890" startTime="2025-08-09T21:08:00.9271924+00:00" endTime="2025-08-09T21:08:00.9920543+00:00" testType="13cdc9d9-ddb5-4fa4-a97d-d965ccfc6d4b" outcome="Passed" testListId="8c84fa94-04c1-424b-9868-57a2d4851a1d" relativeResultsDirectory="2c8fc706-c59b-4d77-a54c-794c5ad72a10" />
    <UnitTestResult executionId="5cf8c864-44e5-460a-9a4b-ed0f8de135ef" testId="4745606e-7b24-f27a-4708-bac768353bf2" testName="DivisionWithSubtraction2Test" computerName="pkrvmsl9tci6h6u" duration="00:00:00.0405066" startTime="2025-08-09T21:07:45.8926826+00:00" endTime="2025-08-09T21:07:45.9332823+00:00" testType="13cdc9d9-ddb5-4fa4-a97d-d965ccfc6d4b" outcome="Passed" testListId="8c84fa94-04c1-424b-9868-57a2d4851a1d" relativeResultsDirectory="5cf8c864-44e5-460a-9a4b-ed0f8de135ef" />
    <UnitTestResult executionId="916d214e-dda9-4a55-bf69-73e550abdc85" testId="1914f58d-992e-5afb-95de-6bc7d4e1d025" testName="SimpleAccessObjectIncrementTest" computerName="pkrvmsl9tci6h6u" duration="00:00:00.0271152" startTime="2025-08-09T21:08:19.2394942+00:00" endTime="2025-08-09T21:08:19.2666851+00:00" testType="13cdc9d9-ddb5-4fa4-a97d-d965ccfc6d4b" outcome="Passed" testListId="8c84fa94-04c1-424b-9868-57a2d4851a1d" relativeResultsDirectory="916d214e-dda9-4a55-bf69-73e550abdc85" />
    <UnitTestResult executionId="9df45841-4cb9-42fd-854d-87e22e492eb0" testId="f55056ec-3aa7-05a7-707c-3ad6efc505c4" testName="WhenBitwiseShiftLeft_uint_ShouldBeEvaluated" computerName="pkrvmsl9tci6h6u" duration="00:00:00.0423520" startTime="2025-08-09T21:07:55.8392947+00:00" endTime="2025-08-09T21:07:55.8817072+00:00" testType="13cdc9d9-ddb5-4fa4-a97d-d965ccfc6d4b" outcome="Passed" testListId="8c84fa94-04c1-424b-9868-57a2d4851a1d" relativeResultsDirectory="9df45841-4cb9-42fd-854d-87e22e492eb0" />
    <UnitTestResult executionId="d8cd72fa-4402-4147-afdc-1d88702fd5f3" testId="c295bb62-320f-ca9c-aa35-e4f390d0c57d" testName="WhenBitwiseOrBetweenLongAndLong_ShouldBeEvaluated" computerName="pkrvmsl9tci6h6u" duration="00:00:00.0508972" startTime="2025-08-09T21:07:52.6167719+00:00" endTime="2025-08-09T21:07:52.6677463+00:00" testType="13cdc9d9-ddb5-4fa4-a97d-d965ccfc6d4b" outcome="Passed" testListId="8c84fa94-04c1-424b-9868-57a2d4851a1d" relativeResultsDirectory="d8cd72fa-4402-4147-afdc-1d88702fd5f3" />
    <UnitTestResult executionId="e8baee49-8ca9-4869-8d09-d40b44b3b8fd" testId="829b863b-5ed2-c878-bc8c-167f0108efe0" testName="AliasedUnionWithDifferentColumnsAsAKeyTest" computerName="pkrvmsl9tci6h6u" duration="00:00:00.0531408" startTime="2025-08-09T21:08:16.1853420+00:00" endTime="2025-08-09T21:08:16.2385818+00:00" testType="13cdc9d9-ddb5-4fa4-a97d-d965ccfc6d4b" outcome="Passed" testListId="8c84fa94-04c1-424b-9868-57a2d4851a1d" relativeResultsDirectory="e8baee49-8ca9-4869-8d09-d40b44b3b8fd" />
    <UnitTestResult executionId="80ea90b8-3160-4abe-ae92-5208d9e00e7d" testId="27630e72-6b17-f6e0-77db-8beb30ed137f" testName="CTE_WithCrossApply_ShouldNotThrowKeyNotFoundException" computerName="pkrvmsl9tci6h6u" duration="00:00:00.0476702" startTime="2025-08-09T21:08:00.2963164+00:00" endTime="2025-08-09T21:08:00.3441532+00:00" testType="13cdc9d9-ddb5-4fa4-a97d-d965ccfc6d4b" outcome="Passed" testListId="8c84fa94-04c1-424b-9868-57a2d4851a1d" relativeResultsDirectory="80ea90b8-3160-4abe-ae92-5208d9e00e7d" />
    <UnitTestResult executionId="16004a15-ed24-416a-a537-ba62afef5cec" testId="0a457929-1e19-0ca2-b64d-db72e2663783" testName="WhenMissingSchema_ShouldFail" computerName="pkrvmsl9tci6h6u" duration="00:00:00.0009801" startTime="2025-08-09T21:08:18.4096719+00:00" endTime="2025-08-09T21:08:18.4108842+00:00" testType="13cdc9d9-ddb5-4fa4-a97d-d965ccfc6d4b" outcome="Passed" testListId="8c84fa94-04c1-424b-9868-57a2d4851a1d" relativeResultsDirectory="16004a15-ed24-416a-a537-ba62afef5cec" />
    <UnitTestResult executionId="280d7595-e1fa-485c-84b8-cfbae95c1a6c" testId="ea52362c-1f5c-ac32-e84c-080e3de1537d" testName="MultipleUnionAllTest" computerName="pkrvmsl9tci6h6u" duration="00:00:00.0538808" startTime="2025-08-09T21:08:16.3291899+00:00" endTime="2025-08-09T21:08:16.3928216+00:00" testType="13cdc9d9-ddb5-4fa4-a97d-d965ccfc6d4b" outcome="Passed" testListId="8c84fa94-04c1-424b-9868-57a2d4851a1d" relativeResultsDirectory="280d7595-e1fa-485c-84b8-cfbae95c1a6c" />
    <UnitTestResult executionId="a398a21e-fdda-46a0-9d9d-3769abba8ac7" testId="085b95f1-c0db-2f99-b20b-f59be0ae67b8" testName="WhenCarriageReturnEscaped_ShouldBePresent" computerName="pkrvmsl9tci6h6u" duration="00:00:00.0240556" startTime="2025-08-09T21:08:02.8047968+00:00" endTime="2025-08-09T21:08:02.8289238+00:00" testType="13cdc9d9-ddb5-4fa4-a97d-d965ccfc6d4b" outcome="Passed" testListId="8c84fa94-04c1-424b-9868-57a2d4851a1d" relativeResultsDirectory="a398a21e-fdda-46a0-9d9d-3769abba8ac7" />
    <UnitTestResult executionId="f0592f41-4daf-45b6-9090-54a5b3707243" testId="34d48701-e1ac-2e19-eb6f-0bd8a64dded2" testName="WhenWhenTrueOnEntityFieldWithOrCondition_ShouldNotThrowException" computerName="pkrvmsl9tci6h6u" duration="00:00:00.0565800" startTime="2025-08-09T21:07:56.9318178+00:00" endTime="2025-08-09T21:07:56.9884586+00:00" testType="13cdc9d9-ddb5-4fa4-a97d-d965ccfc6d4b" outcome="Passed" testListId="8c84fa94-04c1-424b-9868-57a2d4851a1d" relativeResultsDirectory="f0592f41-4daf-45b6-9090-54a5b3707243" />
    <UnitTestResult executionId="5e60b692-4183-4892-8bee-5c634368353c" testId="8ccd7567-eab2-e0e1-2afe-6afba541480f" testName="WhenSingleValueTableIsCoupledWithSchema_ShouldHaveAppropriateTypesTest" computerName="pkrvmsl9tci6h6u" duration="00:00:00.0644694" startTime="2025-08-09T21:07:57.4455279+00:00" endTime="2025-08-09T21:07:57.5101946+00:00" testType="13cdc9d9-ddb5-4fa4-a97d-d965ccfc6d4b" outcome="Passed" testListId="8c84fa94-04c1-424b-9868-57a2d4851a1d" relativeResultsDirectory="5e60b692-4183-4892-8bee-5c634368353c" />
    <UnitTestResult executionId="0b3b2a6d-b6c2-46dc-925a-d67d8eadebb3" testId="a94728de-4382-9cba-2e0e-3ec2e57998e5" testName="WhenShortAndFloatUsed_ShouldHaveColumnOfThatType" computerName="pkrvmsl9tci6h6u" duration="00:00:00.1440378" startTime="2025-08-09T21:07:32.9779103+00:00" endTime="2025-08-09T21:07:33.1221353+00:00" testType="13cdc9d9-ddb5-4fa4-a97d-d965ccfc6d4b" outcome="Passed" testListId="8c84fa94-04c1-424b-9868-57a2d4851a1d" relativeResultsDirectory="0b3b2a6d-b6c2-46dc-925a-d67d8eadebb3" />
    <UnitTestResult executionId="0a44754d-e9b7-4337-9123-2ca770205a58" testId="d73a99a7-a612-e83a-8109-c6103fc6ab54" testName="ExceptTripleSourcesTest" computerName="pkrvmsl9tci6h6u" duration="00:00:00.0402205" startTime="2025-08-09T21:08:17.1729060+00:00" endTime="2025-08-09T21:08:17.2132017+00:00" testType="13cdc9d9-ddb5-4fa4-a97d-d965ccfc6d4b" outcome="Passed" testListId="8c84fa94-04c1-424b-9868-57a2d4851a1d" relativeResultsDirectory="0a44754d-e9b7-4337-9123-2ca770205a58" />
    <UnitTestResult executionId="8bd122aa-50da-439f-afc1-fb72e2b84f08" testId="f7f0c4a9-bdbe-0e0a-884c-2dc4fa6ff524" testName="WhenBitwiseOrBetweenShortAndSByte_ShouldBeEvaluated" computerName="pkrvmsl9tci6h6u" duration="00:00:00.0526991" startTime="2025-08-09T21:07:51.2402540+00:00" endTime="2025-08-09T21:07:51.2930329+00:00" testType="13cdc9d9-ddb5-4fa4-a97d-d965ccfc6d4b" outcome="Passed" testListId="8c84fa94-04c1-424b-9868-57a2d4851a1d" relativeResultsDirectory="8bd122aa-50da-439f-afc1-fb72e2b84f08" />
    <UnitTestResult executionId="3a863005-9afe-4f5c-b013-f2daa19fe7c4" testId="4270268e-8cfd-56c9-86b9-11acde4f6e5e" testName="WhenUShortAndShortUsed_ShouldHaveColumnOfThatType" computerName="pkrvmsl9tci6h6u" duration="00:00:00.1535712" startTime="2025-08-09T21:07:33.7679706+00:00" endTime="2025-08-09T21:07:33.9216981+00:00" testType="13cdc9d9-ddb5-4fa4-a97d-d965ccfc6d4b" outcome="Passed" testListId="8c84fa94-04c1-424b-9868-57a2d4851a1d" relativeResultsDirectory="3a863005-9afe-4f5c-b013-f2daa19fe7c4" />
    <UnitTestResult executionId="4652212e-3702-4906-ad4c-da7c4f8d7745" testId="1a07ec96-41c6-ed47-c30b-bf8706c8f724" testName="WhenValueOfLongTypeOccured_ShouldHaveColumnOfThatType" computerName="pkrvmsl9tci6h6u" duration="00:00:00.0372366" startTime="2025-08-09T21:08:15.2532310+00:00" endTime="2025-08-09T21:08:15.2905318+00:00" testType="13cdc9d9-ddb5-4fa4-a97d-d965ccfc6d4b" outcome="Passed" testListId="8c84fa94-04c1-424b-9868-57a2d4851a1d" relativeResultsDirectory="4652212e-3702-4906-ad4c-da7c4f8d7745" />
    <UnitTestResult executionId="02ed77cd-a3ef-4cb8-a3f4-609c1320ba95" testId="5151a704-3206-3741-bbc1-8ef133b976d7" testName="WhenConcatenationOfSingleValue_AndStringJoinsEnumerable_ShouldPass" computerName="pkrvmsl9tci6h6u" duration="00:00:00.0396400" startTime="2025-08-09T21:08:03.9237813+00:00" endTime="2025-08-09T21:08:03.9635180+00:00" testType="13cdc9d9-ddb5-4fa4-a97d-d965ccfc6d4b" outcome="Passed" testListId="8c84fa94-04c1-424b-9868-57a2d4851a1d" relativeResultsDirectory="02ed77cd-a3ef-4cb8-a3f4-609c1320ba95" />
    <UnitTestResult executionId="04892cec-2eed-454f-83b8-d2d5fb2e9e48" testId="b7c8bfc9-c138-c1ce-c6aa-57f3b4e1ab8c" testName="WhenSelfJoined_WithMethodUsedModifyJoinedValues_ShouldPass" computerName="pkrvmsl9tci6h6u" duration="00:00:00.0354606" startTime="2025-08-09T21:08:08.4432554+00:00" endTime="2025-08-09T21:08:08.4787910+00:00" testType="13cdc9d9-ddb5-4fa4-a97d-d965ccfc6d4b" outcome="Passed" testListId="8c84fa94-04c1-424b-9868-57a2d4851a1d" relativeResultsDirectory="04892cec-2eed-454f-83b8-d2d5fb2e9e48" />
    <UnitTestResult executionId="349c7158-fe7d-4fe5-bd3d-3a9414adfd5e" testId="807585e9-378a-1c37-2312-0a6d01d50430" testName="IfFunctionEqualityTrueTest" computerName="pkrvmsl9tci6h6u" duration="00:00:00.0391415" startTime="2025-08-09T21:08:08.7039303+00:00" endTime="2025-08-09T21:08:08.7431305+00:00" testType="13cdc9d9-ddb5-4fa4-a97d-d965ccfc6d4b" outcome="Passed" testListId="8c84fa94-04c1-424b-9868-57a2d4851a1d" relativeResultsDirectory="349c7158-fe7d-4fe5-bd3d-3a9414adfd5e" />
    <UnitTestResult executionId="2e00900b-7a83-41ea-8b99-2248b9104c32" testId="277914ec-01e4-1fbe-0c9e-4aa2691a5f61" testName="UnionWithoutDuplicatedKeysTest" computerName="pkrvmsl9tci6h6u" duration="00:00:00.0368110" startTime="2025-08-09T21:08:16.5688266+00:00" endTime="2025-08-09T21:08:16.6057155+00:00" testType="13cdc9d9-ddb5-4fa4-a97d-d965ccfc6d4b" outcome="Passed" testListId="8c84fa94-04c1-424b-9868-57a2d4851a1d" relativeResultsDirectory="2e00900b-7a83-41ea-8b99-2248b9104c32" />
    <UnitTestResult executionId="f32e7aad-5f7e-4ad6-928e-1004bea73230" testId="35bcba84-9b5a-7576-f971-674ad95571fc" testName="WhenComplexObjectAccessOnProperty_ShouldPass" computerName="pkrvmsl9tci6h6u" duration="00:00:00.0265171" startTime="2025-08-09T21:07:57.0320131+00:00" endTime="2025-08-09T21:07:57.0586066+00:00" testType="13cdc9d9-ddb5-4fa4-a97d-d965ccfc6d4b" outcome="Passed" testListId="8c84fa94-04c1-424b-9868-57a2d4851a1d" relativeResultsDirectory="f32e7aad-5f7e-4ad6-928e-1004bea73230" />
    <UnitTestResult executionId="5d9a301e-6cde-4b13-8260-5fafed794ea7" testId="4cb3608e-5a19-a04d-df34-b44f0a5bfc53" testName="WhenLongAndUIntUsed_ShouldHaveColumnOfThatType" computerName="pkrvmsl9tci6h6u" duration="00:00:00.0797244" startTime="2025-08-09T21:07:38.8156834+00:00" endTime="2025-08-09T21:07:38.8955293+00:00" testType="13cdc9d9-ddb5-4fa4-a97d-d965ccfc6d4b" outcome="Passed" testListId="8c84fa94-04c1-424b-9868-57a2d4851a1d" relativeResultsDirectory="5d9a301e-6cde-4b13-8260-5fafed794ea7" />
    <UnitTestResult executionId="9305003c-3283-4fa1-8d09-f1f742bc5209" testId="dd65dcfb-3041-684d-5ddb-aa17953f2bd5" testName="OuterApplyProperty_MultiplePrimitiveArrays_ShouldPass" computerName="pkrvmsl9tci6h6u" duration="00:00:00.0467739" startTime="2025-08-09T21:08:14.3073349+00:00" endTime="2025-08-09T21:08:14.3562826+00:00" testType="13cdc9d9-ddb5-4fa4-a97d-d965ccfc6d4b" outcome="Passed" testListId="8c84fa94-04c1-424b-9868-57a2d4851a1d" relativeResultsDirectory="9305003c-3283-4fa1-8d09-f1f742bc5209" />
    <UnitTestResult executionId="fef73b6b-4a27-4260-aabb-34830c6bab05" testId="cbc6ea9b-314f-4740-28cf-f4c429edc6aa" testName="InnerJoinCteSelfJoinTest" computerName="pkrvmsl9tci6h6u" duration="00:00:00.0424581" startTime="2025-08-09T21:08:07.4103347+00:00" endTime="2025-08-09T21:08:07.4528680+00:00" testType="13cdc9d9-ddb5-4fa4-a97d-d965ccfc6d4b" outcome="Passed" testListId="8c84fa94-04c1-424b-9868-57a2d4851a1d" relativeResultsDirectory="fef73b6b-4a27-4260-aabb-34830c6bab05" />
    <UnitTestResult executionId="260fcaa0-5bb6-4960-9656-8da1b18db7ce" testId="8272b784-fc05-128a-06a7-388a6f80babf" testName="WhenBitwiseShiftRightUInt_ShouldBeEvaluated" computerName="pkrvmsl9tci6h6u" duration="00:00:00.0484087" startTime="2025-08-09T21:07:56.1675810+00:00" endTime="2025-08-09T21:07:56.2160533+00:00" testType="13cdc9d9-ddb5-4fa4-a97d-d965ccfc6d4b" outcome="Passed" testListId="8c84fa94-04c1-424b-9868-57a2d4851a1d" relativeResultsDirectory="260fcaa0-5bb6-4960-9656-8da1b18db7ce" />
    <UnitTestResult executionId="995f352a-35ea-4b6c-b731-a12131c448cc" testId="08119cc9-3b63-481e-3f94-49d9a431dbe1" testName="WhenBitwiseXorBetweenShortAndShort_ShouldBeEvaluated" computerName="pkrvmsl9tci6h6u" duration="00:00:00.0451521" startTime="2025-08-09T21:07:54.1354636+00:00" endTime="2025-08-09T21:07:54.1806921+00:00" testType="13cdc9d9-ddb5-4fa4-a97d-d965ccfc6d4b" outcome="Passed" testListId="8c84fa94-04c1-424b-9868-57a2d4851a1d" relativeResultsDirectory="995f352a-35ea-4b6c-b731-a12131c448cc" />
    <UnitTestResult executionId="1781455d-c5e0-4911-9a95-30a5b8834d63" testId="762f95ac-e820-e8c6-0157-d9d69ed395c0" testName="WhenSByteMethodCallAndIntUsed_ShouldHaveColumnOfThatType" computerName="pkrvmsl9tci6h6u" duration="00:00:00.0456175" startTime="2025-08-09T21:07:42.6864281+00:00" endTime="2025-08-09T21:07:42.7321569+00:00" testType="13cdc9d9-ddb5-4fa4-a97d-d965ccfc6d4b" outcome="Passed" testListId="8c84fa94-04c1-424b-9868-57a2d4851a1d" relativeResultsDirectory="1781455d-c5e0-4911-9a95-30a5b8834d63" />
    <UnitTestResult executionId="80c1f690-62a9-45aa-ab48-bc2e72a2d790" testId="60f544d5-4d74-1404-e807-531105b83598" testName="WhenUShortMethodCallAndLongUsed_ShouldHaveColumnOfThatType" computerName="pkrvmsl9tci6h6u" duration="00:00:00.0331465" startTime="2025-08-09T21:07:43.5952085+00:00" endTime="2025-08-09T21:07:43.6284653+00:00" testType="13cdc9d9-ddb5-4fa4-a97d-d965ccfc6d4b" outcome="Passed" testListId="8c84fa94-04c1-424b-9868-57a2d4851a1d" relativeResultsDirectory="80c1f690-62a9-45aa-ab48-bc2e72a2d790" />
    <UnitTestResult executionId="aa7b26e7-7ba1-462d-a0e6-471e2f302507" testId="21afc20a-e63b-a258-2537-63e9e55913f0" testName="WhenBitwiseXorBetweenIntAndUShort_ShouldBeEvaluated" computerName="pkrvmsl9tci6h6u" duration="00:00:00.0380594" startTime="2025-08-09T21:07:54.5355779+00:00" endTime="2025-08-09T21:07:54.5737161+00:00" testType="13cdc9d9-ddb5-4fa4-a97d-d965ccfc6d4b" outcome="Passed" testListId="8c84fa94-04c1-424b-9868-57a2d4851a1d" relativeResultsDirectory="aa7b26e7-7ba1-462d-a0e6-471e2f302507" />
    <UnitTestResult executionId="32ca0539-e843-4411-8f1d-9ac5664e1b3f" testId="4a6e5154-da41-ce89-bad5-156106b9f7eb" testName="WhenAccessingTheFirstLetterWithIndexerInsideAggregation_ShouldSucceed" computerName="pkrvmsl9tci6h6u" startTime="2025-08-09T21:08:06.4604515+00:00" endTime="2025-08-09T21:08:06.4605009+00:00" testType="13cdc9d9-ddb5-4fa4-a97d-d965ccfc6d4b" outcome="NotExecuted" testListId="8c84fa94-04c1-424b-9868-57a2d4851a1d" relativeResultsDirectory="32ca0539-e843-4411-8f1d-9ac5664e1b3f">
      <Output>
        <ErrorInfo>
          <Message>WORK IN PROGRESS</Message>
        </ErrorInfo>
      </Output>
    </UnitTestResult>
    <UnitTestResult executionId="4962e692-7bdb-4fd4-a53c-c5d0a4d3ca96" testId="c2e09a2b-4124-499a-cf2b-84ae6e80bb00" testName="WhenObjectIsNotArrayAndIndexIsNotNumber_ShouldPass" computerName="pkrvmsl9tci6h6u" duration="00:00:00.0264150" startTime="2025-08-09T21:07:57.1779104+00:00" endTime="2025-08-09T21:07:57.2044010+00:00" testType="13cdc9d9-ddb5-4fa4-a97d-d965ccfc6d4b" outcome="Passed" testListId="8c84fa94-04c1-424b-9868-57a2d4851a1d" relativeResultsDirectory="4962e692-7bdb-4fd4-a53c-c5d0a4d3ca96" />
    <UnitTestResult executionId="843c2a78-4cf2-4d44-a292-c034bfce0f4c" testId="c163543e-4883-6918-df44-1a20a70f1c4f" testName="WhenBitwiseXorBetweenUlongAndUshort_ShouldBeEvaluated" computerName="pkrvmsl9tci6h6u" duration="00:00:00.0630197" startTime="2025-08-09T21:07:55.4915507+00:00" endTime="2025-08-09T21:07:55.5546716+00:00" testType="13cdc9d9-ddb5-4fa4-a97d-d965ccfc6d4b" outcome="Passed" testListId="8c84fa94-04c1-424b-9868-57a2d4851a1d" relativeResultsDirectory="843c2a78-4cf2-4d44-a292-c034bfce0f4c" />
    <UnitTestResult executionId="e59c2fce-254d-4cb2-9af9-93826b703d34" testId="7ab49b70-bfef-6e42-49f6-0697346c96ed" testName="WhenUsingLongStringWithEscapes_ShouldBeHandledCorrectly" computerName="pkrvmsl9tci6h6u" duration="00:00:00.0268511" startTime="2025-08-09T21:08:03.2251424+00:00" endTime="2025-08-09T21:08:03.2520897+00:00" testType="13cdc9d9-ddb5-4fa4-a97d-d965ccfc6d4b" outcome="Passed" testListId="8c84fa94-04c1-424b-9868-57a2d4851a1d" relativeResultsDirectory="e59c2fce-254d-4cb2-9af9-93826b703d34" />
    <UnitTestResult executionId="09364a22-42e4-4e96-ad58-857327da70c4" testId="105c2813-7150-3b90-843a-32afc4eeba90" testName="WhenToStringCalled_ShouldReturnSameQuery (select s.Column1, s.Column2 from #some.thing() s skip 20 take 10)" computerName="pkrvmsl9tci6h6u" duration="00:00:00.0007104" startTime="2025-08-09T21:08:21.4970197+00:00" endTime="2025-08-09T21:08:21.4978081+00:00" testType="13cdc9d9-ddb5-4fa4-a97d-d965ccfc6d4b" outcome="Passed" testListId="8c84fa94-04c1-424b-9868-57a2d4851a1d" relativeResultsDirectory="09364a22-42e4-4e96-ad58-857327da70c4" />
    <UnitTestResult executionId="89e6fa5f-2f4b-4d98-91af-282cbe6b581a" testId="546be6e4-c24b-e270-fcab-871d7acf82f1" testName="WithDynamicSource_AccessComplexObjectProperties_ShouldPass" computerName="pkrvmsl9tci6h6u" duration="00:00:00.0611176" startTime="2025-08-09T21:08:01.7659558+00:00" endTime="2025-08-09T21:08:01.8271317+00:00" testType="13cdc9d9-ddb5-4fa4-a97d-d965ccfc6d4b" outcome="Passed" testListId="8c84fa94-04c1-424b-9868-57a2d4851a1d" relativeResultsDirectory="89e6fa5f-2f4b-4d98-91af-282cbe6b581a" />
    <UnitTestResult executionId="27782fa9-d3f7-481d-85c3-4a45b8c27b44" testId="192c21d4-4777-6217-ad08-5904b2b95d2c" testName="WhenUIntAndUIntUsed_ShouldHaveColumnOfThatType" computerName="pkrvmsl9tci6h6u" duration="00:00:00.1347194" startTime="2025-08-09T21:07:37.3813167+00:00" endTime="2025-08-09T21:07:37.5161926+00:00" testType="13cdc9d9-ddb5-4fa4-a97d-d965ccfc6d4b" outcome="Passed" testListId="8c84fa94-04c1-424b-9868-57a2d4851a1d" relativeResultsDirectory="27782fa9-d3f7-481d-85c3-4a45b8c27b44" />
    <UnitTestResult executionId="cfa2fabe-4f10-4fcc-a231-9324f9b71072" testId="225b9493-97e3-e667-0072-6a74b2c74310" testName="WhenShortAndUIntUsed_ShouldHaveColumnOfThatType" computerName="pkrvmsl9tci6h6u" duration="00:00:00.1286010" startTime="2025-08-09T21:07:32.7024591+00:00" endTime="2025-08-09T21:07:32.8312374+00:00" testType="13cdc9d9-ddb5-4fa4-a97d-d965ccfc6d4b" outcome="Passed" testListId="8c84fa94-04c1-424b-9868-57a2d4851a1d" relativeResultsDirectory="cfa2fabe-4f10-4fcc-a231-9324f9b71072" />
    <UnitTestResult executionId="18d8e034-7ea0-44b2-8070-34f06cc15b96" testId="f9d61a4c-edfa-6997-18ad-0a9cc64dfe46" testName="IntersectSourceGroupByTest" computerName="pkrvmsl9tci6h6u" duration="00:00:00.0981390" startTime="2025-08-09T21:08:18.1732869+00:00" endTime="2025-08-09T21:08:18.2715032+00:00" testType="13cdc9d9-ddb5-4fa4-a97d-d965ccfc6d4b" outcome="Passed" testListId="8c84fa94-04c1-424b-9868-57a2d4851a1d" relativeResultsDirectory="18d8e034-7ea0-44b2-8070-34f06cc15b96" />
    <UnitTestResult executionId="a00f8c53-abcc-4326-b2d4-e94c091a77fb" testId="30cbeda6-4a4d-49cd-6f07-7be2c53fef59" testName="WhenBitwiseXorBetweenShortAndSByte_ShouldBeEvaluated" computerName="pkrvmsl9tci6h6u" duration="00:00:00.0483649" startTime="2025-08-09T21:07:54.0869902+00:00" endTime="2025-08-09T21:07:54.1354237+00:00" testType="13cdc9d9-ddb5-4fa4-a97d-d965ccfc6d4b" outcome="Passed" testListId="8c84fa94-04c1-424b-9868-57a2d4851a1d" relativeResultsDirectory="a00f8c53-abcc-4326-b2d4-e94c091a77fb" />
    <UnitTestResult executionId="0dffda84-351f-4743-a97f-9c4dfdba0216" testId="7dc3c187-6a7d-ad06-5406-bdee81296bd5" testName="WhenBitwiseOrBetweenUIntAndULong_ShouldBeEvaluated" computerName="pkrvmsl9tci6h6u" duration="00:00:00.0429669" startTime="2025-08-09T21:07:52.2649804+00:00" endTime="2025-08-09T21:07:52.3080462+00:00" testType="13cdc9d9-ddb5-4fa4-a97d-d965ccfc6d4b" outcome="Passed" testListId="8c84fa94-04c1-424b-9868-57a2d4851a1d" relativeResultsDirectory="0dffda84-351f-4743-a97f-9c4dfdba0216" />
    <UnitTestResult executionId="61ddadfa-c575-4c5e-bddf-28a83b380023" testId="ea81a3f2-6391-e50e-33e8-0d02d3032928" testName="WhenValueOfUlongTypeOccured_ShouldHaveColumnOfThatType" computerName="pkrvmsl9tci6h6u" duration="00:00:00.0246341" startTime="2025-08-09T21:08:15.2905959+00:00" endTime="2025-08-09T21:08:15.3153036+00:00" testType="13cdc9d9-ddb5-4fa4-a97d-d965ccfc6d4b" outcome="Passed" testListId="8c84fa94-04c1-424b-9868-57a2d4851a1d" relativeResultsDirectory="61ddadfa-c575-4c5e-bddf-28a83b380023" />
    <UnitTestResult executionId="5fd0dcd1-13ce-426d-aafc-b07a919dc908" testId="7f14b729-0899-0031-9a63-6fd2c37db967" testName="WhenUShortMethodCallAndDecimalUsed_ShouldHaveColumnOfThatType" computerName="pkrvmsl9tci6h6u" duration="00:00:00.0600941" startTime="2025-08-09T21:07:43.6909016+00:00" endTime="2025-08-09T21:07:43.7511465+00:00" testType="13cdc9d9-ddb5-4fa4-a97d-d965ccfc6d4b" outcome="Passed" testListId="8c84fa94-04c1-424b-9868-57a2d4851a1d" relativeResultsDirectory="5fd0dcd1-13ce-426d-aafc-b07a919dc908" />
    <UnitTestResult executionId="720424e3-1739-4e1f-ac5e-3ed4c30b5231" testId="18d48675-6509-bb11-3fee-5d716dee4f28" testName="WhenBitwiseOrBetweenShortAndShort_ShouldBeEvaluated" computerName="pkrvmsl9tci6h6u" duration="00:00:00.0405165" startTime="2025-08-09T21:07:51.2930813+00:00" endTime="2025-08-09T21:07:51.3336780+00:00" testType="13cdc9d9-ddb5-4fa4-a97d-d965ccfc6d4b" outcome="Passed" testListId="8c84fa94-04c1-424b-9868-57a2d4851a1d" relativeResultsDirectory="720424e3-1739-4e1f-ac5e-3ed4c30b5231" />
    <UnitTestResult executionId="b53e843f-702e-494c-9b01-29b8a26342e8" testId="c0975960-38dc-8069-2db8-13c12a6f1523" testName="QueryWithWhereWithNullableValueResultTest" computerName="pkrvmsl9tci6h6u" duration="00:00:00.0480543" startTime="2025-08-09T21:08:09.7622685+00:00" endTime="2025-08-09T21:08:09.8104797+00:00" testType="13cdc9d9-ddb5-4fa4-a97d-d965ccfc6d4b" outcome="Passed" testListId="8c84fa94-04c1-424b-9868-57a2d4851a1d" relativeResultsDirectory="b53e843f-702e-494c-9b01-29b8a26342e8" />
    <UnitTestResult executionId="5d27f164-b0fa-49b0-9be6-c398f36d360a" testId="cfdadbb6-4369-6596-8f5b-96769dcbfed0" testName="WhenToStringCalled_ShouldReturnSameQuery (select somethingVeryLong2.* from #some.thing(true) somethingVeryLong2)" computerName="pkrvmsl9tci6h6u" duration="00:00:00.0005328" startTime="2025-08-09T21:08:21.5243066+00:00" endTime="2025-08-09T21:08:21.5249024+00:00" testType="13cdc9d9-ddb5-4fa4-a97d-d965ccfc6d4b" outcome="Passed" testListId="8c84fa94-04c1-424b-9868-57a2d4851a1d" relativeResultsDirectory="5d27f164-b0fa-49b0-9be6-c398f36d360a" />
    <UnitTestResult executionId="709999d0-f025-4c5e-a614-baa75a82663c" testId="d8ac30f6-c2fe-89e6-60ae-2d246396d3b1" testName="WhenOrderByDescendingWithInnerJoinAndGroupBy_ShouldSucceed" computerName="pkrvmsl9tci6h6u" duration="00:00:00.0512336" startTime="2025-08-09T21:08:12.9234677+00:00" endTime="2025-08-09T21:08:12.9747902+00:00" testType="13cdc9d9-ddb5-4fa4-a97d-d965ccfc6d4b" outcome="Passed" testListId="8c84fa94-04c1-424b-9868-57a2d4851a1d" relativeResultsDirectory="709999d0-f025-4c5e-a614-baa75a82663c" />
    <UnitTestResult executionId="636afab3-fe6a-4eac-b40d-abca0dfd6f62" testId="6da0f052-dcd7-6406-e5ad-d060dc1b2e79" testName="SimpleInOperator" computerName="pkrvmsl9tci6h6u" duration="00:00:00.0547452" startTime="2025-08-09T21:08:06.4605183+00:00" endTime="2025-08-09T21:08:06.5154915+00:00" testType="13cdc9d9-ddb5-4fa4-a97d-d965ccfc6d4b" outcome="Passed" testListId="8c84fa94-04c1-424b-9868-57a2d4851a1d" relativeResultsDirectory="636afab3-fe6a-4eac-b40d-abca0dfd6f62" />
    <UnitTestResult executionId="c3bd07b4-3295-41e1-b585-df7451852fe9" testId="45040f79-b80a-cd6c-e3c7-bb1df9465111" testName="WhenIntAndDoubleUsed_ShouldHaveColumnOfThatType" computerName="pkrvmsl9tci6h6u" duration="00:00:00.1676010" startTime="2025-08-09T21:07:36.3506461+00:00" endTime="2025-08-09T21:07:36.5183809+00:00" testType="13cdc9d9-ddb5-4fa4-a97d-d965ccfc6d4b" outcome="Passed" testListId="8c84fa94-04c1-424b-9868-57a2d4851a1d" relativeResultsDirectory="c3bd07b4-3295-41e1-b585-df7451852fe9" />
    <UnitTestResult executionId="eaf64251-ec93-4399-a1f0-0b93eacb4d35" testId="d257a177-3323-3d4a-0757-1324812de09f" testName="WhenRetrieveLengthFromSupportedType_ShouldPass" computerName="pkrvmsl9tci6h6u" duration="00:00:00.0407084" startTime="2025-08-09T21:08:03.7257518+00:00" endTime="2025-08-09T21:08:03.7665233+00:00" testType="13cdc9d9-ddb5-4fa4-a97d-d965ccfc6d4b" outcome="Passed" testListId="8c84fa94-04c1-424b-9868-57a2d4851a1d" relativeResultsDirectory="eaf64251-ec93-4399-a1f0-0b93eacb4d35" />
    <UnitTestResult executionId="058be03f-ed18-4e32-a5c7-54fb3875a213" testId="d237f851-d15d-9ea1-e50c-0f7b70ca90d4" testName="WhenShortMethodCallAndDecimalUsed_ShouldHaveColumnOfThatType" computerName="pkrvmsl9tci6h6u" duration="00:00:00.0555412" startTime="2025-08-09T21:07:43.2586493+00:00" endTime="2025-08-09T21:07:43.3143177+00:00" testType="13cdc9d9-ddb5-4fa4-a97d-d965ccfc6d4b" outcome="Passed" testListId="8c84fa94-04c1-424b-9868-57a2d4851a1d" relativeResultsDirectory="058be03f-ed18-4e32-a5c7-54fb3875a213" />
    <UnitTestResult executionId="524bb41d-d95c-4fbb-81ba-3302e2a6c66c" testId="77edeaf5-87b9-1960-fa7b-de88f9c43d95" testName="DivisionWithAdditionHigherPriorityTest" computerName="pkrvmsl9tci6h6u" duration="00:00:00.0269652" startTime="2025-08-09T21:07:45.8010111+00:00" endTime="2025-08-09T21:07:45.8280930+00:00" testType="13cdc9d9-ddb5-4fa4-a97d-d965ccfc6d4b" outcome="Passed" testListId="8c84fa94-04c1-424b-9868-57a2d4851a1d" relativeResultsDirectory="524bb41d-d95c-4fbb-81ba-3302e2a6c66c" />
    <UnitTestResult executionId="4211e211-3784-45fa-910e-c4131b00106e" testId="8d322d69-ee52-25c1-6196-70ee8fd857cd" testName="WhenSByteMethodCallAndUShortUsed_ShouldHaveColumnOfThatType" computerName="pkrvmsl9tci6h6u" duration="00:00:00.0546980" startTime="2025-08-09T21:07:42.6315442+00:00" endTime="2025-08-09T21:07:42.6863686+00:00" testType="13cdc9d9-ddb5-4fa4-a97d-d965ccfc6d4b" outcome="Passed" testListId="8c84fa94-04c1-424b-9868-57a2d4851a1d" relativeResultsDirectory="4211e211-3784-45fa-910e-c4131b00106e" />
    <UnitTestResult executionId="216ae1c7-e379-41a8-8183-cdb0fa2df7db" testId="cb3fe021-68f1-4ecc-7115-019113d037af" testName="WhenToStringCalled_ShouldReturnSameQuery (select s.Column1, s.Column2 from #some.thing() s where s.Column1 &gt;= 5 group by s.Column2 order by s.Column1)" computerName="pkrvmsl9tci6h6u" duration="00:00:00.0012005" startTime="2025-08-09T21:08:21.4978221+00:00" endTime="2025-08-09T21:08:21.4990881+00:00" testType="13cdc9d9-ddb5-4fa4-a97d-d965ccfc6d4b" outcome="Passed" testListId="8c84fa94-04c1-424b-9868-57a2d4851a1d" relativeResultsDirectory="216ae1c7-e379-41a8-8183-cdb0fa2df7db" />
    <UnitTestResult executionId="729f2b98-52da-4ea5-b91e-8e40cb021d39" testId="4387e94e-dce1-65b3-024a-93c5ce09ca12" testName="WhenShortAndShortUsed_ShouldHaveColumnOfThatType" computerName="pkrvmsl9tci6h6u" duration="00:00:00.1421323" startTime="2025-08-09T21:07:32.2909102+00:00" endTime="2025-08-09T21:07:32.4332131+00:00" testType="13cdc9d9-ddb5-4fa4-a97d-d965ccfc6d4b" outcome="Passed" testListId="8c84fa94-04c1-424b-9868-57a2d4851a1d" relativeResultsDirectory="729f2b98-52da-4ea5-b91e-8e40cb021d39" />
    <UnitTestResult executionId="88873a54-245d-44db-a7ed-11703f179321" testId="64a135fc-ed9b-761b-bf25-f0bbfcbbfc20" testName="SimpleCteTest" computerName="pkrvmsl9tci6h6u" duration="00:00:00.0325650" startTime="2025-08-09T21:08:00.4004028+00:00" endTime="2025-08-09T21:08:00.4332001+00:00" testType="13cdc9d9-ddb5-4fa4-a97d-d965ccfc6d4b" outcome="Passed" testListId="8c84fa94-04c1-424b-9868-57a2d4851a1d" relativeResultsDirectory="88873a54-245d-44db-a7ed-11703f179321" />
    <UnitTestResult executionId="0cdae6c3-7d1d-49b4-8305-3283183c5d34" testId="7aa30c8f-3784-1048-1459-96e420b96322" testName="GroupByWithFieldLinkSyntaxTest" computerName="pkrvmsl9tci6h6u" duration="00:00:00.0610252" startTime="2025-08-09T21:08:06.0851141+00:00" endTime="2025-08-09T21:08:06.1462360+00:00" testType="13cdc9d9-ddb5-4fa4-a97d-d965ccfc6d4b" outcome="Passed" testListId="8c84fa94-04c1-424b-9868-57a2d4851a1d" relativeResultsDirectory="0cdae6c3-7d1d-49b4-8305-3283183c5d34" />
    <UnitTestResult executionId="40c2c0b9-4425-45b4-b61e-c0d3a89b25e7" testId="cacaf148-a78e-51bf-74da-84c0ce9037a3" testName="CountWithoutGroupByTest" computerName="pkrvmsl9tci6h6u" duration="00:00:00.0640852" startTime="2025-08-09T21:08:05.6104610+00:00" endTime="2025-08-09T21:08:05.6746212+00:00" testType="13cdc9d9-ddb5-4fa4-a97d-d965ccfc6d4b" outcome="Passed" testListId="8c84fa94-04c1-424b-9868-57a2d4851a1d" relativeResultsDirectory="40c2c0b9-4425-45b4-b61e-c0d3a89b25e7" />
    <UnitTestResult executionId="da37922d-ef03-4496-a4ca-fc839ab1c7b1" testId="8110e667-5507-3a01-0b3e-1d609a00a2b6" testName="CrossApply_LeftJoinAndUseProperty_ShouldPass" computerName="pkrvmsl9tci6h6u" duration="00:00:00.0416843" startTime="2025-08-09T21:07:59.2621251+00:00" endTime="2025-08-09T21:07:59.3038898+00:00" testType="13cdc9d9-ddb5-4fa4-a97d-d965ccfc6d4b" outcome="Passed" testListId="8c84fa94-04c1-424b-9868-57a2d4851a1d" relativeResultsDirectory="da37922d-ef03-4496-a4ca-fc839ab1c7b1" />
    <UnitTestResult executionId="e7dc15d8-b60d-4d03-8490-85c8f51fcb79" testId="422a1fea-8511-ab9e-db8c-582cfc16af08" testName="WhenUIntAndShortUsed_ShouldHaveColumnOfThatType" computerName="pkrvmsl9tci6h6u" duration="00:00:00.1353958" startTime="2025-08-09T21:07:36.9590276+00:00" endTime="2025-08-09T21:07:37.0945888+00:00" testType="13cdc9d9-ddb5-4fa4-a97d-d965ccfc6d4b" outcome="Passed" testListId="8c84fa94-04c1-424b-9868-57a2d4851a1d" relativeResultsDirectory="e7dc15d8-b60d-4d03-8490-85c8f51fcb79" />
    <UnitTestResult executionId="f46b332c-268c-447f-b480-5d53507f9b3c" testId="36167cde-c553-68b4-d36d-934a219e93a5" testName="OuterApply_WithAggregation_ShouldPass" computerName="pkrvmsl9tci6h6u" duration="00:00:00.0634476" startTime="2025-08-09T21:08:14.6421961+00:00" endTime="2025-08-09T21:08:14.7057192+00:00" testType="13cdc9d9-ddb5-4fa4-a97d-d965ccfc6d4b" outcome="Passed" testListId="8c84fa94-04c1-424b-9868-57a2d4851a1d" relativeResultsDirectory="f46b332c-268c-447f-b480-5d53507f9b3c" />
    <UnitTestResult executionId="4360c264-b0cf-4c6e-a796-560286644921" testId="2344281c-d082-6de8-1037-b30b55f816d7" testName="OuterApplyProperty_WithPrimitiveArray_ShouldPass" computerName="pkrvmsl9tci6h6u" duration="00:00:00.0741087" startTime="2025-08-09T21:08:13.9677678+00:00" endTime="2025-08-09T21:08:14.0419408+00:00" testType="13cdc9d9-ddb5-4fa4-a97d-d965ccfc6d4b" outcome="Passed" testListId="8c84fa94-04c1-424b-9868-57a2d4851a1d" relativeResultsDirectory="4360c264-b0cf-4c6e-a796-560286644921" />
    <UnitTestResult executionId="6d7d2524-9890-441b-853b-83d96f094213" testId="5bdc3cfa-82c0-ec82-150a-04b45b919e0e" testName="MinTimeSpanTest" computerName="pkrvmsl9tci6h6u" duration="00:00:00.0340908" startTime="2025-08-09T21:08:22.9633299+00:00" endTime="2025-08-09T21:08:22.9975031+00:00" testType="13cdc9d9-ddb5-4fa4-a97d-d965ccfc6d4b" outcome="Passed" testListId="8c84fa94-04c1-424b-9868-57a2d4851a1d" relativeResultsDirectory="6d7d2524-9890-441b-853b-83d96f094213" />
    <UnitTestResult executionId="4c364551-cdca-43ba-a1f2-e0499c5a6109" testId="0f77928f-71b3-4b4b-ddff-a7fe5a15a3d3" testName="MultipleLeftJoinWithCTriesMatchBButFailTest" computerName="pkrvmsl9tci6h6u" duration="00:00:00.0577050" startTime="2025-08-09T21:08:07.7161575+00:00" endTime="2025-08-09T21:08:07.7739380+00:00" testType="13cdc9d9-ddb5-4fa4-a97d-d965ccfc6d4b" outcome="Passed" testListId="8c84fa94-04c1-424b-9868-57a2d4851a1d" relativeResultsDirectory="4c364551-cdca-43ba-a1f2-e0499c5a6109" />
    <UnitTestResult executionId="3a48f747-e070-461c-8db1-63b1e59fd42b" testId="fe1ea5af-21c4-d812-f4dd-ec83dac9d2c8" testName="GroupBySimpleAccessTest" computerName="pkrvmsl9tci6h6u" duration="00:00:00.0478084" startTime="2025-08-09T21:08:05.8137838+00:00" endTime="2025-08-09T21:08:05.8616706+00:00" testType="13cdc9d9-ddb5-4fa4-a97d-d965ccfc6d4b" outcome="Passed" testListId="8c84fa94-04c1-424b-9868-57a2d4851a1d" relativeResultsDirectory="3a48f747-e070-461c-8db1-63b1e59fd42b" />
    <UnitTestResult executionId="11fe8442-5c83-4bc9-9746-51fad47d98d6" testId="c5c65d3a-517f-855c-d6b6-12b0e057f322" testName="WhenShortMethodCallAndUShortUsed_ShouldHaveColumnOfThatType" computerName="pkrvmsl9tci6h6u" duration="00:00:00.0480828" startTime="2025-08-09T21:07:43.0569131+00:00" endTime="2025-08-09T21:07:43.1051528+00:00" testType="13cdc9d9-ddb5-4fa4-a97d-d965ccfc6d4b" outcome="Passed" testListId="8c84fa94-04c1-424b-9868-57a2d4851a1d" relativeResultsDirectory="11fe8442-5c83-4bc9-9746-51fad47d98d6" />
    <UnitTestResult executionId="74408cef-4098-49bb-b299-245eb2fcf05d" testId="201b1746-1752-f77c-cd86-3e465dd88549" testName="WhenStarUnfoldToMultipleColumns_AndExplicitColumnIsUsedWithinWhere_ShouldPass" computerName="pkrvmsl9tci6h6u" duration="00:00:00.0639005" startTime="2025-08-09T21:08:20.6726164+00:00" endTime="2025-08-09T21:08:20.7366937+00:00" testType="13cdc9d9-ddb5-4fa4-a97d-d965ccfc6d4b" outcome="Passed" testListId="8c84fa94-04c1-424b-9868-57a2d4851a1d" relativeResultsDirectory="74408cef-4098-49bb-b299-245eb2fcf05d" />
    <UnitTestResult executionId="ba7c1c2f-24f8-42bb-ab28-56a0f9227c7b" testId="c27f904d-90aa-f6ab-2b60-49c6eb620183" testName="SumWithoutGroupByAndWithNoGroupingField" computerName="pkrvmsl9tci6h6u" duration="00:00:00.0823042" startTime="2025-08-09T21:08:05.7313619+00:00" endTime="2025-08-09T21:08:05.8137417+00:00" testType="13cdc9d9-ddb5-4fa4-a97d-d965ccfc6d4b" outcome="Passed" testListId="8c84fa94-04c1-424b-9868-57a2d4851a1d" relativeResultsDirectory="ba7c1c2f-24f8-42bb-ab28-56a0f9227c7b" />
    <UnitTestResult executionId="cbf6f477-3fbd-4e1f-9f1d-871de1107b23" testId="415c0c70-de39-54ae-7c18-80ac45f95757" testName="WhenToStringCalled_ShouldReturnSameQuery (select b.* from #some.thing() a cross apply #some.thing() b)" computerName="pkrvmsl9tci6h6u" duration="00:00:00.0005269" startTime="2025-08-09T21:08:21.5249146+00:00" endTime="2025-08-09T21:08:21.5255051+00:00" testType="13cdc9d9-ddb5-4fa4-a97d-d965ccfc6d4b" outcome="Passed" testListId="8c84fa94-04c1-424b-9868-57a2d4851a1d" relativeResultsDirectory="cbf6f477-3fbd-4e1f-9f1d-871de1107b23" />
    <UnitTestResult executionId="3a7c1ed5-e720-4fc8-9cfe-164535ab64c4" testId="203ed21a-4fd9-81f2-060f-be9a1e9272fc" testName="WhenBitwiseXorBetweenUshortAndUshort_ShouldBeEvaluated" computerName="pkrvmsl9tci6h6u" duration="00:00:00.0623151" startTime="2025-08-09T21:07:53.7796546+00:00" endTime="2025-08-09T21:07:53.8420581+00:00" testType="13cdc9d9-ddb5-4fa4-a97d-d965ccfc6d4b" outcome="Passed" testListId="8c84fa94-04c1-424b-9868-57a2d4851a1d" relativeResultsDirectory="3a7c1ed5-e720-4fc8-9cfe-164535ab64c4" />
    <UnitTestResult executionId="fd2fc57f-2e97-481c-90c5-efd8d033d3b7" testId="d1c7f3d9-04b7-e1b8-745a-7f74adac6be0" testName="OuterApply_PropertyAndMethod_WithFiltering_ShouldPass" computerName="pkrvmsl9tci6h6u" duration="00:00:00.0505480" startTime="2025-08-09T21:08:13.7003360+00:00" endTime="2025-08-09T21:08:13.7509664+00:00" testType="13cdc9d9-ddb5-4fa4-a97d-d965ccfc6d4b" outcome="Passed" testListId="8c84fa94-04c1-424b-9868-57a2d4851a1d" relativeResultsDirectory="fd2fc57f-2e97-481c-90c5-efd8d033d3b7" />
    <UnitTestResult executionId="028779b5-1e37-4f9d-90df-5dbb82810c5b" testId="fe8aea54-d4d1-5514-2b7a-4e26b72311d5" testName="RightOuterLeftOuterJoinPassMethodContextTest" computerName="pkrvmsl9tci6h6u" duration="00:00:00.0750501" startTime="2025-08-09T21:08:08.2111778+00:00" endTime="2025-08-09T21:08:08.2863066+00:00" testType="13cdc9d9-ddb5-4fa4-a97d-d965ccfc6d4b" outcome="Passed" testListId="8c84fa94-04c1-424b-9868-57a2d4851a1d" relativeResultsDirectory="028779b5-1e37-4f9d-90df-5dbb82810c5b" />
    <UnitTestResult executionId="795aabef-29f2-4f7a-b5cb-6a8600bb32b8" testId="261344c1-62ee-f919-19f7-922a2569fe84" testName="WhenOrderByAfterGroupBy_ShouldSuccess" computerName="pkrvmsl9tci6h6u" duration="00:00:00.0395943" startTime="2025-08-09T21:08:12.0015997+00:00" endTime="2025-08-09T21:08:12.0412687+00:00" testType="13cdc9d9-ddb5-4fa4-a97d-d965ccfc6d4b" outcome="Passed" testListId="8c84fa94-04c1-424b-9868-57a2d4851a1d" relativeResultsDirectory="795aabef-29f2-4f7a-b5cb-6a8600bb32b8" />
    <UnitTestResult executionId="6270d506-aac3-4bd6-8b24-95149d8ea7e1" testId="9f396c95-244b-264f-b783-ab74c8a55f86" testName="WhenCteInheritsAliasedName_ShouldBeAccessibleByRawColumnNameAccessSyntax" computerName="pkrvmsl9tci6h6u" duration="00:00:00.1464372" startTime="2025-08-09T21:07:28.2713036+00:00" endTime="2025-08-09T21:07:28.4179127+00:00" testType="13cdc9d9-ddb5-4fa4-a97d-d965ccfc6d4b" outcome="Passed" testListId="8c84fa94-04c1-424b-9868-57a2d4851a1d" relativeResultsDirectory="6270d506-aac3-4bd6-8b24-95149d8ea7e1" />
    <UnitTestResult executionId="1ec61939-248f-49c8-97e3-9004f45c02b0" testId="55d2b0f1-8585-24b3-1819-c26b8816a7a0" testName="WhenSpecialCharacterStartBracketUsedInTextWith_MustNotThrow (=)" computerName="pkrvmsl9tci6h6u" duration="00:00:00.0242730" startTime="2025-08-09T21:08:22.0734945+00:00" endTime="2025-08-09T21:08:22.0979607+00:00" testType="13cdc9d9-ddb5-4fa4-a97d-d965ccfc6d4b" outcome="Passed" testListId="8c84fa94-04c1-424b-9868-57a2d4851a1d" relativeResultsDirectory="1ec61939-248f-49c8-97e3-9004f45c02b0" />
    <UnitTestResult executionId="43594dd6-b5d4-40ea-9626-569f3fa0732d" testId="fe580ec5-7488-b770-d266-be2087559d71" testName="WhenULongMethodCallAndUIntUsed_ShouldHaveColumnOfThatType" computerName="pkrvmsl9tci6h6u" duration="00:00:00.0487718" startTime="2025-08-09T21:07:45.0114340+00:00" endTime="2025-08-09T21:07:45.0603107+00:00" testType="13cdc9d9-ddb5-4fa4-a97d-d965ccfc6d4b" outcome="Passed" testListId="8c84fa94-04c1-424b-9868-57a2d4851a1d" relativeResultsDirectory="43594dd6-b5d4-40ea-9626-569f3fa0732d" />
    <UnitTestResult executionId="af1e20c6-a0a1-49a4-99c1-41547b05511c" testId="82e5f9cd-c23f-5eb6-4290-a9dadad382d9" testName="WhenBitwiseXorBetweenLongAndByte_ShouldBeEvaluated" computerName="pkrvmsl9tci6h6u" duration="00:00:00.0502423" startTime="2025-08-09T21:07:55.1232367+00:00" endTime="2025-08-09T21:07:55.1735896+00:00" testType="13cdc9d9-ddb5-4fa4-a97d-d965ccfc6d4b" outcome="Passed" testListId="8c84fa94-04c1-424b-9868-57a2d4851a1d" relativeResultsDirectory="af1e20c6-a0a1-49a4-99c1-41547b05511c" />
    <UnitTestResult executionId="656375a3-7ba1-48d3-97a7-a9387441b922" testId="f1af1adb-c54e-ed4f-a2e9-c214baafdfa5" testName="WhenSpecialCharacterStartBracketUsedInTextWith_MustNotThrow ({)" computerName="pkrvmsl9tci6h6u" duration="00:00:00.0366763" startTime="2025-08-09T21:08:21.8050843+00:00" endTime="2025-08-09T21:08:21.8419615+00:00" testType="13cdc9d9-ddb5-4fa4-a97d-d965ccfc6d4b" outcome="Passed" testListId="8c84fa94-04c1-424b-9868-57a2d4851a1d" relativeResultsDirectory="656375a3-7ba1-48d3-97a7-a9387441b922" />
    <UnitTestResult executionId="55c05c1c-37bc-4668-9e87-cd55141c3396" testId="c85af1d4-e00d-fa81-374d-b251bef6aa13" testName="WhenToStringCalled_ShouldReturnSameQuery (select s.Column1, s.Column2 from #some.thing() s skip 10)" computerName="pkrvmsl9tci6h6u" duration="00:00:00.0010047" startTime="2025-08-09T21:08:21.4775874+00:00" endTime="2025-08-09T21:08:21.4786890+00:00" testType="13cdc9d9-ddb5-4fa4-a97d-d965ccfc6d4b" outcome="Passed" testListId="8c84fa94-04c1-424b-9868-57a2d4851a1d" relativeResultsDirectory="55c05c1c-37bc-4668-9e87-cd55141c3396" />
    <UnitTestResult executionId="ee2d263e-2dbe-4348-8af2-4cccb667acd2" testId="45b2ed7e-a1dd-32e5-3926-4fa1b77666cf" testName="NullColumnTest" computerName="pkrvmsl9tci6h6u" duration="00:00:00.0245750" startTime="2025-08-09T21:08:18.6756586+00:00" endTime="2025-08-09T21:08:18.7003598+00:00" testType="13cdc9d9-ddb5-4fa4-a97d-d965ccfc6d4b" outcome="Passed" testListId="8c84fa94-04c1-424b-9868-57a2d4851a1d" relativeResultsDirectory="ee2d263e-2dbe-4348-8af2-4cccb667acd2" />
    <UnitTestResult executionId="d279de51-5e21-483c-b9dd-a357be490aed" testId="20262617-f1fc-3328-6761-009329e2467e" testName="WhenBitwiseXorBetweenShortAndUShort_ShouldBeEvaluated" computerName="pkrvmsl9tci6h6u" duration="00:00:00.0632598" startTime="2025-08-09T21:07:54.1807342+00:00" endTime="2025-08-09T21:07:54.2440749+00:00" testType="13cdc9d9-ddb5-4fa4-a97d-d965ccfc6d4b" outcome="Passed" testListId="8c84fa94-04c1-424b-9868-57a2d4851a1d" relativeResultsDirectory="d279de51-5e21-483c-b9dd-a357be490aed" />
    <UnitTestResult executionId="521e2f56-80b0-4dc4-9c94-903ba8de5c8e" testId="46e14976-2aca-243a-e832-96a77df30611" testName="WhenAliasedStarUnfoldToMultipleColumns_AndStarIsUsedWithinSelect_ShouldPass" computerName="pkrvmsl9tci6h6u" duration="00:00:00.0434187" startTime="2025-08-09T21:08:21.3039786+00:00" endTime="2025-08-09T21:08:21.3474872+00:00" testType="13cdc9d9-ddb5-4fa4-a97d-d965ccfc6d4b" outcome="Passed" testListId="8c84fa94-04c1-424b-9868-57a2d4851a1d" relativeResultsDirectory="521e2f56-80b0-4dc4-9c94-903ba8de5c8e" />
    <UnitTestResult executionId="92e2c8e4-643a-4d7a-b3c5-1d83be312237" testId="e9f2df8e-ec6c-9e69-3538-e46d166abdd3" testName="WhenLargeNegativeShortUsed_ShouldHaveColumnOfThatType" computerName="pkrvmsl9tci6h6u" duration="00:00:00.0250029" startTime="2025-08-09T21:08:11.5544841+00:00" endTime="2025-08-09T21:08:11.5795806+00:00" testType="13cdc9d9-ddb5-4fa4-a97d-d965ccfc6d4b" outcome="Passed" testListId="8c84fa94-04c1-424b-9868-57a2d4851a1d" relativeResultsDirectory="92e2c8e4-643a-4d7a-b3c5-1d83be312237" />
    <UnitTestResult executionId="95935db2-1daf-4e89-8f3e-bd60727ab064" testId="ae16acfa-9412-11b7-5422-578524d819bf" testName="WithDynamicSource_AccessExpandoObjectArray_ShouldPass" computerName="pkrvmsl9tci6h6u" duration="00:00:00.0338394" startTime="2025-08-09T21:08:01.9122410+00:00" endTime="2025-08-09T21:08:01.9461665+00:00" testType="13cdc9d9-ddb5-4fa4-a97d-d965ccfc6d4b" outcome="Passed" testListId="8c84fa94-04c1-424b-9868-57a2d4851a1d" relativeResultsDirectory="95935db2-1daf-4e89-8f3e-bd60727ab064" />
    <UnitTestResult executionId="6b4dd644-1080-4b4b-a0b6-f23edff1a397" testId="8fb1540b-6b3e-006c-0002-3902aa372021" testName="StringCharacterAccess_AliasedColumn_OutOfBounds_ShouldReturnDefaultChar" computerName="pkrvmsl9tci6h6u" duration="00:00:00.0519100" startTime="2025-08-09T21:07:46.8596413+00:00" endTime="2025-08-09T21:07:46.9116540+00:00" testType="13cdc9d9-ddb5-4fa4-a97d-d965ccfc6d4b" outcome="Passed" testListId="8c84fa94-04c1-424b-9868-57a2d4851a1d" relativeResultsDirectory="6b4dd644-1080-4b4b-a0b6-f23edff1a397" />
    <UnitTestResult executionId="87dd2ea9-2736-480f-bc69-2df6bae71854" testId="f30f42f9-2873-ec62-feac-fcdec189dbf6" testName="WhenBitwiseXorBetweenByteAndUShort_ShouldBeEvaluated" computerName="pkrvmsl9tci6h6u" duration="00:00:00.0451089" startTime="2025-08-09T21:07:53.3752831+00:00" endTime="2025-08-09T21:07:53.4204961+00:00" testType="13cdc9d9-ddb5-4fa4-a97d-d965ccfc6d4b" outcome="Passed" testListId="8c84fa94-04c1-424b-9868-57a2d4851a1d" relativeResultsDirectory="87dd2ea9-2736-480f-bc69-2df6bae71854" />
    <UnitTestResult executionId="37ffde47-e5c0-437b-8f5a-4a14b0c883a7" testId="50c2974a-93b5-d034-536b-61c1691458ba" testName="WhenContextsOfInnerCteShouldTurnContextOfResultingTable_ShouldPass" computerName="pkrvmsl9tci6h6u" duration="00:00:00.0685167" startTime="2025-08-09T21:08:09.3802627+00:00" endTime="2025-08-09T21:08:09.4488388+00:00" testType="13cdc9d9-ddb5-4fa4-a97d-d965ccfc6d4b" outcome="Passed" testListId="8c84fa94-04c1-424b-9868-57a2d4851a1d" relativeResultsDirectory="37ffde47-e5c0-437b-8f5a-4a14b0c883a7" />
    <UnitTestResult executionId="d4987f8a-eca9-40d1-92b6-bdac155a2a5e" testId="40d22f16-b81a-0088-f193-7911cf0fa25e" testName="WhenToStringCalled_ShouldReturnSameQuery (select 1 from #A.entities() a right outer join #B.entities() b on a.Id = b.Id)" computerName="pkrvmsl9tci6h6u" duration="00:00:00.0006639" startTime="2025-08-09T21:08:21.4592416+00:00" endTime="2025-08-09T21:08:21.4599697+00:00" testType="13cdc9d9-ddb5-4fa4-a97d-d965ccfc6d4b" outcome="Passed" testListId="8c84fa94-04c1-424b-9868-57a2d4851a1d" relativeResultsDirectory="d4987f8a-eca9-40d1-92b6-bdac155a2a5e" />
    <UnitTestResult executionId="cdec42e5-4a5d-45c0-9518-19bf3586aa75" testId="6e14db2c-ad6c-6026-6262-e49cb44c6363" testName="MultipleCaseWhenWithLibraryMethodCallTest" computerName="pkrvmsl9tci6h6u" duration="00:00:00.0499863" startTime="2025-08-09T21:08:20.4901724+00:00" endTime="2025-08-09T21:08:20.5402562+00:00" testType="13cdc9d9-ddb5-4fa4-a97d-d965ccfc6d4b" outcome="Passed" testListId="8c84fa94-04c1-424b-9868-57a2d4851a1d" relativeResultsDirectory="cdec42e5-4a5d-45c0-9518-19bf3586aa75" />
    <UnitTestResult executionId="d58c696d-dc35-46d2-9707-f125d6be0470" testId="a11c7a3d-7de7-d952-6932-f73b12c4a2bc" testName="OuterApplyProperty_GroupBy_ShouldPass" computerName="pkrvmsl9tci6h6u" duration="00:00:00.0625710" startTime="2025-08-09T21:08:13.4750985+00:00" endTime="2025-08-09T21:08:13.5377545+00:00" testType="13cdc9d9-ddb5-4fa4-a97d-d965ccfc6d4b" outcome="Passed" testListId="8c84fa94-04c1-424b-9868-57a2d4851a1d" relativeResultsDirectory="d58c696d-dc35-46d2-9707-f125d6be0470" />
    <UnitTestResult executionId="505f19e9-b70b-4b52-bfb1-d92713eac8e9" testId="c96b2df8-5758-9d8e-3358-c3c5df002a45" testName="WhenSchemaMethodCrossAppliedSelfProperty_WithinCte_ShouldPass" computerName="pkrvmsl9tci6h6u" duration="00:00:00.0812516" startTime="2025-08-09T21:07:58.0956997+00:00" endTime="2025-08-09T21:07:58.1770329+00:00" testType="13cdc9d9-ddb5-4fa4-a97d-d965ccfc6d4b" outcome="Passed" testListId="8c84fa94-04c1-424b-9868-57a2d4851a1d" relativeResultsDirectory="505f19e9-b70b-4b52-bfb1-d92713eac8e9" />
    <UnitTestResult executionId="5e4fd952-b9ad-40c1-8785-8a66e5a620e5" testId="2f0e8a28-7d0d-f8f3-55d4-cfbb5dd990b4" testName="WhenMissingAlias_ShouldThrow" computerName="pkrvmsl9tci6h6u" duration="00:00:00.0027989" startTime="2025-08-09T21:08:09.7593887+00:00" endTime="2025-08-09T21:08:09.7622476+00:00" testType="13cdc9d9-ddb5-4fa4-a97d-d965ccfc6d4b" outcome="Passed" testListId="8c84fa94-04c1-424b-9868-57a2d4851a1d" relativeResultsDirectory="5e4fd952-b9ad-40c1-8785-8a66e5a620e5" />
    <UnitTestResult executionId="356a5f46-6ca0-4b4e-ad28-317c7f922834" testId="78196d76-2535-33ff-eac0-dee87e93cd9f" testName="WhenFirstElementLookedFor_ShouldSuccess" computerName="pkrvmsl9tci6h6u" duration="00:00:00.0263124" startTime="2025-08-09T21:08:04.2494781+00:00" endTime="2025-08-09T21:08:04.2758656+00:00" testType="13cdc9d9-ddb5-4fa4-a97d-d965ccfc6d4b" outcome="Passed" testListId="8c84fa94-04c1-424b-9868-57a2d4851a1d" relativeResultsDirectory="356a5f46-6ca0-4b4e-ad28-317c7f922834" />
    <UnitTestResult executionId="0051e7ce-f3be-42d8-9a6d-67fa543b8886" testId="65df7f4b-9353-0c59-4769-fd7b0fe064be" testName="QueryWithWhereWithNullableMethodResultTest" computerName="pkrvmsl9tci6h6u" duration="00:00:00.0456836" startTime="2025-08-09T21:08:09.8898661+00:00" endTime="2025-08-09T21:08:09.9356258+00:00" testType="13cdc9d9-ddb5-4fa4-a97d-d965ccfc6d4b" outcome="Passed" testListId="8c84fa94-04c1-424b-9868-57a2d4851a1d" relativeResultsDirectory="0051e7ce-f3be-42d8-9a6d-67fa543b8886" />
    <UnitTestResult executionId="23baa0e2-39b3-4857-a1e8-950508735fd0" testId="dad09f90-1a35-3e38-23ab-2ac0ea0190f4" testName="WhenBitwiseAndBetweenIntAndUShort_ShouldBeEvaluated" computerName="pkrvmsl9tci6h6u" duration="00:00:00.0376598" startTime="2025-08-09T21:07:48.5364502+00:00" endTime="2025-08-09T21:07:48.5742463+00:00" testType="13cdc9d9-ddb5-4fa4-a97d-d965ccfc6d4b" outcome="Passed" testListId="8c84fa94-04c1-424b-9868-57a2d4851a1d" relativeResultsDirectory="23baa0e2-39b3-4857-a1e8-950508735fd0" />
    <UnitTestResult executionId="eca4ebbf-1b67-4fce-815a-8aeed4446992" testId="3d1916fe-8706-98cc-3173-a028e3f2388e" testName="WhenGroupByAndOrderByUsed_ShouldPass" computerName="pkrvmsl9tci6h6u" duration="00:00:00.0491907" startTime="2025-08-09T21:08:23.5320202+00:00" endTime="2025-08-09T21:08:23.5849458+00:00" testType="13cdc9d9-ddb5-4fa4-a97d-d965ccfc6d4b" outcome="Passed" testListId="8c84fa94-04c1-424b-9868-57a2d4851a1d" relativeResultsDirectory="eca4ebbf-1b67-4fce-815a-8aeed4446992" />
    <UnitTestResult executionId="f9c77984-0b97-4dae-ace0-6fdf288c3e27" testId="5a0bd13f-de50-d9d0-42d6-8c359a6c6c43" testName="SimpleSkipTest" computerName="pkrvmsl9tci6h6u" duration="00:00:00.0506879" startTime="2025-08-09T21:08:19.3304464+00:00" endTime="2025-08-09T21:08:19.3812039+00:00" testType="13cdc9d9-ddb5-4fa4-a97d-d965ccfc6d4b" outcome="Passed" testListId="8c84fa94-04c1-424b-9868-57a2d4851a1d" relativeResultsDirectory="f9c77984-0b97-4dae-ace0-6fdf288c3e27" />
    <UnitTestResult executionId="340432fc-8bf3-463c-b831-c89592fb1ac8" testId="2b1d72f3-77a8-7224-36e9-ae3c808a845a" testName="WhenIntAndIntUsed_ShouldHaveColumnOfThatType" computerName="pkrvmsl9tci6h6u" duration="00:00:00.1052833" startTime="2025-08-09T21:07:35.7960299+00:00" endTime="2025-08-09T21:07:35.9014513+00:00" testType="13cdc9d9-ddb5-4fa4-a97d-d965ccfc6d4b" outcome="Passed" testListId="8c84fa94-04c1-424b-9868-57a2d4851a1d" relativeResultsDirectory="340432fc-8bf3-463c-b831-c89592fb1ac8" />
    <UnitTestResult executionId="8a029ccd-acb7-402a-a257-b9aaceee0d9a" testId="14096cef-3c13-e54a-7015-8d823756f5aa" testName="WhenLongMethodCallAndSByteUsed_ShouldHaveColumnOfThatType" computerName="pkrvmsl9tci6h6u" duration="00:00:00.0443895" startTime="2025-08-09T21:07:44.5843836+00:00" endTime="2025-08-09T21:07:44.6288753+00:00" testType="13cdc9d9-ddb5-4fa4-a97d-d965ccfc6d4b" outcome="Passed" testListId="8c84fa94-04c1-424b-9868-57a2d4851a1d" relativeResultsDirectory="8a029ccd-acb7-402a-a257-b9aaceee0d9a" />
    <UnitTestResult executionId="57a1c280-073a-421e-ad5d-a0ff1bed7bd3" testId="3b4fcf01-da2a-a7a5-d850-1d6c8b503d24" testName="IfFunctionGreaterEqualTrueTest" computerName="pkrvmsl9tci6h6u" duration="00:00:00.0417098" startTime="2025-08-09T21:08:08.8498477+00:00" endTime="2025-08-09T21:08:08.8916558+00:00" testType="13cdc9d9-ddb5-4fa4-a97d-d965ccfc6d4b" outcome="Passed" testListId="8c84fa94-04c1-424b-9868-57a2d4851a1d" relativeResultsDirectory="57a1c280-073a-421e-ad5d-a0ff1bed7bd3" />
    <UnitTestResult executionId="dfb3fd67-7b18-4fab-8275-af45239b8f31" testId="c50fc8fc-bede-a239-66ab-b77d2e2075db" testName="SimpleCteWithExceptTest" computerName="pkrvmsl9tci6h6u" duration="00:00:00.0498660" startTime="2025-08-09T21:08:00.7239961+00:00" endTime="2025-08-09T21:08:00.7739274+00:00" testType="13cdc9d9-ddb5-4fa4-a97d-d965ccfc6d4b" outcome="Passed" testListId="8c84fa94-04c1-424b-9868-57a2d4851a1d" relativeResultsDirectory="dfb3fd67-7b18-4fab-8275-af45239b8f31" />
    <UnitTestResult executionId="d3c71d80-fea9-49c8-ab7d-29c6369ae25f" testId="eababf3c-d639-f1d9-5fc1-fa0b586140b4" testName="WhenBitwiseOrBetweenShortAndUInt_ShouldBeEvaluated" computerName="pkrvmsl9tci6h6u" duration="00:00:00.0435085" startTime="2025-08-09T21:07:51.4565253+00:00" endTime="2025-08-09T21:07:51.5001309+00:00" testType="13cdc9d9-ddb5-4fa4-a97d-d965ccfc6d4b" outcome="Passed" testListId="8c84fa94-04c1-424b-9868-57a2d4851a1d" relativeResultsDirectory="d3c71d80-fea9-49c8-ab7d-29c6369ae25f" />
    <UnitTestResult executionId="b4000585-5add-4a22-bcea-ab42ad1c3789" testId="ac189e19-d324-6aef-cb26-4f9c2f4d637f" testName="IfFunctionLessEqualFalseTest" computerName="pkrvmsl9tci6h6u" duration="00:00:00.0244576" startTime="2025-08-09T21:08:08.9543614+00:00" endTime="2025-08-09T21:08:08.9788881+00:00" testType="13cdc9d9-ddb5-4fa4-a97d-d965ccfc6d4b" outcome="Passed" testListId="8c84fa94-04c1-424b-9868-57a2d4851a1d" relativeResultsDirectory="b4000585-5add-4a22-bcea-ab42ad1c3789" />
    <UnitTestResult executionId="faa0ce01-6710-4912-806a-325c269c1b11" testId="8f1efc54-a0c9-c4eb-04ec-31b75e703c8c" testName="WhenDecimalMethodCallAndLongUsed_ShouldHaveColumnOfThatType" computerName="pkrvmsl9tci6h6u" duration="00:00:00.0684015" startTime="2025-08-09T21:07:45.4602004+00:00" endTime="2025-08-09T21:07:45.5287234+00:00" testType="13cdc9d9-ddb5-4fa4-a97d-d965ccfc6d4b" outcome="Passed" testListId="8c84fa94-04c1-424b-9868-57a2d4851a1d" relativeResultsDirectory="faa0ce01-6710-4912-806a-325c269c1b11" />
    <UnitTestResult executionId="0b4c3038-6b4f-4c52-9577-8a15bd23c64c" testId="dbceb34d-905f-e4ca-ddbf-c03a680f4f67" testName="WhenIntMethodCallAndDecimalUsed_ShouldHaveColumnOfThatType" computerName="pkrvmsl9tci6h6u" duration="00:00:00.0786063" startTime="2025-08-09T21:07:44.0711301+00:00" endTime="2025-08-09T21:07:44.1498494+00:00" testType="13cdc9d9-ddb5-4fa4-a97d-d965ccfc6d4b" outcome="Passed" testListId="8c84fa94-04c1-424b-9868-57a2d4851a1d" relativeResultsDirectory="0b4c3038-6b4f-4c52-9577-8a15bd23c64c" />
    <UnitTestResult executionId="11183f2f-7820-4def-a834-2e96e6aac62a" testId="77a68b1d-5ad1-534a-0794-f05551e6655d" testName="WhenMixedQueriesGroupingAreUsed_Variant2_ShouldPass" computerName="pkrvmsl9tci6h6u" duration="00:00:00.0744595" startTime="2025-08-09T21:08:01.2258977+00:00" endTime="2025-08-09T21:08:01.3004344+00:00" testType="13cdc9d9-ddb5-4fa4-a97d-d965ccfc6d4b" outcome="Passed" testListId="8c84fa94-04c1-424b-9868-57a2d4851a1d" relativeResultsDirectory="11183f2f-7820-4def-a834-2e96e6aac62a" />
    <UnitTestResult executionId="8515c8ab-18b0-42fb-a4f1-09c433dc67a8" testId="a7e46f2f-0dd1-fa37-e0f8-90f28079d938" testName="IfFunctionFalseTest" computerName="pkrvmsl9tci6h6u" duration="00:00:00.0247088" startTime="2025-08-09T21:08:08.6549497+00:00" endTime="2025-08-09T21:08:08.6797298+00:00" testType="13cdc9d9-ddb5-4fa4-a97d-d965ccfc6d4b" outcome="Passed" testListId="8c84fa94-04c1-424b-9868-57a2d4851a1d" relativeResultsDirectory="8515c8ab-18b0-42fb-a4f1-09c433dc67a8" />
    <UnitTestResult executionId="d0dd3a61-2ebf-45f5-9b9d-4f5750f50165" testId="6e241c14-c7ad-f820-1cc2-04d0a207c220" testName="WhenSchemaMethodCrossAppliedWithAnotherSchema_UsesCte_ShouldPass" computerName="pkrvmsl9tci6h6u" duration="00:00:00.0427269" startTime="2025-08-09T21:07:58.0524859+00:00" endTime="2025-08-09T21:07:58.0952947+00:00" testType="13cdc9d9-ddb5-4fa4-a97d-d965ccfc6d4b" outcome="Passed" testListId="8c84fa94-04c1-424b-9868-57a2d4851a1d" relativeResultsDirectory="d0dd3a61-2ebf-45f5-9b9d-4f5750f50165" />
    <UnitTestResult executionId="577007b9-4048-4fef-9358-279ca3ee9485" testId="1bb5a719-8fb8-2b50-e0e5-fee075d80ac0" testName="WhenByteAndULongUsed_ShouldHaveColumnOfULongType" computerName="pkrvmsl9tci6h6u" duration="00:00:00.1467516" startTime="2025-08-09T21:07:30.0466725+00:00" endTime="2025-08-09T21:07:30.1936105+00:00" testType="13cdc9d9-ddb5-4fa4-a97d-d965ccfc6d4b" outcome="Passed" testListId="8c84fa94-04c1-424b-9868-57a2d4851a1d" relativeResultsDirectory="577007b9-4048-4fef-9358-279ca3ee9485" />
    <UnitTestResult executionId="101c9315-28be-471a-b8cb-3930c88c97b6" testId="22dd62c8-d81d-2f46-dcc2-60000be18a59" testName="WhenBitwiseXorBetweenByteAndULong_ShouldBeEvaluated" computerName="pkrvmsl9tci6h6u" duration="00:00:00.0449885" startTime="2025-08-09T21:07:53.5687944+00:00" endTime="2025-08-09T21:07:53.6138491+00:00" testType="13cdc9d9-ddb5-4fa4-a97d-d965ccfc6d4b" outcome="Passed" testListId="8c84fa94-04c1-424b-9868-57a2d4851a1d" relativeResultsDirectory="101c9315-28be-471a-b8cb-3930c88c97b6" />
    <UnitTestResult executionId="4e05bef0-0233-4af9-9a4b-3662a66cfd46" testId="7f00520a-af5f-4aa1-8887-d7b3644fe0b4" testName="WhenIntMethodCallAndSByteUsed_ShouldHaveColumnOfThatType" computerName="pkrvmsl9tci6h6u" duration="00:00:00.0621918" startTime="2025-08-09T21:07:43.7930264+00:00" endTime="2025-08-09T21:07:43.8553195+00:00" testType="13cdc9d9-ddb5-4fa4-a97d-d965ccfc6d4b" outcome="Passed" testListId="8c84fa94-04c1-424b-9868-57a2d4851a1d" relativeResultsDirectory="4e05bef0-0233-4af9-9a4b-3662a66cfd46" />
    <UnitTestResult executionId="16a0461f-d313-430b-9cc4-689646a7601b" testId="8396c3c6-47df-1611-d0e3-28217401872c" testName="WhenConcatenationOfSingleValue_AndStringJoinsArray_ShouldPass" computerName="pkrvmsl9tci6h6u" duration="00:00:00.0286600" startTime="2025-08-09T21:08:03.9635574+00:00" endTime="2025-08-09T21:08:03.9923188+00:00" testType="13cdc9d9-ddb5-4fa4-a97d-d965ccfc6d4b" outcome="Passed" testListId="8c84fa94-04c1-424b-9868-57a2d4851a1d" relativeResultsDirectory="16a0461f-d313-430b-9cc4-689646a7601b" />
    <UnitTestResult executionId="7bc67255-e917-4a64-90b5-968f1d511a5b" testId="f5464b82-a026-8996-9bb4-797b0ca4da5c" testName="AggregateValuesParentTest" computerName="pkrvmsl9tci6h6u" duration="00:00:00.0555766" startTime="2025-08-09T21:08:19.9475996+00:00" endTime="2025-08-09T21:08:20.0032568+00:00" testType="13cdc9d9-ddb5-4fa4-a97d-d965ccfc6d4b" outcome="Passed" testListId="8c84fa94-04c1-424b-9868-57a2d4851a1d" relativeResultsDirectory="7bc67255-e917-4a64-90b5-968f1d511a5b" />
    <UnitTestResult executionId="786d7cd4-7087-45be-a12e-34898fc70350" testId="e0323583-7e85-54d0-b4f3-9f513b55165b" testName="WhenBitwiseShiftRightByte_ShouldBeEvaluated" computerName="pkrvmsl9tci6h6u" duration="00:00:00.0600532" startTime="2025-08-09T21:07:56.0090634+00:00" endTime="2025-08-09T21:07:56.0691946+00:00" testType="13cdc9d9-ddb5-4fa4-a97d-d965ccfc6d4b" outcome="Passed" testListId="8c84fa94-04c1-424b-9868-57a2d4851a1d" relativeResultsDirectory="786d7cd4-7087-45be-a12e-34898fc70350" />
    <UnitTestResult executionId="92985f38-baab-4bb4-9311-83363edd722e" testId="6aa33106-6840-f22c-a776-7ed28a4cb592" testName="WhenTwoValuesTableIsCoupledWithSchema_ShouldHaveAppropriateTypesTest" computerName="pkrvmsl9tci6h6u" duration="00:00:00.0307360" startTime="2025-08-09T21:07:57.5102338+00:00" endTime="2025-08-09T21:07:57.5410378+00:00" testType="13cdc9d9-ddb5-4fa4-a97d-d965ccfc6d4b" outcome="Passed" testListId="8c84fa94-04c1-424b-9868-57a2d4851a1d" relativeResultsDirectory="92985f38-baab-4bb4-9311-83363edd722e" />
    <UnitTestResult executionId="f8c07bc8-43f7-4220-bc5b-90ef7f0c7a52" testId="872ff87f-27ca-82c7-68e6-ba17687f73c3" testName="WhenBitwiseOrBetweenUshortAndInt_ShouldBeEvaluated" computerName="pkrvmsl9tci6h6u" duration="00:00:00.0540864" startTime="2025-08-09T21:07:50.9749468+00:00" endTime="2025-08-09T21:07:51.0291235+00:00" testType="13cdc9d9-ddb5-4fa4-a97d-d965ccfc6d4b" outcome="Passed" testListId="8c84fa94-04c1-424b-9868-57a2d4851a1d" relativeResultsDirectory="f8c07bc8-43f7-4220-bc5b-90ef7f0c7a52" />
    <UnitTestResult executionId="171de378-0685-46f9-ba9b-5b2f634520fe" testId="579d6963-0b70-e52b-5ae9-86220bc7b003" testName="SimpleQueryTest" computerName="pkrvmsl9tci6h6u" duration="00:00:00.0259046" startTime="2025-08-09T21:08:19.3044310+00:00" endTime="2025-08-09T21:08:19.3304115+00:00" testType="13cdc9d9-ddb5-4fa4-a97d-d965ccfc6d4b" outcome="Passed" testListId="8c84fa94-04c1-424b-9868-57a2d4851a1d" relativeResultsDirectory="171de378-0685-46f9-ba9b-5b2f634520fe" />
    <UnitTestResult executionId="da75aa45-c985-4314-8d1c-5df303758d16" testId="e3f59b12-c5f4-2b44-85b8-be03f513d9f8" testName="WhenOrderByClauseWithOperation_ShouldSucceed" computerName="pkrvmsl9tci6h6u" duration="00:00:00.0462176" startTime="2025-08-09T21:08:12.2868125+00:00" endTime="2025-08-09T21:08:12.3331060+00:00" testType="13cdc9d9-ddb5-4fa4-a97d-d965ccfc6d4b" outcome="Passed" testListId="8c84fa94-04c1-424b-9868-57a2d4851a1d" relativeResultsDirectory="da75aa45-c985-4314-8d1c-5df303758d16" />
    <UnitTestResult executionId="a51c02e6-afee-4f25-b66f-86c9f9facf01" testId="56fd7fbc-5efb-dbd7-8cb0-d4a84095f6c1" testName="WhenLongAndByteUsed_ShouldHaveColumnOfThatType" computerName="pkrvmsl9tci6h6u" duration="00:00:00.0988554" startTime="2025-08-09T21:07:38.2330439+00:00" endTime="2025-08-09T21:07:38.3320198+00:00" testType="13cdc9d9-ddb5-4fa4-a97d-d965ccfc6d4b" outcome="Passed" testListId="8c84fa94-04c1-424b-9868-57a2d4851a1d" relativeResultsDirectory="a51c02e6-afee-4f25-b66f-86c9f9facf01" />
    <UnitTestResult executionId="fc5b41d9-6d45-4566-8cc0-857025806caf" testId="c40e94a4-a655-e690-928e-ce41951af4bf" testName="ContainsStringsTest" computerName="pkrvmsl9tci6h6u" duration="00:00:00.0448140" startTime="2025-08-09T21:08:18.9351628+00:00" endTime="2025-08-09T21:08:18.9800433+00:00" testType="13cdc9d9-ddb5-4fa4-a97d-d965ccfc6d4b" outcome="Passed" testListId="8c84fa94-04c1-424b-9868-57a2d4851a1d" relativeResultsDirectory="fc5b41d9-6d45-4566-8cc0-857025806caf" />
    <UnitTestResult executionId="697d9f7c-6453-4162-ab4c-7d6f4fed3de0" testId="5e79463a-e758-7607-abe8-61832396f45d" testName="WhenBitwiseAndBetweenUlongAndUshort_ShouldBeEvaluated" computerName="pkrvmsl9tci6h6u" duration="00:00:00.0353470" startTime="2025-08-09T21:07:49.5499711+00:00" endTime="2025-08-09T21:07:49.5854190+00:00" testType="13cdc9d9-ddb5-4fa4-a97d-d965ccfc6d4b" outcome="Passed" testListId="8c84fa94-04c1-424b-9868-57a2d4851a1d" relativeResultsDirectory="697d9f7c-6453-4162-ab4c-7d6f4fed3de0" />
    <UnitTestResult executionId="6de12b4f-e157-47d7-8ab5-4b43176c702f" testId="5d6b9874-b9fe-69ca-031a-e4fcd78b185c" testName="WhenUIntMethodCallAndUShortUsed_ShouldHaveColumnOfThatType" computerName="pkrvmsl9tci6h6u" duration="00:00:00.0316195" startTime="2025-08-09T21:07:44.2851864+00:00" endTime="2025-08-09T21:07:44.3169153+00:00" testType="13cdc9d9-ddb5-4fa4-a97d-d965ccfc6d4b" outcome="Passed" testListId="8c84fa94-04c1-424b-9868-57a2d4851a1d" relativeResultsDirectory="6de12b4f-e157-47d7-8ab5-4b43176c702f" />
    <UnitTestResult executionId="470685b5-840e-4662-bbea-7e85477e077d" testId="624b25e2-34a7-4e5b-dac7-1710005dc249" testName="WhenDecimalAndShortUsed_ShouldHaveColumnOfThatType" computerName="pkrvmsl9tci6h6u" duration="00:00:00.0763470" startTime="2025-08-09T21:07:41.6094946+00:00" endTime="2025-08-09T21:07:41.6859694+00:00" testType="13cdc9d9-ddb5-4fa4-a97d-d965ccfc6d4b" outcome="Passed" testListId="8c84fa94-04c1-424b-9868-57a2d4851a1d" relativeResultsDirectory="470685b5-840e-4662-bbea-7e85477e077d" />
    <UnitTestResult executionId="2474cb32-f164-48f3-8488-b619fb3c6c26" testId="579d94f0-d05a-cd07-7e16-c7d2f1a68a21" testName="WhenToStringCalled_ShouldReturnSameQuery (select 1 from #A.entities() a inner join #B.entities() b on a.Id = b.Id inner join #C.entities() c on a.Id = c.Id)" computerName="pkrvmsl9tci6h6u" duration="00:00:00.0016290" startTime="2025-08-09T21:08:21.4603085+00:00" endTime="2025-08-09T21:08:21.4620321+00:00" testType="13cdc9d9-ddb5-4fa4-a97d-d965ccfc6d4b" outcome="Passed" testListId="8c84fa94-04c1-424b-9868-57a2d4851a1d" relativeResultsDirectory="2474cb32-f164-48f3-8488-b619fb3c6c26" />
    <UnitTestResult executionId="55323c75-d71f-4b89-8974-13bd3358c881" testId="aa188839-cacb-4b24-2337-b93a77cced0b" testName="WhenULongMethodCallAndULongUsed_ShouldHaveColumnOfThatType" computerName="pkrvmsl9tci6h6u" duration="00:00:00.0505311" startTime="2025-08-09T21:07:45.0603734+00:00" endTime="2025-08-09T21:07:45.1110203+00:00" testType="13cdc9d9-ddb5-4fa4-a97d-d965ccfc6d4b" outcome="Passed" testListId="8c84fa94-04c1-424b-9868-57a2d4851a1d" relativeResultsDirectory="55323c75-d71f-4b89-8974-13bd3358c881" />
    <UnitTestResult executionId="3bdf75e2-266f-4d67-b590-63e7446f2bec" testId="a750c3f8-2d2e-a4fb-de3a-b3b3d5fcb562" testName="WhenSByteAndSByteUsed_ShouldHaveColumnOfSByteType" computerName="pkrvmsl9tci6h6u" duration="00:00:00.1442266" startTime="2025-08-09T21:07:30.8022680+00:00" endTime="2025-08-09T21:07:30.9466707+00:00" testType="13cdc9d9-ddb5-4fa4-a97d-d965ccfc6d4b" outcome="Passed" testListId="8c84fa94-04c1-424b-9868-57a2d4851a1d" relativeResultsDirectory="3bdf75e2-266f-4d67-b590-63e7446f2bec" />
    <UnitTestResult executionId="9b21c71a-735b-4bfa-9d37-7f2e2c9c59d4" testId="84b0c5fe-a5ba-1b24-658b-31aff78be3b4" testName="WhenBitwiseAndBetweenIntAndUInt_ShouldBeEvaluated" computerName="pkrvmsl9tci6h6u" duration="00:00:00.0339521" startTime="2025-08-09T21:07:48.6151384+00:00" endTime="2025-08-09T21:07:48.6491887+00:00" testType="13cdc9d9-ddb5-4fa4-a97d-d965ccfc6d4b" outcome="Passed" testListId="8c84fa94-04c1-424b-9868-57a2d4851a1d" relativeResultsDirectory="9b21c71a-735b-4bfa-9d37-7f2e2c9c59d4" />
    <UnitTestResult executionId="4597ce6d-bfdc-4e5c-91ce-afb2b8b03b7a" testId="e120a33a-a5eb-9495-1598-dd469bbd167e" testName="WhenContainsExpressionIsNotRewritten_ShouldPass" computerName="pkrvmsl9tci6h6u" duration="00:00:00.0270037" startTime="2025-08-09T21:08:15.5551733+00:00" endTime="2025-08-09T21:08:15.5822585+00:00" testType="13cdc9d9-ddb5-4fa4-a97d-d965ccfc6d4b" outcome="Passed" testListId="8c84fa94-04c1-424b-9868-57a2d4851a1d" relativeResultsDirectory="4597ce6d-bfdc-4e5c-91ce-afb2b8b03b7a" />
    <UnitTestResult executionId="778064aa-5af3-485d-bae2-f85730ae64dd" testId="04a99a7a-44fb-dfc9-ff27-8208f9a05722" testName="IntersectDoubleSourceTest" computerName="pkrvmsl9tci6h6u" duration="00:00:00.0339140" startTime="2025-08-09T21:08:17.3253974+00:00" endTime="2025-08-09T21:08:17.3593882+00:00" testType="13cdc9d9-ddb5-4fa4-a97d-d965ccfc6d4b" outcome="Passed" testListId="8c84fa94-04c1-424b-9868-57a2d4851a1d" relativeResultsDirectory="778064aa-5af3-485d-bae2-f85730ae64dd" />
    <UnitTestResult executionId="2e9e5193-4e3d-4c4e-baf0-a4ecb3944ad3" testId="4e57322b-f6d7-ac40-415f-843936b6d7c2" testName="WhenBitwiseXorBetweenLongAndInt_ShouldBeEvaluated" computerName="pkrvmsl9tci6h6u" duration="00:00:00.0429616" startTime="2025-08-09T21:07:55.3168452+00:00" endTime="2025-08-09T21:07:55.3598824+00:00" testType="13cdc9d9-ddb5-4fa4-a97d-d965ccfc6d4b" outcome="Passed" testListId="8c84fa94-04c1-424b-9868-57a2d4851a1d" relativeResultsDirectory="2e9e5193-4e3d-4c4e-baf0-a4ecb3944ad3" />
    <UnitTestResult executionId="34ddc34e-0636-49b6-ab71-9f3afcf92abd" testId="23a5868e-0cd4-4d20-e7e2-6098148b6e35" testName="WhenIntAndDecimalUsed_ShouldHaveColumnOfThatType" computerName="pkrvmsl9tci6h6u" duration="00:00:00.1637981" startTime="2025-08-09T21:07:36.5184576+00:00" endTime="2025-08-09T21:07:36.6823867+00:00" testType="13cdc9d9-ddb5-4fa4-a97d-d965ccfc6d4b" outcome="Passed" testListId="8c84fa94-04c1-424b-9868-57a2d4851a1d" relativeResultsDirectory="34ddc34e-0636-49b6-ab71-9f3afcf92abd" />
    <UnitTestResult executionId="b632e70e-2f2d-4d69-abb8-ca139d115b41" testId="1c6e6bbd-4559-015c-34d0-44899ecfcc6a" testName="WhenToStringCalled_ShouldReturnSameQuery (select b.* from #some.thing() a cross apply a.Column b)" computerName="pkrvmsl9tci6h6u" duration="00:00:00.0005478" startTime="2025-08-09T21:08:21.5296612+00:00" endTime="2025-08-09T21:08:21.5302760+00:00" testType="13cdc9d9-ddb5-4fa4-a97d-d965ccfc6d4b" outcome="Passed" testListId="8c84fa94-04c1-424b-9868-57a2d4851a1d" relativeResultsDirectory="b632e70e-2f2d-4d69-abb8-ca139d115b41" />
    <UnitTestResult executionId="5718fc07-2b22-4b73-98df-7a1c34940aad" testId="f45f0c67-d1a0-7fc6-8257-958b7c0f4c8b" testName="WhenBitwiseAndBetweenLongAndShort_ShouldBeEvaluated" computerName="pkrvmsl9tci6h6u" duration="00:00:00.0472604" startTime="2025-08-09T21:07:49.2460934+00:00" endTime="2025-08-09T21:07:49.2934554+00:00" testType="13cdc9d9-ddb5-4fa4-a97d-d965ccfc6d4b" outcome="Passed" testListId="8c84fa94-04c1-424b-9868-57a2d4851a1d" relativeResultsDirectory="5718fc07-2b22-4b73-98df-7a1c34940aad" />
    <UnitTestResult executionId="2228f81e-6ebf-4e83-baa7-15facfccf515" testId="a4fca912-fe7d-1520-0d86-816d60532433" testName="WhenLargeLongUsed_ShouldHaveColumnOfThatType" computerName="pkrvmsl9tci6h6u" duration="00:00:00.0235124" startTime="2025-08-09T21:08:11.3259819+00:00" endTime="2025-08-09T21:08:11.3495844+00:00" testType="13cdc9d9-ddb5-4fa4-a97d-d965ccfc6d4b" outcome="Passed" testListId="8c84fa94-04c1-424b-9868-57a2d4851a1d" relativeResultsDirectory="2228f81e-6ebf-4e83-baa7-15facfccf515" />
    <UnitTestResult executionId="ff8d372f-16fa-41de-b1ba-0c5e582e3bc4" testId="eb2824cd-cfeb-ed7a-62d3-d73f197af4ad" testName="WhenDecimalMethodCallAndIntUsed_ShouldHaveColumnOfThatType" computerName="pkrvmsl9tci6h6u" duration="00:00:00.0361701" startTime="2025-08-09T21:07:45.3750510+00:00" endTime="2025-08-09T21:07:45.4113394+00:00" testType="13cdc9d9-ddb5-4fa4-a97d-d965ccfc6d4b" outcome="Passed" testListId="8c84fa94-04c1-424b-9868-57a2d4851a1d" relativeResultsDirectory="ff8d372f-16fa-41de-b1ba-0c5e582e3bc4" />
    <UnitTestResult executionId="dd3da689-7485-4e3e-8982-6cf5647dcae0" testId="15e865fc-5f51-7d7e-571f-3d2be207ff8e" testName="WhenBitwiseOrBetweenShortAndInt_ShouldBeEvaluated" computerName="pkrvmsl9tci6h6u" duration="00:00:00.0723445" startTime="2025-08-09T21:07:51.3840536+00:00" endTime="2025-08-09T21:07:51.4564787+00:00" testType="13cdc9d9-ddb5-4fa4-a97d-d965ccfc6d4b" outcome="Passed" testListId="8c84fa94-04c1-424b-9868-57a2d4851a1d" relativeResultsDirectory="dd3da689-7485-4e3e-8982-6cf5647dcae0" />
    <UnitTestResult executionId="c5f13a46-50d2-4ee5-a4dd-477e98df7113" testId="3122a47e-519a-08eb-5d14-0bc46096118a" testName="CrossApply_SchemaAndMethod_WithComplexObjects" computerName="pkrvmsl9tci6h6u" duration="00:00:00.0446132" startTime="2025-08-09T21:07:59.0032269+00:00" endTime="2025-08-09T21:07:59.0479142+00:00" testType="13cdc9d9-ddb5-4fa4-a97d-d965ccfc6d4b" outcome="Passed" testListId="8c84fa94-04c1-424b-9868-57a2d4851a1d" relativeResultsDirectory="c5f13a46-50d2-4ee5-a4dd-477e98df7113" />
    <UnitTestResult executionId="42b5074f-738f-45b5-b134-1a6bb41b85f2" testId="9037d9c5-14d2-51d0-6467-6db384215d7a" testName="WhenDecimalAndUIntUsed_ShouldHaveColumnOfThatType" computerName="pkrvmsl9tci6h6u" duration="00:00:00.0604790" startTime="2025-08-09T21:07:41.8267267+00:00" endTime="2025-08-09T21:07:41.8873259+00:00" testType="13cdc9d9-ddb5-4fa4-a97d-d965ccfc6d4b" outcome="Passed" testListId="8c84fa94-04c1-424b-9868-57a2d4851a1d" relativeResultsDirectory="42b5074f-738f-45b5-b134-1a6bb41b85f2" />
    <UnitTestResult executionId="4a43213e-aa44-4d1f-8361-bcb5744acb27" testId="fae9c741-fcfd-2f09-52f3-f77f61e7ba1b" testName="WhenCompilerMustDecideWhichOneOfTheMethodsUse_ShouldChoseTheFirstOne" computerName="pkrvmsl9tci6h6u" duration="00:00:00.0405966" startTime="2025-08-09T21:08:09.4488863+00:00" endTime="2025-08-09T21:08:09.4896494+00:00" testType="13cdc9d9-ddb5-4fa4-a97d-d965ccfc6d4b" outcome="Passed" testListId="8c84fa94-04c1-424b-9868-57a2d4851a1d" relativeResultsDirectory="4a43213e-aa44-4d1f-8361-bcb5744acb27" />
    <UnitTestResult executionId="dba82bcc-f608-46e4-a3f5-c2964bc61497" testId="05743620-3397-df2b-3c7f-b5494582eb34" testName="WhenSchemaMethodCrossAppliedWithAnotherSameSchemas_UsesValuesOfSchemaMethodWithinTableValue_ShouldPass" computerName="pkrvmsl9tci6h6u" duration="00:00:00.0517125" startTime="2025-08-09T21:08:00.0606269+00:00" endTime="2025-08-09T21:08:00.1124358+00:00" testType="13cdc9d9-ddb5-4fa4-a97d-d965ccfc6d4b" outcome="Passed" testListId="8c84fa94-04c1-424b-9868-57a2d4851a1d" relativeResultsDirectory="dba82bcc-f608-46e4-a3f5-c2964bc61497" />
    <UnitTestResult executionId="289e79f7-f4f6-4224-b552-43815d92282e" testId="4b2cdc11-a1f2-5e79-3bda-e7219fbab0d7" testName="WhenBitwiseOrBetweenByteAndUInt_ShouldBeEvaluated" computerName="pkrvmsl9tci6h6u" duration="00:00:00.0516921" startTime="2025-08-09T21:07:50.6424808+00:00" endTime="2025-08-09T21:07:50.6942633+00:00" testType="13cdc9d9-ddb5-4fa4-a97d-d965ccfc6d4b" outcome="Passed" testListId="8c84fa94-04c1-424b-9868-57a2d4851a1d" relativeResultsDirectory="289e79f7-f4f6-4224-b552-43815d92282e" />
    <UnitTestResult executionId="44e712f7-e256-4791-81eb-42c6739d7c78" testId="cc07da60-6a08-bf51-d31e-ce27362a7669" testName="WhenLargeIntUsed_ShouldHaveColumnOfThatType" computerName="pkrvmsl9tci6h6u" duration="00:00:00.0238201" startTime="2025-08-09T21:08:11.2669718+00:00" endTime="2025-08-09T21:08:11.2908560+00:00" testType="13cdc9d9-ddb5-4fa4-a97d-d965ccfc6d4b" outcome="Passed" testListId="8c84fa94-04c1-424b-9868-57a2d4851a1d" relativeResultsDirectory="44e712f7-e256-4791-81eb-42c6739d7c78" />
    <UnitTestResult executionId="51de2654-bfc7-401e-9706-fd8fb3c7a592" testId="1ba3ddd3-dd10-18b9-fc45-b3b7fa3c4a38" testName="WhenLongAndDoubleUsed_ShouldHaveColumnOfThatType" computerName="pkrvmsl9tci6h6u" duration="00:00:00.0911938" startTime="2025-08-09T21:07:39.0815342+00:00" endTime="2025-08-09T21:07:39.1728728+00:00" testType="13cdc9d9-ddb5-4fa4-a97d-d965ccfc6d4b" outcome="Passed" testListId="8c84fa94-04c1-424b-9868-57a2d4851a1d" relativeResultsDirectory="51de2654-bfc7-401e-9706-fd8fb3c7a592" />
    <UnitTestResult executionId="b0c9474c-c18f-4861-b77b-e5a57d40198f" testId="aa69540c-1494-d61a-b758-8ef5fa6bb0a0" testName="WhenBitwiseAndBetweenUshortAndUshort_ShouldBeEvaluated" computerName="pkrvmsl9tci6h6u" duration="00:00:00.0640978" startTime="2025-08-09T21:07:47.8037158+00:00" endTime="2025-08-09T21:07:47.8679369+00:00" testType="13cdc9d9-ddb5-4fa4-a97d-d965ccfc6d4b" outcome="Passed" testListId="8c84fa94-04c1-424b-9868-57a2d4851a1d" relativeResultsDirectory="b0c9474c-c18f-4861-b77b-e5a57d40198f" />
    <UnitTestResult executionId="43151c07-79b3-4966-8ea2-3cd9c09a1915" testId="d5f349e0-091d-b97c-0a1a-42acde32e958" testName="SubtractionWithUnaryMinusExpressionTest" computerName="pkrvmsl9tci6h6u" duration="00:00:00.0589261" startTime="2025-08-09T21:07:46.0272990+00:00" endTime="2025-08-09T21:07:46.0863237+00:00" testType="13cdc9d9-ddb5-4fa4-a97d-d965ccfc6d4b" outcome="Passed" testListId="8c84fa94-04c1-424b-9868-57a2d4851a1d" relativeResultsDirectory="43151c07-79b3-4966-8ea2-3cd9c09a1915" />
    <UnitTestResult executionId="ecd011af-0d44-4139-adc0-0b26db8e236e" testId="3d539908-9346-7289-cda9-31964095f0cc" testName="WhenCteInheritsAliasedName_ShouldBeAccessibleByAliasedColumnNameAccessSyntaxWithAliasAndAlias" computerName="pkrvmsl9tci6h6u" duration="00:00:00.1733520" startTime="2025-08-09T21:07:28.7454377+00:00" endTime="2025-08-09T21:07:28.9189556+00:00" testType="13cdc9d9-ddb5-4fa4-a97d-d965ccfc6d4b" outcome="Passed" testListId="8c84fa94-04c1-424b-9868-57a2d4851a1d" relativeResultsDirectory="ecd011af-0d44-4139-adc0-0b26db8e236e" />
    <UnitTestResult executionId="635c8d0c-001e-48e1-a790-f219ccf39851" testId="80b94312-742f-3b4e-2736-32bfacb36e9d" testName="WhenAliasedStarUnfoldToMultipleColumns_ShouldPass" computerName="pkrvmsl9tci6h6u" duration="00:00:00.0481945" startTime="2025-08-09T21:08:20.8175194+00:00" endTime="2025-08-09T21:08:20.8658092+00:00" testType="13cdc9d9-ddb5-4fa4-a97d-d965ccfc6d4b" outcome="Passed" testListId="8c84fa94-04c1-424b-9868-57a2d4851a1d" relativeResultsDirectory="635c8d0c-001e-48e1-a790-f219ccf39851" />
    <UnitTestResult executionId="e0c50830-8097-448d-9307-24477cd56459" testId="0c914e42-c9ee-8d6c-8f03-0e0f8dff8716" testName="ExceptWithSkipDoubleSourceTest" computerName="pkrvmsl9tci6h6u" duration="00:00:00.0438854" startTime="2025-08-09T21:08:17.1289048+00:00" endTime="2025-08-09T21:08:17.1728646+00:00" testType="13cdc9d9-ddb5-4fa4-a97d-d965ccfc6d4b" outcome="Passed" testListId="8c84fa94-04c1-424b-9868-57a2d4851a1d" relativeResultsDirectory="e0c50830-8097-448d-9307-24477cd56459" />
    <UnitTestResult executionId="87ce118a-36fc-4298-9c22-ea875bfe8823" testId="893344ce-284b-89c5-62b6-237cee2dcf6a" testName="MultipleUnionsWithoutDuplicatedKeysTest" computerName="pkrvmsl9tci6h6u" duration="00:00:00.0401163" startTime="2025-08-09T21:08:16.7061508+00:00" endTime="2025-08-09T21:08:16.7463430+00:00" testType="13cdc9d9-ddb5-4fa4-a97d-d965ccfc6d4b" outcome="Passed" testListId="8c84fa94-04c1-424b-9868-57a2d4851a1d" relativeResultsDirectory="87ce118a-36fc-4298-9c22-ea875bfe8823" />
    <UnitTestResult executionId="64c1ebf0-8e0b-4f23-af5e-87fdf691b3df" testId="63b235e6-7de1-9e14-6b8f-be3aa424aa0b" testName="WhenLongMethodCallAndUIntUsed_ShouldHaveColumnOfThatType" computerName="pkrvmsl9tci6h6u" duration="00:00:00.0387111" startTime="2025-08-09T21:07:44.7699526+00:00" endTime="2025-08-09T21:07:44.8087726+00:00" testType="13cdc9d9-ddb5-4fa4-a97d-d965ccfc6d4b" outcome="Passed" testListId="8c84fa94-04c1-424b-9868-57a2d4851a1d" relativeResultsDirectory="64c1ebf0-8e0b-4f23-af5e-87fdf691b3df" />
    <UnitTestResult executionId="7620d217-ea8e-4a08-affb-25189beadbc3" testId="d77e9c4e-e133-6a08-45d5-6eb63b851cb3" testName="WhenUnionAllDoesNotHaveAKey_ShouldFail" computerName="pkrvmsl9tci6h6u" duration="00:00:00.0022339" startTime="2025-08-09T21:08:18.4028987+00:00" endTime="2025-08-09T21:08:18.4051755+00:00" testType="13cdc9d9-ddb5-4fa4-a97d-d965ccfc6d4b" outcome="Passed" testListId="8c84fa94-04c1-424b-9868-57a2d4851a1d" relativeResultsDirectory="7620d217-ea8e-4a08-affb-25189beadbc3" />
    <UnitTestResult executionId="717aa786-2f66-490a-9307-d30ee15e8d6a" testId="b4582464-99e3-6fbd-1c02-cb10f8ef057a" testName="WhenDecimalMethodCallAndULongUsed_ShouldHaveColumnOfThatType" computerName="pkrvmsl9tci6h6u" duration="00:00:00.0457291" startTime="2025-08-09T21:07:45.5287804+00:00" endTime="2025-08-09T21:07:45.5746166+00:00" testType="13cdc9d9-ddb5-4fa4-a97d-d965ccfc6d4b" outcome="Passed" testListId="8c84fa94-04c1-424b-9868-57a2d4851a1d" relativeResultsDirectory="717aa786-2f66-490a-9307-d30ee15e8d6a" />
    <UnitTestResult executionId="3c46195f-475d-482d-a00d-b61dae18562e" testId="27c8491c-12b6-16b3-fd64-09afa7d81023" testName="WhenUIntMethodCallAndIntUsed_ShouldHaveColumnOfThatType" computerName="pkrvmsl9tci6h6u" duration="00:00:00.0414595" startTime="2025-08-09T21:07:44.3169716+00:00" endTime="2025-08-09T21:07:44.3585333+00:00" testType="13cdc9d9-ddb5-4fa4-a97d-d965ccfc6d4b" outcome="Passed" testListId="8c84fa94-04c1-424b-9868-57a2d4851a1d" relativeResultsDirectory="3c46195f-475d-482d-a00d-b61dae18562e" />
    <UnitTestResult executionId="c4d34c22-2805-4ee4-96f2-f1f1f041f566" testId="917ce2e9-1571-c5ec-c658-67d4d1fae00c" testName="WhenSameAliasUsedInOuterApply_ShouldThrow" computerName="pkrvmsl9tci6h6u" duration="00:00:00.0027940" startTime="2025-08-09T21:07:29.1346888+00:00" endTime="2025-08-09T21:07:29.1376055+00:00" testType="13cdc9d9-ddb5-4fa4-a97d-d965ccfc6d4b" outcome="Passed" testListId="8c84fa94-04c1-424b-9868-57a2d4851a1d" relativeResultsDirectory="c4d34c22-2805-4ee4-96f2-f1f1f041f566" />
    <UnitTestResult executionId="77576d7e-cbd1-4e16-a3b1-6a5e68a9ece4" testId="5e9af7a0-17e7-c69a-55ce-5566755892fe" testName="WhenSchemaMethodCrossAppliedWithAnotherSchema_UsesValuesOfSchemaMethodWithinTableValue_UsedWithinCte_ShouldPass" computerName="pkrvmsl9tci6h6u" duration="00:00:00.0401452" startTime="2025-08-09T21:08:00.2560487+00:00" endTime="2025-08-09T21:08:00.2962750+00:00" testType="13cdc9d9-ddb5-4fa4-a97d-d965ccfc6d4b" outcome="Passed" testListId="8c84fa94-04c1-424b-9868-57a2d4851a1d" relativeResultsDirectory="77576d7e-cbd1-4e16-a3b1-6a5e68a9ece4" />
    <UnitTestResult executionId="9aa024ec-8dfe-4c1f-96b1-46b6f6856eb0" testId="83e27817-1071-0104-8984-b751d431dd51" testName="CrossApplyProperty_AliasClashingWithCte_ShouldThrow" computerName="pkrvmsl9tci6h6u" duration="00:00:00.0036021" startTime="2025-08-09T21:07:59.7480131+00:00" endTime="2025-08-09T21:07:59.7516785+00:00" testType="13cdc9d9-ddb5-4fa4-a97d-d965ccfc6d4b" outcome="Passed" testListId="8c84fa94-04c1-424b-9868-57a2d4851a1d" relativeResultsDirectory="9aa024ec-8dfe-4c1f-96b1-46b6f6856eb0" />
    <UnitTestResult executionId="c14ae0d9-1ff3-49c5-aba8-876827b08f7e" testId="62a595f2-d505-f34a-4eb7-6f5a3f790cad" testName="WhenByteAndIntUsed_ShouldHaveColumnOfIntType" computerName="pkrvmsl9tci6h6u" duration="00:00:00.1064093" startTime="2025-08-09T21:07:29.6805815+00:00" endTime="2025-08-09T21:07:29.7872006+00:00" testType="13cdc9d9-ddb5-4fa4-a97d-d965ccfc6d4b" outcome="Passed" testListId="8c84fa94-04c1-424b-9868-57a2d4851a1d" relativeResultsDirectory="c14ae0d9-1ff3-49c5-aba8-876827b08f7e" />
    <UnitTestResult executionId="e6dd15ac-e68f-4779-a26c-186249f34719" testId="9e55a40d-776d-7acd-3ddf-25223f95c0a5" testName="ModuloExpressionWithMultiplicationTest" computerName="pkrvmsl9tci6h6u" duration="00:00:00.0278194" startTime="2025-08-09T21:07:46.1909298+00:00" endTime="2025-08-09T21:07:46.2188429+00:00" testType="13cdc9d9-ddb5-4fa4-a97d-d965ccfc6d4b" outcome="Passed" testListId="8c84fa94-04c1-424b-9868-57a2d4851a1d" relativeResultsDirectory="e6dd15ac-e68f-4779-a26c-186249f34719" />
    <UnitTestResult executionId="50092553-0b24-4aae-87b8-3d8400b7d572" testId="f6edec33-9f0e-8191-5974-b9ad43548d7b" testName="WhenTakeFirstElement_ShouldReturnOnlyFirstLetter" computerName="pkrvmsl9tci6h6u" duration="00:00:00.0267047" startTime="2025-08-09T21:08:03.5493555+00:00" endTime="2025-08-09T21:08:03.5761500+00:00" testType="13cdc9d9-ddb5-4fa4-a97d-d965ccfc6d4b" outcome="Passed" testListId="8c84fa94-04c1-424b-9868-57a2d4851a1d" relativeResultsDirectory="50092553-0b24-4aae-87b8-3d8400b7d572" />
    <UnitTestResult executionId="1b7ccb6b-18b2-438a-92ec-8a27a2dc0103" testId="a016ce37-0e2d-f1de-976d-b2606f9f008f" testName="WhenUIntMethodCallAndLongUsed_ShouldHaveColumnOfThatType" computerName="pkrvmsl9tci6h6u" duration="00:00:00.0447761" startTime="2025-08-09T21:07:44.4086319+00:00" endTime="2025-08-09T21:07:44.4535462+00:00" testType="13cdc9d9-ddb5-4fa4-a97d-d965ccfc6d4b" outcome="Passed" testListId="8c84fa94-04c1-424b-9868-57a2d4851a1d" relativeResultsDirectory="1b7ccb6b-18b2-438a-92ec-8a27a2dc0103" />
    <UnitTestResult executionId="8f33f21d-f967-40dd-9802-b67a69c8d382" testId="6d743508-bb37-9469-3b71-7eb61fa6719f" testName="UnionAllWithoutDuplicatedKeysTest" computerName="pkrvmsl9tci6h6u" duration="00:00:00.0335779" startTime="2025-08-09T21:08:17.0265126+00:00" endTime="2025-08-09T21:08:17.0601872+00:00" testType="13cdc9d9-ddb5-4fa4-a97d-d965ccfc6d4b" outcome="Passed" testListId="8c84fa94-04c1-424b-9868-57a2d4851a1d" relativeResultsDirectory="8f33f21d-f967-40dd-9802-b67a69c8d382" />
    <UnitTestResult executionId="81feffe1-6301-40b3-b6a8-85fc2db8d6f7" testId="687b7ad0-222f-d8ab-cb2c-60e2b4695f13" testName="WhenIntAndLongUsed_ShouldHaveColumnOfThatType" computerName="pkrvmsl9tci6h6u" duration="00:00:00.1211204" startTime="2025-08-09T21:07:36.0421920+00:00" endTime="2025-08-09T21:07:36.1634532+00:00" testType="13cdc9d9-ddb5-4fa4-a97d-d965ccfc6d4b" outcome="Passed" testListId="8c84fa94-04c1-424b-9868-57a2d4851a1d" relativeResultsDirectory="81feffe1-6301-40b3-b6a8-85fc2db8d6f7" />
    <UnitTestResult executionId="55ec1dd1-45a3-4054-a9e5-8c2d51b86bfc" testId="2fc68954-3c78-190f-af53-d81c2f941c18" testName="WhenContainsExpressionIsRewritten_ShouldPass" computerName="pkrvmsl9tci6h6u" duration="00:00:00.0550257" startTime="2025-08-09T21:08:15.5822960+00:00" endTime="2025-08-09T21:08:15.6373906+00:00" testType="13cdc9d9-ddb5-4fa4-a97d-d965ccfc6d4b" outcome="Passed" testListId="8c84fa94-04c1-424b-9868-57a2d4851a1d" relativeResultsDirectory="55ec1dd1-45a3-4054-a9e5-8c2d51b86bfc" />
    <UnitTestResult executionId="101c8bde-9738-4d42-b949-09ba0f1f8561" testId="1740f57d-f494-f5ef-b200-d7faa4530700" testName="WhenSpecialCharactersEscaped_ShouldBePresent" computerName="pkrvmsl9tci6h6u" duration="00:00:00.0255948" startTime="2025-08-09T21:08:02.9947819+00:00" endTime="2025-08-09T21:08:03.0204524+00:00" testType="13cdc9d9-ddb5-4fa4-a97d-d965ccfc6d4b" outcome="Passed" testListId="8c84fa94-04c1-424b-9868-57a2d4851a1d" relativeResultsDirectory="101c8bde-9738-4d42-b949-09ba0f1f8561" />
    <UnitTestResult executionId="c8d28b80-a686-4306-ba99-f13618d92fab" testId="6b14416a-f661-1272-54f0-bbddf9dc9b56" testName="MaxDateTimeOffsetTest" computerName="pkrvmsl9tci6h6u" duration="00:00:00.0453723" startTime="2025-08-09T21:08:01.5517872+00:00" endTime="2025-08-09T21:08:01.5972502+00:00" testType="13cdc9d9-ddb5-4fa4-a97d-d965ccfc6d4b" outcome="Passed" testListId="8c84fa94-04c1-424b-9868-57a2d4851a1d" relativeResultsDirectory="c8d28b80-a686-4306-ba99-f13618d92fab" />
    <UnitTestResult executionId="f11ad75e-3cd6-47cf-a234-24262b807f26" testId="def96d99-27dc-2d3c-0483-d73aae149798" testName="WhenBitwiseXorBetweenShortAndInt_ShouldBeEvaluated" computerName="pkrvmsl9tci6h6u" duration="00:00:00.0435908" startTime="2025-08-09T21:07:54.2441253+00:00" endTime="2025-08-09T21:07:54.2878098+00:00" testType="13cdc9d9-ddb5-4fa4-a97d-d965ccfc6d4b" outcome="Passed" testListId="8c84fa94-04c1-424b-9868-57a2d4851a1d" relativeResultsDirectory="f11ad75e-3cd6-47cf-a234-24262b807f26" />
    <UnitTestResult executionId="89c37954-1270-489a-a006-1740f2d199e3" testId="3e7a927b-fada-dde6-c422-67eb6b3957a7" testName="MatchWithRegexTest" computerName="pkrvmsl9tci6h6u" duration="00:00:00.0396106" startTime="2025-08-09T21:08:20.0838147+00:00" endTime="2025-08-09T21:08:20.1235081+00:00" testType="13cdc9d9-ddb5-4fa4-a97d-d965ccfc6d4b" outcome="Passed" testListId="8c84fa94-04c1-424b-9868-57a2d4851a1d" relativeResultsDirectory="89c37954-1270-489a-a006-1740f2d199e3" />
    <UnitTestResult executionId="25c69a14-ab80-4a94-8075-3e52be438f26" testId="420dc1b2-1f79-ca65-dbc8-c6f89d3d3d1a" testName="WhenByteMethodCallAndIntUsed_ShouldHaveColumnOfThatType" computerName="pkrvmsl9tci6h6u" duration="00:00:00.0458437" startTime="2025-08-09T21:07:42.2215936+00:00" endTime="2025-08-09T21:07:42.2675430+00:00" testType="13cdc9d9-ddb5-4fa4-a97d-d965ccfc6d4b" outcome="Passed" testListId="8c84fa94-04c1-424b-9868-57a2d4851a1d" relativeResultsDirectory="25c69a14-ab80-4a94-8075-3e52be438f26" />
    <UnitTestResult executionId="7c6652b2-f866-4f09-aaa7-cf06a75ce65b" testId="805ee074-f918-e6c5-5823-a7b44892b997" testName="WhenBitwiseAndBetweenUshortAndByte_ShouldBeEvaluated" computerName="pkrvmsl9tci6h6u" duration="00:00:00.0511606" startTime="2025-08-09T21:07:47.6719418+00:00" endTime="2025-08-09T21:07:47.7232387+00:00" testType="13cdc9d9-ddb5-4fa4-a97d-d965ccfc6d4b" outcome="Passed" testListId="8c84fa94-04c1-424b-9868-57a2d4851a1d" relativeResultsDirectory="7c6652b2-f866-4f09-aaa7-cf06a75ce65b" />
    <UnitTestResult executionId="dc7aebcc-7755-443f-b89a-5c398531da31" testId="9c454bee-a5d3-d9f6-b57a-a4d219662a26" testName="WhenByteMethodCallAndUShortUsed_ShouldHaveColumnOfThatType" computerName="pkrvmsl9tci6h6u" duration="00:00:00.0337988" startTime="2025-08-09T21:07:42.1875986+00:00" endTime="2025-08-09T21:07:42.2215092+00:00" testType="13cdc9d9-ddb5-4fa4-a97d-d965ccfc6d4b" outcome="Passed" testListId="8c84fa94-04c1-424b-9868-57a2d4851a1d" relativeResultsDirectory="dc7aebcc-7755-443f-b89a-5c398531da31" />
    <UnitTestResult executionId="a250bc6a-95af-4aaa-bff3-88d529790897" testId="cab705f3-49ce-f227-eb13-8c6933b8df44" testName="SubtractTwoAliasedValuesTest" computerName="pkrvmsl9tci6h6u" duration="00:00:00.0368906" startTime="2025-08-09T21:08:20.2162370+00:00" endTime="2025-08-09T21:08:20.2532039+00:00" testType="13cdc9d9-ddb5-4fa4-a97d-d965ccfc6d4b" outcome="Passed" testListId="8c84fa94-04c1-424b-9868-57a2d4851a1d" relativeResultsDirectory="a250bc6a-95af-4aaa-bff3-88d529790897" />
    <UnitTestResult executionId="d813a32a-9043-4774-ab44-0984d8e7a4bb" testId="ea4a9028-995a-d152-9866-185fb14554ad" testName="WhenSByteAndDoubleUsed_ShouldHaveColumnOfDoubleType" computerName="pkrvmsl9tci6h6u" duration="00:00:00.1419556" startTime="2025-08-09T21:07:31.7318251+00:00" endTime="2025-08-09T21:07:31.8740142+00:00" testType="13cdc9d9-ddb5-4fa4-a97d-d965ccfc6d4b" outcome="Passed" testListId="8c84fa94-04c1-424b-9868-57a2d4851a1d" relativeResultsDirectory="d813a32a-9043-4774-ab44-0984d8e7a4bb" />
    <UnitTestResult executionId="c65b3059-295f-4f24-80cb-c9ce56757a22" testId="31b73d1b-34c9-dbfd-3f68-bbff182a5498" testName="SubtractionWithUnaryMinusTest" computerName="pkrvmsl9tci6h6u" duration="00:00:00.0271532" startTime="2025-08-09T21:07:45.9999883+00:00" endTime="2025-08-09T21:07:46.0272438+00:00" testType="13cdc9d9-ddb5-4fa4-a97d-d965ccfc6d4b" outcome="Passed" testListId="8c84fa94-04c1-424b-9868-57a2d4851a1d" relativeResultsDirectory="c65b3059-295f-4f24-80cb-c9ce56757a22" />
    <UnitTestResult executionId="20f96c6c-9344-436f-a840-be92a07253cf" testId="9b8f5a1a-566a-83b4-3531-b9aab758421b" testName="MultipleAndOperatorTest" computerName="pkrvmsl9tci6h6u" duration="00:00:00.0436824" startTime="2025-08-09T21:08:18.8299892+00:00" endTime="2025-08-09T21:08:18.8737724+00:00" testType="13cdc9d9-ddb5-4fa4-a97d-d965ccfc6d4b" outcome="Passed" testListId="8c84fa94-04c1-424b-9868-57a2d4851a1d" relativeResultsDirectory="20f96c6c-9344-436f-a840-be92a07253cf" />
    <UnitTestResult executionId="4f035bb0-7d9e-4d28-8e66-496c15711d28" testId="2607c5d4-74b4-60b8-f070-7a33d1358c38" testName="WhenValueOfUshortTypeOccured_ShouldHaveColumnOfThatType" computerName="pkrvmsl9tci6h6u" duration="00:00:00.0467507" startTime="2025-08-09T21:08:15.1308920+00:00" endTime="2025-08-09T21:08:15.1777123+00:00" testType="13cdc9d9-ddb5-4fa4-a97d-d965ccfc6d4b" outcome="Passed" testListId="8c84fa94-04c1-424b-9868-57a2d4851a1d" relativeResultsDirectory="4f035bb0-7d9e-4d28-8e66-496c15711d28" />
    <UnitTestResult executionId="2121f7f4-412a-4de7-a122-5bcfb0e4c5cd" testId="4aee4819-9100-d0bd-659d-332c87399181" testName="WhenOrderByWithGroupByMultipleColumnAndFirstDesc_ShouldSucceed" computerName="pkrvmsl9tci6h6u" duration="00:00:00.0506845" startTime="2025-08-09T21:08:12.0717642+00:00" endTime="2025-08-09T21:08:12.1225318+00:00" testType="13cdc9d9-ddb5-4fa4-a97d-d965ccfc6d4b" outcome="Passed" testListId="8c84fa94-04c1-424b-9868-57a2d4851a1d" relativeResultsDirectory="2121f7f4-412a-4de7-a122-5bcfb0e4c5cd" />
    <UnitTestResult executionId="d971cfcf-72fc-411f-ae20-dab51bf456c8" testId="6fef6b23-2009-c803-c974-374613bf6c3d" testName="MultipleLeftJoinTest" computerName="pkrvmsl9tci6h6u" duration="00:00:00.0790478" startTime="2025-08-09T21:08:07.6369932+00:00" endTime="2025-08-09T21:08:07.7161165+00:00" testType="13cdc9d9-ddb5-4fa4-a97d-d965ccfc6d4b" outcome="Passed" testListId="8c84fa94-04c1-424b-9868-57a2d4851a1d" relativeResultsDirectory="d971cfcf-72fc-411f-ae20-dab51bf456c8" />
    <UnitTestResult executionId="f7d8cacc-7b37-43b6-b5e1-1ed356559804" testId="fac1b691-0faa-b211-dc57-f70444bf5abd" testName="OuterApply_NoMatchesShouldReturnNull_ShouldPass" computerName="pkrvmsl9tci6h6u" duration="00:00:00.0395693" startTime="2025-08-09T21:08:14.4484045+00:00" endTime="2025-08-09T21:08:14.4881386+00:00" testType="13cdc9d9-ddb5-4fa4-a97d-d965ccfc6d4b" outcome="Passed" testListId="8c84fa94-04c1-424b-9868-57a2d4851a1d" relativeResultsDirectory="f7d8cacc-7b37-43b6-b5e1-1ed356559804" />
    <UnitTestResult executionId="ce813f48-549c-40f9-bf94-8aec5c52347b" testId="cf2c49f5-0c75-9579-f4fa-22ad8f63245b" testName="TailWithStringTest" computerName="pkrvmsl9tci6h6u" duration="00:00:00.0653402" startTime="2025-08-09T21:08:20.1507755+00:00" endTime="2025-08-09T21:08:20.2161959+00:00" testType="13cdc9d9-ddb5-4fa4-a97d-d965ccfc6d4b" outcome="Passed" testListId="8c84fa94-04c1-424b-9868-57a2d4851a1d" relativeResultsDirectory="ce813f48-549c-40f9-bf94-8aec5c52347b" />
    <UnitTestResult executionId="4da79e2b-3720-4938-989c-848391cc710a" testId="5297ff77-f27e-5e74-4ed7-a3a57eefe2fe" testName="WhenDecimalUsed_ShouldHaveColumnOfThatType" computerName="pkrvmsl9tci6h6u" duration="00:00:00.0620595" startTime="2025-08-09T21:08:10.7827490+00:00" endTime="2025-08-09T21:08:10.8448846+00:00" testType="13cdc9d9-ddb5-4fa4-a97d-d965ccfc6d4b" outcome="Passed" testListId="8c84fa94-04c1-424b-9868-57a2d4851a1d" relativeResultsDirectory="4da79e2b-3720-4938-989c-848391cc710a" />
    <UnitTestResult executionId="4e1cdfb5-caac-4e98-b8c6-2bea0b95884f" testId="cad60ec3-3b91-2947-5f1d-23fc7701ae59" testName="WhenBitwiseXorBetweenUIntAndUShort_ShouldBeEvaluated" computerName="pkrvmsl9tci6h6u" duration="00:00:00.0508746" startTime="2025-08-09T21:07:54.8872470+00:00" endTime="2025-08-09T21:07:54.9381969+00:00" testType="13cdc9d9-ddb5-4fa4-a97d-d965ccfc6d4b" outcome="Passed" testListId="8c84fa94-04c1-424b-9868-57a2d4851a1d" relativeResultsDirectory="4e1cdfb5-caac-4e98-b8c6-2bea0b95884f" />
    <UnitTestResult executionId="ef9bae0b-803e-45b8-8d36-891a5c3a0a1b" testId="adc9587f-2229-c4bc-eb8b-d77610694421" testName="MixedSourcesExceptUnionWithMultipleColumnsScenarioTest" computerName="pkrvmsl9tci6h6u" duration="00:00:00.0536208" startTime="2025-08-09T21:08:17.7834816+00:00" endTime="2025-08-09T21:08:17.8371671+00:00" testType="13cdc9d9-ddb5-4fa4-a97d-d965ccfc6d4b" outcome="Passed" testListId="8c84fa94-04c1-424b-9868-57a2d4851a1d" relativeResultsDirectory="ef9bae0b-803e-45b8-8d36-891a5c3a0a1b" />
    <UnitTestResult executionId="489e5e4a-822b-4729-80ff-5d7953ce9ed9" testId="df444685-30e6-5b10-7fb9-6ef41771df5c" testName="WhenSpecialCharacterStartBracketUsedInTextWith_MustNotThrow (~)" computerName="pkrvmsl9tci6h6u" duration="00:00:00.0386120" startTime="2025-08-09T21:08:22.3284557+00:00" endTime="2025-08-09T21:08:22.3671823+00:00" testType="13cdc9d9-ddb5-4fa4-a97d-d965ccfc6d4b" outcome="Passed" testListId="8c84fa94-04c1-424b-9868-57a2d4851a1d" relativeResultsDirectory="489e5e4a-822b-4729-80ff-5d7953ce9ed9" />
    <UnitTestResult executionId="81d40f73-f211-4df8-8613-8910a78f901e" testId="946bc80b-b48b-14cf-fc22-5153d024215a" testName="ArrayAccess_NegativeIndex_ShouldReturnDefault" computerName="pkrvmsl9tci6h6u" duration="00:00:00.0583968" startTime="2025-08-09T21:07:46.5304219+00:00" endTime="2025-08-09T21:07:46.5893359+00:00" testType="13cdc9d9-ddb5-4fa4-a97d-d965ccfc6d4b" outcome="Failed" testListId="8c84fa94-04c1-424b-9868-57a2d4851a1d" relativeResultsDirectory="81d40f73-f211-4df8-8613-8910a78f901e">
      <Output>
        <ErrorInfo>
          <Message>Test method Musoq.Evaluator.Tests.ArrayAccessEdgeCaseTests.ArrayAccess_NegativeIndex_ShouldReturnDefault threw exception: &#xD;
System.InvalidCastException: Unable to cast object of type 'System.Int32[]' to type 'System.Int32'.</Message>
          <StackTrace>    at Musoq.Evaluator.Tests.ArrayAccessEdgeCaseTests.ArrayAccess_NegativeIndex_ShouldReturnDefault() in /home/runner/work/Musoq/Musoq/Musoq.Evaluator.Tests/ArrayAccessEdgeCaseTests.cs:line 59
   at System.RuntimeMethodHandle.InvokeMethod(Object target, Void** arguments, Signature sig, Boolean isConstructor)
   at System.Reflection.MethodBaseInvoker.InvokeWithNoArgs(Object obj, BindingFlags invokeAttr)
</StackTrace>
        </ErrorInfo>
      </Output>
    </UnitTestResult>
    <UnitTestResult executionId="637f7000-85a5-433f-b565-b96d97fa06c0" testId="68be8e30-8855-e2a4-eb00-5c766107cef7" testName="WhenAliasedStarUnfoldToMultipleColumns_AndExplicitColumnUsed_ShouldPass" computerName="pkrvmsl9tci6h6u" duration="00:00:00.0463617" startTime="2025-08-09T21:08:20.9005500+00:00" endTime="2025-08-09T21:08:20.9470054+00:00" testType="13cdc9d9-ddb5-4fa4-a97d-d965ccfc6d4b" outcome="Passed" testListId="8c84fa94-04c1-424b-9868-57a2d4851a1d" relativeResultsDirectory="637f7000-85a5-433f-b565-b96d97fa06c0" />
    <UnitTestResult executionId="3416a847-dd9e-4436-8e3f-7fe26e039fd2" testId="ec52888b-374e-bf14-9e56-282598c96406" testName="QueryWithToDateTimeTest" computerName="pkrvmsl9tci6h6u" duration="00:00:00.0255989" startTime="2025-08-09T21:08:20.5834790+00:00" endTime="2025-08-09T21:08:20.6091543+00:00" testType="13cdc9d9-ddb5-4fa4-a97d-d965ccfc6d4b" outcome="Passed" testListId="8c84fa94-04c1-424b-9868-57a2d4851a1d" relativeResultsDirectory="3416a847-dd9e-4436-8e3f-7fe26e039fd2" />
    <UnitTestResult executionId="48056694-4b06-4eba-a1b0-84586995c96f" testId="43a2fbca-fadd-ec48-eacc-58a0a2cbaf29" testName="WhenBitwiseAndBetweenUIntAndULong_ShouldBeEvaluated" computerName="pkrvmsl9tci6h6u" duration="00:00:00.0463065" startTime="2025-08-09T21:07:49.0979792+00:00" endTime="2025-08-09T21:07:49.1443997+00:00" testType="13cdc9d9-ddb5-4fa4-a97d-d965ccfc6d4b" outcome="Passed" testListId="8c84fa94-04c1-424b-9868-57a2d4851a1d" relativeResultsDirectory="48056694-4b06-4eba-a1b0-84586995c96f" />
    <UnitTestResult executionId="564599de-81a2-4be5-b442-010b37651a5d" testId="fab96642-6221-5d4e-646d-b65bb389b7a4" testName="WhenToStringCalled_ShouldReturnSameQuery (select b.* from #some.thing() a outer apply a.TestMethod(b.Column) b)" computerName="pkrvmsl9tci6h6u" duration="00:00:00.0005801" startTime="2025-08-09T21:08:21.5322375+00:00" endTime="2025-08-09T21:08:21.5328808+00:00" testType="13cdc9d9-ddb5-4fa4-a97d-d965ccfc6d4b" outcome="Passed" testListId="8c84fa94-04c1-424b-9868-57a2d4851a1d" relativeResultsDirectory="564599de-81a2-4be5-b442-010b37651a5d" />
    <UnitTestResult executionId="5653bb8c-e88f-4ecc-8427-c8db6f5d4d4a" testId="ac9ad331-9d2b-e8bf-0742-03065968fca1" testName="SimpleGroupByTest" computerName="pkrvmsl9tci6h6u" duration="00:00:00.0635555" startTime="2025-08-09T21:08:04.5275189+00:00" endTime="2025-08-09T21:08:04.5911707+00:00" testType="13cdc9d9-ddb5-4fa4-a97d-d965ccfc6d4b" outcome="Passed" testListId="8c84fa94-04c1-424b-9868-57a2d4851a1d" relativeResultsDirectory="5653bb8c-e88f-4ecc-8427-c8db6f5d4d4a" />
    <UnitTestResult executionId="0529584d-8b8d-4a45-bd9e-02363cfcf846" testId="b70b29b1-ee1b-5ed1-7421-7f44214c23cb" testName="WhenAliasedStarUnfoldToMultipleColumns_AndAliasedStarIsUsedWithinSelect_ShouldPass" computerName="pkrvmsl9tci6h6u" duration="00:00:00.0485937" startTime="2025-08-09T21:08:21.3478637+00:00" endTime="2025-08-09T21:08:21.3965374+00:00" testType="13cdc9d9-ddb5-4fa4-a97d-d965ccfc6d4b" outcome="Passed" testListId="8c84fa94-04c1-424b-9868-57a2d4851a1d" relativeResultsDirectory="0529584d-8b8d-4a45-bd9e-02363cfcf846" />
    <UnitTestResult executionId="8fd1d3c3-6635-4def-97f3-69cb1be0dc69" testId="34a2831c-0bdf-d824-cf14-35bb16131b4c" testName="IntersectWithSkipTripleSourcesTest" computerName="pkrvmsl9tci6h6u" duration="00:00:00.0560911" startTime="2025-08-09T21:08:17.4652670+00:00" endTime="2025-08-09T21:08:17.5214371+00:00" testType="13cdc9d9-ddb5-4fa4-a97d-d965ccfc6d4b" outcome="Passed" testListId="8c84fa94-04c1-424b-9868-57a2d4851a1d" relativeResultsDirectory="8fd1d3c3-6635-4def-97f3-69cb1be0dc69" />
    <UnitTestResult executionId="1fd6f6e6-13c7-4049-9097-945eaff8d295" testId="897a95b8-9f97-8743-ac4b-63cdd8da00f5" testName="WhenToStringCalled_ShouldReturnSameQuery (select s.Column1, s.Column2 from #some.thing() s where s.Column1 in (1, 2, 3) skip 2 take 5)" computerName="pkrvmsl9tci6h6u" duration="00:00:00.0016981" startTime="2025-08-09T21:08:21.5050413+00:00" endTime="2025-08-09T21:08:21.5068312+00:00" testType="13cdc9d9-ddb5-4fa4-a97d-d965ccfc6d4b" outcome="Passed" testListId="8c84fa94-04c1-424b-9868-57a2d4851a1d" relativeResultsDirectory="1fd6f6e6-13c7-4049-9097-945eaff8d295" />
    <UnitTestResult executionId="f1852051-f221-4cc4-9c93-41300128b51a" testId="17e58ba2-738d-443b-5cd0-d3eacf360b83" testName="WhenToStringCalled_ShouldReturnSameQuery (select 1 as X, 2 as Y from #A.entities())" computerName="pkrvmsl9tci6h6u" duration="00:00:00.0008637" startTime="2025-08-09T21:08:21.4553997+00:00" endTime="2025-08-09T21:08:21.4563486+00:00" testType="13cdc9d9-ddb5-4fa4-a97d-d965ccfc6d4b" outcome="Passed" testListId="8c84fa94-04c1-424b-9868-57a2d4851a1d" relativeResultsDirectory="f1852051-f221-4cc4-9c93-41300128b51a" />
    <UnitTestResult executionId="8b3a4f03-a9c9-43ca-8ac0-1b057718d25f" testId="13cf340e-3c95-328f-64d2-d5bdf7e02445" testName="WhenSByteMethodCallAndByteUsed_ShouldHaveColumnOfThatType" computerName="pkrvmsl9tci6h6u" duration="00:00:00.0699413" startTime="2025-08-09T21:07:42.4808050+00:00" endTime="2025-08-09T21:07:42.5508577+00:00" testType="13cdc9d9-ddb5-4fa4-a97d-d965ccfc6d4b" outcome="Passed" testListId="8c84fa94-04c1-424b-9868-57a2d4851a1d" relativeResultsDirectory="8b3a4f03-a9c9-43ca-8ac0-1b057718d25f" />
    <UnitTestResult executionId="5d60aa05-b35d-437a-9c30-00741c22b27f" testId="314dd11f-46ff-296e-b80e-24b72e4ed349" testName="WhenOrderByWithMultipleColumnsFirstDescWithinCteExpression_ShouldSucceed" computerName="pkrvmsl9tci6h6u" duration="00:00:00.0340554" startTime="2025-08-09T21:08:12.4572477+00:00" endTime="2025-08-09T21:08:12.4913885+00:00" testType="13cdc9d9-ddb5-4fa4-a97d-d965ccfc6d4b" outcome="Passed" testListId="8c84fa94-04c1-424b-9868-57a2d4851a1d" relativeResultsDirectory="5d60aa05-b35d-437a-9c30-00741c22b27f" />
    <UnitTestResult executionId="c20f7977-70eb-4a13-9edc-56ea7d4162a4" testId="9fad8f8b-720a-107e-c1d0-0cdd0dc043e2" testName="CrossApplyProperty_WithComplexList_ShouldPass" computerName="pkrvmsl9tci6h6u" duration="00:00:00.0444074" startTime="2025-08-09T21:07:59.5991210+00:00" endTime="2025-08-09T21:07:59.6435948+00:00" testType="13cdc9d9-ddb5-4fa4-a97d-d965ccfc6d4b" outcome="Passed" testListId="8c84fa94-04c1-424b-9868-57a2d4851a1d" relativeResultsDirectory="c20f7977-70eb-4a13-9edc-56ea7d4162a4" />
    <UnitTestResult executionId="b3e034c6-e342-4d85-afc4-78c2a9a356f6" testId="ea5abe7b-d05b-d3dd-f248-c7413d2cdbca" testName="WhenBitwiseOrBetweenIntAndUShort_ShouldBeEvaluated" computerName="pkrvmsl9tci6h6u" duration="00:00:00.0616775" startTime="2025-08-09T21:07:51.6671863+00:00" endTime="2025-08-09T21:07:51.7289331+00:00" testType="13cdc9d9-ddb5-4fa4-a97d-d965ccfc6d4b" outcome="Passed" testListId="8c84fa94-04c1-424b-9868-57a2d4851a1d" relativeResultsDirectory="b3e034c6-e342-4d85-afc4-78c2a9a356f6" />
    <UnitTestResult executionId="51a81973-844f-4f91-ab33-921818769e84" testId="f4a6e852-8ec1-6de0-6ca8-83dbbc029e26" testName="WhenBitwiseShiftLeft_short_ShouldBeEvaluated" computerName="pkrvmsl9tci6h6u" duration="00:00:00.0433692" startTime="2025-08-09T21:07:55.7129070+00:00" endTime="2025-08-09T21:07:55.7563373+00:00" testType="13cdc9d9-ddb5-4fa4-a97d-d965ccfc6d4b" outcome="Passed" testListId="8c84fa94-04c1-424b-9868-57a2d4851a1d" relativeResultsDirectory="51a81973-844f-4f91-ab33-921818769e84" />
    <UnitTestResult executionId="e0c920b0-2327-4c7b-b0cb-aa05cf131f18" testId="b17d3a45-6313-6d50-f9c7-d0385d04de3f" testName="WhenDecimalAndDecimalUsed_ShouldHaveColumnOfThatType" computerName="pkrvmsl9tci6h6u" duration="00:00:00.0608895" startTime="2025-08-09T21:07:41.9627197+00:00" endTime="2025-08-09T21:07:42.0237965+00:00" testType="13cdc9d9-ddb5-4fa4-a97d-d965ccfc6d4b" outcome="Passed" testListId="8c84fa94-04c1-424b-9868-57a2d4851a1d" relativeResultsDirectory="e0c920b0-2327-4c7b-b0cb-aa05cf131f18" />
    <UnitTestResult executionId="3371b68f-feda-459a-942e-c922bab099a8" testId="50a2fd11-db94-5426-b3d9-e8e891e726a8" testName="WhenBitwiseOrBetweenUIntAndSByte_ShouldBeEvaluated" computerName="pkrvmsl9tci6h6u" duration="00:00:00.0678660" startTime="2025-08-09T21:07:51.9371988+00:00" endTime="2025-08-09T21:07:52.0051335+00:00" testType="13cdc9d9-ddb5-4fa4-a97d-d965ccfc6d4b" outcome="Passed" testListId="8c84fa94-04c1-424b-9868-57a2d4851a1d" relativeResultsDirectory="3371b68f-feda-459a-942e-c922bab099a8" />
    <UnitTestResult executionId="617759ce-6238-4774-b870-6f774d86d2ca" testId="49b1ede8-11f8-66c1-4b2f-2885edeeac7c" testName="WhenLargeNegativeDecimalUsed_ShouldHaveColumnOfThatType" computerName="pkrvmsl9tci6h6u" duration="00:00:00.0529936" startTime="2025-08-09T21:08:11.6408007+00:00" endTime="2025-08-09T21:08:11.6938600+00:00" testType="13cdc9d9-ddb5-4fa4-a97d-d965ccfc6d4b" outcome="Passed" testListId="8c84fa94-04c1-424b-9868-57a2d4851a1d" relativeResultsDirectory="617759ce-6238-4774-b870-6f774d86d2ca" />
    <UnitTestResult executionId="232b4375-4c8c-4b8f-ac77-881c7b337184" testId="3749f425-f4ac-a083-58b1-2341d91bda54" testName="AdditionWithUnaryMinusAndAdditionTest" computerName="pkrvmsl9tci6h6u" duration="00:00:00.0297351" startTime="2025-08-09T21:07:46.1610333+00:00" endTime="2025-08-09T21:07:46.1908737+00:00" testType="13cdc9d9-ddb5-4fa4-a97d-d965ccfc6d4b" outcome="Passed" testListId="8c84fa94-04c1-424b-9868-57a2d4851a1d" relativeResultsDirectory="232b4375-4c8c-4b8f-ac77-881c7b337184" />
    <UnitTestResult executionId="bafed2b0-6090-4d40-bae6-fa0876761b35" testId="47058bb1-b57d-8f36-83f0-e448a4ce73be" testName="WhenBitwiseAndBetweenSbyteAndSbyte_ShouldBeEvaluated" computerName="pkrvmsl9tci6h6u" duration="00:00:00.0724856" startTime="2025-08-09T21:07:47.0001453+00:00" endTime="2025-08-09T21:07:47.0727384+00:00" testType="13cdc9d9-ddb5-4fa4-a97d-d965ccfc6d4b" outcome="Passed" testListId="8c84fa94-04c1-424b-9868-57a2d4851a1d" relativeResultsDirectory="bafed2b0-6090-4d40-bae6-fa0876761b35" />
    <UnitTestResult executionId="db9e0892-eeab-4d54-9813-80abc2824446" testId="5eeee182-ebcc-02d3-f763-c732ef5358b0" testName="WhenSByteUsed_ShouldHaveColumnOfThatType" computerName="pkrvmsl9tci6h6u" duration="00:00:00.0322094" startTime="2025-08-09T21:08:10.5413188+00:00" endTime="2025-08-09T21:08:10.5758322+00:00" testType="13cdc9d9-ddb5-4fa4-a97d-d965ccfc6d4b" outcome="Passed" testListId="8c84fa94-04c1-424b-9868-57a2d4851a1d" relativeResultsDirectory="db9e0892-eeab-4d54-9813-80abc2824446" />
    <UnitTestResult executionId="a61eb34a-b90e-4430-b586-ee0662dbe8e9" testId="d888c20f-cf55-95e5-01e3-e1f7fef92b1c" testName="WhenBitwiseOrBetweenShortAndLong_ShouldBeEvaluated" computerName="pkrvmsl9tci6h6u" duration="00:00:00.0351452" startTime="2025-08-09T21:07:51.5001803+00:00" endTime="2025-08-09T21:07:51.5354174+00:00" testType="13cdc9d9-ddb5-4fa4-a97d-d965ccfc6d4b" outcome="Passed" testListId="8c84fa94-04c1-424b-9868-57a2d4851a1d" relativeResultsDirectory="a61eb34a-b90e-4430-b586-ee0662dbe8e9" />
    <UnitTestResult executionId="582021fe-0de8-469b-93a0-2da36fda99d3" testId="e9c2e837-9cd1-2cde-37c7-e58146bbaeee" testName="MultipleCteExpressionsTest" computerName="pkrvmsl9tci6h6u" duration="00:00:00.0781239" startTime="2025-08-09T21:08:01.0389516+00:00" endTime="2025-08-09T21:08:01.1171396+00:00" testType="13cdc9d9-ddb5-4fa4-a97d-d965ccfc6d4b" outcome="Passed" testListId="8c84fa94-04c1-424b-9868-57a2d4851a1d" relativeResultsDirectory="582021fe-0de8-469b-93a0-2da36fda99d3" />
    <UnitTestResult executionId="220f08df-ac19-45e3-aae8-c234395dc04c" testId="622bea83-fee6-71de-7baf-41dfd51de05e" testName="WhenBitwiseXorBetweenUIntAndShort_ShouldBeEvaluated" computerName="pkrvmsl9tci6h6u" duration="00:00:00.0438835" startTime="2025-08-09T21:07:54.8432598+00:00" endTime="2025-08-09T21:07:54.8872054+00:00" testType="13cdc9d9-ddb5-4fa4-a97d-d965ccfc6d4b" outcome="Passed" testListId="8c84fa94-04c1-424b-9868-57a2d4851a1d" relativeResultsDirectory="220f08df-ac19-45e3-aae8-c234395dc04c" />
    <UnitTestResult executionId="588d3ee7-c9a6-4a2d-939b-51ab361847bd" testId="9c4fd82c-e9d4-27ad-5486-6504fd1d1201" testName="MultipleUnionAllWithSkipTest" computerName="pkrvmsl9tci6h6u" duration="00:00:00.0504243" startTime="2025-08-09T21:08:16.5182706+00:00" endTime="2025-08-09T21:08:16.5687853+00:00" testType="13cdc9d9-ddb5-4fa4-a97d-d965ccfc6d4b" outcome="Passed" testListId="8c84fa94-04c1-424b-9868-57a2d4851a1d" relativeResultsDirectory="588d3ee7-c9a6-4a2d-939b-51ab361847bd" />
    <UnitTestResult executionId="bcd4980b-35cb-40ba-9448-5091a0f99ffa" testId="c98549c8-8765-fdcf-48c6-a060e3807146" testName="WithDynamicSource_DescDynamicObjectWithComplexColumns_ShouldPass" computerName="pkrvmsl9tci6h6u" duration="00:00:00.0185514" startTime="2025-08-09T21:08:01.7472999+00:00" endTime="2025-08-09T21:08:01.7659207+00:00" testType="13cdc9d9-ddb5-4fa4-a97d-d965ccfc6d4b" outcome="Passed" testListId="8c84fa94-04c1-424b-9868-57a2d4851a1d" relativeResultsDirectory="bcd4980b-35cb-40ba-9448-5091a0f99ffa" />
    <UnitTestResult executionId="0dee2cc3-e3f9-487e-b622-1ec52c32c824" testId="288fba02-a53f-939f-3026-deebc83d1fbc" testName="PassInferredColumnsWithSetOfCoupledTables" computerName="pkrvmsl9tci6h6u" duration="00:00:00.0472601" startTime="2025-08-09T21:08:14.9232176+00:00" endTime="2025-08-09T21:08:14.9705545+00:00" testType="13cdc9d9-ddb5-4fa4-a97d-d965ccfc6d4b" outcome="Passed" testListId="8c84fa94-04c1-424b-9868-57a2d4851a1d" relativeResultsDirectory="0dee2cc3-e3f9-487e-b622-1ec52c32c824" />
    <UnitTestResult executionId="126d8ebe-cdfd-47f8-a433-234304e872e6" testId="2ed21e13-0750-3f9d-cbe4-94c825031f82" testName="WhenUShortMethodCallAndULongUsed_ShouldHaveColumnOfThatType" computerName="pkrvmsl9tci6h6u" duration="00:00:00.0616212" startTime="2025-08-09T21:07:43.6285215+00:00" endTime="2025-08-09T21:07:43.6902690+00:00" testType="13cdc9d9-ddb5-4fa4-a97d-d965ccfc6d4b" outcome="Passed" testListId="8c84fa94-04c1-424b-9868-57a2d4851a1d" relativeResultsDirectory="126d8ebe-cdfd-47f8-a433-234304e872e6" />
    <UnitTestResult executionId="313b043c-2f20-4e8a-9432-16cc6db1a7a1" testId="0a5829ec-b2a9-36bf-eade-6e4bc8c0d870" testName="MultipleUnionsAllWithoutDuplicatedKeysTest" computerName="pkrvmsl9tci6h6u" duration="00:00:00.0535339" startTime="2025-08-09T21:08:16.9115876+00:00" endTime="2025-08-09T21:08:16.9651878+00:00" testType="13cdc9d9-ddb5-4fa4-a97d-d965ccfc6d4b" outcome="Passed" testListId="8c84fa94-04c1-424b-9868-57a2d4851a1d" relativeResultsDirectory="313b043c-2f20-4e8a-9432-16cc6db1a7a1" />
    <UnitTestResult executionId="97a7863f-d456-4507-8ebf-3552f6726dc3" testId="68ddf7f6-e6f3-3c7f-c0dd-d6c1f8d5d0e6" testName="JoinWithUnionAllTest" computerName="pkrvmsl9tci6h6u" duration="00:00:00.0844960" startTime="2025-08-09T21:08:07.2643705+00:00" endTime="2025-08-09T21:08:07.3489424+00:00" testType="13cdc9d9-ddb5-4fa4-a97d-d965ccfc6d4b" outcome="Passed" testListId="8c84fa94-04c1-424b-9868-57a2d4851a1d" relativeResultsDirectory="97a7863f-d456-4507-8ebf-3552f6726dc3" />
    <UnitTestResult executionId="317390ab-6b3d-4690-a945-6d7f2cb84d6a" testId="f852bc2e-a125-083f-0f47-fc3a49e5167b" testName="WhenEnumerableChangesToArray_ShouldPass" computerName="pkrvmsl9tci6h6u" duration="00:00:00.0553903" startTime="2025-08-09T21:08:03.4281366+00:00" endTime="2025-08-09T21:08:03.4836052+00:00" testType="13cdc9d9-ddb5-4fa4-a97d-d965ccfc6d4b" outcome="Passed" testListId="8c84fa94-04c1-424b-9868-57a2d4851a1d" relativeResultsDirectory="317390ab-6b3d-4690-a945-6d7f2cb84d6a" />
    <UnitTestResult executionId="09d8447c-de66-4cd6-b14d-326a3eb8141e" testId="a6b7ce4b-b637-b3cc-58b9-a6085ec40404" testName="DescEntityTest" computerName="pkrvmsl9tci6h6u" duration="00:00:00.0192570" startTime="2025-08-09T21:08:19.7989660+00:00" endTime="2025-08-09T21:08:19.8182853+00:00" testType="13cdc9d9-ddb5-4fa4-a97d-d965ccfc6d4b" outcome="Passed" testListId="8c84fa94-04c1-424b-9868-57a2d4851a1d" relativeResultsDirectory="09d8447c-de66-4cd6-b14d-326a3eb8141e" />
    <UnitTestResult executionId="7bef3788-2291-4ebb-bed2-93114061c0f4" testId="db76dac2-be36-248f-490b-ca8c12902d78" testName="ColumnStringAccess_OutOfBounds_Debug" computerName="pkrvmsl9tci6h6u" duration="00:00:00.0395296" startTime="2025-08-09T21:08:15.3876386+00:00" endTime="2025-08-09T21:08:15.4272352+00:00" testType="13cdc9d9-ddb5-4fa4-a97d-d965ccfc6d4b" outcome="Passed" testListId="8c84fa94-04c1-424b-9868-57a2d4851a1d" relativeResultsDirectory="7bef3788-2291-4ebb-bed2-93114061c0f4">
      <Output>
        <StdOut>Column access result: \u0000 (type: System.Char)</StdOut>
      </Output>
    </UnitTestResult>
    <UnitTestResult executionId="ede2cc82-e871-41ff-b971-d759954ad66b" testId="0203de77-d948-089d-1fcb-04c37fd95817" testName="WhenToStringCalled_ShouldReturnSameQuery (select s.Column1, s.Column2 from #some.thing() s order by s.Column1 take 12)" computerName="pkrvmsl9tci6h6u" duration="00:00:00.0008275" startTime="2025-08-09T21:08:21.4961094+00:00" endTime="2025-08-09T21:08:21.4970049+00:00" testType="13cdc9d9-ddb5-4fa4-a97d-d965ccfc6d4b" outcome="Passed" testListId="8c84fa94-04c1-424b-9868-57a2d4851a1d" relativeResultsDirectory="ede2cc82-e871-41ff-b971-d759954ad66b" />
    <UnitTestResult executionId="921709fc-9712-4307-b0ae-a959d8852367" testId="3577c1e4-59b2-acd6-d2e9-2777cfcf3cae" testName="FirstLetterOfColumnTest2" computerName="pkrvmsl9tci6h6u" duration="00:00:00.0380259" startTime="2025-08-09T21:08:18.5979293+00:00" endTime="2025-08-09T21:08:18.6360288+00:00" testType="13cdc9d9-ddb5-4fa4-a97d-d965ccfc6d4b" outcome="Passed" testListId="8c84fa94-04c1-424b-9868-57a2d4851a1d" relativeResultsDirectory="921709fc-9712-4307-b0ae-a959d8852367" />
    <UnitTestResult executionId="dc3bfc97-bd9e-44f4-af6a-5d5775393a3c" testId="5482b0b8-ea25-4e7a-3241-ec846b247916" testName="DictionaryAccess_InvalidKey_ShouldReturnNull" computerName="pkrvmsl9tci6h6u" duration="00:00:00.0324470" startTime="2025-08-09T21:07:46.7486610+00:00" endTime="2025-08-09T21:07:46.7812153+00:00" testType="13cdc9d9-ddb5-4fa4-a97d-d965ccfc6d4b" outcome="Failed" testListId="8c84fa94-04c1-424b-9868-57a2d4851a1d" relativeResultsDirectory="dc3bfc97-bd9e-44f4-af6a-5d5775393a3c">
      <Output>
        <ErrorInfo>
          <Message>Test method Musoq.Evaluator.Tests.ArrayAccessEdgeCaseTests.DictionaryAccess_InvalidKey_ShouldReturnNull threw exception: &#xD;
System.Collections.Generic.KeyNotFoundException: The given key 'Z' was not present in the dictionary.</Message>
          <StackTrace>    at Query.Compiled_218.CompiledQuery.ComputeTable_ko3iko_0_0(ISchemaProvider provider, IReadOnlyDictionary`2 positionalEnvironmentVariables, IReadOnlyDictionary`2 queriesInformation, ILogger logger, CancellationToken token) in :line 43
   at Query.Compiled_218.CompiledQuery.Run(CancellationToken token) in :line 51
   at Musoq.Evaluator.CompiledQuery.Run(CancellationToken token) in /home/runner/work/Musoq/Musoq/Musoq.Evaluator/CompiledQuery.cs:line 34
   at Musoq.Evaluator.CompiledQuery.Run() in /home/runner/work/Musoq/Musoq/Musoq.Evaluator/CompiledQuery.cs:line 23
   at Musoq.Evaluator.Tests.ArrayAccessEdgeCaseTests.DictionaryAccess_InvalidKey_ShouldReturnNull() in /home/runner/work/Musoq/Musoq/Musoq.Evaluator.Tests/ArrayAccessEdgeCaseTests.cs:line 138
   at System.RuntimeMethodHandle.InvokeMethod(Object target, Void** arguments, Signature sig, Boolean isConstructor)
   at System.Reflection.MethodBaseInvoker.InvokeWithNoArgs(Object obj, BindingFlags invokeAttr)
</StackTrace>
        </ErrorInfo>
      </Output>
    </UnitTestResult>
    <UnitTestResult executionId="69f7f8f2-81fb-4038-ac75-ba66ebbffafc" testId="6938bf5b-4fe9-3bd0-1ec9-36f9527c1956" testName="WhenBitwiseNotOnLong_ShouldBeEvaluated" computerName="pkrvmsl9tci6h6u" duration="00:00:00.0339289" startTime="2025-08-09T21:07:49.9598918+00:00" endTime="2025-08-09T21:07:49.9939177+00:00" testType="13cdc9d9-ddb5-4fa4-a97d-d965ccfc6d4b" outcome="Passed" testListId="8c84fa94-04c1-424b-9868-57a2d4851a1d" relativeResultsDirectory="69f7f8f2-81fb-4038-ac75-ba66ebbffafc" />
    <UnitTestResult executionId="1244bbe0-ad12-4f33-bda3-e38de2d54036" testId="080b24ba-3917-9a31-5f1e-7910bd4ff1cc" testName="WhenBitwiseShiftLeft_sbyte_ShouldBeEvaluated" computerName="pkrvmsl9tci6h6u" duration="00:00:00.0501216" startTime="2025-08-09T21:07:55.6341705+00:00" endTime="2025-08-09T21:07:55.6844861+00:00" testType="13cdc9d9-ddb5-4fa4-a97d-d965ccfc6d4b" outcome="Passed" testListId="8c84fa94-04c1-424b-9868-57a2d4851a1d" relativeResultsDirectory="1244bbe0-ad12-4f33-bda3-e38de2d54036" />
    <UnitTestResult executionId="a029fee6-bafd-4de8-b93b-6b1801a2a6b4" testId="3b856f57-0977-95bb-f589-b5561d8c80c4" testName="WhenBitwiseOrBetweenUlongAndUshort_ShouldBeEvaluated" computerName="pkrvmsl9tci6h6u" duration="00:00:00.0536541" startTime="2025-08-09T21:07:52.7026774+00:00" endTime="2025-08-09T21:07:52.7563967+00:00" testType="13cdc9d9-ddb5-4fa4-a97d-d965ccfc6d4b" outcome="Passed" testListId="8c84fa94-04c1-424b-9868-57a2d4851a1d" relativeResultsDirectory="a029fee6-bafd-4de8-b93b-6b1801a2a6b4" />
    <UnitTestResult executionId="07e033db-2ab5-41c4-999e-081137074f19" testId="d657cdbb-8038-a77c-4d53-5d151ada1298" testName="WhenSByteAndLongUsed_ShouldHaveColumnOfLongType" computerName="pkrvmsl9tci6h6u" duration="00:00:00.1251306" startTime="2025-08-09T21:07:31.4362981+00:00" endTime="2025-08-09T21:07:31.5616194+00:00" testType="13cdc9d9-ddb5-4fa4-a97d-d965ccfc6d4b" outcome="Passed" testListId="8c84fa94-04c1-424b-9868-57a2d4851a1d" relativeResultsDirectory="07e033db-2ab5-41c4-999e-081137074f19" />
    <UnitTestResult executionId="b4642d9c-078a-4b5d-985b-8e4fa29c6ed4" testId="9cd37a4e-64c4-dba1-e26e-d2bf56a2f095" testName="JoinWithGroupByTest" computerName="pkrvmsl9tci6h6u" duration="00:00:00.0990553" startTime="2025-08-09T21:08:06.8822674+00:00" endTime="2025-08-09T21:08:06.9814156+00:00" testType="13cdc9d9-ddb5-4fa4-a97d-d965ccfc6d4b" outcome="Passed" testListId="8c84fa94-04c1-424b-9868-57a2d4851a1d" relativeResultsDirectory="b4642d9c-078a-4b5d-985b-8e4fa29c6ed4" />
    <UnitTestResult executionId="1e0dd0f1-e2b4-436b-ac12-df8d0a841626" testId="2ba1be3a-6fbe-aaba-051f-f3c9eac9a9b1" testName="WhenSpecialCharacterStartBracketUsedInTextWith_MustNotThrow (*)" computerName="pkrvmsl9tci6h6u" duration="00:00:00.0240007" startTime="2025-08-09T21:08:22.0106345+00:00" endTime="2025-08-09T21:08:22.0347680+00:00" testType="13cdc9d9-ddb5-4fa4-a97d-d965ccfc6d4b" outcome="Passed" testListId="8c84fa94-04c1-424b-9868-57a2d4851a1d" relativeResultsDirectory="1e0dd0f1-e2b4-436b-ac12-df8d0a841626" />
    <UnitTestResult executionId="b21d7581-349e-41b7-815b-0fa05ca3251a" testId="84493bef-de15-ba27-d03f-cfbbc6915430" testName="CrossApply_PropertyAndMethod_GroupBy_WithFiltering" computerName="pkrvmsl9tci6h6u" duration="00:00:00.0699294" startTime="2025-08-09T21:07:59.1114888+00:00" endTime="2025-08-09T21:07:59.1814970+00:00" testType="13cdc9d9-ddb5-4fa4-a97d-d965ccfc6d4b" outcome="Passed" testListId="8c84fa94-04c1-424b-9868-57a2d4851a1d" relativeResultsDirectory="b21d7581-349e-41b7-815b-0fa05ca3251a" />
    <UnitTestResult executionId="ee6ba434-d539-4646-a9e4-aa871bf3789c" testId="7bfb7e83-027a-7664-358b-2b54ba59215c" testName="GroupBySubstrTest" computerName="pkrvmsl9tci6h6u" duration="00:00:00.0654689" startTime="2025-08-09T21:08:04.9728542+00:00" endTime="2025-08-09T21:08:05.0384033+00:00" testType="13cdc9d9-ddb5-4fa4-a97d-d965ccfc6d4b" outcome="Passed" testListId="8c84fa94-04c1-424b-9868-57a2d4851a1d" relativeResultsDirectory="ee6ba434-d539-4646-a9e4-aa871bf3789c" />
    <UnitTestResult executionId="867e0d2d-c990-4867-88d4-d9de3c99b5fe" testId="28736029-7429-98c0-b439-3acc109b30b4" testName="WhenBitwiseOrBetweenUlongAndByte_ShouldBeEvaluated" computerName="pkrvmsl9tci6h6u" duration="00:00:00.0347763" startTime="2025-08-09T21:07:52.6677864+00:00" endTime="2025-08-09T21:07:52.7026383+00:00" testType="13cdc9d9-ddb5-4fa4-a97d-d965ccfc6d4b" outcome="Passed" testListId="8c84fa94-04c1-424b-9868-57a2d4851a1d" relativeResultsDirectory="867e0d2d-c990-4867-88d4-d9de3c99b5fe" />
    <UnitTestResult executionId="9a7aeca1-88e3-4183-a458-42c530a40115" testId="c5869d61-0d9d-c3d8-7c0f-00e749d6a679" testName="WhenBitwiseXorBetweenUIntAndByte_ShouldBeEvaluated" computerName="pkrvmsl9tci6h6u" duration="00:00:00.0599050" startTime="2025-08-09T21:07:54.7501955+00:00" endTime="2025-08-09T21:07:54.8101774+00:00" testType="13cdc9d9-ddb5-4fa4-a97d-d965ccfc6d4b" outcome="Passed" testListId="8c84fa94-04c1-424b-9868-57a2d4851a1d" relativeResultsDirectory="9a7aeca1-88e3-4183-a458-42c530a40115" />
    <UnitTestResult executionId="75519917-7b76-43aa-a6a8-6d97f24bf89d" testId="543d3d9f-2e0f-23c6-1696-7f73891956a8" testName="WithDynamicSource_SimpleQuery_ShouldPass" computerName="pkrvmsl9tci6h6u" duration="00:00:00.0403347" startTime="2025-08-09T21:08:01.7068621+00:00" endTime="2025-08-09T21:08:01.7472599+00:00" testType="13cdc9d9-ddb5-4fa4-a97d-d965ccfc6d4b" outcome="Passed" testListId="8c84fa94-04c1-424b-9868-57a2d4851a1d" relativeResultsDirectory="75519917-7b76-43aa-a6a8-6d97f24bf89d" />
    <UnitTestResult executionId="f8c019d4-d4ae-4d78-8a20-5c40280d7378" testId="1e1714e4-b2c1-35e6-ea71-bfef8ebed86d" testName="MixedSourcesWithSkipExceptUnionWithConditionsScenarioTest" computerName="pkrvmsl9tci6h6u" duration="00:00:00.0472335" startTime="2025-08-09T21:08:17.6966693+00:00" endTime="2025-08-09T21:08:17.7439761+00:00" testType="13cdc9d9-ddb5-4fa4-a97d-d965ccfc6d4b" outcome="Passed" testListId="8c84fa94-04c1-424b-9868-57a2d4851a1d" relativeResultsDirectory="f8c019d4-d4ae-4d78-8a20-5c40280d7378" />
    <UnitTestResult executionId="689f2b35-8194-450a-95ea-a89c2032d5f2" testId="6ebc5baa-3238-991d-5e2d-f8896ec37d0b" testName="WhenLongAndSByteUsed_ShouldHaveColumnOfThatType" computerName="pkrvmsl9tci6h6u" duration="00:00:00.1243046" startTime="2025-08-09T21:07:38.3320805+00:00" endTime="2025-08-09T21:07:38.4565203+00:00" testType="13cdc9d9-ddb5-4fa4-a97d-d965ccfc6d4b" outcome="Passed" testListId="8c84fa94-04c1-424b-9868-57a2d4851a1d" relativeResultsDirectory="689f2b35-8194-450a-95ea-a89c2032d5f2" />
    <UnitTestResult executionId="9a767ce5-5772-49a1-a033-625063c0bb2d" testId="37c8e22e-47ee-f5db-3816-64eec632aa17" testName="WhenRowNumberWithGroupByAndSkipTest_ShouldPass" computerName="pkrvmsl9tci6h6u" duration="00:00:00.0360839" startTime="2025-08-09T21:08:16.0432549+00:00" endTime="2025-08-09T21:08:16.0794109+00:00" testType="13cdc9d9-ddb5-4fa4-a97d-d965ccfc6d4b" outcome="Passed" testListId="8c84fa94-04c1-424b-9868-57a2d4851a1d" relativeResultsDirectory="9a767ce5-5772-49a1-a033-625063c0bb2d" />
    <UnitTestResult executionId="2628cf30-4cf0-4582-8c9c-d5266b08ff16" testId="e332c603-ccf9-2a7e-8993-57d1f897d642" testName="WhenColumnsUsedAsSourceOfMethod_ShouldPass" computerName="pkrvmsl9tci6h6u" duration="00:00:00.0373933" startTime="2025-08-09T21:08:23.1313412+00:00" endTime="2025-08-09T21:08:23.1688917+00:00" testType="13cdc9d9-ddb5-4fa4-a97d-d965ccfc6d4b" outcome="Passed" testListId="8c84fa94-04c1-424b-9868-57a2d4851a1d" relativeResultsDirectory="2628cf30-4cf0-4582-8c9c-d5266b08ff16" />
    <UnitTestResult executionId="c47538ad-6558-4155-81fd-83f55438519d" testId="b075bf92-34f6-3cfd-063b-2c04fef9f3ab" testName="WithDynamicSource_DescDynamicObjectWithComplexColumns_ShouldPass" computerName="pkrvmsl9tci6h6u" duration="00:00:00.0173516" startTime="2025-08-09T21:08:02.1978639+00:00" endTime="2025-08-09T21:08:02.2152828+00:00" testType="13cdc9d9-ddb5-4fa4-a97d-d965ccfc6d4b" outcome="Passed" testListId="8c84fa94-04c1-424b-9868-57a2d4851a1d" relativeResultsDirectory="c47538ad-6558-4155-81fd-83f55438519d" />
    <UnitTestResult executionId="2748e038-2db5-46d3-890b-7b216a680b51" testId="351d1312-d0c8-afa0-4e16-79c8f351a7fc" testName="SimpleAdditionSubtractionTest" computerName="pkrvmsl9tci6h6u" duration="00:00:00.0434356" startTime="2025-08-09T21:07:45.6112016+00:00" endTime="2025-08-09T21:07:45.6548647+00:00" testType="13cdc9d9-ddb5-4fa4-a97d-d965ccfc6d4b" outcome="Passed" testListId="8c84fa94-04c1-424b-9868-57a2d4851a1d" relativeResultsDirectory="2748e038-2db5-46d3-890b-7b216a680b51" />
    <UnitTestResult executionId="26220da1-2d85-4d01-a4ee-20ed5ade7322" testId="75b6c4f7-0c2f-addd-3327-0e98f3a12f82" testName="WhenSkipWithoutReductionRequired_ShouldPass" computerName="pkrvmsl9tci6h6u" duration="00:00:00.0383638" startTime="2025-08-09T21:08:03.8155396+00:00" endTime="2025-08-09T21:08:03.8539975+00:00" testType="13cdc9d9-ddb5-4fa4-a97d-d965ccfc6d4b" outcome="Passed" testListId="8c84fa94-04c1-424b-9868-57a2d4851a1d" relativeResultsDirectory="26220da1-2d85-4d01-a4ee-20ed5ade7322" />
    <UnitTestResult executionId="aceac723-51d5-4883-bd5b-e97c2654cee7" testId="c06636d2-f535-df67-c4c7-66790e299ee5" testName="WhenWhereExpressionIsNotRewritten_ShouldPass" computerName="pkrvmsl9tci6h6u" duration="00:00:00.0597077" startTime="2025-08-09T21:08:15.4272783+00:00" endTime="2025-08-09T21:08:15.4871695+00:00" testType="13cdc9d9-ddb5-4fa4-a97d-d965ccfc6d4b" outcome="Passed" testListId="8c84fa94-04c1-424b-9868-57a2d4851a1d" relativeResultsDirectory="aceac723-51d5-4883-bd5b-e97c2654cee7" />
    <UnitTestResult executionId="0e6b6838-291c-4d16-af10-544c099719e2" testId="81cc314c-4528-d8ec-0bba-ee0c756c2696" testName="CteWithSetOperatorTest" computerName="pkrvmsl9tci6h6u" duration="00:00:00.0431276" startTime="2025-08-09T21:08:00.8341934+00:00" endTime="2025-08-09T21:08:00.8773981+00:00" testType="13cdc9d9-ddb5-4fa4-a97d-d965ccfc6d4b" outcome="Passed" testListId="8c84fa94-04c1-424b-9868-57a2d4851a1d" relativeResultsDirectory="0e6b6838-291c-4d16-af10-544c099719e2" />
    <UnitTestResult executionId="1cfc1bfb-1c83-4995-abf2-4a722a752d62" testId="af9d496d-00b0-4455-08f7-3f250eeed457" testName="SubtractDateTimeOffsets_MinusOperatorTest" computerName="pkrvmsl9tci6h6u" duration="00:00:00.0456606" startTime="2025-08-09T21:08:01.6284343+00:00" endTime="2025-08-09T21:08:01.6741641+00:00" testType="13cdc9d9-ddb5-4fa4-a97d-d965ccfc6d4b" outcome="Passed" testListId="8c84fa94-04c1-424b-9868-57a2d4851a1d" relativeResultsDirectory="1cfc1bfb-1c83-4995-abf2-4a722a752d62" />
    <UnitTestResult executionId="e94487c9-f4bd-4bb3-825f-fc0d1c98696b" testId="fdd5e39c-800d-089a-3640-de0863c3b68f" testName="WhenDecimalAndULongUsed_ShouldHaveColumnOfThatType" computerName="pkrvmsl9tci6h6u" duration="00:00:00.0523237" startTime="2025-08-09T21:07:41.4202602+00:00" endTime="2025-08-09T21:07:41.4726905+00:00" testType="13cdc9d9-ddb5-4fa4-a97d-d965ccfc6d4b" outcome="Passed" testListId="8c84fa94-04c1-424b-9868-57a2d4851a1d" relativeResultsDirectory="e94487c9-f4bd-4bb3-825f-fc0d1c98696b" />
    <UnitTestResult executionId="08852e79-5202-42bc-981e-2fe7533bf003" testId="8cfde84c-44ef-e54a-c974-a2b81d1d6773" testName="WhenToStringCalled_ShouldReturnSameQuery (select s.Column1, s.Column2 from #some.thing() s order by s.Column2, s.Column1 desc skip 7)" computerName="pkrvmsl9tci6h6u" duration="00:00:00.0011356" startTime="2025-08-09T21:08:21.4948607+00:00" endTime="2025-08-09T21:08:21.4960935+00:00" testType="13cdc9d9-ddb5-4fa4-a97d-d965ccfc6d4b" outcome="Passed" testListId="8c84fa94-04c1-424b-9868-57a2d4851a1d" relativeResultsDirectory="08852e79-5202-42bc-981e-2fe7533bf003" />
    <UnitTestResult executionId="27b698f7-bf60-4b10-b7cb-8b8a44455ec6" testId="7f979e8c-1d8e-6ead-9dec-a6f6ade28aa3" testName="WhenLargeShortUsed_ShouldHaveColumnOfThatType" computerName="pkrvmsl9tci6h6u" duration="00:00:00.0414617" startTime="2025-08-09T21:08:11.2013288+00:00" endTime="2025-08-09T21:08:11.2428593+00:00" testType="13cdc9d9-ddb5-4fa4-a97d-d965ccfc6d4b" outcome="Passed" testListId="8c84fa94-04c1-424b-9868-57a2d4851a1d" relativeResultsDirectory="27b698f7-bf60-4b10-b7cb-8b8a44455ec6" />
    <UnitTestResult executionId="932c1abd-07ce-4812-9300-a537820e6510" testId="0af6e084-6797-8288-8207-07725fb5f3e6" testName="WhenUShortAndDecimalUsed_ShouldHaveColumnOfThatType" computerName="pkrvmsl9tci6h6u" duration="00:00:00.2082762" startTime="2025-08-09T21:07:35.0091097+00:00" endTime="2025-08-09T21:07:35.2175247+00:00" testType="13cdc9d9-ddb5-4fa4-a97d-d965ccfc6d4b" outcome="Passed" testListId="8c84fa94-04c1-424b-9868-57a2d4851a1d" relativeResultsDirectory="932c1abd-07ce-4812-9300-a537820e6510" />
    <UnitTestResult executionId="7ac1ba03-7234-4e30-9da1-750f31ad7feb" testId="f4f884dc-e002-1761-2445-2af0fa3c0dad" testName="WhenOrderByCaseWhenExpression_ShouldSucceed" computerName="pkrvmsl9tci6h6u" duration="00:00:00.0344872" startTime="2025-08-09T21:08:12.6127807+00:00" endTime="2025-08-09T21:08:12.6473399+00:00" testType="13cdc9d9-ddb5-4fa4-a97d-d965ccfc6d4b" outcome="Passed" testListId="8c84fa94-04c1-424b-9868-57a2d4851a1d" relativeResultsDirectory="7ac1ba03-7234-4e30-9da1-750f31ad7feb" />
    <UnitTestResult executionId="e00abbc6-519e-4f24-97d1-8c8e6b5ab7f2" testId="b33a44dc-5147-7258-bf88-3d550b894800" testName="UnionWhenMultipleSelectsCombinedWithUnionWithinCteExpression_ShouldSucceed" computerName="pkrvmsl9tci6h6u" duration="00:00:00.0794787" startTime="2025-08-09T21:08:16.4386598+00:00" endTime="2025-08-09T21:08:16.5182228+00:00" testType="13cdc9d9-ddb5-4fa4-a97d-d965ccfc6d4b" outcome="Passed" testListId="8c84fa94-04c1-424b-9868-57a2d4851a1d" relativeResultsDirectory="e00abbc6-519e-4f24-97d1-8c8e6b5ab7f2" />
    <UnitTestResult executionId="17f5d6b2-7610-491d-81f8-6e7d78f635b2" testId="cb348a2d-20e9-832f-6761-b69db70c46ae" testName="WhenByteAndSByteUsed_ShouldHaveColumnOfIntType" computerName="pkrvmsl9tci6h6u" duration="00:00:00.1222220" startTime="2025-08-09T21:07:29.2944665+00:00" endTime="2025-08-09T21:07:29.4169003+00:00" testType="13cdc9d9-ddb5-4fa4-a97d-d965ccfc6d4b" outcome="Passed" testListId="8c84fa94-04c1-424b-9868-57a2d4851a1d" relativeResultsDirectory="17f5d6b2-7610-491d-81f8-6e7d78f635b2" />
    <UnitTestResult executionId="2a17d3d6-b1d7-4938-9da1-b89d2a032939" testId="6fde042a-142f-b0ae-cf8e-963e8822c313" testName="WhenSchemaMethodCrossAppliedWithAnotherSameSchemas_GroupedByCountry_ShouldPass" computerName="pkrvmsl9tci6h6u" duration="00:00:00.0611909" startTime="2025-08-09T21:08:00.1124826+00:00" endTime="2025-08-09T21:08:00.1737658+00:00" testType="13cdc9d9-ddb5-4fa4-a97d-d965ccfc6d4b" outcome="Passed" testListId="8c84fa94-04c1-424b-9868-57a2d4851a1d" relativeResultsDirectory="2a17d3d6-b1d7-4938-9da1-b89d2a032939" />
    <UnitTestResult executionId="a6b273d4-4e4a-463d-ae73-68bc7db4faa7" testId="d8e566c5-64e6-5975-cf6d-36f1e3c959de" testName="WhenBitwiseXorBetweenUIntAndLong_ShouldBeEvaluated" computerName="pkrvmsl9tci6h6u" duration="00:00:00.0643874" startTime="2025-08-09T21:07:55.0133497+00:00" endTime="2025-08-09T21:07:55.0778060+00:00" testType="13cdc9d9-ddb5-4fa4-a97d-d965ccfc6d4b" outcome="Passed" testListId="8c84fa94-04c1-424b-9868-57a2d4851a1d" relativeResultsDirectory="a6b273d4-4e4a-463d-ae73-68bc7db4faa7" />
    <UnitTestResult executionId="a2dca168-51cb-43bc-982e-ecbe95d6dd09" testId="163bb900-62fa-99f1-76ce-5f6d29d9707d" testName="ModuloExpressionWithSubtractionTest" computerName="pkrvmsl9tci6h6u" duration="00:00:00.0408637" startTime="2025-08-09T21:07:46.2188996+00:00" endTime="2025-08-09T21:07:46.2598657+00:00" testType="13cdc9d9-ddb5-4fa4-a97d-d965ccfc6d4b" outcome="Passed" testListId="8c84fa94-04c1-424b-9868-57a2d4851a1d" relativeResultsDirectory="a2dca168-51cb-43bc-982e-ecbe95d6dd09" />
    <UnitTestResult executionId="da5320e0-9b0a-414d-a19b-b56c08490318" testId="2ecbd0fd-4b4e-bd20-7553-7ad2281df9db" testName="DescSchemaTest" computerName="pkrvmsl9tci6h6u" duration="00:00:00.0164639" startTime="2025-08-09T21:08:19.8480143+00:00" endTime="2025-08-09T21:08:19.8645497+00:00" testType="13cdc9d9-ddb5-4fa4-a97d-d965ccfc6d4b" outcome="Passed" testListId="8c84fa94-04c1-424b-9868-57a2d4851a1d" relativeResultsDirectory="da5320e0-9b0a-414d-a19b-b56c08490318" />
    <UnitTestResult executionId="c7e1bc9d-6a4f-4c2d-97a7-71a11402fbee" testId="f4753b9e-2802-dba6-c88e-94fc49249970" testName="WhenLargeNegativeLongUsed_ShouldHaveColumnOfThatType" computerName="pkrvmsl9tci6h6u" duration="00:00:00.0250806" startTime="2025-08-09T21:08:11.6156061+00:00" endTime="2025-08-09T21:08:11.6407634+00:00" testType="13cdc9d9-ddb5-4fa4-a97d-d965ccfc6d4b" outcome="Passed" testListId="8c84fa94-04c1-424b-9868-57a2d4851a1d" relativeResultsDirectory="c7e1bc9d-6a4f-4c2d-97a7-71a11402fbee" />
    <UnitTestResult executionId="da984df1-cbcf-44f2-9ad8-158dd38e2a33" testId="038f859a-0808-e250-883d-ef4011ef6be0" testName="WhenLikeExpressionIsRewritten_ShouldPass" computerName="pkrvmsl9tci6h6u" duration="00:00:00.0263493" startTime="2025-08-09T21:08:15.4872162+00:00" endTime="2025-08-09T21:08:15.5136483+00:00" testType="13cdc9d9-ddb5-4fa4-a97d-d965ccfc6d4b" outcome="Passed" testListId="8c84fa94-04c1-424b-9868-57a2d4851a1d" relativeResultsDirectory="da984df1-cbcf-44f2-9ad8-158dd38e2a33" />
    <UnitTestResult executionId="c037a296-2359-4ff8-a947-73f8cd6b9cc4" testId="f4fd0e23-1f2e-d225-53b3-7f84812ea0d8" testName="WhenToStringCalled_ShouldReturnSameQuery (select b.* from #some.thing() a cross apply #some.thing(a.Column, true) b)" computerName="pkrvmsl9tci6h6u" duration="00:00:00.0010068" startTime="2025-08-09T21:08:21.5264490+00:00" endTime="2025-08-09T21:08:21.5275525+00:00" testType="13cdc9d9-ddb5-4fa4-a97d-d965ccfc6d4b" outcome="Passed" testListId="8c84fa94-04c1-424b-9868-57a2d4851a1d" relativeResultsDirectory="c037a296-2359-4ff8-a947-73f8cd6b9cc4" />
    <UnitTestResult executionId="5a17e2f1-4194-4e11-8249-e7bc6da3cd0d" testId="ecb489c7-d723-58b9-43fc-1176d8161713" testName="SimpleAdditionSubtraction3Test" computerName="pkrvmsl9tci6h6u" duration="00:00:00.0360071" startTime="2025-08-09T21:07:45.6822985+00:00" endTime="2025-08-09T21:07:45.7184009+00:00" testType="13cdc9d9-ddb5-4fa4-a97d-d965ccfc6d4b" outcome="Passed" testListId="8c84fa94-04c1-424b-9868-57a2d4851a1d" relativeResultsDirectory="5a17e2f1-4194-4e11-8249-e7bc6da3cd0d" />
    <UnitTestResult executionId="420e36a9-ea56-4ca1-9054-12dcd73580d6" testId="1f51136f-d1c3-e0d2-8a37-c6113223db3c" testName="WhenSchemaMethodOuterAppliedSelfProperty_WithinCte_ShouldPass" computerName="pkrvmsl9tci6h6u" duration="00:00:00.0487997" startTime="2025-08-09T21:08:13.1515869+00:00" endTime="2025-08-09T21:08:13.2004537+00:00" testType="13cdc9d9-ddb5-4fa4-a97d-d965ccfc6d4b" outcome="Passed" testListId="8c84fa94-04c1-424b-9868-57a2d4851a1d" relativeResultsDirectory="420e36a9-ea56-4ca1-9054-12dcd73580d6" />
    <UnitTestResult executionId="d1ade480-b4fb-4ebd-a48e-23cb05e5f090" testId="9d06ae11-8f29-c07d-2a89-9a857433e572" testName="MultiDividingTest" computerName="pkrvmsl9tci6h6u" duration="00:00:00.0276699" startTime="2025-08-09T21:07:45.7184607+00:00" endTime="2025-08-09T21:07:45.7462309+00:00" testType="13cdc9d9-ddb5-4fa4-a97d-d965ccfc6d4b" outcome="Passed" testListId="8c84fa94-04c1-424b-9868-57a2d4851a1d" relativeResultsDirectory="d1ade480-b4fb-4ebd-a48e-23cb05e5f090" />
    <UnitTestResult executionId="904e1802-e943-4982-8f8e-8b72f10abab8" testId="ee926f63-0f6a-533f-2a0a-f877a2a8cf68" testName="WhenBitwiseXorBetweenIntAndUInt_ShouldBeEvaluated" computerName="pkrvmsl9tci6h6u" duration="00:00:00.0539372" startTime="2025-08-09T21:07:54.6204747+00:00" endTime="2025-08-09T21:07:54.6745088+00:00" testType="13cdc9d9-ddb5-4fa4-a97d-d965ccfc6d4b" outcome="Passed" testListId="8c84fa94-04c1-424b-9868-57a2d4851a1d" relativeResultsDirectory="904e1802-e943-4982-8f8e-8b72f10abab8" />
    <UnitTestResult executionId="667f0f23-551f-48af-8bec-f77b682f8396" testId="f49ea0b7-6c9e-a116-7094-181041f2f8ef" testName="OuterApply_MultipleMatches_ShouldPass" computerName="pkrvmsl9tci6h6u" duration="00:00:00.0471693" startTime="2025-08-09T21:08:14.4881747+00:00" endTime="2025-08-09T21:08:14.5354069+00:00" testType="13cdc9d9-ddb5-4fa4-a97d-d965ccfc6d4b" outcome="Passed" testListId="8c84fa94-04c1-424b-9868-57a2d4851a1d" relativeResultsDirectory="667f0f23-551f-48af-8bec-f77b682f8396" />
    <UnitTestResult executionId="9cb5d853-10f5-402f-9553-1941f7bb7688" testId="20987c16-90bb-8d4e-1085-dd2e4c575428" testName="WhenBitwiseShiftRightShort_ShouldBeEvaluated" computerName="pkrvmsl9tci6h6u" duration="00:00:00.0320912" startTime="2025-08-09T21:07:56.0692380+00:00" endTime="2025-08-09T21:07:56.1014052+00:00" testType="13cdc9d9-ddb5-4fa4-a97d-d965ccfc6d4b" outcome="Passed" testListId="8c84fa94-04c1-424b-9868-57a2d4851a1d" relativeResultsDirectory="9cb5d853-10f5-402f-9553-1941f7bb7688" />
    <UnitTestResult executionId="91b7c4a3-5aeb-4258-9e09-9610d6dd2e3b" testId="ad46954d-7666-1124-d629-c29078fcbb11" testName="WhenDoubleAndIntUsed_ShouldHaveColumnOfThatType" computerName="pkrvmsl9tci6h6u" duration="00:00:00.0731974" startTime="2025-08-09T21:07:41.1100122+00:00" endTime="2025-08-09T21:07:41.1833184+00:00" testType="13cdc9d9-ddb5-4fa4-a97d-d965ccfc6d4b" outcome="Passed" testListId="8c84fa94-04c1-424b-9868-57a2d4851a1d" relativeResultsDirectory="91b7c4a3-5aeb-4258-9e09-9610d6dd2e3b" />
    <UnitTestResult executionId="6cd0ed02-8493-4412-a819-d47a12a86d50" testId="327c02a9-f66b-f5fa-f6f6-d3e3bd0ccf3b" testName="WhenFloatAndSByteUsed_ShouldHaveColumnOfThatType" computerName="pkrvmsl9tci6h6u" duration="00:00:00.1044447" startTime="2025-08-09T21:07:39.9873994+00:00" endTime="2025-08-09T21:07:40.0919777+00:00" testType="13cdc9d9-ddb5-4fa4-a97d-d965ccfc6d4b" outcome="Passed" testListId="8c84fa94-04c1-424b-9868-57a2d4851a1d" relativeResultsDirectory="6cd0ed02-8493-4412-a819-d47a12a86d50" />
    <UnitTestResult executionId="1d6437aa-c9a8-4898-a11f-9547b1e1735f" testId="52141c7f-19e7-43fd-6d94-715d285defb5" testName="WhenShortMethodCallAndIntUsed_ShouldHaveColumnOfThatType" computerName="pkrvmsl9tci6h6u" duration="00:00:00.0698021" startTime="2025-08-09T21:07:43.1052115+00:00" endTime="2025-08-09T21:07:43.1751219+00:00" testType="13cdc9d9-ddb5-4fa4-a97d-d965ccfc6d4b" outcome="Passed" testListId="8c84fa94-04c1-424b-9868-57a2d4851a1d" relativeResultsDirectory="1d6437aa-c9a8-4898-a11f-9547b1e1735f" />
    <UnitTestResult executionId="b16d3547-94bd-4133-9241-320137e6da45" testId="0598fee7-3196-db36-82c9-134446fd7c3d" testName="WhenBitwiseXorBetweenByteAndSByte_ShouldBeEvaluated" computerName="pkrvmsl9tci6h6u" duration="00:00:00.0475918" startTime="2025-08-09T21:07:53.2601586+00:00" endTime="2025-08-09T21:07:53.3078333+00:00" testType="13cdc9d9-ddb5-4fa4-a97d-d965ccfc6d4b" outcome="Passed" testListId="8c84fa94-04c1-424b-9868-57a2d4851a1d" relativeResultsDirectory="b16d3547-94bd-4133-9241-320137e6da45" />
    <UnitTestResult executionId="57d81473-8093-47c7-8a57-94e53fbab12c" testId="ab336f03-e632-128b-e044-ca090bc1a3f4" testName="OuterApply_PropertyAndMethod_GroupBy_WithFiltering_ShouldPass" computerName="pkrvmsl9tci6h6u" duration="00:00:00.0667671" startTime="2025-08-09T21:08:13.7510061+00:00" endTime="2025-08-09T21:08:13.8178485+00:00" testType="13cdc9d9-ddb5-4fa4-a97d-d965ccfc6d4b" outcome="Passed" testListId="8c84fa94-04c1-424b-9868-57a2d4851a1d" relativeResultsDirectory="57d81473-8093-47c7-8a57-94e53fbab12c" />
    <UnitTestResult executionId="df6e5638-1442-4ff3-9fc6-3a4bd5271329" testId="2bec2c31-145c-0fbf-1bad-c8ca3e615b1f" testName="WhenSelfJoined_ShouldRetrieveValues" computerName="pkrvmsl9tci6h6u" duration="00:00:00.0495490" startTime="2025-08-09T21:08:08.3935990+00:00" endTime="2025-08-09T21:08:08.4432156+00:00" testType="13cdc9d9-ddb5-4fa4-a97d-d965ccfc6d4b" outcome="Passed" testListId="8c84fa94-04c1-424b-9868-57a2d4851a1d" relativeResultsDirectory="df6e5638-1442-4ff3-9fc6-3a4bd5271329" />
    <UnitTestResult executionId="ee14953a-279b-4625-9da3-650cc163aaf9" testId="85b7ab86-fd32-cc2a-35e9-8b4f078aa326" testName="WhenCteWithSameAliasExist_ShouldPass" computerName="pkrvmsl9tci6h6u" duration="00:00:00.0479784" startTime="2025-08-09T21:08:23.2322308+00:00" endTime="2025-08-09T21:08:23.2803037+00:00" testType="13cdc9d9-ddb5-4fa4-a97d-d965ccfc6d4b" outcome="Passed" testListId="8c84fa94-04c1-424b-9868-57a2d4851a1d" relativeResultsDirectory="ee14953a-279b-4625-9da3-650cc163aaf9" />
    <UnitTestResult executionId="e0a7ccef-1343-43e0-8f12-75b3293b5c91" testId="f5602dbc-c524-a1b8-3e7b-6ccdb9b39723" testName="OuterApply_InnerJoinAndUseProperty_ShouldPass" computerName="pkrvmsl9tci6h6u" duration="00:00:00.0589310" startTime="2025-08-09T21:08:13.8178896+00:00" endTime="2025-08-09T21:08:13.8768969+00:00" testType="13cdc9d9-ddb5-4fa4-a97d-d965ccfc6d4b" outcome="Passed" testListId="8c84fa94-04c1-424b-9868-57a2d4851a1d" relativeResultsDirectory="e0a7ccef-1343-43e0-8f12-75b3293b5c91" />
    <UnitTestResult executionId="1b928261-3878-4851-a561-e36287859114" testId="360a2585-8dd3-d81d-1433-62182abaef6c" testName="WhenSpecialCharacterStartBracketUsedInTextWith_MustNotThrow (!)" computerName="pkrvmsl9tci6h6u" duration="00:00:00.0366953" startTime="2025-08-09T21:08:22.0980012+00:00" endTime="2025-08-09T21:08:22.1348379+00:00" testType="13cdc9d9-ddb5-4fa4-a97d-d965ccfc6d4b" outcome="Passed" testListId="8c84fa94-04c1-424b-9868-57a2d4851a1d" relativeResultsDirectory="1b928261-3878-4851-a561-e36287859114" />
    <UnitTestResult executionId="27136cb4-6dbe-485e-a0b5-82f31d157256" testId="78ec0cff-1ba4-38cc-f516-eecc40dbb28d" testName="WhenBitwiseAndBetweenByteAndULong_ShouldBeEvaluated" computerName="pkrvmsl9tci6h6u" duration="00:00:00.0476554" startTime="2025-08-09T21:07:47.6236640+00:00" endTime="2025-08-09T21:07:47.6714311+00:00" testType="13cdc9d9-ddb5-4fa4-a97d-d965ccfc6d4b" outcome="Passed" testListId="8c84fa94-04c1-424b-9868-57a2d4851a1d" relativeResultsDirectory="27136cb4-6dbe-485e-a0b5-82f31d157256" />
    <UnitTestResult executionId="cc59f05e-8fd0-43e7-a4d0-63a4b14dea57" testId="7bcd7a5f-cef3-1875-27f0-86c55eb151fe" testName="WhenToStringCalled_ShouldReturnSameQuery (select b.* from #some.thing() a outer apply #some.thing(a.Column) b)" computerName="pkrvmsl9tci6h6u" duration="00:00:00.0005649" startTime="2025-08-09T21:08:21.5315943+00:00" endTime="2025-08-09T21:08:21.5322258+00:00" testType="13cdc9d9-ddb5-4fa4-a97d-d965ccfc6d4b" outcome="Passed" testListId="8c84fa94-04c1-424b-9868-57a2d4851a1d" relativeResultsDirectory="cc59f05e-8fd0-43e7-a4d0-63a4b14dea57" />
    <UnitTestResult executionId="249cb02a-485b-4415-a3aa-760c84b93ee4" testId="167a3bbe-86a6-3194-7938-ebd0b35dd034" testName="WhenMultipleEscapedColumns_ShouldAllBeHandledCorrectly" computerName="pkrvmsl9tci6h6u" duration="00:00:00.0340939" startTime="2025-08-09T21:08:03.1265841+00:00" endTime="2025-08-09T21:08:03.1607385+00:00" testType="13cdc9d9-ddb5-4fa4-a97d-d965ccfc6d4b" outcome="Passed" testListId="8c84fa94-04c1-424b-9868-57a2d4851a1d" relativeResultsDirectory="249cb02a-485b-4415-a3aa-760c84b93ee4" />
    <UnitTestResult executionId="fff2f28d-84ee-44a3-8158-ae76290ce943" testId="fe3dfef3-7a08-236c-3107-8539c4f86053" testName="UnionSameSourceTest" computerName="pkrvmsl9tci6h6u" duration="00:00:00.0341343" startTime="2025-08-09T21:08:18.2715434+00:00" endTime="2025-08-09T21:08:18.3057731+00:00" testType="13cdc9d9-ddb5-4fa4-a97d-d965ccfc6d4b" outcome="Passed" testListId="8c84fa94-04c1-424b-9868-57a2d4851a1d" relativeResultsDirectory="fff2f28d-84ee-44a3-8158-ae76290ce943" />
    <UnitTestResult executionId="c6bd40f1-066f-491e-b393-b3df74cd37c2" testId="6683b48c-2225-831b-785e-a71e45fc5564" testName="WhenBitwiseAndBetweenShortAndSByte_ShouldBeEvaluated" computerName="pkrvmsl9tci6h6u" duration="00:00:00.0667172" startTime="2025-08-09T21:07:48.0913076+00:00" endTime="2025-08-09T21:07:48.1581484+00:00" testType="13cdc9d9-ddb5-4fa4-a97d-d965ccfc6d4b" outcome="Passed" testListId="8c84fa94-04c1-424b-9868-57a2d4851a1d" relativeResultsDirectory="c6bd40f1-066f-491e-b393-b3df74cd37c2" />
    <UnitTestResult executionId="7ff7479a-c481-4076-9a53-2b58c09cf499" testId="1cd4d448-d68f-8daf-73af-3f24ebb2cc82" testName="WhenBitwiseNotOnUInt_ShouldBeEvaluated" computerName="pkrvmsl9tci6h6u" duration="00:00:00.0449343" startTime="2025-08-09T21:07:49.9148152+00:00" endTime="2025-08-09T21:07:49.9598353+00:00" testType="13cdc9d9-ddb5-4fa4-a97d-d965ccfc6d4b" outcome="Passed" testListId="8c84fa94-04c1-424b-9868-57a2d4851a1d" relativeResultsDirectory="7ff7479a-c481-4076-9a53-2b58c09cf499" />
    <UnitTestResult executionId="c5f539cc-edf6-4211-9e61-ad1ef8b0d5ec" testId="2d0f28d0-2107-3150-ad8a-bf2310b266b7" testName="WhenByteAndShortUsed_ShouldHaveColumnOfIntType" computerName="pkrvmsl9tci6h6u" duration="00:00:00.1308310" startTime="2025-08-09T21:07:29.4169943+00:00" endTime="2025-08-09T21:07:29.5479973+00:00" testType="13cdc9d9-ddb5-4fa4-a97d-d965ccfc6d4b" outcome="Passed" testListId="8c84fa94-04c1-424b-9868-57a2d4851a1d" relativeResultsDirectory="c5f539cc-edf6-4211-9e61-ad1ef8b0d5ec" />
    <UnitTestResult executionId="54f22030-f630-4016-836e-8f8e4b8b1112" testId="17c10a8f-e3bf-e25b-859d-6fe47ef6ee62" testName="WhenApplyChainedProperty_WithPrimitiveList_ShouldPass" computerName="pkrvmsl9tci6h6u" duration="00:00:00.0452063" startTime="2025-08-09T21:07:59.7516956+00:00" endTime="2025-08-09T21:07:59.7969489+00:00" testType="13cdc9d9-ddb5-4fa4-a97d-d965ccfc6d4b" outcome="Passed" testListId="8c84fa94-04c1-424b-9868-57a2d4851a1d" relativeResultsDirectory="54f22030-f630-4016-836e-8f8e4b8b1112" />
    <UnitTestResult executionId="74d1b640-cf26-4b42-9a00-2cdc71a8a7fb" testId="21cbbf68-654d-7ee8-ea9b-40d74b756a88" testName="WhenCrossApplyComponentsMustInjectMultipleEntities_ShouldNotThrow" computerName="pkrvmsl9tci6h6u" duration="00:00:00.1065315" startTime="2025-08-09T21:07:58.2140973+00:00" endTime="2025-08-09T21:07:58.3206965+00:00" testType="13cdc9d9-ddb5-4fa4-a97d-d965ccfc6d4b" outcome="Passed" testListId="8c84fa94-04c1-424b-9868-57a2d4851a1d" relativeResultsDirectory="74d1b640-cf26-4b42-9a00-2cdc71a8a7fb" />
    <UnitTestResult executionId="8815a5a3-a462-40cb-b21c-a986f4f09ba0" testId="74705832-6ca9-d6d1-7066-6f5645a95a8f" testName="WhenSchemaMethodOuterAppliedSelfProperty_UsesCte_ShouldPass" computerName="pkrvmsl9tci6h6u" duration="00:00:00.0552832" startTime="2025-08-09T21:08:13.2004944+00:00" endTime="2025-08-09T21:08:13.2558538+00:00" testType="13cdc9d9-ddb5-4fa4-a97d-d965ccfc6d4b" outcome="Passed" testListId="8c84fa94-04c1-424b-9868-57a2d4851a1d" relativeResultsDirectory="8815a5a3-a462-40cb-b21c-a986f4f09ba0" />
    <UnitTestResult executionId="f434471a-2dd6-4fa3-960a-2340e00997f5" testId="1a2e6122-3be7-bb3a-8cd0-5ac40785fa50" testName="IntersectQueryCancellation" computerName="pkrvmsl9tci6h6u" duration="00:00:00.0691751" startTime="2025-08-09T21:07:56.6123622+00:00" endTime="2025-08-09T21:07:56.6816496+00:00" testType="13cdc9d9-ddb5-4fa4-a97d-d965ccfc6d4b" outcome="Passed" testListId="8c84fa94-04c1-424b-9868-57a2d4851a1d" relativeResultsDirectory="f434471a-2dd6-4fa3-960a-2340e00997f5" />
    <UnitTestResult executionId="0955bee0-4cd6-42c3-a210-5f7c0f3713ad" testId="4e117b62-bbf7-99ef-2d30-1c45210dfb5e" testName="WhenBitwiseXorBetweenSbyteAndShort_ShouldBeEvaluated" computerName="pkrvmsl9tci6h6u" duration="00:00:00.0451948" startTime="2025-08-09T21:07:52.9513408+00:00" endTime="2025-08-09T21:07:52.9966113+00:00" testType="13cdc9d9-ddb5-4fa4-a97d-d965ccfc6d4b" outcome="Passed" testListId="8c84fa94-04c1-424b-9868-57a2d4851a1d" relativeResultsDirectory="0955bee0-4cd6-42c3-a210-5f7c0f3713ad" />
    <UnitTestResult executionId="b4baebdf-b390-4bdb-88cc-9c03fb5ddd5a" testId="b80b2d88-739d-f513-0b2d-4773d90d2731" testName="WhenByteAndDoubleUsed_ShouldHaveColumnOfThatType" computerName="pkrvmsl9tci6h6u" duration="00:00:00.1075692" startTime="2025-08-09T21:07:39.8796308+00:00" endTime="2025-08-09T21:07:39.9873259+00:00" testType="13cdc9d9-ddb5-4fa4-a97d-d965ccfc6d4b" outcome="Passed" testListId="8c84fa94-04c1-424b-9868-57a2d4851a1d" relativeResultsDirectory="b4baebdf-b390-4bdb-88cc-9c03fb5ddd5a" />
    <UnitTestResult executionId="41d91dd2-0ea3-4559-98e6-e4420ac92ec4" testId="27867d25-1929-21a3-8c9a-d6323f4ceb6f" testName="MethodInvocationOnAliasFinishedWithNumber_ShouldPass" computerName="pkrvmsl9tci6h6u" duration="00:00:00.0253784" startTime="2025-08-09T21:08:09.0220684+00:00" endTime="2025-08-09T21:08:09.0476113+00:00" testType="13cdc9d9-ddb5-4fa4-a97d-d965ccfc6d4b" outcome="Passed" testListId="8c84fa94-04c1-424b-9868-57a2d4851a1d" relativeResultsDirectory="41d91dd2-0ea3-4559-98e6-e4420ac92ec4" />
    <UnitTestResult executionId="f73e9b80-adfe-4174-bc70-f9d22c826a5f" testId="ae75f02c-bf32-8b8d-0d62-a40aee05c631" testName="WhenToStringCalled_ShouldReturnSameQuery (select s.Column1, s.Column2 from #some.thing() s group by s.Column1 take 8)" computerName="pkrvmsl9tci6h6u" duration="00:00:00.0080209" startTime="2025-08-09T21:08:21.4867183+00:00" endTime="2025-08-09T21:08:21.4948381+00:00" testType="13cdc9d9-ddb5-4fa4-a97d-d965ccfc6d4b" outcome="Passed" testListId="8c84fa94-04c1-424b-9868-57a2d4851a1d" relativeResultsDirectory="f73e9b80-adfe-4174-bc70-f9d22c826a5f" />
    <UnitTestResult executionId="9fd32db9-ffba-4a66-b0cc-57824539a7f2" testId="89cfed05-c7d0-28de-2732-c4741733419f" testName="NotLikeOperatorTest" computerName="pkrvmsl9tci6h6u" duration="00:00:00.0364298" startTime="2025-08-09T21:08:18.4406760+00:00" endTime="2025-08-09T21:08:18.4771705+00:00" testType="13cdc9d9-ddb5-4fa4-a97d-d965ccfc6d4b" outcome="Passed" testListId="8c84fa94-04c1-424b-9868-57a2d4851a1d" relativeResultsDirectory="9fd32db9-ffba-4a66-b0cc-57824539a7f2" />
    <UnitTestResult executionId="5906b557-c322-4518-b93c-971fa394a76d" testId="a3b5f76c-00b8-7896-1241-39c975e8de7a" testName="IfFunctionEqualityStringTrueTest" computerName="pkrvmsl9tci6h6u" duration="00:00:00.0258359" startTime="2025-08-09T21:08:08.8046878+00:00" endTime="2025-08-09T21:08:08.8497902+00:00" testType="13cdc9d9-ddb5-4fa4-a97d-d965ccfc6d4b" outcome="Passed" testListId="8c84fa94-04c1-424b-9868-57a2d4851a1d" relativeResultsDirectory="5906b557-c322-4518-b93c-971fa394a76d" />
    <UnitTestResult executionId="fc769c20-0701-4dd9-96a6-2390e6bdaa04" testId="fe2216e4-d6ba-6e05-6d3f-4c8e90ad31b0" testName="StringCharacterAccess_NullString_ShouldReturnDefaultChar" computerName="pkrvmsl9tci6h6u" duration="00:00:00.0296277" startTime="2025-08-09T21:07:46.6634414+00:00" endTime="2025-08-09T21:07:46.6931777+00:00" testType="13cdc9d9-ddb5-4fa4-a97d-d965ccfc6d4b" outcome="Passed" testListId="8c84fa94-04c1-424b-9868-57a2d4851a1d" relativeResultsDirectory="fc769c20-0701-4dd9-96a6-2390e6bdaa04" />
    <UnitTestResult executionId="b29449de-3c81-473c-b2b5-a3447e7778bb" testId="7e4047bc-c465-fcfc-6444-fc6c06349102" testName="MultipleLeftJoinWithCTriesMatchBAndSucceedTest" computerName="pkrvmsl9tci6h6u" duration="00:00:00.0448899" startTime="2025-08-09T21:08:07.7739789+00:00" endTime="2025-08-09T21:08:07.8189434+00:00" testType="13cdc9d9-ddb5-4fa4-a97d-d965ccfc6d4b" outcome="Passed" testListId="8c84fa94-04c1-424b-9868-57a2d4851a1d" relativeResultsDirectory="b29449de-3c81-473c-b2b5-a3447e7778bb" />
    <UnitTestResult executionId="1e46d93c-c2f4-4a68-b52f-848463d7703c" testId="c127698a-1420-8317-f27d-ef8140108485" testName="WhenOrderByAfterGroupByMultipleColumnBothDesc_ShouldSucceed" computerName="pkrvmsl9tci6h6u" duration="00:00:00.0330167" startTime="2025-08-09T21:08:12.1225886+00:00" endTime="2025-08-09T21:08:12.1556817+00:00" testType="13cdc9d9-ddb5-4fa4-a97d-d965ccfc6d4b" outcome="Passed" testListId="8c84fa94-04c1-424b-9868-57a2d4851a1d" relativeResultsDirectory="1e46d93c-c2f4-4a68-b52f-848463d7703c" />
    <UnitTestResult executionId="0c782822-7032-4897-87a2-ed83191e6dc6" testId="9e604c2d-8b42-2b97-0a29-4b1d5e608540" testName="OuterApply_LeftJoinAndUseProperty_ShouldPass" computerName="pkrvmsl9tci6h6u" duration="00:00:00.0557288" startTime="2025-08-09T21:08:13.8772411+00:00" endTime="2025-08-09T21:08:13.9330627+00:00" testType="13cdc9d9-ddb5-4fa4-a97d-d965ccfc6d4b" outcome="Passed" testListId="8c84fa94-04c1-424b-9868-57a2d4851a1d" relativeResultsDirectory="0c782822-7032-4897-87a2-ed83191e6dc6" />
    <UnitTestResult executionId="dad12702-d280-4604-a993-04f665acdea0" testId="1b5faaf2-e377-619e-1525-9b0c087a7d0a" testName="OuterApply_WithWhereClause_ShouldPass" computerName="pkrvmsl9tci6h6u" duration="00:00:00.0587928" startTime="2025-08-09T21:08:14.7057631+00:00" endTime="2025-08-09T21:08:14.7646388+00:00" testType="13cdc9d9-ddb5-4fa4-a97d-d965ccfc6d4b" outcome="Passed" testListId="8c84fa94-04c1-424b-9868-57a2d4851a1d" relativeResultsDirectory="dad12702-d280-4604-a993-04f665acdea0" />
    <UnitTestResult executionId="15f560d0-3053-49de-adc1-5c135faece5c" testId="4006bee2-9083-2e3b-fd47-c887b212917b" testName="WhenBitwiseXorBetweenIntAndByte_ShouldBeEvaluated" computerName="pkrvmsl9tci6h6u" duration="00:00:00.0347639" startTime="2025-08-09T21:07:54.3881672+00:00" endTime="2025-08-09T21:07:54.4230058+00:00" testType="13cdc9d9-ddb5-4fa4-a97d-d965ccfc6d4b" outcome="Passed" testListId="8c84fa94-04c1-424b-9868-57a2d4851a1d" relativeResultsDirectory="15f560d0-3053-49de-adc1-5c135faece5c" />
    <UnitTestResult executionId="a9eaf0a8-68c4-4d12-832c-239137e815ed" testId="b945f888-1f2c-2670-2e53-09122654175e" testName="WhenNegativeDecimalWithDotUsed_ShouldHaveColumnOfThatType" computerName="pkrvmsl9tci6h6u" duration="00:00:00.0527067" startTime="2025-08-09T21:08:11.0545822+00:00" endTime="2025-08-09T21:08:11.1073588+00:00" testType="13cdc9d9-ddb5-4fa4-a97d-d965ccfc6d4b" outcome="Passed" testListId="8c84fa94-04c1-424b-9868-57a2d4851a1d" relativeResultsDirectory="a9eaf0a8-68c4-4d12-832c-239137e815ed" />
    <UnitTestResult executionId="b7aec2c4-c16e-41fd-a4d5-ef52426d21f2" testId="4dc07492-9802-506f-7459-3b6347a368a5" testName="ColumnNamesSimpleTest" computerName="pkrvmsl9tci6h6u" duration="00:00:00.0554194" startTime="2025-08-09T21:08:19.5855833+00:00" endTime="2025-08-09T21:08:19.6410767+00:00" testType="13cdc9d9-ddb5-4fa4-a97d-d965ccfc6d4b" outcome="Passed" testListId="8c84fa94-04c1-424b-9868-57a2d4851a1d" relativeResultsDirectory="b7aec2c4-c16e-41fd-a4d5-ef52426d21f2" />
    <UnitTestResult executionId="8fa61c96-0408-4943-b3db-8685fe043072" testId="08455e25-369d-8a18-ce6c-239a969cf5d2" testName="WhenBitwiseXorBetweenUshortAndLong_ShouldBeEvaluated" computerName="pkrvmsl9tci6h6u" duration="00:00:00.0730905" startTime="2025-08-09T21:07:53.9332942+00:00" endTime="2025-08-09T21:07:54.0064843+00:00" testType="13cdc9d9-ddb5-4fa4-a97d-d965ccfc6d4b" outcome="Passed" testListId="8c84fa94-04c1-424b-9868-57a2d4851a1d" relativeResultsDirectory="8fa61c96-0408-4943-b3db-8685fe043072" />
    <UnitTestResult executionId="82f0d936-04eb-43fc-b785-53b938d8e976" testId="e82f8af9-d0a1-2c2c-06f5-78827d291bdb" testName="WhenLargeNegativeDecimalWithDotUsed_ShouldHaveColumnOfThatType" computerName="pkrvmsl9tci6h6u" duration="00:00:00.0350120" startTime="2025-08-09T21:08:11.6938999+00:00" endTime="2025-08-09T21:08:11.7289885+00:00" testType="13cdc9d9-ddb5-4fa4-a97d-d965ccfc6d4b" outcome="Passed" testListId="8c84fa94-04c1-424b-9868-57a2d4851a1d" relativeResultsDirectory="82f0d936-04eb-43fc-b785-53b938d8e976" />
    <UnitTestResult executionId="3c06d465-f43c-4be8-8db8-3f32549c62b7" testId="fd3d08aa-842b-a09f-1a5c-f0918bbb9ed8" testName="WhenAliasedStarUnfoldToMultipleColumns_SecondTableUnfolded_ShouldPass" computerName="pkrvmsl9tci6h6u" duration="00:00:00.0550819" startTime="2025-08-09T21:08:21.1272105+00:00" endTime="2025-08-09T21:08:21.1823610+00:00" testType="13cdc9d9-ddb5-4fa4-a97d-d965ccfc6d4b" outcome="Passed" testListId="8c84fa94-04c1-424b-9868-57a2d4851a1d" relativeResultsDirectory="3c06d465-f43c-4be8-8db8-3f32549c62b7" />
    <UnitTestResult executionId="2315fd06-c908-43f4-8ce2-480c8a615e35" testId="fa357b40-47b7-965b-fa86-37f65b67ad37" testName="ArrayAccess_MultipleDifferentIndices_ShouldHandleCorrectly" computerName="pkrvmsl9tci6h6u" duration="00:00:00.0471425" startTime="2025-08-09T21:07:46.9117105+00:00" endTime="2025-08-09T21:07:46.9589590+00:00" testType="13cdc9d9-ddb5-4fa4-a97d-d965ccfc6d4b" outcome="Passed" testListId="8c84fa94-04c1-424b-9868-57a2d4851a1d" relativeResultsDirectory="2315fd06-c908-43f4-8ce2-480c8a615e35" />
    <UnitTestResult executionId="7820a50c-ec98-4cca-a31b-1039e49a54d8" testId="8c34e09e-54a2-ed91-544b-da81d233e959" testName="WhenLongAndIntUsed_ShouldHaveColumnOfThatType" computerName="pkrvmsl9tci6h6u" duration="00:00:00.1330657" startTime="2025-08-09T21:07:38.6824124+00:00" endTime="2025-08-09T21:07:38.8156188+00:00" testType="13cdc9d9-ddb5-4fa4-a97d-d965ccfc6d4b" outcome="Passed" testListId="8c84fa94-04c1-424b-9868-57a2d4851a1d" relativeResultsDirectory="7820a50c-ec98-4cca-a31b-1039e49a54d8" />
    <UnitTestResult executionId="b9634711-fe09-4adc-b633-2a432ec41067" testId="18c104d8-d543-ad16-9518-cce30f934403" testName="WhenBitwiseOrBetweenSbyteAndLong_ShouldBeEvaluated" computerName="pkrvmsl9tci6h6u" duration="00:00:00.0509568" startTime="2025-08-09T21:07:50.3554437+00:00" endTime="2025-08-09T21:07:50.4064929+00:00" testType="13cdc9d9-ddb5-4fa4-a97d-d965ccfc6d4b" outcome="Passed" testListId="8c84fa94-04c1-424b-9868-57a2d4851a1d" relativeResultsDirectory="b9634711-fe09-4adc-b633-2a432ec41067" />
    <UnitTestResult executionId="2d917703-0e01-4429-8b20-67c66c592234" testId="66f157ba-1234-74d1-0d8a-bf79ffde6221" testName="WithDynamicSource_SyntaxKeywordAsColumnNameUSed_ShouldPass" computerName="pkrvmsl9tci6h6u" duration="00:00:00.0409192" startTime="2025-08-09T21:08:02.0412097+00:00" endTime="2025-08-09T21:08:02.0821957+00:00" testType="13cdc9d9-ddb5-4fa4-a97d-d965ccfc6d4b" outcome="Passed" testListId="8c84fa94-04c1-424b-9868-57a2d4851a1d" relativeResultsDirectory="2d917703-0e01-4429-8b20-67c66c592234" />
    <UnitTestResult executionId="5c162ff1-a8ea-4fe0-8095-d0e5e1bdfa47" testId="5e9efe87-4aae-0df9-8e11-77a2ee0e1efa" testName="WhenBitwiseXorBetweenLongAndLong_ShouldBeEvaluated" computerName="pkrvmsl9tci6h6u" duration="00:00:00.0514936" startTime="2025-08-09T21:07:55.3934429+00:00" endTime="2025-08-09T21:07:55.4450148+00:00" testType="13cdc9d9-ddb5-4fa4-a97d-d965ccfc6d4b" outcome="Passed" testListId="8c84fa94-04c1-424b-9868-57a2d4851a1d" relativeResultsDirectory="5c162ff1-a8ea-4fe0-8095-d0e5e1bdfa47" />
    <UnitTestResult executionId="93764234-fa1c-422f-a978-600d782f452a" testId="5ae5b2f5-7d03-0c3c-de21-26ef1b8d13b9" testName="WhenBitwiseOrBetweenSbyteAndUint_ShouldBeEvaluated" computerName="pkrvmsl9tci6h6u" duration="00:00:00.0342675" startTime="2025-08-09T21:07:50.3210237+00:00" endTime="2025-08-09T21:07:50.3553914+00:00" testType="13cdc9d9-ddb5-4fa4-a97d-d965ccfc6d4b" outcome="Passed" testListId="8c84fa94-04c1-424b-9868-57a2d4851a1d" relativeResultsDirectory="93764234-fa1c-422f-a978-600d782f452a" />
    <UnitTestResult executionId="c8f77055-93af-4df5-9d21-b328f95c8810" testId="5b10133a-1f3b-3c1f-f9cd-c1d65069effd" testName="WhenLongAndShortUsed_ShouldHaveColumnOfThatType" computerName="pkrvmsl9tci6h6u" duration="00:00:00.1233202" startTime="2025-08-09T21:07:38.4566035+00:00" endTime="2025-08-09T21:07:38.5800583+00:00" testType="13cdc9d9-ddb5-4fa4-a97d-d965ccfc6d4b" outcome="Passed" testListId="8c84fa94-04c1-424b-9868-57a2d4851a1d" relativeResultsDirectory="c8f77055-93af-4df5-9d21-b328f95c8810" />
    <UnitTestResult executionId="e0ed4edd-305b-48f8-8edc-2b68b2b16da6" testId="514446c5-c0a5-a3f9-d3bc-cb6cb0c7e536" testName="WhenSpecialCharacterStartBracketUsedInTextWith_MustNotThrow (&gt;)" computerName="pkrvmsl9tci6h6u" duration="00:00:00.0447840" startTime="2025-08-09T21:08:22.1613395+00:00" endTime="2025-08-09T21:08:22.2062618+00:00" testType="13cdc9d9-ddb5-4fa4-a97d-d965ccfc6d4b" outcome="Passed" testListId="8c84fa94-04c1-424b-9868-57a2d4851a1d" relativeResultsDirectory="e0ed4edd-305b-48f8-8edc-2b68b2b16da6" />
    <UnitTestResult executionId="fb19c85e-cbef-43d2-a237-50b924ac00d2" testId="22298398-bc6f-6018-2255-6d3a8cb77d79" testName="WhenStarUnfoldToMultipleColumns_AndExplicitColumnIsUsedAsAnotherColumn_ShouldPass" computerName="pkrvmsl9tci6h6u" duration="00:00:00.0421717" startTime="2025-08-09T21:08:20.7752448+00:00" endTime="2025-08-09T21:08:20.8174771+00:00" testType="13cdc9d9-ddb5-4fa4-a97d-d965ccfc6d4b" outcome="Passed" testListId="8c84fa94-04c1-424b-9868-57a2d4851a1d" relativeResultsDirectory="fb19c85e-cbef-43d2-a237-50b924ac00d2" />
    <UnitTestResult executionId="c217a937-697c-49ef-8bcb-7c4cbf7c8d49" testId="7c33513d-3c2f-c00e-f266-9a09a706b4c1" testName="WhenOrderByClauseWithOperationDesc_ShouldSucceed" computerName="pkrvmsl9tci6h6u" duration="00:00:00.0468025" startTime="2025-08-09T21:08:12.3331470+00:00" endTime="2025-08-09T21:08:12.3800245+00:00" testType="13cdc9d9-ddb5-4fa4-a97d-d965ccfc6d4b" outcome="Passed" testListId="8c84fa94-04c1-424b-9868-57a2d4851a1d" relativeResultsDirectory="c217a937-697c-49ef-8bcb-7c4cbf7c8d49" />
    <UnitTestResult executionId="42ddefd4-4b65-4c08-863a-8aa6a45d7c76" testId="66feca92-42b2-46e4-4124-94f11a3d14ee" testName="WhenBitwiseXorBetweenLongAndUInt_ShouldBeEvaluated" computerName="pkrvmsl9tci6h6u" duration="00:00:00.0334015" startTime="2025-08-09T21:07:55.3599238+00:00" endTime="2025-08-09T21:07:55.3934022+00:00" testType="13cdc9d9-ddb5-4fa4-a97d-d965ccfc6d4b" outcome="Passed" testListId="8c84fa94-04c1-424b-9868-57a2d4851a1d" relativeResultsDirectory="42ddefd4-4b65-4c08-863a-8aa6a45d7c76" />
    <UnitTestResult executionId="c71cba7b-e867-410a-8245-5c3460084130" testId="72ea2621-6a73-f059-f07c-519f463a83be" testName="OuterApplyProperty_WithComplexList_ShouldPass" computerName="pkrvmsl9tci6h6u" duration="00:00:00.0648151" startTime="2025-08-09T21:08:14.2424031+00:00" endTime="2025-08-09T21:08:14.3072874+00:00" testType="13cdc9d9-ddb5-4fa4-a97d-d965ccfc6d4b" outcome="Passed" testListId="8c84fa94-04c1-424b-9868-57a2d4851a1d" relativeResultsDirectory="c71cba7b-e867-410a-8245-5c3460084130" />
    <UnitTestResult executionId="2dcd398f-f3a4-473f-97be-ecf358080ea0" testId="8d7eebf9-261b-e7e6-45b3-dce3e8e7cd10" testName="CrossApplyProperty_NoMatch_ShouldPass" computerName="pkrvmsl9tci6h6u" duration="00:00:00.0424168" startTime="2025-08-09T21:07:58.5105468+00:00" endTime="2025-08-09T21:07:58.5531617+00:00" testType="13cdc9d9-ddb5-4fa4-a97d-d965ccfc6d4b" outcome="Passed" testListId="8c84fa94-04c1-424b-9868-57a2d4851a1d" relativeResultsDirectory="2dcd398f-f3a4-473f-97be-ecf358080ea0" />
    <UnitTestResult executionId="64ed8d0d-41fd-45a9-8aa7-46ba422c6c11" testId="0b808ee7-0099-93fa-4167-3abc01c37d6c" testName="WhenDoubleAndLongUsed_ShouldHaveColumnOfThatType" computerName="pkrvmsl9tci6h6u" duration="00:00:00.0676202" startTime="2025-08-09T21:07:41.2695240+00:00" endTime="2025-08-09T21:07:41.3372811+00:00" testType="13cdc9d9-ddb5-4fa4-a97d-d965ccfc6d4b" outcome="Passed" testListId="8c84fa94-04c1-424b-9868-57a2d4851a1d" relativeResultsDirectory="64ed8d0d-41fd-45a9-8aa7-46ba422c6c11" />
    <UnitTestResult executionId="f0a8ff99-1c2b-468a-b490-03fa891adc4d" testId="c31aa0d4-6d6c-7e68-0f2a-2f29f932dba3" testName="CrossApply_WithNullParameter_ShouldHandleGracefully" computerName="pkrvmsl9tci6h6u" duration="00:00:00.0538611" startTime="2025-08-09T21:07:57.7124270+00:00" endTime="2025-08-09T21:07:57.7664823+00:00" testType="13cdc9d9-ddb5-4fa4-a97d-d965ccfc6d4b" outcome="Passed" testListId="8c84fa94-04c1-424b-9868-57a2d4851a1d" relativeResultsDirectory="f0a8ff99-1c2b-468a-b490-03fa891adc4d" />
    <UnitTestResult executionId="1306cc2d-f80f-4351-a99a-f385bb2c0415" testId="ae23a2f1-925d-753e-873a-5c11f4eb471d" testName="WhenBitwiseNotOnByte_ShouldBeEvaluated" computerName="pkrvmsl9tci6h6u" duration="00:00:00.0385962" startTime="2025-08-09T21:07:49.7467081+00:00" endTime="2025-08-09T21:07:49.7854229+00:00" testType="13cdc9d9-ddb5-4fa4-a97d-d965ccfc6d4b" outcome="Passed" testListId="8c84fa94-04c1-424b-9868-57a2d4851a1d" relativeResultsDirectory="1306cc2d-f80f-4351-a99a-f385bb2c0415" />
    <UnitTestResult executionId="f195fce5-905e-4822-8562-0bb44ee071ed" testId="ea426452-0a6e-ed22-ec2e-4b9ceb43a31b" testName="OuterApplyProperty_TakeSkipAfterSplit_ShouldPass" computerName="pkrvmsl9tci6h6u" duration="00:00:00.0643209" startTime="2025-08-09T21:08:13.3656734+00:00" endTime="2025-08-09T21:08:13.4300719+00:00" testType="13cdc9d9-ddb5-4fa4-a97d-d965ccfc6d4b" outcome="Passed" testListId="8c84fa94-04c1-424b-9868-57a2d4851a1d" relativeResultsDirectory="f195fce5-905e-4822-8562-0bb44ee071ed" />
    <UnitTestResult executionId="6139e1ef-7505-4b74-9a96-46a911a3b9bf" testId="cef37a6c-37ee-27d4-e896-da014cee5ddd" testName="DescMethodTest" computerName="pkrvmsl9tci6h6u" duration="00:00:00.0295873" startTime="2025-08-09T21:08:19.8183214+00:00" endTime="2025-08-09T21:08:19.8479731+00:00" testType="13cdc9d9-ddb5-4fa4-a97d-d965ccfc6d4b" outcome="Passed" testListId="8c84fa94-04c1-424b-9868-57a2d4851a1d" relativeResultsDirectory="6139e1ef-7505-4b74-9a96-46a911a3b9bf" />
    <UnitTestResult executionId="75c707bf-07f6-40a5-8c7e-91ff985c9599" testId="e3f02945-f525-0e91-0d86-80f0ec0486f2" testName="MultiModuloExpressionTest" computerName="pkrvmsl9tci6h6u" duration="00:00:00.0369381" startTime="2025-08-09T21:07:46.2885052+00:00" endTime="2025-08-09T21:07:46.3255730+00:00" testType="13cdc9d9-ddb5-4fa4-a97d-d965ccfc6d4b" outcome="Passed" testListId="8c84fa94-04c1-424b-9868-57a2d4851a1d" relativeResultsDirectory="75c707bf-07f6-40a5-8c7e-91ff985c9599" />
    <UnitTestResult executionId="bc1d3d91-4999-4627-b3fa-98cfb37ae86f" testId="3130849e-9950-8c38-88f8-c2981f3244c5" testName="WhenSpecialCharacterStartBracketUsedInTextWith_MustNotThrow (,)" computerName="pkrvmsl9tci6h6u" duration="00:00:00.0353015" startTime="2025-08-09T21:08:22.5359195+00:00" endTime="2025-08-09T21:08:22.5713476+00:00" testType="13cdc9d9-ddb5-4fa4-a97d-d965ccfc6d4b" outcome="Passed" testListId="8c84fa94-04c1-424b-9868-57a2d4851a1d" relativeResultsDirectory="bc1d3d91-4999-4627-b3fa-98cfb37ae86f" />
    <UnitTestResult executionId="dc437679-1d07-4609-b058-2889f7ffd8d6" testId="9ebe0960-d9a4-ae78-6b61-96df078b7d51" testName="CrossApplyProperty_TakeSkipAfterSplit_ShouldPass" computerName="pkrvmsl9tci6h6u" duration="00:00:00.0324914" startTime="2025-08-09T21:07:58.8062234+00:00" endTime="2025-08-09T21:07:58.8387888+00:00" testType="13cdc9d9-ddb5-4fa4-a97d-d965ccfc6d4b" outcome="Passed" testListId="8c84fa94-04c1-424b-9868-57a2d4851a1d" relativeResultsDirectory="dc437679-1d07-4609-b058-2889f7ffd8d6" />
    <UnitTestResult executionId="7a61262c-d9d6-466a-842c-a0c4acbaad75" testId="e2dfb22f-02f4-9915-b0f9-69c88ada9fa5" testName="WhenUShortUsed_ShouldHaveColumnOfThatType" computerName="pkrvmsl9tci6h6u" duration="00:00:00.0256713" startTime="2025-08-09T21:08:10.6361113+00:00" endTime="2025-08-09T21:08:10.6618445+00:00" testType="13cdc9d9-ddb5-4fa4-a97d-d965ccfc6d4b" outcome="Passed" testListId="8c84fa94-04c1-424b-9868-57a2d4851a1d" relativeResultsDirectory="7a61262c-d9d6-466a-842c-a0c4acbaad75" />
    <UnitTestResult executionId="e51c4853-68e3-477a-86dc-1faa8b11f595" testId="9ea24caa-d0c2-b04f-943a-6b5b2146d361" testName="WhenToStringCalled_ShouldReturnSameQuery (table Example { Id 'System.Int32', Name 'System.String' };&#xA;couple #a.b with table Example as SourceOfExamples;&#xA;select 1 from SourceOfExamples('a', 'b'))" computerName="pkrvmsl9tci6h6u" duration="00:00:00.0028632" startTime="2025-08-09T21:08:21.4694347+00:00" endTime="2025-08-09T21:08:21.4724991+00:00" testType="13cdc9d9-ddb5-4fa4-a97d-d965ccfc6d4b" outcome="Passed" testListId="8c84fa94-04c1-424b-9868-57a2d4851a1d" relativeResultsDirectory="e51c4853-68e3-477a-86dc-1faa8b11f595" />
    <UnitTestResult executionId="fb4948df-52b4-458c-89f9-36cf9c59bc86" testId="49e09f51-2600-32c9-d0cb-9eea41c57aa4" testName="SimpleShowAllColumnsTest" computerName="pkrvmsl9tci6h6u" duration="00:00:00.0837262" startTime="2025-08-09T21:08:19.0458533+00:00" endTime="2025-08-09T21:08:19.1296491+00:00" testType="13cdc9d9-ddb5-4fa4-a97d-d965ccfc6d4b" outcome="Passed" testListId="8c84fa94-04c1-424b-9868-57a2d4851a1d" relativeResultsDirectory="fb4948df-52b4-458c-89f9-36cf9c59bc86" />
    <UnitTestResult executionId="ad306635-724c-4889-8f1d-7f1d853ddc85" testId="369d8810-0315-7696-bbd8-2be6c27d9d50" testName="SimpleSkipTakeAboveTableAmountTest" computerName="pkrvmsl9tci6h6u" duration="00:00:00.0263977" startTime="2025-08-09T21:08:19.5590592+00:00" endTime="2025-08-09T21:08:19.5855281+00:00" testType="13cdc9d9-ddb5-4fa4-a97d-d965ccfc6d4b" outcome="Passed" testListId="8c84fa94-04c1-424b-9868-57a2d4851a1d" relativeResultsDirectory="ad306635-724c-4889-8f1d-7f1d853ddc85" />
    <UnitTestResult executionId="0dfc40d9-ce9c-4a9a-b595-2ad0548f1174" testId="3e329627-b39e-ed49-095b-d169fd764481" testName="CaseWhenWithNullTest" computerName="pkrvmsl9tci6h6u" duration="00:00:00.0393384" startTime="2025-08-09T21:08:18.7258460+00:00" endTime="2025-08-09T21:08:18.7652509+00:00" testType="13cdc9d9-ddb5-4fa4-a97d-d965ccfc6d4b" outcome="Passed" testListId="8c84fa94-04c1-424b-9868-57a2d4851a1d" relativeResultsDirectory="0dfc40d9-ce9c-4a9a-b595-2ad0548f1174" />
    <UnitTestResult executionId="c3a73552-ea9e-4193-97d0-6eb811784d3d" testId="335a2a3e-5e39-c408-c054-a6f123afe4e4" testName="WhenDescEnvironmentVariables_ShouldListAllColumns" computerName="pkrvmsl9tci6h6u" duration="00:00:00.0185362" startTime="2025-08-09T21:08:02.4235425+00:00" endTime="2025-08-09T21:08:02.4422790+00:00" testType="13cdc9d9-ddb5-4fa4-a97d-d965ccfc6d4b" outcome="Passed" testListId="8c84fa94-04c1-424b-9868-57a2d4851a1d" relativeResultsDirectory="c3a73552-ea9e-4193-97d0-6eb811784d3d" />
    <UnitTestResult executionId="dc1ff981-e204-4298-9099-ea855b7aa1c4" testId="a301ffeb-ace7-c718-12f5-b950c87c106b" testName="WhenBitwiseAndBetweenSByteAndInt_ShouldBeEvaluated" computerName="pkrvmsl9tci6h6u" duration="00:00:00.0429111" startTime="2025-08-09T21:07:48.7170424+00:00" endTime="2025-08-09T21:07:48.7600526+00:00" testType="13cdc9d9-ddb5-4fa4-a97d-d965ccfc6d4b" outcome="Passed" testListId="8c84fa94-04c1-424b-9868-57a2d4851a1d" relativeResultsDirectory="dc1ff981-e204-4298-9099-ea855b7aa1c4" />
    <UnitTestResult executionId="4453d253-918a-472e-9d4b-c4e787a275d9" testId="b88ffd39-7040-1fbb-72de-66ea61067c7e" testName="WhenQuoteFollowedByTextUsed_MustNotThrow" computerName="pkrvmsl9tci6h6u" duration="00:00:00.0342860" startTime="2025-08-09T21:08:21.6114562+00:00" endTime="2025-08-09T21:08:21.6458151+00:00" testType="13cdc9d9-ddb5-4fa4-a97d-d965ccfc6d4b" outcome="Passed" testListId="8c84fa94-04c1-424b-9868-57a2d4851a1d" relativeResultsDirectory="4453d253-918a-472e-9d4b-c4e787a275d9" />
    <UnitTestResult executionId="5f7cb058-b380-4550-9b66-d4c21069016d" testId="bffb5da2-73c5-b652-f2ac-45cac7b4e408" testName="WhenBitwiseAndBetweenUlongAndByte_ShouldBeEvaluated" computerName="pkrvmsl9tci6h6u" duration="00:00:00.0451763" startTime="2025-08-09T21:07:49.5046274+00:00" endTime="2025-08-09T21:07:49.5499129+00:00" testType="13cdc9d9-ddb5-4fa4-a97d-d965ccfc6d4b" outcome="Passed" testListId="8c84fa94-04c1-424b-9868-57a2d4851a1d" relativeResultsDirectory="5f7cb058-b380-4550-9b66-d4c21069016d" />
    <UnitTestResult executionId="1841a96f-c2b1-4746-82ad-02c4a5727be9" testId="eea0094c-3c77-76d2-883f-f4b5d55f9cdd" testName="SimpleRowNumberForGroupByTest" computerName="pkrvmsl9tci6h6u" duration="00:00:00.0596834" startTime="2025-08-09T21:08:04.5912137+00:00" endTime="2025-08-09T21:08:04.6509760+00:00" testType="13cdc9d9-ddb5-4fa4-a97d-d965ccfc6d4b" outcome="Passed" testListId="8c84fa94-04c1-424b-9868-57a2d4851a1d" relativeResultsDirectory="1841a96f-c2b1-4746-82ad-02c4a5727be9" />
    <UnitTestResult executionId="e5010cc6-c3f9-4a94-97ce-2da802092df6" testId="9ae5f0be-e098-2cf3-242d-c6e08add725b" testName="WhenByteMethodCallAndByteUsed_ShouldHaveColumnOfThatType" computerName="pkrvmsl9tci6h6u" duration="00:00:00.0361805" startTime="2025-08-09T21:07:42.0238576+00:00" endTime="2025-08-09T21:07:42.0605345+00:00" testType="13cdc9d9-ddb5-4fa4-a97d-d965ccfc6d4b" outcome="Passed" testListId="8c84fa94-04c1-424b-9868-57a2d4851a1d" relativeResultsDirectory="e5010cc6-c3f9-4a94-97ce-2da802092df6" />
    <UnitTestResult executionId="7f305dd7-ef82-4508-a02f-464d415573a9" testId="ce97ea14-00c5-563c-a630-d8acfffaf340" testName="WhenLargeNegativeDecimalWithDotAndSuffixUsed_ShouldHaveColumnOfThatType" computerName="pkrvmsl9tci6h6u" duration="00:00:00.0381378" startTime="2025-08-09T21:08:11.7293407+00:00" endTime="2025-08-09T21:08:11.7675830+00:00" testType="13cdc9d9-ddb5-4fa4-a97d-d965ccfc6d4b" outcome="Passed" testListId="8c84fa94-04c1-424b-9868-57a2d4851a1d" relativeResultsDirectory="7f305dd7-ef82-4508-a02f-464d415573a9" />
    <UnitTestResult executionId="98810dc2-b0fc-4f64-8d85-5ffad187a377" testId="791bd678-f13a-f109-7b97-adcfe5f25fc9" testName="JoinWithGroupByAndOrderByTest" computerName="pkrvmsl9tci6h6u" duration="00:00:00.0402196" startTime="2025-08-09T21:08:06.9814574+00:00" endTime="2025-08-09T21:08:07.0217535+00:00" testType="13cdc9d9-ddb5-4fa4-a97d-d965ccfc6d4b" outcome="Passed" testListId="8c84fa94-04c1-424b-9868-57a2d4851a1d" relativeResultsDirectory="98810dc2-b0fc-4f64-8d85-5ffad187a377" />
    <UnitTestResult executionId="b49c80cc-971f-482d-9484-fc2612562da8" testId="1e3497bf-58e0-8ee0-48a7-d11c65687b0b" testName="WhenQuoteUsed_MustNotThrow" computerName="pkrvmsl9tci6h6u" duration="00:00:00.0530578" startTime="2025-08-09T21:08:21.5339157+00:00" endTime="2025-08-09T21:08:21.5871818+00:00" testType="13cdc9d9-ddb5-4fa4-a97d-d965ccfc6d4b" outcome="Passed" testListId="8c84fa94-04c1-424b-9868-57a2d4851a1d" relativeResultsDirectory="b49c80cc-971f-482d-9484-fc2612562da8" />
    <UnitTestResult executionId="321e1d7e-f4b5-4fe0-912f-d5119a5b0d47" testId="c7f12736-a3b3-a649-2bc7-0823c223f0f3" testName="WhenBitwiseXorBetweenByteAndByte_ShouldBeEvaluated" computerName="pkrvmsl9tci6h6u" duration="00:00:00.0387421" startTime="2025-08-09T21:07:53.2212659+00:00" endTime="2025-08-09T21:07:53.2601092+00:00" testType="13cdc9d9-ddb5-4fa4-a97d-d965ccfc6d4b" outcome="Passed" testListId="8c84fa94-04c1-424b-9868-57a2d4851a1d" relativeResultsDirectory="321e1d7e-f4b5-4fe0-912f-d5119a5b0d47" />
    <UnitTestResult executionId="624bb767-6db7-4e9c-a6bb-bd008edc8bef" testId="7ecf362b-675e-dfb2-03da-2fc04410c872" testName="CoalesceTest" computerName="pkrvmsl9tci6h6u" duration="00:00:00.0542726" startTime="2025-08-09T21:08:20.0033048+00:00" endTime="2025-08-09T21:08:20.0576596+00:00" testType="13cdc9d9-ddb5-4fa4-a97d-d965ccfc6d4b" outcome="Passed" testListId="8c84fa94-04c1-424b-9868-57a2d4851a1d" relativeResultsDirectory="624bb767-6db7-4e9c-a6bb-bd008edc8bef" />
    <UnitTestResult executionId="c1323873-0fa1-4636-94b2-a236edade026" testId="3ba54471-c8a7-f0f1-4345-b2e23a1ffe76" testName="WhenBitwiseAndBetweenLongAndUShort_ShouldBeEvaluated" computerName="pkrvmsl9tci6h6u" duration="00:00:00.0510432" startTime="2025-08-09T21:07:49.2935120+00:00" endTime="2025-08-09T21:07:49.3446741+00:00" testType="13cdc9d9-ddb5-4fa4-a97d-d965ccfc6d4b" outcome="Passed" testListId="8c84fa94-04c1-424b-9868-57a2d4851a1d" relativeResultsDirectory="c1323873-0fa1-4636-94b2-a236edade026" />
    <UnitTestResult executionId="d4d80d73-f002-4a3d-b7b3-1b9511b122e6" testId="5482cc68-fbbf-05e8-1268-f81e0d12ad92" testName="WhenSpecialCharacterStartBracketUsedInTextWith_MustNotThrow (#)" computerName="pkrvmsl9tci6h6u" duration="00:00:00.0237779" startTime="2025-08-09T21:08:22.6601422+00:00" endTime="2025-08-09T21:08:22.6840510+00:00" testType="13cdc9d9-ddb5-4fa4-a97d-d965ccfc6d4b" outcome="Passed" testListId="8c84fa94-04c1-424b-9868-57a2d4851a1d" relativeResultsDirectory="d4d80d73-f002-4a3d-b7b3-1b9511b122e6" />
    <UnitTestResult executionId="26ab2d3d-8839-41ea-af6a-ed61024a9e2e" testId="d6510621-4cbc-309b-dceb-2f6e900ea107" testName="WhenShortAndUShortUsed_ShouldHaveColumnOfThatType" computerName="pkrvmsl9tci6h6u" duration="00:00:00.1474444" startTime="2025-08-09T21:07:32.4333080+00:00" endTime="2025-08-09T21:07:32.5809687+00:00" testType="13cdc9d9-ddb5-4fa4-a97d-d965ccfc6d4b" outcome="Passed" testListId="8c84fa94-04c1-424b-9868-57a2d4851a1d" relativeResultsDirectory="26ab2d3d-8839-41ea-af6a-ed61024a9e2e" />
    <UnitTestResult executionId="46bc06f9-422f-40f4-b232-378f234fd2ae" testId="68ffe9da-b92a-0f0d-e99a-d8fcb881f86f" testName="CaseWhenArithmeticExpressionTest" computerName="pkrvmsl9tci6h6u" duration="00:00:00.0737111" startTime="2025-08-09T21:07:46.3521714+00:00" endTime="2025-08-09T21:07:46.4259776+00:00" testType="13cdc9d9-ddb5-4fa4-a97d-d965ccfc6d4b" outcome="Passed" testListId="8c84fa94-04c1-424b-9868-57a2d4851a1d" relativeResultsDirectory="46bc06f9-422f-40f4-b232-378f234fd2ae" />
    <UnitTestResult executionId="13a82a6c-1c33-4739-bfa1-7b2caf297b17" testId="6d2e107d-9af7-13c4-2b07-722015a4128a" testName="WhenOrderByDescAfterGroupByHaving_ShouldSucceed" computerName="pkrvmsl9tci6h6u" duration="00:00:00.0774032" startTime="2025-08-09T21:08:12.2092979+00:00" endTime="2025-08-09T21:08:12.2867753+00:00" testType="13cdc9d9-ddb5-4fa4-a97d-d965ccfc6d4b" outcome="Passed" testListId="8c84fa94-04c1-424b-9868-57a2d4851a1d" relativeResultsDirectory="13a82a6c-1c33-4739-bfa1-7b2caf297b17" />
    <UnitTestResult executionId="9724514f-93c6-4b61-9408-25294b08760b" testId="175cf6cc-ac99-f6eb-fd7f-7323a7f11897" testName="WhenEscapeAtStartAndEnd_ShouldBePresent" computerName="pkrvmsl9tci6h6u" duration="00:00:00.0288602" startTime="2025-08-09T21:08:02.9284450+00:00" endTime="2025-08-09T21:08:02.9574023+00:00" testType="13cdc9d9-ddb5-4fa4-a97d-d965ccfc6d4b" outcome="Passed" testListId="8c84fa94-04c1-424b-9868-57a2d4851a1d" relativeResultsDirectory="9724514f-93c6-4b61-9408-25294b08760b" />
    <UnitTestResult executionId="9d4b3302-bd52-4ccd-a2f9-f7551a7d5e8b" testId="dec8884c-ab25-84fa-6c7f-042119aa9aad" testName="ComplexArithmeticExpression1Test" computerName="pkrvmsl9tci6h6u" duration="00:00:00.0263859" startTime="2025-08-09T21:07:46.3256299+00:00" endTime="2025-08-09T21:07:46.3521167+00:00" testType="13cdc9d9-ddb5-4fa4-a97d-d965ccfc6d4b" outcome="Passed" testListId="8c84fa94-04c1-424b-9868-57a2d4851a1d" relativeResultsDirectory="9d4b3302-bd52-4ccd-a2f9-f7551a7d5e8b" />
    <UnitTestResult executionId="1051f7ec-7d25-42b5-821d-a66dd4c70299" testId="fdc730a9-8977-281e-d635-4da9d4cefb2f" testName="MultipleUnionsWithDuplicatedKeysTest" computerName="pkrvmsl9tci6h6u" duration="00:00:00.0525393" startTime="2025-08-09T21:08:16.6534942+00:00" endTime="2025-08-09T21:08:16.7061115+00:00" testType="13cdc9d9-ddb5-4fa4-a97d-d965ccfc6d4b" outcome="Passed" testListId="8c84fa94-04c1-424b-9868-57a2d4851a1d" relativeResultsDirectory="1051f7ec-7d25-42b5-821d-a66dd4c70299" />
    <UnitTestResult executionId="1429dc66-7357-4d8d-897f-705de821703c" testId="4e945a58-333d-177d-1171-8f265869eb53" testName="HeadWithStringTest" computerName="pkrvmsl9tci6h6u" duration="00:00:00.0270735" startTime="2025-08-09T21:08:20.1235476+00:00" endTime="2025-08-09T21:08:20.1507284+00:00" testType="13cdc9d9-ddb5-4fa4-a97d-d965ccfc6d4b" outcome="Passed" testListId="8c84fa94-04c1-424b-9868-57a2d4851a1d" relativeResultsDirectory="1429dc66-7357-4d8d-897f-705de821703c" />
    <UnitTestResult executionId="25345143-3214-4a9c-bd93-dfea8f4175b1" testId="b6ac1729-97a0-c205-b4d3-e33c72bd6505" testName="AndOperator_WhenBothFieldsAreNull_ShouldShowThreeRows" computerName="pkrvmsl9tci6h6u" duration="00:00:00.0452499" startTime="2025-08-09T21:08:10.4428861+00:00" endTime="2025-08-09T21:08:10.4882111+00:00" testType="13cdc9d9-ddb5-4fa4-a97d-d965ccfc6d4b" outcome="Passed" testListId="8c84fa94-04c1-424b-9868-57a2d4851a1d" relativeResultsDirectory="25345143-3214-4a9c-bd93-dfea8f4175b1" />
    <UnitTestResult executionId="e7fbc833-93af-4959-a24d-f85aa18d4078" testId="ca2b08f4-fb0c-13bd-c5d6-f634036fe338" testName="MixedSourcesWithSkipIntersectUnionScenarioTest" computerName="pkrvmsl9tci6h6u" duration="00:00:00.0390159" startTime="2025-08-09T21:08:17.7443311+00:00" endTime="2025-08-09T21:08:17.7834446+00:00" testType="13cdc9d9-ddb5-4fa4-a97d-d965ccfc6d4b" outcome="Passed" testListId="8c84fa94-04c1-424b-9868-57a2d4851a1d" relativeResultsDirectory="e7fbc833-93af-4959-a24d-f85aa18d4078" />
    <UnitTestResult executionId="474c130f-0626-4f57-8065-4a65bd456479" testId="7d269de5-ea93-e490-e9c8-ec91ae85fd6f" testName="WithDynamicSource_SimpleQuery_ShouldPass" computerName="pkrvmsl9tci6h6u" duration="00:00:00.0367605" startTime="2025-08-09T21:08:02.1609917+00:00" endTime="2025-08-09T21:08:02.1978219+00:00" testType="13cdc9d9-ddb5-4fa4-a97d-d965ccfc6d4b" outcome="Passed" testListId="8c84fa94-04c1-424b-9868-57a2d4851a1d" relativeResultsDirectory="474c130f-0626-4f57-8065-4a65bd456479" />
    <UnitTestResult executionId="cd21bbba-4ad4-4a0b-b3b5-3e41522958d9" testId="7f0c6da2-14f0-4994-357a-5c4be287d735" testName="WhenRetrieveLengthFromArrayType_ShouldPass" computerName="pkrvmsl9tci6h6u" duration="00:00:00.0488367" startTime="2025-08-09T21:08:03.7665828+00:00" endTime="2025-08-09T21:08:03.8154982+00:00" testType="13cdc9d9-ddb5-4fa4-a97d-d965ccfc6d4b" outcome="Passed" testListId="8c84fa94-04c1-424b-9868-57a2d4851a1d" relativeResultsDirectory="cd21bbba-4ad4-4a0b-b3b5-3e41522958d9" />
    <UnitTestResult executionId="3c837a26-4249-4eae-bde1-71d4b5cb5b1f" testId="be633a48-7c45-6e69-a630-72823852a1e8" testName="WhenBitwiseXorBetweenUlongAndUint_ShouldBeEvaluated" computerName="pkrvmsl9tci6h6u" duration="00:00:00.0349676" startTime="2025-08-09T21:07:55.5550990+00:00" endTime="2025-08-09T21:07:55.5901658+00:00" testType="13cdc9d9-ddb5-4fa4-a97d-d965ccfc6d4b" outcome="Passed" testListId="8c84fa94-04c1-424b-9868-57a2d4851a1d" relativeResultsDirectory="3c837a26-4249-4eae-bde1-71d4b5cb5b1f" />
    <UnitTestResult executionId="f76a3ca8-5d24-46d2-9489-b6305e1cc035" testId="6874ee7c-363f-f5c3-eaf5-659311f50eb1" testName="AddOperatorWithStringsTurnsIntoConcatTest" computerName="pkrvmsl9tci6h6u" duration="00:00:00.0247380" startTime="2025-08-09T21:08:18.9103154+00:00" endTime="2025-08-09T21:08:18.9351260+00:00" testType="13cdc9d9-ddb5-4fa4-a97d-d965ccfc6d4b" outcome="Passed" testListId="8c84fa94-04c1-424b-9868-57a2d4851a1d" relativeResultsDirectory="f76a3ca8-5d24-46d2-9489-b6305e1cc035" />
    <UnitTestResult executionId="033f4576-4d5e-43c0-8db6-9974eeb6ef83" testId="3b86621c-bdc5-2f81-7368-a062273db6a6" testName="WhenToStringCalled_ShouldReturnSameQuery (select t.Name, Count(t.Name) from #some.thing(true) t group by t.Name having Count(t.Name) &gt; 1)" computerName="pkrvmsl9tci6h6u" duration="00:00:00.0010681" startTime="2025-08-09T21:08:21.5218229+00:00" endTime="2025-08-09T21:08:21.5229598+00:00" testType="13cdc9d9-ddb5-4fa4-a97d-d965ccfc6d4b" outcome="Passed" testListId="8c84fa94-04c1-424b-9868-57a2d4851a1d" relativeResultsDirectory="033f4576-4d5e-43c0-8db6-9974eeb6ef83" />
    <UnitTestResult executionId="daae1894-a885-446b-bd6d-b66bc5250cd4" testId="b3a66da1-aea0-10c7-03ca-d3107978116c" testName="WhenSpecialCharacterStartBracketUsedInTextWith_MustNotThrow (@)" computerName="pkrvmsl9tci6h6u" duration="00:00:00.0246029" startTime="2025-08-09T21:08:22.6353646+00:00" endTime="2025-08-09T21:08:22.6600996+00:00" testType="13cdc9d9-ddb5-4fa4-a97d-d965ccfc6d4b" outcome="Passed" testListId="8c84fa94-04c1-424b-9868-57a2d4851a1d" relativeResultsDirectory="daae1894-a885-446b-bd6d-b66bc5250cd4" />
    <UnitTestResult executionId="965d21cb-3482-4fa6-92db-2cf483ab741c" testId="df6b52b5-641f-4bfe-3fa5-ea54bf7033c5" testName="WhenLargeDecimalWithDotUsed_ShouldHaveColumnOfThatType" computerName="pkrvmsl9tci6h6u" duration="00:00:00.0369393" startTime="2025-08-09T21:08:11.4441775+00:00" endTime="2025-08-09T21:08:11.4811793+00:00" testType="13cdc9d9-ddb5-4fa4-a97d-d965ccfc6d4b" outcome="Passed" testListId="8c84fa94-04c1-424b-9868-57a2d4851a1d" relativeResultsDirectory="965d21cb-3482-4fa6-92db-2cf483ab741c" />
    <UnitTestResult executionId="d5d0d78f-ad34-46fa-95f4-51b970b74b5b" testId="d5502c3f-846a-7a2a-8a7c-7daedbcc9390" testName="WhenDoubleAndShortUsed_ShouldHaveColumnOfThatType" computerName="pkrvmsl9tci6h6u" duration="00:00:00.1107559" startTime="2025-08-09T21:07:40.9166464+00:00" endTime="2025-08-09T21:07:41.0275170+00:00" testType="13cdc9d9-ddb5-4fa4-a97d-d965ccfc6d4b" outcome="Passed" testListId="8c84fa94-04c1-424b-9868-57a2d4851a1d" relativeResultsDirectory="d5d0d78f-ad34-46fa-95f4-51b970b74b5b" />
    <UnitTestResult executionId="48775329-2638-4131-9bc5-74253346f736" testId="2b82a04a-fb8f-50af-c5b6-048912cb7239" testName="WhenHexEscaped_ShouldBePresent" computerName="pkrvmsl9tci6h6u" duration="00:00:00.0244805" startTime="2025-08-09T21:08:02.8644143+00:00" endTime="2025-08-09T21:08:02.8889677+00:00" testType="13cdc9d9-ddb5-4fa4-a97d-d965ccfc6d4b" outcome="Passed" testListId="8c84fa94-04c1-424b-9868-57a2d4851a1d" relativeResultsDirectory="48775329-2638-4131-9bc5-74253346f736" />
    <UnitTestResult executionId="5ba59fe9-8cf1-4619-b22b-28802adf14c7" testId="52bbacbe-299a-3145-48e9-0bd52932aa06" testName="WhenBitwiseOrBetweenUshortAndUlong_ShouldBeEvaluated" computerName="pkrvmsl9tci6h6u" duration="00:00:00.0719781" startTime="2025-08-09T21:07:51.1168700+00:00" endTime="2025-08-09T21:07:51.1889516+00:00" testType="13cdc9d9-ddb5-4fa4-a97d-d965ccfc6d4b" outcome="Passed" testListId="8c84fa94-04c1-424b-9868-57a2d4851a1d" relativeResultsDirectory="5ba59fe9-8cf1-4619-b22b-28802adf14c7" />
    <UnitTestResult executionId="9a8a1793-b173-4606-b5a6-01add1d1fdd1" testId="3a552af5-3985-3c68-8866-e2fae76947c4" testName="WhenBitwiseOrBetweenSbyteAndInt_ShouldBeEvaluated" computerName="pkrvmsl9tci6h6u" duration="00:00:00.0705443" startTime="2025-08-09T21:07:50.2502895+00:00" endTime="2025-08-09T21:07:50.3209713+00:00" testType="13cdc9d9-ddb5-4fa4-a97d-d965ccfc6d4b" outcome="Passed" testListId="8c84fa94-04c1-424b-9868-57a2d4851a1d" relativeResultsDirectory="9a8a1793-b173-4606-b5a6-01add1d1fdd1" />
    <UnitTestResult executionId="c13040f9-414a-4b66-987c-a33adb26e228" testId="1d7a0876-246f-ed4e-afd1-e2478abafab9" testName="WhenSameAliasUsedInCrossApply_ShouldThrow" computerName="pkrvmsl9tci6h6u" duration="00:00:00.0027314" startTime="2025-08-09T21:07:29.1318309+00:00" endTime="2025-08-09T21:07:29.1346524+00:00" testType="13cdc9d9-ddb5-4fa4-a97d-d965ccfc6d4b" outcome="Passed" testListId="8c84fa94-04c1-424b-9868-57a2d4851a1d" relativeResultsDirectory="c13040f9-414a-4b66-987c-a33adb26e228" />
    <UnitTestResult executionId="154e7e92-46cb-4e7e-a658-a150d3ca12d7" testId="361261ad-9358-903d-4e1a-b2ae768c629a" testName="WhenBitwiseOrBetweenLongAndShort_ShouldBeEvaluated" computerName="pkrvmsl9tci6h6u" duration="00:00:00.0450299" startTime="2025-08-09T21:07:52.4159346+00:00" endTime="2025-08-09T21:07:52.4610406+00:00" testType="13cdc9d9-ddb5-4fa4-a97d-d965ccfc6d4b" outcome="Passed" testListId="8c84fa94-04c1-424b-9868-57a2d4851a1d" relativeResultsDirectory="154e7e92-46cb-4e7e-a658-a150d3ca12d7" />
    <UnitTestResult executionId="1919cc88-0586-4405-81e7-73aa1150b802" testId="73e41eed-6b53-5e6d-7d43-02e0e1e6df80" testName="WhenBitwiseAndBetweenIntAndSByte_ShouldBeEvaluated" computerName="pkrvmsl9tci6h6u" duration="00:00:00.0441632" startTime="2025-08-09T21:07:48.4392628+00:00" endTime="2025-08-09T21:07:48.4835295+00:00" testType="13cdc9d9-ddb5-4fa4-a97d-d965ccfc6d4b" outcome="Passed" testListId="8c84fa94-04c1-424b-9868-57a2d4851a1d" relativeResultsDirectory="1919cc88-0586-4405-81e7-73aa1150b802" />
    <UnitTestResult executionId="32fae399-b139-4e54-969a-675fd4885cb5" testId="f9d18498-5095-9916-4085-6738f7bd2b16" testName="JoinWithOrderByTest" computerName="pkrvmsl9tci6h6u" duration="00:00:00.0489674" startTime="2025-08-09T21:08:07.0217925+00:00" endTime="2025-08-09T21:08:07.0708261+00:00" testType="13cdc9d9-ddb5-4fa4-a97d-d965ccfc6d4b" outcome="Passed" testListId="8c84fa94-04c1-424b-9868-57a2d4851a1d" relativeResultsDirectory="32fae399-b139-4e54-969a-675fd4885cb5" />
    <UnitTestResult executionId="4e1f627b-493f-4366-8311-1b25fda537f3" testId="9fbdbfb3-6e3d-13f0-91b4-854ea09ff6f8" testName="FilterByComplexObjectAccessInWhereTest" computerName="pkrvmsl9tci6h6u" duration="00:00:00.0498829" startTime="2025-08-09T21:08:20.2810370+00:00" endTime="2025-08-09T21:08:20.3309861+00:00" testType="13cdc9d9-ddb5-4fa4-a97d-d965ccfc6d4b" outcome="Passed" testListId="8c84fa94-04c1-424b-9868-57a2d4851a1d" relativeResultsDirectory="4e1f627b-493f-4366-8311-1b25fda537f3" />
    <UnitTestResult executionId="28051829-c417-4f7f-87d0-8c8347cc3e17" testId="0490f2d6-6e7c-d7aa-a502-4955cb254686" testName="WhenSchemaMethodCrossAppliedWithAnotherSchema_UsesValuesOfSchemaMethodWithinTableValue_FilterWithAValue_ShouldPass" computerName="pkrvmsl9tci6h6u" duration="00:00:00.0524169" startTime="2025-08-09T21:08:00.0080545+00:00" endTime="2025-08-09T21:08:00.0605579+00:00" testType="13cdc9d9-ddb5-4fa4-a97d-d965ccfc6d4b" outcome="Passed" testListId="8c84fa94-04c1-424b-9868-57a2d4851a1d" relativeResultsDirectory="28051829-c417-4f7f-87d0-8c8347cc3e17" />
    <UnitTestResult executionId="ff88338c-1268-4c4e-91d2-983a3adc32ea" testId="b4e492d6-2eaa-22a3-89b3-6922d569973a" testName="WhenTakeWithoutReductionRequired_ShouldPass" computerName="pkrvmsl9tci6h6u" duration="00:00:00.0692808" startTime="2025-08-09T21:08:03.8540372+00:00" endTime="2025-08-09T21:08:03.9233872+00:00" testType="13cdc9d9-ddb5-4fa4-a97d-d965ccfc6d4b" outcome="Passed" testListId="8c84fa94-04c1-424b-9868-57a2d4851a1d" relativeResultsDirectory="ff88338c-1268-4c4e-91d2-983a3adc32ea" />
    <UnitTestResult executionId="0321296f-4fad-4e1a-b230-e9e2d1e48af9" testId="b9e94c0e-2546-4c17-84cb-b5eaa6fe107a" testName="ArithmeticOpsEqualsTest" computerName="pkrvmsl9tci6h6u" duration="00:00:00.0496039" startTime="2025-08-09T21:07:57.3138324+00:00" endTime="2025-08-09T21:07:57.3635089+00:00" testType="13cdc9d9-ddb5-4fa4-a97d-d965ccfc6d4b" outcome="Passed" testListId="8c84fa94-04c1-424b-9868-57a2d4851a1d" relativeResultsDirectory="0321296f-4fad-4e1a-b230-e9e2d1e48af9" />
    <UnitTestResult executionId="318a327b-d234-4a8f-9ed1-e0c69629b1ec" testId="7e6223fd-eaef-2480-4ab8-8f5219d75ce9" testName="WhenBitwiseAndBetweenUshortAndShort_ShouldBeEvaluated" computerName="pkrvmsl9tci6h6u" duration="00:00:00.0453956" startTime="2025-08-09T21:07:47.7581677+00:00" endTime="2025-08-09T21:07:47.8036589+00:00" testType="13cdc9d9-ddb5-4fa4-a97d-d965ccfc6d4b" outcome="Passed" testListId="8c84fa94-04c1-424b-9868-57a2d4851a1d" relativeResultsDirectory="318a327b-d234-4a8f-9ed1-e0c69629b1ec" />
    <UnitTestResult executionId="c31b20cf-42bc-420f-a34d-bcb2dbdf0a08" testId="4ff4947f-ebdd-3d83-c9d4-35b605e59e4c" testName="WhenIntMethodCallAndByteUsed_ShouldHaveColumnOfThatType" computerName="pkrvmsl9tci6h6u" duration="00:00:00.0416133" startTime="2025-08-09T21:07:43.7512196+00:00" endTime="2025-08-09T21:07:43.7929689+00:00" testType="13cdc9d9-ddb5-4fa4-a97d-d965ccfc6d4b" outcome="Passed" testListId="8c84fa94-04c1-424b-9868-57a2d4851a1d" relativeResultsDirectory="c31b20cf-42bc-420f-a34d-bcb2dbdf0a08" />
    <UnitTestResult executionId="d4d0c340-0252-4c45-babb-e2b132f27744" testId="41651654-0640-06db-894c-cc9e515cc861" testName="OuterApplyProperty_WhereCondition_ShouldPass" computerName="pkrvmsl9tci6h6u" duration="00:00:00.0448504" startTime="2025-08-09T21:08:13.4301135+00:00" endTime="2025-08-09T21:08:13.4750504+00:00" testType="13cdc9d9-ddb5-4fa4-a97d-d965ccfc6d4b" outcome="Passed" testListId="8c84fa94-04c1-424b-9868-57a2d4851a1d" relativeResultsDirectory="d4d0c340-0252-4c45-babb-e2b132f27744" />
    <UnitTestResult executionId="1102afea-423a-4e37-8174-89cef4f7b4fb" testId="d6a562b4-7da3-0142-ceb0-476af5435696" testName="WhenToStringCalled_ShouldReturnSameQuery (select 1 as X from #A.entities())" computerName="pkrvmsl9tci6h6u" duration="00:00:00.0028100" startTime="2025-08-09T21:08:21.4500047+00:00" endTime="2025-08-09T21:08:21.4553810+00:00" testType="13cdc9d9-ddb5-4fa4-a97d-d965ccfc6d4b" outcome="Passed" testListId="8c84fa94-04c1-424b-9868-57a2d4851a1d" relativeResultsDirectory="1102afea-423a-4e37-8174-89cef4f7b4fb" />
    <UnitTestResult executionId="9b5b8a4a-8407-4678-ab11-16b01131d990" testId="7c94bba9-7a9f-8708-2607-6bdff300819d" testName="IsNullReferenceTypeTest" computerName="pkrvmsl9tci6h6u" duration="00:00:00.0342125" startTime="2025-08-09T21:08:10.0738642+00:00" endTime="2025-08-09T21:08:10.1081704+00:00" testType="13cdc9d9-ddb5-4fa4-a97d-d965ccfc6d4b" outcome="Passed" testListId="8c84fa94-04c1-424b-9868-57a2d4851a1d" relativeResultsDirectory="9b5b8a4a-8407-4678-ab11-16b01131d990" />
    <UnitTestResult executionId="870f7a03-6e76-4a0b-ac2d-581aeaa67d86" testId="aefc8add-5e08-3847-4c5d-c2849c513a55" testName="IfFunctionGreaterEqualFalseTest" computerName="pkrvmsl9tci6h6u" duration="00:00:00.0250130" startTime="2025-08-09T21:08:08.8916968+00:00" endTime="2025-08-09T21:08:08.9167897+00:00" testType="13cdc9d9-ddb5-4fa4-a97d-d965ccfc6d4b" outcome="Passed" testListId="8c84fa94-04c1-424b-9868-57a2d4851a1d" relativeResultsDirectory="870f7a03-6e76-4a0b-ac2d-581aeaa67d86" />
    <UnitTestResult executionId="7ec0961d-77eb-41a6-8a3f-63aa94efba62" testId="37c0094c-5680-80a8-7600-71cdf1bc76ea" testName="WhenSameAliasUsedInFromAndJoin_ShouldThrow" computerName="pkrvmsl9tci6h6u" duration="00:00:00.0039919" startTime="2025-08-09T21:07:29.1176335+00:00" endTime="2025-08-09T21:07:29.1218304+00:00" testType="13cdc9d9-ddb5-4fa4-a97d-d965ccfc6d4b" outcome="Passed" testListId="8c84fa94-04c1-424b-9868-57a2d4851a1d" relativeResultsDirectory="7ec0961d-77eb-41a6-8a3f-63aa94efba62" />
    <UnitTestResult executionId="fd21a586-13af-4fd2-a26d-7de082181df1" testId="ac2deb64-8e3e-4e41-5fdc-11fa36f96698" testName="WhenLargeULongUsed_ShouldHaveColumnOfThatType" computerName="pkrvmsl9tci6h6u" duration="00:00:00.0664515" startTime="2025-08-09T21:08:11.3496184+00:00" endTime="2025-08-09T21:08:11.4161345+00:00" testType="13cdc9d9-ddb5-4fa4-a97d-d965ccfc6d4b" outcome="Passed" testListId="8c84fa94-04c1-424b-9868-57a2d4851a1d" relativeResultsDirectory="fd21a586-13af-4fd2-a26d-7de082181df1" />
    <UnitTestResult executionId="2d2178a7-7152-4a8b-9def-ab0b88e083d0" testId="0002454b-6803-d14f-410b-fe4160808b71" testName="WhenToStringCalled_ShouldReturnSameQuery (select s.Column1, s.Column2 from #some.thing() s group by s.Column2)" computerName="pkrvmsl9tci6h6u" duration="00:00:00.0016497" startTime="2025-08-09T21:08:21.4738079+00:00" endTime="2025-08-09T21:08:21.4755871+00:00" testType="13cdc9d9-ddb5-4fa4-a97d-d965ccfc6d4b" outcome="Passed" testListId="8c84fa94-04c1-424b-9868-57a2d4851a1d" relativeResultsDirectory="2d2178a7-7152-4a8b-9def-ab0b88e083d0" />
    <UnitTestResult executionId="110bcf2b-1695-4561-b86a-23400297d908" testId="b17b3f85-a7f9-5aa0-a859-b1875bdafce4" testName="WhenCteUsedWithExchangeParametersBetweenSources_ShouldPass" computerName="pkrvmsl9tci6h6u" duration="00:00:00.0750795" startTime="2025-08-09T21:08:15.8228158+00:00" endTime="2025-08-09T21:08:15.8979825+00:00" testType="13cdc9d9-ddb5-4fa4-a97d-d965ccfc6d4b" outcome="Passed" testListId="8c84fa94-04c1-424b-9868-57a2d4851a1d" relativeResultsDirectory="110bcf2b-1695-4561-b86a-23400297d908" />
    <UnitTestResult executionId="d5cf3123-3f8e-4c60-b88e-006d5a9ec00d" testId="187269aa-4abd-ebc0-3af2-7fd323d8e3c3" testName="WhenIntMethodCallAndLongUsed_ShouldHaveColumnOfThatType" computerName="pkrvmsl9tci6h6u" duration="00:00:00.0447949" startTime="2025-08-09T21:07:44.0261746+00:00" endTime="2025-08-09T21:07:44.0710693+00:00" testType="13cdc9d9-ddb5-4fa4-a97d-d965ccfc6d4b" outcome="Passed" testListId="8c84fa94-04c1-424b-9868-57a2d4851a1d" relativeResultsDirectory="d5cf3123-3f8e-4c60-b88e-006d5a9ec00d" />
    <UnitTestResult executionId="26dcfa6b-dc5f-4d01-b3a2-0f6fee5cfcfe" testId="197b4c77-0e91-c3a2-4441-89a0fc2b5b8f" testName="WhenLongMethodCallAndDecimalUsed_ShouldHaveColumnOfThatType" computerName="pkrvmsl9tci6h6u" duration="00:00:00.0481403" startTime="2025-08-09T21:07:44.8556446+00:00" endTime="2025-08-09T21:07:44.9038979+00:00" testType="13cdc9d9-ddb5-4fa4-a97d-d965ccfc6d4b" outcome="Passed" testListId="8c84fa94-04c1-424b-9868-57a2d4851a1d" relativeResultsDirectory="26dcfa6b-dc5f-4d01-b3a2-0f6fee5cfcfe" />
    <UnitTestResult executionId="22e3e1ea-4f78-4183-bab7-50742dcd33cc" testId="b0366376-69c5-0393-ec0f-87d7b3b13bbe" testName="WhenLongUsed_ShouldHaveColumnOfThatType" computerName="pkrvmsl9tci6h6u" duration="00:00:00.0344085" startTime="2025-08-09T21:08:10.7245855+00:00" endTime="2025-08-09T21:08:10.7590595+00:00" testType="13cdc9d9-ddb5-4fa4-a97d-d965ccfc6d4b" outcome="Passed" testListId="8c84fa94-04c1-424b-9868-57a2d4851a1d" relativeResultsDirectory="22e3e1ea-4f78-4183-bab7-50742dcd33cc" />
    <UnitTestResult executionId="e903fa8c-21f6-486f-8bf6-0531ac67fb79" testId="842eda69-cceb-653f-2b96-2b697d295fac" testName="WhenSameAliasUsedInCTEAndMainQuery_ShouldThrow" computerName="pkrvmsl9tci6h6u" duration="00:00:00.0048768" startTime="2025-08-09T21:07:29.1268267+00:00" endTime="2025-08-09T21:07:29.1317943+00:00" testType="13cdc9d9-ddb5-4fa4-a97d-d965ccfc6d4b" outcome="Passed" testListId="8c84fa94-04c1-424b-9868-57a2d4851a1d" relativeResultsDirectory="e903fa8c-21f6-486f-8bf6-0531ac67fb79" />
    <UnitTestResult executionId="b6489946-db8e-4f03-8d58-cbe781562868" testId="37ddb661-6dc8-8938-951d-be309e15fbd8" testName="WhenWhenFalseCaseWhenTest" computerName="pkrvmsl9tci6h6u" duration="00:00:00.0444207" startTime="2025-08-09T21:07:56.7845303+00:00" endTime="2025-08-09T21:07:56.8290400+00:00" testType="13cdc9d9-ddb5-4fa4-a97d-d965ccfc6d4b" outcome="Passed" testListId="8c84fa94-04c1-424b-9868-57a2d4851a1d" relativeResultsDirectory="b6489946-db8e-4f03-8d58-cbe781562868" />
    <UnitTestResult executionId="f94ab4a3-f46c-44ea-b199-d3ce485a1bca" testId="fa4290ed-df19-a30c-17dd-c11e87a89db0" testName="WhenLongMethodCallAndByteUsed_ShouldHaveColumnOfThatType" computerName="pkrvmsl9tci6h6u" duration="00:00:00.0351570" startTime="2025-08-09T21:07:44.5490292+00:00" endTime="2025-08-09T21:07:44.5843263+00:00" testType="13cdc9d9-ddb5-4fa4-a97d-d965ccfc6d4b" outcome="Passed" testListId="8c84fa94-04c1-424b-9868-57a2d4851a1d" relativeResultsDirectory="f94ab4a3-f46c-44ea-b199-d3ce485a1bca" />
    <UnitTestResult executionId="bd5277ac-bb77-4c77-9c1d-6e7abfbe27d2" testId="73b3caa4-9ee5-bdaa-5c26-29f3cb43cde2" testName="WhenOrderByColumn_ShouldSucceed" computerName="pkrvmsl9tci6h6u" duration="00:00:00.0271289" startTime="2025-08-09T21:08:11.7676327+00:00" endTime="2025-08-09T21:08:11.7949606+00:00" testType="13cdc9d9-ddb5-4fa4-a97d-d965ccfc6d4b" outcome="Passed" testListId="8c84fa94-04c1-424b-9868-57a2d4851a1d" relativeResultsDirectory="bd5277ac-bb77-4c77-9c1d-6e7abfbe27d2" />
    <UnitTestResult executionId="fdc11eb8-3436-4ade-b804-bc5694ebdca3" testId="bf142480-1171-19e6-66a1-aa18b960021a" testName="WhereWithOrTest" computerName="pkrvmsl9tci6h6u" duration="00:00:00.0376035" startTime="2025-08-09T21:08:19.2667217+00:00" endTime="2025-08-09T21:08:19.3043892+00:00" testType="13cdc9d9-ddb5-4fa4-a97d-d965ccfc6d4b" outcome="Passed" testListId="8c84fa94-04c1-424b-9868-57a2d4851a1d" relativeResultsDirectory="fdc11eb8-3436-4ade-b804-bc5694ebdca3" />
    <UnitTestResult executionId="340d6a9b-3505-4ced-bcb9-de2ca1e8e884" testId="e327f73f-de5b-4de9-87a2-ac9da841bbf4" testName="WhenMixedQueriesGroupingAreUsed_Variant1_ShouldPass" computerName="pkrvmsl9tci6h6u" duration="00:00:00.1085981" startTime="2025-08-09T21:08:01.1171808+00:00" endTime="2025-08-09T21:08:01.2258559+00:00" testType="13cdc9d9-ddb5-4fa4-a97d-d965ccfc6d4b" outcome="Passed" testListId="8c84fa94-04c1-424b-9868-57a2d4851a1d" relativeResultsDirectory="340d6a9b-3505-4ced-bcb9-de2ca1e8e884" />
    <UnitTestResult executionId="eba082ef-9afc-452b-8146-7261f7e528fa" testId="9c13dc6a-f43a-05ee-a355-920f55fa8d79" testName="WhenBitwiseOrBetweenLongAndUShort_ShouldBeEvaluated" computerName="pkrvmsl9tci6h6u" duration="00:00:00.0437913" startTime="2025-08-09T21:07:52.4614606+00:00" endTime="2025-08-09T21:07:52.5053472+00:00" testType="13cdc9d9-ddb5-4fa4-a97d-d965ccfc6d4b" outcome="Passed" testListId="8c84fa94-04c1-424b-9868-57a2d4851a1d" relativeResultsDirectory="eba082ef-9afc-452b-8146-7261f7e528fa" />
    <UnitTestResult executionId="3be2401e-a2d1-4268-9a43-aa7e73344e77" testId="d755cec9-8b51-c5cc-1199-b980e464505d" testName="SumTimeSpanTest" computerName="pkrvmsl9tci6h6u" duration="00:00:00.0559048" startTime="2025-08-09T21:08:22.9072278+00:00" endTime="2025-08-09T21:08:22.9632915+00:00" testType="13cdc9d9-ddb5-4fa4-a97d-d965ccfc6d4b" outcome="Passed" testListId="8c84fa94-04c1-424b-9868-57a2d4851a1d" relativeResultsDirectory="3be2401e-a2d1-4268-9a43-aa7e73344e77" />
    <UnitTestResult executionId="8c382259-be0f-4eca-a3b8-8975b6f970f0" testId="772eac36-af29-004c-157b-2c15df66cba3" testName="GroupByForCountriesWideWindowTest" computerName="pkrvmsl9tci6h6u" duration="00:00:00.0455536" startTime="2025-08-09T21:08:05.3046689+00:00" endTime="2025-08-09T21:08:05.3502949+00:00" testType="13cdc9d9-ddb5-4fa4-a97d-d965ccfc6d4b" outcome="Passed" testListId="8c84fa94-04c1-424b-9868-57a2d4851a1d" relativeResultsDirectory="8c382259-be0f-4eca-a3b8-8975b6f970f0" />
    <UnitTestResult executionId="836935c9-4be9-4b01-b820-37d6947219d0" testId="266aa5c8-d2d0-63ab-5d84-5d660a537e34" testName="SimpleCteWithGroupingTest" computerName="pkrvmsl9tci6h6u" duration="00:00:00.0850448" startTime="2025-08-09T21:08:00.4778886+00:00" endTime="2025-08-09T21:08:00.5630076+00:00" testType="13cdc9d9-ddb5-4fa4-a97d-d965ccfc6d4b" outcome="Passed" testListId="8c84fa94-04c1-424b-9868-57a2d4851a1d" relativeResultsDirectory="836935c9-4be9-4b01-b820-37d6947219d0" />
    <UnitTestResult executionId="85a9d7f1-46aa-49d9-a14d-a3e732a133e1" testId="5209d80b-ff9d-0a8a-5c47-98f9e4779d4d" testName="WhenCrossApplyAndMethodWithOneParameterAndExplicitParameterUsed_ShouldPass" computerName="pkrvmsl9tci6h6u" duration="00:00:00.0410933" startTime="2025-08-09T21:07:58.4693341+00:00" endTime="2025-08-09T21:07:58.5105100+00:00" testType="13cdc9d9-ddb5-4fa4-a97d-d965ccfc6d4b" outcome="Passed" testListId="8c84fa94-04c1-424b-9868-57a2d4851a1d" relativeResultsDirectory="85a9d7f1-46aa-49d9-a14d-a3e732a133e1" />
    <UnitTestResult executionId="b3e3e259-7628-4cd9-917d-412ea007af1a" testId="48b036cd-e23c-cbc6-ee4c-1ab8640c9966" testName="WhenBitwiseOrBetweenUshortAndLong_ShouldBeEvaluated" computerName="pkrvmsl9tci6h6u" duration="00:00:00.0341831" startTime="2025-08-09T21:07:51.0821649+00:00" endTime="2025-08-09T21:07:51.1164464+00:00" testType="13cdc9d9-ddb5-4fa4-a97d-d965ccfc6d4b" outcome="Passed" testListId="8c84fa94-04c1-424b-9868-57a2d4851a1d" relativeResultsDirectory="b3e3e259-7628-4cd9-917d-412ea007af1a" />
    <UnitTestResult executionId="52062417-b5d7-45c7-b205-4f658d00f002" testId="c11c7fe6-dbc2-196e-eb8c-271b78b99516" testName="WhenIntMethodCallAndUIntUsed_ShouldHaveColumnOfThatType" computerName="pkrvmsl9tci6h6u" duration="00:00:00.0339657" startTime="2025-08-09T21:07:43.9920427+00:00" endTime="2025-08-09T21:07:44.0261185+00:00" testType="13cdc9d9-ddb5-4fa4-a97d-d965ccfc6d4b" outcome="Passed" testListId="8c84fa94-04c1-424b-9868-57a2d4851a1d" relativeResultsDirectory="52062417-b5d7-45c7-b205-4f658d00f002" />
    <UnitTestResult executionId="8e5004ff-fe5f-4c82-b65b-91803f917de3" testId="c16f2633-94ad-3799-c83d-104a8d7c5024" testName="UnionWithSkipTest" computerName="pkrvmsl9tci6h6u" duration="00:00:00.0419829" startTime="2025-08-09T21:08:16.2386225+00:00" endTime="2025-08-09T21:08:16.2806797+00:00" testType="13cdc9d9-ddb5-4fa4-a97d-d965ccfc6d4b" outcome="Passed" testListId="8c84fa94-04c1-424b-9868-57a2d4851a1d" relativeResultsDirectory="8e5004ff-fe5f-4c82-b65b-91803f917de3" />
    <UnitTestResult executionId="031c3b35-dfad-4f4b-b763-4fe84ee9f907" testId="daff1708-39c1-60a8-1606-8bffa90aa929" testName="WhenTabEscaped_ShouldBePresent" computerName="pkrvmsl9tci6h6u" duration="00:00:00.0580754" startTime="2025-08-09T21:08:02.7466205+00:00" endTime="2025-08-09T21:08:02.8047557+00:00" testType="13cdc9d9-ddb5-4fa4-a97d-d965ccfc6d4b" outcome="Passed" testListId="8c84fa94-04c1-424b-9868-57a2d4851a1d" relativeResultsDirectory="031c3b35-dfad-4f4b-b763-4fe84ee9f907" />
    <UnitTestResult executionId="3306aa2b-0005-4418-8749-7fde0c1a89df" testId="06ae16bf-87bf-4ba3-72f5-46c1382f6f41" testName="WhenGroupByAndOrderByWithAccessMethod_ShouldPass" computerName="pkrvmsl9tci6h6u" duration="00:00:00.0940432" startTime="2025-08-09T21:07:59.8284290+00:00" endTime="2025-08-09T21:07:59.9225412+00:00" testType="13cdc9d9-ddb5-4fa4-a97d-d965ccfc6d4b" outcome="Passed" testListId="8c84fa94-04c1-424b-9868-57a2d4851a1d" relativeResultsDirectory="3306aa2b-0005-4418-8749-7fde0c1a89df" />
    <UnitTestResult executionId="57a6ff5d-0bf3-4321-8228-b0eb374b5a1a" testId="2eb325f7-2429-66d1-0119-1dfde2d5ed32" testName="SimpleJoinTest" computerName="pkrvmsl9tci6h6u" duration="00:00:00.0464496" startTime="2025-08-09T21:08:06.7028060+00:00" endTime="2025-08-09T21:08:06.7493286+00:00" testType="13cdc9d9-ddb5-4fa4-a97d-d965ccfc6d4b" outcome="Passed" testListId="8c84fa94-04c1-424b-9868-57a2d4851a1d" relativeResultsDirectory="57a6ff5d-0bf3-4321-8228-b0eb374b5a1a" />
    <UnitTestResult executionId="8c3988f7-2237-4595-b30f-2cbc6fafcb7c" testId="b8ff42dc-2f87-dab6-3464-289f4e58e16c" testName="WhenULongAndUShortUsed_ShouldHaveColumnOfThatType" computerName="pkrvmsl9tci6h6u" duration="00:00:00.0958059" startTime="2025-08-09T21:07:39.3478313+00:00" endTime="2025-08-09T21:07:39.4438339+00:00" testType="13cdc9d9-ddb5-4fa4-a97d-d965ccfc6d4b" outcome="Passed" testListId="8c84fa94-04c1-424b-9868-57a2d4851a1d" relativeResultsDirectory="8c3988f7-2237-4595-b30f-2cbc6fafcb7c" />
    <UnitTestResult executionId="69da2d1b-8bff-4e37-8cdb-73def079f1ff" testId="b97ba4b5-7c49-4640-4d48-cad48ca0a4a5" testName="WhenUShortAndULongUsed_ShouldHaveColumnOfThatType" computerName="pkrvmsl9tci6h6u" duration="00:00:00.1578359" startTime="2025-08-09T21:07:34.4815841+00:00" endTime="2025-08-09T21:07:34.6395964+00:00" testType="13cdc9d9-ddb5-4fa4-a97d-d965ccfc6d4b" outcome="Passed" testListId="8c84fa94-04c1-424b-9868-57a2d4851a1d" relativeResultsDirectory="69da2d1b-8bff-4e37-8cdb-73def079f1ff" />
    <UnitTestResult executionId="4b9d628b-4755-49ad-a00a-096d4e4c5712" testId="759d4e92-d358-cdf0-0491-aa9a5d281cec" testName="WhenUIntAndULongUsed_ShouldHaveColumnOfThatType" computerName="pkrvmsl9tci6h6u" duration="00:00:00.1251862" startTime="2025-08-09T21:07:37.6599061+00:00" endTime="2025-08-09T21:07:37.7852160+00:00" testType="13cdc9d9-ddb5-4fa4-a97d-d965ccfc6d4b" outcome="Passed" testListId="8c84fa94-04c1-424b-9868-57a2d4851a1d" relativeResultsDirectory="4b9d628b-4755-49ad-a00a-096d4e4c5712" />
    <UnitTestResult executionId="4402927c-f5f3-4dbc-a4f7-d6260e3917c8" testId="4c7fd970-de3a-cc71-45d0-7f1fed6a61eb" testName="WhenSByteAndIntUsed_ShouldHaveColumnOfIntType" computerName="pkrvmsl9tci6h6u" duration="00:00:00.1147690" startTime="2025-08-09T21:07:31.1911468+00:00" endTime="2025-08-09T21:07:31.3061263+00:00" testType="13cdc9d9-ddb5-4fa4-a97d-d965ccfc6d4b" outcome="Passed" testListId="8c84fa94-04c1-424b-9868-57a2d4851a1d" relativeResultsDirectory="4402927c-f5f3-4dbc-a4f7-d6260e3917c8" />
    <UnitTestResult executionId="7ac20f03-b93e-49ed-a4d8-59dbeaa6820f" testId="50e0068d-acc0-2e92-e6ed-a8b03d8bb078" testName="ArrayAccess_OutOfBounds_ShouldReturnDefault" computerName="pkrvmsl9tci6h6u" duration="00:00:00.0288252" startTime="2025-08-09T21:07:46.5014434+00:00" endTime="2025-08-09T21:07:46.5303680+00:00" testType="13cdc9d9-ddb5-4fa4-a97d-d965ccfc6d4b" outcome="Passed" testListId="8c84fa94-04c1-424b-9868-57a2d4851a1d" relativeResultsDirectory="7ac20f03-b93e-49ed-a4d8-59dbeaa6820f" />
    <UnitTestResult executionId="8b81dc8f-123f-4f99-994a-39a083ac3b85" testId="4fa5eb09-d64b-81a9-df0b-6dafc3603b8a" testName="ArrayAccess_ZeroLengthArray_ShouldReturnDefault" computerName="pkrvmsl9tci6h6u" duration="00:00:00.0356673" startTime="2025-08-09T21:07:46.8237515+00:00" endTime="2025-08-09T21:07:46.8595525+00:00" testType="13cdc9d9-ddb5-4fa4-a97d-d965ccfc6d4b" outcome="Passed" testListId="8c84fa94-04c1-424b-9868-57a2d4851a1d" relativeResultsDirectory="8b81dc8f-123f-4f99-994a-39a083ac3b85" />
    <UnitTestResult executionId="c922a43a-6d61-4edc-9f0b-8f1ae16d73de" testId="090e5a6e-23c7-41c3-8c43-aabee7bed64b" testName="OuterApply_SchemaAndMethod_WithComplexObjects_ShouldPass" computerName="pkrvmsl9tci6h6u" duration="00:00:00.0675686" startTime="2025-08-09T21:08:13.6326491+00:00" endTime="2025-08-09T21:08:13.7002936+00:00" testType="13cdc9d9-ddb5-4fa4-a97d-d965ccfc6d4b" outcome="Passed" testListId="8c84fa94-04c1-424b-9868-57a2d4851a1d" relativeResultsDirectory="c922a43a-6d61-4edc-9f0b-8f1ae16d73de" />
    <UnitTestResult executionId="e3ca2c07-64ed-48ed-a46e-349f9bda0c3b" testId="c8fefeb0-1f15-74f8-e2a2-23bb5383330d" testName="WhenByteMethodCallAndShortUsed_ShouldHaveColumnOfThatType" computerName="pkrvmsl9tci6h6u" duration="00:00:00.0487471" startTime="2025-08-09T21:07:42.1386620+00:00" endTime="2025-08-09T21:07:42.1875187+00:00" testType="13cdc9d9-ddb5-4fa4-a97d-d965ccfc6d4b" outcome="Passed" testListId="8c84fa94-04c1-424b-9868-57a2d4851a1d" relativeResultsDirectory="e3ca2c07-64ed-48ed-a46e-349f9bda0c3b" />
    <UnitTestResult executionId="2e9d34d7-5b88-47d1-b5a1-e56f60bf543a" testId="bb951186-91b0-db48-2624-35d6f24c35e7" testName="WhenShortAndDoubleUsed_ShouldHaveColumnOfThatType" computerName="pkrvmsl9tci6h6u" duration="00:00:00.1805067" startTime="2025-08-09T21:07:33.1222182+00:00" endTime="2025-08-09T21:07:33.3028949+00:00" testType="13cdc9d9-ddb5-4fa4-a97d-d965ccfc6d4b" outcome="Passed" testListId="8c84fa94-04c1-424b-9868-57a2d4851a1d" relativeResultsDirectory="2e9d34d7-5b88-47d1-b5a1-e56f60bf543a" />
    <UnitTestResult executionId="737a021d-4d9e-4c55-88e7-3af4367d3cc2" testId="f6092d6e-6fd7-1a43-c2a9-3578379f847a" testName="WhenToStringCalled_ShouldReturnSameQuery (select b.* from #some.thing() a cross apply #some.thing(a.Column) b)" computerName="pkrvmsl9tci6h6u" duration="00:00:00.0005776" startTime="2025-08-09T21:08:21.5255180+00:00" endTime="2025-08-09T21:08:21.5261743+00:00" testType="13cdc9d9-ddb5-4fa4-a97d-d965ccfc6d4b" outcome="Passed" testListId="8c84fa94-04c1-424b-9868-57a2d4851a1d" relativeResultsDirectory="737a021d-4d9e-4c55-88e7-3af4367d3cc2" />
    <UnitTestResult executionId="31aed42e-2f1c-4de5-aadf-289d170f1f52" testId="bc3dd20f-aada-043f-9894-5ace2419f40a" testName="PassInferredColumnsTest" computerName="pkrvmsl9tci6h6u" duration="00:00:00.0516754" startTime="2025-08-09T21:08:14.7646820+00:00" endTime="2025-08-09T21:08:14.8165217+00:00" testType="13cdc9d9-ddb5-4fa4-a97d-d965ccfc6d4b" outcome="Passed" testListId="8c84fa94-04c1-424b-9868-57a2d4851a1d" relativeResultsDirectory="31aed42e-2f1c-4de5-aadf-289d170f1f52" />
    <UnitTestResult executionId="43b622c7-9dc7-44f1-beb2-350aaaaec846" testId="c7f0dcec-54a3-bb4b-8129-f54fa8ac382f" testName="WhenIntUsed_ShouldHaveColumnOfThatType" computerName="pkrvmsl9tci6h6u" duration="00:00:00.0382402" startTime="2025-08-09T21:08:10.6618822+00:00" endTime="2025-08-09T21:08:10.7002010+00:00" testType="13cdc9d9-ddb5-4fa4-a97d-d965ccfc6d4b" outcome="Passed" testListId="8c84fa94-04c1-424b-9868-57a2d4851a1d" relativeResultsDirectory="43b622c7-9dc7-44f1-beb2-350aaaaec846" />
    <UnitTestResult executionId="34bec76a-b6f1-4caa-817e-78851512160e" testId="51f55c23-d875-0e1c-81d9-d62e35aaab1d" testName="WhenDecimalWithDotUsed_ShouldHaveColumnOfThatType" computerName="pkrvmsl9tci6h6u" duration="00:00:00.0254726" startTime="2025-08-09T21:08:10.8449233+00:00" endTime="2025-08-09T21:08:10.8704690+00:00" testType="13cdc9d9-ddb5-4fa4-a97d-d965ccfc6d4b" outcome="Passed" testListId="8c84fa94-04c1-424b-9868-57a2d4851a1d" relativeResultsDirectory="34bec76a-b6f1-4caa-817e-78851512160e" />
    <UnitTestResult executionId="e0bfd81c-0ded-4f1f-a69b-d36d4fb7450a" testId="5b763482-7e5c-e8d2-cc7d-c3b3f609e6ba" testName="UnionQueryCancellation" computerName="pkrvmsl9tci6h6u" duration="00:00:00.0665735" startTime="2025-08-09T21:07:56.4672969+00:00" endTime="2025-08-09T21:07:56.5339820+00:00" testType="13cdc9d9-ddb5-4fa4-a97d-d965ccfc6d4b" outcome="Passed" testListId="8c84fa94-04c1-424b-9868-57a2d4851a1d" relativeResultsDirectory="e0bfd81c-0ded-4f1f-a69b-d36d4fb7450a" />
    <UnitTestResult executionId="2f2f8bac-8647-4762-bea9-96d7fc564982" testId="d7fce058-e89e-e85e-1e14-1e82047adf82" testName="WhenBitwiseOrBetweenByteAndInt_ShouldBeEvaluated" computerName="pkrvmsl9tci6h6u" duration="00:00:00.0356565" startTime="2025-08-09T21:07:50.6066724+00:00" endTime="2025-08-09T21:07:50.6424301+00:00" testType="13cdc9d9-ddb5-4fa4-a97d-d965ccfc6d4b" outcome="Passed" testListId="8c84fa94-04c1-424b-9868-57a2d4851a1d" relativeResultsDirectory="2f2f8bac-8647-4762-bea9-96d7fc564982" />
    <UnitTestResult executionId="b635ff54-0aba-40b1-b962-b09f28d1a1ef" testId="fd91b787-a901-7313-8ff5-cd6a0b0a8ca8" testName="WhenSchemaMethodCrossAppliedWithAnotherSchema_UsesValuesOfSchemaMethodWithinTableValue_UseOnlyValuesOfCrossApplySchemaMethod_ShouldPass" computerName="pkrvmsl9tci6h6u" duration="00:00:00.0460325" startTime="2025-08-09T21:07:59.9619013+00:00" endTime="2025-08-09T21:08:00.0080133+00:00" testType="13cdc9d9-ddb5-4fa4-a97d-d965ccfc6d4b" outcome="Passed" testListId="8c84fa94-04c1-424b-9868-57a2d4851a1d" relativeResultsDirectory="b635ff54-0aba-40b1-b962-b09f28d1a1ef" />
    <UnitTestResult executionId="2e86edbe-2e40-4f27-b78c-d29d6442e42d" testId="3564140f-0e47-92c7-b85a-96daccb58189" testName="NotInWithArgumentFromSourceOperator" computerName="pkrvmsl9tci6h6u" duration="00:00:00.0593192" startTime="2025-08-09T21:08:06.5911121+00:00" endTime="2025-08-09T21:08:06.6504970+00:00" testType="13cdc9d9-ddb5-4fa4-a97d-d965ccfc6d4b" outcome="Passed" testListId="8c84fa94-04c1-424b-9868-57a2d4851a1d" relativeResultsDirectory="2e86edbe-2e40-4f27-b78c-d29d6442e42d" />
    <UnitTestResult executionId="2306dc4b-ee34-4332-91d4-34fab1fd1e5f" testId="d74d21ca-4dbb-f6e9-2c2b-efceb64e4594" testName="WhenToStringCalled_ShouldReturnSameQuery (select s.Column1, s.Column2 from #some.thing() s order by s.Column2, s.Column1 skip 12 take 8)" computerName="pkrvmsl9tci6h6u" duration="00:00:00.0010006" startTime="2025-08-09T21:08:21.5115865+00:00" endTime="2025-08-09T21:08:21.5126549+00:00" testType="13cdc9d9-ddb5-4fa4-a97d-d965ccfc6d4b" outcome="Passed" testListId="8c84fa94-04c1-424b-9868-57a2d4851a1d" relativeResultsDirectory="2306dc4b-ee34-4332-91d4-34fab1fd1e5f" />
    <UnitTestResult executionId="321ac050-2413-4564-9b08-c6cdf3b00563" testId="50e11073-f4fe-44a5-e077-96aff3ea09ae" testName="IfFunctionLessEqualTrueTest" computerName="pkrvmsl9tci6h6u" duration="00:00:00.0370908" startTime="2025-08-09T21:08:08.9171454+00:00" endTime="2025-08-09T21:08:08.9543215+00:00" testType="13cdc9d9-ddb5-4fa4-a97d-d965ccfc6d4b" outcome="Passed" testListId="8c84fa94-04c1-424b-9868-57a2d4851a1d" relativeResultsDirectory="321ac050-2413-4564-9b08-c6cdf3b00563" />
    <UnitTestResult executionId="12a8741f-fbbf-486e-8fea-08d4ebbe5d4a" testId="992440c1-79e1-ca0f-462c-d4323982bd9e" testName="OuterApply_NoMatches_ShouldPass" computerName="pkrvmsl9tci6h6u" duration="00:00:00.0349330" startTime="2025-08-09T21:08:14.5354494+00:00" endTime="2025-08-09T21:08:14.5704561+00:00" testType="13cdc9d9-ddb5-4fa4-a97d-d965ccfc6d4b" outcome="Passed" testListId="8c84fa94-04c1-424b-9868-57a2d4851a1d" relativeResultsDirectory="12a8741f-fbbf-486e-8fea-08d4ebbe5d4a" />
    <UnitTestResult executionId="28cf9426-e69b-42cb-8d31-626136a28d49" testId="eed810dc-0150-74ba-ed56-e01c7826a31f" testName="WithDynamicSource_AccessComplexChainedObjectProperties_ShouldPass" computerName="pkrvmsl9tci6h6u" duration="00:00:00.0350417" startTime="2025-08-09T21:08:01.8271670+00:00" endTime="2025-08-09T21:08:01.8622866+00:00" testType="13cdc9d9-ddb5-4fa4-a97d-d965ccfc6d4b" outcome="Passed" testListId="8c84fa94-04c1-424b-9868-57a2d4851a1d" relativeResultsDirectory="28cf9426-e69b-42cb-8d31-626136a28d49" />
    <UnitTestResult executionId="306e2341-5f0d-4d24-85a7-f91a9ea4b99e" testId="c2f2a470-1367-fe4f-76f3-4d60eebb49cf" testName="SimpleTakeTest" computerName="pkrvmsl9tci6h6u" duration="00:00:00.0338349" startTime="2025-08-09T21:08:19.3815741+00:00" endTime="2025-08-09T21:08:19.4155121+00:00" testType="13cdc9d9-ddb5-4fa4-a97d-d965ccfc6d4b" outcome="Passed" testListId="8c84fa94-04c1-424b-9868-57a2d4851a1d" relativeResultsDirectory="306e2341-5f0d-4d24-85a7-f91a9ea4b99e" />
    <UnitTestResult executionId="d7d2410c-f9d9-44d8-8b88-717a52779a6b" testId="d63f3fc1-e01c-5516-1f0c-a864eed1766d" testName="WhenBitwiseXorBetweenByteAndLong_ShouldBeEvaluated" computerName="pkrvmsl9tci6h6u" duration="00:00:00.0373256" startTime="2025-08-09T21:07:53.5313404+00:00" endTime="2025-08-09T21:07:53.5687550+00:00" testType="13cdc9d9-ddb5-4fa4-a97d-d965ccfc6d4b" outcome="Passed" testListId="8c84fa94-04c1-424b-9868-57a2d4851a1d" relativeResultsDirectory="d7d2410c-f9d9-44d8-8b88-717a52779a6b" />
    <UnitTestResult executionId="d19887c8-ea09-4997-bb36-94632e942a79" testId="1ff42f06-03ab-344b-743c-2f7705291667" testName="WhenIntAndByteUsed_ShouldHaveColumnOfThatType" computerName="pkrvmsl9tci6h6u" duration="00:00:00.1562299" startTime="2025-08-09T21:07:35.2176340+00:00" endTime="2025-08-09T21:07:35.3740330+00:00" testType="13cdc9d9-ddb5-4fa4-a97d-d965ccfc6d4b" outcome="Passed" testListId="8c84fa94-04c1-424b-9868-57a2d4851a1d" relativeResultsDirectory="d19887c8-ea09-4997-bb36-94632e942a79" />
    <UnitTestResult executionId="fc9e0e49-848a-40ab-9e1b-a464d12cd7de" testId="ecd24a75-e7e9-89ab-4817-e82f30935c2e" testName="WhenBitwiseOrBetweenSByteAndInt_ShouldBeEvaluated" computerName="pkrvmsl9tci6h6u" duration="00:00:00.0428178" startTime="2025-08-09T21:07:51.8607258+00:00" endTime="2025-08-09T21:07:51.9036218+00:00" testType="13cdc9d9-ddb5-4fa4-a97d-d965ccfc6d4b" outcome="Passed" testListId="8c84fa94-04c1-424b-9868-57a2d4851a1d" relativeResultsDirectory="fc9e0e49-848a-40ab-9e1b-a464d12cd7de" />
    <UnitTestResult executionId="ff90a046-dd5d-43ec-9de7-7352291b2f21" testId="989ae263-f6dc-ce84-8a34-14219573ff2b" testName="WhenSpecialCharacterStartBracketUsedInTextWith_MustNotThrow (()" computerName="pkrvmsl9tci6h6u" duration="00:00:00.0239997" startTime="2025-08-09T21:08:21.8685952+00:00" endTime="2025-08-09T21:08:21.8927254+00:00" testType="13cdc9d9-ddb5-4fa4-a97d-d965ccfc6d4b" outcome="Passed" testListId="8c84fa94-04c1-424b-9868-57a2d4851a1d" relativeResultsDirectory="ff90a046-dd5d-43ec-9de7-7352291b2f21" />
    <UnitTestResult executionId="8520db60-cdd2-4bcf-9833-f5bc736597d1" testId="01cccccf-876a-f449-e80c-723f499fa766" testName="ExceptQueryCancellation" computerName="pkrvmsl9tci6h6u" duration="00:00:00.0781761" startTime="2025-08-09T21:07:56.5340246+00:00" endTime="2025-08-09T21:07:56.6123193+00:00" testType="13cdc9d9-ddb5-4fa4-a97d-d965ccfc6d4b" outcome="Passed" testListId="8c84fa94-04c1-424b-9868-57a2d4851a1d" relativeResultsDirectory="8520db60-cdd2-4bcf-9833-f5bc736597d1" />
    <UnitTestResult executionId="3bf9cf04-aab2-4982-b888-22e38509107e" testId="41e98b4a-b14b-57d9-69d8-711ab678c967" testName="WhenBitwiseOrBetweenSbyteAndByte_ShouldBeEvaluated" computerName="pkrvmsl9tci6h6u" duration="00:00:00.0448034" startTime="2025-08-09T21:07:50.0632725+00:00" endTime="2025-08-09T21:07:50.1085161+00:00" testType="13cdc9d9-ddb5-4fa4-a97d-d965ccfc6d4b" outcome="Passed" testListId="8c84fa94-04c1-424b-9868-57a2d4851a1d" relativeResultsDirectory="3bf9cf04-aab2-4982-b888-22e38509107e" />
    <UnitTestResult executionId="f988e79b-ae01-43b0-ae19-b15f4d61a3e5" testId="0ad12809-8184-a5cc-ab62-065df12f3ec6" testName="GroupByWithFieldLinkSyntaxAndCustomColumnNamingTest" computerName="pkrvmsl9tci6h6u" duration="00:00:00.0749285" startTime="2025-08-09T21:08:06.1462862+00:00" endTime="2025-08-09T21:08:06.2212943+00:00" testType="13cdc9d9-ddb5-4fa4-a97d-d965ccfc6d4b" outcome="Passed" testListId="8c84fa94-04c1-424b-9868-57a2d4851a1d" relativeResultsDirectory="f988e79b-ae01-43b0-ae19-b15f4d61a3e5" />
    <UnitTestResult executionId="3ebfafdc-065c-4b8b-b1f3-67813f95ed1b" testId="340ff638-c338-a777-28ca-16710fcb9961" testName="WhenSByteMethodCallAndUIntUsed_ShouldHaveColumnOfThatType" computerName="pkrvmsl9tci6h6u" duration="00:00:00.0352176" startTime="2025-08-09T21:07:42.7322194+00:00" endTime="2025-08-09T21:07:42.7675498+00:00" testType="13cdc9d9-ddb5-4fa4-a97d-d965ccfc6d4b" outcome="Passed" testListId="8c84fa94-04c1-424b-9868-57a2d4851a1d" relativeResultsDirectory="3ebfafdc-065c-4b8b-b1f3-67813f95ed1b" />
    <UnitTestResult executionId="9157ae12-53e6-44bb-b0a4-e8bc1d8135f9" testId="7516f2b6-9321-99ed-0e57-290b42c91e4d" testName="WhenUIntAndIntUsed_ShouldHaveColumnOfThatType" computerName="pkrvmsl9tci6h6u" duration="00:00:00.1420948" startTime="2025-08-09T21:07:37.2389653+00:00" endTime="2025-08-09T21:07:37.3812009+00:00" testType="13cdc9d9-ddb5-4fa4-a97d-d965ccfc6d4b" outcome="Passed" testListId="8c84fa94-04c1-424b-9868-57a2d4851a1d" relativeResultsDirectory="9157ae12-53e6-44bb-b0a4-e8bc1d8135f9" />
    <UnitTestResult executionId="a32e39c7-028e-4cc8-a359-6ba4cfe408f6" testId="7aaf551a-5dc7-57fc-597f-15c5689896c1" testName="SimpleSkipAboveTableAmountTest" computerName="pkrvmsl9tci6h6u" duration="00:00:00.0395000" startTime="2025-08-09T21:08:19.4822556+00:00" endTime="2025-08-09T21:08:19.5218179+00:00" testType="13cdc9d9-ddb5-4fa4-a97d-d965ccfc6d4b" outcome="Passed" testListId="8c84fa94-04c1-424b-9868-57a2d4851a1d" relativeResultsDirectory="a32e39c7-028e-4cc8-a359-6ba4cfe408f6" />
    <UnitTestResult executionId="9542f15c-d904-4c04-bfd7-401fa99f5100" testId="4ef4a0d9-4d37-310a-043e-84b0e20b2e19" testName="WhenRowNumberSimpleTest_ShouldPass" computerName="pkrvmsl9tci6h6u" duration="00:00:00.0330186" startTime="2025-08-09T21:08:15.8980287+00:00" endTime="2025-08-09T21:08:15.9312325+00:00" testType="13cdc9d9-ddb5-4fa4-a97d-d965ccfc6d4b" outcome="Passed" testListId="8c84fa94-04c1-424b-9868-57a2d4851a1d" relativeResultsDirectory="9542f15c-d904-4c04-bfd7-401fa99f5100" />
    <UnitTestResult executionId="2e8dc112-04d1-445d-866a-4671e25f43cb" testId="aca2b3ea-0ad7-07c1-97fb-c48e24fa0a63" testName="WhenFloatAndIntUsed_ShouldHaveColumnOfThatType" computerName="pkrvmsl9tci6h6u" duration="00:00:00.0974681" startTime="2025-08-09T21:07:40.3506497+00:00" endTime="2025-08-09T21:07:40.4482592+00:00" testType="13cdc9d9-ddb5-4fa4-a97d-d965ccfc6d4b" outcome="Passed" testListId="8c84fa94-04c1-424b-9868-57a2d4851a1d" relativeResultsDirectory="2e8dc112-04d1-445d-866a-4671e25f43cb" />
    <UnitTestResult executionId="f09a6d9a-42f1-4a6a-8a76-54a15c6be751" testId="9a2b1ce4-fb8f-eee4-17c9-aedb7fba6307" testName="WhenMultipleInjectsWithinMethod_ShouldNotThrow" computerName="pkrvmsl9tci6h6u" duration="00:00:00.0372105" startTime="2025-08-09T21:08:09.6520465+00:00" endTime="2025-08-09T21:08:09.6893350+00:00" testType="13cdc9d9-ddb5-4fa4-a97d-d965ccfc6d4b" outcome="Passed" testListId="8c84fa94-04c1-424b-9868-57a2d4851a1d" relativeResultsDirectory="f09a6d9a-42f1-4a6a-8a76-54a15c6be751" />
    <UnitTestResult executionId="dbd893a3-ec81-47d2-b736-a54b6a98d789" testId="644bdcd3-d333-24b4-701c-108528e668c4" testName="WhenDecimalAndByteUsed_ShouldHaveColumnOfThatType" computerName="pkrvmsl9tci6h6u" duration="00:00:00.0633887" startTime="2025-08-09T21:07:41.4727465+00:00" endTime="2025-08-09T21:07:41.5362367+00:00" testType="13cdc9d9-ddb5-4fa4-a97d-d965ccfc6d4b" outcome="Passed" testListId="8c84fa94-04c1-424b-9868-57a2d4851a1d" relativeResultsDirectory="dbd893a3-ec81-47d2-b736-a54b6a98d789" />
  </Results>
  <TestDefinitions>
    <UnitTest name="QueryWithWhereWithNullableMethodResultTest" storage="/home/runner/work/musoq/musoq/musoq.evaluator.tests/bin/debug/net8.0/musoq.evaluator.tests.dll" id="65df7f4b-9353-0c59-4769-fd7b0fe064be">
      <Execution id="0051e7ce-f3be-42d8-9a6d-67fa543b8886" />
      <TestMethod codeBase="/home/runner/work/Musoq/Musoq/Musoq.Evaluator.Tests/bin/Debug/net8.0/Musoq.Evaluator.Tests.dll" adapterTypeName="executor://mstestadapter/v2" className="Musoq.Evaluator.Tests.NullabilityTests" name="QueryWithWhereWithNullableMethodResultTest" />
    </UnitTest>
    <UnitTest name="WhenFloatAndULongUsed_ShouldHaveColumnOfThatType" storage="/home/runner/work/musoq/musoq/musoq.evaluator.tests/bin/debug/net8.0/musoq.evaluator.tests.dll" id="ed6d33bb-18d8-6d57-353f-0541c8dbcc5e">
      <Execution id="08d5b064-1aa1-436a-80ac-3716b61de9f9" />
      <TestMethod codeBase="/home/runner/work/Musoq/Musoq/Musoq.Evaluator.Tests/bin/Debug/net8.0/Musoq.Evaluator.Tests.dll" adapterTypeName="executor://mstestadapter/v2" className="Musoq.Evaluator.Tests.ArithmeticForCrossTypesTests" name="WhenFloatAndULongUsed_ShouldHaveColumnOfThatType" />
    </UnitTest>
    <UnitTest name="WhenBitwiseAndBetweenLongAndUInt_ShouldBeEvaluated" storage="/home/runner/work/musoq/musoq/musoq.evaluator.tests/bin/debug/net8.0/musoq.evaluator.tests.dll" id="78476463-7d4d-4e16-e671-de440bf14299">
      <Execution id="9620ae04-676c-400c-83fb-3891d40b37b4" />
      <TestMethod codeBase="/home/runner/work/Musoq/Musoq/Musoq.Evaluator.Tests/bin/Debug/net8.0/Musoq.Evaluator.Tests.dll" adapterTypeName="executor://mstestadapter/v2" className="Musoq.Evaluator.Tests.BitwiseOperationsAndTests" name="WhenBitwiseAndBetweenLongAndUInt_ShouldBeEvaluated" />
    </UnitTest>
    <UnitTest name="OuterApply_InnerJoinAndUseProperty_ShouldPass" storage="/home/runner/work/musoq/musoq/musoq.evaluator.tests/bin/debug/net8.0/musoq.evaluator.tests.dll" id="f5602dbc-c524-a1b8-3e7b-6ccdb9b39723">
      <Execution id="e0a7ccef-1343-43e0-8f12-75b3293b5c91" />
      <TestMethod codeBase="/home/runner/work/Musoq/Musoq/Musoq.Evaluator.Tests/bin/Debug/net8.0/Musoq.Evaluator.Tests.dll" adapterTypeName="executor://mstestadapter/v2" className="Musoq.Evaluator.Tests.OuterApplyMixedTests" name="OuterApply_InnerJoinAndUseProperty_ShouldPass" />
    </UnitTest>
    <UnitTest name="WhenULongAndUShortUsed_ShouldHaveColumnOfThatType" storage="/home/runner/work/musoq/musoq/musoq.evaluator.tests/bin/debug/net8.0/musoq.evaluator.tests.dll" id="b8ff42dc-2f87-dab6-3464-289f4e58e16c">
      <Execution id="8c3988f7-2237-4595-b30f-2cbc6fafcb7c" />
      <TestMethod codeBase="/home/runner/work/Musoq/Musoq/Musoq.Evaluator.Tests/bin/Debug/net8.0/Musoq.Evaluator.Tests.dll" adapterTypeName="executor://mstestadapter/v2" className="Musoq.Evaluator.Tests.ArithmeticForCrossTypesTests" name="WhenULongAndUShortUsed_ShouldHaveColumnOfThatType" />
    </UnitTest>
    <UnitTest name="WhenValueOfUshortTypeOccured_ShouldHaveColumnOfThatType" storage="/home/runner/work/musoq/musoq/musoq.evaluator.tests/bin/debug/net8.0/musoq.evaluator.tests.dll" id="2607c5d4-74b4-60b8-f070-7a33d1358c38">
      <Execution id="4f035bb0-7d9e-4d28-8e66-496c15711d28" />
      <TestMethod codeBase="/home/runner/work/Musoq/Musoq/Musoq.Evaluator.Tests/bin/Debug/net8.0/Musoq.Evaluator.Tests.dll" adapterTypeName="executor://mstestadapter/v2" className="Musoq.Evaluator.Tests.PrimitiveTypesTests" name="WhenValueOfUshortTypeOccured_ShouldHaveColumnOfThatType" />
    </UnitTest>
    <UnitTest name="WhenRowNumberWithGroupByAndTakeTest_ShouldPass" storage="/home/runner/work/musoq/musoq/musoq.evaluator.tests/bin/debug/net8.0/musoq.evaluator.tests.dll" id="0851ae6d-7d30-56e2-bb40-b389d0975a2a">
      <Execution id="b9876626-26fe-4ee7-b103-0bb4fd5b751f" />
      <TestMethod codeBase="/home/runner/work/Musoq/Musoq/Musoq.Evaluator.Tests/bin/Debug/net8.0/Musoq.Evaluator.Tests.dll" adapterTypeName="executor://mstestadapter/v2" className="Musoq.Evaluator.Tests.RowNumberTests" name="WhenRowNumberWithGroupByAndTakeTest_ShouldPass" />
    </UnitTest>
    <UnitTest name="WhenRowNumberSimpleTest_ShouldPass" storage="/home/runner/work/musoq/musoq/musoq.evaluator.tests/bin/debug/net8.0/musoq.evaluator.tests.dll" id="4ef4a0d9-4d37-310a-043e-84b0e20b2e19">
      <Execution id="9542f15c-d904-4c04-bfd7-401fa99f5100" />
      <TestMethod codeBase="/home/runner/work/Musoq/Musoq/Musoq.Evaluator.Tests/bin/Debug/net8.0/Musoq.Evaluator.Tests.dll" adapterTypeName="executor://mstestadapter/v2" className="Musoq.Evaluator.Tests.RowNumberTests" name="WhenRowNumberSimpleTest_ShouldPass" />
    </UnitTest>
    <UnitTest name="FilterByComplexObjectAccessInWhereTest" storage="/home/runner/work/musoq/musoq/musoq.evaluator.tests/bin/debug/net8.0/musoq.evaluator.tests.dll" id="9fbdbfb3-6e3d-13f0-91b4-854ea09ff6f8">
      <Execution id="4e1f627b-493f-4366-8311-1b25fda537f3" />
      <TestMethod codeBase="/home/runner/work/Musoq/Musoq/Musoq.Evaluator.Tests/bin/Debug/net8.0/Musoq.Evaluator.Tests.dll" adapterTypeName="executor://mstestadapter/v2" className="Musoq.Evaluator.Tests.SingleSchemaEvaluatorTests" name="FilterByComplexObjectAccessInWhereTest" />
    </UnitTest>
    <UnitTest name="WhenBitwiseAndBetweenUlongAndUshort_ShouldBeEvaluated" storage="/home/runner/work/musoq/musoq/musoq.evaluator.tests/bin/debug/net8.0/musoq.evaluator.tests.dll" id="5e79463a-e758-7607-abe8-61832396f45d">
      <Execution id="697d9f7c-6453-4162-ab4c-7d6f4fed3de0" />
      <TestMethod codeBase="/home/runner/work/Musoq/Musoq/Musoq.Evaluator.Tests/bin/Debug/net8.0/Musoq.Evaluator.Tests.dll" adapterTypeName="executor://mstestadapter/v2" className="Musoq.Evaluator.Tests.BitwiseOperationsAndTests" name="WhenBitwiseAndBetweenUlongAndUshort_ShouldBeEvaluated" />
    </UnitTest>
    <UnitTest name="WhenBitwiseXorBetweenUIntAndUShort_ShouldBeEvaluated" storage="/home/runner/work/musoq/musoq/musoq.evaluator.tests/bin/debug/net8.0/musoq.evaluator.tests.dll" id="cad60ec3-3b91-2947-5f1d-23fc7701ae59">
      <Execution id="4e1cdfb5-caac-4e98-b8c6-2bea0b95884f" />
      <TestMethod codeBase="/home/runner/work/Musoq/Musoq/Musoq.Evaluator.Tests/bin/Debug/net8.0/Musoq.Evaluator.Tests.dll" adapterTypeName="executor://mstestadapter/v2" className="Musoq.Evaluator.Tests.BitwiseOperationsXorTests" name="WhenBitwiseXorBetweenUIntAndUShort_ShouldBeEvaluated" />
    </UnitTest>
    <UnitTest name="WhenULongUsed_ShouldHaveColumnOfThatType" storage="/home/runner/work/musoq/musoq/musoq.evaluator.tests/bin/debug/net8.0/musoq.evaluator.tests.dll" id="6efa1c05-55fa-476c-6049-14e990bfb340">
      <Execution id="2086a897-ac48-49d1-b8ba-26409b0da63b" />
      <TestMethod codeBase="/home/runner/work/Musoq/Musoq/Musoq.Evaluator.Tests/bin/Debug/net8.0/Musoq.Evaluator.Tests.dll" adapterTypeName="executor://mstestadapter/v2" className="Musoq.Evaluator.Tests.NumericLiteralTypesTests" name="WhenULongUsed_ShouldHaveColumnOfThatType" />
    </UnitTest>
    <UnitTest name="WhenBitwiseXorBetweenIntAndByte_ShouldBeEvaluated" storage="/home/runner/work/musoq/musoq/musoq.evaluator.tests/bin/debug/net8.0/musoq.evaluator.tests.dll" id="4006bee2-9083-2e3b-fd47-c887b212917b">
      <Execution id="15f560d0-3053-49de-adc1-5c135faece5c" />
      <TestMethod codeBase="/home/runner/work/Musoq/Musoq/Musoq.Evaluator.Tests/bin/Debug/net8.0/Musoq.Evaluator.Tests.dll" adapterTypeName="executor://mstestadapter/v2" className="Musoq.Evaluator.Tests.BitwiseOperationsXorTests" name="WhenBitwiseXorBetweenIntAndByte_ShouldBeEvaluated" />
    </UnitTest>
    <UnitTest name="WhenNthIndexOfCalled_ShouldReturnSecondIndex" storage="/home/runner/work/musoq/musoq/musoq.evaluator.tests/bin/debug/net8.0/musoq.evaluator.tests.dll" id="336e9fb3-d5a1-538d-843d-8a6cd4b69af9">
      <Execution id="bda574ff-e9de-4f97-9a2d-f8ad5ff06a68" />
      <TestMethod codeBase="/home/runner/work/Musoq/Musoq/Musoq.Evaluator.Tests/bin/Debug/net8.0/Musoq.Evaluator.Tests.dll" adapterTypeName="executor://mstestadapter/v2" className="Musoq.Evaluator.Tests.StringsTests" name="WhenNthIndexOfCalled_ShouldReturnSecondIndex" />
    </UnitTest>
    <UnitTest name="WhenBitwiseAndBetweenUlongAndUint_ShouldBeEvaluated" storage="/home/runner/work/musoq/musoq/musoq.evaluator.tests/bin/debug/net8.0/musoq.evaluator.tests.dll" id="f2e1e6d2-f71c-ae47-7bb9-b8a0e09fc095">
      <Execution id="a4816f05-266f-49e8-ba84-d8bc7d692122" />
      <TestMethod codeBase="/home/runner/work/Musoq/Musoq/Musoq.Evaluator.Tests/bin/Debug/net8.0/Musoq.Evaluator.Tests.dll" adapterTypeName="executor://mstestadapter/v2" className="Musoq.Evaluator.Tests.BitwiseOperationsAndTests" name="WhenBitwiseAndBetweenUlongAndUint_ShouldBeEvaluated" />
    </UnitTest>
    <UnitTest name="WhenAliasedStarsUnfoldToMultipleColumns_ShouldPass" storage="/home/runner/work/musoq/musoq/musoq.evaluator.tests/bin/debug/net8.0/musoq.evaluator.tests.dll" id="f32ff1ca-0770-b919-ea8e-87b68d848064">
      <Execution id="994cc10d-c0ba-4281-b08e-d8e85bc84776" />
      <TestMethod codeBase="/home/runner/work/Musoq/Musoq/Musoq.Evaluator.Tests/bin/Debug/net8.0/Musoq.Evaluator.Tests.dll" adapterTypeName="executor://mstestadapter/v2" className="Musoq.Evaluator.Tests.StarTests" name="WhenAliasedStarsUnfoldToMultipleColumns_ShouldPass" />
    </UnitTest>
    <UnitTest name="OuterApply_TripleApply_ShouldPass" storage="/home/runner/work/musoq/musoq/musoq.evaluator.tests/bin/debug/net8.0/musoq.evaluator.tests.dll" id="fdbd5e31-702c-3a5e-0d01-ed0aacfbe59b">
      <Execution id="08635032-2197-410b-a44b-deaddd33e794" />
      <TestMethod codeBase="/home/runner/work/Musoq/Musoq/Musoq.Evaluator.Tests/bin/Debug/net8.0/Musoq.Evaluator.Tests.dll" adapterTypeName="executor://mstestadapter/v2" className="Musoq.Evaluator.Tests.OuterApplyTests" name="OuterApply_TripleApply_ShouldPass" />
    </UnitTest>
    <UnitTest name="WhenChainedComplexObjectAccessOnProperty_ShouldPass" storage="/home/runner/work/musoq/musoq/musoq.evaluator.tests/bin/debug/net8.0/musoq.evaluator.tests.dll" id="2b375c17-f941-39d1-81bd-6184b3a8b0f0">
      <Execution id="4e047c9f-2fa4-4bb2-ac81-45b08ef90855" />
      <TestMethod codeBase="/home/runner/work/Musoq/Musoq/Musoq.Evaluator.Tests/bin/Debug/net8.0/Musoq.Evaluator.Tests.dll" adapterTypeName="executor://mstestadapter/v2" className="Musoq.Evaluator.Tests.ColumnsTests" name="WhenChainedComplexObjectAccessOnProperty_ShouldPass" />
    </UnitTest>
    <UnitTest name="WhenWhenFalseCaseWhenTest" storage="/home/runner/work/musoq/musoq/musoq.evaluator.tests/bin/debug/net8.0/musoq.evaluator.tests.dll" id="37ddb661-6dc8-8938-951d-be309e15fbd8">
      <Execution id="b6489946-db8e-4f03-8d58-cbe781562868" />
      <TestMethod codeBase="/home/runner/work/Musoq/Musoq/Musoq.Evaluator.Tests/bin/Debug/net8.0/Musoq.Evaluator.Tests.dll" adapterTypeName="executor://mstestadapter/v2" className="Musoq.Evaluator.Tests.CaseWhenTests" name="WhenWhenFalseCaseWhenTest" />
    </UnitTest>
    <UnitTest name="WhenIntMethodCallAndByteUsed_ShouldHaveColumnOfThatType" storage="/home/runner/work/musoq/musoq/musoq.evaluator.tests/bin/debug/net8.0/musoq.evaluator.tests.dll" id="4ff4947f-ebdd-3d83-c9d4-35b605e59e4c">
      <Execution id="c31b20cf-42bc-420f-a34d-bcb2dbdf0a08" />
      <TestMethod codeBase="/home/runner/work/Musoq/Musoq/Musoq.Evaluator.Tests/bin/Debug/net8.0/Musoq.Evaluator.Tests.dll" adapterTypeName="executor://mstestadapter/v2" className="Musoq.Evaluator.Tests.ArithmeticForMethodCallAndTypeSpecificOperationTests" name="WhenIntMethodCallAndByteUsed_ShouldHaveColumnOfThatType" />
    </UnitTest>
    <UnitTest name="WhenLongUsed_ShouldHaveColumnOfThatType" storage="/home/runner/work/musoq/musoq/musoq.evaluator.tests/bin/debug/net8.0/musoq.evaluator.tests.dll" id="b0366376-69c5-0393-ec0f-87d7b3b13bbe">
      <Execution id="22e3e1ea-4f78-4183-bab7-50742dcd33cc" />
      <TestMethod codeBase="/home/runner/work/Musoq/Musoq/Musoq.Evaluator.Tests/bin/Debug/net8.0/Musoq.Evaluator.Tests.dll" adapterTypeName="executor://mstestadapter/v2" className="Musoq.Evaluator.Tests.NumericLiteralTypesTests" name="WhenLongUsed_ShouldHaveColumnOfThatType" />
    </UnitTest>
    <UnitTest name="ExceptDoubleSourceTest" storage="/home/runner/work/musoq/musoq/musoq.evaluator.tests/bin/debug/net8.0/musoq.evaluator.tests.dll" id="9f166767-98fa-9662-ebfa-acaace87dcfb">
      <Execution id="ba806390-24cd-441a-a854-3c43cf98ea4d" />
      <TestMethod codeBase="/home/runner/work/Musoq/Musoq/Musoq.Evaluator.Tests/bin/Debug/net8.0/Musoq.Evaluator.Tests.dll" adapterTypeName="executor://mstestadapter/v2" className="Musoq.Evaluator.Tests.SetsOperatorsTests" name="ExceptDoubleSourceTest" />
    </UnitTest>
    <UnitTest name="WhenBitwiseOrBetweenUlongAndByte_ShouldBeEvaluated" storage="/home/runner/work/musoq/musoq/musoq.evaluator.tests/bin/debug/net8.0/musoq.evaluator.tests.dll" id="28736029-7429-98c0-b439-3acc109b30b4">
      <Execution id="867e0d2d-c990-4867-88d4-d9de3c99b5fe" />
      <TestMethod codeBase="/home/runner/work/Musoq/Musoq/Musoq.Evaluator.Tests/bin/Debug/net8.0/Musoq.Evaluator.Tests.dll" adapterTypeName="executor://mstestadapter/v2" className="Musoq.Evaluator.Tests.BitwiseOperationsOrTests" name="WhenBitwiseOrBetweenUlongAndByte_ShouldBeEvaluated" />
    </UnitTest>
    <UnitTest name="CrossApplyProperty_NoMatch_ShouldPass" storage="/home/runner/work/musoq/musoq/musoq.evaluator.tests/bin/debug/net8.0/musoq.evaluator.tests.dll" id="28405986-3973-e9d7-dffb-955b377ab3af">
      <Execution id="013030e5-971d-46ba-8c9a-422296ec47f0" />
      <TestMethod codeBase="/home/runner/work/Musoq/Musoq/Musoq.Evaluator.Tests/bin/Debug/net8.0/Musoq.Evaluator.Tests.dll" adapterTypeName="executor://mstestadapter/v2" className="Musoq.Evaluator.Tests.CrossApplySelfPropertyTests" name="CrossApplyProperty_NoMatch_ShouldPass" />
    </UnitTest>
    <UnitTest name="WhenUIntAndUShortUsed_ShouldHaveColumnOfThatType" storage="/home/runner/work/musoq/musoq/musoq.evaluator.tests/bin/debug/net8.0/musoq.evaluator.tests.dll" id="3755e28f-37c0-46a0-2db1-737797d9c38e">
      <Execution id="4955335f-2805-4b11-8676-b629bddb3ccd" />
      <TestMethod codeBase="/home/runner/work/Musoq/Musoq/Musoq.Evaluator.Tests/bin/Debug/net8.0/Musoq.Evaluator.Tests.dll" adapterTypeName="executor://mstestadapter/v2" className="Musoq.Evaluator.Tests.ArithmeticForCrossTypesTests" name="WhenUIntAndUShortUsed_ShouldHaveColumnOfThatType" />
    </UnitTest>
    <UnitTest name="WhenConcatenationOfSingleValue_AndStringJoinsEnumerable_ShouldPass" storage="/home/runner/work/musoq/musoq/musoq.evaluator.tests/bin/debug/net8.0/musoq.evaluator.tests.dll" id="5151a704-3206-3741-bbc1-8ef133b976d7">
      <Execution id="02ed77cd-a3ef-4cb8-a3f4-609c1320ba95" />
      <TestMethod codeBase="/home/runner/work/Musoq/Musoq/Musoq.Evaluator.Tests/bin/Debug/net8.0/Musoq.Evaluator.Tests.dll" adapterTypeName="executor://mstestadapter/v2" className="Musoq.Evaluator.Tests.GenericTests" name="WhenConcatenationOfSingleValue_AndStringJoinsEnumerable_ShouldPass" />
    </UnitTest>
    <UnitTest name="WhenBitwiseOrBetweenUshortAndUint_ShouldBeEvaluated" storage="/home/runner/work/musoq/musoq/musoq.evaluator.tests/bin/debug/net8.0/musoq.evaluator.tests.dll" id="5a2784e6-7f09-8029-fd8f-3346fe067a74">
      <Execution id="a0755038-487c-4443-8856-0a225b9f8518" />
      <TestMethod codeBase="/home/runner/work/Musoq/Musoq/Musoq.Evaluator.Tests/bin/Debug/net8.0/Musoq.Evaluator.Tests.dll" adapterTypeName="executor://mstestadapter/v2" className="Musoq.Evaluator.Tests.BitwiseOperationsOrTests" name="WhenBitwiseOrBetweenUshortAndUint_ShouldBeEvaluated" />
    </UnitTest>
    <UnitTest name="WhenApplyChainedProperty_WithPrimitiveList_ShouldPass" storage="/home/runner/work/musoq/musoq/musoq.evaluator.tests/bin/debug/net8.0/musoq.evaluator.tests.dll" id="17c10a8f-e3bf-e25b-859d-6fe47ef6ee62">
      <Execution id="54f22030-f630-4016-836e-8f8e4b8b1112" />
      <TestMethod codeBase="/home/runner/work/Musoq/Musoq/Musoq.Evaluator.Tests/bin/Debug/net8.0/Musoq.Evaluator.Tests.dll" adapterTypeName="executor://mstestadapter/v2" className="Musoq.Evaluator.Tests.CrossApplySelfPropertyTests" name="WhenApplyChainedProperty_WithPrimitiveList_ShouldPass" />
    </UnitTest>
    <UnitTest name="WhenBitwiseXorBetweenShortAndSByte_ShouldBeEvaluated" storage="/home/runner/work/musoq/musoq/musoq.evaluator.tests/bin/debug/net8.0/musoq.evaluator.tests.dll" id="30cbeda6-4a4d-49cd-6f07-7be2c53fef59">
      <Execution id="a00f8c53-abcc-4326-b2d4-e94c091a77fb" />
      <TestMethod codeBase="/home/runner/work/Musoq/Musoq/Musoq.Evaluator.Tests/bin/Debug/net8.0/Musoq.Evaluator.Tests.dll" adapterTypeName="executor://mstestadapter/v2" className="Musoq.Evaluator.Tests.BitwiseOperationsXorTests" name="WhenBitwiseXorBetweenShortAndSByte_ShouldBeEvaluated" />
    </UnitTest>
    <UnitTest name="WhenUsingLongStringWithEscapes_ShouldBeHandledCorrectly" storage="/home/runner/work/musoq/musoq/musoq.evaluator.tests/bin/debug/net8.0/musoq.evaluator.tests.dll" id="7ab49b70-bfef-6e42-49f6-0697346c96ed">
      <Execution id="e59c2fce-254d-4cb2-9af9-93826b703d34" />
      <TestMethod codeBase="/home/runner/work/Musoq/Musoq/Musoq.Evaluator.Tests/bin/Debug/net8.0/Musoq.Evaluator.Tests.dll" adapterTypeName="executor://mstestadapter/v2" className="Musoq.Evaluator.Tests.EscapeTests" name="WhenUsingLongStringWithEscapes_ShouldBeHandledCorrectly" />
    </UnitTest>
    <UnitTest name="WhenSchemaMethodCrossAppliedWithAnotherSameSchemas_UsesValuesOfSchemaMethodWithinTableValue_ShouldPass" storage="/home/runner/work/musoq/musoq/musoq.evaluator.tests/bin/debug/net8.0/musoq.evaluator.tests.dll" id="05743620-3397-df2b-3c7f-b5494582eb34">
      <Execution id="dba82bcc-f608-46e4-a3f5-c2964bc61497" />
      <TestMethod codeBase="/home/runner/work/Musoq/Musoq/Musoq.Evaluator.Tests/bin/Debug/net8.0/Musoq.Evaluator.Tests.dll" adapterTypeName="executor://mstestadapter/v2" className="Musoq.Evaluator.Tests.CrossApplyTests" name="WhenSchemaMethodCrossAppliedWithAnotherSameSchemas_UsesValuesOfSchemaMethodWithinTableValue_ShouldPass" />
    </UnitTest>
    <UnitTest name="WhenLongAndDecimalUsed_ShouldHaveColumnOfThatType" storage="/home/runner/work/musoq/musoq/musoq.evaluator.tests/bin/debug/net8.0/musoq.evaluator.tests.dll" id="1912c435-3b40-b0f6-e666-95dee8907e58">
      <Execution id="dbf6abca-d059-4e91-9bbb-ffd1d7bca454" />
      <TestMethod codeBase="/home/runner/work/Musoq/Musoq/Musoq.Evaluator.Tests/bin/Debug/net8.0/Musoq.Evaluator.Tests.dll" adapterTypeName="executor://mstestadapter/v2" className="Musoq.Evaluator.Tests.ArithmeticForCrossTypesTests" name="WhenLongAndDecimalUsed_ShouldHaveColumnOfThatType" />
    </UnitTest>
    <UnitTest name="WhenIntAndShortUsed_ShouldHaveColumnOfThatType" storage="/home/runner/work/musoq/musoq/musoq.evaluator.tests/bin/debug/net8.0/musoq.evaluator.tests.dll" id="22755400-2f12-5009-0b89-50c87a8d9c30">
      <Execution id="af7ea609-8dfc-417f-a86f-40eeac715d2f" />
      <TestMethod codeBase="/home/runner/work/Musoq/Musoq/Musoq.Evaluator.Tests/bin/Debug/net8.0/Musoq.Evaluator.Tests.dll" adapterTypeName="executor://mstestadapter/v2" className="Musoq.Evaluator.Tests.ArithmeticForCrossTypesTests" name="WhenIntAndShortUsed_ShouldHaveColumnOfThatType" />
    </UnitTest>
    <UnitTest name="WhenSpecialCharacterStartBracketUsedInTextWith_MustNotThrow (-)" storage="/home/runner/work/musoq/musoq/musoq.evaluator.tests/bin/debug/net8.0/musoq.evaluator.tests.dll" id="0bf1c056-6a90-2146-6e07-55a462d7dd32">
      <Execution id="ad6febdb-d780-44ec-91a1-51582df841ae" />
      <TestMethod codeBase="/home/runner/work/Musoq/Musoq/Musoq.Evaluator.Tests/bin/Debug/net8.0/Musoq.Evaluator.Tests.dll" adapterTypeName="executor://mstestadapter/v2" className="Musoq.Evaluator.Tests.StringsTests" name="WhenSpecialCharacterStartBracketUsedInTextWith_MustNotThrow" />
    </UnitTest>
    <UnitTest name="WhenOrderByWithInnerJoin_ShouldSucceed" storage="/home/runner/work/musoq/musoq/musoq.evaluator.tests/bin/debug/net8.0/musoq.evaluator.tests.dll" id="45ccba63-1770-2c7e-3647-dcecca481e2b">
      <Execution id="0f31975b-1ff9-431c-872d-6eaf30c8998d" />
      <TestMethod codeBase="/home/runner/work/Musoq/Musoq/Musoq.Evaluator.Tests/bin/Debug/net8.0/Musoq.Evaluator.Tests.dll" adapterTypeName="executor://mstestadapter/v2" className="Musoq.Evaluator.Tests.OrderByTests" name="WhenOrderByWithInnerJoin_ShouldSucceed" />
    </UnitTest>
    <UnitTest name="QueryWithToDateTimeTest" storage="/home/runner/work/musoq/musoq/musoq.evaluator.tests/bin/debug/net8.0/musoq.evaluator.tests.dll" id="ec52888b-374e-bf14-9e56-282598c96406">
      <Execution id="3416a847-dd9e-4436-8e3f-7fe26e039fd2" />
      <TestMethod codeBase="/home/runner/work/Musoq/Musoq/Musoq.Evaluator.Tests/bin/Debug/net8.0/Musoq.Evaluator.Tests.dll" adapterTypeName="executor://mstestadapter/v2" className="Musoq.Evaluator.Tests.SingleSchemaEvaluatorTests" name="QueryWithToDateTimeTest" />
    </UnitTest>
    <UnitTest name="WhenDoubleAndULongUsed_ShouldHaveColumnOfThatType" storage="/home/runner/work/musoq/musoq/musoq.evaluator.tests/bin/debug/net8.0/musoq.evaluator.tests.dll" id="543200ba-360d-f1e2-9edb-3d3e258d8af1">
      <Execution id="aa76b57e-1ad6-41e4-9175-8d97279029d9" />
      <TestMethod codeBase="/home/runner/work/Musoq/Musoq/Musoq.Evaluator.Tests/bin/Debug/net8.0/Musoq.Evaluator.Tests.dll" adapterTypeName="executor://mstestadapter/v2" className="Musoq.Evaluator.Tests.ArithmeticForCrossTypesTests" name="WhenDoubleAndULongUsed_ShouldHaveColumnOfThatType" />
    </UnitTest>
    <UnitTest name="GroupByForFakeWindowTest" storage="/home/runner/work/musoq/musoq/musoq.evaluator.tests/bin/debug/net8.0/musoq.evaluator.tests.dll" id="4fe2b539-da11-6e47-e6b9-bebf4dd59d13">
      <Execution id="7b5a9c22-bdf8-443a-a809-3421a13958fe" />
      <TestMethod codeBase="/home/runner/work/Musoq/Musoq/Musoq.Evaluator.Tests/bin/Debug/net8.0/Musoq.Evaluator.Tests.dll" adapterTypeName="executor://mstestadapter/v2" className="Musoq.Evaluator.Tests.GroupByTests" name="GroupByForFakeWindowTest" />
    </UnitTest>
    <UnitTest name="AndOperator_WhenLeftFieldIsNull_ShouldShowLeftNull" storage="/home/runner/work/musoq/musoq/musoq.evaluator.tests/bin/debug/net8.0/musoq.evaluator.tests.dll" id="d26b6ae3-7c5b-f166-dbbc-08b00cbea3a6">
      <Execution id="dbc4aaa2-886b-401e-88ed-7fca1786a161" />
      <TestMethod codeBase="/home/runner/work/Musoq/Musoq/Musoq.Evaluator.Tests/bin/Debug/net8.0/Musoq.Evaluator.Tests.dll" adapterTypeName="executor://mstestadapter/v2" className="Musoq.Evaluator.Tests.NullabilityTests" name="AndOperator_WhenLeftFieldIsNull_ShouldShowLeftNull" />
    </UnitTest>
    <UnitTest name="WhenIntUsed_ShouldHaveColumnOfThatType" storage="/home/runner/work/musoq/musoq/musoq.evaluator.tests/bin/debug/net8.0/musoq.evaluator.tests.dll" id="c7f0dcec-54a3-bb4b-8129-f54fa8ac382f">
      <Execution id="43b622c7-9dc7-44f1-beb2-350aaaaec846" />
      <TestMethod codeBase="/home/runner/work/Musoq/Musoq/Musoq.Evaluator.Tests/bin/Debug/net8.0/Musoq.Evaluator.Tests.dll" adapterTypeName="executor://mstestadapter/v2" className="Musoq.Evaluator.Tests.NumericLiteralTypesTests" name="WhenIntUsed_ShouldHaveColumnOfThatType" />
    </UnitTest>
    <UnitTest name="WhenToStringCalled_ShouldReturnSameQuery (select s.Column1, s.Column2 from #some.thing() s order by s.Column2, s.Column1 desc skip 7)" storage="/home/runner/work/musoq/musoq/musoq.evaluator.tests/bin/debug/net8.0/musoq.evaluator.tests.dll" id="8cfde84c-44ef-e54a-c974-a2b81d1d6773">
      <Execution id="08852e79-5202-42bc-981e-2fe7533bf003" />
      <TestMethod codeBase="/home/runner/work/Musoq/Musoq/Musoq.Evaluator.Tests/bin/Debug/net8.0/Musoq.Evaluator.Tests.dll" adapterTypeName="executor://mstestadapter/v2" className="Musoq.Evaluator.Tests.StringifyTests" name="WhenToStringCalled_ShouldReturnSameQuery" />
    </UnitTest>
    <UnitTest name="ContainsStringsTest" storage="/home/runner/work/musoq/musoq/musoq.evaluator.tests/bin/debug/net8.0/musoq.evaluator.tests.dll" id="c40e94a4-a655-e690-928e-ce41951af4bf">
      <Execution id="fc5b41d9-6d45-4566-8cc0-857025806caf" />
      <TestMethod codeBase="/home/runner/work/Musoq/Musoq/Musoq.Evaluator.Tests/bin/Debug/net8.0/Musoq.Evaluator.Tests.dll" adapterTypeName="executor://mstestadapter/v2" className="Musoq.Evaluator.Tests.SingleSchemaEvaluatorTests" name="ContainsStringsTest" />
    </UnitTest>
    <UnitTest name="WhenShortAndDecimalUsed_ShouldHaveColumnOfThatType" storage="/home/runner/work/musoq/musoq/musoq.evaluator.tests/bin/debug/net8.0/musoq.evaluator.tests.dll" id="bb5b5574-e298-3d85-b9eb-53dfee4eefe7">
      <Execution id="4a47994a-6c56-4ba1-8285-bef06f150eb5" />
      <TestMethod codeBase="/home/runner/work/Musoq/Musoq/Musoq.Evaluator.Tests/bin/Debug/net8.0/Musoq.Evaluator.Tests.dll" adapterTypeName="executor://mstestadapter/v2" className="Musoq.Evaluator.Tests.ArithmeticForCrossTypesTests" name="WhenShortAndDecimalUsed_ShouldHaveColumnOfThatType" />
    </UnitTest>
    <UnitTest name="UnionSameSourceTest" storage="/home/runner/work/musoq/musoq/musoq.evaluator.tests/bin/debug/net8.0/musoq.evaluator.tests.dll" id="fe3dfef3-7a08-236c-3107-8539c4f86053">
      <Execution id="fff2f28d-84ee-44a3-8158-ae76290ce943" />
      <TestMethod codeBase="/home/runner/work/Musoq/Musoq/Musoq.Evaluator.Tests/bin/Debug/net8.0/Musoq.Evaluator.Tests.dll" adapterTypeName="executor://mstestadapter/v2" className="Musoq.Evaluator.Tests.SetsOperatorsTests" name="UnionSameSourceTest" />
    </UnitTest>
    <UnitTest name="CrossApply_PropertyAndMethod_GroupBy_WithFiltering" storage="/home/runner/work/musoq/musoq/musoq.evaluator.tests/bin/debug/net8.0/musoq.evaluator.tests.dll" id="84493bef-de15-ba27-d03f-cfbbc6915430">
      <Execution id="b21d7581-349e-41b7-815b-0fa05ca3251a" />
      <TestMethod codeBase="/home/runner/work/Musoq/Musoq/Musoq.Evaluator.Tests/bin/Debug/net8.0/Musoq.Evaluator.Tests.dll" adapterTypeName="executor://mstestadapter/v2" className="Musoq.Evaluator.Tests.CrossApplyMixedTests" name="CrossApply_PropertyAndMethod_GroupBy_WithFiltering" />
    </UnitTest>
    <UnitTest name="WhenPassedEnvironmentVariables_UnionDataSources_ShouldListThemAll" storage="/home/runner/work/musoq/musoq/musoq.evaluator.tests/bin/debug/net8.0/musoq.evaluator.tests.dll" id="225a5ddf-8d18-78eb-f21b-4bdfdaf51bdb">
      <Execution id="5b46c253-55ed-4148-8288-fdbc40ba9f87" />
      <TestMethod codeBase="/home/runner/work/Musoq/Musoq/Musoq.Evaluator.Tests/bin/Debug/net8.0/Musoq.Evaluator.Tests.dll" adapterTypeName="executor://mstestadapter/v2" className="Musoq.Evaluator.Tests.EnvironmentVariablesTests" name="WhenPassedEnvironmentVariables_UnionDataSources_ShouldListThemAll" />
    </UnitTest>
    <UnitTest name="WhenBitwiseOrBetweenUlongAndUlong_ShouldBeEvaluated" storage="/home/runner/work/musoq/musoq/musoq.evaluator.tests/bin/debug/net8.0/musoq.evaluator.tests.dll" id="dacbbafa-c82b-0882-5a01-cbd6610cfd72">
      <Execution id="c9c5a607-c42d-4c82-a281-7ca51e48f4db" />
      <TestMethod codeBase="/home/runner/work/Musoq/Musoq/Musoq.Evaluator.Tests/bin/Debug/net8.0/Musoq.Evaluator.Tests.dll" adapterTypeName="executor://mstestadapter/v2" className="Musoq.Evaluator.Tests.BitwiseOperationsOrTests" name="WhenBitwiseOrBetweenUlongAndUlong_ShouldBeEvaluated" />
    </UnitTest>
    <UnitTest name="WhenCteHasTheSameAliasWithinDifferentQueries_ShouldNotThrow" storage="/home/runner/work/musoq/musoq/musoq.evaluator.tests/bin/debug/net8.0/musoq.evaluator.tests.dll" id="836169bd-c0e6-a9ff-4777-8d5c4d4ae243">
      <Execution id="b5e4d8f3-1c20-467a-be20-309f9c26dc2b" />
      <TestMethod codeBase="/home/runner/work/Musoq/Musoq/Musoq.Evaluator.Tests/bin/Debug/net8.0/Musoq.Evaluator.Tests.dll" adapterTypeName="executor://mstestadapter/v2" className="Musoq.Evaluator.Tests.CrossApplyMixedTests" name="WhenCteHasTheSameAliasWithinDifferentQueries_ShouldNotThrow" />
    </UnitTest>
    <UnitTest name="NotInWithArgumentFromSourceOperator" storage="/home/runner/work/musoq/musoq/musoq.evaluator.tests/bin/debug/net8.0/musoq.evaluator.tests.dll" id="3564140f-0e47-92c7-b85a-96daccb58189">
      <Execution id="2e86edbe-2e40-4f27-b78c-d29d6442e42d" />
      <TestMethod codeBase="/home/runner/work/Musoq/Musoq/Musoq.Evaluator.Tests/bin/Debug/net8.0/Musoq.Evaluator.Tests.dll" adapterTypeName="executor://mstestadapter/v2" className="Musoq.Evaluator.Tests.InTests" name="NotInWithArgumentFromSourceOperator" />
    </UnitTest>
    <UnitTest name="CrossApplyProperty_WithPrimitiveList_ShouldPass" storage="/home/runner/work/musoq/musoq/musoq.evaluator.tests/bin/debug/net8.0/musoq.evaluator.tests.dll" id="ef1fd476-e17f-2132-5e2d-879d2c7b3e74">
      <Execution id="af8b2a01-550c-42f9-8f75-f1f21278a008" />
      <TestMethod codeBase="/home/runner/work/Musoq/Musoq/Musoq.Evaluator.Tests/bin/Debug/net8.0/Musoq.Evaluator.Tests.dll" adapterTypeName="executor://mstestadapter/v2" className="Musoq.Evaluator.Tests.CrossApplySelfPropertyTests" name="CrossApplyProperty_WithPrimitiveList_ShouldPass" />
    </UnitTest>
    <UnitTest name="WhenGroupByWithWhereUsed_WhereUsesFieldThatWillBeUsedInResultingTable_ShouldSuccess" storage="/home/runner/work/musoq/musoq/musoq.evaluator.tests/bin/debug/net8.0/musoq.evaluator.tests.dll" id="08ca319d-074c-b8ad-3ba3-d5ab7f4098d0">
      <Execution id="fad8c8c5-72d1-4571-b426-fbc1d6dc43e2" />
      <TestMethod codeBase="/home/runner/work/Musoq/Musoq/Musoq.Evaluator.Tests/bin/Debug/net8.0/Musoq.Evaluator.Tests.dll" adapterTypeName="executor://mstestadapter/v2" className="Musoq.Evaluator.Tests.GroupByTests" name="WhenGroupByWithWhereUsed_WhereUsesFieldThatWillBeUsedInResultingTable_ShouldSuccess" />
    </UnitTest>
    <UnitTest name="IfFunctionEqualityFalseTest" storage="/home/runner/work/musoq/musoq/musoq.evaluator.tests/bin/debug/net8.0/musoq.evaluator.tests.dll" id="6e140d88-ab0e-d3b0-fff7-583ed2446e51">
      <Execution id="fd5b565c-21af-44f3-8c87-2fa5adce32f8" />
      <TestMethod codeBase="/home/runner/work/Musoq/Musoq/Musoq.Evaluator.Tests/bin/Debug/net8.0/Musoq.Evaluator.Tests.dll" adapterTypeName="executor://mstestadapter/v2" className="Musoq.Evaluator.Tests.LogicalFunctionsTests" name="IfFunctionEqualityFalseTest" />
    </UnitTest>
    <UnitTest name="WhenBitwiseXorBetweenUshortAndShort_ShouldBeEvaluated" storage="/home/runner/work/musoq/musoq/musoq.evaluator.tests/bin/debug/net8.0/musoq.evaluator.tests.dll" id="48cc9a7b-2e57-04bf-2153-fc4273fe16f3">
      <Execution id="882ffcbe-9ed0-429b-b391-0d2d33b4df45" />
      <TestMethod codeBase="/home/runner/work/Musoq/Musoq/Musoq.Evaluator.Tests/bin/Debug/net8.0/Musoq.Evaluator.Tests.dll" adapterTypeName="executor://mstestadapter/v2" className="Musoq.Evaluator.Tests.BitwiseOperationsXorTests" name="WhenBitwiseXorBetweenUshortAndShort_ShouldBeEvaluated" />
    </UnitTest>
    <UnitTest name="WhenWhenTrueOnEntityFieldWithAndCondition_ShouldNotThrowException" storage="/home/runner/work/musoq/musoq/musoq.evaluator.tests/bin/debug/net8.0/musoq.evaluator.tests.dll" id="8bedec7d-df75-0421-80de-39cb18a28c07">
      <Execution id="e7fe94c4-5acb-4361-be3c-1aedfa1d15bf" />
      <TestMethod codeBase="/home/runner/work/Musoq/Musoq/Musoq.Evaluator.Tests/bin/Debug/net8.0/Musoq.Evaluator.Tests.dll" adapterTypeName="executor://mstestadapter/v2" className="Musoq.Evaluator.Tests.CaseWhenTests" name="WhenWhenTrueOnEntityFieldWithAndCondition_ShouldNotThrowException" />
    </UnitTest>
    <UnitTest name="WhenCteInheritsAliasedName_ShouldBeAccessibleByRawColumnNameAccessSyntax" storage="/home/runner/work/musoq/musoq/musoq.evaluator.tests/bin/debug/net8.0/musoq.evaluator.tests.dll" id="9f396c95-244b-264f-b783-ab74c8a55f86">
      <Execution id="6270d506-aac3-4bd6-8b24-95149d8ea7e1" />
      <TestMethod codeBase="/home/runner/work/Musoq/Musoq/Musoq.Evaluator.Tests/bin/Debug/net8.0/Musoq.Evaluator.Tests.dll" adapterTypeName="executor://mstestadapter/v2" className="Musoq.Evaluator.Tests.AliasTests" name="WhenCteInheritsAliasedName_ShouldBeAccessibleByRawColumnNameAccessSyntax" />
    </UnitTest>
    <UnitTest name="WhenSchemaMethodCrossAppliedSelfProperty_WithinCte_ShouldPass" storage="/home/runner/work/musoq/musoq/musoq.evaluator.tests/bin/debug/net8.0/musoq.evaluator.tests.dll" id="c96b2df8-5758-9d8e-3358-c3c5df002a45">
      <Execution id="505f19e9-b70b-4b52-bfb1-d92713eac8e9" />
      <TestMethod codeBase="/home/runner/work/Musoq/Musoq/Musoq.Evaluator.Tests/bin/Debug/net8.0/Musoq.Evaluator.Tests.dll" adapterTypeName="executor://mstestadapter/v2" className="Musoq.Evaluator.Tests.CrossApplyCteTests" name="WhenSchemaMethodCrossAppliedSelfProperty_WithinCte_ShouldPass" />
    </UnitTest>
    <UnitTest name="ComputeStDevTest" storage="/home/runner/work/musoq/musoq/musoq.evaluator.tests/bin/debug/net8.0/musoq.evaluator.tests.dll" id="12401b51-81e4-e860-86b5-36cfb941e389">
      <Execution id="96e40db2-9080-47b0-9f19-df780c0661c8" />
      <TestMethod codeBase="/home/runner/work/Musoq/Musoq/Musoq.Evaluator.Tests/bin/Debug/net8.0/Musoq.Evaluator.Tests.dll" adapterTypeName="executor://mstestadapter/v2" className="Musoq.Evaluator.Tests.SingleSchemaEvaluatorTests" name="ComputeStDevTest" />
    </UnitTest>
    <UnitTest name="WhenHexEscaped_ShouldBePresent" storage="/home/runner/work/musoq/musoq/musoq.evaluator.tests/bin/debug/net8.0/musoq.evaluator.tests.dll" id="2b82a04a-fb8f-50af-c5b6-048912cb7239">
      <Execution id="48775329-2638-4131-9bc5-74253346f736" />
      <TestMethod codeBase="/home/runner/work/Musoq/Musoq/Musoq.Evaluator.Tests/bin/Debug/net8.0/Musoq.Evaluator.Tests.dll" adapterTypeName="executor://mstestadapter/v2" className="Musoq.Evaluator.Tests.EscapeTests" name="WhenHexEscaped_ShouldBePresent" />
    </UnitTest>
    <UnitTest name="SimpleAccessArrayTest" storage="/home/runner/work/musoq/musoq/musoq.evaluator.tests/bin/debug/net8.0/musoq.evaluator.tests.dll" id="2d52dbb7-1e17-f036-de12-168f9c294478">
      <Execution id="5b45f11f-39bb-40cb-9395-f03c08ebf6b9" />
      <TestMethod codeBase="/home/runner/work/Musoq/Musoq/Musoq.Evaluator.Tests/bin/Debug/net8.0/Musoq.Evaluator.Tests.dll" adapterTypeName="executor://mstestadapter/v2" className="Musoq.Evaluator.Tests.SingleSchemaEvaluatorTests" name="SimpleAccessArrayTest" />
    </UnitTest>
    <UnitTest name="WhenSameAliasUsedInOuterApply_ShouldThrow" storage="/home/runner/work/musoq/musoq/musoq.evaluator.tests/bin/debug/net8.0/musoq.evaluator.tests.dll" id="917ce2e9-1571-c5ec-c658-67d4d1fae00c">
      <Execution id="c4d34c22-2805-4ee4-96f2-f1f1f041f566" />
      <TestMethod codeBase="/home/runner/work/Musoq/Musoq/Musoq.Evaluator.Tests/bin/Debug/net8.0/Musoq.Evaluator.Tests.dll" adapterTypeName="executor://mstestadapter/v2" className="Musoq.Evaluator.Tests.AliasTests" name="WhenSameAliasUsedInOuterApply_ShouldThrow" />
    </UnitTest>
    <UnitTest name="WhenBitwiseOrBetweenByteAndUInt_ShouldBeEvaluated" storage="/home/runner/work/musoq/musoq/musoq.evaluator.tests/bin/debug/net8.0/musoq.evaluator.tests.dll" id="4b2cdc11-a1f2-5e79-3bda-e7219fbab0d7">
      <Execution id="289e79f7-f4f6-4224-b552-43815d92282e" />
      <TestMethod codeBase="/home/runner/work/Musoq/Musoq/Musoq.Evaluator.Tests/bin/Debug/net8.0/Musoq.Evaluator.Tests.dll" adapterTypeName="executor://mstestadapter/v2" className="Musoq.Evaluator.Tests.BitwiseOperationsOrTests" name="WhenBitwiseOrBetweenByteAndUInt_ShouldBeEvaluated" />
    </UnitTest>
    <UnitTest name="WhenBuildMultipleTimes_AliasesShouldStayTheSame" storage="/home/runner/work/musoq/musoq/musoq.evaluator.tests/bin/debug/net8.0/musoq.evaluator.tests.dll" id="d201ce04-fab3-8021-0ef4-4c0b87f995ed">
      <Execution id="28ec08c5-f7a9-4b0a-bda6-e2374eebcf43" />
      <TestMethod codeBase="/home/runner/work/Musoq/Musoq/Musoq.Evaluator.Tests/bin/Debug/net8.0/Musoq.Evaluator.Tests.dll" adapterTypeName="executor://mstestadapter/v2" className="Musoq.Evaluator.Tests.AliasGeneratorQueryTests" name="WhenBuildMultipleTimes_AliasesShouldStayTheSame" />
    </UnitTest>
    <UnitTest name="WhenWhereExpressionIsNotRewrittenAndUsesConditionOnTwoColumns_ShouldPass" storage="/home/runner/work/musoq/musoq/musoq.evaluator.tests/bin/debug/net8.0/musoq.evaluator.tests.dll" id="a0bfae5b-3169-0e86-4f5a-1797388727ec">
      <Execution id="456bbf36-1288-4ee0-bb2c-a818c8c7d8d8" />
      <TestMethod codeBase="/home/runner/work/Musoq/Musoq/Musoq.Evaluator.Tests/bin/Debug/net8.0/Musoq.Evaluator.Tests.dll" adapterTypeName="executor://mstestadapter/v2" className="Musoq.Evaluator.Tests.RewriteWhereExpressionToPassItToDataSourceTests" name="WhenWhereExpressionIsNotRewrittenAndUsesConditionOnTwoColumns_ShouldPass" />
    </UnitTest>
    <UnitTest name="WhenOneOfResultsAreExplicitlyNull_ShouldInferNullabilityTypeFromQueryContext" storage="/home/runner/work/musoq/musoq/musoq.evaluator.tests/bin/debug/net8.0/musoq.evaluator.tests.dll" id="2a2e47b4-8a49-4646-f80e-cf682535a0d1">
      <Execution id="b8622bd4-7adf-465f-97da-e7a3ce4bb8dc" />
      <TestMethod codeBase="/home/runner/work/Musoq/Musoq/Musoq.Evaluator.Tests/bin/Debug/net8.0/Musoq.Evaluator.Tests.dll" adapterTypeName="executor://mstestadapter/v2" className="Musoq.Evaluator.Tests.NullabilityTests" name="WhenOneOfResultsAreExplicitlyNull_ShouldInferNullabilityTypeFromQueryContext" />
    </UnitTest>
    <UnitTest name="WhenDoubleAndSByteUsed_ShouldHaveColumnOfThatType" storage="/home/runner/work/musoq/musoq/musoq.evaluator.tests/bin/debug/net8.0/musoq.evaluator.tests.dll" id="0ea1e89b-945f-a96c-a35c-e809ded84f1d">
      <Execution id="489e2bf6-85cb-471b-9e5a-88d40f067ae7" />
      <TestMethod codeBase="/home/runner/work/Musoq/Musoq/Musoq.Evaluator.Tests/bin/Debug/net8.0/Musoq.Evaluator.Tests.dll" adapterTypeName="executor://mstestadapter/v2" className="Musoq.Evaluator.Tests.ArithmeticForCrossTypesTests" name="WhenDoubleAndSByteUsed_ShouldHaveColumnOfThatType" />
    </UnitTest>
    <UnitTest name="WhenByteAndULongUsed_ShouldHaveColumnOfThatType" storage="/home/runner/work/musoq/musoq/musoq.evaluator.tests/bin/debug/net8.0/musoq.evaluator.tests.dll" id="95bb2263-aed3-05a3-27b6-d4e5953a4ef8">
      <Execution id="7fa57ded-f5e8-4a9d-a39b-1d5a44f96fa0" />
      <TestMethod codeBase="/home/runner/work/Musoq/Musoq/Musoq.Evaluator.Tests/bin/Debug/net8.0/Musoq.Evaluator.Tests.dll" adapterTypeName="executor://mstestadapter/v2" className="Musoq.Evaluator.Tests.ArithmeticForCrossTypesTests" name="WhenByteAndULongUsed_ShouldHaveColumnOfThatType" />
    </UnitTest>
    <UnitTest name="WhenSByteAndDecimalUsed_ShouldHaveColumnOfDecimalType" storage="/home/runner/work/musoq/musoq/musoq.evaluator.tests/bin/debug/net8.0/musoq.evaluator.tests.dll" id="33247f41-33b8-7ad0-c103-065492db7dd5">
      <Execution id="cbe2047d-80ec-49b1-8b35-cd218c3b3c0d" />
      <TestMethod codeBase="/home/runner/work/Musoq/Musoq/Musoq.Evaluator.Tests/bin/Debug/net8.0/Musoq.Evaluator.Tests.dll" adapterTypeName="executor://mstestadapter/v2" className="Musoq.Evaluator.Tests.ArithmeticForCrossTypesTests" name="WhenSByteAndDecimalUsed_ShouldHaveColumnOfDecimalType" />
    </UnitTest>
    <UnitTest name="FirstLetterOfColumnTest" storage="/home/runner/work/musoq/musoq/musoq.evaluator.tests/bin/debug/net8.0/musoq.evaluator.tests.dll" id="426c3685-109b-0158-7eca-b9f26e9993eb">
      <Execution id="b5c06a2e-2bb1-40fb-b383-baa9fb391fbe" />
      <TestMethod codeBase="/home/runner/work/Musoq/Musoq/Musoq.Evaluator.Tests/bin/Debug/net8.0/Musoq.Evaluator.Tests.dll" adapterTypeName="executor://mstestadapter/v2" className="Musoq.Evaluator.Tests.SingleSchemaEvaluatorTests" name="FirstLetterOfColumnTest" />
    </UnitTest>
    <UnitTest name="WhenBitwiseOrBetweenShortAndLong_ShouldBeEvaluated" storage="/home/runner/work/musoq/musoq/musoq.evaluator.tests/bin/debug/net8.0/musoq.evaluator.tests.dll" id="d888c20f-cf55-95e5-01e3-e1f7fef92b1c">
      <Execution id="a61eb34a-b90e-4430-b586-ee0662dbe8e9" />
      <TestMethod codeBase="/home/runner/work/Musoq/Musoq/Musoq.Evaluator.Tests/bin/Debug/net8.0/Musoq.Evaluator.Tests.dll" adapterTypeName="executor://mstestadapter/v2" className="Musoq.Evaluator.Tests.BitwiseOperationsOrTests" name="WhenBitwiseOrBetweenShortAndLong_ShouldBeEvaluated" />
    </UnitTest>
    <UnitTest name="WhenIntMethodCallAndUIntUsed_ShouldHaveColumnOfThatType" storage="/home/runner/work/musoq/musoq/musoq.evaluator.tests/bin/debug/net8.0/musoq.evaluator.tests.dll" id="c11c7fe6-dbc2-196e-eb8c-271b78b99516">
      <Execution id="52062417-b5d7-45c7-b205-4f658d00f002" />
      <TestMethod codeBase="/home/runner/work/Musoq/Musoq/Musoq.Evaluator.Tests/bin/Debug/net8.0/Musoq.Evaluator.Tests.dll" adapterTypeName="executor://mstestadapter/v2" className="Musoq.Evaluator.Tests.ArithmeticForMethodCallAndTypeSpecificOperationTests" name="WhenIntMethodCallAndUIntUsed_ShouldHaveColumnOfThatType" />
    </UnitTest>
    <UnitTest name="WhenSpecialCharacterStartBracketUsedInTextWith_MustNotThrow ({)" storage="/home/runner/work/musoq/musoq/musoq.evaluator.tests/bin/debug/net8.0/musoq.evaluator.tests.dll" id="f1af1adb-c54e-ed4f-a2e9-c214baafdfa5">
      <Execution id="656375a3-7ba1-48d3-97a7-a9387441b922" />
      <TestMethod codeBase="/home/runner/work/Musoq/Musoq/Musoq.Evaluator.Tests/bin/Debug/net8.0/Musoq.Evaluator.Tests.dll" adapterTypeName="executor://mstestadapter/v2" className="Musoq.Evaluator.Tests.StringsTests" name="WhenSpecialCharacterStartBracketUsedInTextWith_MustNotThrow" />
    </UnitTest>
    <UnitTest name="WhenToStringCalled_ShouldReturnSameQuery (select 1 as X from #A.entities())" storage="/home/runner/work/musoq/musoq/musoq.evaluator.tests/bin/debug/net8.0/musoq.evaluator.tests.dll" id="d6a562b4-7da3-0142-ceb0-476af5435696">
      <Execution id="1102afea-423a-4e37-8174-89cef4f7b4fb" />
      <TestMethod codeBase="/home/runner/work/Musoq/Musoq/Musoq.Evaluator.Tests/bin/Debug/net8.0/Musoq.Evaluator.Tests.dll" adapterTypeName="executor://mstestadapter/v2" className="Musoq.Evaluator.Tests.StringifyTests" name="WhenToStringCalled_ShouldReturnSameQuery" />
    </UnitTest>
    <UnitTest name="WhenQuoteUsed_MustNotThrow" storage="/home/runner/work/musoq/musoq/musoq.evaluator.tests/bin/debug/net8.0/musoq.evaluator.tests.dll" id="1e3497bf-58e0-8ee0-48a7-d11c65687b0b">
      <Execution id="b49c80cc-971f-482d-9484-fc2612562da8" />
      <TestMethod codeBase="/home/runner/work/Musoq/Musoq/Musoq.Evaluator.Tests/bin/Debug/net8.0/Musoq.Evaluator.Tests.dll" adapterTypeName="executor://mstestadapter/v2" className="Musoq.Evaluator.Tests.StringsTests" name="WhenQuoteUsed_MustNotThrow" />
    </UnitTest>
    <UnitTest name="WhenDecimalWithDotUsed_ShouldHaveColumnOfThatType" storage="/home/runner/work/musoq/musoq/musoq.evaluator.tests/bin/debug/net8.0/musoq.evaluator.tests.dll" id="51f55c23-d875-0e1c-81d9-d62e35aaab1d">
      <Execution id="34bec76a-b6f1-4caa-817e-78851512160e" />
      <TestMethod codeBase="/home/runner/work/Musoq/Musoq/Musoq.Evaluator.Tests/bin/Debug/net8.0/Musoq.Evaluator.Tests.dll" adapterTypeName="executor://mstestadapter/v2" className="Musoq.Evaluator.Tests.NumericLiteralTypesTests" name="WhenDecimalWithDotUsed_ShouldHaveColumnOfThatType" />
    </UnitTest>
    <UnitTest name="WhenUShortAndShortUsed_ShouldHaveColumnOfThatType" storage="/home/runner/work/musoq/musoq/musoq.evaluator.tests/bin/debug/net8.0/musoq.evaluator.tests.dll" id="4270268e-8cfd-56c9-86b9-11acde4f6e5e">
      <Execution id="3a863005-9afe-4f5c-b013-f2daa19fe7c4" />
      <TestMethod codeBase="/home/runner/work/Musoq/Musoq/Musoq.Evaluator.Tests/bin/Debug/net8.0/Musoq.Evaluator.Tests.dll" adapterTypeName="executor://mstestadapter/v2" className="Musoq.Evaluator.Tests.ArithmeticForCrossTypesTests" name="WhenUShortAndShortUsed_ShouldHaveColumnOfThatType" />
    </UnitTest>
    <UnitTest name="WhenBitwiseXorBetweenShortAndByte_ShouldBeEvaluated" storage="/home/runner/work/musoq/musoq/musoq.evaluator.tests/bin/debug/net8.0/musoq.evaluator.tests.dll" id="f3f2bb48-8194-d0ce-e03c-646d35f5016b">
      <Execution id="851bec64-f5ba-4e23-b1a6-ea2a9e4a0ecf" />
      <TestMethod codeBase="/home/runner/work/Musoq/Musoq/Musoq.Evaluator.Tests/bin/Debug/net8.0/Musoq.Evaluator.Tests.dll" adapterTypeName="executor://mstestadapter/v2" className="Musoq.Evaluator.Tests.BitwiseOperationsXorTests" name="WhenBitwiseXorBetweenShortAndByte_ShouldBeEvaluated" />
    </UnitTest>
    <UnitTest name="WhenDecimalAndSByteUsed_ShouldHaveColumnOfThatType" storage="/home/runner/work/musoq/musoq/musoq.evaluator.tests/bin/debug/net8.0/musoq.evaluator.tests.dll" id="bc32e115-418b-86fe-6873-f6ff95fd0205">
      <Execution id="44af5a79-9f2b-4835-980a-f7d7619c07b2" />
      <TestMethod codeBase="/home/runner/work/Musoq/Musoq/Musoq.Evaluator.Tests/bin/Debug/net8.0/Musoq.Evaluator.Tests.dll" adapterTypeName="executor://mstestadapter/v2" className="Musoq.Evaluator.Tests.ArithmeticForCrossTypesTests" name="WhenDecimalAndSByteUsed_ShouldHaveColumnOfThatType" />
    </UnitTest>
    <UnitTest name="WhenLargeLongUsed_ShouldHaveColumnOfThatType" storage="/home/runner/work/musoq/musoq/musoq.evaluator.tests/bin/debug/net8.0/musoq.evaluator.tests.dll" id="a4fca912-fe7d-1520-0d86-816d60532433">
      <Execution id="2228f81e-6ebf-4e83-baa7-15facfccf515" />
      <TestMethod codeBase="/home/runner/work/Musoq/Musoq/Musoq.Evaluator.Tests/bin/Debug/net8.0/Musoq.Evaluator.Tests.dll" adapterTypeName="executor://mstestadapter/v2" className="Musoq.Evaluator.Tests.NumericLiteralTypesTests" name="WhenLargeLongUsed_ShouldHaveColumnOfThatType" />
    </UnitTest>
    <UnitTest name="SubtractDateTimeOffsets_MinusOperatorTest" storage="/home/runner/work/musoq/musoq/musoq.evaluator.tests/bin/debug/net8.0/musoq.evaluator.tests.dll" id="af9d496d-00b0-4455-08f7-3f250eeed457">
      <Execution id="1cfc1bfb-1c83-4995-abf2-4a722a752d62" />
      <TestMethod codeBase="/home/runner/work/Musoq/Musoq/Musoq.Evaluator.Tests/bin/Debug/net8.0/Musoq.Evaluator.Tests.dll" adapterTypeName="executor://mstestadapter/v2" className="Musoq.Evaluator.Tests.DateTimeOffsetTests" name="SubtractDateTimeOffsets_MinusOperatorTest" />
    </UnitTest>
    <UnitTest name="CaseWhenWithEmptyStringTest" storage="/home/runner/work/musoq/musoq/musoq.evaluator.tests/bin/debug/net8.0/musoq.evaluator.tests.dll" id="bb668c6b-3bb8-efe3-597f-d4b42a5425ee">
      <Execution id="f3943693-8686-4279-a782-e8ca1b9c73ad" />
      <TestMethod codeBase="/home/runner/work/Musoq/Musoq/Musoq.Evaluator.Tests/bin/Debug/net8.0/Musoq.Evaluator.Tests.dll" adapterTypeName="executor://mstestadapter/v2" className="Musoq.Evaluator.Tests.SingleSchemaEvaluatorTests" name="CaseWhenWithEmptyStringTest" />
    </UnitTest>
    <UnitTest name="DictionaryAccess_ValidKey_ShouldReturnValue" storage="/home/runner/work/musoq/musoq/musoq.evaluator.tests/bin/debug/net8.0/musoq.evaluator.tests.dll" id="d03ed7f1-6058-73d3-b50b-c4d4232771ef">
      <Execution id="a9f10c43-0221-43a2-b3ed-b3e8f5253458" />
      <TestMethod codeBase="/home/runner/work/Musoq/Musoq/Musoq.Evaluator.Tests/bin/Debug/net8.0/Musoq.Evaluator.Tests.dll" adapterTypeName="executor://mstestadapter/v2" className="Musoq.Evaluator.Tests.ArrayAccessEdgeCaseTests" name="DictionaryAccess_ValidKey_ShouldReturnValue" />
    </UnitTest>
    <UnitTest name="GroupByWithCaseWhenAsGroupingResultFunctionTest" storage="/home/runner/work/musoq/musoq/musoq.evaluator.tests/bin/debug/net8.0/musoq.evaluator.tests.dll" id="605b037c-8413-9ab1-820c-f33a967db249">
      <Execution id="f1c99a20-c8a2-4b29-b7a9-da12a944c9be" />
      <TestMethod codeBase="/home/runner/work/Musoq/Musoq/Musoq.Evaluator.Tests/bin/Debug/net8.0/Musoq.Evaluator.Tests.dll" adapterTypeName="executor://mstestadapter/v2" className="Musoq.Evaluator.Tests.GroupByTests" name="GroupByWithCaseWhenAsGroupingResultFunctionTest" />
    </UnitTest>
    <UnitTest name="WhenBitwiseOrBetweenUlongAndUshort_ShouldBeEvaluated" storage="/home/runner/work/musoq/musoq/musoq.evaluator.tests/bin/debug/net8.0/musoq.evaluator.tests.dll" id="3b856f57-0977-95bb-f589-b5561d8c80c4">
      <Execution id="a029fee6-bafd-4de8-b93b-6b1801a2a6b4" />
      <TestMethod codeBase="/home/runner/work/Musoq/Musoq/Musoq.Evaluator.Tests/bin/Debug/net8.0/Musoq.Evaluator.Tests.dll" adapterTypeName="executor://mstestadapter/v2" className="Musoq.Evaluator.Tests.BitwiseOperationsOrTests" name="WhenBitwiseOrBetweenUlongAndUshort_ShouldBeEvaluated" />
    </UnitTest>
    <UnitTest name="WhenToStringCalled_ShouldReturnSameQuery (select s.Column1, s.Column2 from #some.thing() s skip 10)" storage="/home/runner/work/musoq/musoq/musoq.evaluator.tests/bin/debug/net8.0/musoq.evaluator.tests.dll" id="c85af1d4-e00d-fa81-374d-b251bef6aa13">
      <Execution id="55c05c1c-37bc-4668-9e87-cd55141c3396" />
      <TestMethod codeBase="/home/runner/work/Musoq/Musoq/Musoq.Evaluator.Tests/bin/Debug/net8.0/Musoq.Evaluator.Tests.dll" adapterTypeName="executor://mstestadapter/v2" className="Musoq.Evaluator.Tests.StringifyTests" name="WhenToStringCalled_ShouldReturnSameQuery" />
    </UnitTest>
    <UnitTest name="WhenMissingAliasButBothObjectsAreTheSame_ShouldNotThrow" storage="/home/runner/work/musoq/musoq/musoq.evaluator.tests/bin/debug/net8.0/musoq.evaluator.tests.dll" id="7f165e1a-4ace-06c5-d9a9-d96a37a4dd88">
      <Execution id="886b2417-457a-44e0-a2aa-621aeff0dafa" />
      <TestMethod codeBase="/home/runner/work/Musoq/Musoq/Musoq.Evaluator.Tests/bin/Debug/net8.0/Musoq.Evaluator.Tests.dll" adapterTypeName="executor://mstestadapter/v2" className="Musoq.Evaluator.Tests.MultipleSchemasEvaluatorTests" name="WhenMissingAliasButBothObjectsAreTheSame_ShouldNotThrow" />
    </UnitTest>
    <UnitTest name="WhenOrderByMultipleColumnsBothDesc_ShouldSucceed" storage="/home/runner/work/musoq/musoq/musoq.evaluator.tests/bin/debug/net8.0/musoq.evaluator.tests.dll" id="2339714b-3a37-b747-0306-b4aca9f6af32">
      <Execution id="cad3bf35-d2a0-4add-8abe-f104d3ccffe1" />
      <TestMethod codeBase="/home/runner/work/Musoq/Musoq/Musoq.Evaluator.Tests/bin/Debug/net8.0/Musoq.Evaluator.Tests.dll" adapterTypeName="executor://mstestadapter/v2" className="Musoq.Evaluator.Tests.OrderByTests" name="WhenOrderByMultipleColumnsBothDesc_ShouldSucceed" />
    </UnitTest>
    <UnitTest name="WhenBitwiseXorBetweenUlongAndUint_ShouldBeEvaluated" storage="/home/runner/work/musoq/musoq/musoq.evaluator.tests/bin/debug/net8.0/musoq.evaluator.tests.dll" id="be633a48-7c45-6e69-a630-72823852a1e8">
      <Execution id="3c837a26-4249-4eae-bde1-71d4b5cb5b1f" />
      <TestMethod codeBase="/home/runner/work/Musoq/Musoq/Musoq.Evaluator.Tests/bin/Debug/net8.0/Musoq.Evaluator.Tests.dll" adapterTypeName="executor://mstestadapter/v2" className="Musoq.Evaluator.Tests.BitwiseOperationsXorTests" name="WhenBitwiseXorBetweenUlongAndUint_ShouldBeEvaluated" />
    </UnitTest>
    <UnitTest name="WhenToStringCalled_ShouldReturnSameQuery (select s.Column1, s.Column2 from #some.thing() s where s.Column2 &lt;&gt; 'Example' take 3)" storage="/home/runner/work/musoq/musoq/musoq.evaluator.tests/bin/debug/net8.0/musoq.evaluator.tests.dll" id="a58c51f0-b425-f775-c58d-ee4d00416db3">
      <Execution id="0af024f2-f56b-4728-a109-6270d276df80" />
      <TestMethod codeBase="/home/runner/work/Musoq/Musoq/Musoq.Evaluator.Tests/bin/Debug/net8.0/Musoq.Evaluator.Tests.dll" adapterTypeName="executor://mstestadapter/v2" className="Musoq.Evaluator.Tests.StringifyTests" name="WhenToStringCalled_ShouldReturnSameQuery" />
    </UnitTest>
    <UnitTest name="WhenRowNumberWithWhereTest_ShouldPass" storage="/home/runner/work/musoq/musoq/musoq.evaluator.tests/bin/debug/net8.0/musoq.evaluator.tests.dll" id="ca61e454-dc1e-af84-d00f-e6cb4fb3c628">
      <Execution id="5d698e1d-bb88-44ea-92be-e68667afd9ef" />
      <TestMethod codeBase="/home/runner/work/Musoq/Musoq/Musoq.Evaluator.Tests/bin/Debug/net8.0/Musoq.Evaluator.Tests.dll" adapterTypeName="executor://mstestadapter/v2" className="Musoq.Evaluator.Tests.RowNumberTests" name="WhenRowNumberWithWhereTest_ShouldPass" />
    </UnitTest>
    <UnitTest name="WhenLongAndSByteUsed_ShouldHaveColumnOfThatType" storage="/home/runner/work/musoq/musoq/musoq.evaluator.tests/bin/debug/net8.0/musoq.evaluator.tests.dll" id="6ebc5baa-3238-991d-5e2d-f8896ec37d0b">
      <Execution id="689f2b35-8194-450a-95ea-a89c2032d5f2" />
      <TestMethod codeBase="/home/runner/work/Musoq/Musoq/Musoq.Evaluator.Tests/bin/Debug/net8.0/Musoq.Evaluator.Tests.dll" adapterTypeName="executor://mstestadapter/v2" className="Musoq.Evaluator.Tests.ArithmeticForCrossTypesTests" name="WhenLongAndSByteUsed_ShouldHaveColumnOfThatType" />
    </UnitTest>
    <UnitTest name="WhenColumnsUsedAsSourceOfMethod_ShouldPass" storage="/home/runner/work/musoq/musoq/musoq.evaluator.tests/bin/debug/net8.0/musoq.evaluator.tests.dll" id="e332c603-ccf9-2a7e-8993-57d1f897d642">
      <Execution id="2628cf30-4cf0-4582-8c9c-d5266b08ff16" />
      <TestMethod codeBase="/home/runner/work/Musoq/Musoq/Musoq.Evaluator.Tests/bin/Debug/net8.0/Musoq.Evaluator.Tests.dll" adapterTypeName="executor://mstestadapter/v2" className="Musoq.Evaluator.Tests.UsedColumnsTests" name="WhenColumnsUsedAsSourceOfMethod_ShouldPass" />
    </UnitTest>
    <UnitTest name="WhenBitwiseOrBetweenUIntAndULong_ShouldBeEvaluated" storage="/home/runner/work/musoq/musoq/musoq.evaluator.tests/bin/debug/net8.0/musoq.evaluator.tests.dll" id="7dc3c187-6a7d-ad06-5406-bdee81296bd5">
      <Execution id="0dffda84-351f-4743-a97f-9c4dfdba0216" />
      <TestMethod codeBase="/home/runner/work/Musoq/Musoq/Musoq.Evaluator.Tests/bin/Debug/net8.0/Musoq.Evaluator.Tests.dll" adapterTypeName="executor://mstestadapter/v2" className="Musoq.Evaluator.Tests.BitwiseOperationsOrTests" name="WhenBitwiseOrBetweenUIntAndULong_ShouldBeEvaluated" />
    </UnitTest>
    <UnitTest name="WhenToStringCalled_ShouldReturnSameQuery (table Example { Id 'System.Int32' };)" storage="/home/runner/work/musoq/musoq/musoq.evaluator.tests/bin/debug/net8.0/musoq.evaluator.tests.dll" id="f0f1f37f-8c43-468d-2e87-9c7673d91531">
      <Execution id="95375412-3324-4279-aef0-808c8a6f21e4" />
      <TestMethod codeBase="/home/runner/work/Musoq/Musoq/Musoq.Evaluator.Tests/bin/Debug/net8.0/Musoq.Evaluator.Tests.dll" adapterTypeName="executor://mstestadapter/v2" className="Musoq.Evaluator.Tests.StringifyTests" name="WhenToStringCalled_ShouldReturnSameQuery" />
    </UnitTest>
    <UnitTest name="WhenTwoTablesAreCoupledWithSchemas_ShouldHaveAppropriateTypesTest" storage="/home/runner/work/musoq/musoq/musoq.evaluator.tests/bin/debug/net8.0/musoq.evaluator.tests.dll" id="9885dfbe-fae7-a381-a6b1-db92c0933c79">
      <Execution id="0eb7561f-c522-4c71-90c2-36b7c14a0254" />
      <TestMethod codeBase="/home/runner/work/Musoq/Musoq/Musoq.Evaluator.Tests/bin/Debug/net8.0/Musoq.Evaluator.Tests.dll" adapterTypeName="executor://mstestadapter/v2" className="Musoq.Evaluator.Tests.CouplingSyntaxTests" name="WhenTwoTablesAreCoupledWithSchemas_ShouldHaveAppropriateTypesTest" />
    </UnitTest>
    <UnitTest name="WhenBitwiseXorBetweenIntAndInt_ShouldBeEvaluated" storage="/home/runner/work/musoq/musoq/musoq.evaluator.tests/bin/debug/net8.0/musoq.evaluator.tests.dll" id="d1029b6c-2d18-cf49-aff8-c8b98c40d82d">
      <Execution id="67fba434-afba-4e01-a3f6-55293f3d07ae" />
      <TestMethod codeBase="/home/runner/work/Musoq/Musoq/Musoq.Evaluator.Tests/bin/Debug/net8.0/Musoq.Evaluator.Tests.dll" adapterTypeName="executor://mstestadapter/v2" className="Musoq.Evaluator.Tests.BitwiseOperationsXorTests" name="WhenBitwiseXorBetweenIntAndInt_ShouldBeEvaluated" />
    </UnitTest>
    <UnitTest name="WhenOrderByClauseWithOperation_ShouldSucceed" storage="/home/runner/work/musoq/musoq/musoq.evaluator.tests/bin/debug/net8.0/musoq.evaluator.tests.dll" id="e3f59b12-c5f4-2b44-85b8-be03f513d9f8">
      <Execution id="da75aa45-c985-4314-8d1c-5df303758d16" />
      <TestMethod codeBase="/home/runner/work/Musoq/Musoq/Musoq.Evaluator.Tests/bin/Debug/net8.0/Musoq.Evaluator.Tests.dll" adapterTypeName="executor://mstestadapter/v2" className="Musoq.Evaluator.Tests.OrderByTests" name="WhenOrderByClauseWithOperation_ShouldSucceed" />
    </UnitTest>
    <UnitTest name="WhenBitwiseOrBetweenLongAndUInt_ShouldBeEvaluated" storage="/home/runner/work/musoq/musoq/musoq.evaluator.tests/bin/debug/net8.0/musoq.evaluator.tests.dll" id="74eadaa3-a115-2bce-4b6e-d331646a96ea">
      <Execution id="62a01994-bcf6-4f6c-95b3-5e986d2b640f" />
      <TestMethod codeBase="/home/runner/work/Musoq/Musoq/Musoq.Evaluator.Tests/bin/Debug/net8.0/Musoq.Evaluator.Tests.dll" adapterTypeName="executor://mstestadapter/v2" className="Musoq.Evaluator.Tests.BitwiseOperationsOrTests" name="WhenBitwiseOrBetweenLongAndUInt_ShouldBeEvaluated" />
    </UnitTest>
    <UnitTest name="ExceptWithSkipTripleSourcesTest" storage="/home/runner/work/musoq/musoq/musoq.evaluator.tests/bin/debug/net8.0/musoq.evaluator.tests.dll" id="e1768ff5-4ead-02e8-a8ac-9bd0e9e6d0a7">
      <Execution id="3d08bdcc-247f-4cd3-a0a6-67508bc13603" />
      <TestMethod codeBase="/home/runner/work/Musoq/Musoq/Musoq.Evaluator.Tests/bin/Debug/net8.0/Musoq.Evaluator.Tests.dll" adapterTypeName="executor://mstestadapter/v2" className="Musoq.Evaluator.Tests.SetsOperatorsTests" name="ExceptWithSkipTripleSourcesTest" />
    </UnitTest>
    <UnitTest name="MultipleUnionAllWithSkipTest" storage="/home/runner/work/musoq/musoq/musoq.evaluator.tests/bin/debug/net8.0/musoq.evaluator.tests.dll" id="9c4fd82c-e9d4-27ad-5486-6504fd1d1201">
      <Execution id="588d3ee7-c9a6-4a2d-939b-51ab361847bd" />
      <TestMethod codeBase="/home/runner/work/Musoq/Musoq/Musoq.Evaluator.Tests/bin/Debug/net8.0/Musoq.Evaluator.Tests.dll" adapterTypeName="executor://mstestadapter/v2" className="Musoq.Evaluator.Tests.SetsOperatorsTests" name="MultipleUnionAllWithSkipTest" />
    </UnitTest>
    <UnitTest name="WhenBitwiseOrBetweenSbyteAndUint_ShouldBeEvaluated" storage="/home/runner/work/musoq/musoq/musoq.evaluator.tests/bin/debug/net8.0/musoq.evaluator.tests.dll" id="5ae5b2f5-7d03-0c3c-de21-26ef1b8d13b9">
      <Execution id="93764234-fa1c-422f-a978-600d782f452a" />
      <TestMethod codeBase="/home/runner/work/Musoq/Musoq/Musoq.Evaluator.Tests/bin/Debug/net8.0/Musoq.Evaluator.Tests.dll" adapterTypeName="executor://mstestadapter/v2" className="Musoq.Evaluator.Tests.BitwiseOperationsOrTests" name="WhenBitwiseOrBetweenSbyteAndUint_ShouldBeEvaluated" />
    </UnitTest>
    <UnitTest name="WhenOrderByDescColumn_ShouldSucceed" storage="/home/runner/work/musoq/musoq/musoq.evaluator.tests/bin/debug/net8.0/musoq.evaluator.tests.dll" id="b74899a7-755b-bb81-01d5-49ad0d40b58c">
      <Execution id="2c6867c4-198f-4bde-b2ea-6fa7c3fba3f2" />
      <TestMethod codeBase="/home/runner/work/Musoq/Musoq/Musoq.Evaluator.Tests/bin/Debug/net8.0/Musoq.Evaluator.Tests.dll" adapterTypeName="executor://mstestadapter/v2" className="Musoq.Evaluator.Tests.OrderByTests" name="WhenOrderByDescColumn_ShouldSucceed" />
    </UnitTest>
    <UnitTest name="WhenDecimalMethodCallAndShortUsed_ShouldHaveColumnOfThatType" storage="/home/runner/work/musoq/musoq/musoq.evaluator.tests/bin/debug/net8.0/musoq.evaluator.tests.dll" id="65e54b81-0287-bf37-60c4-7062db86d0fe">
      <Execution id="c29366b1-84df-40f9-a69f-1cd193385a8d" />
      <TestMethod codeBase="/home/runner/work/Musoq/Musoq/Musoq.Evaluator.Tests/bin/Debug/net8.0/Musoq.Evaluator.Tests.dll" adapterTypeName="executor://mstestadapter/v2" className="Musoq.Evaluator.Tests.ArithmeticForMethodCallAndTypeSpecificOperationTests" name="WhenDecimalMethodCallAndShortUsed_ShouldHaveColumnOfThatType" />
    </UnitTest>
    <UnitTest name="WhenCrossApplyAndMethodWithOneParameterAndExplicitParameterUsed_ShouldPass" storage="/home/runner/work/musoq/musoq/musoq.evaluator.tests/bin/debug/net8.0/musoq.evaluator.tests.dll" id="5209d80b-ff9d-0a8a-5c47-98f9e4779d4d">
      <Execution id="85a9d7f1-46aa-49d9-a14d-a3e732a133e1" />
      <TestMethod codeBase="/home/runner/work/Musoq/Musoq/Musoq.Evaluator.Tests/bin/Debug/net8.0/Musoq.Evaluator.Tests.dll" adapterTypeName="executor://mstestadapter/v2" className="Musoq.Evaluator.Tests.CrossApplyCteTests" name="WhenCrossApplyAndMethodWithOneParameterAndExplicitParameterUsed_ShouldPass" />
    </UnitTest>
    <UnitTest name="WhenToStringCalled_ShouldReturnSameQuery (select b.* from #some.thing() a cross apply a.TestMethod(a.Column) b)" storage="/home/runner/work/musoq/musoq/musoq.evaluator.tests/bin/debug/net8.0/musoq.evaluator.tests.dll" id="e09ced12-3223-6291-f7f5-7fc1d2956a91">
      <Execution id="a82447ae-b361-49ad-a3aa-cab4f47cdfbc" />
      <TestMethod codeBase="/home/runner/work/Musoq/Musoq/Musoq.Evaluator.Tests/bin/Debug/net8.0/Musoq.Evaluator.Tests.dll" adapterTypeName="executor://mstestadapter/v2" className="Musoq.Evaluator.Tests.StringifyTests" name="WhenToStringCalled_ShouldReturnSameQuery" />
    </UnitTest>
    <UnitTest name="WhenSpecialCharacterStartBracketUsedInTextWith_MustNotThrow ($)" storage="/home/runner/work/musoq/musoq/musoq.evaluator.tests/bin/debug/net8.0/musoq.evaluator.tests.dll" id="ee4b87f7-768a-c6f4-e000-c8381cc40792">
      <Execution id="21fa9601-6b80-409d-ac00-a5422643be4f" />
      <TestMethod codeBase="/home/runner/work/Musoq/Musoq/Musoq.Evaluator.Tests/bin/Debug/net8.0/Musoq.Evaluator.Tests.dll" adapterTypeName="executor://mstestadapter/v2" className="Musoq.Evaluator.Tests.StringsTests" name="WhenSpecialCharacterStartBracketUsedInTextWith_MustNotThrow" />
    </UnitTest>
    <UnitTest name="WhenOrderByAfterGroupByMultipleColumnBothDesc_ShouldSucceed" storage="/home/runner/work/musoq/musoq/musoq.evaluator.tests/bin/debug/net8.0/musoq.evaluator.tests.dll" id="c127698a-1420-8317-f27d-ef8140108485">
      <Execution id="1e46d93c-c2f4-4a68-b52f-848463d7703c" />
      <TestMethod codeBase="/home/runner/work/Musoq/Musoq/Musoq.Evaluator.Tests/bin/Debug/net8.0/Musoq.Evaluator.Tests.dll" adapterTypeName="executor://mstestadapter/v2" className="Musoq.Evaluator.Tests.OrderByTests" name="WhenOrderByAfterGroupByMultipleColumnBothDesc_ShouldSucceed" />
    </UnitTest>
    <UnitTest name="MaxTimeSpanTest" storage="/home/runner/work/musoq/musoq/musoq.evaluator.tests/bin/debug/net8.0/musoq.evaluator.tests.dll" id="73cccb3c-4da4-29c8-bef6-d7473882efa3">
      <Execution id="794bea4b-bdd3-4f02-ad15-148ffd4402da" />
      <TestMethod codeBase="/home/runner/work/Musoq/Musoq/Musoq.Evaluator.Tests/bin/Debug/net8.0/Musoq.Evaluator.Tests.dll" adapterTypeName="executor://mstestadapter/v2" className="Musoq.Evaluator.Tests.TimeSpanTests" name="MaxTimeSpanTest" />
    </UnitTest>
    <UnitTest name="WhenSpecialCharacterStartBracketUsedInTextWith_MustNotThrow (@)" storage="/home/runner/work/musoq/musoq/musoq.evaluator.tests/bin/debug/net8.0/musoq.evaluator.tests.dll" id="b3a66da1-aea0-10c7-03ca-d3107978116c">
      <Execution id="daae1894-a885-446b-bd6d-b66bc5250cd4" />
      <TestMethod codeBase="/home/runner/work/Musoq/Musoq/Musoq.Evaluator.Tests/bin/Debug/net8.0/Musoq.Evaluator.Tests.dll" adapterTypeName="executor://mstestadapter/v2" className="Musoq.Evaluator.Tests.StringsTests" name="WhenSpecialCharacterStartBracketUsedInTextWith_MustNotThrow" />
    </UnitTest>
    <UnitTest name="WhenBitwiseShiftRightInt_ShouldBeEvaluated" storage="/home/runner/work/musoq/musoq/musoq.evaluator.tests/bin/debug/net8.0/musoq.evaluator.tests.dll" id="21c042bd-1082-ac78-22c0-9c7824c77da9">
      <Execution id="179b8017-56ea-4d5d-a3cd-96f2d4716366" />
      <TestMethod codeBase="/home/runner/work/Musoq/Musoq/Musoq.Evaluator.Tests/bin/Debug/net8.0/Musoq.Evaluator.Tests.dll" adapterTypeName="executor://mstestadapter/v2" className="Musoq.Evaluator.Tests.BitwiseShiftRightTests" name="WhenBitwiseShiftRightInt_ShouldBeEvaluated" />
    </UnitTest>
    <UnitTest name="SimpleSkipTest" storage="/home/runner/work/musoq/musoq/musoq.evaluator.tests/bin/debug/net8.0/musoq.evaluator.tests.dll" id="5a0bd13f-de50-d9d0-42d6-8c359a6c6c43">
      <Execution id="f9c77984-0b97-4dae-ace0-6fdf288c3e27" />
      <TestMethod codeBase="/home/runner/work/Musoq/Musoq/Musoq.Evaluator.Tests/bin/Debug/net8.0/Musoq.Evaluator.Tests.dll" adapterTypeName="executor://mstestadapter/v2" className="Musoq.Evaluator.Tests.SingleSchemaEvaluatorTests" name="SimpleSkipTest" />
    </UnitTest>
    <UnitTest name="WhenUIntMethodCallAndULongUsed_ShouldHaveColumnOfThatType" storage="/home/runner/work/musoq/musoq/musoq.evaluator.tests/bin/debug/net8.0/musoq.evaluator.tests.dll" id="0a218336-a74f-7d09-021f-593fc75e166a">
      <Execution id="c7168b39-62c8-4548-807b-8b1fc2cfd1a6" />
      <TestMethod codeBase="/home/runner/work/Musoq/Musoq/Musoq.Evaluator.Tests/bin/Debug/net8.0/Musoq.Evaluator.Tests.dll" adapterTypeName="executor://mstestadapter/v2" className="Musoq.Evaluator.Tests.ArithmeticForMethodCallAndTypeSpecificOperationTests" name="WhenUIntMethodCallAndULongUsed_ShouldHaveColumnOfThatType" />
    </UnitTest>
    <UnitTest name="PassInferredColumnsTest" storage="/home/runner/work/musoq/musoq/musoq.evaluator.tests/bin/debug/net8.0/musoq.evaluator.tests.dll" id="bc3dd20f-aada-043f-9894-5ace2419f40a">
      <Execution id="31aed42e-2f1c-4de5-aadf-289d170f1f52" />
      <TestMethod codeBase="/home/runner/work/Musoq/Musoq/Musoq.Evaluator.Tests/bin/Debug/net8.0/Musoq.Evaluator.Tests.dll" adapterTypeName="executor://mstestadapter/v2" className="Musoq.Evaluator.Tests.PassInferredColumnsTests" name="PassInferredColumnsTest" />
    </UnitTest>
    <UnitTest name="WhenResolvedMethodIsGenericWithInjectSpecificSourceAttribute_ShouldConcretizeItAccordingly" storage="/home/runner/work/musoq/musoq/musoq.evaluator.tests/bin/debug/net8.0/musoq.evaluator.tests.dll" id="112884a8-ed6a-c954-ce42-9ac70ec96d28">
      <Execution id="a29ce7d9-de0e-4956-beaf-bb1af75fd79d" />
      <TestMethod codeBase="/home/runner/work/Musoq/Musoq/Musoq.Evaluator.Tests/bin/Debug/net8.0/Musoq.Evaluator.Tests.dll" adapterTypeName="executor://mstestadapter/v2" className="Musoq.Evaluator.Tests.GenericTests" name="WhenResolvedMethodIsGenericWithInjectSpecificSourceAttribute_ShouldConcretizeItAccordingly" />
    </UnitTest>
    <UnitTest name="ArithmeticOpsGreaterEqualTest" storage="/home/runner/work/musoq/musoq/musoq.evaluator.tests/bin/debug/net8.0/musoq.evaluator.tests.dll" id="757a4846-ce34-a835-7c39-97fbbaddbf58">
      <Execution id="6e77d79d-bbc8-42bd-9ef3-82704a334b59" />
      <TestMethod codeBase="/home/runner/work/Musoq/Musoq/Musoq.Evaluator.Tests/bin/Debug/net8.0/Musoq.Evaluator.Tests.dll" adapterTypeName="executor://mstestadapter/v2" className="Musoq.Evaluator.Tests.ComparisonTests" name="ArithmeticOpsGreaterEqualTest" />
    </UnitTest>
    <UnitTest name="WhenLargeShortUsed_ShouldHaveColumnOfThatType" storage="/home/runner/work/musoq/musoq/musoq.evaluator.tests/bin/debug/net8.0/musoq.evaluator.tests.dll" id="7f979e8c-1d8e-6ead-9dec-a6f6ade28aa3">
      <Execution id="27b698f7-bf60-4b10-b7cb-8b8a44455ec6" />
      <TestMethod codeBase="/home/runner/work/Musoq/Musoq/Musoq.Evaluator.Tests/bin/Debug/net8.0/Musoq.Evaluator.Tests.dll" adapterTypeName="executor://mstestadapter/v2" className="Musoq.Evaluator.Tests.NumericLiteralTypesTests" name="WhenLargeShortUsed_ShouldHaveColumnOfThatType" />
    </UnitTest>
    <UnitTest name="WhenDoubleAndShortUsed_ShouldHaveColumnOfThatType" storage="/home/runner/work/musoq/musoq/musoq.evaluator.tests/bin/debug/net8.0/musoq.evaluator.tests.dll" id="d5502c3f-846a-7a2a-8a7c-7daedbcc9390">
      <Execution id="d5d0d78f-ad34-46fa-95f4-51b970b74b5b" />
      <TestMethod codeBase="/home/runner/work/Musoq/Musoq/Musoq.Evaluator.Tests/bin/Debug/net8.0/Musoq.Evaluator.Tests.dll" adapterTypeName="executor://mstestadapter/v2" className="Musoq.Evaluator.Tests.ArithmeticForCrossTypesTests" name="WhenDoubleAndShortUsed_ShouldHaveColumnOfThatType" />
    </UnitTest>
    <UnitTest name="OuterApplyProperty_NoMatch_ShouldPass" storage="/home/runner/work/musoq/musoq/musoq.evaluator.tests/bin/debug/net8.0/musoq.evaluator.tests.dll" id="e40df5be-de09-2a10-1c19-af7767d65bec">
      <Execution id="df151d3b-efce-4948-bba1-2b41b6123612" />
      <TestMethod codeBase="/home/runner/work/Musoq/Musoq/Musoq.Evaluator.Tests/bin/Debug/net8.0/Musoq.Evaluator.Tests.dll" adapterTypeName="executor://mstestadapter/v2" className="Musoq.Evaluator.Tests.OuterApplySelfPropertyTests" name="OuterApplyProperty_NoMatch_ShouldPass" />
    </UnitTest>
    <UnitTest name="InWithArgumentFromSourceOperator" storage="/home/runner/work/musoq/musoq/musoq.evaluator.tests/bin/debug/net8.0/musoq.evaluator.tests.dll" id="4e9e82c6-7a69-28bd-43d5-7c4bb2b4ac59">
      <Execution id="a14f7ac9-78af-4eea-8102-bde291da9d15" />
      <TestMethod codeBase="/home/runner/work/Musoq/Musoq/Musoq.Evaluator.Tests/bin/Debug/net8.0/Musoq.Evaluator.Tests.dll" adapterTypeName="executor://mstestadapter/v2" className="Musoq.Evaluator.Tests.InTests" name="InWithArgumentFromSourceOperator" />
    </UnitTest>
    <UnitTest name="WhenLargeNegativeDecimalWithDotAndSuffixUsed_ShouldHaveColumnOfThatType" storage="/home/runner/work/musoq/musoq/musoq.evaluator.tests/bin/debug/net8.0/musoq.evaluator.tests.dll" id="ce97ea14-00c5-563c-a630-d8acfffaf340">
      <Execution id="7f305dd7-ef82-4508-a02f-464d415573a9" />
      <TestMethod codeBase="/home/runner/work/Musoq/Musoq/Musoq.Evaluator.Tests/bin/Debug/net8.0/Musoq.Evaluator.Tests.dll" adapterTypeName="executor://mstestadapter/v2" className="Musoq.Evaluator.Tests.NumericLiteralTypesTests" name="WhenLargeNegativeDecimalWithDotAndSuffixUsed_ShouldHaveColumnOfThatType" />
    </UnitTest>
    <UnitTest name="WhenBitwiseNotOnUShort_ShouldBeEvaluated" storage="/home/runner/work/musoq/musoq/musoq.evaluator.tests/bin/debug/net8.0/musoq.evaluator.tests.dll" id="9479bd20-74fd-239b-afa9-a49e18c37d60">
      <Execution id="e744904b-71bb-4bdd-86d0-0e316eefaa3a" />
      <TestMethod codeBase="/home/runner/work/Musoq/Musoq/Musoq.Evaluator.Tests/bin/Debug/net8.0/Musoq.Evaluator.Tests.dll" adapterTypeName="executor://mstestadapter/v2" className="Musoq.Evaluator.Tests.BitwiseOperationsNotTests" name="WhenBitwiseNotOnUShort_ShouldBeEvaluated" />
    </UnitTest>
    <UnitTest name="SimpleNotInOperator" storage="/home/runner/work/musoq/musoq/musoq.evaluator.tests/bin/debug/net8.0/musoq.evaluator.tests.dll" id="7b40d58e-cc6a-40dc-31a3-9810eb779c22">
      <Execution id="6d0a6006-d58f-487c-aec8-8872ae3c61aa" />
      <TestMethod codeBase="/home/runner/work/Musoq/Musoq/Musoq.Evaluator.Tests/bin/Debug/net8.0/Musoq.Evaluator.Tests.dll" adapterTypeName="executor://mstestadapter/v2" className="Musoq.Evaluator.Tests.InTests" name="SimpleNotInOperator" />
    </UnitTest>
    <UnitTest name="MultipleUnionsAllWithDuplicatedKeysTest" storage="/home/runner/work/musoq/musoq/musoq.evaluator.tests/bin/debug/net8.0/musoq.evaluator.tests.dll" id="d034e046-f855-c338-2f16-aea17ecddb5f">
      <Execution id="79823ab1-dc70-42bb-8daf-50e157982153" />
      <TestMethod codeBase="/home/runner/work/Musoq/Musoq/Musoq.Evaluator.Tests/bin/Debug/net8.0/Musoq.Evaluator.Tests.dll" adapterTypeName="executor://mstestadapter/v2" className="Musoq.Evaluator.Tests.SetsOperatorsTests" name="MultipleUnionsAllWithDuplicatedKeysTest" />
    </UnitTest>
    <UnitTest name="WhenBitwiseOrBetweenUshortAndUshort_ShouldBeEvaluated" storage="/home/runner/work/musoq/musoq/musoq.evaluator.tests/bin/debug/net8.0/musoq.evaluator.tests.dll" id="7feb0eb2-8eb8-cab8-a59a-a0d0b511fbdc">
      <Execution id="989ef21f-bbe3-49db-b90f-32a919051b12" />
      <TestMethod codeBase="/home/runner/work/Musoq/Musoq/Musoq.Evaluator.Tests/bin/Debug/net8.0/Musoq.Evaluator.Tests.dll" adapterTypeName="executor://mstestadapter/v2" className="Musoq.Evaluator.Tests.BitwiseOperationsOrTests" name="WhenBitwiseOrBetweenUshortAndUshort_ShouldBeEvaluated" />
    </UnitTest>
    <UnitTest name="CrossApplyProperty_MultipleSplitWords_ShouldPass" storage="/home/runner/work/musoq/musoq/musoq.evaluator.tests/bin/debug/net8.0/musoq.evaluator.tests.dll" id="34f54ee0-9ab0-c6ba-9c5e-92c1a586250e">
      <Execution id="75798e7c-1c13-4f4a-95c9-35046fa39664" />
      <TestMethod codeBase="/home/runner/work/Musoq/Musoq/Musoq.Evaluator.Tests/bin/Debug/net8.0/Musoq.Evaluator.Tests.dll" adapterTypeName="executor://mstestadapter/v2" className="Musoq.Evaluator.Tests.CrossApplyMethodCallTests" name="CrossApplyProperty_MultipleSplitWords_ShouldPass" />
    </UnitTest>
    <UnitTest name="MultipleUnionsWithDuplicatedKeysTest" storage="/home/runner/work/musoq/musoq/musoq.evaluator.tests/bin/debug/net8.0/musoq.evaluator.tests.dll" id="fdc730a9-8977-281e-d635-4da9d4cefb2f">
      <Execution id="1051f7ec-7d25-42b5-821d-a66dd4c70299" />
      <TestMethod codeBase="/home/runner/work/Musoq/Musoq/Musoq.Evaluator.Tests/bin/Debug/net8.0/Musoq.Evaluator.Tests.dll" adapterTypeName="executor://mstestadapter/v2" className="Musoq.Evaluator.Tests.SetsOperatorsTests" name="MultipleUnionsWithDuplicatedKeysTest" />
    </UnitTest>
    <UnitTest name="WhenObjectIsNotArrayAndIndexIsNotNumber_ShouldPass" storage="/home/runner/work/musoq/musoq/musoq.evaluator.tests/bin/debug/net8.0/musoq.evaluator.tests.dll" id="c2e09a2b-4124-499a-cf2b-84ae6e80bb00">
      <Execution id="4962e692-7bdb-4fd4-a53c-c5d0a4d3ca96" />
      <TestMethod codeBase="/home/runner/work/Musoq/Musoq/Musoq.Evaluator.Tests/bin/Debug/net8.0/Musoq.Evaluator.Tests.dll" adapterTypeName="executor://mstestadapter/v2" className="Musoq.Evaluator.Tests.ColumnsTests" name="WhenObjectIsNotArrayAndIndexIsNotNumber_ShouldPass" />
    </UnitTest>
    <UnitTest name="WhenToStringCalled_ShouldReturnSameQuery (select s.Column1, s.Column2 from #some.thing() s where s.Column1 &lt; 20 skip 5)" storage="/home/runner/work/musoq/musoq/musoq.evaluator.tests/bin/debug/net8.0/musoq.evaluator.tests.dll" id="02a805af-b8cd-fdee-d1f0-3f1cd08f9078">
      <Execution id="d62d8466-af81-4b58-9868-a918ea086179" />
      <TestMethod codeBase="/home/runner/work/Musoq/Musoq/Musoq.Evaluator.Tests/bin/Debug/net8.0/Musoq.Evaluator.Tests.dll" adapterTypeName="executor://mstestadapter/v2" className="Musoq.Evaluator.Tests.StringifyTests" name="WhenToStringCalled_ShouldReturnSameQuery" />
    </UnitTest>
    <UnitTest name="WhenLongAndUIntUsed_ShouldHaveColumnOfThatType" storage="/home/runner/work/musoq/musoq/musoq.evaluator.tests/bin/debug/net8.0/musoq.evaluator.tests.dll" id="4cb3608e-5a19-a04d-df34-b44f0a5bfc53">
      <Execution id="5d9a301e-6cde-4b13-8260-5fafed794ea7" />
      <TestMethod codeBase="/home/runner/work/Musoq/Musoq/Musoq.Evaluator.Tests/bin/Debug/net8.0/Musoq.Evaluator.Tests.dll" adapterTypeName="executor://mstestadapter/v2" className="Musoq.Evaluator.Tests.ArithmeticForCrossTypesTests" name="WhenLongAndUIntUsed_ShouldHaveColumnOfThatType" />
    </UnitTest>
    <UnitTest name="IfFunctionEqualityStringTrueTest" storage="/home/runner/work/musoq/musoq/musoq.evaluator.tests/bin/debug/net8.0/musoq.evaluator.tests.dll" id="a3b5f76c-00b8-7896-1241-39c975e8de7a">
      <Execution id="5906b557-c322-4518-b93c-971fa394a76d" />
      <TestMethod codeBase="/home/runner/work/Musoq/Musoq/Musoq.Evaluator.Tests/bin/Debug/net8.0/Musoq.Evaluator.Tests.dll" adapterTypeName="executor://mstestadapter/v2" className="Musoq.Evaluator.Tests.LogicalFunctionsTests" name="IfFunctionEqualityStringTrueTest" />
    </UnitTest>
    <UnitTest name="WhenCompilerMustDecideWhichOneOfTheMethodsUse_ShouldChoseTheSecondOne" storage="/home/runner/work/musoq/musoq/musoq.evaluator.tests/bin/debug/net8.0/musoq.evaluator.tests.dll" id="22f0a50e-639d-8d94-ca58-16e4e091d93d">
      <Execution id="769edecc-535e-4360-8004-0b17013bed83" />
      <TestMethod codeBase="/home/runner/work/Musoq/Musoq/Musoq.Evaluator.Tests/bin/Debug/net8.0/Musoq.Evaluator.Tests.dll" adapterTypeName="executor://mstestadapter/v2" className="Musoq.Evaluator.Tests.MultipleSchemasEvaluatorTests" name="WhenCompilerMustDecideWhichOneOfTheMethodsUse_ShouldChoseTheSecondOne" />
    </UnitTest>
    <UnitTest name="WhenAmbiguousColumnAcrossJoinedDataSetOccurred_ShouldNeedToUseAlias" storage="/home/runner/work/musoq/musoq/musoq.evaluator.tests/bin/debug/net8.0/musoq.evaluator.tests.dll" id="e3e918e5-c1ff-774a-a047-e900f2b91611">
      <Execution id="6a8bdc06-6d3c-471c-8150-1cf4c64eac2c" />
      <TestMethod codeBase="/home/runner/work/Musoq/Musoq/Musoq.Evaluator.Tests/bin/Debug/net8.0/Musoq.Evaluator.Tests.dll" adapterTypeName="executor://mstestadapter/v2" className="Musoq.Evaluator.Tests.AliasTests" name="WhenAmbiguousColumnAcrossJoinedDataSetOccurred_ShouldNeedToUseAlias" />
    </UnitTest>
    <UnitTest name="SimpleSkipTakeTest" storage="/home/runner/work/musoq/musoq/musoq.evaluator.tests/bin/debug/net8.0/musoq.evaluator.tests.dll" id="a1d2823a-fbff-da9f-7bcc-e68c001eb868">
      <Execution id="fb0e3038-5bb0-4c0e-887a-1908c7e97ce9" />
      <TestMethod codeBase="/home/runner/work/Musoq/Musoq/Musoq.Evaluator.Tests/bin/Debug/net8.0/Musoq.Evaluator.Tests.dll" adapterTypeName="executor://mstestadapter/v2" className="Musoq.Evaluator.Tests.SingleSchemaEvaluatorTests" name="SimpleSkipTakeTest" />
    </UnitTest>
    <UnitTest name="WhenIntMethodCallAndShortUsed_ShouldHaveColumnOfThatType" storage="/home/runner/work/musoq/musoq/musoq.evaluator.tests/bin/debug/net8.0/musoq.evaluator.tests.dll" id="97539ee6-e3a7-3a02-ed55-acb2f53bbdce">
      <Execution id="d7fa2c0f-83bc-4822-8f1a-ca5137006f1b" />
      <TestMethod codeBase="/home/runner/work/Musoq/Musoq/Musoq.Evaluator.Tests/bin/Debug/net8.0/Musoq.Evaluator.Tests.dll" adapterTypeName="executor://mstestadapter/v2" className="Musoq.Evaluator.Tests.ArithmeticForMethodCallAndTypeSpecificOperationTests" name="WhenIntMethodCallAndShortUsed_ShouldHaveColumnOfThatType" />
    </UnitTest>
    <UnitTest name="WhenSpecialCharacterStartBracketUsedInTextWith_MustNotThrow ( )" storage="/home/runner/work/musoq/musoq/musoq.evaluator.tests/bin/debug/net8.0/musoq.evaluator.tests.dll" id="0701f05c-2562-b71a-9ed9-47fc547fb859">
      <Execution id="9c2599be-b6c2-448a-a5d4-107459ad94f7" />
      <TestMethod codeBase="/home/runner/work/Musoq/Musoq/Musoq.Evaluator.Tests/bin/Debug/net8.0/Musoq.Evaluator.Tests.dll" adapterTypeName="executor://mstestadapter/v2" className="Musoq.Evaluator.Tests.StringsTests" name="WhenSpecialCharacterStartBracketUsedInTextWith_MustNotThrow" />
    </UnitTest>
    <UnitTest name="WhenIndistinctEnumerableChangesToArray_ShouldPass" storage="/home/runner/work/musoq/musoq/musoq.evaluator.tests/bin/debug/net8.0/musoq.evaluator.tests.dll" id="c605c67d-a5e0-b084-b16f-2cca49149809">
      <Execution id="6cee86d8-f120-44b6-8554-9de5c6b85e55" />
      <TestMethod codeBase="/home/runner/work/Musoq/Musoq/Musoq.Evaluator.Tests/bin/Debug/net8.0/Musoq.Evaluator.Tests.dll" adapterTypeName="executor://mstestadapter/v2" className="Musoq.Evaluator.Tests.GenericTests" name="WhenIndistinctEnumerableChangesToArray_ShouldPass" />
    </UnitTest>
    <UnitTest name="UnionWithoutDuplicatedKeysTest" storage="/home/runner/work/musoq/musoq/musoq.evaluator.tests/bin/debug/net8.0/musoq.evaluator.tests.dll" id="277914ec-01e4-1fbe-0c9e-4aa2691a5f61">
      <Execution id="2e00900b-7a83-41ea-8b99-2248b9104c32" />
      <TestMethod codeBase="/home/runner/work/Musoq/Musoq/Musoq.Evaluator.Tests/bin/Debug/net8.0/Musoq.Evaluator.Tests.dll" adapterTypeName="executor://mstestadapter/v2" className="Musoq.Evaluator.Tests.SetsOperatorsTests" name="UnionWithoutDuplicatedKeysTest" />
    </UnitTest>
    <UnitTest name="WhenOrderByDescendingWithInnerJoinAndGroupBy_ShouldSucceed" storage="/home/runner/work/musoq/musoq/musoq.evaluator.tests/bin/debug/net8.0/musoq.evaluator.tests.dll" id="d8ac30f6-c2fe-89e6-60ae-2d246396d3b1">
      <Execution id="709999d0-f025-4c5e-a614-baa75a82663c" />
      <TestMethod codeBase="/home/runner/work/Musoq/Musoq/Musoq.Evaluator.Tests/bin/Debug/net8.0/Musoq.Evaluator.Tests.dll" adapterTypeName="executor://mstestadapter/v2" className="Musoq.Evaluator.Tests.OrderByTests" name="WhenOrderByDescendingWithInnerJoinAndGroupBy_ShouldSucceed" />
    </UnitTest>
    <UnitTest name="WhenSameAliasUsedInCTEAndMainQuery_ShouldThrow" storage="/home/runner/work/musoq/musoq/musoq.evaluator.tests/bin/debug/net8.0/musoq.evaluator.tests.dll" id="842eda69-cceb-653f-2b96-2b697d295fac">
      <Execution id="e903fa8c-21f6-486f-8bf6-0531ac67fb79" />
      <TestMethod codeBase="/home/runner/work/Musoq/Musoq/Musoq.Evaluator.Tests/bin/Debug/net8.0/Musoq.Evaluator.Tests.dll" adapterTypeName="executor://mstestadapter/v2" className="Musoq.Evaluator.Tests.AliasTests" name="WhenSameAliasUsedInCTEAndMainQuery_ShouldThrow" />
    </UnitTest>
    <UnitTest name="WithDynamicSource_AccessArray_ShouldPass" storage="/home/runner/work/musoq/musoq/musoq.evaluator.tests/bin/debug/net8.0/musoq.evaluator.tests.dll" id="c362c419-f658-251f-1c7f-285c96f0374a">
      <Execution id="59e1007b-9055-483c-ab8d-ff42121e8ef2" />
      <TestMethod codeBase="/home/runner/work/Musoq/Musoq/Musoq.Evaluator.Tests/bin/Debug/net8.0/Musoq.Evaluator.Tests.dll" adapterTypeName="executor://mstestadapter/v2" className="Musoq.Evaluator.Tests.DynamicSourceWithDynamicTypeHinting" name="WithDynamicSource_AccessArray_ShouldPass" />
    </UnitTest>
    <UnitTest name="AddTimeSpansTest" storage="/home/runner/work/musoq/musoq/musoq.evaluator.tests/bin/debug/net8.0/musoq.evaluator.tests.dll" id="58d64734-4862-1f27-5a6d-9c79bd149154">
      <Execution id="a525120c-35f6-4fa0-95c9-038d03a2df0e" />
      <TestMethod codeBase="/home/runner/work/Musoq/Musoq/Musoq.Evaluator.Tests/bin/Debug/net8.0/Musoq.Evaluator.Tests.dll" adapterTypeName="executor://mstestadapter/v2" className="Musoq.Evaluator.Tests.TimeSpanTests" name="AddTimeSpansTest" />
    </UnitTest>
    <UnitTest name="WhenBitwiseAndBetweenIntAndUInt_ShouldBeEvaluated" storage="/home/runner/work/musoq/musoq/musoq.evaluator.tests/bin/debug/net8.0/musoq.evaluator.tests.dll" id="84b0c5fe-a5ba-1b24-658b-31aff78be3b4">
      <Execution id="9b21c71a-735b-4bfa-9d37-7f2e2c9c59d4" />
      <TestMethod codeBase="/home/runner/work/Musoq/Musoq/Musoq.Evaluator.Tests/bin/Debug/net8.0/Musoq.Evaluator.Tests.dll" adapterTypeName="executor://mstestadapter/v2" className="Musoq.Evaluator.Tests.BitwiseOperationsAndTests" name="WhenBitwiseAndBetweenIntAndUInt_ShouldBeEvaluated" />
    </UnitTest>
    <UnitTest name="ArithmeticOpsGreaterTest" storage="/home/runner/work/musoq/musoq/musoq.evaluator.tests/bin/debug/net8.0/musoq.evaluator.tests.dll" id="6023f243-7b81-748c-8a6e-bd3cfc196e1f">
      <Execution id="8e39515c-d5dc-4058-9be4-b51b8d734b04" />
      <TestMethod codeBase="/home/runner/work/Musoq/Musoq/Musoq.Evaluator.Tests/bin/Debug/net8.0/Musoq.Evaluator.Tests.dll" adapterTypeName="executor://mstestadapter/v2" className="Musoq.Evaluator.Tests.ComparisonTests" name="ArithmeticOpsGreaterTest" />
    </UnitTest>
    <UnitTest name="WhenInvalidUnicodeSequences_ShouldHandleGracefully" storage="/home/runner/work/musoq/musoq/musoq.evaluator.tests/bin/debug/net8.0/musoq.evaluator.tests.dll" id="a61273c7-2dcf-9ca7-4e44-2251053d5760">
      <Execution id="35598b1f-ba04-4cbe-8bda-c59eef083047" />
      <TestMethod codeBase="/home/runner/work/Musoq/Musoq/Musoq.Evaluator.Tests/bin/Debug/net8.0/Musoq.Evaluator.Tests.dll" adapterTypeName="executor://mstestadapter/v2" className="Musoq.Evaluator.Tests.EscapeTests" name="WhenInvalidUnicodeSequences_ShouldHandleGracefully" />
    </UnitTest>
    <UnitTest name="WhenBitwiseAndBetweenLongAndShort_ShouldBeEvaluated" storage="/home/runner/work/musoq/musoq/musoq.evaluator.tests/bin/debug/net8.0/musoq.evaluator.tests.dll" id="f45f0c67-d1a0-7fc6-8257-958b7c0f4c8b">
      <Execution id="5718fc07-2b22-4b73-98df-7a1c34940aad" />
      <TestMethod codeBase="/home/runner/work/Musoq/Musoq/Musoq.Evaluator.Tests/bin/Debug/net8.0/Musoq.Evaluator.Tests.dll" adapterTypeName="executor://mstestadapter/v2" className="Musoq.Evaluator.Tests.BitwiseOperationsAndTests" name="WhenBitwiseAndBetweenLongAndShort_ShouldBeEvaluated" />
    </UnitTest>
    <UnitTest name="WhenSomeColumnsAreUsedAndNotEveryUsedTableHasUsedOwnColumns_MustNotThrow" storage="/home/runner/work/musoq/musoq/musoq.evaluator.tests/bin/debug/net8.0/musoq.evaluator.tests.dll" id="30397df4-2aa2-238c-6612-f0b112fcdd49">
      <Execution id="3939e520-b119-4533-a066-2180bc579ee0" />
      <TestMethod codeBase="/home/runner/work/Musoq/Musoq/Musoq.Evaluator.Tests/bin/Debug/net8.0/Musoq.Evaluator.Tests.dll" adapterTypeName="executor://mstestadapter/v2" className="Musoq.Evaluator.Tests.JoinTests" name="WhenSomeColumnsAreUsedAndNotEveryUsedTableHasUsedOwnColumns_MustNotThrow" />
    </UnitTest>
    <UnitTest name="WhenDecimalAndUIntUsed_ShouldHaveColumnOfThatType" storage="/home/runner/work/musoq/musoq/musoq.evaluator.tests/bin/debug/net8.0/musoq.evaluator.tests.dll" id="9037d9c5-14d2-51d0-6467-6db384215d7a">
      <Execution id="42b5074f-738f-45b5-b134-1a6bb41b85f2" />
      <TestMethod codeBase="/home/runner/work/Musoq/Musoq/Musoq.Evaluator.Tests/bin/Debug/net8.0/Musoq.Evaluator.Tests.dll" adapterTypeName="executor://mstestadapter/v2" className="Musoq.Evaluator.Tests.ArithmeticForCrossTypesTests" name="WhenDecimalAndUIntUsed_ShouldHaveColumnOfThatType" />
    </UnitTest>
    <UnitTest name="WhenStarUnfoldToMultipleOfTwoTablesColumns_TwoTablesUsed_ShouldPass" storage="/home/runner/work/musoq/musoq/musoq.evaluator.tests/bin/debug/net8.0/musoq.evaluator.tests.dll" id="9697e1c8-3d97-8abe-159d-b26846d6af8f">
      <Execution id="3ded34c2-c827-4687-b49e-01ea67567082" />
      <TestMethod codeBase="/home/runner/work/Musoq/Musoq/Musoq.Evaluator.Tests/bin/Debug/net8.0/Musoq.Evaluator.Tests.dll" adapterTypeName="executor://mstestadapter/v2" className="Musoq.Evaluator.Tests.StarTests" name="WhenStarUnfoldToMultipleOfTwoTablesColumns_TwoTablesUsed_ShouldPass" />
    </UnitTest>
    <UnitTest name="MinDateTimeOffsetTest" storage="/home/runner/work/musoq/musoq/musoq.evaluator.tests/bin/debug/net8.0/musoq.evaluator.tests.dll" id="a3753bc7-8156-e0b6-9557-a93ba2f95af5">
      <Execution id="8a827667-056c-47d0-968b-65b2fe1c12a9" />
      <TestMethod codeBase="/home/runner/work/Musoq/Musoq/Musoq.Evaluator.Tests/bin/Debug/net8.0/Musoq.Evaluator.Tests.dll" adapterTypeName="executor://mstestadapter/v2" className="Musoq.Evaluator.Tests.DateTimeOffsetTests" name="MinDateTimeOffsetTest" />
    </UnitTest>
    <UnitTest name="AdditionWithUnaryMinusAndAdditionTest" storage="/home/runner/work/musoq/musoq/musoq.evaluator.tests/bin/debug/net8.0/musoq.evaluator.tests.dll" id="3749f425-f4ac-a083-58b1-2341d91bda54">
      <Execution id="232b4375-4c8c-4b8f-ac77-881c7b337184" />
      <TestMethod codeBase="/home/runner/work/Musoq/Musoq/Musoq.Evaluator.Tests/bin/Debug/net8.0/Musoq.Evaluator.Tests.dll" adapterTypeName="executor://mstestadapter/v2" className="Musoq.Evaluator.Tests.ArithmeticTests" name="AdditionWithUnaryMinusAndAdditionTest" />
    </UnitTest>
    <UnitTest name="UnionWithSkipTest" storage="/home/runner/work/musoq/musoq/musoq.evaluator.tests/bin/debug/net8.0/musoq.evaluator.tests.dll" id="c16f2633-94ad-3799-c83d-104a8d7c5024">
      <Execution id="8e5004ff-fe5f-4c82-b65b-91803f917de3" />
      <TestMethod codeBase="/home/runner/work/Musoq/Musoq/Musoq.Evaluator.Tests/bin/Debug/net8.0/Musoq.Evaluator.Tests.dll" adapterTypeName="executor://mstestadapter/v2" className="Musoq.Evaluator.Tests.SetsOperatorsTests" name="UnionWithSkipTest" />
    </UnitTest>
    <UnitTest name="WhenBitwiseXorBetweenLongAndInt_ShouldBeEvaluated" storage="/home/runner/work/musoq/musoq/musoq.evaluator.tests/bin/debug/net8.0/musoq.evaluator.tests.dll" id="4e57322b-f6d7-ac40-415f-843936b6d7c2">
      <Execution id="2e9e5193-4e3d-4c4e-baf0-a4ecb3944ad3" />
      <TestMethod codeBase="/home/runner/work/Musoq/Musoq/Musoq.Evaluator.Tests/bin/Debug/net8.0/Musoq.Evaluator.Tests.dll" adapterTypeName="executor://mstestadapter/v2" className="Musoq.Evaluator.Tests.BitwiseOperationsXorTests" name="WhenBitwiseXorBetweenLongAndInt_ShouldBeEvaluated" />
    </UnitTest>
    <UnitTest name="WhenSchemaMethodCrossAppliedWithAnotherSameSchemas_WithFilterAndGroupBy_ShouldPass" storage="/home/runner/work/musoq/musoq/musoq.evaluator.tests/bin/debug/net8.0/musoq.evaluator.tests.dll" id="0761e18c-f716-a4c2-cc35-cabea5f98766">
      <Execution id="fe044c8c-15f5-4cfe-acec-e974fc6f912b" />
      <TestMethod codeBase="/home/runner/work/Musoq/Musoq/Musoq.Evaluator.Tests/bin/Debug/net8.0/Musoq.Evaluator.Tests.dll" adapterTypeName="executor://mstestadapter/v2" className="Musoq.Evaluator.Tests.CrossApplyTests" name="WhenSchemaMethodCrossAppliedWithAnotherSameSchemas_WithFilterAndGroupBy_ShouldPass" />
    </UnitTest>
    <UnitTest name="OuterApply_LeftJoinAndUseProperty_ShouldPass" storage="/home/runner/work/musoq/musoq/musoq.evaluator.tests/bin/debug/net8.0/musoq.evaluator.tests.dll" id="9e604c2d-8b42-2b97-0a29-4b1d5e608540">
      <Execution id="0c782822-7032-4897-87a2-ed83191e6dc6" />
      <TestMethod codeBase="/home/runner/work/Musoq/Musoq/Musoq.Evaluator.Tests/bin/Debug/net8.0/Musoq.Evaluator.Tests.dll" adapterTypeName="executor://mstestadapter/v2" className="Musoq.Evaluator.Tests.OuterApplyMixedTests" name="OuterApply_LeftJoinAndUseProperty_ShouldPass" />
    </UnitTest>
    <UnitTest name="WhenMergeArraysWithThreeArraysPassed_ShouldChoseCorrectImplementation" storage="/home/runner/work/musoq/musoq/musoq.evaluator.tests/bin/debug/net8.0/musoq.evaluator.tests.dll" id="84db774a-c111-4258-0435-8f228090f6a8">
      <Execution id="f98e932a-4305-46cf-8433-57b51e99a904" />
      <TestMethod codeBase="/home/runner/work/Musoq/Musoq/Musoq.Evaluator.Tests/bin/Debug/net8.0/Musoq.Evaluator.Tests.dll" adapterTypeName="executor://mstestadapter/v2" className="Musoq.Evaluator.Tests.GenericTests" name="WhenMergeArraysWithThreeArraysPassed_ShouldChoseCorrectImplementation" />
    </UnitTest>
    <UnitTest name="WhenUShortMethodCallAndULongUsed_ShouldHaveColumnOfThatType" storage="/home/runner/work/musoq/musoq/musoq.evaluator.tests/bin/debug/net8.0/musoq.evaluator.tests.dll" id="2ed21e13-0750-3f9d-cbe4-94c825031f82">
      <Execution id="126d8ebe-cdfd-47f8-a433-234304e872e6" />
      <TestMethod codeBase="/home/runner/work/Musoq/Musoq/Musoq.Evaluator.Tests/bin/Debug/net8.0/Musoq.Evaluator.Tests.dll" adapterTypeName="executor://mstestadapter/v2" className="Musoq.Evaluator.Tests.ArithmeticForMethodCallAndTypeSpecificOperationTests" name="WhenUShortMethodCallAndULongUsed_ShouldHaveColumnOfThatType" />
    </UnitTest>
    <UnitTest name="WhenOrderByWithGroupBy_ShouldSucceed" storage="/home/runner/work/musoq/musoq/musoq.evaluator.tests/bin/debug/net8.0/musoq.evaluator.tests.dll" id="e2e9dc12-3e4c-cacb-23d1-097b65798aef">
      <Execution id="6759b281-0394-40da-bec7-746e755d14d9" />
      <TestMethod codeBase="/home/runner/work/Musoq/Musoq/Musoq.Evaluator.Tests/bin/Debug/net8.0/Musoq.Evaluator.Tests.dll" adapterTypeName="executor://mstestadapter/v2" className="Musoq.Evaluator.Tests.OrderByTests" name="WhenOrderByWithGroupBy_ShouldSucceed" />
    </UnitTest>
    <UnitTest name="WhenNestedObjectUsesNotSupportedConstruction_ShouldFail" storage="/home/runner/work/musoq/musoq/musoq.evaluator.tests/bin/debug/net8.0/musoq.evaluator.tests.dll" id="6f50b746-70f0-ea9b-2c28-8c6bc9e2aa2f">
      <Execution id="524ae44c-e9dc-4a04-9947-18806435bace" />
      <TestMethod codeBase="/home/runner/work/Musoq/Musoq/Musoq.Evaluator.Tests/bin/Debug/net8.0/Musoq.Evaluator.Tests.dll" adapterTypeName="executor://mstestadapter/v2" className="Musoq.Evaluator.Tests.ColumnsTests" name="WhenNestedObjectUsesNotSupportedConstruction_ShouldFail" />
    </UnitTest>
    <UnitTest name="WhenDecimalAndByteUsed_ShouldHaveColumnOfThatType" storage="/home/runner/work/musoq/musoq/musoq.evaluator.tests/bin/debug/net8.0/musoq.evaluator.tests.dll" id="644bdcd3-d333-24b4-701c-108528e668c4">
      <Execution id="dbd893a3-ec81-47d2-b736-a54b6a98d789" />
      <TestMethod codeBase="/home/runner/work/Musoq/Musoq/Musoq.Evaluator.Tests/bin/Debug/net8.0/Musoq.Evaluator.Tests.dll" adapterTypeName="executor://mstestadapter/v2" className="Musoq.Evaluator.Tests.ArithmeticForCrossTypesTests" name="WhenDecimalAndByteUsed_ShouldHaveColumnOfThatType" />
    </UnitTest>
    <UnitTest name="WhenIntAndUShortUsed_ShouldHaveColumnOfThatType" storage="/home/runner/work/musoq/musoq/musoq.evaluator.tests/bin/debug/net8.0/musoq.evaluator.tests.dll" id="adfdeae2-6032-109d-1a5e-820879f87af1">
      <Execution id="d77cd8f8-7b58-43dc-9724-3eeae64fcce3" />
      <TestMethod codeBase="/home/runner/work/Musoq/Musoq/Musoq.Evaluator.Tests/bin/Debug/net8.0/Musoq.Evaluator.Tests.dll" adapterTypeName="executor://mstestadapter/v2" className="Musoq.Evaluator.Tests.ArithmeticForCrossTypesTests" name="WhenIntAndUShortUsed_ShouldHaveColumnOfThatType" />
    </UnitTest>
    <UnitTest name="SimpleGroupByWithSkipTest" storage="/home/runner/work/musoq/musoq/musoq.evaluator.tests/bin/debug/net8.0/musoq.evaluator.tests.dll" id="65120833-4d22-bd4e-990a-0022b8d073f2">
      <Execution id="53afe04e-15a0-4097-ae4d-b454d5a5b502" />
      <TestMethod codeBase="/home/runner/work/Musoq/Musoq/Musoq.Evaluator.Tests/bin/Debug/net8.0/Musoq.Evaluator.Tests.dll" adapterTypeName="executor://mstestadapter/v2" className="Musoq.Evaluator.Tests.GroupByTests" name="SimpleGroupByWithSkipTest" />
    </UnitTest>
    <UnitTest name="WhenByteAndDoubleUsed_ShouldHaveColumnOfDoubleType" storage="/home/runner/work/musoq/musoq/musoq.evaluator.tests/bin/debug/net8.0/musoq.evaluator.tests.dll" id="c13bf542-ccc8-54a7-a39b-8983cfdc7221">
      <Execution id="2ca91740-8353-4d1e-8c73-af4e7b64b985" />
      <TestMethod codeBase="/home/runner/work/Musoq/Musoq/Musoq.Evaluator.Tests/bin/Debug/net8.0/Musoq.Evaluator.Tests.dll" adapterTypeName="executor://mstestadapter/v2" className="Musoq.Evaluator.Tests.ArithmeticForCrossTypesTests" name="WhenByteAndDoubleUsed_ShouldHaveColumnOfDoubleType" />
    </UnitTest>
    <UnitTest name="WhenUnionDoesNotHaveAKey_ShouldFail" storage="/home/runner/work/musoq/musoq/musoq.evaluator.tests/bin/debug/net8.0/musoq.evaluator.tests.dll" id="5b79d5eb-c1ad-ccdd-97c4-a1c9fcee547b">
      <Execution id="6562c529-3723-4eae-9f4e-07ecc563b154" />
      <TestMethod codeBase="/home/runner/work/Musoq/Musoq/Musoq.Evaluator.Tests/bin/Debug/net8.0/Musoq.Evaluator.Tests.dll" adapterTypeName="executor://mstestadapter/v2" className="Musoq.Evaluator.Tests.SetsOperatorsTests" name="WhenUnionDoesNotHaveAKey_ShouldFail" />
    </UnitTest>
    <UnitTest name="WhenBitwiseOrBetweenIntAndByte_ShouldBeEvaluated" storage="/home/runner/work/musoq/musoq/musoq.evaluator.tests/bin/debug/net8.0/musoq.evaluator.tests.dll" id="15507613-0a5c-e462-67c9-af28b75e2c36">
      <Execution id="a37c995b-495c-4c0b-a96d-ee63a4459265" />
      <TestMethod codeBase="/home/runner/work/Musoq/Musoq/Musoq.Evaluator.Tests/bin/Debug/net8.0/Musoq.Evaluator.Tests.dll" adapterTypeName="executor://mstestadapter/v2" className="Musoq.Evaluator.Tests.BitwiseOperationsOrTests" name="WhenBitwiseOrBetweenIntAndByte_ShouldBeEvaluated" />
    </UnitTest>
    <UnitTest name="WhenBitwiseAndBetweenUIntAndSByte_ShouldBeEvaluated" storage="/home/runner/work/musoq/musoq/musoq.evaluator.tests/bin/debug/net8.0/musoq.evaluator.tests.dll" id="64727d4c-2ec4-b344-9528-e28c6157b8fb">
      <Execution id="30fef23a-7a46-4173-8781-33bbf14d3c42" />
      <TestMethod codeBase="/home/runner/work/Musoq/Musoq/Musoq.Evaluator.Tests/bin/Debug/net8.0/Musoq.Evaluator.Tests.dll" adapterTypeName="executor://mstestadapter/v2" className="Musoq.Evaluator.Tests.BitwiseOperationsAndTests" name="WhenBitwiseAndBetweenUIntAndSByte_ShouldBeEvaluated" />
    </UnitTest>
    <UnitTest name="SubtractionWithUnaryMinusAndAdditionTest" storage="/home/runner/work/musoq/musoq/musoq.evaluator.tests/bin/debug/net8.0/musoq.evaluator.tests.dll" id="fb5f2f5a-25a3-164e-cd3d-9b17ed954cf7">
      <Execution id="a9c53d78-11e4-4d10-8da3-5f6e75b10e97" />
      <TestMethod codeBase="/home/runner/work/Musoq/Musoq/Musoq.Evaluator.Tests/bin/Debug/net8.0/Musoq.Evaluator.Tests.dll" adapterTypeName="executor://mstestadapter/v2" className="Musoq.Evaluator.Tests.ArithmeticTests" name="SubtractionWithUnaryMinusAndAdditionTest" />
    </UnitTest>
    <UnitTest name="WhenAliasedStarUnfoldToMultipleColumns_AndAliasedStarIsUsedWithinAliasedFrom_ShouldPass" storage="/home/runner/work/musoq/musoq/musoq.evaluator.tests/bin/debug/net8.0/musoq.evaluator.tests.dll" id="b1abdeff-0b9b-3741-afd4-7eca04d293c2">
      <Execution id="2290a09a-4b91-4cc4-b648-1d27dc80e6f4" />
      <TestMethod codeBase="/home/runner/work/Musoq/Musoq/Musoq.Evaluator.Tests/bin/Debug/net8.0/Musoq.Evaluator.Tests.dll" adapterTypeName="executor://mstestadapter/v2" className="Musoq.Evaluator.Tests.StarTests" name="WhenAliasedStarUnfoldToMultipleColumns_AndAliasedStarIsUsedWithinAliasedFrom_ShouldPass" />
    </UnitTest>
    <UnitTest name="WhenLongAndByteUsed_ShouldHaveColumnOfThatType" storage="/home/runner/work/musoq/musoq/musoq.evaluator.tests/bin/debug/net8.0/musoq.evaluator.tests.dll" id="56fd7fbc-5efb-dbd7-8cb0-d4a84095f6c1">
      <Execution id="a51c02e6-afee-4f25-b66f-86c9f9facf01" />
      <TestMethod codeBase="/home/runner/work/Musoq/Musoq/Musoq.Evaluator.Tests/bin/Debug/net8.0/Musoq.Evaluator.Tests.dll" adapterTypeName="executor://mstestadapter/v2" className="Musoq.Evaluator.Tests.ArithmeticForCrossTypesTests" name="WhenLongAndByteUsed_ShouldHaveColumnOfThatType" />
    </UnitTest>
    <UnitTest name="WhenPreviouslyCteExpressionSaw_ShouldPass" storage="/home/runner/work/musoq/musoq/musoq.evaluator.tests/bin/debug/net8.0/musoq.evaluator.tests.dll" id="9a790249-48cb-2a44-c52e-e75d2dee4cae">
      <Execution id="b12497fe-5555-49ab-8b6b-2e6158909fca" />
      <TestMethod codeBase="/home/runner/work/Musoq/Musoq/Musoq.Evaluator.Tests/bin/Debug/net8.0/Musoq.Evaluator.Tests.dll" adapterTypeName="executor://mstestadapter/v2" className="Musoq.Evaluator.Tests.EnvironmentVariablesTests" name="WhenPreviouslyCteExpressionSaw_ShouldPass" />
    </UnitTest>
    <UnitTest name="SimpleRowNumberForGroupByTest" storage="/home/runner/work/musoq/musoq/musoq.evaluator.tests/bin/debug/net8.0/musoq.evaluator.tests.dll" id="eea0094c-3c77-76d2-883f-f4b5d55f9cdd">
      <Execution id="1841a96f-c2b1-4746-82ad-02c4a5727be9" />
      <TestMethod codeBase="/home/runner/work/Musoq/Musoq/Musoq.Evaluator.Tests/bin/Debug/net8.0/Musoq.Evaluator.Tests.dll" adapterTypeName="executor://mstestadapter/v2" className="Musoq.Evaluator.Tests.GroupByTests" name="SimpleRowNumberForGroupByTest" />
    </UnitTest>
    <UnitTest name="MultipleLeftJoinTest" storage="/home/runner/work/musoq/musoq/musoq.evaluator.tests/bin/debug/net8.0/musoq.evaluator.tests.dll" id="6fef6b23-2009-c803-c974-374613bf6c3d">
      <Execution id="d971cfcf-72fc-411f-ae20-dab51bf456c8" />
      <TestMethod codeBase="/home/runner/work/Musoq/Musoq/Musoq.Evaluator.Tests/bin/Debug/net8.0/Musoq.Evaluator.Tests.dll" adapterTypeName="executor://mstestadapter/v2" className="Musoq.Evaluator.Tests.JoinTests" name="MultipleLeftJoinTest" />
    </UnitTest>
    <UnitTest name="WhenSByteAndSByteUsed_ShouldHaveColumnOfThatType" storage="/home/runner/work/musoq/musoq/musoq.evaluator.tests/bin/debug/net8.0/musoq.evaluator.tests.dll" id="8c674920-545e-e7d4-3521-b0234de3f414">
      <Execution id="880c6df1-fbf1-4034-9ce2-b8d1245ee99b" />
      <TestMethod codeBase="/home/runner/work/Musoq/Musoq/Musoq.Evaluator.Tests/bin/Debug/net8.0/Musoq.Evaluator.Tests.dll" adapterTypeName="executor://mstestadapter/v2" className="Musoq.Evaluator.Tests.ArithmeticForCrossTypesTests" name="WhenSByteAndSByteUsed_ShouldHaveColumnOfThatType" />
    </UnitTest>
    <UnitTest name="WhenUIntMethodCallAndUShortUsed_ShouldHaveColumnOfThatType" storage="/home/runner/work/musoq/musoq/musoq.evaluator.tests/bin/debug/net8.0/musoq.evaluator.tests.dll" id="5d6b9874-b9fe-69ca-031a-e4fcd78b185c">
      <Execution id="6de12b4f-e157-47d7-8ab5-4b43176c702f" />
      <TestMethod codeBase="/home/runner/work/Musoq/Musoq/Musoq.Evaluator.Tests/bin/Debug/net8.0/Musoq.Evaluator.Tests.dll" adapterTypeName="executor://mstestadapter/v2" className="Musoq.Evaluator.Tests.ArithmeticForMethodCallAndTypeSpecificOperationTests" name="WhenUIntMethodCallAndUShortUsed_ShouldHaveColumnOfThatType" />
    </UnitTest>
    <UnitTest name="WhenDecimalAndUShortUsed_ShouldHaveColumnOfThatType" storage="/home/runner/work/musoq/musoq/musoq.evaluator.tests/bin/debug/net8.0/musoq.evaluator.tests.dll" id="f95bf8f0-4a70-f2f9-377c-222832991eb6">
      <Execution id="37293be5-6aa8-4cc4-95ae-d2727209f5a7" />
      <TestMethod codeBase="/home/runner/work/Musoq/Musoq/Musoq.Evaluator.Tests/bin/Debug/net8.0/Musoq.Evaluator.Tests.dll" adapterTypeName="executor://mstestadapter/v2" className="Musoq.Evaluator.Tests.ArithmeticForCrossTypesTests" name="WhenDecimalAndUShortUsed_ShouldHaveColumnOfThatType" />
    </UnitTest>
    <UnitTest name="WhenToStringCalled_ShouldReturnSameQuery (select b.* from #some.thing() a outer apply #some.thing(a.Column) b)" storage="/home/runner/work/musoq/musoq/musoq.evaluator.tests/bin/debug/net8.0/musoq.evaluator.tests.dll" id="7bcd7a5f-cef3-1875-27f0-86c55eb151fe">
      <Execution id="cc59f05e-8fd0-43e7-a4d0-63a4b14dea57" />
      <TestMethod codeBase="/home/runner/work/Musoq/Musoq/Musoq.Evaluator.Tests/bin/Debug/net8.0/Musoq.Evaluator.Tests.dll" adapterTypeName="executor://mstestadapter/v2" className="Musoq.Evaluator.Tests.StringifyTests" name="WhenToStringCalled_ShouldReturnSameQuery" />
    </UnitTest>
    <UnitTest name="SimpleSkipAboveTableAmountTest" storage="/home/runner/work/musoq/musoq/musoq.evaluator.tests/bin/debug/net8.0/musoq.evaluator.tests.dll" id="7aaf551a-5dc7-57fc-597f-15c5689896c1">
      <Execution id="a32e39c7-028e-4cc8-a359-6ba4cfe408f6" />
      <TestMethod codeBase="/home/runner/work/Musoq/Musoq/Musoq.Evaluator.Tests/bin/Debug/net8.0/Musoq.Evaluator.Tests.dll" adapterTypeName="executor://mstestadapter/v2" className="Musoq.Evaluator.Tests.SingleSchemaEvaluatorTests" name="SimpleSkipAboveTableAmountTest" />
    </UnitTest>
    <UnitTest name="WhenULongAndByteUsed_ShouldHaveColumnOfThatType" storage="/home/runner/work/musoq/musoq/musoq.evaluator.tests/bin/debug/net8.0/musoq.evaluator.tests.dll" id="c6951bb0-f6dd-f7ab-bd19-7750a4984cd9">
      <Execution id="26bee53f-fea2-4ab9-8fca-3dd10a554e54" />
      <TestMethod codeBase="/home/runner/work/Musoq/Musoq/Musoq.Evaluator.Tests/bin/Debug/net8.0/Musoq.Evaluator.Tests.dll" adapterTypeName="executor://mstestadapter/v2" className="Musoq.Evaluator.Tests.ArithmeticForCrossTypesTests" name="WhenULongAndByteUsed_ShouldHaveColumnOfThatType" />
    </UnitTest>
    <UnitTest name="WhenBitwiseXorBetweenLongAndUInt_ShouldBeEvaluated" storage="/home/runner/work/musoq/musoq/musoq.evaluator.tests/bin/debug/net8.0/musoq.evaluator.tests.dll" id="66feca92-42b2-46e4-4124-94f11a3d14ee">
      <Execution id="42ddefd4-4b65-4c08-863a-8aa6a45d7c76" />
      <TestMethod codeBase="/home/runner/work/Musoq/Musoq/Musoq.Evaluator.Tests/bin/Debug/net8.0/Musoq.Evaluator.Tests.dll" adapterTypeName="executor://mstestadapter/v2" className="Musoq.Evaluator.Tests.BitwiseOperationsXorTests" name="WhenBitwiseXorBetweenLongAndUInt_ShouldBeEvaluated" />
    </UnitTest>
    <UnitTest name="WhenValueOfShortTypeOccured_ShouldHaveColumnOfThatType" storage="/home/runner/work/musoq/musoq/musoq.evaluator.tests/bin/debug/net8.0/musoq.evaluator.tests.dll" id="2d6dceda-cdfa-3fe9-e123-cca564767e42">
      <Execution id="9a2b34a7-c155-4fe3-aa79-a9f506641d67" />
      <TestMethod codeBase="/home/runner/work/Musoq/Musoq/Musoq.Evaluator.Tests/bin/Debug/net8.0/Musoq.Evaluator.Tests.dll" adapterTypeName="executor://mstestadapter/v2" className="Musoq.Evaluator.Tests.PrimitiveTypesTests" name="WhenValueOfShortTypeOccured_ShouldHaveColumnOfThatType" />
    </UnitTest>
    <UnitTest name="WhenToStringCalled_ShouldReturnSameQuery (select s.Column1, s.Column2 from #some.thing() s where s.Column1 &gt; 100 group by s.Column2 skip 3 take 7)" storage="/home/runner/work/musoq/musoq/musoq.evaluator.tests/bin/debug/net8.0/musoq.evaluator.tests.dll" id="c2fe7f0f-adb1-4308-8b3b-d3470afc5082">
      <Execution id="6e035b2f-1a14-47a6-a285-a71e2974f0fb" />
      <TestMethod codeBase="/home/runner/work/Musoq/Musoq/Musoq.Evaluator.Tests/bin/Debug/net8.0/Musoq.Evaluator.Tests.dll" adapterTypeName="executor://mstestadapter/v2" className="Musoq.Evaluator.Tests.StringifyTests" name="WhenToStringCalled_ShouldReturnSameQuery" />
    </UnitTest>
    <UnitTest name="UnionAllWhenMultipleSelectsCombinedWithUnionAllWithinCteExpression_ShouldSucceed" storage="/home/runner/work/musoq/musoq/musoq.evaluator.tests/bin/debug/net8.0/musoq.evaluator.tests.dll" id="a69e2b17-85a7-c174-b455-c6fa31c6c2d2">
      <Execution id="b70ebb45-7102-45eb-baaa-1c8a20f03e3f" />
      <TestMethod codeBase="/home/runner/work/Musoq/Musoq/Musoq.Evaluator.Tests/bin/Debug/net8.0/Musoq.Evaluator.Tests.dll" adapterTypeName="executor://mstestadapter/v2" className="Musoq.Evaluator.Tests.SetsOperatorsTests" name="UnionAllWhenMultipleSelectsCombinedWithUnionAllWithinCteExpression_ShouldSucceed" />
    </UnitTest>
    <UnitTest name="WhenApplyChainedProperty_WithComplexList_ShouldPass" storage="/home/runner/work/musoq/musoq/musoq.evaluator.tests/bin/debug/net8.0/musoq.evaluator.tests.dll" id="88fa1a16-d34f-0170-24af-a049ac79e3b5">
      <Execution id="f81f2676-337a-43ec-bc7b-f8ecca701e4a" />
      <TestMethod codeBase="/home/runner/work/Musoq/Musoq/Musoq.Evaluator.Tests/bin/Debug/net8.0/Musoq.Evaluator.Tests.dll" adapterTypeName="executor://mstestadapter/v2" className="Musoq.Evaluator.Tests.OuterApplySelfPropertyTests" name="WhenApplyChainedProperty_WithComplexList_ShouldPass" />
    </UnitTest>
    <UnitTest name="WhenShortUsed_ShouldHaveColumnOfThatType" storage="/home/runner/work/musoq/musoq/musoq.evaluator.tests/bin/debug/net8.0/musoq.evaluator.tests.dll" id="1cb0f85a-e45d-f6d1-1d99-9f2162a7d91d">
      <Execution id="1199dec1-3f5b-48d5-bd1f-a3d1095c6e20" />
      <TestMethod codeBase="/home/runner/work/Musoq/Musoq/Musoq.Evaluator.Tests/bin/Debug/net8.0/Musoq.Evaluator.Tests.dll" adapterTypeName="executor://mstestadapter/v2" className="Musoq.Evaluator.Tests.NumericLiteralTypesTests" name="WhenShortUsed_ShouldHaveColumnOfThatType" />
    </UnitTest>
    <UnitTest name="SimpleCteWithMultipleOuterExpressionsTest" storage="/home/runner/work/musoq/musoq/musoq.evaluator.tests/bin/debug/net8.0/musoq.evaluator.tests.dll" id="08f82524-a5e0-819c-e55a-b37b26b85572">
      <Execution id="2c8fc706-c59b-4d77-a54c-794c5ad72a10" />
      <TestMethod codeBase="/home/runner/work/Musoq/Musoq/Musoq.Evaluator.Tests/bin/Debug/net8.0/Musoq.Evaluator.Tests.dll" adapterTypeName="executor://mstestadapter/v2" className="Musoq.Evaluator.Tests.CteTests" name="SimpleCteWithMultipleOuterExpressionsTest" />
    </UnitTest>
    <UnitTest name="WhenSByteMethodCallAndUShortUsed_ShouldHaveColumnOfThatType" storage="/home/runner/work/musoq/musoq/musoq.evaluator.tests/bin/debug/net8.0/musoq.evaluator.tests.dll" id="8d322d69-ee52-25c1-6196-70ee8fd857cd">
      <Execution id="4211e211-3784-45fa-910e-c4131b00106e" />
      <TestMethod codeBase="/home/runner/work/Musoq/Musoq/Musoq.Evaluator.Tests/bin/Debug/net8.0/Musoq.Evaluator.Tests.dll" adapterTypeName="executor://mstestadapter/v2" className="Musoq.Evaluator.Tests.ArithmeticForMethodCallAndTypeSpecificOperationTests" name="WhenSByteMethodCallAndUShortUsed_ShouldHaveColumnOfThatType" />
    </UnitTest>
    <UnitTest name="DivisionWithSubtraction1Test" storage="/home/runner/work/musoq/musoq/musoq.evaluator.tests/bin/debug/net8.0/musoq.evaluator.tests.dll" id="ec22c9c3-1a4a-ac3e-5b2a-b8cc9efb97e3">
      <Execution id="29ffca8e-4662-4425-b2c6-cecb4ac8d662" />
      <TestMethod codeBase="/home/runner/work/Musoq/Musoq/Musoq.Evaluator.Tests/bin/Debug/net8.0/Musoq.Evaluator.Tests.dll" adapterTypeName="executor://mstestadapter/v2" className="Musoq.Evaluator.Tests.ArithmeticTests" name="DivisionWithSubtraction1Test" />
    </UnitTest>
    <UnitTest name="SimpleAdditionSubtraction2Test" storage="/home/runner/work/musoq/musoq/musoq.evaluator.tests/bin/debug/net8.0/musoq.evaluator.tests.dll" id="beb10963-c24b-0138-a3f7-42609123b28d">
      <Execution id="204266e5-7ebe-4fd7-9577-bf29e71ad97a" />
      <TestMethod codeBase="/home/runner/work/Musoq/Musoq/Musoq.Evaluator.Tests/bin/Debug/net8.0/Musoq.Evaluator.Tests.dll" adapterTypeName="executor://mstestadapter/v2" className="Musoq.Evaluator.Tests.ArithmeticTests" name="SimpleAdditionSubtraction2Test" />
    </UnitTest>
    <UnitTest name="WhenIntAndUIntUsed_ShouldHaveColumnOfThatType" storage="/home/runner/work/musoq/musoq/musoq.evaluator.tests/bin/debug/net8.0/musoq.evaluator.tests.dll" id="58f5f7f9-d939-6357-c1c7-c36715b5bea7">
      <Execution id="2f92a052-6f8f-4dc7-a539-762f3c85720b" />
      <TestMethod codeBase="/home/runner/work/Musoq/Musoq/Musoq.Evaluator.Tests/bin/Debug/net8.0/Musoq.Evaluator.Tests.dll" adapterTypeName="executor://mstestadapter/v2" className="Musoq.Evaluator.Tests.ArithmeticForCrossTypesTests" name="WhenIntAndUIntUsed_ShouldHaveColumnOfThatType" />
    </UnitTest>
    <UnitTest name="WhenRowNumberWithOrderBySimpleTest_ShouldPass" storage="/home/runner/work/musoq/musoq/musoq.evaluator.tests/bin/debug/net8.0/musoq.evaluator.tests.dll" id="d7d153d6-ecf9-fc3f-5bb6-6b56c14e2649">
      <Execution id="99a127c3-df9b-495f-aa73-40f71fcd4ac2" />
      <TestMethod codeBase="/home/runner/work/Musoq/Musoq/Musoq.Evaluator.Tests/bin/Debug/net8.0/Musoq.Evaluator.Tests.dll" adapterTypeName="executor://mstestadapter/v2" className="Musoq.Evaluator.Tests.RowNumberTests" name="WhenRowNumberWithOrderBySimpleTest_ShouldPass" />
    </UnitTest>
    <UnitTest name="WhenToStringCalled_ShouldReturnSameQuery (select s.Column1, s.Column2 from #some.thing() s take 5)" storage="/home/runner/work/musoq/musoq/musoq.evaluator.tests/bin/debug/net8.0/musoq.evaluator.tests.dll" id="acb22fb3-3aec-25e6-62ae-e066f47850e5">
      <Execution id="50be3c44-efa1-4073-94a0-f54706a4e064" />
      <TestMethod codeBase="/home/runner/work/Musoq/Musoq/Musoq.Evaluator.Tests/bin/Debug/net8.0/Musoq.Evaluator.Tests.dll" adapterTypeName="executor://mstestadapter/v2" className="Musoq.Evaluator.Tests.StringifyTests" name="WhenToStringCalled_ShouldReturnSameQuery" />
    </UnitTest>
    <UnitTest name="WhenBitwiseAndBetweenUlongAndUlong_ShouldBeEvaluated" storage="/home/runner/work/musoq/musoq/musoq.evaluator.tests/bin/debug/net8.0/musoq.evaluator.tests.dll" id="2da8ba8c-63fd-98ea-b4e4-208dac6232ad">
      <Execution id="ed1f18b0-510f-44cc-a5de-f24a4bfa80db" />
      <TestMethod codeBase="/home/runner/work/Musoq/Musoq/Musoq.Evaluator.Tests/bin/Debug/net8.0/Musoq.Evaluator.Tests.dll" adapterTypeName="executor://mstestadapter/v2" className="Musoq.Evaluator.Tests.BitwiseOperationsAndTests" name="WhenBitwiseAndBetweenUlongAndUlong_ShouldBeEvaluated" />
    </UnitTest>
    <UnitTest name="WhenCrossApplyAndMethodWithOneParameterAndDefaultParameterUsed_ShouldPass" storage="/home/runner/work/musoq/musoq/musoq.evaluator.tests/bin/debug/net8.0/musoq.evaluator.tests.dll" id="ef463222-b7d1-83ff-8b0a-495c5300c4a9">
      <Execution id="e7e49c25-4c72-43fe-87b6-42c193aace59" />
      <TestMethod codeBase="/home/runner/work/Musoq/Musoq/Musoq.Evaluator.Tests/bin/Debug/net8.0/Musoq.Evaluator.Tests.dll" adapterTypeName="executor://mstestadapter/v2" className="Musoq.Evaluator.Tests.CrossApplyCteTests" name="WhenCrossApplyAndMethodWithOneParameterAndDefaultParameterUsed_ShouldPass" />
    </UnitTest>
    <UnitTest name="WhenBitwiseXorBetweenUlongAndByte_ShouldBeEvaluated" storage="/home/runner/work/musoq/musoq/musoq.evaluator.tests/bin/debug/net8.0/musoq.evaluator.tests.dll" id="9fee59ef-ed99-ff45-80f4-32089ec5314a">
      <Execution id="cd124de6-027f-42f7-b638-678d3f425982" />
      <TestMethod codeBase="/home/runner/work/Musoq/Musoq/Musoq.Evaluator.Tests/bin/Debug/net8.0/Musoq.Evaluator.Tests.dll" adapterTypeName="executor://mstestadapter/v2" className="Musoq.Evaluator.Tests.BitwiseOperationsXorTests" name="WhenBitwiseXorBetweenUlongAndByte_ShouldBeEvaluated" />
    </UnitTest>
    <UnitTest name="LeftOuterJoinWithFourOtherJoinsTest" storage="/home/runner/work/musoq/musoq/musoq.evaluator.tests/bin/debug/net8.0/musoq.evaluator.tests.dll" id="b6eed95b-8337-8d5f-01cd-28714b41175b">
      <Execution id="20357196-e969-40aa-bbe4-851635fc1ea0" />
      <TestMethod codeBase="/home/runner/work/Musoq/Musoq/Musoq.Evaluator.Tests/bin/Debug/net8.0/Musoq.Evaluator.Tests.dll" adapterTypeName="executor://mstestadapter/v2" className="Musoq.Evaluator.Tests.JoinTests" name="LeftOuterJoinWithFourOtherJoinsTest" />
    </UnitTest>
    <UnitTest name="WhenMultipleAliasesAroundCteQuery_LeftOuterJoin_ShouldRetrieveValues" storage="/home/runner/work/musoq/musoq/musoq.evaluator.tests/bin/debug/net8.0/musoq.evaluator.tests.dll" id="d8f2ee3e-3717-7617-490c-444ed5e9cb0a">
      <Execution id="11204db6-5ace-4ffc-851f-b7aff57da441" />
      <TestMethod codeBase="/home/runner/work/Musoq/Musoq/Musoq.Evaluator.Tests/bin/Debug/net8.0/Musoq.Evaluator.Tests.dll" adapterTypeName="executor://mstestadapter/v2" className="Musoq.Evaluator.Tests.JoinTests" name="WhenMultipleAliasesAroundCteQuery_LeftOuterJoin_ShouldRetrieveValues" />
    </UnitTest>
    <UnitTest name="WhenRetrieveLengthFromArrayType_ShouldPass" storage="/home/runner/work/musoq/musoq/musoq.evaluator.tests/bin/debug/net8.0/musoq.evaluator.tests.dll" id="7f0c6da2-14f0-4994-357a-5c4be287d735">
      <Execution id="cd21bbba-4ad4-4a0b-b3b5-3e41522958d9" />
      <TestMethod codeBase="/home/runner/work/Musoq/Musoq/Musoq.Evaluator.Tests/bin/Debug/net8.0/Musoq.Evaluator.Tests.dll" adapterTypeName="executor://mstestadapter/v2" className="Musoq.Evaluator.Tests.GenericTests" name="WhenRetrieveLengthFromArrayType_ShouldPass" />
    </UnitTest>
    <UnitTest name="WhenSpecialCharacterStartBracketUsedInTextWith_MustNotThrow (#)" storage="/home/runner/work/musoq/musoq/musoq.evaluator.tests/bin/debug/net8.0/musoq.evaluator.tests.dll" id="5482cc68-fbbf-05e8-1268-f81e0d12ad92">
      <Execution id="d4d80d73-f002-4a3d-b7b3-1b9511b122e6" />
      <TestMethod codeBase="/home/runner/work/Musoq/Musoq/Musoq.Evaluator.Tests/bin/Debug/net8.0/Musoq.Evaluator.Tests.dll" adapterTypeName="executor://mstestadapter/v2" className="Musoq.Evaluator.Tests.StringsTests" name="WhenSpecialCharacterStartBracketUsedInTextWith_MustNotThrow" />
    </UnitTest>
    <UnitTest name="WhenToStringCalled_ShouldReturnSameQuery (select 1 from #A.entities() a inner join #B.entities() b on a.Id = b.Id left outer join #C.entities() c on a.Id = c.Id)" storage="/home/runner/work/musoq/musoq/musoq.evaluator.tests/bin/debug/net8.0/musoq.evaluator.tests.dll" id="ed5fc7db-3fec-16e2-c0c4-a9e3d50d0595">
      <Execution id="9bdddbf3-fca5-48ac-be78-4168d116659f" />
      <TestMethod codeBase="/home/runner/work/Musoq/Musoq/Musoq.Evaluator.Tests/bin/Debug/net8.0/Musoq.Evaluator.Tests.dll" adapterTypeName="executor://mstestadapter/v2" className="Musoq.Evaluator.Tests.StringifyTests" name="WhenToStringCalled_ShouldReturnSameQuery" />
    </UnitTest>
    <UnitTest name="WhenToStringCalled_ShouldReturnSameQuery (select b.* from #some.thing() a outer apply a.Column b)" storage="/home/runner/work/musoq/musoq/musoq.evaluator.tests/bin/debug/net8.0/musoq.evaluator.tests.dll" id="fbf6830c-6fb6-6fa2-2287-5237de036555">
      <Execution id="e2ba7315-201e-4410-ba50-92cfc0497faf" />
      <TestMethod codeBase="/home/runner/work/Musoq/Musoq/Musoq.Evaluator.Tests/bin/Debug/net8.0/Musoq.Evaluator.Tests.dll" adapterTypeName="executor://mstestadapter/v2" className="Musoq.Evaluator.Tests.StringifyTests" name="WhenToStringCalled_ShouldReturnSameQuery" />
    </UnitTest>
    <UnitTest name="WithDynamicSource_DescDynamicObjectWithSimpleColumns_ShouldPass" storage="/home/runner/work/musoq/musoq/musoq.evaluator.tests/bin/debug/net8.0/musoq.evaluator.tests.dll" id="5a5d9cad-d31e-7b7f-cf95-8c229a4ce94f">
      <Execution id="e408b0f1-2ddc-4418-bc84-3ff2b81b8700" />
      <TestMethod codeBase="/home/runner/work/Musoq/Musoq/Musoq.Evaluator.Tests/bin/Debug/net8.0/Musoq.Evaluator.Tests.dll" adapterTypeName="executor://mstestadapter/v2" className="Musoq.Evaluator.Tests.DynamicSourceQueryTests" name="WithDynamicSource_DescDynamicObjectWithSimpleColumns_ShouldPass" />
    </UnitTest>
    <UnitTest name="WhenBitwiseXorBetweenByteAndInt_ShouldBeEvaluated" storage="/home/runner/work/musoq/musoq/musoq.evaluator.tests/bin/debug/net8.0/musoq.evaluator.tests.dll" id="c838ec43-e1b1-4f41-5a56-42cf08d54a6d">
      <Execution id="d7eb44fc-941c-4b98-99f5-789a060230ab" />
      <TestMethod codeBase="/home/runner/work/Musoq/Musoq/Musoq.Evaluator.Tests/bin/Debug/net8.0/Musoq.Evaluator.Tests.dll" adapterTypeName="executor://mstestadapter/v2" className="Musoq.Evaluator.Tests.BitwiseOperationsXorTests" name="WhenBitwiseXorBetweenByteAndInt_ShouldBeEvaluated" />
    </UnitTest>
    <UnitTest name="WhenBitwiseOrBetweenUIntAndUInt_ShouldBeEvaluated" storage="/home/runner/work/musoq/musoq/musoq.evaluator.tests/bin/debug/net8.0/musoq.evaluator.tests.dll" id="bfc625d2-ab8e-d975-5ffa-f2f529f4695a">
      <Execution id="235d14a4-d7d5-4c0b-96c7-ff41c6336158" />
      <TestMethod codeBase="/home/runner/work/Musoq/Musoq/Musoq.Evaluator.Tests/bin/Debug/net8.0/Musoq.Evaluator.Tests.dll" adapterTypeName="executor://mstestadapter/v2" className="Musoq.Evaluator.Tests.BitwiseOperationsOrTests" name="WhenBitwiseOrBetweenUIntAndUInt_ShouldBeEvaluated" />
    </UnitTest>
    <UnitTest name="WhenBitwiseAndBetweenUIntAndLong_ShouldBeEvaluated" storage="/home/runner/work/musoq/musoq/musoq.evaluator.tests/bin/debug/net8.0/musoq.evaluator.tests.dll" id="d0191615-1ba7-4ad1-f90d-239408588627">
      <Execution id="c9d51bfa-4dbe-4c42-8f90-7a95d06b803d" />
      <TestMethod codeBase="/home/runner/work/Musoq/Musoq/Musoq.Evaluator.Tests/bin/Debug/net8.0/Musoq.Evaluator.Tests.dll" adapterTypeName="executor://mstestadapter/v2" className="Musoq.Evaluator.Tests.BitwiseOperationsAndTests" name="WhenBitwiseAndBetweenUIntAndLong_ShouldBeEvaluated" />
    </UnitTest>
    <UnitTest name="WhenBitwiseAndBetweenUIntAndByte_ShouldBeEvaluated" storage="/home/runner/work/musoq/musoq/musoq.evaluator.tests/bin/debug/net8.0/musoq.evaluator.tests.dll" id="0238cb12-1cd3-761a-6e11-cb526c07eae5">
      <Execution id="d406cc87-b49b-4589-9d88-54cdbe041a81" />
      <TestMethod codeBase="/home/runner/work/Musoq/Musoq/Musoq.Evaluator.Tests/bin/Debug/net8.0/Musoq.Evaluator.Tests.dll" adapterTypeName="executor://mstestadapter/v2" className="Musoq.Evaluator.Tests.BitwiseOperationsAndTests" name="WhenBitwiseAndBetweenUIntAndByte_ShouldBeEvaluated" />
    </UnitTest>
    <UnitTest name="WhenOrderByWithDescAfterGroupBy_ShouldSucceed" storage="/home/runner/work/musoq/musoq/musoq.evaluator.tests/bin/debug/net8.0/musoq.evaluator.tests.dll" id="27ccd2e0-9a5d-cbac-8a80-62d5e7365a4a">
      <Execution id="e37e4269-4270-44be-bb36-7ccc848df2de" />
      <TestMethod codeBase="/home/runner/work/Musoq/Musoq/Musoq.Evaluator.Tests/bin/Debug/net8.0/Musoq.Evaluator.Tests.dll" adapterTypeName="executor://mstestadapter/v2" className="Musoq.Evaluator.Tests.OrderByTests" name="WhenOrderByWithDescAfterGroupBy_ShouldSucceed" />
    </UnitTest>
    <UnitTest name="MixedSourcesExceptUnionWithMultipleColumnsScenarioTest" storage="/home/runner/work/musoq/musoq/musoq.evaluator.tests/bin/debug/net8.0/musoq.evaluator.tests.dll" id="adc9587f-2229-c4bc-eb8b-d77610694421">
      <Execution id="ef9bae0b-803e-45b8-8d36-891a5c3a0a1b" />
      <TestMethod codeBase="/home/runner/work/Musoq/Musoq/Musoq.Evaluator.Tests/bin/Debug/net8.0/Musoq.Evaluator.Tests.dll" adapterTypeName="executor://mstestadapter/v2" className="Musoq.Evaluator.Tests.SetsOperatorsTests" name="MixedSourcesExceptUnionWithMultipleColumnsScenarioTest" />
    </UnitTest>
    <UnitTest name="WhenSpecialCharacterStartBracketUsedInTextWith_MustNotThrow (,)" storage="/home/runner/work/musoq/musoq/musoq.evaluator.tests/bin/debug/net8.0/musoq.evaluator.tests.dll" id="3130849e-9950-8c38-88f8-c2981f3244c5">
      <Execution id="bc1d3d91-4999-4627-b3fa-98cfb37ae86f" />
      <TestMethod codeBase="/home/runner/work/Musoq/Musoq/Musoq.Evaluator.Tests/bin/Debug/net8.0/Musoq.Evaluator.Tests.dll" adapterTypeName="executor://mstestadapter/v2" className="Musoq.Evaluator.Tests.StringsTests" name="WhenSpecialCharacterStartBracketUsedInTextWith_MustNotThrow" />
    </UnitTest>
    <UnitTest name="SubtractionWithUnaryMinusExpressionTest" storage="/home/runner/work/musoq/musoq/musoq.evaluator.tests/bin/debug/net8.0/musoq.evaluator.tests.dll" id="d5f349e0-091d-b97c-0a1a-42acde32e958">
      <Execution id="43151c07-79b3-4966-8ea2-3cd9c09a1915" />
      <TestMethod codeBase="/home/runner/work/Musoq/Musoq/Musoq.Evaluator.Tests/bin/Debug/net8.0/Musoq.Evaluator.Tests.dll" adapterTypeName="executor://mstestadapter/v2" className="Musoq.Evaluator.Tests.ArithmeticTests" name="SubtractionWithUnaryMinusExpressionTest" />
    </UnitTest>
    <UnitTest name="CountWithRowNumberAndWithoutGroupByTest" storage="/home/runner/work/musoq/musoq/musoq.evaluator.tests/bin/debug/net8.0/musoq.evaluator.tests.dll" id="6fe55e00-3434-f423-9b49-52e9cbd38006">
      <Execution id="0245bccf-1126-41a3-9f9b-b5ef2b093c17" />
      <TestMethod codeBase="/home/runner/work/Musoq/Musoq/Musoq.Evaluator.Tests/bin/Debug/net8.0/Musoq.Evaluator.Tests.dll" adapterTypeName="executor://mstestadapter/v2" className="Musoq.Evaluator.Tests.GroupByTests" name="CountWithRowNumberAndWithoutGroupByTest" />
    </UnitTest>
    <UnitTest name="WhenBitwiseAndBetweenLongAndByte_ShouldBeEvaluated" storage="/home/runner/work/musoq/musoq/musoq.evaluator.tests/bin/debug/net8.0/musoq.evaluator.tests.dll" id="b70dce47-106c-a276-7fab-26044ccdb465">
      <Execution id="605052df-3f64-4dfb-b922-0ff9c49bbf71" />
      <TestMethod codeBase="/home/runner/work/Musoq/Musoq/Musoq.Evaluator.Tests/bin/Debug/net8.0/Musoq.Evaluator.Tests.dll" adapterTypeName="executor://mstestadapter/v2" className="Musoq.Evaluator.Tests.BitwiseOperationsAndTests" name="WhenBitwiseAndBetweenLongAndByte_ShouldBeEvaluated" />
    </UnitTest>
    <UnitTest name="WhenBitwiseOrBetweenShortAndByte_ShouldBeEvaluated" storage="/home/runner/work/musoq/musoq/musoq.evaluator.tests/bin/debug/net8.0/musoq.evaluator.tests.dll" id="006c7d07-61d9-be07-6477-a61359af6e76">
      <Execution id="12eb35f9-05f9-4965-af2c-77bf9b3dad5b" />
      <TestMethod codeBase="/home/runner/work/Musoq/Musoq/Musoq.Evaluator.Tests/bin/Debug/net8.0/Musoq.Evaluator.Tests.dll" adapterTypeName="executor://mstestadapter/v2" className="Musoq.Evaluator.Tests.BitwiseOperationsOrTests" name="WhenBitwiseOrBetweenShortAndByte_ShouldBeEvaluated" />
    </UnitTest>
    <UnitTest name="WhenNonExistingAliasUsed_ShouldThrow" storage="/home/runner/work/musoq/musoq/musoq.evaluator.tests/bin/debug/net8.0/musoq.evaluator.tests.dll" id="84b74dc5-2e76-a120-bd4c-fdb7f499dcf8">
      <Execution id="98853b26-e33b-4c77-ae14-f19895f4d0f3" />
      <TestMethod codeBase="/home/runner/work/Musoq/Musoq/Musoq.Evaluator.Tests/bin/Debug/net8.0/Musoq.Evaluator.Tests.dll" adapterTypeName="executor://mstestadapter/v2" className="Musoq.Evaluator.Tests.AliasTests" name="WhenNonExistingAliasUsed_ShouldThrow" />
    </UnitTest>
    <UnitTest name="WhenBitwiseXorBetweenSbyteAndSbyte_ShouldBeEvaluated" storage="/home/runner/work/musoq/musoq/musoq.evaluator.tests/bin/debug/net8.0/musoq.evaluator.tests.dll" id="393c3afc-b1cc-0983-2594-6cc4380be2ca">
      <Execution id="574aded5-b917-4be4-832c-4c77bf13f343" />
      <TestMethod codeBase="/home/runner/work/Musoq/Musoq/Musoq.Evaluator.Tests/bin/Debug/net8.0/Musoq.Evaluator.Tests.dll" adapterTypeName="executor://mstestadapter/v2" className="Musoq.Evaluator.Tests.BitwiseOperationsXorTests" name="WhenBitwiseXorBetweenSbyteAndSbyte_ShouldBeEvaluated" />
    </UnitTest>
    <UnitTest name="WhenBitwiseAndBetweenLongAndInt_ShouldBeEvaluated" storage="/home/runner/work/musoq/musoq/musoq.evaluator.tests/bin/debug/net8.0/musoq.evaluator.tests.dll" id="67ee424f-d405-4959-1850-55552a48a08b">
      <Execution id="ae9b200e-8241-4a37-82fb-4ea2b121cc9e" />
      <TestMethod codeBase="/home/runner/work/Musoq/Musoq/Musoq.Evaluator.Tests/bin/Debug/net8.0/Musoq.Evaluator.Tests.dll" adapterTypeName="executor://mstestadapter/v2" className="Musoq.Evaluator.Tests.BitwiseOperationsAndTests" name="WhenBitwiseAndBetweenLongAndInt_ShouldBeEvaluated" />
    </UnitTest>
    <UnitTest name="RemapPrimitiveTypesTest" storage="/home/runner/work/musoq/musoq/musoq.evaluator.tests/bin/debug/net8.0/musoq.evaluator.tests.dll" id="96f174e7-4d55-151b-7c6c-8114e514a01b">
      <Execution id="1e1c9650-6454-4db8-a149-bf1221d3e435" />
      <TestMethod codeBase="/home/runner/work/Musoq/Musoq/Musoq.Evaluator.Tests/bin/Debug/net8.0/Musoq.Evaluator.Tests.dll" adapterTypeName="executor://mstestadapter/v2" className="Musoq.Evaluator.Tests.EvaluationHelperTests" name="RemapPrimitiveTypesTest" />
    </UnitTest>
    <UnitTest name="ExceptSourceGroupByTest" storage="/home/runner/work/musoq/musoq/musoq.evaluator.tests/bin/debug/net8.0/musoq.evaluator.tests.dll" id="1298e7eb-41ff-e546-9072-b22d43f0edbb">
      <Execution id="291124e3-29e3-41dc-9da0-eb981c70628e" />
      <TestMethod codeBase="/home/runner/work/Musoq/Musoq/Musoq.Evaluator.Tests/bin/Debug/net8.0/Musoq.Evaluator.Tests.dll" adapterTypeName="executor://mstestadapter/v2" className="Musoq.Evaluator.Tests.SetsOperatorsTests" name="ExceptSourceGroupByTest" />
    </UnitTest>
    <UnitTest name="InnerJoinCteTablesTest" storage="/home/runner/work/musoq/musoq/musoq.evaluator.tests/bin/debug/net8.0/musoq.evaluator.tests.dll" id="c0296a27-2151-6d31-c196-63c9b00946ea">
      <Execution id="f713f6ac-3384-4806-9d06-c58a06eab254" />
      <TestMethod codeBase="/home/runner/work/Musoq/Musoq/Musoq.Evaluator.Tests/bin/Debug/net8.0/Musoq.Evaluator.Tests.dll" adapterTypeName="executor://mstestadapter/v2" className="Musoq.Evaluator.Tests.JoinTests" name="InnerJoinCteTablesTest" />
    </UnitTest>
    <UnitTest name="WhenLargeDecimalWithDotUsed_ShouldHaveColumnOfThatType" storage="/home/runner/work/musoq/musoq/musoq.evaluator.tests/bin/debug/net8.0/musoq.evaluator.tests.dll" id="df6b52b5-641f-4bfe-3fa5-ea54bf7033c5">
      <Execution id="965d21cb-3482-4fa6-92db-2cf483ab741c" />
      <TestMethod codeBase="/home/runner/work/Musoq/Musoq/Musoq.Evaluator.Tests/bin/Debug/net8.0/Musoq.Evaluator.Tests.dll" adapterTypeName="executor://mstestadapter/v2" className="Musoq.Evaluator.Tests.NumericLiteralTypesTests" name="WhenLargeDecimalWithDotUsed_ShouldHaveColumnOfThatType" />
    </UnitTest>
    <UnitTest name="WhenOrderByMultipleColumnsSecondColumnDesc_ShouldSucceed" storage="/home/runner/work/musoq/musoq/musoq.evaluator.tests/bin/debug/net8.0/musoq.evaluator.tests.dll" id="59e71cc2-082b-ed1f-942a-a8364e9e20a5">
      <Execution id="340d7595-f292-4cca-bed0-879aabcf5a57" />
      <TestMethod codeBase="/home/runner/work/Musoq/Musoq/Musoq.Evaluator.Tests/bin/Debug/net8.0/Musoq.Evaluator.Tests.dll" adapterTypeName="executor://mstestadapter/v2" className="Musoq.Evaluator.Tests.OrderByTests" name="WhenOrderByMultipleColumnsSecondColumnDesc_ShouldSucceed" />
    </UnitTest>
    <UnitTest name="WithDynamicSource_DescDynamicObjectWithComplexColumns_ShouldPass" storage="/home/runner/work/musoq/musoq/musoq.evaluator.tests/bin/debug/net8.0/musoq.evaluator.tests.dll" id="c98549c8-8765-fdcf-48c6-a060e3807146">
      <Execution id="bcd4980b-35cb-40ba-9448-5091a0f99ffa" />
      <TestMethod codeBase="/home/runner/work/Musoq/Musoq/Musoq.Evaluator.Tests/bin/Debug/net8.0/Musoq.Evaluator.Tests.dll" adapterTypeName="executor://mstestadapter/v2" className="Musoq.Evaluator.Tests.DynamicSourceQueryTests" name="WithDynamicSource_DescDynamicObjectWithComplexColumns_ShouldPass" />
    </UnitTest>
    <UnitTest name="WhenObjectIsNotArray_ShouldFail" storage="/home/runner/work/musoq/musoq/musoq.evaluator.tests/bin/debug/net8.0/musoq.evaluator.tests.dll" id="30eadcd1-f130-3efc-f8d4-a30a2b04f0bc">
      <Execution id="dacf1809-3612-4de2-8f4f-a98e803f2cdb" />
      <TestMethod codeBase="/home/runner/work/Musoq/Musoq/Musoq.Evaluator.Tests/bin/Debug/net8.0/Musoq.Evaluator.Tests.dll" adapterTypeName="executor://mstestadapter/v2" className="Musoq.Evaluator.Tests.ColumnsTests" name="WhenObjectIsNotArray_ShouldFail" />
    </UnitTest>
    <UnitTest name="WhenContextsOfInnerCteShouldTurnContextOfResultingTable_ShouldPass" storage="/home/runner/work/musoq/musoq/musoq.evaluator.tests/bin/debug/net8.0/musoq.evaluator.tests.dll" id="50c2974a-93b5-d034-536b-61c1691458ba">
      <Execution id="37ffde47-e5c0-437b-8f5a-4a14b0c883a7" />
      <TestMethod codeBase="/home/runner/work/Musoq/Musoq/Musoq.Evaluator.Tests/bin/Debug/net8.0/Musoq.Evaluator.Tests.dll" adapterTypeName="executor://mstestadapter/v2" className="Musoq.Evaluator.Tests.MethodInvocationTests" name="WhenContextsOfInnerCteShouldTurnContextOfResultingTable_ShouldPass" />
    </UnitTest>
    <UnitTest name="WhenByteAndShortUsed_ShouldHaveColumnOfIntType" storage="/home/runner/work/musoq/musoq/musoq.evaluator.tests/bin/debug/net8.0/musoq.evaluator.tests.dll" id="2d0f28d0-2107-3150-ad8a-bf2310b266b7">
      <Execution id="c5f539cc-edf6-4211-9e61-ad1ef8b0d5ec" />
      <TestMethod codeBase="/home/runner/work/Musoq/Musoq/Musoq.Evaluator.Tests/bin/Debug/net8.0/Musoq.Evaluator.Tests.dll" adapterTypeName="executor://mstestadapter/v2" className="Musoq.Evaluator.Tests.ArithmeticForCrossTypesTests" name="WhenByteAndShortUsed_ShouldHaveColumnOfIntType" />
    </UnitTest>
    <UnitTest name="WhenShortAndShortUsed_ShouldHaveColumnOfThatType" storage="/home/runner/work/musoq/musoq/musoq.evaluator.tests/bin/debug/net8.0/musoq.evaluator.tests.dll" id="4387e94e-dce1-65b3-024a-93c5ce09ca12">
      <Execution id="729f2b98-52da-4ea5-b91e-8e40cb021d39" />
      <TestMethod codeBase="/home/runner/work/Musoq/Musoq/Musoq.Evaluator.Tests/bin/Debug/net8.0/Musoq.Evaluator.Tests.dll" adapterTypeName="executor://mstestadapter/v2" className="Musoq.Evaluator.Tests.ArithmeticForCrossTypesTests" name="WhenShortAndShortUsed_ShouldHaveColumnOfThatType" />
    </UnitTest>
    <UnitTest name="WhenAccessingTheFirstLetterWithIndexerInsideAggregation_ShouldSucceed" storage="/home/runner/work/musoq/musoq/musoq.evaluator.tests/bin/debug/net8.0/musoq.evaluator.tests.dll" id="4a6e5154-da41-ce89-bad5-156106b9f7eb">
      <Execution id="32ca0539-e843-4411-8f1d-9ac5664e1b3f" />
      <TestMethod codeBase="/home/runner/work/Musoq/Musoq/Musoq.Evaluator.Tests/bin/Debug/net8.0/Musoq.Evaluator.Tests.dll" adapterTypeName="executor://mstestadapter/v2" className="Musoq.Evaluator.Tests.GroupByTests" name="WhenAccessingTheFirstLetterWithIndexerInsideAggregation_ShouldSucceed" />
    </UnitTest>
    <UnitTest name="GroupByQueryCancellation" storage="/home/runner/work/musoq/musoq/musoq.evaluator.tests/bin/debug/net8.0/musoq.evaluator.tests.dll" id="f4d87305-2b0a-1256-e6f1-346003105e55">
      <Execution id="c14bb26e-c5fe-4c2b-8519-35d352947173" />
      <TestMethod codeBase="/home/runner/work/Musoq/Musoq/Musoq.Evaluator.Tests/bin/Debug/net8.0/Musoq.Evaluator.Tests.dll" adapterTypeName="executor://mstestadapter/v2" className="Musoq.Evaluator.Tests.CancellationTests" name="GroupByQueryCancellation" />
    </UnitTest>
    <UnitTest name="ModuloExpressionWithSubtractionTest" storage="/home/runner/work/musoq/musoq/musoq.evaluator.tests/bin/debug/net8.0/musoq.evaluator.tests.dll" id="163bb900-62fa-99f1-76ce-5f6d29d9707d">
      <Execution id="a2dca168-51cb-43bc-982e-ecbe95d6dd09" />
      <TestMethod codeBase="/home/runner/work/Musoq/Musoq/Musoq.Evaluator.Tests/bin/Debug/net8.0/Musoq.Evaluator.Tests.dll" adapterTypeName="executor://mstestadapter/v2" className="Musoq.Evaluator.Tests.ArithmeticTests" name="ModuloExpressionWithSubtractionTest" />
    </UnitTest>
    <UnitTest name="CountWithFakeGroupByTest" storage="/home/runner/work/musoq/musoq/musoq.evaluator.tests/bin/debug/net8.0/musoq.evaluator.tests.dll" id="1fb0db95-958c-0582-a508-7df7b911aae9">
      <Execution id="2a0c9159-12b8-4054-b0b7-8c5f9cdf7cb7" />
      <TestMethod codeBase="/home/runner/work/Musoq/Musoq/Musoq.Evaluator.Tests/bin/Debug/net8.0/Musoq.Evaluator.Tests.dll" adapterTypeName="executor://mstestadapter/v2" className="Musoq.Evaluator.Tests.GroupByTests" name="CountWithFakeGroupByTest" />
    </UnitTest>
    <UnitTest name="WhenSpecialCharacterStartBracketUsedInTextWith_MustNotThrow (|)" storage="/home/runner/work/musoq/musoq/musoq.evaluator.tests/bin/debug/net8.0/musoq.evaluator.tests.dll" id="0d38d276-f16a-6049-3a00-7fc62a1086b0">
      <Execution id="6e26d42c-5b95-4b1a-b6d1-0fd013d3991a" />
      <TestMethod codeBase="/home/runner/work/Musoq/Musoq/Musoq.Evaluator.Tests/bin/Debug/net8.0/Musoq.Evaluator.Tests.dll" adapterTypeName="executor://mstestadapter/v2" className="Musoq.Evaluator.Tests.StringsTests" name="WhenSpecialCharacterStartBracketUsedInTextWith_MustNotThrow" />
    </UnitTest>
    <UnitTest name="WhenToStringCalled_ShouldReturnSameQuery (table Example { Id 'System.Int32', Name 'System.String' };)" storage="/home/runner/work/musoq/musoq/musoq.evaluator.tests/bin/debug/net8.0/musoq.evaluator.tests.dll" id="a7d6acc5-b9fb-25de-5b4a-855a8dda7222">
      <Execution id="c5d754e8-f894-4c75-bc89-7ed3f3f41568" />
      <TestMethod codeBase="/home/runner/work/Musoq/Musoq/Musoq.Evaluator.Tests/bin/Debug/net8.0/Musoq.Evaluator.Tests.dll" adapterTypeName="executor://mstestadapter/v2" className="Musoq.Evaluator.Tests.StringifyTests" name="WhenToStringCalled_ShouldReturnSameQuery" />
    </UnitTest>
    <UnitTest name="WhenEscapeCharacterUsedInText_MustNotThrow" storage="/home/runner/work/musoq/musoq/musoq.evaluator.tests/bin/debug/net8.0/musoq.evaluator.tests.dll" id="48ebcebb-80ff-2ef1-4f28-703254379c9a">
      <Execution id="c76f208d-e4aa-49f9-a067-b4aee2ff52fa" />
      <TestMethod codeBase="/home/runner/work/Musoq/Musoq/Musoq.Evaluator.Tests/bin/Debug/net8.0/Musoq.Evaluator.Tests.dll" adapterTypeName="executor://mstestadapter/v2" className="Musoq.Evaluator.Tests.StringsTests" name="WhenEscapeCharacterUsedInText_MustNotThrow" />
    </UnitTest>
    <UnitTest name="WhenNestedObjectDoesNotImplementIndexer_ShouldFail" storage="/home/runner/work/musoq/musoq/musoq.evaluator.tests/bin/debug/net8.0/musoq.evaluator.tests.dll" id="05240dd8-5fb2-c4ca-4cae-0b2f9e04ed8d">
      <Execution id="0b5f1f10-2715-45dc-866e-7794eb3a8753" />
      <TestMethod codeBase="/home/runner/work/Musoq/Musoq/Musoq.Evaluator.Tests/bin/Debug/net8.0/Musoq.Evaluator.Tests.dll" adapterTypeName="executor://mstestadapter/v2" className="Musoq.Evaluator.Tests.ColumnsTests" name="WhenNestedObjectDoesNotImplementIndexer_ShouldFail" />
    </UnitTest>
    <UnitTest name="WhenSpecialCharacterStartBracketUsedInTextWith_MustNotThrow ([)" storage="/home/runner/work/musoq/musoq/musoq.evaluator.tests/bin/debug/net8.0/musoq.evaluator.tests.dll" id="d90ff1f9-136a-43c9-0a01-33e52bdcf5f7">
      <Execution id="5f4362fb-5aeb-4d8d-9743-73da811ecb14" />
      <TestMethod codeBase="/home/runner/work/Musoq/Musoq/Musoq.Evaluator.Tests/bin/Debug/net8.0/Musoq.Evaluator.Tests.dll" adapterTypeName="executor://mstestadapter/v2" className="Musoq.Evaluator.Tests.StringsTests" name="WhenSpecialCharacterStartBracketUsedInTextWith_MustNotThrow" />
    </UnitTest>
    <UnitTest name="TailWithStringTest" storage="/home/runner/work/musoq/musoq/musoq.evaluator.tests/bin/debug/net8.0/musoq.evaluator.tests.dll" id="cf2c49f5-0c75-9579-f4fa-22ad8f63245b">
      <Execution id="ce813f48-549c-40f9-bf94-8aec5c52347b" />
      <TestMethod codeBase="/home/runner/work/Musoq/Musoq/Musoq.Evaluator.Tests/bin/Debug/net8.0/Musoq.Evaluator.Tests.dll" adapterTypeName="executor://mstestadapter/v2" className="Musoq.Evaluator.Tests.SingleSchemaEvaluatorTests" name="TailWithStringTest" />
    </UnitTest>
    <UnitTest name="WhenCteInheritsAliasedName_ShouldBeAccessibleByAliasedColumnNameAccessSyntax" storage="/home/runner/work/musoq/musoq/musoq.evaluator.tests/bin/debug/net8.0/musoq.evaluator.tests.dll" id="7176d104-06fd-e75a-6eef-5c4f81df8897">
      <Execution id="4ef9d5a2-c3b7-409b-9a6c-0a49195a935f" />
      <TestMethod codeBase="/home/runner/work/Musoq/Musoq/Musoq.Evaluator.Tests/bin/Debug/net8.0/Musoq.Evaluator.Tests.dll" adapterTypeName="executor://mstestadapter/v2" className="Musoq.Evaluator.Tests.AliasTests" name="WhenCteInheritsAliasedName_ShouldBeAccessibleByAliasedColumnNameAccessSyntax" />
    </UnitTest>
    <UnitTest name="ComplexWhere1Test" storage="/home/runner/work/musoq/musoq/musoq.evaluator.tests/bin/debug/net8.0/musoq.evaluator.tests.dll" id="95ed1d62-3915-0a4c-dfb0-d194ab946e96">
      <Execution id="976afdf9-19df-41eb-8ad4-9866ba42cacf" />
      <TestMethod codeBase="/home/runner/work/Musoq/Musoq/Musoq.Evaluator.Tests/bin/Debug/net8.0/Musoq.Evaluator.Tests.dll" adapterTypeName="executor://mstestadapter/v2" className="Musoq.Evaluator.Tests.SingleSchemaEvaluatorTests" name="ComplexWhere1Test" />
    </UnitTest>
    <UnitTest name="WhenByteAndULongUsed_ShouldHaveColumnOfULongType" storage="/home/runner/work/musoq/musoq/musoq.evaluator.tests/bin/debug/net8.0/musoq.evaluator.tests.dll" id="1bb5a719-8fb8-2b50-e0e5-fee075d80ac0">
      <Execution id="577007b9-4048-4fef-9358-279ca3ee9485" />
      <TestMethod codeBase="/home/runner/work/Musoq/Musoq/Musoq.Evaluator.Tests/bin/Debug/net8.0/Musoq.Evaluator.Tests.dll" adapterTypeName="executor://mstestadapter/v2" className="Musoq.Evaluator.Tests.ArithmeticForCrossTypesTests" name="WhenByteAndULongUsed_ShouldHaveColumnOfULongType" />
    </UnitTest>
    <UnitTest name="UnionWithDuplicatedKeysTest" storage="/home/runner/work/musoq/musoq/musoq.evaluator.tests/bin/debug/net8.0/musoq.evaluator.tests.dll" id="913acd82-a317-96ac-5c38-959be27be9b6">
      <Execution id="48268c95-5981-4569-a438-6ade78a511d1" />
      <TestMethod codeBase="/home/runner/work/Musoq/Musoq/Musoq.Evaluator.Tests/bin/Debug/net8.0/Musoq.Evaluator.Tests.dll" adapterTypeName="executor://mstestadapter/v2" className="Musoq.Evaluator.Tests.SetsOperatorsTests" name="UnionWithDuplicatedKeysTest" />
    </UnitTest>
    <UnitTest name="WhenBitwiseOrBetweenUlongAndUint_ShouldBeEvaluated" storage="/home/runner/work/musoq/musoq/musoq.evaluator.tests/bin/debug/net8.0/musoq.evaluator.tests.dll" id="e7dee04a-484c-f9ce-58f4-950c0bdaaed9">
      <Execution id="385a3b55-a33d-401c-a9da-aad72246faf2" />
      <TestMethod codeBase="/home/runner/work/Musoq/Musoq/Musoq.Evaluator.Tests/bin/Debug/net8.0/Musoq.Evaluator.Tests.dll" adapterTypeName="executor://mstestadapter/v2" className="Musoq.Evaluator.Tests.BitwiseOperationsOrTests" name="WhenBitwiseOrBetweenUlongAndUint_ShouldBeEvaluated" />
    </UnitTest>
    <UnitTest name="WhenBitwiseOrBetweenIntAndShort_ShouldBeEvaluated" storage="/home/runner/work/musoq/musoq/musoq.evaluator.tests/bin/debug/net8.0/musoq.evaluator.tests.dll" id="1bdae0b0-b8db-3506-f262-67e3c22ec7d2">
      <Execution id="48abfb9e-ef3d-45fa-bf1a-29f47e5c8f1e" />
      <TestMethod codeBase="/home/runner/work/Musoq/Musoq/Musoq.Evaluator.Tests/bin/Debug/net8.0/Musoq.Evaluator.Tests.dll" adapterTypeName="executor://mstestadapter/v2" className="Musoq.Evaluator.Tests.BitwiseOperationsOrTests" name="WhenBitwiseOrBetweenIntAndShort_ShouldBeEvaluated" />
    </UnitTest>
    <UnitTest name="MixedSourcesWithSkipIntersectUnionScenarioTest" storage="/home/runner/work/musoq/musoq/musoq.evaluator.tests/bin/debug/net8.0/musoq.evaluator.tests.dll" id="ca2b08f4-fb0c-13bd-c5d6-f634036fe338">
      <Execution id="e7fbc833-93af-4959-a24d-f85aa18d4078" />
      <TestMethod codeBase="/home/runner/work/Musoq/Musoq/Musoq.Evaluator.Tests/bin/Debug/net8.0/Musoq.Evaluator.Tests.dll" adapterTypeName="executor://mstestadapter/v2" className="Musoq.Evaluator.Tests.SetsOperatorsTests" name="MixedSourcesWithSkipIntersectUnionScenarioTest" />
    </UnitTest>
    <UnitTest name="WhenToStringCalled_ShouldReturnSameQuery (select s.Column1, s.Column2 from #some.thing() s where s.Column1 &gt; 10 group by s.Column2)" storage="/home/runner/work/musoq/musoq/musoq.evaluator.tests/bin/debug/net8.0/musoq.evaluator.tests.dll" id="7bb014d4-5922-67b5-ffed-2fef7592b9a1">
      <Execution id="0e035f69-8c4d-4178-be1c-4f079fa174b1" />
      <TestMethod codeBase="/home/runner/work/Musoq/Musoq/Musoq.Evaluator.Tests/bin/Debug/net8.0/Musoq.Evaluator.Tests.dll" adapterTypeName="executor://mstestadapter/v2" className="Musoq.Evaluator.Tests.StringifyTests" name="WhenToStringCalled_ShouldReturnSameQuery" />
    </UnitTest>
    <UnitTest name="WhenByteMethodCallAndUShortUsed_ShouldHaveColumnOfThatType" storage="/home/runner/work/musoq/musoq/musoq.evaluator.tests/bin/debug/net8.0/musoq.evaluator.tests.dll" id="9c454bee-a5d3-d9f6-b57a-a4d219662a26">
      <Execution id="dc7aebcc-7755-443f-b89a-5c398531da31" />
      <TestMethod codeBase="/home/runner/work/Musoq/Musoq/Musoq.Evaluator.Tests/bin/Debug/net8.0/Musoq.Evaluator.Tests.dll" adapterTypeName="executor://mstestadapter/v2" className="Musoq.Evaluator.Tests.ArithmeticForMethodCallAndTypeSpecificOperationTests" name="WhenByteMethodCallAndUShortUsed_ShouldHaveColumnOfThatType" />
    </UnitTest>
    <UnitTest name="WhenOrderByAfterGroupBy_ShouldSuccess" storage="/home/runner/work/musoq/musoq/musoq.evaluator.tests/bin/debug/net8.0/musoq.evaluator.tests.dll" id="261344c1-62ee-f919-19f7-922a2569fe84">
      <Execution id="795aabef-29f2-4f7a-b5cb-6a8600bb32b8" />
      <TestMethod codeBase="/home/runner/work/Musoq/Musoq/Musoq.Evaluator.Tests/bin/Debug/net8.0/Musoq.Evaluator.Tests.dll" adapterTypeName="executor://mstestadapter/v2" className="Musoq.Evaluator.Tests.OrderByTests" name="WhenOrderByAfterGroupBy_ShouldSuccess" />
    </UnitTest>
    <UnitTest name="WhenBitwiseOrBetweenLongAndInt_ShouldBeEvaluated" storage="/home/runner/work/musoq/musoq/musoq.evaluator.tests/bin/debug/net8.0/musoq.evaluator.tests.dll" id="ac650c29-3c9b-f926-c248-25a243011cfe">
      <Execution id="4c14929a-63c1-4cb0-b42f-657a5fc1ef20" />
      <TestMethod codeBase="/home/runner/work/Musoq/Musoq/Musoq.Evaluator.Tests/bin/Debug/net8.0/Musoq.Evaluator.Tests.dll" adapterTypeName="executor://mstestadapter/v2" className="Musoq.Evaluator.Tests.BitwiseOperationsOrTests" name="WhenBitwiseOrBetweenLongAndInt_ShouldBeEvaluated" />
    </UnitTest>
    <UnitTest name="WhenBitwiseOrBetweenByteAndSByte_ShouldBeEvaluated" storage="/home/runner/work/musoq/musoq/musoq.evaluator.tests/bin/debug/net8.0/musoq.evaluator.tests.dll" id="06688e97-6824-abb5-c482-a4007e36bd97">
      <Execution id="d0127702-ae89-4cc7-b5aa-1551e23d7101" />
      <TestMethod codeBase="/home/runner/work/Musoq/Musoq/Musoq.Evaluator.Tests/bin/Debug/net8.0/Musoq.Evaluator.Tests.dll" adapterTypeName="executor://mstestadapter/v2" className="Musoq.Evaluator.Tests.BitwiseOperationsOrTests" name="WhenBitwiseOrBetweenByteAndSByte_ShouldBeEvaluated" />
    </UnitTest>
    <UnitTest name="PassInferredColumnsWithJoinBetweenTwoCoupledTables" storage="/home/runner/work/musoq/musoq/musoq.evaluator.tests/bin/debug/net8.0/musoq.evaluator.tests.dll" id="b40caadb-44e8-bd6c-04f4-62f476c77c1e">
      <Execution id="9879ff46-955a-4e56-90d5-9e312dae52e4" />
      <TestMethod codeBase="/home/runner/work/Musoq/Musoq/Musoq.Evaluator.Tests/bin/Debug/net8.0/Musoq.Evaluator.Tests.dll" adapterTypeName="executor://mstestadapter/v2" className="Musoq.Evaluator.Tests.PassInferredColumnsTests" name="PassInferredColumnsWithJoinBetweenTwoCoupledTables" />
    </UnitTest>
    <UnitTest name="WhenToStringCalled_ShouldReturnSameQuery (select b.* from #some.thing() a cross apply a.Column b)" storage="/home/runner/work/musoq/musoq/musoq.evaluator.tests/bin/debug/net8.0/musoq.evaluator.tests.dll" id="1c6e6bbd-4559-015c-34d0-44899ecfcc6a">
      <Execution id="b632e70e-2f2d-4d69-abb8-ca139d115b41" />
      <TestMethod codeBase="/home/runner/work/Musoq/Musoq/Musoq.Evaluator.Tests/bin/Debug/net8.0/Musoq.Evaluator.Tests.dll" adapterTypeName="executor://mstestadapter/v2" className="Musoq.Evaluator.Tests.StringifyTests" name="WhenToStringCalled_ShouldReturnSameQuery" />
    </UnitTest>
    <UnitTest name="SimpleRightJoinTest" storage="/home/runner/work/musoq/musoq/musoq.evaluator.tests/bin/debug/net8.0/musoq.evaluator.tests.dll" id="50795332-6fc6-1bbd-99bd-6fb6dea21ef5">
      <Execution id="5fcd03f9-4b29-4c3a-9c81-a6af9adae07f" />
      <TestMethod codeBase="/home/runner/work/Musoq/Musoq/Musoq.Evaluator.Tests/bin/Debug/net8.0/Musoq.Evaluator.Tests.dll" adapterTypeName="executor://mstestadapter/v2" className="Musoq.Evaluator.Tests.JoinTests" name="SimpleRightJoinTest" />
    </UnitTest>
    <UnitTest name="WhenLongAndDoubleUsed_ShouldHaveColumnOfThatType" storage="/home/runner/work/musoq/musoq/musoq.evaluator.tests/bin/debug/net8.0/musoq.evaluator.tests.dll" id="1ba3ddd3-dd10-18b9-fc45-b3b7fa3c4a38">
      <Execution id="51de2654-bfc7-401e-9706-fd8fb3c7a592" />
      <TestMethod codeBase="/home/runner/work/Musoq/Musoq/Musoq.Evaluator.Tests/bin/Debug/net8.0/Musoq.Evaluator.Tests.dll" adapterTypeName="executor://mstestadapter/v2" className="Musoq.Evaluator.Tests.ArithmeticForCrossTypesTests" name="WhenLongAndDoubleUsed_ShouldHaveColumnOfThatType" />
    </UnitTest>
    <UnitTest name="WhenBitwiseOrBetweenUIntAndInt_ShouldBeEvaluated" storage="/home/runner/work/musoq/musoq/musoq.evaluator.tests/bin/debug/net8.0/musoq.evaluator.tests.dll" id="abff0218-12e3-250f-0dad-cc1b787c9f90">
      <Execution id="3bfdc426-83f6-4cac-a0d9-fd7793ca3d1e" />
      <TestMethod codeBase="/home/runner/work/Musoq/Musoq/Musoq.Evaluator.Tests/bin/Debug/net8.0/Musoq.Evaluator.Tests.dll" adapterTypeName="executor://mstestadapter/v2" className="Musoq.Evaluator.Tests.BitwiseOperationsOrTests" name="WhenBitwiseOrBetweenUIntAndInt_ShouldBeEvaluated" />
    </UnitTest>
    <UnitTest name="CrossApplyProperty_SplitWithMultipleProperties_ShouldPass" storage="/home/runner/work/musoq/musoq/musoq.evaluator.tests/bin/debug/net8.0/musoq.evaluator.tests.dll" id="0b8886ee-b4bd-cb37-7d64-bbb5be0dca24">
      <Execution id="cee18b59-4ab6-4011-95ab-dc7d4034acad" />
      <TestMethod codeBase="/home/runner/work/Musoq/Musoq/Musoq.Evaluator.Tests/bin/Debug/net8.0/Musoq.Evaluator.Tests.dll" adapterTypeName="executor://mstestadapter/v2" className="Musoq.Evaluator.Tests.CrossApplyMethodCallTests" name="CrossApplyProperty_SplitWithMultipleProperties_ShouldPass" />
    </UnitTest>
    <UnitTest name="WhenBitwiseXorBetweenIntAndSByte_ShouldBeEvaluated" storage="/home/runner/work/musoq/musoq/musoq.evaluator.tests/bin/debug/net8.0/musoq.evaluator.tests.dll" id="e75b0268-1481-9918-6c31-ce02b5d8f9da">
      <Execution id="9a1b472a-6eab-4c93-8697-2493d1c2699e" />
      <TestMethod codeBase="/home/runner/work/Musoq/Musoq/Musoq.Evaluator.Tests/bin/Debug/net8.0/Musoq.Evaluator.Tests.dll" adapterTypeName="executor://mstestadapter/v2" className="Musoq.Evaluator.Tests.BitwiseOperationsXorTests" name="WhenBitwiseXorBetweenIntAndSByte_ShouldBeEvaluated" />
    </UnitTest>
    <UnitTest name="WhenCarriageReturnEscaped_ShouldBePresent" storage="/home/runner/work/musoq/musoq/musoq.evaluator.tests/bin/debug/net8.0/musoq.evaluator.tests.dll" id="085b95f1-c0db-2f99-b20b-f59be0ae67b8">
      <Execution id="a398a21e-fdda-46a0-9d9d-3769abba8ac7" />
      <TestMethod codeBase="/home/runner/work/Musoq/Musoq/Musoq.Evaluator.Tests/bin/Debug/net8.0/Musoq.Evaluator.Tests.dll" adapterTypeName="executor://mstestadapter/v2" className="Musoq.Evaluator.Tests.EscapeTests" name="WhenCarriageReturnEscaped_ShouldBePresent" />
    </UnitTest>
    <UnitTest name="WhenUShortAndLongUsed_ShouldHaveColumnOfThatType" storage="/home/runner/work/musoq/musoq/musoq.evaluator.tests/bin/debug/net8.0/musoq.evaluator.tests.dll" id="05e6b92f-266f-89d6-4d5a-5073ac7f4aa4">
      <Execution id="867e6d10-bacb-4d60-a8a2-9b2609fb61f7" />
      <TestMethod codeBase="/home/runner/work/Musoq/Musoq/Musoq.Evaluator.Tests/bin/Debug/net8.0/Musoq.Evaluator.Tests.dll" adapterTypeName="executor://mstestadapter/v2" className="Musoq.Evaluator.Tests.ArithmeticForCrossTypesTests" name="WhenUShortAndLongUsed_ShouldHaveColumnOfThatType" />
    </UnitTest>
    <UnitTest name="WhenDecimalAndShortUsed_ShouldHaveColumnOfThatType" storage="/home/runner/work/musoq/musoq/musoq.evaluator.tests/bin/debug/net8.0/musoq.evaluator.tests.dll" id="624b25e2-34a7-4e5b-dac7-1710005dc249">
      <Execution id="470685b5-840e-4662-bbea-7e85477e077d" />
      <TestMethod codeBase="/home/runner/work/Musoq/Musoq/Musoq.Evaluator.Tests/bin/Debug/net8.0/Musoq.Evaluator.Tests.dll" adapterTypeName="executor://mstestadapter/v2" className="Musoq.Evaluator.Tests.ArithmeticForCrossTypesTests" name="WhenDecimalAndShortUsed_ShouldHaveColumnOfThatType" />
    </UnitTest>
    <UnitTest name="WhenBitwiseNotOnUInt_ShouldBeEvaluated" storage="/home/runner/work/musoq/musoq/musoq.evaluator.tests/bin/debug/net8.0/musoq.evaluator.tests.dll" id="1cd4d448-d68f-8daf-73af-3f24ebb2cc82">
      <Execution id="7ff7479a-c481-4076-9a53-2b58c09cf499" />
      <TestMethod codeBase="/home/runner/work/Musoq/Musoq/Musoq.Evaluator.Tests/bin/Debug/net8.0/Musoq.Evaluator.Tests.dll" adapterTypeName="executor://mstestadapter/v2" className="Musoq.Evaluator.Tests.BitwiseOperationsNotTests" name="WhenBitwiseNotOnUInt_ShouldBeEvaluated" />
    </UnitTest>
    <UnitTest name="WhenBitwiseXorBetweenSbyteAndLong_ShouldBeEvaluated" storage="/home/runner/work/musoq/musoq/musoq.evaluator.tests/bin/debug/net8.0/musoq.evaluator.tests.dll" id="25573829-654c-68c2-71bd-616c39106f06">
      <Execution id="f4233156-6a1a-4d99-b2bd-6c3acf540957" />
      <TestMethod codeBase="/home/runner/work/Musoq/Musoq/Musoq.Evaluator.Tests/bin/Debug/net8.0/Musoq.Evaluator.Tests.dll" adapterTypeName="executor://mstestadapter/v2" className="Musoq.Evaluator.Tests.BitwiseOperationsXorTests" name="WhenBitwiseXorBetweenSbyteAndLong_ShouldBeEvaluated" />
    </UnitTest>
    <UnitTest name="SimpleSkipTakeAboveTableAmountTest" storage="/home/runner/work/musoq/musoq/musoq.evaluator.tests/bin/debug/net8.0/musoq.evaluator.tests.dll" id="369d8810-0315-7696-bbd8-2be6c27d9d50">
      <Execution id="ad306635-724c-4889-8f1d-7f1d853ddc85" />
      <TestMethod codeBase="/home/runner/work/Musoq/Musoq/Musoq.Evaluator.Tests/bin/Debug/net8.0/Musoq.Evaluator.Tests.dll" adapterTypeName="executor://mstestadapter/v2" className="Musoq.Evaluator.Tests.SingleSchemaEvaluatorTests" name="SimpleSkipTakeAboveTableAmountTest" />
    </UnitTest>
    <UnitTest name="WhenPassedEnvironmentVariables_JoinedDataSources_ShouldListThemAll" storage="/home/runner/work/musoq/musoq/musoq.evaluator.tests/bin/debug/net8.0/musoq.evaluator.tests.dll" id="a8f31f17-56b1-0fe4-d690-978ce7a80199">
      <Execution id="507d4879-ac8e-44f1-8724-622370add2bc" />
      <TestMethod codeBase="/home/runner/work/Musoq/Musoq/Musoq.Evaluator.Tests/bin/Debug/net8.0/Musoq.Evaluator.Tests.dll" adapterTypeName="executor://mstestadapter/v2" className="Musoq.Evaluator.Tests.EnvironmentVariablesTests" name="WhenPassedEnvironmentVariables_JoinedDataSources_ShouldListThemAll" />
    </UnitTest>
    <UnitTest name="WithDynamicSource_AccessExpandoObjectArray_ShouldPass" storage="/home/runner/work/musoq/musoq/musoq.evaluator.tests/bin/debug/net8.0/musoq.evaluator.tests.dll" id="ae16acfa-9412-11b7-5422-578524d819bf">
      <Execution id="95935db2-1daf-4e89-8f3e-bd60727ab064" />
      <TestMethod codeBase="/home/runner/work/Musoq/Musoq/Musoq.Evaluator.Tests/bin/Debug/net8.0/Musoq.Evaluator.Tests.dll" adapterTypeName="executor://mstestadapter/v2" className="Musoq.Evaluator.Tests.DynamicSourceQueryTests" name="WithDynamicSource_AccessExpandoObjectArray_ShouldPass" />
    </UnitTest>
    <UnitTest name="WhenNullableBooleanFields_ForBinaryOperator_WithMixedSyntaxApplied_SecondExpression_ShouldPass" storage="/home/runner/work/musoq/musoq/musoq.evaluator.tests/bin/debug/net8.0/musoq.evaluator.tests.dll" id="a4b3cb2d-2353-c530-d8af-1339b49638d8">
      <Execution id="9f2a60e0-e505-4d93-a751-03f9b1c831a4" />
      <TestMethod codeBase="/home/runner/work/Musoq/Musoq/Musoq.Evaluator.Tests/bin/Debug/net8.0/Musoq.Evaluator.Tests.dll" adapterTypeName="executor://mstestadapter/v2" className="Musoq.Evaluator.Tests.MethodInvocationTests" name="WhenNullableBooleanFields_ForBinaryOperator_WithMixedSyntaxApplied_SecondExpression_ShouldPass" />
    </UnitTest>
    <UnitTest name="WhenLongAndShortUsed_ShouldHaveColumnOfThatType" storage="/home/runner/work/musoq/musoq/musoq.evaluator.tests/bin/debug/net8.0/musoq.evaluator.tests.dll" id="5b10133a-1f3b-3c1f-f9cd-c1d65069effd">
      <Execution id="c8f77055-93af-4df5-9d21-b328f95c8810" />
      <TestMethod codeBase="/home/runner/work/Musoq/Musoq/Musoq.Evaluator.Tests/bin/Debug/net8.0/Musoq.Evaluator.Tests.dll" adapterTypeName="executor://mstestadapter/v2" className="Musoq.Evaluator.Tests.ArithmeticForCrossTypesTests" name="WhenLongAndShortUsed_ShouldHaveColumnOfThatType" />
    </UnitTest>
    <UnitTest name="ComplexArithmeticExpression1Test" storage="/home/runner/work/musoq/musoq/musoq.evaluator.tests/bin/debug/net8.0/musoq.evaluator.tests.dll" id="dec8884c-ab25-84fa-6c7f-042119aa9aad">
      <Execution id="9d4b3302-bd52-4ccd-a2f9-f7551a7d5e8b" />
      <TestMethod codeBase="/home/runner/work/Musoq/Musoq/Musoq.Evaluator.Tests/bin/Debug/net8.0/Musoq.Evaluator.Tests.dll" adapterTypeName="executor://mstestadapter/v2" className="Musoq.Evaluator.Tests.ArithmeticTests" name="ComplexArithmeticExpression1Test" />
    </UnitTest>
    <UnitTest name="WhenLastIndexOfCalled_ShouldReturnLastIndex" storage="/home/runner/work/musoq/musoq/musoq.evaluator.tests/bin/debug/net8.0/musoq.evaluator.tests.dll" id="62f2f40c-ebb1-f29e-4e9c-739ab4b22405">
      <Execution id="c679d8f1-c69f-4e93-9ea1-bd6b74e91d7d" />
      <TestMethod codeBase="/home/runner/work/Musoq/Musoq/Musoq.Evaluator.Tests/bin/Debug/net8.0/Musoq.Evaluator.Tests.dll" adapterTypeName="executor://mstestadapter/v2" className="Musoq.Evaluator.Tests.StringsTests" name="WhenLastIndexOfCalled_ShouldReturnLastIndex" />
    </UnitTest>
    <UnitTest name="WhenPassedToSchemaMethodArgumentMustHaveKnownType_ShouldHave" storage="/home/runner/work/musoq/musoq/musoq.evaluator.tests/bin/debug/net8.0/musoq.evaluator.tests.dll" id="15bb6de9-0770-0073-0113-c6fc82fd23fe">
      <Execution id="2c5df53c-e096-4f82-acae-6800f0fb5643" />
      <TestMethod codeBase="/home/runner/work/Musoq/Musoq/Musoq.Evaluator.Tests/bin/Debug/net8.0/Musoq.Evaluator.Tests.dll" adapterTypeName="executor://mstestadapter/v2" className="Musoq.Evaluator.Tests.BuildMetadataAndInferTypesVisitorTests" name="WhenPassedToSchemaMethodArgumentMustHaveKnownType_ShouldHave" />
    </UnitTest>
    <UnitTest name="WhenLongMethodCallAndDecimalUsed_ShouldHaveColumnOfThatType" storage="/home/runner/work/musoq/musoq/musoq.evaluator.tests/bin/debug/net8.0/musoq.evaluator.tests.dll" id="197b4c77-0e91-c3a2-4441-89a0fc2b5b8f">
      <Execution id="26dcfa6b-dc5f-4d01-b3a2-0f6fee5cfcfe" />
      <TestMethod codeBase="/home/runner/work/Musoq/Musoq/Musoq.Evaluator.Tests/bin/Debug/net8.0/Musoq.Evaluator.Tests.dll" adapterTypeName="executor://mstestadapter/v2" className="Musoq.Evaluator.Tests.ArithmeticForMethodCallAndTypeSpecificOperationTests" name="WhenLongMethodCallAndDecimalUsed_ShouldHaveColumnOfThatType" />
    </UnitTest>
    <UnitTest name="MultipleUnionAllTest" storage="/home/runner/work/musoq/musoq/musoq.evaluator.tests/bin/debug/net8.0/musoq.evaluator.tests.dll" id="ea52362c-1f5c-ac32-e84c-080e3de1537d">
      <Execution id="280d7595-e1fa-485c-84b8-cfbae95c1a6c" />
      <TestMethod codeBase="/home/runner/work/Musoq/Musoq/Musoq.Evaluator.Tests/bin/Debug/net8.0/Musoq.Evaluator.Tests.dll" adapterTypeName="executor://mstestadapter/v2" className="Musoq.Evaluator.Tests.SetsOperatorsTests" name="MultipleUnionAllTest" />
    </UnitTest>
    <UnitTest name="WhenSchemaMethodOuterAppliedWithAnotherSchema_WithinCte_ShouldPass" storage="/home/runner/work/musoq/musoq/musoq.evaluator.tests/bin/debug/net8.0/musoq.evaluator.tests.dll" id="0d5cadca-6d65-49ed-9b6f-620289122bf9">
      <Execution id="ba99f4e7-4cae-4ec5-a48a-cf7264dc7d1f" />
      <TestMethod codeBase="/home/runner/work/Musoq/Musoq/Musoq.Evaluator.Tests/bin/Debug/net8.0/Musoq.Evaluator.Tests.dll" adapterTypeName="executor://mstestadapter/v2" className="Musoq.Evaluator.Tests.OuterApplyCteTests" name="WhenSchemaMethodOuterAppliedWithAnotherSchema_WithinCte_ShouldPass" />
    </UnitTest>
    <UnitTest name="CrossApply_WithNullRowsFromFunction_ShouldHandleNullGracefully" storage="/home/runner/work/musoq/musoq/musoq.evaluator.tests/bin/debug/net8.0/musoq.evaluator.tests.dll" id="fb4aa84b-6a65-a905-4acf-ecfb707d5920">
      <Execution id="fad5ecf9-7519-4a38-8abb-f277ea257999" />
      <TestMethod codeBase="/home/runner/work/Musoq/Musoq/Musoq.Evaluator.Tests/bin/Debug/net8.0/Musoq.Evaluator.Tests.dll" adapterTypeName="executor://mstestadapter/v2" className="Musoq.Evaluator.Tests.CrossApplyBugTestCases" name="CrossApply_WithNullRowsFromFunction_ShouldHandleNullGracefully" />
    </UnitTest>
    <UnitTest name="WhenBitwiseOrBetweenByteAndInt_ShouldBeEvaluated" storage="/home/runner/work/musoq/musoq/musoq.evaluator.tests/bin/debug/net8.0/musoq.evaluator.tests.dll" id="d7fce058-e89e-e85e-1e14-1e82047adf82">
      <Execution id="2f2f8bac-8647-4762-bea9-96d7fc564982" />
      <TestMethod codeBase="/home/runner/work/Musoq/Musoq/Musoq.Evaluator.Tests/bin/Debug/net8.0/Musoq.Evaluator.Tests.dll" adapterTypeName="executor://mstestadapter/v2" className="Musoq.Evaluator.Tests.BitwiseOperationsOrTests" name="WhenBitwiseOrBetweenByteAndInt_ShouldBeEvaluated" />
    </UnitTest>
    <UnitTest name="WithDynamicSource_AccessArray_ShouldPass" storage="/home/runner/work/musoq/musoq/musoq.evaluator.tests/bin/debug/net8.0/musoq.evaluator.tests.dll" id="babab30a-c7bc-c138-fb7c-3af659da826d">
      <Execution id="fea838ba-a602-453e-ac1a-e573a78aa551" />
      <TestMethod codeBase="/home/runner/work/Musoq/Musoq/Musoq.Evaluator.Tests/bin/Debug/net8.0/Musoq.Evaluator.Tests.dll" adapterTypeName="executor://mstestadapter/v2" className="Musoq.Evaluator.Tests.DynamicSourceQueryTests" name="WithDynamicSource_AccessArray_ShouldPass" />
    </UnitTest>
    <UnitTest name="OuterApplyProperty_SkipAfterSplit_ShouldPass" storage="/home/runner/work/musoq/musoq/musoq.evaluator.tests/bin/debug/net8.0/musoq.evaluator.tests.dll" id="5836c7af-5945-2866-c0e5-01df4d4deb88">
      <Execution id="c736a920-9334-4fb9-accc-e7a9134c2e9e" />
      <TestMethod codeBase="/home/runner/work/Musoq/Musoq/Musoq.Evaluator.Tests/bin/Debug/net8.0/Musoq.Evaluator.Tests.dll" adapterTypeName="executor://mstestadapter/v2" className="Musoq.Evaluator.Tests.OuterApplyMethodCallTests" name="OuterApplyProperty_SkipAfterSplit_ShouldPass" />
    </UnitTest>
    <UnitTest name="WhenBitwiseXorBetweenUshortAndUlong_ShouldBeEvaluated" storage="/home/runner/work/musoq/musoq/musoq.evaluator.tests/bin/debug/net8.0/musoq.evaluator.tests.dll" id="83db8ca9-6314-74a4-8e14-e85990d5ec2d">
      <Execution id="107c59ef-431d-4559-aae8-fd4390528556" />
      <TestMethod codeBase="/home/runner/work/Musoq/Musoq/Musoq.Evaluator.Tests/bin/Debug/net8.0/Musoq.Evaluator.Tests.dll" adapterTypeName="executor://mstestadapter/v2" className="Musoq.Evaluator.Tests.BitwiseOperationsXorTests" name="WhenBitwiseXorBetweenUshortAndUlong_ShouldBeEvaluated" />
    </UnitTest>
    <UnitTest name="SimpleCteWithUnionTest" storage="/home/runner/work/musoq/musoq/musoq.evaluator.tests/bin/debug/net8.0/musoq.evaluator.tests.dll" id="da63afb9-bb49-9525-2d47-9eca365ea18c">
      <Execution id="93e090bb-f0b7-4c08-8243-833afe4ea317" />
      <TestMethod codeBase="/home/runner/work/Musoq/Musoq/Musoq.Evaluator.Tests/bin/Debug/net8.0/Musoq.Evaluator.Tests.dll" adapterTypeName="executor://mstestadapter/v2" className="Musoq.Evaluator.Tests.CteTests" name="SimpleCteWithUnionTest" />
    </UnitTest>
    <UnitTest name="WhenSByteAndIntUsed_ShouldHaveColumnOfIntType" storage="/home/runner/work/musoq/musoq/musoq.evaluator.tests/bin/debug/net8.0/musoq.evaluator.tests.dll" id="4c7fd970-de3a-cc71-45d0-7f1fed6a61eb">
      <Execution id="4402927c-f5f3-4dbc-a4f7-d6260e3917c8" />
      <TestMethod codeBase="/home/runner/work/Musoq/Musoq/Musoq.Evaluator.Tests/bin/Debug/net8.0/Musoq.Evaluator.Tests.dll" adapterTypeName="executor://mstestadapter/v2" className="Musoq.Evaluator.Tests.ArithmeticForCrossTypesTests" name="WhenSByteAndIntUsed_ShouldHaveColumnOfIntType" />
    </UnitTest>
    <UnitTest name="WhenBitwiseOrBetweenShortAndUShort_ShouldBeEvaluated" storage="/home/runner/work/musoq/musoq/musoq.evaluator.tests/bin/debug/net8.0/musoq.evaluator.tests.dll" id="0682fc68-65a0-d665-ae64-f9d10bc8845f">
      <Execution id="cdc8841d-e7b4-4d45-a337-a8b22762f621" />
      <TestMethod codeBase="/home/runner/work/Musoq/Musoq/Musoq.Evaluator.Tests/bin/Debug/net8.0/Musoq.Evaluator.Tests.dll" adapterTypeName="executor://mstestadapter/v2" className="Musoq.Evaluator.Tests.BitwiseOperationsOrTests" name="WhenBitwiseOrBetweenShortAndUShort_ShouldBeEvaluated" />
    </UnitTest>
    <UnitTest name="CrossApply_WhenTwoMethodsReturnsEntities_AndThenUseColumnOfEntity_ShouldPass" storage="/home/runner/work/musoq/musoq/musoq.evaluator.tests/bin/debug/net8.0/musoq.evaluator.tests.dll" id="07c1c696-e1c9-cd6d-b440-b034a7edad98">
      <Execution id="e1f84c44-aef6-4e93-8e7e-9123d44c51f8" />
      <TestMethod codeBase="/home/runner/work/Musoq/Musoq/Musoq.Evaluator.Tests/bin/Debug/net8.0/Musoq.Evaluator.Tests.dll" adapterTypeName="executor://mstestadapter/v2" className="Musoq.Evaluator.Tests.CrossApplyMixedTests" name="CrossApply_WhenTwoMethodsReturnsEntities_AndThenUseColumnOfEntity_ShouldPass" />
    </UnitTest>
    <UnitTest name="WhenToStringCalled_ShouldReturnSameQuery (select b.* from #some.thing() a outer apply #some.thing() b)" storage="/home/runner/work/musoq/musoq/musoq.evaluator.tests/bin/debug/net8.0/musoq.evaluator.tests.dll" id="ce38a169-227a-bd55-47e0-25f899986190">
      <Execution id="19a8b0e6-10dc-4862-811d-51877700d430" />
      <TestMethod codeBase="/home/runner/work/Musoq/Musoq/Musoq.Evaluator.Tests/bin/Debug/net8.0/Musoq.Evaluator.Tests.dll" adapterTypeName="executor://mstestadapter/v2" className="Musoq.Evaluator.Tests.StringifyTests" name="WhenToStringCalled_ShouldReturnSameQuery" />
    </UnitTest>
    <UnitTest name="WhenBitwiseAndBetweenUshortAndLong_ShouldBeEvaluated" storage="/home/runner/work/musoq/musoq/musoq.evaluator.tests/bin/debug/net8.0/musoq.evaluator.tests.dll" id="559f5f91-eef4-40ac-a3e8-ac8cd8c0ff6e">
      <Execution id="b55bbe62-2c1f-4db0-82bb-14367e4ca947" />
      <TestMethod codeBase="/home/runner/work/Musoq/Musoq/Musoq.Evaluator.Tests/bin/Debug/net8.0/Musoq.Evaluator.Tests.dll" adapterTypeName="executor://mstestadapter/v2" className="Musoq.Evaluator.Tests.BitwiseOperationsAndTests" name="WhenBitwiseAndBetweenUshortAndLong_ShouldBeEvaluated" />
    </UnitTest>
    <UnitTest name="WhenLongAndFloatUsed_ShouldHaveColumnOfThatType" storage="/home/runner/work/musoq/musoq/musoq.evaluator.tests/bin/debug/net8.0/musoq.evaluator.tests.dll" id="754a3118-d47b-9e7e-18c2-11d4047dde9c">
      <Execution id="9d67b4d7-8803-4f23-9353-a48317515d7a" />
      <TestMethod codeBase="/home/runner/work/Musoq/Musoq/Musoq.Evaluator.Tests/bin/Debug/net8.0/Musoq.Evaluator.Tests.dll" adapterTypeName="executor://mstestadapter/v2" className="Musoq.Evaluator.Tests.ArithmeticForCrossTypesTests" name="WhenLongAndFloatUsed_ShouldHaveColumnOfThatType" />
    </UnitTest>
    <UnitTest name="WhenLargeUShortUsed_ShouldHaveColumnOfThatType" storage="/home/runner/work/musoq/musoq/musoq.evaluator.tests/bin/debug/net8.0/musoq.evaluator.tests.dll" id="e84e249c-8f03-366f-1813-58258fcae1af">
      <Execution id="e9fff215-4ee1-4a89-a3bc-521990fbdf2c" />
      <TestMethod codeBase="/home/runner/work/Musoq/Musoq/Musoq.Evaluator.Tests/bin/Debug/net8.0/Musoq.Evaluator.Tests.dll" adapterTypeName="executor://mstestadapter/v2" className="Musoq.Evaluator.Tests.NumericLiteralTypesTests" name="WhenLargeUShortUsed_ShouldHaveColumnOfThatType" />
    </UnitTest>
    <UnitTest name="WithDynamicSource_DescDynamicObjectWithSimpleColumns_ShouldPass" storage="/home/runner/work/musoq/musoq/musoq.evaluator.tests/bin/debug/net8.0/musoq.evaluator.tests.dll" id="1cb8c2d4-84d7-8dd1-0e03-cda595e1cc16">
      <Execution id="01d33f7e-de33-42c0-b52d-9683b4fcae08" />
      <TestMethod codeBase="/home/runner/work/Musoq/Musoq/Musoq.Evaluator.Tests/bin/Debug/net8.0/Musoq.Evaluator.Tests.dll" adapterTypeName="executor://mstestadapter/v2" className="Musoq.Evaluator.Tests.DynamicSourceWithDynamicTypeHinting" name="WithDynamicSource_DescDynamicObjectWithSimpleColumns_ShouldPass" />
    </UnitTest>
    <UnitTest name="GroupByWithFieldLinkSyntaxTest" storage="/home/runner/work/musoq/musoq/musoq.evaluator.tests/bin/debug/net8.0/musoq.evaluator.tests.dll" id="7aa30c8f-3784-1048-1459-96e420b96322">
      <Execution id="0cdae6c3-7d1d-49b4-8305-3283183c5d34" />
      <TestMethod codeBase="/home/runner/work/Musoq/Musoq/Musoq.Evaluator.Tests/bin/Debug/net8.0/Musoq.Evaluator.Tests.dll" adapterTypeName="executor://mstestadapter/v2" className="Musoq.Evaluator.Tests.GroupByTests" name="GroupByWithFieldLinkSyntaxTest" />
    </UnitTest>
    <UnitTest name="WhenOrderByMultipleColumnFirstDesc_ShouldSucceed" storage="/home/runner/work/musoq/musoq/musoq.evaluator.tests/bin/debug/net8.0/musoq.evaluator.tests.dll" id="10975d85-545f-fac2-de44-b0b59265f50d">
      <Execution id="20bfbab5-2b82-4969-b383-0a9cacdecd07" />
      <TestMethod codeBase="/home/runner/work/Musoq/Musoq/Musoq.Evaluator.Tests/bin/Debug/net8.0/Musoq.Evaluator.Tests.dll" adapterTypeName="executor://mstestadapter/v2" className="Musoq.Evaluator.Tests.OrderByTests" name="WhenOrderByMultipleColumnFirstDesc_ShouldSucceed" />
    </UnitTest>
    <UnitTest name="WhenBitwiseOrBetweenSbyteAndUshort_ShouldBeEvaluated" storage="/home/runner/work/musoq/musoq/musoq.evaluator.tests/bin/debug/net8.0/musoq.evaluator.tests.dll" id="020f7742-d248-7fb3-2a22-84ea04b14e67">
      <Execution id="a6e718dc-4320-4205-a176-09e434b9b305" />
      <TestMethod codeBase="/home/runner/work/Musoq/Musoq/Musoq.Evaluator.Tests/bin/Debug/net8.0/Musoq.Evaluator.Tests.dll" adapterTypeName="executor://mstestadapter/v2" className="Musoq.Evaluator.Tests.BitwiseOperationsOrTests" name="WhenBitwiseOrBetweenSbyteAndUshort_ShouldBeEvaluated" />
    </UnitTest>
    <UnitTest name="WhenBitwiseOrBetweenSByteAndInt_ShouldBeEvaluated" storage="/home/runner/work/musoq/musoq/musoq.evaluator.tests/bin/debug/net8.0/musoq.evaluator.tests.dll" id="ecd24a75-e7e9-89ab-4817-e82f30935c2e">
      <Execution id="fc9e0e49-848a-40ab-9e1b-a464d12cd7de" />
      <TestMethod codeBase="/home/runner/work/Musoq/Musoq/Musoq.Evaluator.Tests/bin/Debug/net8.0/Musoq.Evaluator.Tests.dll" adapterTypeName="executor://mstestadapter/v2" className="Musoq.Evaluator.Tests.BitwiseOperationsOrTests" name="WhenBitwiseOrBetweenSByteAndInt_ShouldBeEvaluated" />
    </UnitTest>
    <UnitTest name="WhenDoubleAndLongUsed_ShouldHaveColumnOfThatType" storage="/home/runner/work/musoq/musoq/musoq.evaluator.tests/bin/debug/net8.0/musoq.evaluator.tests.dll" id="0b808ee7-0099-93fa-4167-3abc01c37d6c">
      <Execution id="64ed8d0d-41fd-45a9-8aa7-46ba422c6c11" />
      <TestMethod codeBase="/home/runner/work/Musoq/Musoq/Musoq.Evaluator.Tests/bin/Debug/net8.0/Musoq.Evaluator.Tests.dll" adapterTypeName="executor://mstestadapter/v2" className="Musoq.Evaluator.Tests.ArithmeticForCrossTypesTests" name="WhenDoubleAndLongUsed_ShouldHaveColumnOfThatType" />
    </UnitTest>
    <UnitTest name="WhenBitwiseXorBetweenIntAndUInt_ShouldBeEvaluated" storage="/home/runner/work/musoq/musoq/musoq.evaluator.tests/bin/debug/net8.0/musoq.evaluator.tests.dll" id="ee926f63-0f6a-533f-2a0a-f877a2a8cf68">
      <Execution id="904e1802-e943-4982-8f8e-8b72f10abab8" />
      <TestMethod codeBase="/home/runner/work/Musoq/Musoq/Musoq.Evaluator.Tests/bin/Debug/net8.0/Musoq.Evaluator.Tests.dll" adapterTypeName="executor://mstestadapter/v2" className="Musoq.Evaluator.Tests.BitwiseOperationsXorTests" name="WhenBitwiseXorBetweenIntAndUInt_ShouldBeEvaluated" />
    </UnitTest>
    <UnitTest name="GetHexTest" storage="/home/runner/work/musoq/musoq/musoq.evaluator.tests/bin/debug/net8.0/musoq.evaluator.tests.dll" id="020de2c8-e7c8-947f-5263-7e3653f554e5">
      <Execution id="42e4e94e-17b2-412a-81c3-debc09c6a35e" />
      <TestMethod codeBase="/home/runner/work/Musoq/Musoq/Musoq.Evaluator.Tests/bin/Debug/net8.0/Musoq.Evaluator.Tests.dll" adapterTypeName="executor://mstestadapter/v2" className="Musoq.Evaluator.Tests.SingleSchemaEvaluatorTests" name="GetHexTest" />
    </UnitTest>
    <UnitTest name="WhenSByteAndSByteUsed_ShouldHaveColumnOfSByteType" storage="/home/runner/work/musoq/musoq/musoq.evaluator.tests/bin/debug/net8.0/musoq.evaluator.tests.dll" id="a750c3f8-2d2e-a4fb-de3a-b3b3d5fcb562">
      <Execution id="3bdf75e2-266f-4d67-b590-63e7446f2bec" />
      <TestMethod codeBase="/home/runner/work/Musoq/Musoq/Musoq.Evaluator.Tests/bin/Debug/net8.0/Musoq.Evaluator.Tests.dll" adapterTypeName="executor://mstestadapter/v2" className="Musoq.Evaluator.Tests.ArithmeticForCrossTypesTests" name="WhenSByteAndSByteUsed_ShouldHaveColumnOfSByteType" />
    </UnitTest>
    <UnitTest name="WhenTakeWithoutReductionRequired_ShouldPass" storage="/home/runner/work/musoq/musoq/musoq.evaluator.tests/bin/debug/net8.0/musoq.evaluator.tests.dll" id="b4e492d6-2eaa-22a3-89b3-6922d569973a">
      <Execution id="ff88338c-1268-4c4e-91d2-983a3adc32ea" />
      <TestMethod codeBase="/home/runner/work/Musoq/Musoq/Musoq.Evaluator.Tests/bin/Debug/net8.0/Musoq.Evaluator.Tests.dll" adapterTypeName="executor://mstestadapter/v2" className="Musoq.Evaluator.Tests.GenericTests" name="WhenTakeWithoutReductionRequired_ShouldPass" />
    </UnitTest>
    <UnitTest name="QueryCancellation" storage="/home/runner/work/musoq/musoq/musoq.evaluator.tests/bin/debug/net8.0/musoq.evaluator.tests.dll" id="00473ac3-a0d1-7068-4b48-9899fd3cf251">
      <Execution id="356cb859-57c2-49ff-ade7-1e289a8373ac" />
      <TestMethod codeBase="/home/runner/work/Musoq/Musoq/Musoq.Evaluator.Tests/bin/Debug/net8.0/Musoq.Evaluator.Tests.dll" adapterTypeName="executor://mstestadapter/v2" className="Musoq.Evaluator.Tests.CancellationTests" name="QueryCancellation" />
    </UnitTest>
    <UnitTest name="WhenGroupByAndOrderByWithAccessMethod_ShouldPass" storage="/home/runner/work/musoq/musoq/musoq.evaluator.tests/bin/debug/net8.0/musoq.evaluator.tests.dll" id="06ae16bf-87bf-4ba3-72f5-46c1382f6f41">
      <Execution id="3306aa2b-0005-4418-8749-7fde0c1a89df" />
      <TestMethod codeBase="/home/runner/work/Musoq/Musoq/Musoq.Evaluator.Tests/bin/Debug/net8.0/Musoq.Evaluator.Tests.dll" adapterTypeName="executor://mstestadapter/v2" className="Musoq.Evaluator.Tests.CrossApplySelfPropertyTests" name="WhenGroupByAndOrderByWithAccessMethod_ShouldPass" />
    </UnitTest>
    <UnitTest name="DescEntityTest" storage="/home/runner/work/musoq/musoq/musoq.evaluator.tests/bin/debug/net8.0/musoq.evaluator.tests.dll" id="a6b7ce4b-b637-b3cc-58b9-a6085ec40404">
      <Execution id="09d8447c-de66-4cd6-b14d-326a3eb8141e" />
      <TestMethod codeBase="/home/runner/work/Musoq/Musoq/Musoq.Evaluator.Tests/bin/Debug/net8.0/Musoq.Evaluator.Tests.dll" adapterTypeName="executor://mstestadapter/v2" className="Musoq.Evaluator.Tests.SingleSchemaEvaluatorTests" name="DescEntityTest" />
    </UnitTest>
    <UnitTest name="WhenLargeDecimalUsed_ShouldHaveColumnOfThatType" storage="/home/runner/work/musoq/musoq/musoq.evaluator.tests/bin/debug/net8.0/musoq.evaluator.tests.dll" id="6063613d-b2e2-a02f-8fe4-9b97217f2c5a">
      <Execution id="2dd44df3-6b55-4786-a237-6f88f9cef22a" />
      <TestMethod codeBase="/home/runner/work/Musoq/Musoq/Musoq.Evaluator.Tests/bin/Debug/net8.0/Musoq.Evaluator.Tests.dll" adapterTypeName="executor://mstestadapter/v2" className="Musoq.Evaluator.Tests.NumericLiteralTypesTests" name="WhenLargeDecimalUsed_ShouldHaveColumnOfThatType" />
    </UnitTest>
    <UnitTest name="ExceptWithSkipDoubleSourceTest" storage="/home/runner/work/musoq/musoq/musoq.evaluator.tests/bin/debug/net8.0/musoq.evaluator.tests.dll" id="0c914e42-c9ee-8d6c-8f03-0e0f8dff8716">
      <Execution id="e0c50830-8097-448d-9307-24477cd56459" />
      <TestMethod codeBase="/home/runner/work/Musoq/Musoq/Musoq.Evaluator.Tests/bin/Debug/net8.0/Musoq.Evaluator.Tests.dll" adapterTypeName="executor://mstestadapter/v2" className="Musoq.Evaluator.Tests.SetsOperatorsTests" name="ExceptWithSkipDoubleSourceTest" />
    </UnitTest>
    <UnitTest name="WhenBitwiseShiftLeft_ulong_ShouldBeEvaluated" storage="/home/runner/work/musoq/musoq/musoq.evaluator.tests/bin/debug/net8.0/musoq.evaluator.tests.dll" id="b171fb02-28f8-9b72-eb84-dbdd1738aab3">
      <Execution id="5ae160a3-ce6f-4971-a74d-234da3e8ce88" />
      <TestMethod codeBase="/home/runner/work/Musoq/Musoq/Musoq.Evaluator.Tests/bin/Debug/net8.0/Musoq.Evaluator.Tests.dll" adapterTypeName="executor://mstestadapter/v2" className="Musoq.Evaluator.Tests.BitwiseShiftLeftTests" name="WhenBitwiseShiftLeft_ulong_ShouldBeEvaluated" />
    </UnitTest>
    <UnitTest name="WhenBitwiseAndBetweenShortAndInt_ShouldBeEvaluated" storage="/home/runner/work/musoq/musoq/musoq.evaluator.tests/bin/debug/net8.0/musoq.evaluator.tests.dll" id="4491f9fe-5cf9-953a-c19b-af05bd4de2d2">
      <Execution id="d3c7c79a-a2e2-4f61-911f-a7a70056c6f8" />
      <TestMethod codeBase="/home/runner/work/Musoq/Musoq/Musoq.Evaluator.Tests/bin/Debug/net8.0/Musoq.Evaluator.Tests.dll" adapterTypeName="executor://mstestadapter/v2" className="Musoq.Evaluator.Tests.BitwiseOperationsAndTests" name="WhenBitwiseAndBetweenShortAndInt_ShouldBeEvaluated" />
    </UnitTest>
    <UnitTest name="UnionWhenMultipleSelectsCombinedWithUnionWithinCteExpression_ShouldSucceed" storage="/home/runner/work/musoq/musoq/musoq.evaluator.tests/bin/debug/net8.0/musoq.evaluator.tests.dll" id="b33a44dc-5147-7258-bf88-3d550b894800">
      <Execution id="e00abbc6-519e-4f24-97d1-8c8e6b5ab7f2" />
      <TestMethod codeBase="/home/runner/work/Musoq/Musoq/Musoq.Evaluator.Tests/bin/Debug/net8.0/Musoq.Evaluator.Tests.dll" adapterTypeName="executor://mstestadapter/v2" className="Musoq.Evaluator.Tests.SetsOperatorsTests" name="UnionWhenMultipleSelectsCombinedWithUnionWithinCteExpression_ShouldSucceed" />
    </UnitTest>
    <UnitTest name="WhenLargeNegativeSByteUsed_ShouldHaveColumnOfThatType" storage="/home/runner/work/musoq/musoq/musoq.evaluator.tests/bin/debug/net8.0/musoq.evaluator.tests.dll" id="9d281ee7-8361-6bf7-7d35-8e4d056cef83">
      <Execution id="d7da9d5a-0c7c-436f-867e-9ea2bf4e0a35" />
      <TestMethod codeBase="/home/runner/work/Musoq/Musoq/Musoq.Evaluator.Tests/bin/Debug/net8.0/Musoq.Evaluator.Tests.dll" adapterTypeName="executor://mstestadapter/v2" className="Musoq.Evaluator.Tests.NumericLiteralTypesTests" name="WhenLargeNegativeSByteUsed_ShouldHaveColumnOfThatType" />
    </UnitTest>
    <UnitTest name="CrossApplyProperty_MultipleComplexArrays_ShouldPass" storage="/home/runner/work/musoq/musoq/musoq.evaluator.tests/bin/debug/net8.0/musoq.evaluator.tests.dll" id="037a09d6-e527-c453-9cf2-74da209185e9">
      <Execution id="0e650063-acd4-4614-b5ed-a63e04280781" />
      <TestMethod codeBase="/home/runner/work/Musoq/Musoq/Musoq.Evaluator.Tests/bin/Debug/net8.0/Musoq.Evaluator.Tests.dll" adapterTypeName="executor://mstestadapter/v2" className="Musoq.Evaluator.Tests.CrossApplySelfPropertyTests" name="CrossApplyProperty_MultipleComplexArrays_ShouldPass" />
    </UnitTest>
    <UnitTest name="WhenSByteAndUShortUsed_ShouldHaveColumnOfIntType" storage="/home/runner/work/musoq/musoq/musoq.evaluator.tests/bin/debug/net8.0/musoq.evaluator.tests.dll" id="a19bfb95-8f25-d9c8-58bd-912971a9d198">
      <Execution id="34e0f0fb-196e-4f73-a7cb-d44e71a73db0" />
      <TestMethod codeBase="/home/runner/work/Musoq/Musoq/Musoq.Evaluator.Tests/bin/Debug/net8.0/Musoq.Evaluator.Tests.dll" adapterTypeName="executor://mstestadapter/v2" className="Musoq.Evaluator.Tests.ArithmeticForCrossTypesTests" name="WhenSByteAndUShortUsed_ShouldHaveColumnOfIntType" />
    </UnitTest>
    <UnitTest name="OuterApplyProperty_TakeSkipAfterSplit_ShouldPass" storage="/home/runner/work/musoq/musoq/musoq.evaluator.tests/bin/debug/net8.0/musoq.evaluator.tests.dll" id="ea426452-0a6e-ed22-ec2e-4b9ceb43a31b">
      <Execution id="f195fce5-905e-4822-8562-0bb44ee071ed" />
      <TestMethod codeBase="/home/runner/work/Musoq/Musoq/Musoq.Evaluator.Tests/bin/Debug/net8.0/Musoq.Evaluator.Tests.dll" adapterTypeName="executor://mstestadapter/v2" className="Musoq.Evaluator.Tests.OuterApplyMethodCallTests" name="OuterApplyProperty_TakeSkipAfterSplit_ShouldPass" />
    </UnitTest>
    <UnitTest name="WhenToStringCalled_ShouldReturnSameQuery (select s.Column1, s.Column2 from #some.thing() s group by s.Column2 order by s.Column1 desc take 7)" storage="/home/runner/work/musoq/musoq/musoq.evaluator.tests/bin/debug/net8.0/musoq.evaluator.tests.dll" id="329882ff-f611-a554-9576-3b34cf9d8551">
      <Execution id="cbbcf2df-02a2-41cf-842b-d2fec989d018" />
      <TestMethod codeBase="/home/runner/work/Musoq/Musoq/Musoq.Evaluator.Tests/bin/Debug/net8.0/Musoq.Evaluator.Tests.dll" adapterTypeName="executor://mstestadapter/v2" className="Musoq.Evaluator.Tests.StringifyTests" name="WhenToStringCalled_ShouldReturnSameQuery" />
    </UnitTest>
    <UnitTest name="MultipleUnionsAllWithoutDuplicatedKeysTest" storage="/home/runner/work/musoq/musoq/musoq.evaluator.tests/bin/debug/net8.0/musoq.evaluator.tests.dll" id="0a5829ec-b2a9-36bf-eade-6e4bc8c0d870">
      <Execution id="313b043c-2f20-4e8a-9432-16cc6db1a7a1" />
      <TestMethod codeBase="/home/runner/work/Musoq/Musoq/Musoq.Evaluator.Tests/bin/Debug/net8.0/Musoq.Evaluator.Tests.dll" adapterTypeName="executor://mstestadapter/v2" className="Musoq.Evaluator.Tests.SetsOperatorsTests" name="MultipleUnionsAllWithoutDuplicatedKeysTest" />
    </UnitTest>
    <UnitTest name="WhenValueOfSbyteTypeOccured_ShouldHaveColumnOfThatType" storage="/home/runner/work/musoq/musoq/musoq.evaluator.tests/bin/debug/net8.0/musoq.evaluator.tests.dll" id="4a9ca37e-18a8-0f9f-c531-e00de1c16cb3">
      <Execution id="0d734b44-b123-451c-b814-0bc56e2065c6" />
      <TestMethod codeBase="/home/runner/work/Musoq/Musoq/Musoq.Evaluator.Tests/bin/Debug/net8.0/Musoq.Evaluator.Tests.dll" adapterTypeName="executor://mstestadapter/v2" className="Musoq.Evaluator.Tests.PrimitiveTypesTests" name="WhenValueOfSbyteTypeOccured_ShouldHaveColumnOfThatType" />
    </UnitTest>
    <UnitTest name="WhenBitwiseXorBetweenShortAndUShort_ShouldBeEvaluated" storage="/home/runner/work/musoq/musoq/musoq.evaluator.tests/bin/debug/net8.0/musoq.evaluator.tests.dll" id="20262617-f1fc-3328-6761-009329e2467e">
      <Execution id="d279de51-5e21-483c-b9dd-a357be490aed" />
      <TestMethod codeBase="/home/runner/work/Musoq/Musoq/Musoq.Evaluator.Tests/bin/Debug/net8.0/Musoq.Evaluator.Tests.dll" adapterTypeName="executor://mstestadapter/v2" className="Musoq.Evaluator.Tests.BitwiseOperationsXorTests" name="WhenBitwiseXorBetweenShortAndUShort_ShouldBeEvaluated" />
    </UnitTest>
    <UnitTest name="WhenBitwiseXorBetweenByteAndLong_ShouldBeEvaluated" storage="/home/runner/work/musoq/musoq/musoq.evaluator.tests/bin/debug/net8.0/musoq.evaluator.tests.dll" id="d63f3fc1-e01c-5516-1f0c-a864eed1766d">
      <Execution id="d7d2410c-f9d9-44d8-8b88-717a52779a6b" />
      <TestMethod codeBase="/home/runner/work/Musoq/Musoq/Musoq.Evaluator.Tests/bin/Debug/net8.0/Musoq.Evaluator.Tests.dll" adapterTypeName="executor://mstestadapter/v2" className="Musoq.Evaluator.Tests.BitwiseOperationsXorTests" name="WhenBitwiseXorBetweenByteAndLong_ShouldBeEvaluated" />
    </UnitTest>
    <UnitTest name="JoinWithGroupByAndOrderByTest" storage="/home/runner/work/musoq/musoq/musoq.evaluator.tests/bin/debug/net8.0/musoq.evaluator.tests.dll" id="791bd678-f13a-f109-7b97-adcfe5f25fc9">
      <Execution id="98810dc2-b0fc-4f64-8d85-5ffad187a377" />
      <TestMethod codeBase="/home/runner/work/Musoq/Musoq/Musoq.Evaluator.Tests/bin/Debug/net8.0/Musoq.Evaluator.Tests.dll" adapterTypeName="executor://mstestadapter/v2" className="Musoq.Evaluator.Tests.JoinTests" name="JoinWithGroupByAndOrderByTest" />
    </UnitTest>
    <UnitTest name="MultipleLeftJoinWithCTriesMatchBButFailTest" storage="/home/runner/work/musoq/musoq/musoq.evaluator.tests/bin/debug/net8.0/musoq.evaluator.tests.dll" id="0f77928f-71b3-4b4b-ddff-a7fe5a15a3d3">
      <Execution id="4c364551-cdca-43ba-a1f2-e0499c5a6109" />
      <TestMethod codeBase="/home/runner/work/Musoq/Musoq/Musoq.Evaluator.Tests/bin/Debug/net8.0/Musoq.Evaluator.Tests.dll" adapterTypeName="executor://mstestadapter/v2" className="Musoq.Evaluator.Tests.JoinTests" name="MultipleLeftJoinWithCTriesMatchBButFailTest" />
    </UnitTest>
    <UnitTest name="WhenUIntMethodCallAndDecimalUsed_ShouldHaveColumnOfThatType" storage="/home/runner/work/musoq/musoq/musoq.evaluator.tests/bin/debug/net8.0/musoq.evaluator.tests.dll" id="068b5ea5-6a56-4df5-bcf2-8e3711042328">
      <Execution id="0babdf9c-224e-4f5d-9797-96aab7f1696b" />
      <TestMethod codeBase="/home/runner/work/Musoq/Musoq/Musoq.Evaluator.Tests/bin/Debug/net8.0/Musoq.Evaluator.Tests.dll" adapterTypeName="executor://mstestadapter/v2" className="Musoq.Evaluator.Tests.ArithmeticForMethodCallAndTypeSpecificOperationTests" name="WhenUIntMethodCallAndDecimalUsed_ShouldHaveColumnOfThatType" />
    </UnitTest>
    <UnitTest name="WhenValueOfLongTypeOccured_ShouldHaveColumnOfThatType" storage="/home/runner/work/musoq/musoq/musoq.evaluator.tests/bin/debug/net8.0/musoq.evaluator.tests.dll" id="1a07ec96-41c6-ed47-c30b-bf8706c8f724">
      <Execution id="4652212e-3702-4906-ad4c-da7c4f8d7745" />
      <TestMethod codeBase="/home/runner/work/Musoq/Musoq/Musoq.Evaluator.Tests/bin/Debug/net8.0/Musoq.Evaluator.Tests.dll" adapterTypeName="executor://mstestadapter/v2" className="Musoq.Evaluator.Tests.PrimitiveTypesTests" name="WhenValueOfLongTypeOccured_ShouldHaveColumnOfThatType" />
    </UnitTest>
    <UnitTest name="MultipleAndOperatorTest" storage="/home/runner/work/musoq/musoq/musoq.evaluator.tests/bin/debug/net8.0/musoq.evaluator.tests.dll" id="9b8f5a1a-566a-83b4-3531-b9aab758421b">
      <Execution id="20f96c6c-9344-436f-a840-be92a07253cf" />
      <TestMethod codeBase="/home/runner/work/Musoq/Musoq/Musoq.Evaluator.Tests/bin/Debug/net8.0/Musoq.Evaluator.Tests.dll" adapterTypeName="executor://mstestadapter/v2" className="Musoq.Evaluator.Tests.SingleSchemaEvaluatorTests" name="MultipleAndOperatorTest" />
    </UnitTest>
    <UnitTest name="WhenNegativeDecimalWithDotUsed_ShouldHaveColumnOfThatType" storage="/home/runner/work/musoq/musoq/musoq.evaluator.tests/bin/debug/net8.0/musoq.evaluator.tests.dll" id="b945f888-1f2c-2670-2e53-09122654175e">
      <Execution id="a9eaf0a8-68c4-4d12-832c-239137e815ed" />
      <TestMethod codeBase="/home/runner/work/Musoq/Musoq/Musoq.Evaluator.Tests/bin/Debug/net8.0/Musoq.Evaluator.Tests.dll" adapterTypeName="executor://mstestadapter/v2" className="Musoq.Evaluator.Tests.NumericLiteralTypesTests" name="WhenNegativeDecimalWithDotUsed_ShouldHaveColumnOfThatType" />
    </UnitTest>
    <UnitTest name="SimpleGroupByWithTakeTest" storage="/home/runner/work/musoq/musoq/musoq.evaluator.tests/bin/debug/net8.0/musoq.evaluator.tests.dll" id="1cdf0ca5-3a71-f04e-09fc-b3a496b92163">
      <Execution id="098444dc-1af7-4152-9641-f78184c077ed" />
      <TestMethod codeBase="/home/runner/work/Musoq/Musoq/Musoq.Evaluator.Tests/bin/Debug/net8.0/Musoq.Evaluator.Tests.dll" adapterTypeName="executor://mstestadapter/v2" className="Musoq.Evaluator.Tests.GroupByTests" name="SimpleGroupByWithTakeTest" />
    </UnitTest>
    <UnitTest name="WhenUShortAndULongUsed_ShouldHaveColumnOfThatType" storage="/home/runner/work/musoq/musoq/musoq.evaluator.tests/bin/debug/net8.0/musoq.evaluator.tests.dll" id="b97ba4b5-7c49-4640-4d48-cad48ca0a4a5">
      <Execution id="69da2d1b-8bff-4e37-8cdb-73def079f1ff" />
      <TestMethod codeBase="/home/runner/work/Musoq/Musoq/Musoq.Evaluator.Tests/bin/Debug/net8.0/Musoq.Evaluator.Tests.dll" adapterTypeName="executor://mstestadapter/v2" className="Musoq.Evaluator.Tests.ArithmeticForCrossTypesTests" name="WhenUShortAndULongUsed_ShouldHaveColumnOfThatType" />
    </UnitTest>
    <UnitTest name="WhenBitwiseXorBetweenSByteAndInt_ShouldBeEvaluated" storage="/home/runner/work/musoq/musoq/musoq.evaluator.tests/bin/debug/net8.0/musoq.evaluator.tests.dll" id="deac62cd-6c7c-a26b-0c12-4e08af9ffcd4">
      <Execution id="316d5eeb-bf2b-47c9-878e-16b1d0c13423" />
      <TestMethod codeBase="/home/runner/work/Musoq/Musoq/Musoq.Evaluator.Tests/bin/Debug/net8.0/Musoq.Evaluator.Tests.dll" adapterTypeName="executor://mstestadapter/v2" className="Musoq.Evaluator.Tests.BitwiseOperationsXorTests" name="WhenBitwiseXorBetweenSByteAndInt_ShouldBeEvaluated" />
    </UnitTest>
    <UnitTest name="WhenUShortAndDecimalUsed_ShouldHaveColumnOfThatType" storage="/home/runner/work/musoq/musoq/musoq.evaluator.tests/bin/debug/net8.0/musoq.evaluator.tests.dll" id="0af6e084-6797-8288-8207-07725fb5f3e6">
      <Execution id="932c1abd-07ce-4812-9300-a537820e6510" />
      <TestMethod codeBase="/home/runner/work/Musoq/Musoq/Musoq.Evaluator.Tests/bin/Debug/net8.0/Musoq.Evaluator.Tests.dll" adapterTypeName="executor://mstestadapter/v2" className="Musoq.Evaluator.Tests.ArithmeticForCrossTypesTests" name="WhenUShortAndDecimalUsed_ShouldHaveColumnOfThatType" />
    </UnitTest>
    <UnitTest name="SubtractDateTimeOffsetsTest" storage="/home/runner/work/musoq/musoq/musoq.evaluator.tests/bin/debug/net8.0/musoq.evaluator.tests.dll" id="15615518-51ce-4794-b791-4bb533736d9d">
      <Execution id="6452fe35-1e07-475e-a206-8fe5fe3723ba" />
      <TestMethod codeBase="/home/runner/work/Musoq/Musoq/Musoq.Evaluator.Tests/bin/Debug/net8.0/Musoq.Evaluator.Tests.dll" adapterTypeName="executor://mstestadapter/v2" className="Musoq.Evaluator.Tests.DateTimeOffsetTests" name="SubtractDateTimeOffsetsTest" />
    </UnitTest>
    <UnitTest name="WhenByteMethodCallAndULongUsed_ShouldHaveColumnOfThatType" storage="/home/runner/work/musoq/musoq/musoq.evaluator.tests/bin/debug/net8.0/musoq.evaluator.tests.dll" id="f832d7f1-991b-6e4b-5df7-832334c9e2dd">
      <Execution id="dfa50d93-4398-4dba-84bb-0921a40ff028" />
      <TestMethod codeBase="/home/runner/work/Musoq/Musoq/Musoq.Evaluator.Tests/bin/Debug/net8.0/Musoq.Evaluator.Tests.dll" adapterTypeName="executor://mstestadapter/v2" className="Musoq.Evaluator.Tests.ArithmeticForMethodCallAndTypeSpecificOperationTests" name="WhenByteMethodCallAndULongUsed_ShouldHaveColumnOfThatType" />
    </UnitTest>
    <UnitTest name="WhenLongAndLongUsed_ShouldHaveColumnOfThatType" storage="/home/runner/work/musoq/musoq/musoq.evaluator.tests/bin/debug/net8.0/musoq.evaluator.tests.dll" id="9cea30dd-7f04-47d7-bb67-6c0902bfded6">
      <Execution id="63b0e86f-d089-442a-bc3a-1ce0b62d37dc" />
      <TestMethod codeBase="/home/runner/work/Musoq/Musoq/Musoq.Evaluator.Tests/bin/Debug/net8.0/Musoq.Evaluator.Tests.dll" adapterTypeName="executor://mstestadapter/v2" className="Musoq.Evaluator.Tests.ArithmeticForCrossTypesTests" name="WhenLongAndLongUsed_ShouldHaveColumnOfThatType" />
    </UnitTest>
    <UnitTest name="WhenBitwiseOrBetweenByteAndUShort_ShouldBeEvaluated" storage="/home/runner/work/musoq/musoq/musoq.evaluator.tests/bin/debug/net8.0/musoq.evaluator.tests.dll" id="5decf507-2568-316d-92ec-68a30d6985dd">
      <Execution id="8734346e-02d0-40c4-9c84-f1de1a469801" />
      <TestMethod codeBase="/home/runner/work/Musoq/Musoq/Musoq.Evaluator.Tests/bin/Debug/net8.0/Musoq.Evaluator.Tests.dll" adapterTypeName="executor://mstestadapter/v2" className="Musoq.Evaluator.Tests.BitwiseOperationsOrTests" name="WhenBitwiseOrBetweenByteAndUShort_ShouldBeEvaluated" />
    </UnitTest>
    <UnitTest name="IntersectQueryCancellation" storage="/home/runner/work/musoq/musoq/musoq.evaluator.tests/bin/debug/net8.0/musoq.evaluator.tests.dll" id="1a2e6122-3be7-bb3a-8cd0-5ac40785fa50">
      <Execution id="f434471a-2dd6-4fa3-960a-2340e00997f5" />
      <TestMethod codeBase="/home/runner/work/Musoq/Musoq/Musoq.Evaluator.Tests/bin/Debug/net8.0/Musoq.Evaluator.Tests.dll" adapterTypeName="executor://mstestadapter/v2" className="Musoq.Evaluator.Tests.CancellationTests" name="IntersectQueryCancellation" />
    </UnitTest>
    <UnitTest name="MultipleUnionsAllComplexTest" storage="/home/runner/work/musoq/musoq/musoq.evaluator.tests/bin/debug/net8.0/musoq.evaluator.tests.dll" id="5d3fdebe-4733-a688-eff0-8cd662c1e2c9">
      <Execution id="da784760-4d97-4826-9789-d9544b851314" />
      <TestMethod codeBase="/home/runner/work/Musoq/Musoq/Musoq.Evaluator.Tests/bin/Debug/net8.0/Musoq.Evaluator.Tests.dll" adapterTypeName="executor://mstestadapter/v2" className="Musoq.Evaluator.Tests.SetsOperatorsTests" name="MultipleUnionsAllComplexTest" />
    </UnitTest>
    <UnitTest name="UnionAllWithDuplicatedKeysTest" storage="/home/runner/work/musoq/musoq/musoq.evaluator.tests/bin/debug/net8.0/musoq.evaluator.tests.dll" id="146d3d81-87bd-46d5-95cb-f3c031d6d14c">
      <Execution id="8337c76a-6c28-4d40-94f4-3bb5ac1c7e8d" />
      <TestMethod codeBase="/home/runner/work/Musoq/Musoq/Musoq.Evaluator.Tests/bin/Debug/net8.0/Musoq.Evaluator.Tests.dll" adapterTypeName="executor://mstestadapter/v2" className="Musoq.Evaluator.Tests.SetsOperatorsTests" name="UnionAllWithDuplicatedKeysTest" />
    </UnitTest>
    <UnitTest name="WhenSameAliasUsedInCrossApply_ShouldThrow" storage="/home/runner/work/musoq/musoq/musoq.evaluator.tests/bin/debug/net8.0/musoq.evaluator.tests.dll" id="1d7a0876-246f-ed4e-afd1-e2478abafab9">
      <Execution id="c13040f9-414a-4b66-987c-a33adb26e228" />
      <TestMethod codeBase="/home/runner/work/Musoq/Musoq/Musoq.Evaluator.Tests/bin/Debug/net8.0/Musoq.Evaluator.Tests.dll" adapterTypeName="executor://mstestadapter/v2" className="Musoq.Evaluator.Tests.AliasTests" name="WhenSameAliasUsedInCrossApply_ShouldThrow" />
    </UnitTest>
    <UnitTest name="MultiDividingTest" storage="/home/runner/work/musoq/musoq/musoq.evaluator.tests/bin/debug/net8.0/musoq.evaluator.tests.dll" id="9d06ae11-8f29-c07d-2a89-9a857433e572">
      <Execution id="d1ade480-b4fb-4ebd-a48e-23cb05e5f090" />
      <TestMethod codeBase="/home/runner/work/Musoq/Musoq/Musoq.Evaluator.Tests/bin/Debug/net8.0/Musoq.Evaluator.Tests.dll" adapterTypeName="executor://mstestadapter/v2" className="Musoq.Evaluator.Tests.ArithmeticTests" name="MultiDividingTest" />
    </UnitTest>
    <UnitTest name="WhenBitwiseOrBetweenLongAndByte_ShouldBeEvaluated" storage="/home/runner/work/musoq/musoq/musoq.evaluator.tests/bin/debug/net8.0/musoq.evaluator.tests.dll" id="77f149ea-ecb6-1dce-4da9-5977cb3ac2c4">
      <Execution id="2d594578-82bd-421d-b812-457d9302d38e" />
      <TestMethod codeBase="/home/runner/work/Musoq/Musoq/Musoq.Evaluator.Tests/bin/Debug/net8.0/Musoq.Evaluator.Tests.dll" adapterTypeName="executor://mstestadapter/v2" className="Musoq.Evaluator.Tests.BitwiseOperationsOrTests" name="WhenBitwiseOrBetweenLongAndByte_ShouldBeEvaluated" />
    </UnitTest>
    <UnitTest name="WhenNegativeDecimalUsed_ShouldHaveColumnOfThatType" storage="/home/runner/work/musoq/musoq/musoq.evaluator.tests/bin/debug/net8.0/musoq.evaluator.tests.dll" id="bcbf4edd-e856-de83-5888-2eb68f8c832b">
      <Execution id="5593b48b-597a-49c2-8c9b-97b873f65b2e" />
      <TestMethod codeBase="/home/runner/work/Musoq/Musoq/Musoq.Evaluator.Tests/bin/Debug/net8.0/Musoq.Evaluator.Tests.dll" adapterTypeName="executor://mstestadapter/v2" className="Musoq.Evaluator.Tests.NumericLiteralTypesTests" name="WhenNegativeDecimalUsed_ShouldHaveColumnOfThatType" />
    </UnitTest>
    <UnitTest name="IfFunctionLessEqualFalseTest" storage="/home/runner/work/musoq/musoq/musoq.evaluator.tests/bin/debug/net8.0/musoq.evaluator.tests.dll" id="ac189e19-d324-6aef-cb26-4f9c2f4d637f">
      <Execution id="b4000585-5add-4a22-bcea-ab42ad1c3789" />
      <TestMethod codeBase="/home/runner/work/Musoq/Musoq/Musoq.Evaluator.Tests/bin/Debug/net8.0/Musoq.Evaluator.Tests.dll" adapterTypeName="executor://mstestadapter/v2" className="Musoq.Evaluator.Tests.LogicalFunctionsTests" name="IfFunctionLessEqualFalseTest" />
    </UnitTest>
    <UnitTest name="WhenLargeDecimalWithDotAndSuffixUsed_ShouldHaveColumnOfThatType" storage="/home/runner/work/musoq/musoq/musoq.evaluator.tests/bin/debug/net8.0/musoq.evaluator.tests.dll" id="9b2da5ac-949c-f22d-9cb7-d45e8dbcfefa">
      <Execution id="7f372a18-3497-42f3-9a4e-a0bc6bc3fe2f" />
      <TestMethod codeBase="/home/runner/work/Musoq/Musoq/Musoq.Evaluator.Tests/bin/Debug/net8.0/Musoq.Evaluator.Tests.dll" adapterTypeName="executor://mstestadapter/v2" className="Musoq.Evaluator.Tests.NumericLiteralTypesTests" name="WhenLargeDecimalWithDotAndSuffixUsed_ShouldHaveColumnOfThatType" />
    </UnitTest>
    <UnitTest name="WhenShortAndLongUsed_ShouldHaveColumnOfThatType" storage="/home/runner/work/musoq/musoq/musoq.evaluator.tests/bin/debug/net8.0/musoq.evaluator.tests.dll" id="3b451fea-be52-9d5f-77d8-a8a99fd7d347">
      <Execution id="11bba5cb-722d-49fc-bbfc-fd62794ff9ce" />
      <TestMethod codeBase="/home/runner/work/Musoq/Musoq/Musoq.Evaluator.Tests/bin/Debug/net8.0/Musoq.Evaluator.Tests.dll" adapterTypeName="executor://mstestadapter/v2" className="Musoq.Evaluator.Tests.ArithmeticForCrossTypesTests" name="WhenShortAndLongUsed_ShouldHaveColumnOfThatType" />
    </UnitTest>
    <UnitTest name="WithDynamicSource_AccessExpandoObjectArray_ShouldPass" storage="/home/runner/work/musoq/musoq/musoq.evaluator.tests/bin/debug/net8.0/musoq.evaluator.tests.dll" id="0585d455-61e4-2eb5-583e-e958a2c77ea8">
      <Execution id="aec7cdf8-156e-4b77-a64f-69f11541c382" />
      <TestMethod codeBase="/home/runner/work/Musoq/Musoq/Musoq.Evaluator.Tests/bin/Debug/net8.0/Musoq.Evaluator.Tests.dll" adapterTypeName="executor://mstestadapter/v2" className="Musoq.Evaluator.Tests.DynamicSourceWithDynamicTypeHinting" name="WithDynamicSource_AccessExpandoObjectArray_ShouldPass" />
    </UnitTest>
    <UnitTest name="WhenGroupByUsedWithJoinsByMethodInvocation_ShouldRetrieveValues" storage="/home/runner/work/musoq/musoq/musoq.evaluator.tests/bin/debug/net8.0/musoq.evaluator.tests.dll" id="2f9e8b80-e00c-facd-7023-65802cb7b600">
      <Execution id="37ceebf1-016d-4bef-83d6-6c7278a65ea8" />
      <TestMethod codeBase="/home/runner/work/Musoq/Musoq/Musoq.Evaluator.Tests/bin/Debug/net8.0/Musoq.Evaluator.Tests.dll" adapterTypeName="executor://mstestadapter/v2" className="Musoq.Evaluator.Tests.GroupByTests" name="WhenGroupByUsedWithJoinsByMethodInvocation_ShouldRetrieveValues" />
    </UnitTest>
    <UnitTest name="WhenShortMethodCallAndByteUsed_ShouldHaveColumnOfThatType" storage="/home/runner/work/musoq/musoq/musoq.evaluator.tests/bin/debug/net8.0/musoq.evaluator.tests.dll" id="c98bc8c5-7604-1425-b5d0-00a2f910a719">
      <Execution id="82d2bae0-4663-4fd9-b596-4c44c3aebf8e" />
      <TestMethod codeBase="/home/runner/work/Musoq/Musoq/Musoq.Evaluator.Tests/bin/Debug/net8.0/Musoq.Evaluator.Tests.dll" adapterTypeName="executor://mstestadapter/v2" className="Musoq.Evaluator.Tests.ArithmeticForMethodCallAndTypeSpecificOperationTests" name="WhenShortMethodCallAndByteUsed_ShouldHaveColumnOfThatType" />
    </UnitTest>
    <UnitTest name="WhenSpecialCharacterStartBracketUsedInTextWith_MustNotThrow (})" storage="/home/runner/work/musoq/musoq/musoq.evaluator.tests/bin/debug/net8.0/musoq.evaluator.tests.dll" id="cb9d7a0a-0a0f-1bdd-528a-5df8c7130a76">
      <Execution id="28c45636-213c-48d4-bccb-df110f5b75f6" />
      <TestMethod codeBase="/home/runner/work/Musoq/Musoq/Musoq.Evaluator.Tests/bin/Debug/net8.0/Musoq.Evaluator.Tests.dll" adapterTypeName="executor://mstestadapter/v2" className="Musoq.Evaluator.Tests.StringsTests" name="WhenSpecialCharacterStartBracketUsedInTextWith_MustNotThrow" />
    </UnitTest>
    <UnitTest name="OuterApply_WithWhereClause_ShouldPass" storage="/home/runner/work/musoq/musoq/musoq.evaluator.tests/bin/debug/net8.0/musoq.evaluator.tests.dll" id="1b5faaf2-e377-619e-1525-9b0c087a7d0a">
      <Execution id="dad12702-d280-4604-a993-04f665acdea0" />
      <TestMethod codeBase="/home/runner/work/Musoq/Musoq/Musoq.Evaluator.Tests/bin/Debug/net8.0/Musoq.Evaluator.Tests.dll" adapterTypeName="executor://mstestadapter/v2" className="Musoq.Evaluator.Tests.OuterApplyTests" name="OuterApply_WithWhereClause_ShouldPass" />
    </UnitTest>
    <UnitTest name="WhenUIntMethodCallAndShortUsed_ShouldHaveColumnOfThatType" storage="/home/runner/work/musoq/musoq/musoq.evaluator.tests/bin/debug/net8.0/musoq.evaluator.tests.dll" id="eb9b1792-3dbb-d168-07cd-363c75c91d17">
      <Execution id="8fcf1258-d6d3-4e77-ae6e-4566f16b4c5c" />
      <TestMethod codeBase="/home/runner/work/Musoq/Musoq/Musoq.Evaluator.Tests/bin/Debug/net8.0/Musoq.Evaluator.Tests.dll" adapterTypeName="executor://mstestadapter/v2" className="Musoq.Evaluator.Tests.ArithmeticForMethodCallAndTypeSpecificOperationTests" name="WhenUIntMethodCallAndShortUsed_ShouldHaveColumnOfThatType" />
    </UnitTest>
    <UnitTest name="ChooseTest" storage="/home/runner/work/musoq/musoq/musoq.evaluator.tests/bin/debug/net8.0/musoq.evaluator.tests.dll" id="797d1b06-f594-96aa-0a64-d6501d24b806">
      <Execution id="9644e471-cbe4-4351-b247-cee89d616e42" />
      <TestMethod codeBase="/home/runner/work/Musoq/Musoq/Musoq.Evaluator.Tests/bin/Debug/net8.0/Musoq.Evaluator.Tests.dll" adapterTypeName="executor://mstestadapter/v2" className="Musoq.Evaluator.Tests.SingleSchemaEvaluatorTests" name="ChooseTest" />
    </UnitTest>
    <UnitTest name="WhenLargeNegativeIntUsed_ShouldHaveColumnOfThatType" storage="/home/runner/work/musoq/musoq/musoq.evaluator.tests/bin/debug/net8.0/musoq.evaluator.tests.dll" id="bb84c460-80b0-7e0d-46a2-4ae8239039f4">
      <Execution id="dfc12bfc-328b-40e0-a96d-34f26ca58355" />
      <TestMethod codeBase="/home/runner/work/Musoq/Musoq/Musoq.Evaluator.Tests/bin/Debug/net8.0/Musoq.Evaluator.Tests.dll" adapterTypeName="executor://mstestadapter/v2" className="Musoq.Evaluator.Tests.NumericLiteralTypesTests" name="WhenLargeNegativeIntUsed_ShouldHaveColumnOfThatType" />
    </UnitTest>
    <UnitTest name="CaseWhenSimpleTest" storage="/home/runner/work/musoq/musoq/musoq.evaluator.tests/bin/debug/net8.0/musoq.evaluator.tests.dll" id="e97fa94a-9f29-ff0f-1ff2-f271c078e311">
      <Execution id="4e725b36-4018-467c-a0c2-38a6542d9a1c" />
      <TestMethod codeBase="/home/runner/work/Musoq/Musoq/Musoq.Evaluator.Tests/bin/Debug/net8.0/Musoq.Evaluator.Tests.dll" adapterTypeName="executor://mstestadapter/v2" className="Musoq.Evaluator.Tests.SingleSchemaEvaluatorTests" name="CaseWhenSimpleTest" />
    </UnitTest>
    <UnitTest name="WhenBitwiseAndBetweenIntAndInt_ShouldBeEvaluated" storage="/home/runner/work/musoq/musoq/musoq.evaluator.tests/bin/debug/net8.0/musoq.evaluator.tests.dll" id="d67a91b3-bcfb-d35a-46c1-9346a1f1de89">
      <Execution id="1d79156f-b37f-4af8-8425-43ac1211fcbd" />
      <TestMethod codeBase="/home/runner/work/Musoq/Musoq/Musoq.Evaluator.Tests/bin/Debug/net8.0/Musoq.Evaluator.Tests.dll" adapterTypeName="executor://mstestadapter/v2" className="Musoq.Evaluator.Tests.BitwiseOperationsAndTests" name="WhenBitwiseAndBetweenIntAndInt_ShouldBeEvaluated" />
    </UnitTest>
    <UnitTest name="WhenSameAliasUsedInMultipleJoins_ShouldThrow" storage="/home/runner/work/musoq/musoq/musoq.evaluator.tests/bin/debug/net8.0/musoq.evaluator.tests.dll" id="2d11786f-81fa-c99a-16e5-a25db076dd78">
      <Execution id="631b9126-d486-40d0-8d17-ead4c9eea1e1" />
      <TestMethod codeBase="/home/runner/work/Musoq/Musoq/Musoq.Evaluator.Tests/bin/Debug/net8.0/Musoq.Evaluator.Tests.dll" adapterTypeName="executor://mstestadapter/v2" className="Musoq.Evaluator.Tests.AliasTests" name="WhenSameAliasUsedInMultipleJoins_ShouldThrow" />
    </UnitTest>
    <UnitTest name="WhenLongMethodCallAndShortUsed_ShouldHaveColumnOfThatType" storage="/home/runner/work/musoq/musoq/musoq.evaluator.tests/bin/debug/net8.0/musoq.evaluator.tests.dll" id="cf60b25f-9d8c-631b-7839-a6e49fa42a52">
      <Execution id="70921d08-8ad3-4927-9d91-35ccec36fd0e" />
      <TestMethod codeBase="/home/runner/work/Musoq/Musoq/Musoq.Evaluator.Tests/bin/Debug/net8.0/Musoq.Evaluator.Tests.dll" adapterTypeName="executor://mstestadapter/v2" className="Musoq.Evaluator.Tests.ArithmeticForMethodCallAndTypeSpecificOperationTests" name="WhenLongMethodCallAndShortUsed_ShouldHaveColumnOfThatType" />
    </UnitTest>
    <UnitTest name="WhenToStringCalled_ShouldReturnSameQuery (select s.Column1, s.Column2 from #some.thing() s order by s.Column2, s.Column1 skip 12 take 8)" storage="/home/runner/work/musoq/musoq/musoq.evaluator.tests/bin/debug/net8.0/musoq.evaluator.tests.dll" id="d74d21ca-4dbb-f6e9-2c2b-efceb64e4594">
      <Execution id="2306dc4b-ee34-4332-91d4-34fab1fd1e5f" />
      <TestMethod codeBase="/home/runner/work/Musoq/Musoq/Musoq.Evaluator.Tests/bin/Debug/net8.0/Musoq.Evaluator.Tests.dll" adapterTypeName="executor://mstestadapter/v2" className="Musoq.Evaluator.Tests.StringifyTests" name="WhenToStringCalled_ShouldReturnSameQuery" />
    </UnitTest>
    <UnitTest name="WhenBitwiseXorBetweenUlongAndUshort_ShouldBeEvaluated" storage="/home/runner/work/musoq/musoq/musoq.evaluator.tests/bin/debug/net8.0/musoq.evaluator.tests.dll" id="c163543e-4883-6918-df44-1a20a70f1c4f">
      <Execution id="843c2a78-4cf2-4d44-a292-c034bfce0f4c" />
      <TestMethod codeBase="/home/runner/work/Musoq/Musoq/Musoq.Evaluator.Tests/bin/Debug/net8.0/Musoq.Evaluator.Tests.dll" adapterTypeName="executor://mstestadapter/v2" className="Musoq.Evaluator.Tests.BitwiseOperationsXorTests" name="WhenBitwiseXorBetweenUlongAndUshort_ShouldBeEvaluated" />
    </UnitTest>
    <UnitTest name="JoinWithExceptTest" storage="/home/runner/work/musoq/musoq/musoq.evaluator.tests/bin/debug/net8.0/musoq.evaluator.tests.dll" id="31c99b56-de2e-fcc2-97f0-f9a6c8fd33f3">
      <Execution id="f0a4161c-eeca-4027-ab8d-8825494bdd14" />
      <TestMethod codeBase="/home/runner/work/Musoq/Musoq/Musoq.Evaluator.Tests/bin/Debug/net8.0/Musoq.Evaluator.Tests.dll" adapterTypeName="executor://mstestadapter/v2" className="Musoq.Evaluator.Tests.JoinTests" name="JoinWithExceptTest" />
    </UnitTest>
    <UnitTest name="WhenNestedObjectIsNotArray_ShouldFail" storage="/home/runner/work/musoq/musoq/musoq.evaluator.tests/bin/debug/net8.0/musoq.evaluator.tests.dll" id="e5c178bc-bcbd-9890-6e6d-dd5a9800c0be">
      <Execution id="8d4e503f-a7e5-43fe-9b35-a2184b147065" />
      <TestMethod codeBase="/home/runner/work/Musoq/Musoq/Musoq.Evaluator.Tests/bin/Debug/net8.0/Musoq.Evaluator.Tests.dll" adapterTypeName="executor://mstestadapter/v2" className="Musoq.Evaluator.Tests.ColumnsTests" name="WhenNestedObjectIsNotArray_ShouldFail" />
    </UnitTest>
    <UnitTest name="SubtractTwoAliasedValuesTest" storage="/home/runner/work/musoq/musoq/musoq.evaluator.tests/bin/debug/net8.0/musoq.evaluator.tests.dll" id="cab705f3-49ce-f227-eb13-8c6933b8df44">
      <Execution id="a250bc6a-95af-4aaa-bff3-88d529790897" />
      <TestMethod codeBase="/home/runner/work/Musoq/Musoq/Musoq.Evaluator.Tests/bin/Debug/net8.0/Musoq.Evaluator.Tests.dll" adapterTypeName="executor://mstestadapter/v2" className="Musoq.Evaluator.Tests.SingleSchemaEvaluatorTests" name="SubtractTwoAliasedValuesTest" />
    </UnitTest>
    <UnitTest name="WhenByteAndSByteUsed_ShouldHaveColumnOfIntType" storage="/home/runner/work/musoq/musoq/musoq.evaluator.tests/bin/debug/net8.0/musoq.evaluator.tests.dll" id="cb348a2d-20e9-832f-6761-b69db70c46ae">
      <Execution id="17f5d6b2-7610-491d-81f8-6e7d78f635b2" />
      <TestMethod codeBase="/home/runner/work/Musoq/Musoq/Musoq.Evaluator.Tests/bin/Debug/net8.0/Musoq.Evaluator.Tests.dll" adapterTypeName="executor://mstestadapter/v2" className="Musoq.Evaluator.Tests.ArithmeticForCrossTypesTests" name="WhenByteAndSByteUsed_ShouldHaveColumnOfIntType" />
    </UnitTest>
    <UnitTest name="JoinWithOrderByTest" storage="/home/runner/work/musoq/musoq/musoq.evaluator.tests/bin/debug/net8.0/musoq.evaluator.tests.dll" id="f9d18498-5095-9916-4085-6738f7bd2b16">
      <Execution id="32fae399-b139-4e54-969a-675fd4885cb5" />
      <TestMethod codeBase="/home/runner/work/Musoq/Musoq/Musoq.Evaluator.Tests/bin/Debug/net8.0/Musoq.Evaluator.Tests.dll" adapterTypeName="executor://mstestadapter/v2" className="Musoq.Evaluator.Tests.JoinTests" name="JoinWithOrderByTest" />
    </UnitTest>
    <UnitTest name="GroupByWithParentSumTest" storage="/home/runner/work/musoq/musoq/musoq.evaluator.tests/bin/debug/net8.0/musoq.evaluator.tests.dll" id="1c0dd587-cbbc-6ce6-b358-76eb43d39195">
      <Execution id="5968d3c2-c037-4976-ac3c-40dc2d4abf5a" />
      <TestMethod codeBase="/home/runner/work/Musoq/Musoq/Musoq.Evaluator.Tests/bin/Debug/net8.0/Musoq.Evaluator.Tests.dll" adapterTypeName="executor://mstestadapter/v2" className="Musoq.Evaluator.Tests.GroupByTests" name="GroupByWithParentSumTest" />
    </UnitTest>
    <UnitTest name="WhenBitwiseAndBetweenSbyteAndByte_ShouldBeEvaluated" storage="/home/runner/work/musoq/musoq/musoq.evaluator.tests/bin/debug/net8.0/musoq.evaluator.tests.dll" id="3f7c0063-b317-ae77-f254-b75e580a3018">
      <Execution id="81071635-d667-44e3-9338-1ebe089501f9" />
      <TestMethod codeBase="/home/runner/work/Musoq/Musoq/Musoq.Evaluator.Tests/bin/Debug/net8.0/Musoq.Evaluator.Tests.dll" adapterTypeName="executor://mstestadapter/v2" className="Musoq.Evaluator.Tests.BitwiseOperationsAndTests" name="WhenBitwiseAndBetweenSbyteAndByte_ShouldBeEvaluated" />
    </UnitTest>
    <UnitTest name="WhenUIntAndShortUsed_ShouldHaveColumnOfThatType" storage="/home/runner/work/musoq/musoq/musoq.evaluator.tests/bin/debug/net8.0/musoq.evaluator.tests.dll" id="422a1fea-8511-ab9e-db8c-582cfc16af08">
      <Execution id="e7dc15d8-b60d-4d03-8490-85c8f51fcb79" />
      <TestMethod codeBase="/home/runner/work/Musoq/Musoq/Musoq.Evaluator.Tests/bin/Debug/net8.0/Musoq.Evaluator.Tests.dll" adapterTypeName="executor://mstestadapter/v2" className="Musoq.Evaluator.Tests.ArithmeticForCrossTypesTests" name="WhenUIntAndShortUsed_ShouldHaveColumnOfThatType" />
    </UnitTest>
    <UnitTest name="WhenAliasedStarUnfoldToMultipleColumns_FirstTableUnfolded_ShouldPass" storage="/home/runner/work/musoq/musoq/musoq.evaluator.tests/bin/debug/net8.0/musoq.evaluator.tests.dll" id="6cb67733-7154-a258-7f0e-e2798ebbc7e9">
      <Execution id="abbe10a0-63f0-4a8c-82b3-02878544b8ac" />
      <TestMethod codeBase="/home/runner/work/Musoq/Musoq/Musoq.Evaluator.Tests/bin/Debug/net8.0/Musoq.Evaluator.Tests.dll" adapterTypeName="executor://mstestadapter/v2" className="Musoq.Evaluator.Tests.StarTests" name="WhenAliasedStarUnfoldToMultipleColumns_FirstTableUnfolded_ShouldPass" />
    </UnitTest>
    <UnitTest name="WhenMixedQueriesGroupingAreUsed_Variant4_ShouldPass" storage="/home/runner/work/musoq/musoq/musoq.evaluator.tests/bin/debug/net8.0/musoq.evaluator.tests.dll" id="5694c444-5208-cfe6-88c5-c5c243a422fe">
      <Execution id="e1bb6f14-ab71-42b7-a2fa-01bb870e090f" />
      <TestMethod codeBase="/home/runner/work/Musoq/Musoq/Musoq.Evaluator.Tests/bin/Debug/net8.0/Musoq.Evaluator.Tests.dll" adapterTypeName="executor://mstestadapter/v2" className="Musoq.Evaluator.Tests.CteTests" name="WhenMixedQueriesGroupingAreUsed_Variant4_ShouldPass" />
    </UnitTest>
    <UnitTest name="WhenBitwiseAndBetweenSbyteAndSbyte_ShouldBeEvaluated" storage="/home/runner/work/musoq/musoq/musoq.evaluator.tests/bin/debug/net8.0/musoq.evaluator.tests.dll" id="47058bb1-b57d-8f36-83f0-e448a4ce73be">
      <Execution id="bafed2b0-6090-4d40-bae6-fa0876761b35" />
      <TestMethod codeBase="/home/runner/work/Musoq/Musoq/Musoq.Evaluator.Tests/bin/Debug/net8.0/Musoq.Evaluator.Tests.dll" adapterTypeName="executor://mstestadapter/v2" className="Musoq.Evaluator.Tests.BitwiseOperationsAndTests" name="WhenBitwiseAndBetweenSbyteAndSbyte_ShouldBeEvaluated" />
    </UnitTest>
    <UnitTest name="WhenAliasedStarUnfoldToMultipleColumns_AndAliasedStarIsUsedWithinSelect_ShouldPass" storage="/home/runner/work/musoq/musoq/musoq.evaluator.tests/bin/debug/net8.0/musoq.evaluator.tests.dll" id="b70b29b1-ee1b-5ed1-7421-7f44214c23cb">
      <Execution id="0529584d-8b8d-4a45-bd9e-02363cfcf846" />
      <TestMethod codeBase="/home/runner/work/Musoq/Musoq/Musoq.Evaluator.Tests/bin/Debug/net8.0/Musoq.Evaluator.Tests.dll" adapterTypeName="executor://mstestadapter/v2" className="Musoq.Evaluator.Tests.StarTests" name="WhenAliasedStarUnfoldToMultipleColumns_AndAliasedStarIsUsedWithinSelect_ShouldPass" />
    </UnitTest>
    <UnitTest name="WhenUShortAndByteUsed_ShouldHaveColumnOfThatType" storage="/home/runner/work/musoq/musoq/musoq.evaluator.tests/bin/debug/net8.0/musoq.evaluator.tests.dll" id="8e969a19-c3d6-4153-ba47-2d264cac0bbf">
      <Execution id="3d34e177-ca9a-4d8e-bde0-33bcc42d45c2" />
      <TestMethod codeBase="/home/runner/work/Musoq/Musoq/Musoq.Evaluator.Tests/bin/Debug/net8.0/Musoq.Evaluator.Tests.dll" adapterTypeName="executor://mstestadapter/v2" className="Musoq.Evaluator.Tests.ArithmeticForCrossTypesTests" name="WhenUShortAndByteUsed_ShouldHaveColumnOfThatType" />
    </UnitTest>
    <UnitTest name="HeadWithStringTest" storage="/home/runner/work/musoq/musoq/musoq.evaluator.tests/bin/debug/net8.0/musoq.evaluator.tests.dll" id="4e945a58-333d-177d-1171-8f265869eb53">
      <Execution id="1429dc66-7357-4d8d-897f-705de821703c" />
      <TestMethod codeBase="/home/runner/work/Musoq/Musoq/Musoq.Evaluator.Tests/bin/Debug/net8.0/Musoq.Evaluator.Tests.dll" adapterTypeName="executor://mstestadapter/v2" className="Musoq.Evaluator.Tests.SingleSchemaEvaluatorTests" name="HeadWithStringTest" />
    </UnitTest>
    <UnitTest name="WhenSpecialCharacterStartBracketUsedInTextWith_MustNotThrow (+)" storage="/home/runner/work/musoq/musoq/musoq.evaluator.tests/bin/debug/net8.0/musoq.evaluator.tests.dll" id="7e5b64eb-1125-0147-e4d8-6d6c39f4eabd">
      <Execution id="330d9325-96be-449b-8f3b-66e354a31def" />
      <TestMethod codeBase="/home/runner/work/Musoq/Musoq/Musoq.Evaluator.Tests/bin/Debug/net8.0/Musoq.Evaluator.Tests.dll" adapterTypeName="executor://mstestadapter/v2" className="Musoq.Evaluator.Tests.StringsTests" name="WhenSpecialCharacterStartBracketUsedInTextWith_MustNotThrow" />
    </UnitTest>
    <UnitTest name="DivisionWithMultiplicationTest" storage="/home/runner/work/musoq/musoq/musoq.evaluator.tests/bin/debug/net8.0/musoq.evaluator.tests.dll" id="e58f16a1-4115-c87f-27e1-9aa3fd7a57ad">
      <Execution id="3ee36efd-462f-46a0-9fc2-52d773979d61" />
      <TestMethod codeBase="/home/runner/work/Musoq/Musoq/Musoq.Evaluator.Tests/bin/Debug/net8.0/Musoq.Evaluator.Tests.dll" adapterTypeName="executor://mstestadapter/v2" className="Musoq.Evaluator.Tests.ArithmeticTests" name="DivisionWithMultiplicationTest" />
    </UnitTest>
    <UnitTest name="WhenUShortAndDoubleUsed_ShouldHaveColumnOfThatType" storage="/home/runner/work/musoq/musoq/musoq.evaluator.tests/bin/debug/net8.0/musoq.evaluator.tests.dll" id="02443489-fa32-ff72-dcd6-d331b12482ac">
      <Execution id="b3ceae10-80f3-46da-92ca-f1d914e069e1" />
      <TestMethod codeBase="/home/runner/work/Musoq/Musoq/Musoq.Evaluator.Tests/bin/Debug/net8.0/Musoq.Evaluator.Tests.dll" adapterTypeName="executor://mstestadapter/v2" className="Musoq.Evaluator.Tests.ArithmeticForCrossTypesTests" name="WhenUShortAndDoubleUsed_ShouldHaveColumnOfThatType" />
    </UnitTest>
    <UnitTest name="WhenDecimalMethodCallAndLongUsed_ShouldHaveColumnOfThatType" storage="/home/runner/work/musoq/musoq/musoq.evaluator.tests/bin/debug/net8.0/musoq.evaluator.tests.dll" id="8f1efc54-a0c9-c4eb-04ec-31b75e703c8c">
      <Execution id="faa0ce01-6710-4912-806a-325c269c1b11" />
      <TestMethod codeBase="/home/runner/work/Musoq/Musoq/Musoq.Evaluator.Tests/bin/Debug/net8.0/Musoq.Evaluator.Tests.dll" adapterTypeName="executor://mstestadapter/v2" className="Musoq.Evaluator.Tests.ArithmeticForMethodCallAndTypeSpecificOperationTests" name="WhenDecimalMethodCallAndLongUsed_ShouldHaveColumnOfThatType" />
    </UnitTest>
    <UnitTest name="WhenFloatAndLongUsed_ShouldHaveColumnOfThatType" storage="/home/runner/work/musoq/musoq/musoq.evaluator.tests/bin/debug/net8.0/musoq.evaluator.tests.dll" id="98c7a722-2a1e-0c59-a71f-7949e0abc224">
      <Execution id="306a103c-59a5-493c-8052-088798ecfcc9" />
      <TestMethod codeBase="/home/runner/work/Musoq/Musoq/Musoq.Evaluator.Tests/bin/Debug/net8.0/Musoq.Evaluator.Tests.dll" adapterTypeName="executor://mstestadapter/v2" className="Musoq.Evaluator.Tests.ArithmeticForCrossTypesTests" name="WhenFloatAndLongUsed_ShouldHaveColumnOfThatType" />
    </UnitTest>
    <UnitTest name="WhenToStringCalled_ShouldReturnSameQuery (select b.* from #some.thing() a cross apply #some.thing(a.Column, true, 10) b)" storage="/home/runner/work/musoq/musoq/musoq.evaluator.tests/bin/debug/net8.0/musoq.evaluator.tests.dll" id="7e1d1d27-fcdc-0b0f-0900-2c57ffbae30f">
      <Execution id="cfb1c904-3268-4b50-b0db-f4388c57ecc4" />
      <TestMethod codeBase="/home/runner/work/Musoq/Musoq/Musoq.Evaluator.Tests/bin/Debug/net8.0/Musoq.Evaluator.Tests.dll" adapterTypeName="executor://mstestadapter/v2" className="Musoq.Evaluator.Tests.StringifyTests" name="WhenToStringCalled_ShouldReturnSameQuery" />
    </UnitTest>
    <UnitTest name="WhenBitwiseAndBetweenSByteAndInt_ShouldBeEvaluated" storage="/home/runner/work/musoq/musoq/musoq.evaluator.tests/bin/debug/net8.0/musoq.evaluator.tests.dll" id="a301ffeb-ace7-c718-12f5-b950c87c106b">
      <Execution id="dc1ff981-e204-4298-9099-ea855b7aa1c4" />
      <TestMethod codeBase="/home/runner/work/Musoq/Musoq/Musoq.Evaluator.Tests/bin/Debug/net8.0/Musoq.Evaluator.Tests.dll" adapterTypeName="executor://mstestadapter/v2" className="Musoq.Evaluator.Tests.BitwiseOperationsAndTests" name="WhenBitwiseAndBetweenSByteAndInt_ShouldBeEvaluated" />
    </UnitTest>
    <UnitTest name="ExceptQueryCancellation" storage="/home/runner/work/musoq/musoq/musoq.evaluator.tests/bin/debug/net8.0/musoq.evaluator.tests.dll" id="01cccccf-876a-f449-e80c-723f499fa766">
      <Execution id="8520db60-cdd2-4bcf-9833-f5bc736597d1" />
      <TestMethod codeBase="/home/runner/work/Musoq/Musoq/Musoq.Evaluator.Tests/bin/Debug/net8.0/Musoq.Evaluator.Tests.dll" adapterTypeName="executor://mstestadapter/v2" className="Musoq.Evaluator.Tests.CancellationTests" name="ExceptQueryCancellation" />
    </UnitTest>
    <UnitTest name="WhenSpecialCharacterStartBracketUsedInTextWith_MustNotThrow (&quot;)" storage="/home/runner/work/musoq/musoq/musoq.evaluator.tests/bin/debug/net8.0/musoq.evaluator.tests.dll" id="344d5d84-186e-9b3f-1394-8553464e6bb4">
      <Execution id="4dc84a0a-6ac9-408a-9fed-6b62c4bb69ff" />
      <TestMethod codeBase="/home/runner/work/Musoq/Musoq/Musoq.Evaluator.Tests/bin/Debug/net8.0/Musoq.Evaluator.Tests.dll" adapterTypeName="executor://mstestadapter/v2" className="Musoq.Evaluator.Tests.StringsTests" name="WhenSpecialCharacterStartBracketUsedInTextWith_MustNotThrow" />
    </UnitTest>
    <UnitTest name="WhenBitwiseXorBetweenByteAndShort_ShouldBeEvaluated" storage="/home/runner/work/musoq/musoq/musoq.evaluator.tests/bin/debug/net8.0/musoq.evaluator.tests.dll" id="a50192e5-7f65-af41-eb1e-8a79dc903e42">
      <Execution id="f9dda20e-5a77-456b-947a-d1591b2abe3b" />
      <TestMethod codeBase="/home/runner/work/Musoq/Musoq/Musoq.Evaluator.Tests/bin/Debug/net8.0/Musoq.Evaluator.Tests.dll" adapterTypeName="executor://mstestadapter/v2" className="Musoq.Evaluator.Tests.BitwiseOperationsXorTests" name="WhenBitwiseXorBetweenByteAndShort_ShouldBeEvaluated" />
    </UnitTest>
    <UnitTest name="WhenOrderByWithinCteExpression_ShouldSucceed" storage="/home/runner/work/musoq/musoq/musoq.evaluator.tests/bin/debug/net8.0/musoq.evaluator.tests.dll" id="070f44f8-c507-5609-fb7a-7b0d046a2628">
      <Execution id="2a0d8b73-e27d-49b6-b078-a2de010d3922" />
      <TestMethod codeBase="/home/runner/work/Musoq/Musoq/Musoq.Evaluator.Tests/bin/Debug/net8.0/Musoq.Evaluator.Tests.dll" adapterTypeName="executor://mstestadapter/v2" className="Musoq.Evaluator.Tests.OrderByTests" name="WhenOrderByWithinCteExpression_ShouldSucceed" />
    </UnitTest>
    <UnitTest name="WhenLargeSByteUsed_ShouldHaveColumnOfThatType" storage="/home/runner/work/musoq/musoq/musoq.evaluator.tests/bin/debug/net8.0/musoq.evaluator.tests.dll" id="04063253-2e05-9c3b-57c3-00fc4d1cc0df">
      <Execution id="0f8b5dcc-d9c1-44b3-ad1b-691a3af024f9" />
      <TestMethod codeBase="/home/runner/work/Musoq/Musoq/Musoq.Evaluator.Tests/bin/Debug/net8.0/Musoq.Evaluator.Tests.dll" adapterTypeName="executor://mstestadapter/v2" className="Musoq.Evaluator.Tests.NumericLiteralTypesTests" name="WhenLargeSByteUsed_ShouldHaveColumnOfThatType" />
    </UnitTest>
    <UnitTest name="LeftOuterRightOuterJoinPassMethodContextTest" storage="/home/runner/work/musoq/musoq/musoq.evaluator.tests/bin/debug/net8.0/musoq.evaluator.tests.dll" id="005c9202-735c-9beb-5b79-6c32a227b1f0">
      <Execution id="68759ce3-a0ee-4c73-a06d-b6005e9313f5" />
      <TestMethod codeBase="/home/runner/work/Musoq/Musoq/Musoq.Evaluator.Tests/bin/Debug/net8.0/Musoq.Evaluator.Tests.dll" adapterTypeName="executor://mstestadapter/v2" className="Musoq.Evaluator.Tests.JoinTests" name="LeftOuterRightOuterJoinPassMethodContextTest" />
    </UnitTest>
    <UnitTest name="OuterApply_WithAggregation_ShouldPass" storage="/home/runner/work/musoq/musoq/musoq.evaluator.tests/bin/debug/net8.0/musoq.evaluator.tests.dll" id="36167cde-c553-68b4-d36d-934a219e93a5">
      <Execution id="f46b332c-268c-447f-b480-5d53507f9b3c" />
      <TestMethod codeBase="/home/runner/work/Musoq/Musoq/Musoq.Evaluator.Tests/bin/Debug/net8.0/Musoq.Evaluator.Tests.dll" adapterTypeName="executor://mstestadapter/v2" className="Musoq.Evaluator.Tests.OuterApplyTests" name="OuterApply_WithAggregation_ShouldPass" />
    </UnitTest>
    <UnitTest name="MultipleRightJoinWithCTriesMatchBAndSucceedForASingleTest" storage="/home/runner/work/musoq/musoq/musoq.evaluator.tests/bin/debug/net8.0/musoq.evaluator.tests.dll" id="d81b02c5-a7f2-fbc7-fadb-b6abda39b334">
      <Execution id="c87dd9f1-3d08-43cd-8656-b58794a10c45" />
      <TestMethod codeBase="/home/runner/work/Musoq/Musoq/Musoq.Evaluator.Tests/bin/Debug/net8.0/Musoq.Evaluator.Tests.dll" adapterTypeName="executor://mstestadapter/v2" className="Musoq.Evaluator.Tests.JoinTests" name="MultipleRightJoinWithCTriesMatchBAndSucceedForASingleTest" />
    </UnitTest>
    <UnitTest name="WhenBitwiseAndBetweenUshortAndShort_ShouldBeEvaluated" storage="/home/runner/work/musoq/musoq/musoq.evaluator.tests/bin/debug/net8.0/musoq.evaluator.tests.dll" id="7e6223fd-eaef-2480-4ab8-8f5219d75ce9">
      <Execution id="318a327b-d234-4a8f-9ed1-e0c69629b1ec" />
      <TestMethod codeBase="/home/runner/work/Musoq/Musoq/Musoq.Evaluator.Tests/bin/Debug/net8.0/Musoq.Evaluator.Tests.dll" adapterTypeName="executor://mstestadapter/v2" className="Musoq.Evaluator.Tests.BitwiseOperationsAndTests" name="WhenBitwiseAndBetweenUshortAndShort_ShouldBeEvaluated" />
    </UnitTest>
    <UnitTest name="WhenDescEnvironmentVariables_ShouldListAllColumns" storage="/home/runner/work/musoq/musoq/musoq.evaluator.tests/bin/debug/net8.0/musoq.evaluator.tests.dll" id="335a2a3e-5e39-c408-c054-a6f123afe4e4">
      <Execution id="c3a73552-ea9e-4193-97d0-6eb811784d3d" />
      <TestMethod codeBase="/home/runner/work/Musoq/Musoq/Musoq.Evaluator.Tests/bin/Debug/net8.0/Musoq.Evaluator.Tests.dll" adapterTypeName="executor://mstestadapter/v2" className="Musoq.Evaluator.Tests.EnvironmentVariablesTests" name="WhenDescEnvironmentVariables_ShouldListAllColumns" />
    </UnitTest>
    <UnitTest name="WhenUnicodeEscaped_ShouldBePresent" storage="/home/runner/work/musoq/musoq/musoq.evaluator.tests/bin/debug/net8.0/musoq.evaluator.tests.dll" id="de6a00b1-7ad3-f789-944c-1be6ba94b1e2">
      <Execution id="414f32a8-9207-4bca-bc73-db02c9b94f1f" />
      <TestMethod codeBase="/home/runner/work/Musoq/Musoq/Musoq.Evaluator.Tests/bin/Debug/net8.0/Musoq.Evaluator.Tests.dll" adapterTypeName="executor://mstestadapter/v2" className="Musoq.Evaluator.Tests.EscapeTests" name="WhenUnicodeEscaped_ShouldBePresent" />
    </UnitTest>
    <UnitTest name="SubtractionWithUnaryMinusTest" storage="/home/runner/work/musoq/musoq/musoq.evaluator.tests/bin/debug/net8.0/musoq.evaluator.tests.dll" id="31b73d1b-34c9-dbfd-3f68-bbff182a5498">
      <Execution id="c65b3059-295f-4f24-80cb-c9ce56757a22" />
      <TestMethod codeBase="/home/runner/work/Musoq/Musoq/Musoq.Evaluator.Tests/bin/Debug/net8.0/Musoq.Evaluator.Tests.dll" adapterTypeName="executor://mstestadapter/v2" className="Musoq.Evaluator.Tests.ArithmeticTests" name="SubtractionWithUnaryMinusTest" />
    </UnitTest>
    <UnitTest name="WhenLikeExpressionIsRewritten_ShouldPass" storage="/home/runner/work/musoq/musoq/musoq.evaluator.tests/bin/debug/net8.0/musoq.evaluator.tests.dll" id="038f859a-0808-e250-883d-ef4011ef6be0">
      <Execution id="da984df1-cbcf-44f2-9ad8-158dd38e2a33" />
      <TestMethod codeBase="/home/runner/work/Musoq/Musoq/Musoq.Evaluator.Tests/bin/Debug/net8.0/Musoq.Evaluator.Tests.dll" adapterTypeName="executor://mstestadapter/v2" className="Musoq.Evaluator.Tests.RewriteWhereExpressionToPassItToDataSourceTests" name="WhenLikeExpressionIsRewritten_ShouldPass" />
    </UnitTest>
    <UnitTest name="WhenBitwiseShiftLeft_short_ShouldBeEvaluated" storage="/home/runner/work/musoq/musoq/musoq.evaluator.tests/bin/debug/net8.0/musoq.evaluator.tests.dll" id="f4a6e852-8ec1-6de0-6ca8-83dbbc029e26">
      <Execution id="51a81973-844f-4f91-ab33-921818769e84" />
      <TestMethod codeBase="/home/runner/work/Musoq/Musoq/Musoq.Evaluator.Tests/bin/Debug/net8.0/Musoq.Evaluator.Tests.dll" adapterTypeName="executor://mstestadapter/v2" className="Musoq.Evaluator.Tests.BitwiseShiftLeftTests" name="WhenBitwiseShiftLeft_short_ShouldBeEvaluated" />
    </UnitTest>
    <UnitTest name="WhenUIntAndULongUsed_ShouldHaveColumnOfThatType" storage="/home/runner/work/musoq/musoq/musoq.evaluator.tests/bin/debug/net8.0/musoq.evaluator.tests.dll" id="759d4e92-d358-cdf0-0491-aa9a5d281cec">
      <Execution id="4b9d628b-4755-49ad-a00a-096d4e4c5712" />
      <TestMethod codeBase="/home/runner/work/Musoq/Musoq/Musoq.Evaluator.Tests/bin/Debug/net8.0/Musoq.Evaluator.Tests.dll" adapterTypeName="executor://mstestadapter/v2" className="Musoq.Evaluator.Tests.ArithmeticForCrossTypesTests" name="WhenUIntAndULongUsed_ShouldHaveColumnOfThatType" />
    </UnitTest>
    <UnitTest name="RightOuterLeftOuterJoinPassMethodContextTest" storage="/home/runner/work/musoq/musoq/musoq.evaluator.tests/bin/debug/net8.0/musoq.evaluator.tests.dll" id="fe8aea54-d4d1-5514-2b7a-4e26b72311d5">
      <Execution id="028779b5-1e37-4f9d-90df-5dbb82810c5b" />
      <TestMethod codeBase="/home/runner/work/Musoq/Musoq/Musoq.Evaluator.Tests/bin/Debug/net8.0/Musoq.Evaluator.Tests.dll" adapterTypeName="executor://mstestadapter/v2" className="Musoq.Evaluator.Tests.JoinTests" name="RightOuterLeftOuterJoinPassMethodContextTest" />
    </UnitTest>
    <UnitTest name="IfFunctionFalseTest" storage="/home/runner/work/musoq/musoq/musoq.evaluator.tests/bin/debug/net8.0/musoq.evaluator.tests.dll" id="a7e46f2f-0dd1-fa37-e0f8-90f28079d938">
      <Execution id="8515c8ab-18b0-42fb-a4f1-09c433dc67a8" />
      <TestMethod codeBase="/home/runner/work/Musoq/Musoq/Musoq.Evaluator.Tests/bin/Debug/net8.0/Musoq.Evaluator.Tests.dll" adapterTypeName="executor://mstestadapter/v2" className="Musoq.Evaluator.Tests.LogicalFunctionsTests" name="IfFunctionFalseTest" />
    </UnitTest>
    <UnitTest name="WhenSchemaMethodCrossAppliedWithAnotherSchema_WithinCte_ShouldPass" storage="/home/runner/work/musoq/musoq/musoq.evaluator.tests/bin/debug/net8.0/musoq.evaluator.tests.dll" id="47f1b4eb-aecc-fae7-2947-dd6ceaf06840">
      <Execution id="0f425a5a-360f-4cd2-b904-22b1240e38d8" />
      <TestMethod codeBase="/home/runner/work/Musoq/Musoq/Musoq.Evaluator.Tests/bin/Debug/net8.0/Musoq.Evaluator.Tests.dll" adapterTypeName="executor://mstestadapter/v2" className="Musoq.Evaluator.Tests.CrossApplyCteTests" name="WhenSchemaMethodCrossAppliedWithAnotherSchema_WithinCte_ShouldPass" />
    </UnitTest>
    <UnitTest name="WhenBitwiseShiftRightULong_ShouldBeEvaluated" storage="/home/runner/work/musoq/musoq/musoq.evaluator.tests/bin/debug/net8.0/musoq.evaluator.tests.dll" id="6a277be7-851d-e77f-33c6-a088ed7b518c">
      <Execution id="8862ef04-98ed-4343-ae37-f8b73ac91540" />
      <TestMethod codeBase="/home/runner/work/Musoq/Musoq/Musoq.Evaluator.Tests/bin/Debug/net8.0/Musoq.Evaluator.Tests.dll" adapterTypeName="executor://mstestadapter/v2" className="Musoq.Evaluator.Tests.BitwiseShiftRightTests" name="WhenBitwiseShiftRightULong_ShouldBeEvaluated" />
    </UnitTest>
    <UnitTest name="WhenByteMethodCallAndByteUsed_ShouldHaveColumnOfThatType" storage="/home/runner/work/musoq/musoq/musoq.evaluator.tests/bin/debug/net8.0/musoq.evaluator.tests.dll" id="9ae5f0be-e098-2cf3-242d-c6e08add725b">
      <Execution id="e5010cc6-c3f9-4a94-97ce-2da802092df6" />
      <TestMethod codeBase="/home/runner/work/Musoq/Musoq/Musoq.Evaluator.Tests/bin/Debug/net8.0/Musoq.Evaluator.Tests.dll" adapterTypeName="executor://mstestadapter/v2" className="Musoq.Evaluator.Tests.ArithmeticForMethodCallAndTypeSpecificOperationTests" name="WhenByteMethodCallAndByteUsed_ShouldHaveColumnOfThatType" />
    </UnitTest>
    <UnitTest name="WhenShortAndSByteUsed_ShouldHaveColumnOfThatType" storage="/home/runner/work/musoq/musoq/musoq.evaluator.tests/bin/debug/net8.0/musoq.evaluator.tests.dll" id="9401bf22-4c9d-ba4e-88b5-88696f487c2f">
      <Execution id="c368d183-e0c7-4dba-a7bb-65a7c6bf9b7b" />
      <TestMethod codeBase="/home/runner/work/Musoq/Musoq/Musoq.Evaluator.Tests/bin/Debug/net8.0/Musoq.Evaluator.Tests.dll" adapterTypeName="executor://mstestadapter/v2" className="Musoq.Evaluator.Tests.ArithmeticForCrossTypesTests" name="WhenShortAndSByteUsed_ShouldHaveColumnOfThatType" />
    </UnitTest>
    <UnitTest name="SimpleCteWithUnionAllTest" storage="/home/runner/work/musoq/musoq/musoq.evaluator.tests/bin/debug/net8.0/musoq.evaluator.tests.dll" id="c76a12bb-7bf1-b81f-d031-51edcbdeef88">
      <Execution id="dbc6ea31-d44b-4119-8f3f-d0ca9c7ab3dd" />
      <TestMethod codeBase="/home/runner/work/Musoq/Musoq/Musoq.Evaluator.Tests/bin/Debug/net8.0/Musoq.Evaluator.Tests.dll" adapterTypeName="executor://mstestadapter/v2" className="Musoq.Evaluator.Tests.CteTests" name="SimpleCteWithUnionAllTest" />
    </UnitTest>
    <UnitTest name="OuterApply_SchemaAndMethod_WithComplexObjects_ShouldPass" storage="/home/runner/work/musoq/musoq/musoq.evaluator.tests/bin/debug/net8.0/musoq.evaluator.tests.dll" id="090e5a6e-23c7-41c3-8c43-aabee7bed64b">
      <Execution id="c922a43a-6d61-4edc-9f0b-8f1ae16d73de" />
      <TestMethod codeBase="/home/runner/work/Musoq/Musoq/Musoq.Evaluator.Tests/bin/Debug/net8.0/Musoq.Evaluator.Tests.dll" adapterTypeName="executor://mstestadapter/v2" className="Musoq.Evaluator.Tests.OuterApplyMixedTests" name="OuterApply_SchemaAndMethod_WithComplexObjects_ShouldPass" />
    </UnitTest>
    <UnitTest name="WhenOrderByWithInnerJoinAndGroupBy_ShouldSucceed" storage="/home/runner/work/musoq/musoq/musoq.evaluator.tests/bin/debug/net8.0/musoq.evaluator.tests.dll" id="6bb16f08-af0a-3278-9684-e9af8495b832">
      <Execution id="508e04b7-fde5-4b3d-b74f-6e6bfb63960d" />
      <TestMethod codeBase="/home/runner/work/Musoq/Musoq/Musoq.Evaluator.Tests/bin/Debug/net8.0/Musoq.Evaluator.Tests.dll" adapterTypeName="executor://mstestadapter/v2" className="Musoq.Evaluator.Tests.OrderByTests" name="WhenOrderByWithInnerJoinAndGroupBy_ShouldSucceed" />
    </UnitTest>
    <UnitTest name="CrossApply_WithNullParameter_ShouldHandleGracefully" storage="/home/runner/work/musoq/musoq/musoq.evaluator.tests/bin/debug/net8.0/musoq.evaluator.tests.dll" id="c31aa0d4-6d6c-7e68-0f2a-2f29f932dba3">
      <Execution id="f0a8ff99-1c2b-468a-b490-03fa891adc4d" />
      <TestMethod codeBase="/home/runner/work/Musoq/Musoq/Musoq.Evaluator.Tests/bin/Debug/net8.0/Musoq.Evaluator.Tests.dll" adapterTypeName="executor://mstestadapter/v2" className="Musoq.Evaluator.Tests.CrossApplyBugTestCases" name="CrossApply_WithNullParameter_ShouldHandleGracefully" />
    </UnitTest>
    <UnitTest name="WhenDoubleNestedObjectMightBeTreatAsArray_ShouldPass" storage="/home/runner/work/musoq/musoq/musoq.evaluator.tests/bin/debug/net8.0/musoq.evaluator.tests.dll" id="72caf37b-9392-6ac6-0394-e4c555daa73c">
      <Execution id="82d7c4a9-f240-4fc2-913f-bd99cff21148" />
      <TestMethod codeBase="/home/runner/work/Musoq/Musoq/Musoq.Evaluator.Tests/bin/Debug/net8.0/Musoq.Evaluator.Tests.dll" adapterTypeName="executor://mstestadapter/v2" className="Musoq.Evaluator.Tests.ColumnsTests" name="WhenDoubleNestedObjectMightBeTreatAsArray_ShouldPass" />
    </UnitTest>
    <UnitTest name="WhenIndexOfCalled_ShouldReturnFirstIndex" storage="/home/runner/work/musoq/musoq/musoq.evaluator.tests/bin/debug/net8.0/musoq.evaluator.tests.dll" id="5c321154-640e-eb07-2e29-d4494bb1cf49">
      <Execution id="ed395b24-da19-40d9-8a8c-56a8b7da7aaa" />
      <TestMethod codeBase="/home/runner/work/Musoq/Musoq/Musoq.Evaluator.Tests/bin/Debug/net8.0/Musoq.Evaluator.Tests.dll" adapterTypeName="executor://mstestadapter/v2" className="Musoq.Evaluator.Tests.StringsTests" name="WhenIndexOfCalled_ShouldReturnFirstIndex" />
    </UnitTest>
    <UnitTest name="WhenAliasedStarUnfoldToMultipleColumns_AndExplicitColumnUsed_ShouldPass" storage="/home/runner/work/musoq/musoq/musoq.evaluator.tests/bin/debug/net8.0/musoq.evaluator.tests.dll" id="68be8e30-8855-e2a4-eb00-5c766107cef7">
      <Execution id="637f7000-85a5-433f-b565-b96d97fa06c0" />
      <TestMethod codeBase="/home/runner/work/Musoq/Musoq/Musoq.Evaluator.Tests/bin/Debug/net8.0/Musoq.Evaluator.Tests.dll" adapterTypeName="executor://mstestadapter/v2" className="Musoq.Evaluator.Tests.StarTests" name="WhenAliasedStarUnfoldToMultipleColumns_AndExplicitColumnUsed_ShouldPass" />
    </UnitTest>
    <UnitTest name="WhenBitwiseXorBetweenUshortAndSbyte_ShouldBeEvaluated" storage="/home/runner/work/musoq/musoq/musoq.evaluator.tests/bin/debug/net8.0/musoq.evaluator.tests.dll" id="af073b73-e442-83d4-8f67-facd9fe1c36b">
      <Execution id="0bb3c5d6-daa6-4b8b-b9a0-5cb0844efbb4" />
      <TestMethod codeBase="/home/runner/work/Musoq/Musoq/Musoq.Evaluator.Tests/bin/Debug/net8.0/Musoq.Evaluator.Tests.dll" adapterTypeName="executor://mstestadapter/v2" className="Musoq.Evaluator.Tests.BitwiseOperationsXorTests" name="WhenBitwiseXorBetweenUshortAndSbyte_ShouldBeEvaluated" />
    </UnitTest>
    <UnitTest name="SimpleCteWithIntersectTest" storage="/home/runner/work/musoq/musoq/musoq.evaluator.tests/bin/debug/net8.0/musoq.evaluator.tests.dll" id="49dc7a14-24fd-34bf-cf8f-3edae8381374">
      <Execution id="0b9632f4-1ee1-4f4c-9657-08036f7be54f" />
      <TestMethod codeBase="/home/runner/work/Musoq/Musoq/Musoq.Evaluator.Tests/bin/Debug/net8.0/Musoq.Evaluator.Tests.dll" adapterTypeName="executor://mstestadapter/v2" className="Musoq.Evaluator.Tests.CteTests" name="SimpleCteWithIntersectTest" />
    </UnitTest>
    <UnitTest name="WhenMergeArraysWithTwoArraysPassed_ShouldChoseCorrectImplementation" storage="/home/runner/work/musoq/musoq/musoq.evaluator.tests/bin/debug/net8.0/musoq.evaluator.tests.dll" id="fc0dbdc4-9b44-c82b-dde6-679f5d9ea2e3">
      <Execution id="b42909a3-bd1b-4780-af5a-c85cb2f782e6" />
      <TestMethod codeBase="/home/runner/work/Musoq/Musoq/Musoq.Evaluator.Tests/bin/Debug/net8.0/Musoq.Evaluator.Tests.dll" adapterTypeName="executor://mstestadapter/v2" className="Musoq.Evaluator.Tests.GenericTests" name="WhenMergeArraysWithTwoArraysPassed_ShouldChoseCorrectImplementation" />
    </UnitTest>
    <UnitTest name="ArrayAccess_ZeroLengthArray_ShouldReturnDefault" storage="/home/runner/work/musoq/musoq/musoq.evaluator.tests/bin/debug/net8.0/musoq.evaluator.tests.dll" id="4fa5eb09-d64b-81a9-df0b-6dafc3603b8a">
      <Execution id="8b81dc8f-123f-4f99-994a-39a083ac3b85" />
      <TestMethod codeBase="/home/runner/work/Musoq/Musoq/Musoq.Evaluator.Tests/bin/Debug/net8.0/Musoq.Evaluator.Tests.dll" adapterTypeName="executor://mstestadapter/v2" className="Musoq.Evaluator.Tests.ArrayAccessEdgeCaseTests" name="ArrayAccess_ZeroLengthArray_ShouldReturnDefault" />
    </UnitTest>
    <UnitTest name="LeftOuterJoinPassMethodContextTest" storage="/home/runner/work/musoq/musoq/musoq.evaluator.tests/bin/debug/net8.0/musoq.evaluator.tests.dll" id="ef216043-78a4-10a7-8efd-f05811858815">
      <Execution id="35f153e9-1811-4133-9d84-17431903fca3" />
      <TestMethod codeBase="/home/runner/work/Musoq/Musoq/Musoq.Evaluator.Tests/bin/Debug/net8.0/Musoq.Evaluator.Tests.dll" adapterTypeName="executor://mstestadapter/v2" className="Musoq.Evaluator.Tests.JoinTests" name="LeftOuterJoinPassMethodContextTest" />
    </UnitTest>
    <UnitTest name="WhenBitwiseOrBetweenLongAndLong_ShouldBeEvaluated" storage="/home/runner/work/musoq/musoq/musoq.evaluator.tests/bin/debug/net8.0/musoq.evaluator.tests.dll" id="c295bb62-320f-ca9c-aa35-e4f390d0c57d">
      <Execution id="d8cd72fa-4402-4147-afdc-1d88702fd5f3" />
      <TestMethod codeBase="/home/runner/work/Musoq/Musoq/Musoq.Evaluator.Tests/bin/Debug/net8.0/Musoq.Evaluator.Tests.dll" adapterTypeName="executor://mstestadapter/v2" className="Musoq.Evaluator.Tests.BitwiseOperationsOrTests" name="WhenBitwiseOrBetweenLongAndLong_ShouldBeEvaluated" />
    </UnitTest>
    <UnitTest name="WhenMultipleInjectsWithinMethod_ShouldNotThrow" storage="/home/runner/work/musoq/musoq/musoq.evaluator.tests/bin/debug/net8.0/musoq.evaluator.tests.dll" id="9a2b1ce4-fb8f-eee4-17c9-aedb7fba6307">
      <Execution id="f09a6d9a-42f1-4a6a-8a76-54a15c6be751" />
      <TestMethod codeBase="/home/runner/work/Musoq/Musoq/Musoq.Evaluator.Tests/bin/Debug/net8.0/Musoq.Evaluator.Tests.dll" adapterTypeName="executor://mstestadapter/v2" className="Musoq.Evaluator.Tests.MultipleSchemasEvaluatorTests" name="WhenMultipleInjectsWithinMethod_ShouldNotThrow" />
    </UnitTest>
    <UnitTest name="WhenByteUsed_ShouldHaveColumnOfThatType" storage="/home/runner/work/musoq/musoq/musoq.evaluator.tests/bin/debug/net8.0/musoq.evaluator.tests.dll" id="75109e1d-351b-b984-8128-9589d2a618e7">
      <Execution id="0f3de894-d387-49af-b0a6-9dcbb33cedcd" />
      <TestMethod codeBase="/home/runner/work/Musoq/Musoq/Musoq.Evaluator.Tests/bin/Debug/net8.0/Musoq.Evaluator.Tests.dll" adapterTypeName="executor://mstestadapter/v2" className="Musoq.Evaluator.Tests.NumericLiteralTypesTests" name="WhenByteUsed_ShouldHaveColumnOfThatType" />
    </UnitTest>
    <UnitTest name="WhenBitwiseOrBetweenLongAndShort_ShouldBeEvaluated" storage="/home/runner/work/musoq/musoq/musoq.evaluator.tests/bin/debug/net8.0/musoq.evaluator.tests.dll" id="361261ad-9358-903d-4e1a-b2ae768c629a">
      <Execution id="154e7e92-46cb-4e7e-a658-a150d3ca12d7" />
      <TestMethod codeBase="/home/runner/work/Musoq/Musoq/Musoq.Evaluator.Tests/bin/Debug/net8.0/Musoq.Evaluator.Tests.dll" adapterTypeName="executor://mstestadapter/v2" className="Musoq.Evaluator.Tests.BitwiseOperationsOrTests" name="WhenBitwiseOrBetweenLongAndShort_ShouldBeEvaluated" />
    </UnitTest>
    <UnitTest name="WhenSpecialCharacterStartBracketUsedInTextWith_MustNotThrow (*)" storage="/home/runner/work/musoq/musoq/musoq.evaluator.tests/bin/debug/net8.0/musoq.evaluator.tests.dll" id="2ba1be3a-6fbe-aaba-051f-f3c9eac9a9b1">
      <Execution id="1e0dd0f1-e2b4-436b-ac12-df8d0a841626" />
      <TestMethod codeBase="/home/runner/work/Musoq/Musoq/Musoq.Evaluator.Tests/bin/Debug/net8.0/Musoq.Evaluator.Tests.dll" adapterTypeName="executor://mstestadapter/v2" className="Musoq.Evaluator.Tests.StringsTests" name="WhenSpecialCharacterStartBracketUsedInTextWith_MustNotThrow" />
    </UnitTest>
    <UnitTest name="JoinWithCaseWhen2Test" storage="/home/runner/work/musoq/musoq/musoq.evaluator.tests/bin/debug/net8.0/musoq.evaluator.tests.dll" id="cd70d9e1-994d-b9ec-227d-6dff027be905">
      <Execution id="f9d0dabc-77bd-4f61-9bf9-e2c69bf870c5" />
      <TestMethod codeBase="/home/runner/work/Musoq/Musoq/Musoq.Evaluator.Tests/bin/Debug/net8.0/Musoq.Evaluator.Tests.dll" adapterTypeName="executor://mstestadapter/v2" className="Musoq.Evaluator.Tests.JoinTests" name="JoinWithCaseWhen2Test" />
    </UnitTest>
    <UnitTest name="WhenFloatAndShortUsed_ShouldHaveColumnOfThatType" storage="/home/runner/work/musoq/musoq/musoq.evaluator.tests/bin/debug/net8.0/musoq.evaluator.tests.dll" id="b19277c6-cd94-e6d2-3fa8-d51af7d6b708">
      <Execution id="783682fc-ae99-4c82-9bdf-45124a43d325" />
      <TestMethod codeBase="/home/runner/work/Musoq/Musoq/Musoq.Evaluator.Tests/bin/Debug/net8.0/Musoq.Evaluator.Tests.dll" adapterTypeName="executor://mstestadapter/v2" className="Musoq.Evaluator.Tests.ArithmeticForCrossTypesTests" name="WhenFloatAndShortUsed_ShouldHaveColumnOfThatType" />
    </UnitTest>
    <UnitTest name="WhenWhenTrueOnEntityField_ShouldNotThrowException" storage="/home/runner/work/musoq/musoq/musoq.evaluator.tests/bin/debug/net8.0/musoq.evaluator.tests.dll" id="e9250f0e-881c-6201-e47c-dce97a49d3b1">
      <Execution id="40259f3e-aa77-4867-a67b-b737afc35903" />
      <TestMethod codeBase="/home/runner/work/Musoq/Musoq/Musoq.Evaluator.Tests/bin/Debug/net8.0/Musoq.Evaluator.Tests.dll" adapterTypeName="executor://mstestadapter/v2" className="Musoq.Evaluator.Tests.CaseWhenTests" name="WhenWhenTrueOnEntityField_ShouldNotThrowException" />
    </UnitTest>
    <UnitTest name="WhenSByteAndShortUsed_ShouldHaveColumnOfIntType" storage="/home/runner/work/musoq/musoq/musoq.evaluator.tests/bin/debug/net8.0/musoq.evaluator.tests.dll" id="04f5d0b5-bdea-ea9f-c05e-0160480985f6">
      <Execution id="57c9f081-5676-4819-8aad-fb3ba554f569" />
      <TestMethod codeBase="/home/runner/work/Musoq/Musoq/Musoq.Evaluator.Tests/bin/Debug/net8.0/Musoq.Evaluator.Tests.dll" adapterTypeName="executor://mstestadapter/v2" className="Musoq.Evaluator.Tests.ArithmeticForCrossTypesTests" name="WhenSByteAndShortUsed_ShouldHaveColumnOfIntType" />
    </UnitTest>
    <UnitTest name="WhenAliasedStarUnfoldToMultipleColumns_AndExplicitColumnUsed_TwoTablesUsed_ShouldPass" storage="/home/runner/work/musoq/musoq/musoq.evaluator.tests/bin/debug/net8.0/musoq.evaluator.tests.dll" id="1f44ca0e-5551-5a3a-bc39-060131a46199">
      <Execution id="1c88c967-67cb-4160-9306-782bebaf014e" />
      <TestMethod codeBase="/home/runner/work/Musoq/Musoq/Musoq.Evaluator.Tests/bin/Debug/net8.0/Musoq.Evaluator.Tests.dll" adapterTypeName="executor://mstestadapter/v2" className="Musoq.Evaluator.Tests.StarTests" name="WhenAliasedStarUnfoldToMultipleColumns_AndExplicitColumnUsed_TwoTablesUsed_ShouldPass" />
    </UnitTest>
    <UnitTest name="SumTimeSpanTest" storage="/home/runner/work/musoq/musoq/musoq.evaluator.tests/bin/debug/net8.0/musoq.evaluator.tests.dll" id="d755cec9-8b51-c5cc-1199-b980e464505d">
      <Execution id="3be2401e-a2d1-4268-9a43-aa7e73344e77" />
      <TestMethod codeBase="/home/runner/work/Musoq/Musoq/Musoq.Evaluator.Tests/bin/Debug/net8.0/Musoq.Evaluator.Tests.dll" adapterTypeName="executor://mstestadapter/v2" className="Musoq.Evaluator.Tests.TimeSpanTests" name="SumTimeSpanTest" />
    </UnitTest>
    <UnitTest name="CteWithSetInInnerOuterExpressionTest" storage="/home/runner/work/musoq/musoq/musoq.evaluator.tests/bin/debug/net8.0/musoq.evaluator.tests.dll" id="44f01ec2-79ab-9303-6ee9-0871cde4128f">
      <Execution id="3efdd74f-3360-4d04-a677-4924bc0b5858" />
      <TestMethod codeBase="/home/runner/work/Musoq/Musoq/Musoq.Evaluator.Tests/bin/Debug/net8.0/Musoq.Evaluator.Tests.dll" adapterTypeName="executor://mstestadapter/v2" className="Musoq.Evaluator.Tests.CteTests" name="CteWithSetInInnerOuterExpressionTest" />
    </UnitTest>
    <UnitTest name="WhenToStringCalled_ShouldReturnSameQuery (select t.Name, Count(t.Name) from #some.thing(true) t group by t.Name having Count(t.Name) &gt; 1)" storage="/home/runner/work/musoq/musoq/musoq.evaluator.tests/bin/debug/net8.0/musoq.evaluator.tests.dll" id="3b86621c-bdc5-2f81-7368-a062273db6a6">
      <Execution id="033f4576-4d5e-43c0-8db6-9974eeb6ef83" />
      <TestMethod codeBase="/home/runner/work/Musoq/Musoq/Musoq.Evaluator.Tests/bin/Debug/net8.0/Musoq.Evaluator.Tests.dll" adapterTypeName="executor://mstestadapter/v2" className="Musoq.Evaluator.Tests.StringifyTests" name="WhenToStringCalled_ShouldReturnSameQuery" />
    </UnitTest>
    <UnitTest name="WhenBitwiseAndBetweenUshortAndUint_ShouldBeEvaluated" storage="/home/runner/work/musoq/musoq/musoq.evaluator.tests/bin/debug/net8.0/musoq.evaluator.tests.dll" id="64afea03-019c-2038-a440-c7a0a8e47cb8">
      <Execution id="f676c590-ff36-4e0a-accf-1bab75e97b10" />
      <TestMethod codeBase="/home/runner/work/Musoq/Musoq/Musoq.Evaluator.Tests/bin/Debug/net8.0/Musoq.Evaluator.Tests.dll" adapterTypeName="executor://mstestadapter/v2" className="Musoq.Evaluator.Tests.BitwiseOperationsAndTests" name="WhenBitwiseAndBetweenUshortAndUint_ShouldBeEvaluated" />
    </UnitTest>
    <UnitTest name="WhenOrderByDescWithinCteExpression_ShouldSucceed" storage="/home/runner/work/musoq/musoq/musoq.evaluator.tests/bin/debug/net8.0/musoq.evaluator.tests.dll" id="3a69295c-2c65-84ca-923c-814ad7029474">
      <Execution id="a2647e38-b022-4ee9-a5e5-5715da26fe95" />
      <TestMethod codeBase="/home/runner/work/Musoq/Musoq/Musoq.Evaluator.Tests/bin/Debug/net8.0/Musoq.Evaluator.Tests.dll" adapterTypeName="executor://mstestadapter/v2" className="Musoq.Evaluator.Tests.OrderByTests" name="WhenOrderByDescWithinCteExpression_ShouldSucceed" />
    </UnitTest>
    <UnitTest name="WhenShortMethodCallAndShortUsed_ShouldHaveColumnOfThatType" storage="/home/runner/work/musoq/musoq/musoq.evaluator.tests/bin/debug/net8.0/musoq.evaluator.tests.dll" id="88b28bdc-110e-f6ba-5de7-5c10ea7b01bb">
      <Execution id="0e7a82a5-1808-488c-ab91-9f182d3c7778" />
      <TestMethod codeBase="/home/runner/work/Musoq/Musoq/Musoq.Evaluator.Tests/bin/Debug/net8.0/Musoq.Evaluator.Tests.dll" adapterTypeName="executor://mstestadapter/v2" className="Musoq.Evaluator.Tests.ArithmeticForMethodCallAndTypeSpecificOperationTests" name="WhenShortMethodCallAndShortUsed_ShouldHaveColumnOfThatType" />
    </UnitTest>
    <UnitTest name="WhenToStringCalled_ShouldReturnSameQuery (select s.Column1, s.Column2 from #some.thing() s where s.Column1 = 4)" storage="/home/runner/work/musoq/musoq/musoq.evaluator.tests/bin/debug/net8.0/musoq.evaluator.tests.dll" id="2e2907be-7605-318a-c319-95c4622007b3">
      <Execution id="92579145-eb78-49fc-aa6f-c8aa87ff308c" />
      <TestMethod codeBase="/home/runner/work/Musoq/Musoq/Musoq.Evaluator.Tests/bin/Debug/net8.0/Musoq.Evaluator.Tests.dll" adapterTypeName="executor://mstestadapter/v2" className="Musoq.Evaluator.Tests.StringifyTests" name="WhenToStringCalled_ShouldReturnSameQuery" />
    </UnitTest>
    <UnitTest name="WhenBitwiseOrBetweenUIntAndSByte_ShouldBeEvaluated" storage="/home/runner/work/musoq/musoq/musoq.evaluator.tests/bin/debug/net8.0/musoq.evaluator.tests.dll" id="50a2fd11-db94-5426-b3d9-e8e891e726a8">
      <Execution id="3371b68f-feda-459a-942e-c922bab099a8" />
      <TestMethod codeBase="/home/runner/work/Musoq/Musoq/Musoq.Evaluator.Tests/bin/Debug/net8.0/Musoq.Evaluator.Tests.dll" adapterTypeName="executor://mstestadapter/v2" className="Musoq.Evaluator.Tests.BitwiseOperationsOrTests" name="WhenBitwiseOrBetweenUIntAndSByte_ShouldBeEvaluated" />
    </UnitTest>
    <UnitTest name="AccessObjectTest" storage="/home/runner/work/musoq/musoq/musoq.evaluator.tests/bin/debug/net8.0/musoq.evaluator.tests.dll" id="4e87da66-1686-81c6-9fe2-94dd27c026a6">
      <Execution id="ec200d39-05a2-48d2-9e52-836aac4ad2b2" />
      <TestMethod codeBase="/home/runner/work/Musoq/Musoq/Musoq.Evaluator.Tests/bin/Debug/net8.0/Musoq.Evaluator.Tests.dll" adapterTypeName="executor://mstestadapter/v2" className="Musoq.Evaluator.Tests.SingleSchemaEvaluatorTests" name="AccessObjectTest" />
    </UnitTest>
    <UnitTest name="WhenRowNumberWithGroupByAndSkipTest_ShouldPass" storage="/home/runner/work/musoq/musoq/musoq.evaluator.tests/bin/debug/net8.0/musoq.evaluator.tests.dll" id="37c8e22e-47ee-f5db-3816-64eec632aa17">
      <Execution id="9a767ce5-5772-49a1-a033-625063c0bb2d" />
      <TestMethod codeBase="/home/runner/work/Musoq/Musoq/Musoq.Evaluator.Tests/bin/Debug/net8.0/Musoq.Evaluator.Tests.dll" adapterTypeName="executor://mstestadapter/v2" className="Musoq.Evaluator.Tests.RowNumberTests" name="WhenRowNumberWithGroupByAndSkipTest_ShouldPass" />
    </UnitTest>
    <UnitTest name="MethodInvocationOnAliasFinishedWithNumber_ShouldPass" storage="/home/runner/work/musoq/musoq/musoq.evaluator.tests/bin/debug/net8.0/musoq.evaluator.tests.dll" id="27867d25-1929-21a3-8c9a-d6323f4ceb6f">
      <Execution id="41d91dd2-0ea3-4559-98e6-e4420ac92ec4" />
      <TestMethod codeBase="/home/runner/work/Musoq/Musoq/Musoq.Evaluator.Tests/bin/Debug/net8.0/Musoq.Evaluator.Tests.dll" adapterTypeName="executor://mstestadapter/v2" className="Musoq.Evaluator.Tests.MethodInvocationTests" name="MethodInvocationOnAliasFinishedWithNumber_ShouldPass" />
    </UnitTest>
    <UnitTest name="WhenBitwiseAndBetweenIntAndShort_ShouldBeEvaluated" storage="/home/runner/work/musoq/musoq/musoq.evaluator.tests/bin/debug/net8.0/musoq.evaluator.tests.dll" id="baf5bc5a-56fc-d4c7-8b24-34203ecf0ca8">
      <Execution id="002d03a0-f245-49ed-b477-c20221363c64" />
      <TestMethod codeBase="/home/runner/work/Musoq/Musoq/Musoq.Evaluator.Tests/bin/Debug/net8.0/Musoq.Evaluator.Tests.dll" adapterTypeName="executor://mstestadapter/v2" className="Musoq.Evaluator.Tests.BitwiseOperationsAndTests" name="WhenBitwiseAndBetweenIntAndShort_ShouldBeEvaluated" />
    </UnitTest>
    <UnitTest name="WhenMethodCallDoesNotHaveAlias_ShouldThrows" storage="/home/runner/work/musoq/musoq/musoq.evaluator.tests/bin/debug/net8.0/musoq.evaluator.tests.dll" id="60d189d9-8078-fa50-93df-09ba5b77c07f">
      <Execution id="9fd73e3b-8b54-4a8d-bc50-2f623d9be87a" />
      <TestMethod codeBase="/home/runner/work/Musoq/Musoq/Musoq.Evaluator.Tests/bin/Debug/net8.0/Musoq.Evaluator.Tests.dll" adapterTypeName="executor://mstestadapter/v2" className="Musoq.Evaluator.Tests.MethodInvocationTests" name="WhenMethodCallDoesNotHaveAlias_ShouldThrows" />
    </UnitTest>
    <UnitTest name="WhenIntAndIntUsed_ShouldHaveColumnOfThatType" storage="/home/runner/work/musoq/musoq/musoq.evaluator.tests/bin/debug/net8.0/musoq.evaluator.tests.dll" id="2b1d72f3-77a8-7224-36e9-ae3c808a845a">
      <Execution id="340432fc-8bf3-463c-b831-c89592fb1ac8" />
      <TestMethod codeBase="/home/runner/work/Musoq/Musoq/Musoq.Evaluator.Tests/bin/Debug/net8.0/Musoq.Evaluator.Tests.dll" adapterTypeName="executor://mstestadapter/v2" className="Musoq.Evaluator.Tests.ArithmeticForCrossTypesTests" name="WhenIntAndIntUsed_ShouldHaveColumnOfThatType" />
    </UnitTest>
    <UnitTest name="WhenULongMethodCallAndByteUsed_ShouldHaveColumnOfThatType" storage="/home/runner/work/musoq/musoq/musoq.evaluator.tests/bin/debug/net8.0/musoq.evaluator.tests.dll" id="6fcbe225-fbdd-1460-cce4-61bc3e67ce5f">
      <Execution id="d92419c1-838f-4854-9be5-c3402d9f2b92" />
      <TestMethod codeBase="/home/runner/work/Musoq/Musoq/Musoq.Evaluator.Tests/bin/Debug/net8.0/Musoq.Evaluator.Tests.dll" adapterTypeName="executor://mstestadapter/v2" className="Musoq.Evaluator.Tests.ArithmeticForMethodCallAndTypeSpecificOperationTests" name="WhenULongMethodCallAndByteUsed_ShouldHaveColumnOfThatType" />
    </UnitTest>
    <UnitTest name="WhenBitwiseNotOnInt_ShouldBeEvaluated" storage="/home/runner/work/musoq/musoq/musoq.evaluator.tests/bin/debug/net8.0/musoq.evaluator.tests.dll" id="a853394c-e474-38d7-49f3-366999d12031">
      <Execution id="afb910a7-4d8a-418d-ae1e-932f1f091562" />
      <TestMethod codeBase="/home/runner/work/Musoq/Musoq/Musoq.Evaluator.Tests/bin/Debug/net8.0/Musoq.Evaluator.Tests.dll" adapterTypeName="executor://mstestadapter/v2" className="Musoq.Evaluator.Tests.BitwiseOperationsNotTests" name="WhenBitwiseNotOnInt_ShouldBeEvaluated" />
    </UnitTest>
    <UnitTest name="WhenStarUnfoldToMultipleColumns_AndStarIsUsedWithinSelect_ShouldPass" storage="/home/runner/work/musoq/musoq/musoq.evaluator.tests/bin/debug/net8.0/musoq.evaluator.tests.dll" id="e8eb8931-8ea5-cc86-90b7-f7d41a3f8eab">
      <Execution id="62be7910-064d-4f3d-b9d7-ef290a3da895" />
      <TestMethod codeBase="/home/runner/work/Musoq/Musoq/Musoq.Evaluator.Tests/bin/Debug/net8.0/Musoq.Evaluator.Tests.dll" adapterTypeName="executor://mstestadapter/v2" className="Musoq.Evaluator.Tests.StarTests" name="WhenStarUnfoldToMultipleColumns_AndStarIsUsedWithinSelect_ShouldPass" />
    </UnitTest>
    <UnitTest name="UnionQueryCancellation" storage="/home/runner/work/musoq/musoq/musoq.evaluator.tests/bin/debug/net8.0/musoq.evaluator.tests.dll" id="5b763482-7e5c-e8d2-cc7d-c3b3f609e6ba">
      <Execution id="e0bfd81c-0ded-4f1f-a69b-d36d4fb7450a" />
      <TestMethod codeBase="/home/runner/work/Musoq/Musoq/Musoq.Evaluator.Tests/bin/Debug/net8.0/Musoq.Evaluator.Tests.dll" adapterTypeName="executor://mstestadapter/v2" className="Musoq.Evaluator.Tests.CancellationTests" name="UnionQueryCancellation" />
    </UnitTest>
    <UnitTest name="WhenShortMethodCallAndLongUsed_ShouldHaveColumnOfThatType" storage="/home/runner/work/musoq/musoq/musoq.evaluator.tests/bin/debug/net8.0/musoq.evaluator.tests.dll" id="2ff73586-450a-a33c-e725-ecd3bd2f9b5a">
      <Execution id="a47414e9-d4c9-4246-b620-80956e0090b8" />
      <TestMethod codeBase="/home/runner/work/Musoq/Musoq/Musoq.Evaluator.Tests/bin/Debug/net8.0/Musoq.Evaluator.Tests.dll" adapterTypeName="executor://mstestadapter/v2" className="Musoq.Evaluator.Tests.ArithmeticForMethodCallAndTypeSpecificOperationTests" name="WhenShortMethodCallAndLongUsed_ShouldHaveColumnOfThatType" />
    </UnitTest>
    <UnitTest name="GroupByWithSelectedConstantModifiedByFunctionTest" storage="/home/runner/work/musoq/musoq/musoq.evaluator.tests/bin/debug/net8.0/musoq.evaluator.tests.dll" id="d070fb85-543e-b28a-ecbe-55727d248d57">
      <Execution id="891843fc-c95c-4ac9-a374-947edbf6308d" />
      <TestMethod codeBase="/home/runner/work/Musoq/Musoq/Musoq.Evaluator.Tests/bin/Debug/net8.0/Musoq.Evaluator.Tests.dll" adapterTypeName="executor://mstestadapter/v2" className="Musoq.Evaluator.Tests.GroupByTests" name="GroupByWithSelectedConstantModifiedByFunctionTest" />
    </UnitTest>
    <UnitTest name="OuterApplyProperty_GroupBy_ShouldPass" storage="/home/runner/work/musoq/musoq/musoq.evaluator.tests/bin/debug/net8.0/musoq.evaluator.tests.dll" id="a11c7a3d-7de7-d952-6932-f73b12c4a2bc">
      <Execution id="d58c696d-dc35-46d2-9707-f125d6be0470" />
      <TestMethod codeBase="/home/runner/work/Musoq/Musoq/Musoq.Evaluator.Tests/bin/Debug/net8.0/Musoq.Evaluator.Tests.dll" adapterTypeName="executor://mstestadapter/v2" className="Musoq.Evaluator.Tests.OuterApplyMethodCallTests" name="OuterApplyProperty_GroupBy_ShouldPass" />
    </UnitTest>
    <UnitTest name="WhenToStringCalled_ShouldReturnSameQuery (select s.Column1, s.Column2 from #some.thing() s group by s.Column1 skip 5 take 15)" storage="/home/runner/work/musoq/musoq/musoq.evaluator.tests/bin/debug/net8.0/musoq.evaluator.tests.dll" id="92371aec-c9da-ac05-7382-28a12670f36d">
      <Execution id="dee00fb1-996b-4de8-8446-52dab4b18c1f" />
      <TestMethod codeBase="/home/runner/work/Musoq/Musoq/Musoq.Evaluator.Tests/bin/Debug/net8.0/Musoq.Evaluator.Tests.dll" adapterTypeName="executor://mstestadapter/v2" className="Musoq.Evaluator.Tests.StringifyTests" name="WhenToStringCalled_ShouldReturnSameQuery" />
    </UnitTest>
    <UnitTest name="WhenBitwiseNotOnLong_ShouldBeEvaluated" storage="/home/runner/work/musoq/musoq/musoq.evaluator.tests/bin/debug/net8.0/musoq.evaluator.tests.dll" id="6938bf5b-4fe9-3bd0-1ec9-36f9527c1956">
      <Execution id="69f7f8f2-81fb-4038-ac75-ba66ebbffafc" />
      <TestMethod codeBase="/home/runner/work/Musoq/Musoq/Musoq.Evaluator.Tests/bin/Debug/net8.0/Musoq.Evaluator.Tests.dll" adapterTypeName="executor://mstestadapter/v2" className="Musoq.Evaluator.Tests.BitwiseOperationsNotTests" name="WhenBitwiseNotOnLong_ShouldBeEvaluated" />
    </UnitTest>
    <UnitTest name="WhenBitwiseXorBetweenIntAndLong_ShouldBeEvaluated" storage="/home/runner/work/musoq/musoq/musoq.evaluator.tests/bin/debug/net8.0/musoq.evaluator.tests.dll" id="6f015004-3a80-ed14-106b-98ec91253284">
      <Execution id="dc9ef3e9-379a-4058-93ac-12c1b312a2fe" />
      <TestMethod codeBase="/home/runner/work/Musoq/Musoq/Musoq.Evaluator.Tests/bin/Debug/net8.0/Musoq.Evaluator.Tests.dll" adapterTypeName="executor://mstestadapter/v2" className="Musoq.Evaluator.Tests.BitwiseOperationsXorTests" name="WhenBitwiseXorBetweenIntAndLong_ShouldBeEvaluated" />
    </UnitTest>
    <UnitTest name="WhenDecimalMethodCallAndSByteUsed_ShouldHaveColumnOfThatType" storage="/home/runner/work/musoq/musoq/musoq.evaluator.tests/bin/debug/net8.0/musoq.evaluator.tests.dll" id="b01a491c-65c1-c435-625a-8137bfe8921d">
      <Execution id="efa222d9-222c-4f01-b62b-0aea6af88f15" />
      <TestMethod codeBase="/home/runner/work/Musoq/Musoq/Musoq.Evaluator.Tests/bin/Debug/net8.0/Musoq.Evaluator.Tests.dll" adapterTypeName="executor://mstestadapter/v2" className="Musoq.Evaluator.Tests.ArithmeticForMethodCallAndTypeSpecificOperationTests" name="WhenDecimalMethodCallAndSByteUsed_ShouldHaveColumnOfThatType" />
    </UnitTest>
    <UnitTest name="WhenBitwiseAndBetweenByteAndULong_ShouldBeEvaluated" storage="/home/runner/work/musoq/musoq/musoq.evaluator.tests/bin/debug/net8.0/musoq.evaluator.tests.dll" id="78ec0cff-1ba4-38cc-f516-eecc40dbb28d">
      <Execution id="27136cb4-6dbe-485e-a0b5-82f31d157256" />
      <TestMethod codeBase="/home/runner/work/Musoq/Musoq/Musoq.Evaluator.Tests/bin/Debug/net8.0/Musoq.Evaluator.Tests.dll" adapterTypeName="executor://mstestadapter/v2" className="Musoq.Evaluator.Tests.BitwiseOperationsAndTests" name="WhenBitwiseAndBetweenByteAndULong_ShouldBeEvaluated" />
    </UnitTest>
    <UnitTest name="WhenBitwiseAndBetweenSbyteAndLong_ShouldBeEvaluated" storage="/home/runner/work/musoq/musoq/musoq.evaluator.tests/bin/debug/net8.0/musoq.evaluator.tests.dll" id="a002e988-2d6e-c15d-e110-eaa20876893e">
      <Execution id="7fed52af-4c13-419f-a068-f77925b4bc18" />
      <TestMethod codeBase="/home/runner/work/Musoq/Musoq/Musoq.Evaluator.Tests/bin/Debug/net8.0/Musoq.Evaluator.Tests.dll" adapterTypeName="executor://mstestadapter/v2" className="Musoq.Evaluator.Tests.BitwiseOperationsAndTests" name="WhenBitwiseAndBetweenSbyteAndLong_ShouldBeEvaluated" />
    </UnitTest>
    <UnitTest name="WhenShortMethodCallAndUIntUsed_ShouldHaveColumnOfThatType" storage="/home/runner/work/musoq/musoq/musoq.evaluator.tests/bin/debug/net8.0/musoq.evaluator.tests.dll" id="4c095606-5e1e-6d51-01f8-2feb0b80b1b0">
      <Execution id="bbf7cf1a-4644-46b9-bea4-2b5e1a4f8564" />
      <TestMethod codeBase="/home/runner/work/Musoq/Musoq/Musoq.Evaluator.Tests/bin/Debug/net8.0/Musoq.Evaluator.Tests.dll" adapterTypeName="executor://mstestadapter/v2" className="Musoq.Evaluator.Tests.ArithmeticForMethodCallAndTypeSpecificOperationTests" name="WhenShortMethodCallAndUIntUsed_ShouldHaveColumnOfThatType" />
    </UnitTest>
    <UnitTest name="IsNullReferenceTypeTest" storage="/home/runner/work/musoq/musoq/musoq.evaluator.tests/bin/debug/net8.0/musoq.evaluator.tests.dll" id="7c94bba9-7a9f-8708-2607-6bdff300819d">
      <Execution id="9b5b8a4a-8407-4678-ab11-16b01131d990" />
      <TestMethod codeBase="/home/runner/work/Musoq/Musoq/Musoq.Evaluator.Tests/bin/Debug/net8.0/Musoq.Evaluator.Tests.dll" adapterTypeName="executor://mstestadapter/v2" className="Musoq.Evaluator.Tests.NullabilityTests" name="IsNullReferenceTypeTest" />
    </UnitTest>
    <UnitTest name="WhenCteInheritsAliasedName_ShouldBeAccessibleByAliasedColumnNameAccessSyntaxWithAlias" storage="/home/runner/work/musoq/musoq/musoq.evaluator.tests/bin/debug/net8.0/musoq.evaluator.tests.dll" id="4cc8321e-7180-c9e7-2e7e-f72fc284bd51">
      <Execution id="dbdcf480-5805-42bf-95cc-21b56de5826e" />
      <TestMethod codeBase="/home/runner/work/Musoq/Musoq/Musoq.Evaluator.Tests/bin/Debug/net8.0/Musoq.Evaluator.Tests.dll" adapterTypeName="executor://mstestadapter/v2" className="Musoq.Evaluator.Tests.AliasTests" name="WhenCteInheritsAliasedName_ShouldBeAccessibleByAliasedColumnNameAccessSyntaxWithAlias" />
    </UnitTest>
    <UnitTest name="WhenInjectingEntityUsesCommonInterfaceWithMethod_ShouldMatchMethodAndCall" storage="/home/runner/work/musoq/musoq/musoq.evaluator.tests/bin/debug/net8.0/musoq.evaluator.tests.dll" id="60b5fd2c-7d14-cfda-d5c1-83128bb51e6c">
      <Execution id="ab7264cf-dff0-4c6e-9243-624bd18092b2" />
      <TestMethod codeBase="/home/runner/work/Musoq/Musoq/Musoq.Evaluator.Tests/bin/Debug/net8.0/Musoq.Evaluator.Tests.dll" adapterTypeName="executor://mstestadapter/v2" className="Musoq.Evaluator.Tests.MultipleSchemasEvaluatorTests" name="WhenInjectingEntityUsesCommonInterfaceWithMethod_ShouldMatchMethodAndCall" />
    </UnitTest>
    <UnitTest name="WhenBitwiseOrBetweenUIntAndUShort_ShouldBeEvaluated" storage="/home/runner/work/musoq/musoq/musoq.evaluator.tests/bin/debug/net8.0/musoq.evaluator.tests.dll" id="c980333a-7d30-e26a-2104-31742c1ac9ef">
      <Execution id="21a15bfb-c6e0-4eb3-b13b-6d90f82bb1a7" />
      <TestMethod codeBase="/home/runner/work/Musoq/Musoq/Musoq.Evaluator.Tests/bin/Debug/net8.0/Musoq.Evaluator.Tests.dll" adapterTypeName="executor://mstestadapter/v2" className="Musoq.Evaluator.Tests.BitwiseOperationsOrTests" name="WhenBitwiseOrBetweenUIntAndUShort_ShouldBeEvaluated" />
    </UnitTest>
    <UnitTest name="GroupBySubtractGroupsTest" storage="/home/runner/work/musoq/musoq/musoq.evaluator.tests/bin/debug/net8.0/musoq.evaluator.tests.dll" id="9f36e6ba-2413-546d-71a2-54b0f1f21955">
      <Execution id="f9f0bf17-e9a3-4a6d-a49f-4fec7bb1a2c1" />
      <TestMethod codeBase="/home/runner/work/Musoq/Musoq/Musoq.Evaluator.Tests/bin/Debug/net8.0/Musoq.Evaluator.Tests.dll" adapterTypeName="executor://mstestadapter/v2" className="Musoq.Evaluator.Tests.GroupByTests" name="GroupBySubtractGroupsTest" />
    </UnitTest>
    <UnitTest name="WhenBitwiseOrBetweenByteAndByte_ShouldBeEvaluated" storage="/home/runner/work/musoq/musoq/musoq.evaluator.tests/bin/debug/net8.0/musoq.evaluator.tests.dll" id="b1be6b03-4bb6-4d3b-6879-00bb90c34474">
      <Execution id="d426139e-5038-4bac-85a6-35d8021aca51" />
      <TestMethod codeBase="/home/runner/work/Musoq/Musoq/Musoq.Evaluator.Tests/bin/Debug/net8.0/Musoq.Evaluator.Tests.dll" adapterTypeName="executor://mstestadapter/v2" className="Musoq.Evaluator.Tests.BitwiseOperationsOrTests" name="WhenBitwiseOrBetweenByteAndByte_ShouldBeEvaluated" />
    </UnitTest>
    <UnitTest name="WhenSkipFirstLetterAndTakeAnotherLetter_ShouldReturnSecondLetter" storage="/home/runner/work/musoq/musoq/musoq.evaluator.tests/bin/debug/net8.0/musoq.evaluator.tests.dll" id="ef21c382-efea-72e6-4194-dcbf27436a93">
      <Execution id="e1c8d1b4-bb1c-4b7c-b6e3-32ef9656f1ee" />
      <TestMethod codeBase="/home/runner/work/Musoq/Musoq/Musoq.Evaluator.Tests/bin/Debug/net8.0/Musoq.Evaluator.Tests.dll" adapterTypeName="executor://mstestadapter/v2" className="Musoq.Evaluator.Tests.GenericTests" name="WhenSkipFirstLetterAndTakeAnotherLetter_ShouldReturnSecondLetter" />
    </UnitTest>
    <UnitTest name="WhenBitwiseOrBetweenSbyteAndByte_ShouldBeEvaluated" storage="/home/runner/work/musoq/musoq/musoq.evaluator.tests/bin/debug/net8.0/musoq.evaluator.tests.dll" id="41e98b4a-b14b-57d9-69d8-711ab678c967">
      <Execution id="3bf9cf04-aab2-4982-b888-22e38509107e" />
      <TestMethod codeBase="/home/runner/work/Musoq/Musoq/Musoq.Evaluator.Tests/bin/Debug/net8.0/Musoq.Evaluator.Tests.dll" adapterTypeName="executor://mstestadapter/v2" className="Musoq.Evaluator.Tests.BitwiseOperationsOrTests" name="WhenBitwiseOrBetweenSbyteAndByte_ShouldBeEvaluated" />
    </UnitTest>
    <UnitTest name="WhenShortMethodCallAndUShortUsed_ShouldHaveColumnOfThatType" storage="/home/runner/work/musoq/musoq/musoq.evaluator.tests/bin/debug/net8.0/musoq.evaluator.tests.dll" id="c5c65d3a-517f-855c-d6b6-12b0e057f322">
      <Execution id="11fe8442-5c83-4bc9-9746-51fad47d98d6" />
      <TestMethod codeBase="/home/runner/work/Musoq/Musoq/Musoq.Evaluator.Tests/bin/Debug/net8.0/Musoq.Evaluator.Tests.dll" adapterTypeName="executor://mstestadapter/v2" className="Musoq.Evaluator.Tests.ArithmeticForMethodCallAndTypeSpecificOperationTests" name="WhenShortMethodCallAndUShortUsed_ShouldHaveColumnOfThatType" />
    </UnitTest>
    <UnitTest name="CrossApplyProperty_SplitWithMultipleProperties_ShouldPass2" storage="/home/runner/work/musoq/musoq/musoq.evaluator.tests/bin/debug/net8.0/musoq.evaluator.tests.dll" id="65f420ff-2ba3-4775-c57c-5094e8ca4c16">
      <Execution id="e7b937d5-5ea3-4e76-9478-aa72cd89d136" />
      <TestMethod codeBase="/home/runner/work/Musoq/Musoq/Musoq.Evaluator.Tests/bin/Debug/net8.0/Musoq.Evaluator.Tests.dll" adapterTypeName="executor://mstestadapter/v2" className="Musoq.Evaluator.Tests.CrossApplyMethodCallTests" name="CrossApplyProperty_SplitWithMultipleProperties_ShouldPass2" />
    </UnitTest>
    <UnitTest name="WhenOrderByMultipleColumnsFirstOneIsCaseWhenDescExpression_ShouldSucceed" storage="/home/runner/work/musoq/musoq/musoq.evaluator.tests/bin/debug/net8.0/musoq.evaluator.tests.dll" id="168ac936-6199-d32e-622b-346617cd6cba">
      <Execution id="245690b6-e457-4bd7-8c68-3e9964fc1089" />
      <TestMethod codeBase="/home/runner/work/Musoq/Musoq/Musoq.Evaluator.Tests/bin/Debug/net8.0/Musoq.Evaluator.Tests.dll" adapterTypeName="executor://mstestadapter/v2" className="Musoq.Evaluator.Tests.OrderByTests" name="WhenOrderByMultipleColumnsFirstOneIsCaseWhenDescExpression_ShouldSucceed" />
    </UnitTest>
    <UnitTest name="WhenByteMethodCallAndUIntUsed_ShouldHaveColumnOfThatType" storage="/home/runner/work/musoq/musoq/musoq.evaluator.tests/bin/debug/net8.0/musoq.evaluator.tests.dll" id="5e42b85d-2cd3-ec63-d032-b69907a3d794">
      <Execution id="057ea3a3-9c5c-43d0-8874-c66b6143cb37" />
      <TestMethod codeBase="/home/runner/work/Musoq/Musoq/Musoq.Evaluator.Tests/bin/Debug/net8.0/Musoq.Evaluator.Tests.dll" adapterTypeName="executor://mstestadapter/v2" className="Musoq.Evaluator.Tests.ArithmeticForMethodCallAndTypeSpecificOperationTests" name="WhenByteMethodCallAndUIntUsed_ShouldHaveColumnOfThatType" />
    </UnitTest>
    <UnitTest name="UnionAllSourceGroupByTest" storage="/home/runner/work/musoq/musoq/musoq.evaluator.tests/bin/debug/net8.0/musoq.evaluator.tests.dll" id="925cd58b-38cb-e175-da79-241c3ab12c18">
      <Execution id="328824f9-8018-45fa-af54-2192b74e4ad1" />
      <TestMethod codeBase="/home/runner/work/Musoq/Musoq/Musoq.Evaluator.Tests/bin/Debug/net8.0/Musoq.Evaluator.Tests.dll" adapterTypeName="executor://mstestadapter/v2" className="Musoq.Evaluator.Tests.SetsOperatorsTests" name="UnionAllSourceGroupByTest" />
    </UnitTest>
    <UnitTest name="WhenBitwiseXorBetweenLongAndLong_ShouldBeEvaluated" storage="/home/runner/work/musoq/musoq/musoq.evaluator.tests/bin/debug/net8.0/musoq.evaluator.tests.dll" id="5e9efe87-4aae-0df9-8e11-77a2ee0e1efa">
      <Execution id="5c162ff1-a8ea-4fe0-8095-d0e5e1bdfa47" />
      <TestMethod codeBase="/home/runner/work/Musoq/Musoq/Musoq.Evaluator.Tests/bin/Debug/net8.0/Musoq.Evaluator.Tests.dll" adapterTypeName="executor://mstestadapter/v2" className="Musoq.Evaluator.Tests.BitwiseOperationsXorTests" name="WhenBitwiseXorBetweenLongAndLong_ShouldBeEvaluated" />
    </UnitTest>
    <UnitTest name="GroupBySubstrTest" storage="/home/runner/work/musoq/musoq/musoq.evaluator.tests/bin/debug/net8.0/musoq.evaluator.tests.dll" id="7bfb7e83-027a-7664-358b-2b54ba59215c">
      <Execution id="ee6ba434-d539-4646-a9e4-aa871bf3789c" />
      <TestMethod codeBase="/home/runner/work/Musoq/Musoq/Musoq.Evaluator.Tests/bin/Debug/net8.0/Musoq.Evaluator.Tests.dll" adapterTypeName="executor://mstestadapter/v2" className="Musoq.Evaluator.Tests.GroupByTests" name="GroupBySubstrTest" />
    </UnitTest>
    <UnitTest name="WhenBitwiseOrBetweenByteAndShort_ShouldBeEvaluated" storage="/home/runner/work/musoq/musoq/musoq.evaluator.tests/bin/debug/net8.0/musoq.evaluator.tests.dll" id="ccc1299f-3acc-aa9f-2ce3-f9684629aa50">
      <Execution id="f8ffe57a-f6c5-4720-bb26-a7bff82081f9" />
      <TestMethod codeBase="/home/runner/work/Musoq/Musoq/Musoq.Evaluator.Tests/bin/Debug/net8.0/Musoq.Evaluator.Tests.dll" adapterTypeName="executor://mstestadapter/v2" className="Musoq.Evaluator.Tests.BitwiseOperationsOrTests" name="WhenBitwiseOrBetweenByteAndShort_ShouldBeEvaluated" />
    </UnitTest>
    <UnitTest name="WhenToStringCalled_ShouldReturnSameQuery (select somethingVeryLong.* from #some.thing(true) somethingVeryLong)" storage="/home/runner/work/musoq/musoq/musoq.evaluator.tests/bin/debug/net8.0/musoq.evaluator.tests.dll" id="29eee7c2-438c-b3e3-fdc1-a2d9d61166ca">
      <Execution id="424bf2b2-1602-4c70-96a8-590939e1d9c6" />
      <TestMethod codeBase="/home/runner/work/Musoq/Musoq/Musoq.Evaluator.Tests/bin/Debug/net8.0/Musoq.Evaluator.Tests.dll" adapterTypeName="executor://mstestadapter/v2" className="Musoq.Evaluator.Tests.StringifyTests" name="WhenToStringCalled_ShouldReturnSameQuery" />
    </UnitTest>
    <UnitTest name="WhenOrderByMultipleColumns_ShoulSucceed" storage="/home/runner/work/musoq/musoq/musoq.evaluator.tests/bin/debug/net8.0/musoq.evaluator.tests.dll" id="cba897d2-5cd3-2616-8d5e-b18760be1445">
      <Execution id="1228f604-1a01-4f6b-8027-215f82dffb07" />
      <TestMethod codeBase="/home/runner/work/Musoq/Musoq/Musoq.Evaluator.Tests/bin/Debug/net8.0/Musoq.Evaluator.Tests.dll" adapterTypeName="executor://mstestadapter/v2" className="Musoq.Evaluator.Tests.OrderByTests" name="WhenOrderByMultipleColumns_ShoulSucceed" />
    </UnitTest>
    <UnitTest name="WhenFloatAndSByteUsed_ShouldHaveColumnOfThatType" storage="/home/runner/work/musoq/musoq/musoq.evaluator.tests/bin/debug/net8.0/musoq.evaluator.tests.dll" id="327c02a9-f66b-f5fa-f6f6-d3e3bd0ccf3b">
      <Execution id="6cd0ed02-8493-4412-a819-d47a12a86d50" />
      <TestMethod codeBase="/home/runner/work/Musoq/Musoq/Musoq.Evaluator.Tests/bin/Debug/net8.0/Musoq.Evaluator.Tests.dll" adapterTypeName="executor://mstestadapter/v2" className="Musoq.Evaluator.Tests.ArithmeticForCrossTypesTests" name="WhenFloatAndSByteUsed_ShouldHaveColumnOfThatType" />
    </UnitTest>
    <UnitTest name="WhenToStringCalled_ShouldReturnSameQuery (select s.Column1, s.Column2 from #some.thing() s order by s.Column1 desc)" storage="/home/runner/work/musoq/musoq/musoq.evaluator.tests/bin/debug/net8.0/musoq.evaluator.tests.dll" id="1af6d8dd-521e-d08a-d093-a9899b3aa063">
      <Execution id="c54f0274-33d2-4de2-9174-9e63470411b7" />
      <TestMethod codeBase="/home/runner/work/Musoq/Musoq/Musoq.Evaluator.Tests/bin/Debug/net8.0/Musoq.Evaluator.Tests.dll" adapterTypeName="executor://mstestadapter/v2" className="Musoq.Evaluator.Tests.StringifyTests" name="WhenToStringCalled_ShouldReturnSameQuery" />
    </UnitTest>
    <UnitTest name="WhenBitwiseShiftLeft_sbyte_ShouldBeEvaluated" storage="/home/runner/work/musoq/musoq/musoq.evaluator.tests/bin/debug/net8.0/musoq.evaluator.tests.dll" id="080b24ba-3917-9a31-5f1e-7910bd4ff1cc">
      <Execution id="1244bbe0-ad12-4f33-bda3-e38de2d54036" />
      <TestMethod codeBase="/home/runner/work/Musoq/Musoq/Musoq.Evaluator.Tests/bin/Debug/net8.0/Musoq.Evaluator.Tests.dll" adapterTypeName="executor://mstestadapter/v2" className="Musoq.Evaluator.Tests.BitwiseShiftLeftTests" name="WhenBitwiseShiftLeft_sbyte_ShouldBeEvaluated" />
    </UnitTest>
    <UnitTest name="WhenMultipleEscapeCharactersUsedInText_MustNotThrow" storage="/home/runner/work/musoq/musoq/musoq.evaluator.tests/bin/debug/net8.0/musoq.evaluator.tests.dll" id="8aa734d5-bbec-2934-0ae3-43a196682456">
      <Execution id="cbeb89f1-7987-4523-9c0b-c4b904bb2685" />
      <TestMethod codeBase="/home/runner/work/Musoq/Musoq/Musoq.Evaluator.Tests/bin/Debug/net8.0/Musoq.Evaluator.Tests.dll" adapterTypeName="executor://mstestadapter/v2" className="Musoq.Evaluator.Tests.StringsTests" name="WhenMultipleEscapeCharactersUsedInText_MustNotThrow" />
    </UnitTest>
    <UnitTest name="WhenLargeByteUsed_ShouldHaveColumnOfThatType" storage="/home/runner/work/musoq/musoq/musoq.evaluator.tests/bin/debug/net8.0/musoq.evaluator.tests.dll" id="dd6e4280-fadd-bb60-3b02-17d3fc6200c5">
      <Execution id="aa90708f-80e4-45f6-8853-6027a1e9ec6f" />
      <TestMethod codeBase="/home/runner/work/Musoq/Musoq/Musoq.Evaluator.Tests/bin/Debug/net8.0/Musoq.Evaluator.Tests.dll" adapterTypeName="executor://mstestadapter/v2" className="Musoq.Evaluator.Tests.NumericLiteralTypesTests" name="WhenLargeByteUsed_ShouldHaveColumnOfThatType" />
    </UnitTest>
    <UnitTest name="WhenToStringCalled_ShouldReturnSameQuery (select c.ContainerName, c2.ImageName, c.ContainerId from #stdin.text('Ollama', 'llama3.1') c inner join #stdin.text('Ollama', 'llama3.1') c2 on c.ContainerId = c2.ContainerId)" storage="/home/runner/work/musoq/musoq/musoq.evaluator.tests/bin/debug/net8.0/musoq.evaluator.tests.dll" id="a61e8ac9-021b-4918-1146-b7d608ce230b">
      <Execution id="312d6084-a3d5-49b1-bdf0-f98a65210e21" />
      <TestMethod codeBase="/home/runner/work/Musoq/Musoq/Musoq.Evaluator.Tests/bin/Debug/net8.0/Musoq.Evaluator.Tests.dll" adapterTypeName="executor://mstestadapter/v2" className="Musoq.Evaluator.Tests.StringifyTests" name="WhenToStringCalled_ShouldReturnSameQuery" />
    </UnitTest>
    <UnitTest name="WhenSchemaMethodCrossAppliedWithAnotherSchema_UsesValuesOfSchemaMethodWithinTableValue_UsedWithinCte_ShouldPass" storage="/home/runner/work/musoq/musoq/musoq.evaluator.tests/bin/debug/net8.0/musoq.evaluator.tests.dll" id="5e9af7a0-17e7-c69a-55ce-5566755892fe">
      <Execution id="77576d7e-cbd1-4e16-a3b1-6a5e68a9ece4" />
      <TestMethod codeBase="/home/runner/work/Musoq/Musoq/Musoq.Evaluator.Tests/bin/Debug/net8.0/Musoq.Evaluator.Tests.dll" adapterTypeName="executor://mstestadapter/v2" className="Musoq.Evaluator.Tests.CrossApplyTests" name="WhenSchemaMethodCrossAppliedWithAnotherSchema_UsesValuesOfSchemaMethodWithinTableValue_UsedWithinCte_ShouldPass" />
    </UnitTest>
    <UnitTest name="WhenBitwiseShiftLeft_ushort_ShouldBeEvaluated" storage="/home/runner/work/musoq/musoq/musoq.evaluator.tests/bin/debug/net8.0/musoq.evaluator.tests.dll" id="319174ef-9c18-1977-8ff4-2387fbd69d42">
      <Execution id="66b2b821-6dad-4dc3-8cc7-dcbb9c04bdca" />
      <TestMethod codeBase="/home/runner/work/Musoq/Musoq/Musoq.Evaluator.Tests/bin/Debug/net8.0/Musoq.Evaluator.Tests.dll" adapterTypeName="executor://mstestadapter/v2" className="Musoq.Evaluator.Tests.BitwiseShiftLeftTests" name="WhenBitwiseShiftLeft_ushort_ShouldBeEvaluated" />
    </UnitTest>
    <UnitTest name="MultipleCteExpressionsTest" storage="/home/runner/work/musoq/musoq/musoq.evaluator.tests/bin/debug/net8.0/musoq.evaluator.tests.dll" id="e9c2e837-9cd1-2cde-37c7-e58146bbaeee">
      <Execution id="582021fe-0de8-469b-93a0-2da36fda99d3" />
      <TestMethod codeBase="/home/runner/work/Musoq/Musoq/Musoq.Evaluator.Tests/bin/Debug/net8.0/Musoq.Evaluator.Tests.dll" adapterTypeName="executor://mstestadapter/v2" className="Musoq.Evaluator.Tests.CteTests" name="MultipleCteExpressionsTest" />
    </UnitTest>
    <UnitTest name="WhenComplexObjectAccessOnProperty_ShouldPass" storage="/home/runner/work/musoq/musoq/musoq.evaluator.tests/bin/debug/net8.0/musoq.evaluator.tests.dll" id="35bcba84-9b5a-7576-f971-674ad95571fc">
      <Execution id="f32e7aad-5f7e-4ad6-928e-1004bea73230" />
      <TestMethod codeBase="/home/runner/work/Musoq/Musoq/Musoq.Evaluator.Tests/bin/Debug/net8.0/Musoq.Evaluator.Tests.dll" adapterTypeName="executor://mstestadapter/v2" className="Musoq.Evaluator.Tests.ColumnsTests" name="WhenComplexObjectAccessOnProperty_ShouldPass" />
    </UnitTest>
    <UnitTest name="IsNotNullReferenceTypeTest" storage="/home/runner/work/musoq/musoq/musoq.evaluator.tests/bin/debug/net8.0/musoq.evaluator.tests.dll" id="97774efa-eb1a-109d-b30e-3285e3ed3953">
      <Execution id="35727406-f20c-4c52-92b3-3113d44f7cbd" />
      <TestMethod codeBase="/home/runner/work/Musoq/Musoq/Musoq.Evaluator.Tests/bin/Debug/net8.0/Musoq.Evaluator.Tests.dll" adapterTypeName="executor://mstestadapter/v2" className="Musoq.Evaluator.Tests.NullabilityTests" name="IsNotNullReferenceTypeTest" />
    </UnitTest>
    <UnitTest name="WhenBitwiseAndBetweenLongAndLong_ShouldBeEvaluated" storage="/home/runner/work/musoq/musoq/musoq.evaluator.tests/bin/debug/net8.0/musoq.evaluator.tests.dll" id="5ae11058-1db0-3b97-937f-202bb0056fc0">
      <Execution id="757a4b2f-c6d3-4d13-b58d-1ae2c5093d6a" />
      <TestMethod codeBase="/home/runner/work/Musoq/Musoq/Musoq.Evaluator.Tests/bin/Debug/net8.0/Musoq.Evaluator.Tests.dll" adapterTypeName="executor://mstestadapter/v2" className="Musoq.Evaluator.Tests.BitwiseOperationsAndTests" name="WhenBitwiseAndBetweenLongAndLong_ShouldBeEvaluated" />
    </UnitTest>
    <UnitTest name="WhenSchemaMethodOuterAppliedSelfProperty_WithinCte_ShouldPass" storage="/home/runner/work/musoq/musoq/musoq.evaluator.tests/bin/debug/net8.0/musoq.evaluator.tests.dll" id="1f51136f-d1c3-e0d2-8a37-c6113223db3c">
      <Execution id="420e36a9-ea56-4ca1-9054-12dcd73580d6" />
      <TestMethod codeBase="/home/runner/work/Musoq/Musoq/Musoq.Evaluator.Tests/bin/Debug/net8.0/Musoq.Evaluator.Tests.dll" adapterTypeName="executor://mstestadapter/v2" className="Musoq.Evaluator.Tests.OuterApplyCteTests" name="WhenSchemaMethodOuterAppliedSelfProperty_WithinCte_ShouldPass" />
    </UnitTest>
    <UnitTest name="MultipleUnionsWithoutDuplicatedKeysTest" storage="/home/runner/work/musoq/musoq/musoq.evaluator.tests/bin/debug/net8.0/musoq.evaluator.tests.dll" id="893344ce-284b-89c5-62b6-237cee2dcf6a">
      <Execution id="87ce118a-36fc-4298-9c22-ea875bfe8823" />
      <TestMethod codeBase="/home/runner/work/Musoq/Musoq/Musoq.Evaluator.Tests/bin/Debug/net8.0/Musoq.Evaluator.Tests.dll" adapterTypeName="executor://mstestadapter/v2" className="Musoq.Evaluator.Tests.SetsOperatorsTests" name="MultipleUnionsWithoutDuplicatedKeysTest" />
    </UnitTest>
    <UnitTest name="IfFunctionLessTrueTest" storage="/home/runner/work/musoq/musoq/musoq.evaluator.tests/bin/debug/net8.0/musoq.evaluator.tests.dll" id="3e53a9d9-c556-a7d8-4f82-6e0fa8f79202">
      <Execution id="42228186-2ef5-4d56-bafa-baa475c276cf" />
      <TestMethod codeBase="/home/runner/work/Musoq/Musoq/Musoq.Evaluator.Tests/bin/Debug/net8.0/Musoq.Evaluator.Tests.dll" adapterTypeName="executor://mstestadapter/v2" className="Musoq.Evaluator.Tests.LogicalFunctionsTests" name="IfFunctionLessTrueTest" />
    </UnitTest>
    <UnitTest name="TableShouldReturnComplexTypeTest" storage="/home/runner/work/musoq/musoq/musoq.evaluator.tests/bin/debug/net8.0/musoq.evaluator.tests.dll" id="974283db-dd48-f74e-f0fe-a9ae9eae574b">
      <Execution id="a17a32cf-afc2-4b22-a69f-dc1dc7459bc0" />
      <TestMethod codeBase="/home/runner/work/Musoq/Musoq/Musoq.Evaluator.Tests/bin/Debug/net8.0/Musoq.Evaluator.Tests.dll" adapterTypeName="executor://mstestadapter/v2" className="Musoq.Evaluator.Tests.SingleSchemaEvaluatorTests" name="TableShouldReturnComplexTypeTest" />
    </UnitTest>
    <UnitTest name="WhenBitwiseAndBetweenByteAndLong_ShouldBeEvaluated" storage="/home/runner/work/musoq/musoq/musoq.evaluator.tests/bin/debug/net8.0/musoq.evaluator.tests.dll" id="de59eed8-0eec-48fa-b541-c70804006e26">
      <Execution id="b4b8219e-e1ef-4d72-96c7-b69ec4f7f66c" />
      <TestMethod codeBase="/home/runner/work/Musoq/Musoq/Musoq.Evaluator.Tests/bin/Debug/net8.0/Musoq.Evaluator.Tests.dll" adapterTypeName="executor://mstestadapter/v2" className="Musoq.Evaluator.Tests.BitwiseOperationsAndTests" name="WhenBitwiseAndBetweenByteAndLong_ShouldBeEvaluated" />
    </UnitTest>
    <UnitTest name="OuterApply_PropertyAndMethod_WithFiltering_ShouldPass" storage="/home/runner/work/musoq/musoq/musoq.evaluator.tests/bin/debug/net8.0/musoq.evaluator.tests.dll" id="d1c7f3d9-04b7-e1b8-745a-7f74adac6be0">
      <Execution id="fd2fc57f-2e97-481c-90c5-efd8d033d3b7" />
      <TestMethod codeBase="/home/runner/work/Musoq/Musoq/Musoq.Evaluator.Tests/bin/Debug/net8.0/Musoq.Evaluator.Tests.dll" adapterTypeName="executor://mstestadapter/v2" className="Musoq.Evaluator.Tests.OuterApplyMixedTests" name="OuterApply_PropertyAndMethod_WithFiltering_ShouldPass" />
    </UnitTest>
    <UnitTest name="WhenWrongTypeBetweenExcept_ShouldFail" storage="/home/runner/work/musoq/musoq/musoq.evaluator.tests/bin/debug/net8.0/musoq.evaluator.tests.dll" id="71e06c40-af89-e9ad-657d-cf77d898b398">
      <Execution id="cd49f235-d6e1-4aa5-93ce-593a78c67310" />
      <TestMethod codeBase="/home/runner/work/Musoq/Musoq/Musoq.Evaluator.Tests/bin/Debug/net8.0/Musoq.Evaluator.Tests.dll" adapterTypeName="executor://mstestadapter/v2" className="Musoq.Evaluator.Tests.SetsOperatorsTests" name="WhenWrongTypeBetweenExcept_ShouldFail" />
    </UnitTest>
    <UnitTest name="WhenIntersectDoesNotHaveAKey_ShouldFail" storage="/home/runner/work/musoq/musoq/musoq.evaluator.tests/bin/debug/net8.0/musoq.evaluator.tests.dll" id="d2fdd3fd-acc6-e591-6b4b-9f9d210fd7f2">
      <Execution id="94cb3584-8084-4613-916f-0847439cddb9" />
      <TestMethod codeBase="/home/runner/work/Musoq/Musoq/Musoq.Evaluator.Tests/bin/Debug/net8.0/Musoq.Evaluator.Tests.dll" adapterTypeName="executor://mstestadapter/v2" className="Musoq.Evaluator.Tests.SetsOperatorsTests" name="WhenIntersectDoesNotHaveAKey_ShouldFail" />
    </UnitTest>
    <UnitTest name="WhenToStringCalled_ShouldReturnSameQuery (select s.Column1, s.Column2 from #some.thing() s group by s.Column1, s.Column2 order by s.Column1)" storage="/home/runner/work/musoq/musoq/musoq.evaluator.tests/bin/debug/net8.0/musoq.evaluator.tests.dll" id="66eb9b13-797b-2480-154f-aa5219732d8b">
      <Execution id="cdda4249-993e-4d28-85a6-acceb740f236" />
      <TestMethod codeBase="/home/runner/work/Musoq/Musoq/Musoq.Evaluator.Tests/bin/Debug/net8.0/Musoq.Evaluator.Tests.dll" adapterTypeName="executor://mstestadapter/v2" className="Musoq.Evaluator.Tests.StringifyTests" name="WhenToStringCalled_ShouldReturnSameQuery" />
    </UnitTest>
    <UnitTest name="UnionAllWithoutDuplicatedKeysTest" storage="/home/runner/work/musoq/musoq/musoq.evaluator.tests/bin/debug/net8.0/musoq.evaluator.tests.dll" id="6d743508-bb37-9469-3b71-7eb61fa6719f">
      <Execution id="8f33f21d-f967-40dd-9802-b67a69c8d382" />
      <TestMethod codeBase="/home/runner/work/Musoq/Musoq/Musoq.Evaluator.Tests/bin/Debug/net8.0/Musoq.Evaluator.Tests.dll" adapterTypeName="executor://mstestadapter/v2" className="Musoq.Evaluator.Tests.SetsOperatorsTests" name="UnionAllWithoutDuplicatedKeysTest" />
    </UnitTest>
    <UnitTest name="WhenToStringCalled_ShouldReturnSameQuery (select s.Column1, s.Column2 from #some.thing() s skip 20 take 10)" storage="/home/runner/work/musoq/musoq/musoq.evaluator.tests/bin/debug/net8.0/musoq.evaluator.tests.dll" id="105c2813-7150-3b90-843a-32afc4eeba90">
      <Execution id="09364a22-42e4-4e96-ad58-857327da70c4" />
      <TestMethod codeBase="/home/runner/work/Musoq/Musoq/Musoq.Evaluator.Tests/bin/Debug/net8.0/Musoq.Evaluator.Tests.dll" adapterTypeName="executor://mstestadapter/v2" className="Musoq.Evaluator.Tests.StringifyTests" name="WhenToStringCalled_ShouldReturnSameQuery" />
    </UnitTest>
    <UnitTest name="CrossApply_PropertyAndMethod_WithFiltering" storage="/home/runner/work/musoq/musoq/musoq.evaluator.tests/bin/debug/net8.0/musoq.evaluator.tests.dll" id="b0f00cf1-442a-7dd5-cf25-2679a04657b9">
      <Execution id="52837435-8fd4-4e41-a677-3665fccda1e4" />
      <TestMethod codeBase="/home/runner/work/Musoq/Musoq/Musoq.Evaluator.Tests/bin/Debug/net8.0/Musoq.Evaluator.Tests.dll" adapterTypeName="executor://mstestadapter/v2" className="Musoq.Evaluator.Tests.CrossApplyMixedTests" name="CrossApply_PropertyAndMethod_WithFiltering" />
    </UnitTest>
    <UnitTest name="WhenEntityDoesNotImplementIndexer_ShouldFail" storage="/home/runner/work/musoq/musoq/musoq.evaluator.tests/bin/debug/net8.0/musoq.evaluator.tests.dll" id="f22d701c-2b7c-2240-9207-dc1bb0b2adac">
      <Execution id="d063c952-8304-4579-af36-c56ff2867075" />
      <TestMethod codeBase="/home/runner/work/Musoq/Musoq/Musoq.Evaluator.Tests/bin/Debug/net8.0/Musoq.Evaluator.Tests.dll" adapterTypeName="executor://mstestadapter/v2" className="Musoq.Evaluator.Tests.ColumnsTests" name="WhenEntityDoesNotImplementIndexer_ShouldFail" />
    </UnitTest>
    <UnitTest name="WhenCteWithSameAliasExist_ShouldPass" storage="/home/runner/work/musoq/musoq/musoq.evaluator.tests/bin/debug/net8.0/musoq.evaluator.tests.dll" id="85b7ab86-fd32-cc2a-35e9-8b4f078aa326">
      <Execution id="ee14953a-279b-4625-9da3-650cc163aaf9" />
      <TestMethod codeBase="/home/runner/work/Musoq/Musoq/Musoq.Evaluator.Tests/bin/Debug/net8.0/Musoq.Evaluator.Tests.dll" adapterTypeName="executor://mstestadapter/v2" className="Musoq.Evaluator.Tests.UsedColumnsTests" name="WhenCteWithSameAliasExist_ShouldPass" />
    </UnitTest>
    <UnitTest name="CrossApplyProperty_WhereCondition_ShouldPass" storage="/home/runner/work/musoq/musoq/musoq.evaluator.tests/bin/debug/net8.0/musoq.evaluator.tests.dll" id="7ca9392e-f991-d16a-79ff-55d03956329f">
      <Execution id="d963bdac-19a0-4e3d-b4bf-e98f3add484e" />
      <TestMethod codeBase="/home/runner/work/Musoq/Musoq/Musoq.Evaluator.Tests/bin/Debug/net8.0/Musoq.Evaluator.Tests.dll" adapterTypeName="executor://mstestadapter/v2" className="Musoq.Evaluator.Tests.CrossApplyMethodCallTests" name="CrossApplyProperty_WhereCondition_ShouldPass" />
    </UnitTest>
    <UnitTest name="WhenFloatAndByteUsed_ShouldHaveColumnOfThatType" storage="/home/runner/work/musoq/musoq/musoq.evaluator.tests/bin/debug/net8.0/musoq.evaluator.tests.dll" id="6cfd38d4-850b-32d1-9cdf-08e4ac628267">
      <Execution id="51488b0d-2626-491e-9f7c-f7cd73cc5e12" />
      <TestMethod codeBase="/home/runner/work/Musoq/Musoq/Musoq.Evaluator.Tests/bin/Debug/net8.0/Musoq.Evaluator.Tests.dll" adapterTypeName="executor://mstestadapter/v2" className="Musoq.Evaluator.Tests.ArithmeticForCrossTypesTests" name="WhenFloatAndByteUsed_ShouldHaveColumnOfThatType" />
    </UnitTest>
    <UnitTest name="CrossApply_WithComplexParameterTypes_ShouldHandleGracefully" storage="/home/runner/work/musoq/musoq/musoq.evaluator.tests/bin/debug/net8.0/musoq.evaluator.tests.dll" id="7382087a-f560-cc1f-b0d6-09bd9c8297c8">
      <Execution id="a80e357c-661e-4b07-b20c-ad2aa9bd50dc" />
      <TestMethod codeBase="/home/runner/work/Musoq/Musoq/Musoq.Evaluator.Tests/bin/Debug/net8.0/Musoq.Evaluator.Tests.dll" adapterTypeName="executor://mstestadapter/v2" className="Musoq.Evaluator.Tests.CrossApplyBugTestCases" name="CrossApply_WithComplexParameterTypes_ShouldHandleGracefully" />
    </UnitTest>
    <UnitTest name="WhenDecimalMethodCallAndByteUsed_ShouldHaveColumnOfThatType" storage="/home/runner/work/musoq/musoq/musoq.evaluator.tests/bin/debug/net8.0/musoq.evaluator.tests.dll" id="b95639ae-4d3e-bec9-441e-f2b094fa95ff">
      <Execution id="8f4f89b2-32cb-438d-87a9-250f9a299257" />
      <TestMethod codeBase="/home/runner/work/Musoq/Musoq/Musoq.Evaluator.Tests/bin/Debug/net8.0/Musoq.Evaluator.Tests.dll" adapterTypeName="executor://mstestadapter/v2" className="Musoq.Evaluator.Tests.ArithmeticForMethodCallAndTypeSpecificOperationTests" name="WhenDecimalMethodCallAndByteUsed_ShouldHaveColumnOfThatType" />
    </UnitTest>
    <UnitTest name="IfFunctionEqualityStringFalseTest" storage="/home/runner/work/musoq/musoq/musoq.evaluator.tests/bin/debug/net8.0/musoq.evaluator.tests.dll" id="68483dd7-e86a-b3a2-dd48-737ea7b12e9f">
      <Execution id="4e4ce9b5-793a-4821-8db5-032c96c548bb" />
      <TestMethod codeBase="/home/runner/work/Musoq/Musoq/Musoq.Evaluator.Tests/bin/Debug/net8.0/Musoq.Evaluator.Tests.dll" adapterTypeName="executor://mstestadapter/v2" className="Musoq.Evaluator.Tests.LogicalFunctionsTests" name="IfFunctionEqualityStringFalseTest" />
    </UnitTest>
    <UnitTest name="WhenBitwiseAndBetweenShortAndUInt_ShouldBeEvaluated" storage="/home/runner/work/musoq/musoq/musoq.evaluator.tests/bin/debug/net8.0/musoq.evaluator.tests.dll" id="de8a0674-1827-1f98-f80f-383efe8f455e">
      <Execution id="2513fe9f-e9c5-45e2-8b7f-d036ffb6f0a7" />
      <TestMethod codeBase="/home/runner/work/Musoq/Musoq/Musoq.Evaluator.Tests/bin/Debug/net8.0/Musoq.Evaluator.Tests.dll" adapterTypeName="executor://mstestadapter/v2" className="Musoq.Evaluator.Tests.BitwiseOperationsAndTests" name="WhenBitwiseAndBetweenShortAndUInt_ShouldBeEvaluated" />
    </UnitTest>
    <UnitTest name="WhenArgumentPassedToAliasedSchema_ShouldBeProperlyRecognized" storage="/home/runner/work/musoq/musoq/musoq.evaluator.tests/bin/debug/net8.0/musoq.evaluator.tests.dll" id="c21993c1-14a9-14c1-a645-6375641ff9e5">
      <Execution id="b5a8c359-b812-4fd2-b80c-3ca742991d8b" />
      <TestMethod codeBase="/home/runner/work/Musoq/Musoq/Musoq.Evaluator.Tests/bin/Debug/net8.0/Musoq.Evaluator.Tests.dll" adapterTypeName="executor://mstestadapter/v2" className="Musoq.Evaluator.Tests.CouplingSyntaxTests" name="WhenArgumentPassedToAliasedSchema_ShouldBeProperlyRecognized" />
    </UnitTest>
    <UnitTest name="CanPassComplexArgumentToFunctionTest" storage="/home/runner/work/musoq/musoq/musoq.evaluator.tests/bin/debug/net8.0/musoq.evaluator.tests.dll" id="62f32f87-48e2-fec9-111e-01cb678f607b">
      <Execution id="56424a35-6552-4b63-b0e2-72d485a05e9f" />
      <TestMethod codeBase="/home/runner/work/Musoq/Musoq/Musoq.Evaluator.Tests/bin/Debug/net8.0/Musoq.Evaluator.Tests.dll" adapterTypeName="executor://mstestadapter/v2" className="Musoq.Evaluator.Tests.SingleSchemaEvaluatorTests" name="CanPassComplexArgumentToFunctionTest" />
    </UnitTest>
    <UnitTest name="OuterApply_SchemaAndProperty_WithNestedProperty_ShouldPass" storage="/home/runner/work/musoq/musoq/musoq.evaluator.tests/bin/debug/net8.0/musoq.evaluator.tests.dll" id="964def93-b103-0311-e089-fe78e8756f5f">
      <Execution id="a698344a-83d8-4618-b42f-a4138ea6b6ce" />
      <TestMethod codeBase="/home/runner/work/Musoq/Musoq/Musoq.Evaluator.Tests/bin/Debug/net8.0/Musoq.Evaluator.Tests.dll" adapterTypeName="executor://mstestadapter/v2" className="Musoq.Evaluator.Tests.OuterApplyMixedTests" name="OuterApply_SchemaAndProperty_WithNestedProperty_ShouldPass" />
    </UnitTest>
    <UnitTest name="WhenTakeFirstElement_ShouldReturnOnlyFirstLetter" storage="/home/runner/work/musoq/musoq/musoq.evaluator.tests/bin/debug/net8.0/musoq.evaluator.tests.dll" id="f6edec33-9f0e-8191-5974-b9ad43548d7b">
      <Execution id="50092553-0b24-4aae-87b8-3d8400b7d572" />
      <TestMethod codeBase="/home/runner/work/Musoq/Musoq/Musoq.Evaluator.Tests/bin/Debug/net8.0/Musoq.Evaluator.Tests.dll" adapterTypeName="executor://mstestadapter/v2" className="Musoq.Evaluator.Tests.GenericTests" name="WhenTakeFirstElement_ShouldReturnOnlyFirstLetter" />
    </UnitTest>
    <UnitTest name="WithDynamicSource_SyntaxKeywordAsColumnNameUSed_ShouldPass" storage="/home/runner/work/musoq/musoq/musoq.evaluator.tests/bin/debug/net8.0/musoq.evaluator.tests.dll" id="66f157ba-1234-74d1-0d8a-bf79ffde6221">
      <Execution id="2d917703-0e01-4429-8b20-67c66c592234" />
      <TestMethod codeBase="/home/runner/work/Musoq/Musoq/Musoq.Evaluator.Tests/bin/Debug/net8.0/Musoq.Evaluator.Tests.dll" adapterTypeName="executor://mstestadapter/v2" className="Musoq.Evaluator.Tests.DynamicSourceQueryTests" name="WithDynamicSource_SyntaxKeywordAsColumnNameUSed_ShouldPass" />
    </UnitTest>
    <UnitTest name="DivisionWithAdditionHigherPriorityTest" storage="/home/runner/work/musoq/musoq/musoq.evaluator.tests/bin/debug/net8.0/musoq.evaluator.tests.dll" id="77edeaf5-87b9-1960-fa7b-de88f9c43d95">
      <Execution id="524bb41d-d95c-4fbb-81ba-3302e2a6c66c" />
      <TestMethod codeBase="/home/runner/work/Musoq/Musoq/Musoq.Evaluator.Tests/bin/Debug/net8.0/Musoq.Evaluator.Tests.dll" adapterTypeName="executor://mstestadapter/v2" className="Musoq.Evaluator.Tests.ArithmeticTests" name="DivisionWithAdditionHigherPriorityTest" />
    </UnitTest>
    <UnitTest name="IntersectSourceGroupByTest" storage="/home/runner/work/musoq/musoq/musoq.evaluator.tests/bin/debug/net8.0/musoq.evaluator.tests.dll" id="f9d61a4c-edfa-6997-18ad-0a9cc64dfe46">
      <Execution id="18d8e034-7ea0-44b2-8070-34f06cc15b96" />
      <TestMethod codeBase="/home/runner/work/Musoq/Musoq/Musoq.Evaluator.Tests/bin/Debug/net8.0/Musoq.Evaluator.Tests.dll" adapterTypeName="executor://mstestadapter/v2" className="Musoq.Evaluator.Tests.SetsOperatorsTests" name="IntersectSourceGroupByTest" />
    </UnitTest>
    <UnitTest name="OuterApplyProperty_WithPrimitiveList_ShouldPass" storage="/home/runner/work/musoq/musoq/musoq.evaluator.tests/bin/debug/net8.0/musoq.evaluator.tests.dll" id="2aa477c7-8855-f202-0bab-575cbf5a63af">
      <Execution id="1858eb1c-ea3d-40e7-8c9c-4f5602d834f4" />
      <TestMethod codeBase="/home/runner/work/Musoq/Musoq/Musoq.Evaluator.Tests/bin/Debug/net8.0/Musoq.Evaluator.Tests.dll" adapterTypeName="executor://mstestadapter/v2" className="Musoq.Evaluator.Tests.OuterApplySelfPropertyTests" name="OuterApplyProperty_WithPrimitiveList_ShouldPass" />
    </UnitTest>
    <UnitTest name="DictionaryAccess_InvalidKey_ShouldReturnNull" storage="/home/runner/work/musoq/musoq/musoq.evaluator.tests/bin/debug/net8.0/musoq.evaluator.tests.dll" id="5482b0b8-ea25-4e7a-3241-ec846b247916">
      <Execution id="dc3bfc97-bd9e-44f4-af6a-5d5775393a3c" />
      <TestMethod codeBase="/home/runner/work/Musoq/Musoq/Musoq.Evaluator.Tests/bin/Debug/net8.0/Musoq.Evaluator.Tests.dll" adapterTypeName="executor://mstestadapter/v2" className="Musoq.Evaluator.Tests.ArrayAccessEdgeCaseTests" name="DictionaryAccess_InvalidKey_ShouldReturnNull" />
    </UnitTest>
    <UnitTest name="WhenBitwiseXorBetweenLongAndShort_ShouldBeEvaluated" storage="/home/runner/work/musoq/musoq/musoq.evaluator.tests/bin/debug/net8.0/musoq.evaluator.tests.dll" id="ba2eaf1e-edeb-b637-ccb2-1335b95c57f8">
      <Execution id="92eb8656-1f6c-4c6a-a107-8cbc7642b509" />
      <TestMethod codeBase="/home/runner/work/Musoq/Musoq/Musoq.Evaluator.Tests/bin/Debug/net8.0/Musoq.Evaluator.Tests.dll" adapterTypeName="executor://mstestadapter/v2" className="Musoq.Evaluator.Tests.BitwiseOperationsXorTests" name="WhenBitwiseXorBetweenLongAndShort_ShouldBeEvaluated" />
    </UnitTest>
    <UnitTest name="MixedMultipleSourcesTest" storage="/home/runner/work/musoq/musoq/musoq.evaluator.tests/bin/debug/net8.0/musoq.evaluator.tests.dll" id="47e9a124-4a1a-7fd5-d8d1-9c2c301bae53">
      <Execution id="e1788388-c142-4f3b-9c94-4f58096f77a1" />
      <TestMethod codeBase="/home/runner/work/Musoq/Musoq/Musoq.Evaluator.Tests/bin/Debug/net8.0/Musoq.Evaluator.Tests.dll" adapterTypeName="executor://mstestadapter/v2" className="Musoq.Evaluator.Tests.SetsOperatorsTests" name="MixedMultipleSourcesTest" />
    </UnitTest>
    <UnitTest name="WhenToJsonGenericMethodCallWithObject_ShouldReturnCorrectJson" storage="/home/runner/work/musoq/musoq/musoq.evaluator.tests/bin/debug/net8.0/musoq.evaluator.tests.dll" id="54cc3b20-5ed4-e526-eee0-57dc434ad39d">
      <Execution id="54d93c40-4952-488c-9a43-37f1f5df2993" />
      <TestMethod codeBase="/home/runner/work/Musoq/Musoq/Musoq.Evaluator.Tests/bin/Debug/net8.0/Musoq.Evaluator.Tests.dll" adapterTypeName="executor://mstestadapter/v2" className="Musoq.Evaluator.Tests.GenericTests" name="WhenToJsonGenericMethodCallWithObject_ShouldReturnCorrectJson" />
    </UnitTest>
    <UnitTest name="WhenBitwiseXorBetweenUshortAndUint_ShouldBeEvaluated" storage="/home/runner/work/musoq/musoq/musoq.evaluator.tests/bin/debug/net8.0/musoq.evaluator.tests.dll" id="02ff866b-d9de-91ea-b150-5b46208cf6b6">
      <Execution id="736d0bd6-8efc-454c-b640-ae94a09e48ea" />
      <TestMethod codeBase="/home/runner/work/Musoq/Musoq/Musoq.Evaluator.Tests/bin/Debug/net8.0/Musoq.Evaluator.Tests.dll" adapterTypeName="executor://mstestadapter/v2" className="Musoq.Evaluator.Tests.BitwiseOperationsXorTests" name="WhenBitwiseXorBetweenUshortAndUint_ShouldBeEvaluated" />
    </UnitTest>
    <UnitTest name="QueryWithTimeSpansAdditionTest" storage="/home/runner/work/musoq/musoq/musoq.evaluator.tests/bin/debug/net8.0/musoq.evaluator.tests.dll" id="6873b36b-0411-094d-f9c4-8e8fca5049ee">
      <Execution id="d6a2809b-719b-451b-98c0-0fa73163f055" />
      <TestMethod codeBase="/home/runner/work/Musoq/Musoq/Musoq.Evaluator.Tests/bin/Debug/net8.0/Musoq.Evaluator.Tests.dll" adapterTypeName="executor://mstestadapter/v2" className="Musoq.Evaluator.Tests.SingleSchemaEvaluatorTests" name="QueryWithTimeSpansAdditionTest" />
    </UnitTest>
    <UnitTest name="WhenOrderByWithMultipleColumnsFirstDescWithinCteExpression_ShouldSucceed" storage="/home/runner/work/musoq/musoq/musoq.evaluator.tests/bin/debug/net8.0/musoq.evaluator.tests.dll" id="314dd11f-46ff-296e-b80e-24b72e4ed349">
      <Execution id="5d60aa05-b35d-437a-9c30-00741c22b27f" />
      <TestMethod codeBase="/home/runner/work/Musoq/Musoq/Musoq.Evaluator.Tests/bin/Debug/net8.0/Musoq.Evaluator.Tests.dll" adapterTypeName="executor://mstestadapter/v2" className="Musoq.Evaluator.Tests.OrderByTests" name="WhenOrderByWithMultipleColumnsFirstDescWithinCteExpression_ShouldSucceed" />
    </UnitTest>
    <UnitTest name="WhenNthElementFromEndLookedFor_ShouldSuccess" storage="/home/runner/work/musoq/musoq/musoq.evaluator.tests/bin/debug/net8.0/musoq.evaluator.tests.dll" id="83c2b612-b28d-be00-0685-1b51979b8094">
      <Execution id="64d54a81-45e0-419c-90f8-bc16f301e598" />
      <TestMethod codeBase="/home/runner/work/Musoq/Musoq/Musoq.Evaluator.Tests/bin/Debug/net8.0/Musoq.Evaluator.Tests.dll" adapterTypeName="executor://mstestadapter/v2" className="Musoq.Evaluator.Tests.GenericTests" name="WhenNthElementFromEndLookedFor_ShouldSuccess" />
    </UnitTest>
    <UnitTest name="GenerateAliasTest" storage="/home/runner/work/musoq/musoq/musoq.evaluator.tests/bin/debug/net8.0/musoq.evaluator.tests.dll" id="19794008-941c-dd2b-dbcf-da62783207f5">
      <Execution id="34adad5b-a29b-40f4-9844-03db05e19fb7" />
      <TestMethod codeBase="/home/runner/work/Musoq/Musoq/Musoq.Evaluator.Tests/bin/Debug/net8.0/Musoq.Evaluator.Tests.dll" adapterTypeName="executor://mstestadapter/v2" className="Musoq.Evaluator.Tests.AliasGeneratorTests" name="GenerateAliasTest" />
    </UnitTest>
    <UnitTest name="WhenBitwiseAndBetweenUIntAndUShort_ShouldBeEvaluated" storage="/home/runner/work/musoq/musoq/musoq.evaluator.tests/bin/debug/net8.0/musoq.evaluator.tests.dll" id="6a1b7daf-9752-0a61-7f1d-da50f3fa6a8d">
      <Execution id="95b60840-4a3a-4bf1-b10e-45f3a9749491" />
      <TestMethod codeBase="/home/runner/work/Musoq/Musoq/Musoq.Evaluator.Tests/bin/Debug/net8.0/Musoq.Evaluator.Tests.dll" adapterTypeName="executor://mstestadapter/v2" className="Musoq.Evaluator.Tests.BitwiseOperationsAndTests" name="WhenBitwiseAndBetweenUIntAndUShort_ShouldBeEvaluated" />
    </UnitTest>
    <UnitTest name="SimpleAdditionSubtraction3Test" storage="/home/runner/work/musoq/musoq/musoq.evaluator.tests/bin/debug/net8.0/musoq.evaluator.tests.dll" id="ecb489c7-d723-58b9-43fc-1176d8161713">
      <Execution id="5a17e2f1-4194-4e11-8249-e7bc6da3cd0d" />
      <TestMethod codeBase="/home/runner/work/Musoq/Musoq/Musoq.Evaluator.Tests/bin/Debug/net8.0/Musoq.Evaluator.Tests.dll" adapterTypeName="executor://mstestadapter/v2" className="Musoq.Evaluator.Tests.ArithmeticTests" name="SimpleAdditionSubtraction3Test" />
    </UnitTest>
    <UnitTest name="WhenByteAndUShortUsed_ShouldHaveColumnOfIntType" storage="/home/runner/work/musoq/musoq/musoq.evaluator.tests/bin/debug/net8.0/musoq.evaluator.tests.dll" id="45ebb18c-1462-fcc6-38d9-ee8c0c47e61d">
      <Execution id="911e399b-aa5d-4493-8135-796208d71ac1" />
      <TestMethod codeBase="/home/runner/work/Musoq/Musoq/Musoq.Evaluator.Tests/bin/Debug/net8.0/Musoq.Evaluator.Tests.dll" adapterTypeName="executor://mstestadapter/v2" className="Musoq.Evaluator.Tests.ArithmeticForCrossTypesTests" name="WhenByteAndUShortUsed_ShouldHaveColumnOfIntType" />
    </UnitTest>
    <UnitTest name="WhenUShortMethodCallAndShortUsed_ShouldHaveColumnOfThatType" storage="/home/runner/work/musoq/musoq/musoq.evaluator.tests/bin/debug/net8.0/musoq.evaluator.tests.dll" id="1a963a2d-a165-ac0a-ddfe-c76c0d111cb6">
      <Execution id="56f032b8-8327-4d93-bd24-0c45f387da4d" />
      <TestMethod codeBase="/home/runner/work/Musoq/Musoq/Musoq.Evaluator.Tests/bin/Debug/net8.0/Musoq.Evaluator.Tests.dll" adapterTypeName="executor://mstestadapter/v2" className="Musoq.Evaluator.Tests.ArithmeticForMethodCallAndTypeSpecificOperationTests" name="WhenUShortMethodCallAndShortUsed_ShouldHaveColumnOfThatType" />
    </UnitTest>
    <UnitTest name="WhenUIntMethodCallAndSByteUsed_ShouldHaveColumnOfThatType" storage="/home/runner/work/musoq/musoq/musoq.evaluator.tests/bin/debug/net8.0/musoq.evaluator.tests.dll" id="f2a4f705-b7db-95b3-e6d6-bf4b163e0d98">
      <Execution id="a7de14a1-2a59-4d45-918b-f9f00779085c" />
      <TestMethod codeBase="/home/runner/work/Musoq/Musoq/Musoq.Evaluator.Tests/bin/Debug/net8.0/Musoq.Evaluator.Tests.dll" adapterTypeName="executor://mstestadapter/v2" className="Musoq.Evaluator.Tests.ArithmeticForMethodCallAndTypeSpecificOperationTests" name="WhenUIntMethodCallAndSByteUsed_ShouldHaveColumnOfThatType" />
    </UnitTest>
    <UnitTest name="UnionAllWithSkipTest" storage="/home/runner/work/musoq/musoq/musoq.evaluator.tests/bin/debug/net8.0/musoq.evaluator.tests.dll" id="5deec0b2-de34-1722-bbba-f16a41b2a735">
      <Execution id="0e78d578-8666-415f-9d6f-b1c9d4fccd57" />
      <TestMethod codeBase="/home/runner/work/Musoq/Musoq/Musoq.Evaluator.Tests/bin/Debug/net8.0/Musoq.Evaluator.Tests.dll" adapterTypeName="executor://mstestadapter/v2" className="Musoq.Evaluator.Tests.SetsOperatorsTests" name="UnionAllWithSkipTest" />
    </UnitTest>
    <UnitTest name="WhenSByteMethodCallAndDecimalUsed_ShouldHaveColumnOfThatType" storage="/home/runner/work/musoq/musoq/musoq.evaluator.tests/bin/debug/net8.0/musoq.evaluator.tests.dll" id="2b928e57-c44a-96a0-f4b1-2a2ceeca038f">
      <Execution id="43a387b9-2ba9-4760-8438-cd9c92e875da" />
      <TestMethod codeBase="/home/runner/work/Musoq/Musoq/Musoq.Evaluator.Tests/bin/Debug/net8.0/Musoq.Evaluator.Tests.dll" adapterTypeName="executor://mstestadapter/v2" className="Musoq.Evaluator.Tests.ArithmeticForMethodCallAndTypeSpecificOperationTests" name="WhenSByteMethodCallAndDecimalUsed_ShouldHaveColumnOfThatType" />
    </UnitTest>
    <UnitTest name="WhenWhenTrueOnEntityFieldCaseWhenWithElseTest" storage="/home/runner/work/musoq/musoq/musoq.evaluator.tests/bin/debug/net8.0/musoq.evaluator.tests.dll" id="b6417cd6-dba2-67d8-0422-764193b2bf92">
      <Execution id="bfb08013-201b-465f-a555-fd86260363d5" />
      <TestMethod codeBase="/home/runner/work/Musoq/Musoq/Musoq.Evaluator.Tests/bin/Debug/net8.0/Musoq.Evaluator.Tests.dll" adapterTypeName="executor://mstestadapter/v2" className="Musoq.Evaluator.Tests.CaseWhenTests" name="WhenWhenTrueOnEntityFieldCaseWhenWithElseTest" />
    </UnitTest>
    <UnitTest name="WhenBitwiseOrBetweenShortAndUInt_ShouldBeEvaluated" storage="/home/runner/work/musoq/musoq/musoq.evaluator.tests/bin/debug/net8.0/musoq.evaluator.tests.dll" id="eababf3c-d639-f1d9-5fc1-fa0b586140b4">
      <Execution id="d3c71d80-fea9-49c8-ab7d-29c6369ae25f" />
      <TestMethod codeBase="/home/runner/work/Musoq/Musoq/Musoq.Evaluator.Tests/bin/Debug/net8.0/Musoq.Evaluator.Tests.dll" adapterTypeName="executor://mstestadapter/v2" className="Musoq.Evaluator.Tests.BitwiseOperationsOrTests" name="WhenBitwiseOrBetweenShortAndUInt_ShouldBeEvaluated" />
    </UnitTest>
    <UnitTest name="WhenNegativeShortUsed_ShouldHaveColumnOfThatType" storage="/home/runner/work/musoq/musoq/musoq.evaluator.tests/bin/debug/net8.0/musoq.evaluator.tests.dll" id="514d5f47-0bf3-1c17-794d-cb6eef20edfb">
      <Execution id="a4d2b5bf-08c1-4398-a36b-29ba6a59866b" />
      <TestMethod codeBase="/home/runner/work/Musoq/Musoq/Musoq.Evaluator.Tests/bin/Debug/net8.0/Musoq.Evaluator.Tests.dll" adapterTypeName="executor://mstestadapter/v2" className="Musoq.Evaluator.Tests.NumericLiteralTypesTests" name="WhenNegativeShortUsed_ShouldHaveColumnOfThatType" />
    </UnitTest>
    <UnitTest name="WhenColumnsUsedAsSourceOfMethodAndUsedInWhereAndUsedInSelect_ShouldPass" storage="/home/runner/work/musoq/musoq/musoq.evaluator.tests/bin/debug/net8.0/musoq.evaluator.tests.dll" id="43f8f841-476e-26db-dffa-c898e10c911d">
      <Execution id="0033181b-c512-45c6-bf40-a387cdd0096f" />
      <TestMethod codeBase="/home/runner/work/Musoq/Musoq/Musoq.Evaluator.Tests/bin/Debug/net8.0/Musoq.Evaluator.Tests.dll" adapterTypeName="executor://mstestadapter/v2" className="Musoq.Evaluator.Tests.UsedColumnsTests" name="WhenColumnsUsedAsSourceOfMethodAndUsedInWhereAndUsedInSelect_ShouldPass" />
    </UnitTest>
    <UnitTest name="WhenWhenFalseOnEntityField_ShouldThrowException" storage="/home/runner/work/musoq/musoq/musoq.evaluator.tests/bin/debug/net8.0/musoq.evaluator.tests.dll" id="041a6210-6dc1-45ad-a359-03a262d9900f">
      <Execution id="18330e60-a84f-4071-afda-836165705f5f" />
      <TestMethod codeBase="/home/runner/work/Musoq/Musoq/Musoq.Evaluator.Tests/bin/Debug/net8.0/Musoq.Evaluator.Tests.dll" adapterTypeName="executor://mstestadapter/v2" className="Musoq.Evaluator.Tests.CaseWhenTests" name="WhenWhenFalseOnEntityField_ShouldThrowException" />
    </UnitTest>
    <UnitTest name="WhenByteAndDoubleUsed_ShouldHaveColumnOfThatType" storage="/home/runner/work/musoq/musoq/musoq.evaluator.tests/bin/debug/net8.0/musoq.evaluator.tests.dll" id="b80b2d88-739d-f513-0b2d-4773d90d2731">
      <Execution id="b4baebdf-b390-4bdb-88cc-9c03fb5ddd5a" />
      <TestMethod codeBase="/home/runner/work/Musoq/Musoq/Musoq.Evaluator.Tests/bin/Debug/net8.0/Musoq.Evaluator.Tests.dll" adapterTypeName="executor://mstestadapter/v2" className="Musoq.Evaluator.Tests.ArithmeticForCrossTypesTests" name="WhenByteAndDoubleUsed_ShouldHaveColumnOfThatType" />
    </UnitTest>
    <UnitTest name="WhenBitwiseXorBetweenByteAndULong_ShouldBeEvaluated" storage="/home/runner/work/musoq/musoq/musoq.evaluator.tests/bin/debug/net8.0/musoq.evaluator.tests.dll" id="22dd62c8-d81d-2f46-dcc2-60000be18a59">
      <Execution id="101c9315-28be-471a-b8cb-3930c88c97b6" />
      <TestMethod codeBase="/home/runner/work/Musoq/Musoq/Musoq.Evaluator.Tests/bin/Debug/net8.0/Musoq.Evaluator.Tests.dll" adapterTypeName="executor://mstestadapter/v2" className="Musoq.Evaluator.Tests.BitwiseOperationsXorTests" name="WhenBitwiseXorBetweenByteAndULong_ShouldBeEvaluated" />
    </UnitTest>
    <UnitTest name="ArrayAccess_ValidIndex_ShouldReturnValue" storage="/home/runner/work/musoq/musoq/musoq.evaluator.tests/bin/debug/net8.0/musoq.evaluator.tests.dll" id="b98bcf78-166e-9745-7c02-fcec053a4938">
      <Execution id="2a5799ed-c180-42f7-b2f0-852863c74c28" />
      <TestMethod codeBase="/home/runner/work/Musoq/Musoq/Musoq.Evaluator.Tests/bin/Debug/net8.0/Musoq.Evaluator.Tests.dll" adapterTypeName="executor://mstestadapter/v2" className="Musoq.Evaluator.Tests.ArrayAccessEdgeCaseTests" name="ArrayAccess_ValidIndex_ShouldReturnValue" />
    </UnitTest>
    <UnitTest name="WhenBitwiseOrBetweenSbyteAndSbyte_ShouldBeEvaluated" storage="/home/runner/work/musoq/musoq/musoq.evaluator.tests/bin/debug/net8.0/musoq.evaluator.tests.dll" id="37ed1b3c-5d57-c9f2-dcc9-3e894ceb6621">
      <Execution id="6923050a-0d2b-4fd8-97eb-64e68a44fcfb" />
      <TestMethod codeBase="/home/runner/work/Musoq/Musoq/Musoq.Evaluator.Tests/bin/Debug/net8.0/Musoq.Evaluator.Tests.dll" adapterTypeName="executor://mstestadapter/v2" className="Musoq.Evaluator.Tests.BitwiseOperationsOrTests" name="WhenBitwiseOrBetweenSbyteAndSbyte_ShouldBeEvaluated" />
    </UnitTest>
    <UnitTest name="NotRLikeOperatorTest" storage="/home/runner/work/musoq/musoq/musoq.evaluator.tests/bin/debug/net8.0/musoq.evaluator.tests.dll" id="a94127bf-426a-88c0-ec91-e69765242a39">
      <Execution id="8e01dad7-5803-4287-b341-0e63a2824b98" />
      <TestMethod codeBase="/home/runner/work/Musoq/Musoq/Musoq.Evaluator.Tests/bin/Debug/net8.0/Musoq.Evaluator.Tests.dll" adapterTypeName="executor://mstestadapter/v2" className="Musoq.Evaluator.Tests.SingleSchemaEvaluatorTests" name="NotRLikeOperatorTest" />
    </UnitTest>
    <UnitTest name="WithRedundantColumn_ShouldBeTrimmed_ShouldPass" storage="/home/runner/work/musoq/musoq/musoq.evaluator.tests/bin/debug/net8.0/musoq.evaluator.tests.dll" id="019acdc2-3a24-8ac0-ae9a-3f00329f08cb">
      <Execution id="97edc79e-8115-4c8a-a383-32a208c562a8" />
      <TestMethod codeBase="/home/runner/work/Musoq/Musoq/Musoq.Evaluator.Tests/bin/Debug/net8.0/Musoq.Evaluator.Tests.dll" adapterTypeName="executor://mstestadapter/v2" className="Musoq.Evaluator.Tests.DynamicSourceQueryTests" name="WithRedundantColumn_ShouldBeTrimmed_ShouldPass" />
    </UnitTest>
    <UnitTest name="WhenQuoteWithBackslashCombinations_ShouldBePresent" storage="/home/runner/work/musoq/musoq/musoq.evaluator.tests/bin/debug/net8.0/musoq.evaluator.tests.dll" id="7d82cca5-48f4-9ca9-cc14-f01b708d88e0">
      <Execution id="f4168b7c-62ae-48ec-8048-e911ffad0d68" />
      <TestMethod codeBase="/home/runner/work/Musoq/Musoq/Musoq.Evaluator.Tests/bin/Debug/net8.0/Musoq.Evaluator.Tests.dll" adapterTypeName="executor://mstestadapter/v2" className="Musoq.Evaluator.Tests.EscapeTests" name="WhenQuoteWithBackslashCombinations_ShouldBePresent" />
    </UnitTest>
    <UnitTest name="WithDynamicSource_IncrementAccessedProperty_ShouldPass2" storage="/home/runner/work/musoq/musoq/musoq.evaluator.tests/bin/debug/net8.0/musoq.evaluator.tests.dll" id="3020bf99-f3d8-c979-4bae-b3a8c9ddb76a">
      <Execution id="64ce9305-e744-41a6-9016-c720747621d1" />
      <TestMethod codeBase="/home/runner/work/Musoq/Musoq/Musoq.Evaluator.Tests/bin/Debug/net8.0/Musoq.Evaluator.Tests.dll" adapterTypeName="executor://mstestadapter/v2" className="Musoq.Evaluator.Tests.DynamicSourceWithDynamicTypeHinting" name="WithDynamicSource_IncrementAccessedProperty_ShouldPass2" />
    </UnitTest>
    <UnitTest name="FirstLetterOfColumnTest2" storage="/home/runner/work/musoq/musoq/musoq.evaluator.tests/bin/debug/net8.0/musoq.evaluator.tests.dll" id="3577c1e4-59b2-acd6-d2e9-2777cfcf3cae">
      <Execution id="921709fc-9712-4307-b0ae-a959d8852367" />
      <TestMethod codeBase="/home/runner/work/Musoq/Musoq/Musoq.Evaluator.Tests/bin/Debug/net8.0/Musoq.Evaluator.Tests.dll" adapterTypeName="executor://mstestadapter/v2" className="Musoq.Evaluator.Tests.SingleSchemaEvaluatorTests" name="FirstLetterOfColumnTest2" />
    </UnitTest>
    <UnitTest name="GroupBySingleColumnWithNullGroupTest" storage="/home/runner/work/musoq/musoq/musoq.evaluator.tests/bin/debug/net8.0/musoq.evaluator.tests.dll" id="d8b0fc90-130e-c102-7bdd-4f62feaa4d40">
      <Execution id="fe9b3adb-7745-43a4-b32f-71a3725d786e" />
      <TestMethod codeBase="/home/runner/work/Musoq/Musoq/Musoq.Evaluator.Tests/bin/Debug/net8.0/Musoq.Evaluator.Tests.dll" adapterTypeName="executor://mstestadapter/v2" className="Musoq.Evaluator.Tests.NullabilityTests" name="GroupBySingleColumnWithNullGroupTest" />
    </UnitTest>
    <UnitTest name="WhenCteWithSameAliasExist2_ShouldPass" storage="/home/runner/work/musoq/musoq/musoq.evaluator.tests/bin/debug/net8.0/musoq.evaluator.tests.dll" id="89bed6a6-1c29-6068-dc21-22ff56f2da3f">
      <Execution id="17b2950e-0c22-4549-8c8c-6f5f79a56ae2" />
      <TestMethod codeBase="/home/runner/work/Musoq/Musoq/Musoq.Evaluator.Tests/bin/Debug/net8.0/Musoq.Evaluator.Tests.dll" adapterTypeName="executor://mstestadapter/v2" className="Musoq.Evaluator.Tests.UsedColumnsTests" name="WhenCteWithSameAliasExist2_ShouldPass" />
    </UnitTest>
    <UnitTest name="MultiModuloExpressionTest" storage="/home/runner/work/musoq/musoq/musoq.evaluator.tests/bin/debug/net8.0/musoq.evaluator.tests.dll" id="e3f02945-f525-0e91-0d86-80f0ec0486f2">
      <Execution id="75c707bf-07f6-40a5-8c7e-91ff985c9599" />
      <TestMethod codeBase="/home/runner/work/Musoq/Musoq/Musoq.Evaluator.Tests/bin/Debug/net8.0/Musoq.Evaluator.Tests.dll" adapterTypeName="executor://mstestadapter/v2" className="Musoq.Evaluator.Tests.ArithmeticTests" name="MultiModuloExpressionTest" />
    </UnitTest>
    <UnitTest name="WhenUShortUsed_ShouldHaveColumnOfThatType" storage="/home/runner/work/musoq/musoq/musoq.evaluator.tests/bin/debug/net8.0/musoq.evaluator.tests.dll" id="e2dfb22f-02f4-9915-b0f9-69c88ada9fa5">
      <Execution id="7a61262c-d9d6-466a-842c-a0c4acbaad75" />
      <TestMethod codeBase="/home/runner/work/Musoq/Musoq/Musoq.Evaluator.Tests/bin/Debug/net8.0/Musoq.Evaluator.Tests.dll" adapterTypeName="executor://mstestadapter/v2" className="Musoq.Evaluator.Tests.NumericLiteralTypesTests" name="WhenUShortUsed_ShouldHaveColumnOfThatType" />
    </UnitTest>
    <UnitTest name="WhenRLikeExpressionIsRewritten_ShouldPass" storage="/home/runner/work/musoq/musoq/musoq.evaluator.tests/bin/debug/net8.0/musoq.evaluator.tests.dll" id="8af733ee-2bf9-4fc7-4dd4-c916214d9fc0">
      <Execution id="2a465ce1-8319-4cd4-b40a-d6abbc1cd8d0" />
      <TestMethod codeBase="/home/runner/work/Musoq/Musoq/Musoq.Evaluator.Tests/bin/Debug/net8.0/Musoq.Evaluator.Tests.dll" adapterTypeName="executor://mstestadapter/v2" className="Musoq.Evaluator.Tests.RewriteWhereExpressionToPassItToDataSourceTests" name="WhenRLikeExpressionIsRewritten_ShouldPass" />
    </UnitTest>
    <UnitTest name="WhenToStringCalled_ShouldReturnSameQuery (select s.Column1, s.Column2 from #some.thing() s order by s.Column1 take 12)" storage="/home/runner/work/musoq/musoq/musoq.evaluator.tests/bin/debug/net8.0/musoq.evaluator.tests.dll" id="0203de77-d948-089d-1fcb-04c37fd95817">
      <Execution id="ede2cc82-e871-41ff-b971-d759954ad66b" />
      <TestMethod codeBase="/home/runner/work/Musoq/Musoq/Musoq.Evaluator.Tests/bin/Debug/net8.0/Musoq.Evaluator.Tests.dll" adapterTypeName="executor://mstestadapter/v2" className="Musoq.Evaluator.Tests.StringifyTests" name="WhenToStringCalled_ShouldReturnSameQuery" />
    </UnitTest>
    <UnitTest name="WhenULongAndULongUsed_ShouldHaveColumnOfThatType" storage="/home/runner/work/musoq/musoq/musoq.evaluator.tests/bin/debug/net8.0/musoq.evaluator.tests.dll" id="54aef316-cee8-391b-ea6d-7e8839e0bb8a">
      <Execution id="51a28441-6c6e-46aa-994e-907b4eaa0bb3" />
      <TestMethod codeBase="/home/runner/work/Musoq/Musoq/Musoq.Evaluator.Tests/bin/Debug/net8.0/Musoq.Evaluator.Tests.dll" adapterTypeName="executor://mstestadapter/v2" className="Musoq.Evaluator.Tests.ArithmeticForCrossTypesTests" name="WhenULongAndULongUsed_ShouldHaveColumnOfThatType" />
    </UnitTest>
    <UnitTest name="GroupByWithWhereTest" storage="/home/runner/work/musoq/musoq/musoq.evaluator.tests/bin/debug/net8.0/musoq.evaluator.tests.dll" id="0d28f6a6-8c9f-bba0-86bf-e8c24b7b6bd9">
      <Execution id="5fff0bd3-c70d-41de-a7cc-a1da5b992807" />
      <TestMethod codeBase="/home/runner/work/Musoq/Musoq/Musoq.Evaluator.Tests/bin/Debug/net8.0/Musoq.Evaluator.Tests.dll" adapterTypeName="executor://mstestadapter/v2" className="Musoq.Evaluator.Tests.GroupByTests" name="GroupByWithWhereTest" />
    </UnitTest>
    <UnitTest name="WhenSByteAndLongUsed_ShouldHaveColumnOfLongType" storage="/home/runner/work/musoq/musoq/musoq.evaluator.tests/bin/debug/net8.0/musoq.evaluator.tests.dll" id="d657cdbb-8038-a77c-4d53-5d151ada1298">
      <Execution id="07e033db-2ab5-41c4-999e-081137074f19" />
      <TestMethod codeBase="/home/runner/work/Musoq/Musoq/Musoq.Evaluator.Tests/bin/Debug/net8.0/Musoq.Evaluator.Tests.dll" adapterTypeName="executor://mstestadapter/v2" className="Musoq.Evaluator.Tests.ArithmeticForCrossTypesTests" name="WhenSByteAndLongUsed_ShouldHaveColumnOfLongType" />
    </UnitTest>
    <UnitTest name="WhenApplyChainedProperty_WithComplexList_ShouldPass" storage="/home/runner/work/musoq/musoq/musoq.evaluator.tests/bin/debug/net8.0/musoq.evaluator.tests.dll" id="1c7bfdb9-adff-d9ee-4dd8-231d8fd6dd5f">
      <Execution id="314c17df-5d46-4b07-b663-778a98eabc75" />
      <TestMethod codeBase="/home/runner/work/Musoq/Musoq/Musoq.Evaluator.Tests/bin/Debug/net8.0/Musoq.Evaluator.Tests.dll" adapterTypeName="executor://mstestadapter/v2" className="Musoq.Evaluator.Tests.CrossApplySelfPropertyTests" name="WhenApplyChainedProperty_WithComplexList_ShouldPass" />
    </UnitTest>
    <UnitTest name="WhenUIntUsed_ShouldHaveColumnOfThatType" storage="/home/runner/work/musoq/musoq/musoq.evaluator.tests/bin/debug/net8.0/musoq.evaluator.tests.dll" id="6aca9079-5ba1-ce20-3d33-b500c86ec151">
      <Execution id="89de9b96-5ee8-4ad8-8eac-7ff6a84a5d5d" />
      <TestMethod codeBase="/home/runner/work/Musoq/Musoq/Musoq.Evaluator.Tests/bin/Debug/net8.0/Musoq.Evaluator.Tests.dll" adapterTypeName="executor://mstestadapter/v2" className="Musoq.Evaluator.Tests.NumericLiteralTypesTests" name="WhenUIntUsed_ShouldHaveColumnOfThatType" />
    </UnitTest>
    <UnitTest name="WhenToStringCalled_ShouldReturnSameQuery (select 1 from #A.entities() a left outer join #B.entities() b on a.Id = b.Id)" storage="/home/runner/work/musoq/musoq/musoq.evaluator.tests/bin/debug/net8.0/musoq.evaluator.tests.dll" id="95aae518-7dac-2ede-8738-b1c238ac1076">
      <Execution id="6c5c11c2-d910-42b9-8b1f-f2d606592369" />
      <TestMethod codeBase="/home/runner/work/Musoq/Musoq/Musoq.Evaluator.Tests/bin/Debug/net8.0/Musoq.Evaluator.Tests.dll" adapterTypeName="executor://mstestadapter/v2" className="Musoq.Evaluator.Tests.StringifyTests" name="WhenToStringCalled_ShouldReturnSameQuery" />
    </UnitTest>
    <UnitTest name="WhenSchemaMethodOuterAppliedSelfProperty_UsesCte_ShouldPass" storage="/home/runner/work/musoq/musoq/musoq.evaluator.tests/bin/debug/net8.0/musoq.evaluator.tests.dll" id="74705832-6ca9-d6d1-7066-6f5645a95a8f">
      <Execution id="8815a5a3-a462-40cb-b21c-a986f4f09ba0" />
      <TestMethod codeBase="/home/runner/work/Musoq/Musoq/Musoq.Evaluator.Tests/bin/Debug/net8.0/Musoq.Evaluator.Tests.dll" adapterTypeName="executor://mstestadapter/v2" className="Musoq.Evaluator.Tests.OuterApplyCteTests" name="WhenSchemaMethodOuterAppliedSelfProperty_UsesCte_ShouldPass" />
    </UnitTest>
    <UnitTest name="CTE_WithCrossApply_UsingSystemDual_ShouldNotThrowKeyNotFoundException" storage="/home/runner/work/musoq/musoq/musoq.evaluator.tests/bin/debug/net8.0/musoq.evaluator.tests.dll" id="88ec9177-b7e0-3a84-f36c-48c53d286608">
      <Execution id="cae7033b-ef52-4980-a099-0125ab21c358" />
      <TestMethod codeBase="/home/runner/work/Musoq/Musoq/Musoq.Evaluator.Tests/bin/Debug/net8.0/Musoq.Evaluator.Tests.dll" adapterTypeName="executor://mstestadapter/v2" className="Musoq.Evaluator.Tests.CTECrossApplyTestCases" name="CTE_WithCrossApply_UsingSystemDual_ShouldNotThrowKeyNotFoundException" />
    </UnitTest>
    <UnitTest name="WhenIntAndFloatUsed_ShouldHaveColumnOfThatType" storage="/home/runner/work/musoq/musoq/musoq.evaluator.tests/bin/debug/net8.0/musoq.evaluator.tests.dll" id="67359d75-ee5c-3f91-1e70-d8b5d8b417a0">
      <Execution id="77a80f1d-d97a-40d6-9d1b-7e83a2f53d54" />
      <TestMethod codeBase="/home/runner/work/Musoq/Musoq/Musoq.Evaluator.Tests/bin/Debug/net8.0/Musoq.Evaluator.Tests.dll" adapterTypeName="executor://mstestadapter/v2" className="Musoq.Evaluator.Tests.ArithmeticForCrossTypesTests" name="WhenIntAndFloatUsed_ShouldHaveColumnOfThatType" />
    </UnitTest>
    <UnitTest name="WhenCrossApplyAndMethodWithExplicitParameterUsed_ShouldPass" storage="/home/runner/work/musoq/musoq/musoq.evaluator.tests/bin/debug/net8.0/musoq.evaluator.tests.dll" id="ff3b74aa-e8c4-0e01-43d1-4065c2e578bf">
      <Execution id="10cdfcee-adaf-4474-bffb-cbefb9ed9bb2" />
      <TestMethod codeBase="/home/runner/work/Musoq/Musoq/Musoq.Evaluator.Tests/bin/Debug/net8.0/Musoq.Evaluator.Tests.dll" adapterTypeName="executor://mstestadapter/v2" className="Musoq.Evaluator.Tests.CrossApplyCteTests" name="WhenCrossApplyAndMethodWithExplicitParameterUsed_ShouldPass" />
    </UnitTest>
    <UnitTest name="WhenSpecialCharacterStartBracketUsedInTextWith_MustNotThrow (&lt;)" storage="/home/runner/work/musoq/musoq/musoq.evaluator.tests/bin/debug/net8.0/musoq.evaluator.tests.dll" id="9fa1e8b5-46a2-fbea-ef88-643563e44fdd">
      <Execution id="a3b334d9-72db-4aa6-adea-5aade895d5f2" />
      <TestMethod codeBase="/home/runner/work/Musoq/Musoq/Musoq.Evaluator.Tests/bin/Debug/net8.0/Musoq.Evaluator.Tests.dll" adapterTypeName="executor://mstestadapter/v2" className="Musoq.Evaluator.Tests.StringsTests" name="WhenSpecialCharacterStartBracketUsedInTextWith_MustNotThrow" />
    </UnitTest>
    <UnitTest name="SubtractTimeSpansTest" storage="/home/runner/work/musoq/musoq/musoq.evaluator.tests/bin/debug/net8.0/musoq.evaluator.tests.dll" id="1e5a3def-4b77-7f02-6d19-4a1a28312c6d">
      <Execution id="ee4814ab-ef7d-4bce-9f2f-bcbbc31f06df" />
      <TestMethod codeBase="/home/runner/work/Musoq/Musoq/Musoq.Evaluator.Tests/bin/Debug/net8.0/Musoq.Evaluator.Tests.dll" adapterTypeName="executor://mstestadapter/v2" className="Musoq.Evaluator.Tests.TimeSpanTests" name="SubtractTimeSpansTest" />
    </UnitTest>
    <UnitTest name="CaseWhenWithLibraryMethodCallTest" storage="/home/runner/work/musoq/musoq/musoq.evaluator.tests/bin/debug/net8.0/musoq.evaluator.tests.dll" id="1a547748-5e70-f93d-b49e-a7071491101d">
      <Execution id="19509a78-7abe-4cd9-aa35-c095fdf545ba" />
      <TestMethod codeBase="/home/runner/work/Musoq/Musoq/Musoq.Evaluator.Tests/bin/Debug/net8.0/Musoq.Evaluator.Tests.dll" adapterTypeName="executor://mstestadapter/v2" className="Musoq.Evaluator.Tests.SingleSchemaEvaluatorTests" name="CaseWhenWithLibraryMethodCallTest" />
    </UnitTest>
    <UnitTest name="CteQueryCancellation" storage="/home/runner/work/musoq/musoq/musoq.evaluator.tests/bin/debug/net8.0/musoq.evaluator.tests.dll" id="abd203a9-4ade-a5ae-1413-3a05ae3bdf5d">
      <Execution id="26829674-c024-4d4d-bb55-833f32673232" />
      <TestMethod codeBase="/home/runner/work/Musoq/Musoq/Musoq.Evaluator.Tests/bin/Debug/net8.0/Musoq.Evaluator.Tests.dll" adapterTypeName="executor://mstestadapter/v2" className="Musoq.Evaluator.Tests.CancellationTests" name="CteQueryCancellation" />
    </UnitTest>
    <UnitTest name="WhenAliasedStarUnfoldToMultipleColumns_TwoTablesUsed_ShouldPass" storage="/home/runner/work/musoq/musoq/musoq.evaluator.tests/bin/debug/net8.0/musoq.evaluator.tests.dll" id="e0f632f3-2a81-9ad3-3b47-32376b9ed44f">
      <Execution id="dcbf7d08-62a1-4a0a-9efa-7e822f862abd" />
      <TestMethod codeBase="/home/runner/work/Musoq/Musoq/Musoq.Evaluator.Tests/bin/Debug/net8.0/Musoq.Evaluator.Tests.dll" adapterTypeName="executor://mstestadapter/v2" className="Musoq.Evaluator.Tests.StarTests" name="WhenAliasedStarUnfoldToMultipleColumns_TwoTablesUsed_ShouldPass" />
    </UnitTest>
    <UnitTest name="WhenGetElementAtOrDefaultForExistingElement_ShouldPass" storage="/home/runner/work/musoq/musoq/musoq.evaluator.tests/bin/debug/net8.0/musoq.evaluator.tests.dll" id="bb9d0a9c-02c2-5943-1d69-50300825008d">
      <Execution id="e52daf8f-12f6-4c05-9a9f-4db2e911c812" />
      <TestMethod codeBase="/home/runner/work/Musoq/Musoq/Musoq.Evaluator.Tests/bin/Debug/net8.0/Musoq.Evaluator.Tests.dll" adapterTypeName="executor://mstestadapter/v2" className="Musoq.Evaluator.Tests.GenericTests" name="WhenGetElementAtOrDefaultForExistingElement_ShouldPass" />
    </UnitTest>
    <UnitTest name="WhenBitwiseXorBetweenShortAndUInt_ShouldBeEvaluated" storage="/home/runner/work/musoq/musoq/musoq.evaluator.tests/bin/debug/net8.0/musoq.evaluator.tests.dll" id="ebdd085c-db22-74fc-df96-6b991ba1dfc5">
      <Execution id="598ae090-3f2b-4d8f-b4c9-418fbfa1f441" />
      <TestMethod codeBase="/home/runner/work/Musoq/Musoq/Musoq.Evaluator.Tests/bin/Debug/net8.0/Musoq.Evaluator.Tests.dll" adapterTypeName="executor://mstestadapter/v2" className="Musoq.Evaluator.Tests.BitwiseOperationsXorTests" name="WhenBitwiseXorBetweenShortAndUInt_ShouldBeEvaluated" />
    </UnitTest>
    <UnitTest name="WhenBitwiseAndBetweenUIntAndULong_ShouldBeEvaluated" storage="/home/runner/work/musoq/musoq/musoq.evaluator.tests/bin/debug/net8.0/musoq.evaluator.tests.dll" id="43a2fbca-fadd-ec48-eacc-58a0a2cbaf29">
      <Execution id="48056694-4b06-4eba-a1b0-84586995c96f" />
      <TestMethod codeBase="/home/runner/work/Musoq/Musoq/Musoq.Evaluator.Tests/bin/Debug/net8.0/Musoq.Evaluator.Tests.dll" adapterTypeName="executor://mstestadapter/v2" className="Musoq.Evaluator.Tests.BitwiseOperationsAndTests" name="WhenBitwiseAndBetweenUIntAndULong_ShouldBeEvaluated" />
    </UnitTest>
    <UnitTest name="WhenToStringCalled_ShouldReturnSameQuery (select s.Column1, s.Column2 from #some.thing() s where s.Column1 &gt;= 5 group by s.Column2 order by s.Column1)" storage="/home/runner/work/musoq/musoq/musoq.evaluator.tests/bin/debug/net8.0/musoq.evaluator.tests.dll" id="cb3fe021-68f1-4ecc-7115-019113d037af">
      <Execution id="216ae1c7-e379-41a8-8183-cdb0fa2df7db" />
      <TestMethod codeBase="/home/runner/work/Musoq/Musoq/Musoq.Evaluator.Tests/bin/Debug/net8.0/Musoq.Evaluator.Tests.dll" adapterTypeName="executor://mstestadapter/v2" className="Musoq.Evaluator.Tests.StringifyTests" name="WhenToStringCalled_ShouldReturnSameQuery" />
    </UnitTest>
    <UnitTest name="WhenSkipWithoutReductionRequired_ShouldPass" storage="/home/runner/work/musoq/musoq/musoq.evaluator.tests/bin/debug/net8.0/musoq.evaluator.tests.dll" id="75b6c4f7-0c2f-addd-3327-0e98f3a12f82">
      <Execution id="26220da1-2d85-4d01-a4ee-20ed5ade7322" />
      <TestMethod codeBase="/home/runner/work/Musoq/Musoq/Musoq.Evaluator.Tests/bin/Debug/net8.0/Musoq.Evaluator.Tests.dll" adapterTypeName="executor://mstestadapter/v2" className="Musoq.Evaluator.Tests.GenericTests" name="WhenSkipWithoutReductionRequired_ShouldPass" />
    </UnitTest>
    <UnitTest name="StringCharacterAccess_EmptyString_ShouldReturnDefaultChar" storage="/home/runner/work/musoq/musoq/musoq.evaluator.tests/bin/debug/net8.0/musoq.evaluator.tests.dll" id="876b377e-6226-1e62-e359-6c1e89310484">
      <Execution id="b96b0aaa-60d4-45ac-b1f8-1fcb868058f0" />
      <TestMethod codeBase="/home/runner/work/Musoq/Musoq/Musoq.Evaluator.Tests/bin/Debug/net8.0/Musoq.Evaluator.Tests.dll" adapterTypeName="executor://mstestadapter/v2" className="Musoq.Evaluator.Tests.ArrayAccessEdgeCaseTests" name="StringCharacterAccess_EmptyString_ShouldReturnDefaultChar" />
    </UnitTest>
    <UnitTest name="WhenUniqueColumnAcrossJoinedDataSetOccurred_ShouldNotNeedToUseAlias" storage="/home/runner/work/musoq/musoq/musoq.evaluator.tests/bin/debug/net8.0/musoq.evaluator.tests.dll" id="f39f840e-9fe4-8eea-0e36-df0bb7074426">
      <Execution id="8c3f40b0-b6fb-49eb-be7b-0f6ef2d7fcd8" />
      <TestMethod codeBase="/home/runner/work/Musoq/Musoq/Musoq.Evaluator.Tests/bin/Debug/net8.0/Musoq.Evaluator.Tests.dll" adapterTypeName="executor://mstestadapter/v2" className="Musoq.Evaluator.Tests.AliasTests" name="WhenUniqueColumnAcrossJoinedDataSetOccurred_ShouldNotNeedToUseAlias" />
    </UnitTest>
    <UnitTest name="InnerJoinCteSelfJoinTest" storage="/home/runner/work/musoq/musoq/musoq.evaluator.tests/bin/debug/net8.0/musoq.evaluator.tests.dll" id="cbc6ea9b-314f-4740-28cf-f4c429edc6aa">
      <Execution id="fef73b6b-4a27-4260-aabb-34830c6bab05" />
      <TestMethod codeBase="/home/runner/work/Musoq/Musoq/Musoq.Evaluator.Tests/bin/Debug/net8.0/Musoq.Evaluator.Tests.dll" adapterTypeName="executor://mstestadapter/v2" className="Musoq.Evaluator.Tests.JoinTests" name="InnerJoinCteSelfJoinTest" />
    </UnitTest>
    <UnitTest name="WhenConcatenatingEscapedStrings_ShouldBeHandledCorrectly" storage="/home/runner/work/musoq/musoq/musoq.evaluator.tests/bin/debug/net8.0/musoq.evaluator.tests.dll" id="bdce7d45-5ef6-95a3-4777-da097b075738">
      <Execution id="d433c8a5-b618-4a5b-bf6a-918caa6b138f" />
      <TestMethod codeBase="/home/runner/work/Musoq/Musoq/Musoq.Evaluator.Tests/bin/Debug/net8.0/Musoq.Evaluator.Tests.dll" adapterTypeName="executor://mstestadapter/v2" className="Musoq.Evaluator.Tests.EscapeTests" name="WhenConcatenatingEscapedStrings_ShouldBeHandledCorrectly" />
    </UnitTest>
    <UnitTest name="WhenByteAndFloatUsed_ShouldHaveColumnOfFloatType" storage="/home/runner/work/musoq/musoq/musoq.evaluator.tests/bin/debug/net8.0/musoq.evaluator.tests.dll" id="6bbf4930-378a-c087-102d-8926b1b9a5c0">
      <Execution id="01e0dc43-16bc-4cc5-9106-b53f24f1c715" />
      <TestMethod codeBase="/home/runner/work/Musoq/Musoq/Musoq.Evaluator.Tests/bin/Debug/net8.0/Musoq.Evaluator.Tests.dll" adapterTypeName="executor://mstestadapter/v2" className="Musoq.Evaluator.Tests.ArithmeticForCrossTypesTests" name="WhenByteAndFloatUsed_ShouldHaveColumnOfFloatType" />
    </UnitTest>
    <UnitTest name="ExceptTripleSourcesTest" storage="/home/runner/work/musoq/musoq/musoq.evaluator.tests/bin/debug/net8.0/musoq.evaluator.tests.dll" id="d73a99a7-a612-e83a-8109-c6103fc6ab54">
      <Execution id="0a44754d-e9b7-4337-9123-2ca770205a58" />
      <TestMethod codeBase="/home/runner/work/Musoq/Musoq/Musoq.Evaluator.Tests/bin/Debug/net8.0/Musoq.Evaluator.Tests.dll" adapterTypeName="executor://mstestadapter/v2" className="Musoq.Evaluator.Tests.SetsOperatorsTests" name="ExceptTripleSourcesTest" />
    </UnitTest>
    <UnitTest name="WhenShortAndFloatUsed_ShouldHaveColumnOfThatType" storage="/home/runner/work/musoq/musoq/musoq.evaluator.tests/bin/debug/net8.0/musoq.evaluator.tests.dll" id="a94728de-4382-9cba-2e0e-3ec2e57998e5">
      <Execution id="0b3b2a6d-b6c2-46dc-925a-d67d8eadebb3" />
      <TestMethod codeBase="/home/runner/work/Musoq/Musoq/Musoq.Evaluator.Tests/bin/Debug/net8.0/Musoq.Evaluator.Tests.dll" adapterTypeName="executor://mstestadapter/v2" className="Musoq.Evaluator.Tests.ArithmeticForCrossTypesTests" name="WhenShortAndFloatUsed_ShouldHaveColumnOfThatType" />
    </UnitTest>
    <UnitTest name="WhenAliasedStarUnfoldToMultipleColumns_ShouldPass" storage="/home/runner/work/musoq/musoq/musoq.evaluator.tests/bin/debug/net8.0/musoq.evaluator.tests.dll" id="80b94312-742f-3b4e-2736-32bfacb36e9d">
      <Execution id="635c8d0c-001e-48e1-a790-f219ccf39851" />
      <TestMethod codeBase="/home/runner/work/Musoq/Musoq/Musoq.Evaluator.Tests/bin/Debug/net8.0/Musoq.Evaluator.Tests.dll" adapterTypeName="executor://mstestadapter/v2" className="Musoq.Evaluator.Tests.StarTests" name="WhenAliasedStarUnfoldToMultipleColumns_ShouldPass" />
    </UnitTest>
    <UnitTest name="WhenULongMethodCallAndULongUsed_ShouldHaveColumnOfThatType" storage="/home/runner/work/musoq/musoq/musoq.evaluator.tests/bin/debug/net8.0/musoq.evaluator.tests.dll" id="aa188839-cacb-4b24-2337-b93a77cced0b">
      <Execution id="55323c75-d71f-4b89-8974-13bd3358c881" />
      <TestMethod codeBase="/home/runner/work/Musoq/Musoq/Musoq.Evaluator.Tests/bin/Debug/net8.0/Musoq.Evaluator.Tests.dll" adapterTypeName="executor://mstestadapter/v2" className="Musoq.Evaluator.Tests.ArithmeticForMethodCallAndTypeSpecificOperationTests" name="WhenULongMethodCallAndULongUsed_ShouldHaveColumnOfThatType" />
    </UnitTest>
    <UnitTest name="WhenSpecialCharacterStartBracketUsedInTextWith_MustNotThrow (%)" storage="/home/runner/work/musoq/musoq/musoq.evaluator.tests/bin/debug/net8.0/musoq.evaluator.tests.dll" id="2ba42a4a-e568-a156-8ef0-21c957b62e51">
      <Execution id="5b23e61d-602a-48cf-9d50-44f3d2fa8282" />
      <TestMethod codeBase="/home/runner/work/Musoq/Musoq/Musoq.Evaluator.Tests/bin/Debug/net8.0/Musoq.Evaluator.Tests.dll" adapterTypeName="executor://mstestadapter/v2" className="Musoq.Evaluator.Tests.StringsTests" name="WhenSpecialCharacterStartBracketUsedInTextWith_MustNotThrow" />
    </UnitTest>
    <UnitTest name="WhenUIntMethodCallAndLongUsed_ShouldHaveColumnOfThatType" storage="/home/runner/work/musoq/musoq/musoq.evaluator.tests/bin/debug/net8.0/musoq.evaluator.tests.dll" id="a016ce37-0e2d-f1de-976d-b2606f9f008f">
      <Execution id="1b7ccb6b-18b2-438a-92ec-8a27a2dc0103" />
      <TestMethod codeBase="/home/runner/work/Musoq/Musoq/Musoq.Evaluator.Tests/bin/Debug/net8.0/Musoq.Evaluator.Tests.dll" adapterTypeName="executor://mstestadapter/v2" className="Musoq.Evaluator.Tests.ArithmeticForMethodCallAndTypeSpecificOperationTests" name="WhenUIntMethodCallAndLongUsed_ShouldHaveColumnOfThatType" />
    </UnitTest>
    <UnitTest name="WhenBitwiseShiftRightLong_ShouldBeEvaluated" storage="/home/runner/work/musoq/musoq/musoq.evaluator.tests/bin/debug/net8.0/musoq.evaluator.tests.dll" id="72dd5324-2d4e-46c5-ae53-1dcd16c5e664">
      <Execution id="b320740a-2c62-4aca-9201-a372765610fb" />
      <TestMethod codeBase="/home/runner/work/Musoq/Musoq/Musoq.Evaluator.Tests/bin/Debug/net8.0/Musoq.Evaluator.Tests.dll" adapterTypeName="executor://mstestadapter/v2" className="Musoq.Evaluator.Tests.BitwiseShiftRightTests" name="WhenBitwiseShiftRightLong_ShouldBeEvaluated" />
    </UnitTest>
    <UnitTest name="WhenIntMethodCallAndSByteUsed_ShouldHaveColumnOfThatType" storage="/home/runner/work/musoq/musoq/musoq.evaluator.tests/bin/debug/net8.0/musoq.evaluator.tests.dll" id="7f00520a-af5f-4aa1-8887-d7b3644fe0b4">
      <Execution id="4e05bef0-0233-4af9-9a4b-3662a66cfd46" />
      <TestMethod codeBase="/home/runner/work/Musoq/Musoq/Musoq.Evaluator.Tests/bin/Debug/net8.0/Musoq.Evaluator.Tests.dll" adapterTypeName="executor://mstestadapter/v2" className="Musoq.Evaluator.Tests.ArithmeticForMethodCallAndTypeSpecificOperationTests" name="WhenIntMethodCallAndSByteUsed_ShouldHaveColumnOfThatType" />
    </UnitTest>
    <UnitTest name="SimpleCteWithGrouping2Test" storage="/home/runner/work/musoq/musoq/musoq.evaluator.tests/bin/debug/net8.0/musoq.evaluator.tests.dll" id="e7a129dd-d39b-6d0f-b2a9-6cc21913e1e6">
      <Execution id="49dde6b1-5982-4a4a-93ba-5a789c496be7" />
      <TestMethod codeBase="/home/runner/work/Musoq/Musoq/Musoq.Evaluator.Tests/bin/Debug/net8.0/Musoq.Evaluator.Tests.dll" adapterTypeName="executor://mstestadapter/v2" className="Musoq.Evaluator.Tests.CteTests" name="SimpleCteWithGrouping2Test" />
    </UnitTest>
    <UnitTest name="IfFunctionGreaterEqualTrueTest" storage="/home/runner/work/musoq/musoq/musoq.evaluator.tests/bin/debug/net8.0/musoq.evaluator.tests.dll" id="3b4fcf01-da2a-a7a5-d850-1d6c8b503d24">
      <Execution id="57a1c280-073a-421e-ad5d-a0ff1bed7bd3" />
      <TestMethod codeBase="/home/runner/work/Musoq/Musoq/Musoq.Evaluator.Tests/bin/Debug/net8.0/Musoq.Evaluator.Tests.dll" adapterTypeName="executor://mstestadapter/v2" className="Musoq.Evaluator.Tests.LogicalFunctionsTests" name="IfFunctionGreaterEqualTrueTest" />
    </UnitTest>
    <UnitTest name="WhenBitwiseXorBetweenLongAndSByte_ShouldBeEvaluated" storage="/home/runner/work/musoq/musoq/musoq.evaluator.tests/bin/debug/net8.0/musoq.evaluator.tests.dll" id="308e1c4a-ba44-7cf4-befe-a2c97bb20231">
      <Execution id="da13aa9a-a64b-4bbd-96ce-a9603b308c5a" />
      <TestMethod codeBase="/home/runner/work/Musoq/Musoq/Musoq.Evaluator.Tests/bin/Debug/net8.0/Musoq.Evaluator.Tests.dll" adapterTypeName="executor://mstestadapter/v2" className="Musoq.Evaluator.Tests.BitwiseOperationsXorTests" name="WhenBitwiseXorBetweenLongAndSByte_ShouldBeEvaluated" />
    </UnitTest>
    <UnitTest name="WhenUShortAndIntUsed_ShouldHaveColumnOfThatType" storage="/home/runner/work/musoq/musoq/musoq.evaluator.tests/bin/debug/net8.0/musoq.evaluator.tests.dll" id="b148871c-b117-31c5-da60-805585d60659">
      <Execution id="bf0fc930-69cd-46a3-a950-e18e10062f10" />
      <TestMethod codeBase="/home/runner/work/Musoq/Musoq/Musoq.Evaluator.Tests/bin/Debug/net8.0/Musoq.Evaluator.Tests.dll" adapterTypeName="executor://mstestadapter/v2" className="Musoq.Evaluator.Tests.ArithmeticForCrossTypesTests" name="WhenUShortAndIntUsed_ShouldHaveColumnOfThatType" />
    </UnitTest>
    <UnitTest name="WhenUIntAndDecimalUsed_ShouldHaveColumnOfThatType" storage="/home/runner/work/musoq/musoq/musoq.evaluator.tests/bin/debug/net8.0/musoq.evaluator.tests.dll" id="50451f90-ea09-5184-2a42-7fbe205e684d">
      <Execution id="896ae56e-07de-4971-8c0c-1b4de72fe679" />
      <TestMethod codeBase="/home/runner/work/Musoq/Musoq/Musoq.Evaluator.Tests/bin/Debug/net8.0/Musoq.Evaluator.Tests.dll" adapterTypeName="executor://mstestadapter/v2" className="Musoq.Evaluator.Tests.ArithmeticForCrossTypesTests" name="WhenUIntAndDecimalUsed_ShouldHaveColumnOfThatType" />
    </UnitTest>
    <UnitTest name="WhenWhenTrueOnEntityFieldWithOrCondition_ShouldNotThrowException" storage="/home/runner/work/musoq/musoq/musoq.evaluator.tests/bin/debug/net8.0/musoq.evaluator.tests.dll" id="34d48701-e1ac-2e19-eb6f-0bd8a64dded2">
      <Execution id="f0592f41-4daf-45b6-9090-54a5b3707243" />
      <TestMethod codeBase="/home/runner/work/Musoq/Musoq/Musoq.Evaluator.Tests/bin/Debug/net8.0/Musoq.Evaluator.Tests.dll" adapterTypeName="executor://mstestadapter/v2" className="Musoq.Evaluator.Tests.CaseWhenTests" name="WhenWhenTrueOnEntityFieldWithOrCondition_ShouldNotThrowException" />
    </UnitTest>
    <UnitTest name="WhenToStringCalled_ShouldReturnSameQuery (select s.Column1, s.Column2 from #some.thing() s group by s.Column1, s.Column2 order by s.Column1 skip 5 take 10)" storage="/home/runner/work/musoq/musoq/musoq.evaluator.tests/bin/debug/net8.0/musoq.evaluator.tests.dll" id="5ababe60-6870-df24-5b20-b5429dab15fe">
      <Execution id="bf978be6-0241-4b43-b830-24fe222673f0" />
      <TestMethod codeBase="/home/runner/work/Musoq/Musoq/Musoq.Evaluator.Tests/bin/Debug/net8.0/Musoq.Evaluator.Tests.dll" adapterTypeName="executor://mstestadapter/v2" className="Musoq.Evaluator.Tests.StringifyTests" name="WhenToStringCalled_ShouldReturnSameQuery" />
    </UnitTest>
    <UnitTest name="WhenToStringCalled_ShouldReturnSameQuery (select s.Column1, s.Column2 from #some.thing() s where s.Column1 &lt;&gt; 0 group by s.Column2 order by s.Column1 skip 6)" storage="/home/runner/work/musoq/musoq/musoq.evaluator.tests/bin/debug/net8.0/musoq.evaluator.tests.dll" id="9d82e9df-3001-e8b7-a128-56aa838fe1bf">
      <Execution id="2ef01158-ee59-4d13-8cd3-b997d15aee50" />
      <TestMethod codeBase="/home/runner/work/Musoq/Musoq/Musoq.Evaluator.Tests/bin/Debug/net8.0/Musoq.Evaluator.Tests.dll" adapterTypeName="executor://mstestadapter/v2" className="Musoq.Evaluator.Tests.StringifyTests" name="WhenToStringCalled_ShouldReturnSameQuery" />
    </UnitTest>
    <UnitTest name="AggregateValuesTest" storage="/home/runner/work/musoq/musoq/musoq.evaluator.tests/bin/debug/net8.0/musoq.evaluator.tests.dll" id="2417ecd1-98f0-14d9-1bf7-2493e8a3b660">
      <Execution id="5482229a-746e-404e-96cd-7da928f20a1f" />
      <TestMethod codeBase="/home/runner/work/Musoq/Musoq/Musoq.Evaluator.Tests/bin/Debug/net8.0/Musoq.Evaluator.Tests.dll" adapterTypeName="executor://mstestadapter/v2" className="Musoq.Evaluator.Tests.SingleSchemaEvaluatorTests" name="AggregateValuesTest" />
    </UnitTest>
    <UnitTest name="WhenBitwiseAndBetweenSbyteAndUshort_ShouldBeEvaluated" storage="/home/runner/work/musoq/musoq/musoq.evaluator.tests/bin/debug/net8.0/musoq.evaluator.tests.dll" id="1c8f73b5-943a-2811-697c-20e538f7b9d9">
      <Execution id="2b5bfaf8-790d-4e4e-981f-dcc0050b8166" />
      <TestMethod codeBase="/home/runner/work/Musoq/Musoq/Musoq.Evaluator.Tests/bin/Debug/net8.0/Musoq.Evaluator.Tests.dll" adapterTypeName="executor://mstestadapter/v2" className="Musoq.Evaluator.Tests.BitwiseOperationsAndTests" name="WhenBitwiseAndBetweenSbyteAndUshort_ShouldBeEvaluated" />
    </UnitTest>
    <UnitTest name="WhenSameAliasUsedInFromAndJoin_ShouldThrow" storage="/home/runner/work/musoq/musoq/musoq.evaluator.tests/bin/debug/net8.0/musoq.evaluator.tests.dll" id="37c0094c-5680-80a8-7600-71cdf1bc76ea">
      <Execution id="7ec0961d-77eb-41a6-8a3f-63aa94efba62" />
      <TestMethod codeBase="/home/runner/work/Musoq/Musoq/Musoq.Evaluator.Tests/bin/Debug/net8.0/Musoq.Evaluator.Tests.dll" adapterTypeName="executor://mstestadapter/v2" className="Musoq.Evaluator.Tests.AliasTests" name="WhenSameAliasUsedInFromAndJoin_ShouldThrow" />
    </UnitTest>
    <UnitTest name="DivisionWithSubtraction2Test" storage="/home/runner/work/musoq/musoq/musoq.evaluator.tests/bin/debug/net8.0/musoq.evaluator.tests.dll" id="4745606e-7b24-f27a-4708-bac768353bf2">
      <Execution id="5cf8c864-44e5-460a-9a4b-ed0f8de135ef" />
      <TestMethod codeBase="/home/runner/work/Musoq/Musoq/Musoq.Evaluator.Tests/bin/Debug/net8.0/Musoq.Evaluator.Tests.dll" adapterTypeName="executor://mstestadapter/v2" className="Musoq.Evaluator.Tests.ArithmeticTests" name="DivisionWithSubtraction2Test" />
    </UnitTest>
    <UnitTest name="WhenBitwiseXorBetweenByteAndByte_ShouldBeEvaluated" storage="/home/runner/work/musoq/musoq/musoq.evaluator.tests/bin/debug/net8.0/musoq.evaluator.tests.dll" id="c7f12736-a3b3-a649-2bc7-0823c223f0f3">
      <Execution id="321e1d7e-f4b5-4fe0-912f-d5119a5b0d47" />
      <TestMethod codeBase="/home/runner/work/Musoq/Musoq/Musoq.Evaluator.Tests/bin/Debug/net8.0/Musoq.Evaluator.Tests.dll" adapterTypeName="executor://mstestadapter/v2" className="Musoq.Evaluator.Tests.BitwiseOperationsXorTests" name="WhenBitwiseXorBetweenByteAndByte_ShouldBeEvaluated" />
    </UnitTest>
    <UnitTest name="WhenBitwiseShiftRightByte_ShouldBeEvaluated" storage="/home/runner/work/musoq/musoq/musoq.evaluator.tests/bin/debug/net8.0/musoq.evaluator.tests.dll" id="e0323583-7e85-54d0-b4f3-9f513b55165b">
      <Execution id="786d7cd4-7087-45be-a12e-34898fc70350" />
      <TestMethod codeBase="/home/runner/work/Musoq/Musoq/Musoq.Evaluator.Tests/bin/Debug/net8.0/Musoq.Evaluator.Tests.dll" adapterTypeName="executor://mstestadapter/v2" className="Musoq.Evaluator.Tests.BitwiseShiftRightTests" name="WhenBitwiseShiftRightByte_ShouldBeEvaluated" />
    </UnitTest>
    <UnitTest name="LikeOperatorTest" storage="/home/runner/work/musoq/musoq/musoq.evaluator.tests/bin/debug/net8.0/musoq.evaluator.tests.dll" id="cec7204f-4af0-3a7f-34db-01f0c222080c">
      <Execution id="6be66c99-c2e6-4dcf-ac58-9a0ea246c33e" />
      <TestMethod codeBase="/home/runner/work/Musoq/Musoq/Musoq.Evaluator.Tests/bin/Debug/net8.0/Musoq.Evaluator.Tests.dll" adapterTypeName="executor://mstestadapter/v2" className="Musoq.Evaluator.Tests.SingleSchemaEvaluatorTests" name="LikeOperatorTest" />
    </UnitTest>
    <UnitTest name="WhenDecimalMethodCallAndUIntUsed_ShouldHaveColumnOfThatType" storage="/home/runner/work/musoq/musoq/musoq.evaluator.tests/bin/debug/net8.0/musoq.evaluator.tests.dll" id="54c3832c-09de-c8f9-3750-725a1ce6fbe6">
      <Execution id="ccb0020a-ff67-490d-b978-98744fa01a09" />
      <TestMethod codeBase="/home/runner/work/Musoq/Musoq/Musoq.Evaluator.Tests/bin/Debug/net8.0/Musoq.Evaluator.Tests.dll" adapterTypeName="executor://mstestadapter/v2" className="Musoq.Evaluator.Tests.ArithmeticForMethodCallAndTypeSpecificOperationTests" name="WhenDecimalMethodCallAndUIntUsed_ShouldHaveColumnOfThatType" />
    </UnitTest>
    <UnitTest name="WhenSpecialCharacterStartBracketUsedInTextWith_MustNotThrow (~)" storage="/home/runner/work/musoq/musoq/musoq.evaluator.tests/bin/debug/net8.0/musoq.evaluator.tests.dll" id="df444685-30e6-5b10-7fb9-6ef41771df5c">
      <Execution id="489e5e4a-822b-4729-80ff-5d7953ce9ed9" />
      <TestMethod codeBase="/home/runner/work/Musoq/Musoq/Musoq.Evaluator.Tests/bin/Debug/net8.0/Musoq.Evaluator.Tests.dll" adapterTypeName="executor://mstestadapter/v2" className="Musoq.Evaluator.Tests.StringsTests" name="WhenSpecialCharacterStartBracketUsedInTextWith_MustNotThrow" />
    </UnitTest>
    <UnitTest name="WhenToStringCalled_ShouldReturnSameQuery (select 1 from #A.entities() a inner join #B.entities() b on a.Id = b.Id)" storage="/home/runner/work/musoq/musoq/musoq.evaluator.tests/bin/debug/net8.0/musoq.evaluator.tests.dll" id="51d4d131-e2f6-d9c6-fab5-b1e73931349f">
      <Execution id="088b1798-63b2-4ba5-9e51-d24e40c38e48" />
      <TestMethod codeBase="/home/runner/work/Musoq/Musoq/Musoq.Evaluator.Tests/bin/Debug/net8.0/Musoq.Evaluator.Tests.dll" adapterTypeName="executor://mstestadapter/v2" className="Musoq.Evaluator.Tests.StringifyTests" name="WhenToStringCalled_ShouldReturnSameQuery" />
    </UnitTest>
    <UnitTest name="SubtractionWithUnaryMinusAndSubtractionTest" storage="/home/runner/work/musoq/musoq/musoq.evaluator.tests/bin/debug/net8.0/musoq.evaluator.tests.dll" id="7a848bc0-4763-9b06-1048-7c860abfe0ad">
      <Execution id="35a09adb-4cf8-4c45-9983-847002a4a789" />
      <TestMethod codeBase="/home/runner/work/Musoq/Musoq/Musoq.Evaluator.Tests/bin/Debug/net8.0/Musoq.Evaluator.Tests.dll" adapterTypeName="executor://mstestadapter/v2" className="Musoq.Evaluator.Tests.ArithmeticTests" name="SubtractionWithUnaryMinusAndSubtractionTest" />
    </UnitTest>
    <UnitTest name="WhenShortMethodCallAndSByteUsed_ShouldHaveColumnOfThatType" storage="/home/runner/work/musoq/musoq/musoq.evaluator.tests/bin/debug/net8.0/musoq.evaluator.tests.dll" id="499e2f17-1549-7fd5-f614-2c3132309098">
      <Execution id="a6b1c7ce-b7ec-4654-ab38-2d7e3984521d" />
      <TestMethod codeBase="/home/runner/work/Musoq/Musoq/Musoq.Evaluator.Tests/bin/Debug/net8.0/Musoq.Evaluator.Tests.dll" adapterTypeName="executor://mstestadapter/v2" className="Musoq.Evaluator.Tests.ArithmeticForMethodCallAndTypeSpecificOperationTests" name="WhenShortMethodCallAndSByteUsed_ShouldHaveColumnOfThatType" />
    </UnitTest>
    <UnitTest name="WhenIntAndSByteUsed_ShouldHaveColumnOfThatType" storage="/home/runner/work/musoq/musoq/musoq.evaluator.tests/bin/debug/net8.0/musoq.evaluator.tests.dll" id="33175004-b266-e1eb-757f-a60613e681a4">
      <Execution id="25b9acb7-8a29-4628-860c-c4ed8e6bcc20" />
      <TestMethod codeBase="/home/runner/work/Musoq/Musoq/Musoq.Evaluator.Tests/bin/Debug/net8.0/Musoq.Evaluator.Tests.dll" adapterTypeName="executor://mstestadapter/v2" className="Musoq.Evaluator.Tests.ArithmeticForCrossTypesTests" name="WhenIntAndSByteUsed_ShouldHaveColumnOfThatType" />
    </UnitTest>
    <UnitTest name="WhenBitwiseOrBetweenSbyteAndInt_ShouldBeEvaluated" storage="/home/runner/work/musoq/musoq/musoq.evaluator.tests/bin/debug/net8.0/musoq.evaluator.tests.dll" id="3a552af5-3985-3c68-8866-e2fae76947c4">
      <Execution id="9a8a1793-b173-4606-b5a6-01add1d1fdd1" />
      <TestMethod codeBase="/home/runner/work/Musoq/Musoq/Musoq.Evaluator.Tests/bin/Debug/net8.0/Musoq.Evaluator.Tests.dll" adapterTypeName="executor://mstestadapter/v2" className="Musoq.Evaluator.Tests.BitwiseOperationsOrTests" name="WhenBitwiseOrBetweenSbyteAndInt_ShouldBeEvaluated" />
    </UnitTest>
    <UnitTest name="WhenToStringCalled_ShouldReturnSameQuery (select s.Column1, s.Column2 from #some.thing() s group by s.Column1 take 8)" storage="/home/runner/work/musoq/musoq/musoq.evaluator.tests/bin/debug/net8.0/musoq.evaluator.tests.dll" id="ae75f02c-bf32-8b8d-0d62-a40aee05c631">
      <Execution id="f73e9b80-adfe-4174-bc70-f9d22c826a5f" />
      <TestMethod codeBase="/home/runner/work/Musoq/Musoq/Musoq.Evaluator.Tests/bin/Debug/net8.0/Musoq.Evaluator.Tests.dll" adapterTypeName="executor://mstestadapter/v2" className="Musoq.Evaluator.Tests.StringifyTests" name="WhenToStringCalled_ShouldReturnSameQuery" />
    </UnitTest>
    <UnitTest name="WhenBitwiseAndBetweenUshortAndSbyte_ShouldBeEvaluated" storage="/home/runner/work/musoq/musoq/musoq.evaluator.tests/bin/debug/net8.0/musoq.evaluator.tests.dll" id="403253e4-85c4-5f50-af8c-02f4522b13ca">
      <Execution id="830c1422-1ddc-4474-a64b-3bbe7ce55a73" />
      <TestMethod codeBase="/home/runner/work/Musoq/Musoq/Musoq.Evaluator.Tests/bin/Debug/net8.0/Musoq.Evaluator.Tests.dll" adapterTypeName="executor://mstestadapter/v2" className="Musoq.Evaluator.Tests.BitwiseOperationsAndTests" name="WhenBitwiseAndBetweenUshortAndSbyte_ShouldBeEvaluated" />
    </UnitTest>
    <UnitTest name="WhenBitwiseXorBetweenLongAndByte_ShouldBeEvaluated" storage="/home/runner/work/musoq/musoq/musoq.evaluator.tests/bin/debug/net8.0/musoq.evaluator.tests.dll" id="82e5f9cd-c23f-5eb6-4290-a9dadad382d9">
      <Execution id="af1e20c6-a0a1-49a4-99c1-41547b05511c" />
      <TestMethod codeBase="/home/runner/work/Musoq/Musoq/Musoq.Evaluator.Tests/bin/Debug/net8.0/Musoq.Evaluator.Tests.dll" adapterTypeName="executor://mstestadapter/v2" className="Musoq.Evaluator.Tests.BitwiseOperationsXorTests" name="WhenBitwiseXorBetweenLongAndByte_ShouldBeEvaluated" />
    </UnitTest>
    <UnitTest name="WhenBitwiseShiftRightUInt_ShouldBeEvaluated" storage="/home/runner/work/musoq/musoq/musoq.evaluator.tests/bin/debug/net8.0/musoq.evaluator.tests.dll" id="8272b784-fc05-128a-06a7-388a6f80babf">
      <Execution id="260fcaa0-5bb6-4960-9656-8da1b18db7ce" />
      <TestMethod codeBase="/home/runner/work/Musoq/Musoq/Musoq.Evaluator.Tests/bin/Debug/net8.0/Musoq.Evaluator.Tests.dll" adapterTypeName="executor://mstestadapter/v2" className="Musoq.Evaluator.Tests.BitwiseShiftRightTests" name="WhenBitwiseShiftRightUInt_ShouldBeEvaluated" />
    </UnitTest>
    <UnitTest name="OuterApplyProperty_SplitStringToWords_ShouldPass" storage="/home/runner/work/musoq/musoq/musoq.evaluator.tests/bin/debug/net8.0/musoq.evaluator.tests.dll" id="9a0d6c29-89a2-1403-a878-447f733a2495">
      <Execution id="1ac0514c-8dd2-49fa-be7b-d7833dd6c814" />
      <TestMethod codeBase="/home/runner/work/Musoq/Musoq/Musoq.Evaluator.Tests/bin/Debug/net8.0/Musoq.Evaluator.Tests.dll" adapterTypeName="executor://mstestadapter/v2" className="Musoq.Evaluator.Tests.OuterApplyMethodCallTests" name="OuterApplyProperty_SplitStringToWords_ShouldPass" />
    </UnitTest>
    <UnitTest name="WrongColumnNameWithHintTest" storage="/home/runner/work/musoq/musoq/musoq.evaluator.tests/bin/debug/net8.0/musoq.evaluator.tests.dll" id="d7d076c9-abe4-a3e8-7ce0-40866875e65a">
      <Execution id="31115c5c-1437-4bff-a03c-ea1a816f5e32" />
      <TestMethod codeBase="/home/runner/work/Musoq/Musoq/Musoq.Evaluator.Tests/bin/Debug/net8.0/Musoq.Evaluator.Tests.dll" adapterTypeName="executor://mstestadapter/v2" className="Musoq.Evaluator.Tests.SingleSchemaEvaluatorTests" name="WrongColumnNameWithHintTest" />
    </UnitTest>
    <UnitTest name="WhenColumnsUsedAsSourceOfMethodAndUsedInWhereAndUsedInSelectAndUsedInGroupBy_ShouldPass" storage="/home/runner/work/musoq/musoq/musoq.evaluator.tests/bin/debug/net8.0/musoq.evaluator.tests.dll" id="7857cfd0-fb13-e675-5906-5f8784e4f1eb">
      <Execution id="85bdeb4f-77f2-4109-a15a-45d994bd3773" />
      <TestMethod codeBase="/home/runner/work/Musoq/Musoq/Musoq.Evaluator.Tests/bin/Debug/net8.0/Musoq.Evaluator.Tests.dll" adapterTypeName="executor://mstestadapter/v2" className="Musoq.Evaluator.Tests.UsedColumnsTests" name="WhenColumnsUsedAsSourceOfMethodAndUsedInWhereAndUsedInSelectAndUsedInGroupBy_ShouldPass" />
    </UnitTest>
    <UnitTest name="CrossApply_InnerJoinAndUseProperty_ShouldPass" storage="/home/runner/work/musoq/musoq/musoq.evaluator.tests/bin/debug/net8.0/musoq.evaluator.tests.dll" id="bbd09666-5110-9629-2c1a-585fa6a327f5">
      <Execution id="5b11c4a3-c0f9-4731-a003-93d9272db3a1" />
      <TestMethod codeBase="/home/runner/work/Musoq/Musoq/Musoq.Evaluator.Tests/bin/Debug/net8.0/Musoq.Evaluator.Tests.dll" adapterTypeName="executor://mstestadapter/v2" className="Musoq.Evaluator.Tests.CrossApplyMixedTests" name="CrossApply_InnerJoinAndUseProperty_ShouldPass" />
    </UnitTest>
    <UnitTest name="WhenToStringCalled_ShouldReturnSameQuery (select t.* from #some.thing(true) t)" storage="/home/runner/work/musoq/musoq/musoq.evaluator.tests/bin/debug/net8.0/musoq.evaluator.tests.dll" id="98d37d9e-baf2-f0d0-cd27-e8e7316f3d25">
      <Execution id="b0d00cb9-7193-47f8-a16e-62e1bf951511" />
      <TestMethod codeBase="/home/runner/work/Musoq/Musoq/Musoq.Evaluator.Tests/bin/Debug/net8.0/Musoq.Evaluator.Tests.dll" adapterTypeName="executor://mstestadapter/v2" className="Musoq.Evaluator.Tests.StringifyTests" name="WhenToStringCalled_ShouldReturnSameQuery" />
    </UnitTest>
    <UnitTest name="WhenAliasedStarUnfoldToMultipleColumns_SecondTableUnfolded_ShouldPass" storage="/home/runner/work/musoq/musoq/musoq.evaluator.tests/bin/debug/net8.0/musoq.evaluator.tests.dll" id="fd3d08aa-842b-a09f-1a5c-f0918bbb9ed8">
      <Execution id="3c06d465-f43c-4be8-8db8-3f32549c62b7" />
      <TestMethod codeBase="/home/runner/work/Musoq/Musoq/Musoq.Evaluator.Tests/bin/Debug/net8.0/Musoq.Evaluator.Tests.dll" adapterTypeName="executor://mstestadapter/v2" className="Musoq.Evaluator.Tests.StarTests" name="WhenAliasedStarUnfoldToMultipleColumns_SecondTableUnfolded_ShouldPass" />
    </UnitTest>
    <UnitTest name="WhenWhereExpressionIsNotRewritten_ShouldPass" storage="/home/runner/work/musoq/musoq/musoq.evaluator.tests/bin/debug/net8.0/musoq.evaluator.tests.dll" id="c06636d2-f535-df67-c4c7-66790e299ee5">
      <Execution id="aceac723-51d5-4883-bd5b-e97c2654cee7" />
      <TestMethod codeBase="/home/runner/work/Musoq/Musoq/Musoq.Evaluator.Tests/bin/Debug/net8.0/Musoq.Evaluator.Tests.dll" adapterTypeName="executor://mstestadapter/v2" className="Musoq.Evaluator.Tests.RewriteWhereExpressionToPassItToDataSourceTests" name="WhenWhereExpressionIsNotRewritten_ShouldPass" />
    </UnitTest>
    <UnitTest name="WhenSingleValueTableIsCoupledWithSchema_ShouldHaveAppropriateTypesTest" storage="/home/runner/work/musoq/musoq/musoq.evaluator.tests/bin/debug/net8.0/musoq.evaluator.tests.dll" id="8ccd7567-eab2-e0e1-2afe-6afba541480f">
      <Execution id="5e60b692-4183-4892-8bee-5c634368353c" />
      <TestMethod codeBase="/home/runner/work/Musoq/Musoq/Musoq.Evaluator.Tests/bin/Debug/net8.0/Musoq.Evaluator.Tests.dll" adapterTypeName="executor://mstestadapter/v2" className="Musoq.Evaluator.Tests.CouplingSyntaxTests" name="WhenSingleValueTableIsCoupledWithSchema_ShouldHaveAppropriateTypesTest" />
    </UnitTest>
    <UnitTest name="WhenUShortMethodCallAndDecimalUsed_ShouldHaveColumnOfThatType" storage="/home/runner/work/musoq/musoq/musoq.evaluator.tests/bin/debug/net8.0/musoq.evaluator.tests.dll" id="7f14b729-0899-0031-9a63-6fd2c37db967">
      <Execution id="5fd0dcd1-13ce-426d-aafc-b07a919dc908" />
      <TestMethod codeBase="/home/runner/work/Musoq/Musoq/Musoq.Evaluator.Tests/bin/Debug/net8.0/Musoq.Evaluator.Tests.dll" adapterTypeName="executor://mstestadapter/v2" className="Musoq.Evaluator.Tests.ArithmeticForMethodCallAndTypeSpecificOperationTests" name="WhenUShortMethodCallAndDecimalUsed_ShouldHaveColumnOfThatType" />
    </UnitTest>
    <UnitTest name="WhenBitwiseXorBetweenUshortAndByte_ShouldBeEvaluated" storage="/home/runner/work/musoq/musoq/musoq.evaluator.tests/bin/debug/net8.0/musoq.evaluator.tests.dll" id="95c0d8c9-30aa-17bb-f9c1-c58ed8b54ccc">
      <Execution id="57d559bc-bfd8-4caf-8685-21d25ed87808" />
      <TestMethod codeBase="/home/runner/work/Musoq/Musoq/Musoq.Evaluator.Tests/bin/Debug/net8.0/Musoq.Evaluator.Tests.dll" adapterTypeName="executor://mstestadapter/v2" className="Musoq.Evaluator.Tests.BitwiseOperationsXorTests" name="WhenBitwiseXorBetweenUshortAndByte_ShouldBeEvaluated" />
    </UnitTest>
    <UnitTest name="WhenBitwiseXorBetweenSbyteAndInt_ShouldBeEvaluated" storage="/home/runner/work/musoq/musoq/musoq.evaluator.tests/bin/debug/net8.0/musoq.evaluator.tests.dll" id="3396ccb0-74d5-d78e-5e69-8d9cd49f9d41">
      <Execution id="44c774f0-6e41-4292-82c8-3bd368d9ae90" />
      <TestMethod codeBase="/home/runner/work/Musoq/Musoq/Musoq.Evaluator.Tests/bin/Debug/net8.0/Musoq.Evaluator.Tests.dll" adapterTypeName="executor://mstestadapter/v2" className="Musoq.Evaluator.Tests.BitwiseOperationsXorTests" name="WhenBitwiseXorBetweenSbyteAndInt_ShouldBeEvaluated" />
    </UnitTest>
    <UnitTest name="WhenToStringCalled_ShouldReturnSameQuery (select s.Column1, s.Column2 from #some.thing() s group by s.Column1, s.Column2 order by s.Column1 skip 10)" storage="/home/runner/work/musoq/musoq/musoq.evaluator.tests/bin/debug/net8.0/musoq.evaluator.tests.dll" id="d6b081ee-6908-9370-de7e-4cee5601a565">
      <Execution id="c7b764b8-4595-43f0-b1e3-53b4dfe96a44" />
      <TestMethod codeBase="/home/runner/work/Musoq/Musoq/Musoq.Evaluator.Tests/bin/Debug/net8.0/Musoq.Evaluator.Tests.dll" adapterTypeName="executor://mstestadapter/v2" className="Musoq.Evaluator.Tests.StringifyTests" name="WhenToStringCalled_ShouldReturnSameQuery" />
    </UnitTest>
    <UnitTest name="WhenOrderByWithMultipleColumnsBothDescWithinCteExpression_ShouldSucceed" storage="/home/runner/work/musoq/musoq/musoq.evaluator.tests/bin/debug/net8.0/musoq.evaluator.tests.dll" id="0899fe58-cd4a-f988-ef16-78586625f6eb">
      <Execution id="a03e940e-a671-4f65-916a-30357526bdde" />
      <TestMethod codeBase="/home/runner/work/Musoq/Musoq/Musoq.Evaluator.Tests/bin/Debug/net8.0/Musoq.Evaluator.Tests.dll" adapterTypeName="executor://mstestadapter/v2" className="Musoq.Evaluator.Tests.OrderByTests" name="WhenOrderByWithMultipleColumnsBothDescWithinCteExpression_ShouldSucceed" />
    </UnitTest>
    <UnitTest name="UnionSourceGroupByTest" storage="/home/runner/work/musoq/musoq/musoq.evaluator.tests/bin/debug/net8.0/musoq.evaluator.tests.dll" id="79f0cdc5-ac75-f208-949a-700a5ba6062a">
      <Execution id="2cb00bff-3acb-4c50-ad53-cd7c4d64ed03" />
      <TestMethod codeBase="/home/runner/work/Musoq/Musoq/Musoq.Evaluator.Tests/bin/Debug/net8.0/Musoq.Evaluator.Tests.dll" adapterTypeName="executor://mstestadapter/v2" className="Musoq.Evaluator.Tests.SetsOperatorsTests" name="UnionSourceGroupByTest" />
    </UnitTest>
    <UnitTest name="GroupByWithCaseWhenInSelectTest" storage="/home/runner/work/musoq/musoq/musoq.evaluator.tests/bin/debug/net8.0/musoq.evaluator.tests.dll" id="3ec1a156-3b62-5682-25af-d5febfcdeb98">
      <Execution id="ab86bb4e-eecf-48cf-a697-8edc82f3e698" />
      <TestMethod codeBase="/home/runner/work/Musoq/Musoq/Musoq.Evaluator.Tests/bin/Debug/net8.0/Musoq.Evaluator.Tests.dll" adapterTypeName="executor://mstestadapter/v2" className="Musoq.Evaluator.Tests.GroupByTests" name="GroupByWithCaseWhenInSelectTest" />
    </UnitTest>
    <UnitTest name="WhenBitwiseAndBetweenSbyteAndUint_ShouldBeEvaluated" storage="/home/runner/work/musoq/musoq/musoq.evaluator.tests/bin/debug/net8.0/musoq.evaluator.tests.dll" id="da356caf-c7b1-c7ac-954d-3587b6c711cf">
      <Execution id="4b2fc8a9-5ad2-42b6-8d16-eff09b29ad45" />
      <TestMethod codeBase="/home/runner/work/Musoq/Musoq/Musoq.Evaluator.Tests/bin/Debug/net8.0/Musoq.Evaluator.Tests.dll" adapterTypeName="executor://mstestadapter/v2" className="Musoq.Evaluator.Tests.BitwiseOperationsAndTests" name="WhenBitwiseAndBetweenSbyteAndUint_ShouldBeEvaluated" />
    </UnitTest>
    <UnitTest name="WhenSchemaMethodCrossAppliedWithAnotherSchema_UsesCte_ShouldPass" storage="/home/runner/work/musoq/musoq/musoq.evaluator.tests/bin/debug/net8.0/musoq.evaluator.tests.dll" id="6e241c14-c7ad-f820-1cc2-04d0a207c220">
      <Execution id="d0dd3a61-2ebf-45f5-9b9d-4f5750f50165" />
      <TestMethod codeBase="/home/runner/work/Musoq/Musoq/Musoq.Evaluator.Tests/bin/Debug/net8.0/Musoq.Evaluator.Tests.dll" adapterTypeName="executor://mstestadapter/v2" className="Musoq.Evaluator.Tests.CrossApplyCteTests" name="WhenSchemaMethodCrossAppliedWithAnotherSchema_UsesCte_ShouldPass" />
    </UnitTest>
    <UnitTest name="WhenJoinedByMethodInvocations_ShouldRetrieveValues" storage="/home/runner/work/musoq/musoq/musoq.evaluator.tests/bin/debug/net8.0/musoq.evaluator.tests.dll" id="53d25c15-444d-c000-f2a4-ba419f673e67">
      <Execution id="8f4d823d-6ea9-4975-a157-a532500c51e9" />
      <TestMethod codeBase="/home/runner/work/Musoq/Musoq/Musoq.Evaluator.Tests/bin/Debug/net8.0/Musoq.Evaluator.Tests.dll" adapterTypeName="executor://mstestadapter/v2" className="Musoq.Evaluator.Tests.JoinTests" name="WhenJoinedByMethodInvocations_ShouldRetrieveValues" />
    </UnitTest>
    <UnitTest name="WhenBitwiseAndBetweenUshortAndInt_ShouldBeEvaluated" storage="/home/runner/work/musoq/musoq/musoq.evaluator.tests/bin/debug/net8.0/musoq.evaluator.tests.dll" id="34ecaa0d-604d-9731-fe4e-cb99e4a4074c">
      <Execution id="193d9baa-71bf-4fb8-b304-b384b243e92d" />
      <TestMethod codeBase="/home/runner/work/Musoq/Musoq/Musoq.Evaluator.Tests/bin/Debug/net8.0/Musoq.Evaluator.Tests.dll" adapterTypeName="executor://mstestadapter/v2" className="Musoq.Evaluator.Tests.BitwiseOperationsAndTests" name="WhenBitwiseAndBetweenUshortAndInt_ShouldBeEvaluated" />
    </UnitTest>
    <UnitTest name="WhenByteAndDecimalUsed_ShouldHaveColumnOfDecimalType" storage="/home/runner/work/musoq/musoq/musoq.evaluator.tests/bin/debug/net8.0/musoq.evaluator.tests.dll" id="75a535dc-6c53-101b-61eb-87e32d73e7c2">
      <Execution id="67269f0f-2b15-47eb-9260-d4803aaa2a89" />
      <TestMethod codeBase="/home/runner/work/Musoq/Musoq/Musoq.Evaluator.Tests/bin/Debug/net8.0/Musoq.Evaluator.Tests.dll" adapterTypeName="executor://mstestadapter/v2" className="Musoq.Evaluator.Tests.ArithmeticForCrossTypesTests" name="WhenByteAndDecimalUsed_ShouldHaveColumnOfDecimalType" />
    </UnitTest>
    <UnitTest name="WhenMethodCalledWithNullValue_ShouldReturnNull" storage="/home/runner/work/musoq/musoq/musoq.evaluator.tests/bin/debug/net8.0/musoq.evaluator.tests.dll" id="addb1779-3e53-15a1-09d7-2ce15389b97d">
      <Execution id="0ab98de5-4bbd-437d-bfe1-02e914d87bec" />
      <TestMethod codeBase="/home/runner/work/Musoq/Musoq/Musoq.Evaluator.Tests/bin/Debug/net8.0/Musoq.Evaluator.Tests.dll" adapterTypeName="executor://mstestadapter/v2" className="Musoq.Evaluator.Tests.NullabilityTests" name="WhenMethodCalledWithNullValue_ShouldReturnNull" />
    </UnitTest>
    <UnitTest name="IfFunctionNestedTest" storage="/home/runner/work/musoq/musoq/musoq.evaluator.tests/bin/debug/net8.0/musoq.evaluator.tests.dll" id="9c33aca2-0a98-0bd2-8db4-935817a0f96b">
      <Execution id="e838dd7d-ebab-4bfc-bea6-c3963dd6e886" />
      <TestMethod codeBase="/home/runner/work/Musoq/Musoq/Musoq.Evaluator.Tests/bin/Debug/net8.0/Musoq.Evaluator.Tests.dll" adapterTypeName="executor://mstestadapter/v2" className="Musoq.Evaluator.Tests.LogicalFunctionsTests" name="IfFunctionNestedTest" />
    </UnitTest>
    <UnitTest name="SimpleLeftJoinTest" storage="/home/runner/work/musoq/musoq/musoq.evaluator.tests/bin/debug/net8.0/musoq.evaluator.tests.dll" id="2eda8bee-cdda-f466-0e32-b5a9090e3ded">
      <Execution id="a8d28a27-5e5e-4b0b-a72b-f04d3c70b055" />
      <TestMethod codeBase="/home/runner/work/Musoq/Musoq/Musoq.Evaluator.Tests/bin/Debug/net8.0/Musoq.Evaluator.Tests.dll" adapterTypeName="executor://mstestadapter/v2" className="Musoq.Evaluator.Tests.JoinTests" name="SimpleLeftJoinTest" />
    </UnitTest>
    <UnitTest name="WhenSpecialCharacterStartBracketUsedInTextWith_MustNotThrow (?)" storage="/home/runner/work/musoq/musoq/musoq.evaluator.tests/bin/debug/net8.0/musoq.evaluator.tests.dll" id="566276e1-9bfd-3964-a12a-d20b75dbd333">
      <Execution id="67ae1f77-dc47-4551-99ba-43e6fe35e8ad" />
      <TestMethod codeBase="/home/runner/work/Musoq/Musoq/Musoq.Evaluator.Tests/bin/Debug/net8.0/Musoq.Evaluator.Tests.dll" adapterTypeName="executor://mstestadapter/v2" className="Musoq.Evaluator.Tests.StringsTests" name="WhenSpecialCharacterStartBracketUsedInTextWith_MustNotThrow" />
    </UnitTest>
    <UnitTest name="WhenSelfJoined_ShouldRetrieveValues" storage="/home/runner/work/musoq/musoq/musoq.evaluator.tests/bin/debug/net8.0/musoq.evaluator.tests.dll" id="2bec2c31-145c-0fbf-1bad-c8ca3e615b1f">
      <Execution id="df6e5638-1442-4ff3-9fc6-3a4bd5271329" />
      <TestMethod codeBase="/home/runner/work/Musoq/Musoq/Musoq.Evaluator.Tests/bin/Debug/net8.0/Musoq.Evaluator.Tests.dll" adapterTypeName="executor://mstestadapter/v2" className="Musoq.Evaluator.Tests.JoinTests" name="WhenSelfJoined_ShouldRetrieveValues" />
    </UnitTest>
    <UnitTest name="WhenOrderByCaseWhenDescExpression_ShouldSucceed" storage="/home/runner/work/musoq/musoq/musoq.evaluator.tests/bin/debug/net8.0/musoq.evaluator.tests.dll" id="897a310a-c338-bea3-053e-f4f4a0e38b03">
      <Execution id="fd75e82a-f143-49db-889d-25675a554b6e" />
      <TestMethod codeBase="/home/runner/work/Musoq/Musoq/Musoq.Evaluator.Tests/bin/Debug/net8.0/Musoq.Evaluator.Tests.dll" adapterTypeName="executor://mstestadapter/v2" className="Musoq.Evaluator.Tests.OrderByTests" name="WhenOrderByCaseWhenDescExpression_ShouldSucceed" />
    </UnitTest>
    <UnitTest name="WhenBitwiseOrBetweenIntAndUShort_ShouldBeEvaluated" storage="/home/runner/work/musoq/musoq/musoq.evaluator.tests/bin/debug/net8.0/musoq.evaluator.tests.dll" id="ea5abe7b-d05b-d3dd-f248-c7413d2cdbca">
      <Execution id="b3e034c6-e342-4d85-afc4-78c2a9a356f6" />
      <TestMethod codeBase="/home/runner/work/Musoq/Musoq/Musoq.Evaluator.Tests/bin/Debug/net8.0/Musoq.Evaluator.Tests.dll" adapterTypeName="executor://mstestadapter/v2" className="Musoq.Evaluator.Tests.BitwiseOperationsOrTests" name="WhenBitwiseOrBetweenIntAndUShort_ShouldBeEvaluated" />
    </UnitTest>
    <UnitTest name="WhenSByteMethodCallAndIntUsed_ShouldHaveColumnOfThatType" storage="/home/runner/work/musoq/musoq/musoq.evaluator.tests/bin/debug/net8.0/musoq.evaluator.tests.dll" id="762f95ac-e820-e8c6-0157-d9d69ed395c0">
      <Execution id="1781455d-c5e0-4911-9a95-30a5b8834d63" />
      <TestMethod codeBase="/home/runner/work/Musoq/Musoq/Musoq.Evaluator.Tests/bin/Debug/net8.0/Musoq.Evaluator.Tests.dll" adapterTypeName="executor://mstestadapter/v2" className="Musoq.Evaluator.Tests.ArithmeticForMethodCallAndTypeSpecificOperationTests" name="WhenSByteMethodCallAndIntUsed_ShouldHaveColumnOfThatType" />
    </UnitTest>
    <UnitTest name="WhenBitwiseOrBetweenByteAndULong_ShouldBeEvaluated" storage="/home/runner/work/musoq/musoq/musoq.evaluator.tests/bin/debug/net8.0/musoq.evaluator.tests.dll" id="a187cc47-ebe0-58d9-f8cd-48edba484972">
      <Execution id="5fa7681a-bf15-4b59-9fd2-c7c6bbf1067f" />
      <TestMethod codeBase="/home/runner/work/Musoq/Musoq/Musoq.Evaluator.Tests/bin/Debug/net8.0/Musoq.Evaluator.Tests.dll" adapterTypeName="executor://mstestadapter/v2" className="Musoq.Evaluator.Tests.BitwiseOperationsOrTests" name="WhenBitwiseOrBetweenByteAndULong_ShouldBeEvaluated" />
    </UnitTest>
    <UnitTest name="WhenSByteMethodCallAndLongUsed_ShouldHaveColumnOfThatType" storage="/home/runner/work/musoq/musoq/musoq.evaluator.tests/bin/debug/net8.0/musoq.evaluator.tests.dll" id="b5778a6b-65b9-4685-a343-c37bdb02d6d8">
      <Execution id="4acd0790-c192-4bc4-8e6c-0552df04c0be" />
      <TestMethod codeBase="/home/runner/work/Musoq/Musoq/Musoq.Evaluator.Tests/bin/Debug/net8.0/Musoq.Evaluator.Tests.dll" adapterTypeName="executor://mstestadapter/v2" className="Musoq.Evaluator.Tests.ArithmeticForMethodCallAndTypeSpecificOperationTests" name="WhenSByteMethodCallAndLongUsed_ShouldHaveColumnOfThatType" />
    </UnitTest>
    <UnitTest name="WhenLongMethodCallAndSByteUsed_ShouldHaveColumnOfThatType" storage="/home/runner/work/musoq/musoq/musoq.evaluator.tests/bin/debug/net8.0/musoq.evaluator.tests.dll" id="14096cef-3c13-e54a-7015-8d823756f5aa">
      <Execution id="8a029ccd-acb7-402a-a257-b9aaceee0d9a" />
      <TestMethod codeBase="/home/runner/work/Musoq/Musoq/Musoq.Evaluator.Tests/bin/Debug/net8.0/Musoq.Evaluator.Tests.dll" adapterTypeName="executor://mstestadapter/v2" className="Musoq.Evaluator.Tests.ArithmeticForMethodCallAndTypeSpecificOperationTests" name="WhenLongMethodCallAndSByteUsed_ShouldHaveColumnOfThatType" />
    </UnitTest>
    <UnitTest name="CrossApplyProperty_SkipAfterSplit_ShouldPass" storage="/home/runner/work/musoq/musoq/musoq.evaluator.tests/bin/debug/net8.0/musoq.evaluator.tests.dll" id="40330816-b0cb-d2d1-aa0a-f53bafecb9e1">
      <Execution id="635ce25d-1af7-464f-b41b-fb633fdd899e" />
      <TestMethod codeBase="/home/runner/work/Musoq/Musoq/Musoq.Evaluator.Tests/bin/Debug/net8.0/Musoq.Evaluator.Tests.dll" adapterTypeName="executor://mstestadapter/v2" className="Musoq.Evaluator.Tests.CrossApplyMethodCallTests" name="CrossApplyProperty_SkipAfterSplit_ShouldPass" />
    </UnitTest>
    <UnitTest name="WhenDecimalMethodCallAndUShortUsed_ShouldHaveColumnOfThatType" storage="/home/runner/work/musoq/musoq/musoq.evaluator.tests/bin/debug/net8.0/musoq.evaluator.tests.dll" id="c3fc4a64-d0a4-8e0b-75ca-c3aff52ea8fb">
      <Execution id="e320d57b-cbf7-4715-a8bd-59c3b02393e9" />
      <TestMethod codeBase="/home/runner/work/Musoq/Musoq/Musoq.Evaluator.Tests/bin/Debug/net8.0/Musoq.Evaluator.Tests.dll" adapterTypeName="executor://mstestadapter/v2" className="Musoq.Evaluator.Tests.ArithmeticForMethodCallAndTypeSpecificOperationTests" name="WhenDecimalMethodCallAndUShortUsed_ShouldHaveColumnOfThatType" />
    </UnitTest>
    <UnitTest name="WhenWhenTrueCaseWhenTest" storage="/home/runner/work/musoq/musoq/musoq.evaluator.tests/bin/debug/net8.0/musoq.evaluator.tests.dll" id="6d794ea4-cbb2-0e6b-106c-f8fcecbfaff6">
      <Execution id="545c4c0e-6860-4ceb-89b8-89976271bed1" />
      <TestMethod codeBase="/home/runner/work/Musoq/Musoq/Musoq.Evaluator.Tests/bin/Debug/net8.0/Musoq.Evaluator.Tests.dll" adapterTypeName="executor://mstestadapter/v2" className="Musoq.Evaluator.Tests.CaseWhenTests" name="WhenWhenTrueCaseWhenTest" />
    </UnitTest>
    <UnitTest name="WhenLongMethodCallAndIntUsed_ShouldHaveColumnOfThatType" storage="/home/runner/work/musoq/musoq/musoq.evaluator.tests/bin/debug/net8.0/musoq.evaluator.tests.dll" id="71555164-1c94-200b-bfdf-d1ece49c4ff0">
      <Execution id="d83ad7a1-9927-4494-bc0e-436c928d6c46" />
      <TestMethod codeBase="/home/runner/work/Musoq/Musoq/Musoq.Evaluator.Tests/bin/Debug/net8.0/Musoq.Evaluator.Tests.dll" adapterTypeName="executor://mstestadapter/v2" className="Musoq.Evaluator.Tests.ArithmeticForMethodCallAndTypeSpecificOperationTests" name="WhenLongMethodCallAndIntUsed_ShouldHaveColumnOfThatType" />
    </UnitTest>
    <UnitTest name="WhenIntAndDecimalUsed_ShouldHaveColumnOfThatType" storage="/home/runner/work/musoq/musoq/musoq.evaluator.tests/bin/debug/net8.0/musoq.evaluator.tests.dll" id="23a5868e-0cd4-4d20-e7e2-6098148b6e35">
      <Execution id="34ddc34e-0636-49b6-ab71-9f3afcf92abd" />
      <TestMethod codeBase="/home/runner/work/Musoq/Musoq/Musoq.Evaluator.Tests/bin/Debug/net8.0/Musoq.Evaluator.Tests.dll" adapterTypeName="executor://mstestadapter/v2" className="Musoq.Evaluator.Tests.ArithmeticForCrossTypesTests" name="WhenIntAndDecimalUsed_ShouldHaveColumnOfThatType" />
    </UnitTest>
    <UnitTest name="WhenNullableBooleanFieldWithShortenedSyntaxApplied_ShouldPass" storage="/home/runner/work/musoq/musoq/musoq.evaluator.tests/bin/debug/net8.0/musoq.evaluator.tests.dll" id="f14d37ac-17c6-369c-fd2f-5addbbf185b9">
      <Execution id="abac34a8-7a38-4d44-aa32-d8f43943c5c7" />
      <TestMethod codeBase="/home/runner/work/Musoq/Musoq/Musoq.Evaluator.Tests/bin/Debug/net8.0/Musoq.Evaluator.Tests.dll" adapterTypeName="executor://mstestadapter/v2" className="Musoq.Evaluator.Tests.MethodInvocationTests" name="WhenNullableBooleanFieldWithShortenedSyntaxApplied_ShouldPass" />
    </UnitTest>
    <UnitTest name="WhenBitwiseOrBetweenShortAndInt_ShouldBeEvaluated" storage="/home/runner/work/musoq/musoq/musoq.evaluator.tests/bin/debug/net8.0/musoq.evaluator.tests.dll" id="15e865fc-5f51-7d7e-571f-3d2be207ff8e">
      <Execution id="dd3da689-7485-4e3e-8982-6cf5647dcae0" />
      <TestMethod codeBase="/home/runner/work/Musoq/Musoq/Musoq.Evaluator.Tests/bin/Debug/net8.0/Musoq.Evaluator.Tests.dll" adapterTypeName="executor://mstestadapter/v2" className="Musoq.Evaluator.Tests.BitwiseOperationsOrTests" name="WhenBitwiseOrBetweenShortAndInt_ShouldBeEvaluated" />
    </UnitTest>
    <UnitTest name="WhenUShortMethodCallAndLongUsed_ShouldHaveColumnOfThatType" storage="/home/runner/work/musoq/musoq/musoq.evaluator.tests/bin/debug/net8.0/musoq.evaluator.tests.dll" id="60f544d5-4d74-1404-e807-531105b83598">
      <Execution id="80c1f690-62a9-45aa-ab48-bc2e72a2d790" />
      <TestMethod codeBase="/home/runner/work/Musoq/Musoq/Musoq.Evaluator.Tests/bin/Debug/net8.0/Musoq.Evaluator.Tests.dll" adapterTypeName="executor://mstestadapter/v2" className="Musoq.Evaluator.Tests.ArithmeticForMethodCallAndTypeSpecificOperationTests" name="WhenUShortMethodCallAndLongUsed_ShouldHaveColumnOfThatType" />
    </UnitTest>
    <UnitTest name="WhenIntAndDoubleUsed_ShouldHaveColumnOfThatType" storage="/home/runner/work/musoq/musoq/musoq.evaluator.tests/bin/debug/net8.0/musoq.evaluator.tests.dll" id="45040f79-b80a-cd6c-e3c7-bb1df9465111">
      <Execution id="c3bd07b4-3295-41e1-b585-df7451852fe9" />
      <TestMethod codeBase="/home/runner/work/Musoq/Musoq/Musoq.Evaluator.Tests/bin/Debug/net8.0/Musoq.Evaluator.Tests.dll" adapterTypeName="executor://mstestadapter/v2" className="Musoq.Evaluator.Tests.ArithmeticForCrossTypesTests" name="WhenIntAndDoubleUsed_ShouldHaveColumnOfThatType" />
    </UnitTest>
    <UnitTest name="WhenByteAndUIntUsed_ShouldHaveColumnOfUIntType" storage="/home/runner/work/musoq/musoq/musoq.evaluator.tests/bin/debug/net8.0/musoq.evaluator.tests.dll" id="3935d8fc-96a9-1157-8dcc-e3db61a7e299">
      <Execution id="a3c3482b-4b6c-42b9-ac1e-501e027c40a0" />
      <TestMethod codeBase="/home/runner/work/Musoq/Musoq/Musoq.Evaluator.Tests/bin/Debug/net8.0/Musoq.Evaluator.Tests.dll" adapterTypeName="executor://mstestadapter/v2" className="Musoq.Evaluator.Tests.ArithmeticForCrossTypesTests" name="WhenByteAndUIntUsed_ShouldHaveColumnOfUIntType" />
    </UnitTest>
    <UnitTest name="CrossApply_SchemaAndProperty_WithNestedProperty" storage="/home/runner/work/musoq/musoq/musoq.evaluator.tests/bin/debug/net8.0/musoq.evaluator.tests.dll" id="c27eeaa5-3c10-7512-6453-3b6ea32825b4">
      <Execution id="66a94773-eaaa-49ad-83c5-aeb68a61133a" />
      <TestMethod codeBase="/home/runner/work/Musoq/Musoq/Musoq.Evaluator.Tests/bin/Debug/net8.0/Musoq.Evaluator.Tests.dll" adapterTypeName="executor://mstestadapter/v2" className="Musoq.Evaluator.Tests.CrossApplyMixedTests" name="CrossApply_SchemaAndProperty_WithNestedProperty" />
    </UnitTest>
    <UnitTest name="WhenNegativeDecimalWithDotAndSuffixUsed_ShouldHaveColumnOfThatType" storage="/home/runner/work/musoq/musoq/musoq.evaluator.tests/bin/debug/net8.0/musoq.evaluator.tests.dll" id="6bc5dc08-b8d9-d6db-bcd0-346cd704e2ae">
      <Execution id="dbe8541e-aa65-4302-ac04-eb1c2fd23cd8" />
      <TestMethod codeBase="/home/runner/work/Musoq/Musoq/Musoq.Evaluator.Tests/bin/Debug/net8.0/Musoq.Evaluator.Tests.dll" adapterTypeName="executor://mstestadapter/v2" className="Musoq.Evaluator.Tests.NumericLiteralTypesTests" name="WhenNegativeDecimalWithDotAndSuffixUsed_ShouldHaveColumnOfThatType" />
    </UnitTest>
    <UnitTest name="WhenMultipleAliasesAroundCteQuery_RightOuterJoin_ShouldRetrieveValues" storage="/home/runner/work/musoq/musoq/musoq.evaluator.tests/bin/debug/net8.0/musoq.evaluator.tests.dll" id="cb8344c5-fc48-c3b7-e052-f85f51c724e9">
      <Execution id="5e8dd476-087b-455a-89f3-ccb4032ecf0c" />
      <TestMethod codeBase="/home/runner/work/Musoq/Musoq/Musoq.Evaluator.Tests/bin/Debug/net8.0/Musoq.Evaluator.Tests.dll" adapterTypeName="executor://mstestadapter/v2" className="Musoq.Evaluator.Tests.JoinTests" name="WhenMultipleAliasesAroundCteQuery_RightOuterJoin_ShouldRetrieveValues" />
    </UnitTest>
    <UnitTest name="SimpleShowAllColumnsTest" storage="/home/runner/work/musoq/musoq/musoq.evaluator.tests/bin/debug/net8.0/musoq.evaluator.tests.dll" id="49e09f51-2600-32c9-d0cb-9eea41c57aa4">
      <Execution id="fb4948df-52b4-458c-89f9-36cf9c59bc86" />
      <TestMethod codeBase="/home/runner/work/Musoq/Musoq/Musoq.Evaluator.Tests/bin/Debug/net8.0/Musoq.Evaluator.Tests.dll" adapterTypeName="executor://mstestadapter/v2" className="Musoq.Evaluator.Tests.SingleSchemaEvaluatorTests" name="SimpleShowAllColumnsTest" />
    </UnitTest>
    <UnitTest name="WhenWhereExpressionUsesMustBeRewrittenForBothDataSources_ShouldPass" storage="/home/runner/work/musoq/musoq/musoq.evaluator.tests/bin/debug/net8.0/musoq.evaluator.tests.dll" id="e2d06c8e-fc2a-65e5-230d-3c407d3c1ffa">
      <Execution id="6a12730e-dccd-4986-b026-2368dddd38a9" />
      <TestMethod codeBase="/home/runner/work/Musoq/Musoq/Musoq.Evaluator.Tests/bin/Debug/net8.0/Musoq.Evaluator.Tests.dll" adapterTypeName="executor://mstestadapter/v2" className="Musoq.Evaluator.Tests.RewriteWhereExpressionToPassItToDataSourceTests" name="WhenWhereExpressionUsesMustBeRewrittenForBothDataSources_ShouldPass" />
    </UnitTest>
    <UnitTest name="WhenBitwiseXorBetweenByteAndUInt_ShouldBeEvaluated" storage="/home/runner/work/musoq/musoq/musoq.evaluator.tests/bin/debug/net8.0/musoq.evaluator.tests.dll" id="8a1daf02-63d5-2f3d-829d-fe4c6074b0a0">
      <Execution id="8b893ebb-9ec3-4803-97bd-039f33b5ea8f" />
      <TestMethod codeBase="/home/runner/work/Musoq/Musoq/Musoq.Evaluator.Tests/bin/Debug/net8.0/Musoq.Evaluator.Tests.dll" adapterTypeName="executor://mstestadapter/v2" className="Musoq.Evaluator.Tests.BitwiseOperationsXorTests" name="WhenBitwiseXorBetweenByteAndUInt_ShouldBeEvaluated" />
    </UnitTest>
    <UnitTest name="CrossApplyProperty_NoMatch_ShouldPass" storage="/home/runner/work/musoq/musoq/musoq.evaluator.tests/bin/debug/net8.0/musoq.evaluator.tests.dll" id="8d7eebf9-261b-e7e6-45b3-dce3e8e7cd10">
      <Execution id="2dcd398f-f3a4-473f-97be-ecf358080ea0" />
      <TestMethod codeBase="/home/runner/work/Musoq/Musoq/Musoq.Evaluator.Tests/bin/Debug/net8.0/Musoq.Evaluator.Tests.dll" adapterTypeName="executor://mstestadapter/v2" className="Musoq.Evaluator.Tests.CrossApplyMethodCallTests" name="CrossApplyProperty_NoMatch_ShouldPass" />
    </UnitTest>
    <UnitTest name="WhenToStringCalled_ShouldReturnSameQuery (table Example {};)" storage="/home/runner/work/musoq/musoq/musoq.evaluator.tests/bin/debug/net8.0/musoq.evaluator.tests.dll" id="45a79a42-e1c1-0911-8715-75214286285f">
      <Execution id="83ee5019-4cbf-4994-9036-d8d9d113a2aa" />
      <TestMethod codeBase="/home/runner/work/Musoq/Musoq/Musoq.Evaluator.Tests/bin/Debug/net8.0/Musoq.Evaluator.Tests.dll" adapterTypeName="executor://mstestadapter/v2" className="Musoq.Evaluator.Tests.StringifyTests" name="WhenToStringCalled_ShouldReturnSameQuery" />
    </UnitTest>
    <UnitTest name="WhenBitwiseOrBetweenIntAndSByte_ShouldBeEvaluated" storage="/home/runner/work/musoq/musoq/musoq.evaluator.tests/bin/debug/net8.0/musoq.evaluator.tests.dll" id="58d1dbfd-77c4-03d8-d898-d2f8629d4025">
      <Execution id="7f45bd29-2573-48ba-a804-f738bbb15313" />
      <TestMethod codeBase="/home/runner/work/Musoq/Musoq/Musoq.Evaluator.Tests/bin/Debug/net8.0/Musoq.Evaluator.Tests.dll" adapterTypeName="executor://mstestadapter/v2" className="Musoq.Evaluator.Tests.BitwiseOperationsOrTests" name="WhenBitwiseOrBetweenIntAndSByte_ShouldBeEvaluated" />
    </UnitTest>
    <UnitTest name="CrossApply_WithThrowingFunction_ShouldPropagateException" storage="/home/runner/work/musoq/musoq/musoq.evaluator.tests/bin/debug/net8.0/musoq.evaluator.tests.dll" id="601a46f6-9e09-7657-a30e-bbfe8a7d5538">
      <Execution id="bc629590-439e-49f9-9876-eb805557d01d" />
      <TestMethod codeBase="/home/runner/work/Musoq/Musoq/Musoq.Evaluator.Tests/bin/Debug/net8.0/Musoq.Evaluator.Tests.dll" adapterTypeName="executor://mstestadapter/v2" className="Musoq.Evaluator.Tests.CrossApplyBugTestCases" name="CrossApply_WithThrowingFunction_ShouldPropagateException" />
    </UnitTest>
    <UnitTest name="WhenBitwiseAndBetweenShortAndLong_ShouldBeEvaluated" storage="/home/runner/work/musoq/musoq/musoq.evaluator.tests/bin/debug/net8.0/musoq.evaluator.tests.dll" id="9581c00b-0aea-9644-ebce-1ccb023f6ad1">
      <Execution id="8d870684-c376-416f-996d-ba24809dacc6" />
      <TestMethod codeBase="/home/runner/work/Musoq/Musoq/Musoq.Evaluator.Tests/bin/Debug/net8.0/Musoq.Evaluator.Tests.dll" adapterTypeName="executor://mstestadapter/v2" className="Musoq.Evaluator.Tests.BitwiseOperationsAndTests" name="WhenBitwiseAndBetweenShortAndLong_ShouldBeEvaluated" />
    </UnitTest>
    <UnitTest name="WhenIntMethodCallAndDecimalUsed_ShouldHaveColumnOfThatType" storage="/home/runner/work/musoq/musoq/musoq.evaluator.tests/bin/debug/net8.0/musoq.evaluator.tests.dll" id="dbceb34d-905f-e4ca-ddbf-c03a680f4f67">
      <Execution id="0b4c3038-6b4f-4c52-9577-8a15bd23c64c" />
      <TestMethod codeBase="/home/runner/work/Musoq/Musoq/Musoq.Evaluator.Tests/bin/Debug/net8.0/Musoq.Evaluator.Tests.dll" adapterTypeName="executor://mstestadapter/v2" className="Musoq.Evaluator.Tests.ArithmeticForMethodCallAndTypeSpecificOperationTests" name="WhenIntMethodCallAndDecimalUsed_ShouldHaveColumnOfThatType" />
    </UnitTest>
    <UnitTest name="JoinWithGroupByTest" storage="/home/runner/work/musoq/musoq/musoq.evaluator.tests/bin/debug/net8.0/musoq.evaluator.tests.dll" id="9cd37a4e-64c4-dba1-e26e-d2bf56a2f095">
      <Execution id="b4642d9c-078a-4b5d-985b-8e4fa29c6ed4" />
      <TestMethod codeBase="/home/runner/work/Musoq/Musoq/Musoq.Evaluator.Tests/bin/Debug/net8.0/Musoq.Evaluator.Tests.dll" adapterTypeName="executor://mstestadapter/v2" className="Musoq.Evaluator.Tests.JoinTests" name="JoinWithGroupByTest" />
    </UnitTest>
    <UnitTest name="MultipleUnionsComplexTest" storage="/home/runner/work/musoq/musoq/musoq.evaluator.tests/bin/debug/net8.0/musoq.evaluator.tests.dll" id="f4479cf8-bfc6-0016-8cb7-b5986c896f46">
      <Execution id="ad5b67c6-8bf3-45c9-81a0-6529db255909" />
      <TestMethod codeBase="/home/runner/work/Musoq/Musoq/Musoq.Evaluator.Tests/bin/Debug/net8.0/Musoq.Evaluator.Tests.dll" adapterTypeName="executor://mstestadapter/v2" className="Musoq.Evaluator.Tests.SetsOperatorsTests" name="MultipleUnionsComplexTest" />
    </UnitTest>
    <UnitTest name="WhenMixedQueriesGroupingAreUsed_Variant3_ShouldPass" storage="/home/runner/work/musoq/musoq/musoq.evaluator.tests/bin/debug/net8.0/musoq.evaluator.tests.dll" id="115376da-6d30-a171-b325-49db7349cb5f">
      <Execution id="cdc1fdf8-8e3d-4209-9909-a3dcb572ad83" />
      <TestMethod codeBase="/home/runner/work/Musoq/Musoq/Musoq.Evaluator.Tests/bin/Debug/net8.0/Musoq.Evaluator.Tests.dll" adapterTypeName="executor://mstestadapter/v2" className="Musoq.Evaluator.Tests.CteTests" name="WhenMixedQueriesGroupingAreUsed_Variant3_ShouldPass" />
    </UnitTest>
    <UnitTest name="WhenBitwiseXorBetweenSbyteAndUint_ShouldBeEvaluated" storage="/home/runner/work/musoq/musoq/musoq.evaluator.tests/bin/debug/net8.0/musoq.evaluator.tests.dll" id="14826f0c-847a-ef4c-ff79-e35d4d2cc4d2">
      <Execution id="3aa70565-8e24-4807-9ad5-a9618b622a7a" />
      <TestMethod codeBase="/home/runner/work/Musoq/Musoq/Musoq.Evaluator.Tests/bin/Debug/net8.0/Musoq.Evaluator.Tests.dll" adapterTypeName="executor://mstestadapter/v2" className="Musoq.Evaluator.Tests.BitwiseOperationsXorTests" name="WhenBitwiseXorBetweenSbyteAndUint_ShouldBeEvaluated" />
    </UnitTest>
    <UnitTest name="WhenBitwiseXorBetweenUshortAndUshort_ShouldBeEvaluated" storage="/home/runner/work/musoq/musoq/musoq.evaluator.tests/bin/debug/net8.0/musoq.evaluator.tests.dll" id="203ed21a-4fd9-81f2-060f-be9a1e9272fc">
      <Execution id="3a7c1ed5-e720-4fc8-9cfe-164535ab64c4" />
      <TestMethod codeBase="/home/runner/work/Musoq/Musoq/Musoq.Evaluator.Tests/bin/Debug/net8.0/Musoq.Evaluator.Tests.dll" adapterTypeName="executor://mstestadapter/v2" className="Musoq.Evaluator.Tests.BitwiseOperationsXorTests" name="WhenBitwiseXorBetweenUshortAndUshort_ShouldBeEvaluated" />
    </UnitTest>
    <UnitTest name="WhenUIntAndUIntUsed_ShouldHaveColumnOfThatType" storage="/home/runner/work/musoq/musoq/musoq.evaluator.tests/bin/debug/net8.0/musoq.evaluator.tests.dll" id="192c21d4-4777-6217-ad08-5904b2b95d2c">
      <Execution id="27782fa9-d3f7-481d-85c3-4a45b8c27b44" />
      <TestMethod codeBase="/home/runner/work/Musoq/Musoq/Musoq.Evaluator.Tests/bin/Debug/net8.0/Musoq.Evaluator.Tests.dll" adapterTypeName="executor://mstestadapter/v2" className="Musoq.Evaluator.Tests.ArithmeticForCrossTypesTests" name="WhenUIntAndUIntUsed_ShouldHaveColumnOfThatType" />
    </UnitTest>
    <UnitTest name="WhenBitwiseOrBetweenUshortAndInt_ShouldBeEvaluated" storage="/home/runner/work/musoq/musoq/musoq.evaluator.tests/bin/debug/net8.0/musoq.evaluator.tests.dll" id="872ff87f-27ca-82c7-68e6-ba17687f73c3">
      <Execution id="f8c07bc8-43f7-4220-bc5b-90ef7f0c7a52" />
      <TestMethod codeBase="/home/runner/work/Musoq/Musoq/Musoq.Evaluator.Tests/bin/Debug/net8.0/Musoq.Evaluator.Tests.dll" adapterTypeName="executor://mstestadapter/v2" className="Musoq.Evaluator.Tests.BitwiseOperationsOrTests" name="WhenBitwiseOrBetweenUshortAndInt_ShouldBeEvaluated" />
    </UnitTest>
    <UnitTest name="WhenBitwiseOrBetweenUshortAndUlong_ShouldBeEvaluated" storage="/home/runner/work/musoq/musoq/musoq.evaluator.tests/bin/debug/net8.0/musoq.evaluator.tests.dll" id="52bbacbe-299a-3145-48e9-0bd52932aa06">
      <Execution id="5ba59fe9-8cf1-4619-b22b-28802adf14c7" />
      <TestMethod codeBase="/home/runner/work/Musoq/Musoq/Musoq.Evaluator.Tests/bin/Debug/net8.0/Musoq.Evaluator.Tests.dll" adapterTypeName="executor://mstestadapter/v2" className="Musoq.Evaluator.Tests.BitwiseOperationsOrTests" name="WhenBitwiseOrBetweenUshortAndUlong_ShouldBeEvaluated" />
    </UnitTest>
    <UnitTest name="WhenBitwiseOrBetweenUIntAndShort_ShouldBeEvaluated" storage="/home/runner/work/musoq/musoq/musoq.evaluator.tests/bin/debug/net8.0/musoq.evaluator.tests.dll" id="f93c1993-f0a9-4077-72de-7c52c8818519">
      <Execution id="2aa7a62d-bbf1-47df-854e-f31e83ed0f89" />
      <TestMethod codeBase="/home/runner/work/Musoq/Musoq/Musoq.Evaluator.Tests/bin/Debug/net8.0/Musoq.Evaluator.Tests.dll" adapterTypeName="executor://mstestadapter/v2" className="Musoq.Evaluator.Tests.BitwiseOperationsOrTests" name="WhenBitwiseOrBetweenUIntAndShort_ShouldBeEvaluated" />
    </UnitTest>
    <UnitTest name="WhenUShortMethodCallAndIntUsed_ShouldHaveColumnOfThatType" storage="/home/runner/work/musoq/musoq/musoq.evaluator.tests/bin/debug/net8.0/musoq.evaluator.tests.dll" id="d52385c4-6f4c-d1c1-66ed-c8ab44fc5a85">
      <Execution id="bce7f60b-2a74-49c6-81f6-fc74bf40415c" />
      <TestMethod codeBase="/home/runner/work/Musoq/Musoq/Musoq.Evaluator.Tests/bin/Debug/net8.0/Musoq.Evaluator.Tests.dll" adapterTypeName="executor://mstestadapter/v2" className="Musoq.Evaluator.Tests.ArithmeticForMethodCallAndTypeSpecificOperationTests" name="WhenUShortMethodCallAndIntUsed_ShouldHaveColumnOfThatType" />
    </UnitTest>
    <UnitTest name="WhereWithOrTest" storage="/home/runner/work/musoq/musoq/musoq.evaluator.tests/bin/debug/net8.0/musoq.evaluator.tests.dll" id="bf142480-1171-19e6-66a1-aa18b960021a">
      <Execution id="fdc11eb8-3436-4ade-b804-bc5694ebdca3" />
      <TestMethod codeBase="/home/runner/work/Musoq/Musoq/Musoq.Evaluator.Tests/bin/Debug/net8.0/Musoq.Evaluator.Tests.dll" adapterTypeName="executor://mstestadapter/v2" className="Musoq.Evaluator.Tests.SingleSchemaEvaluatorTests" name="WhereWithOrTest" />
    </UnitTest>
    <UnitTest name="WhenDecimalAndLongUsed_ShouldHaveColumnOfThatType" storage="/home/runner/work/musoq/musoq/musoq.evaluator.tests/bin/debug/net8.0/musoq.evaluator.tests.dll" id="90580d1e-af96-3535-e281-c3a523896a2b">
      <Execution id="0b9d510d-078b-4486-a87b-a0d1591f25f2" />
      <TestMethod codeBase="/home/runner/work/Musoq/Musoq/Musoq.Evaluator.Tests/bin/Debug/net8.0/Musoq.Evaluator.Tests.dll" adapterTypeName="executor://mstestadapter/v2" className="Musoq.Evaluator.Tests.ArithmeticForCrossTypesTests" name="WhenDecimalAndLongUsed_ShouldHaveColumnOfThatType" />
    </UnitTest>
    <UnitTest name="WhenMissingSchema_ShouldFail" storage="/home/runner/work/musoq/musoq/musoq.evaluator.tests/bin/debug/net8.0/musoq.evaluator.tests.dll" id="0a457929-1e19-0ca2-b64d-db72e2663783">
      <Execution id="16004a15-ed24-416a-a537-ba62afef5cec" />
      <TestMethod codeBase="/home/runner/work/Musoq/Musoq/Musoq.Evaluator.Tests/bin/Debug/net8.0/Musoq.Evaluator.Tests.dll" adapterTypeName="executor://mstestadapter/v2" className="Musoq.Evaluator.Tests.SingleSchemaEvaluatorTests" name="WhenMissingSchema_ShouldFail" />
    </UnitTest>
    <UnitTest name="WhenBitwiseOrBetweenUshortAndLong_ShouldBeEvaluated" storage="/home/runner/work/musoq/musoq/musoq.evaluator.tests/bin/debug/net8.0/musoq.evaluator.tests.dll" id="48b036cd-e23c-cbc6-ee4c-1ab8640c9966">
      <Execution id="b3e3e259-7628-4cd9-917d-412ea007af1a" />
      <TestMethod codeBase="/home/runner/work/Musoq/Musoq/Musoq.Evaluator.Tests/bin/Debug/net8.0/Musoq.Evaluator.Tests.dll" adapterTypeName="executor://mstestadapter/v2" className="Musoq.Evaluator.Tests.BitwiseOperationsOrTests" name="WhenBitwiseOrBetweenUshortAndLong_ShouldBeEvaluated" />
    </UnitTest>
    <UnitTest name="OuterApplyProperty_WithComplexList_ShouldPass" storage="/home/runner/work/musoq/musoq/musoq.evaluator.tests/bin/debug/net8.0/musoq.evaluator.tests.dll" id="72ea2621-6a73-f059-f07c-519f463a83be">
      <Execution id="c71cba7b-e867-410a-8245-5c3460084130" />
      <TestMethod codeBase="/home/runner/work/Musoq/Musoq/Musoq.Evaluator.Tests/bin/Debug/net8.0/Musoq.Evaluator.Tests.dll" adapterTypeName="executor://mstestadapter/v2" className="Musoq.Evaluator.Tests.OuterApplySelfPropertyTests" name="OuterApplyProperty_WithComplexList_ShouldPass" />
    </UnitTest>
    <UnitTest name="SimpleCteWithExceptTest" storage="/home/runner/work/musoq/musoq/musoq.evaluator.tests/bin/debug/net8.0/musoq.evaluator.tests.dll" id="c50fc8fc-bede-a239-66ab-b77d2e2075db">
      <Execution id="dfb3fd67-7b18-4fab-8275-af45239b8f31" />
      <TestMethod codeBase="/home/runner/work/Musoq/Musoq/Musoq.Evaluator.Tests/bin/Debug/net8.0/Musoq.Evaluator.Tests.dll" adapterTypeName="executor://mstestadapter/v2" className="Musoq.Evaluator.Tests.CteTests" name="SimpleCteWithExceptTest" />
    </UnitTest>
    <UnitTest name="WhenBitwiseShiftLeft_int_ShouldBeEvaluated" storage="/home/runner/work/musoq/musoq/musoq.evaluator.tests/bin/debug/net8.0/musoq.evaluator.tests.dll" id="a66ef8ff-2044-0b0a-bffc-d7f75021108b">
      <Execution id="c2a5e041-033c-4386-85c2-223d08f9da0f" />
      <TestMethod codeBase="/home/runner/work/Musoq/Musoq/Musoq.Evaluator.Tests/bin/Debug/net8.0/Musoq.Evaluator.Tests.dll" adapterTypeName="executor://mstestadapter/v2" className="Musoq.Evaluator.Tests.BitwiseShiftLeftTests" name="WhenBitwiseShiftLeft_int_ShouldBeEvaluated" />
    </UnitTest>
    <UnitTest name="WhenDecimalMethodCallAndULongUsed_ShouldHaveColumnOfThatType" storage="/home/runner/work/musoq/musoq/musoq.evaluator.tests/bin/debug/net8.0/musoq.evaluator.tests.dll" id="b4582464-99e3-6fbd-1c02-cb10f8ef057a">
      <Execution id="717aa786-2f66-490a-9307-d30ee15e8d6a" />
      <TestMethod codeBase="/home/runner/work/Musoq/Musoq/Musoq.Evaluator.Tests/bin/Debug/net8.0/Musoq.Evaluator.Tests.dll" adapterTypeName="executor://mstestadapter/v2" className="Musoq.Evaluator.Tests.ArithmeticForMethodCallAndTypeSpecificOperationTests" name="WhenDecimalMethodCallAndULongUsed_ShouldHaveColumnOfThatType" />
    </UnitTest>
    <UnitTest name="NotLikeOperatorTest" storage="/home/runner/work/musoq/musoq/musoq.evaluator.tests/bin/debug/net8.0/musoq.evaluator.tests.dll" id="89cfed05-c7d0-28de-2732-c4741733419f">
      <Execution id="9fd32db9-ffba-4a66-b0cc-57824539a7f2" />
      <TestMethod codeBase="/home/runner/work/Musoq/Musoq/Musoq.Evaluator.Tests/bin/Debug/net8.0/Musoq.Evaluator.Tests.dll" adapterTypeName="executor://mstestadapter/v2" className="Musoq.Evaluator.Tests.SingleSchemaEvaluatorTests" name="NotLikeOperatorTest" />
    </UnitTest>
    <UnitTest name="WhenUIntAndLongUsed_ShouldHaveColumnOfThatType" storage="/home/runner/work/musoq/musoq/musoq.evaluator.tests/bin/debug/net8.0/musoq.evaluator.tests.dll" id="a3227488-0647-0ef1-d34e-ad3f35c9d5f9">
      <Execution id="93695d8e-7d0a-40f7-949f-79e4de338cf2" />
      <TestMethod codeBase="/home/runner/work/Musoq/Musoq/Musoq.Evaluator.Tests/bin/Debug/net8.0/Musoq.Evaluator.Tests.dll" adapterTypeName="executor://mstestadapter/v2" className="Musoq.Evaluator.Tests.ArithmeticForCrossTypesTests" name="WhenUIntAndLongUsed_ShouldHaveColumnOfThatType" />
    </UnitTest>
    <UnitTest name="UnformattedMinus_ShouldBeProperlyRecognized" storage="/home/runner/work/musoq/musoq/musoq.evaluator.tests/bin/debug/net8.0/musoq.evaluator.tests.dll" id="c50eaffe-9ca2-8ebc-8a56-9adf72784e89">
      <Execution id="0b78dbb7-6931-4eab-879a-4abe03b412ce" />
      <TestMethod codeBase="/home/runner/work/Musoq/Musoq/Musoq.Evaluator.Tests/bin/Debug/net8.0/Musoq.Evaluator.Tests.dll" adapterTypeName="executor://mstestadapter/v2" className="Musoq.Evaluator.Tests.ArithmeticUnformattedTests" name="UnformattedMinus_ShouldBeProperlyRecognized" />
    </UnitTest>
    <UnitTest name="WhenEscapeAtStartAndEnd_ShouldBePresent" storage="/home/runner/work/musoq/musoq/musoq.evaluator.tests/bin/debug/net8.0/musoq.evaluator.tests.dll" id="175cf6cc-ac99-f6eb-fd7f-7323a7f11897">
      <Execution id="9724514f-93c6-4b61-9408-25294b08760b" />
      <TestMethod codeBase="/home/runner/work/Musoq/Musoq/Musoq.Evaluator.Tests/bin/Debug/net8.0/Musoq.Evaluator.Tests.dll" adapterTypeName="executor://mstestadapter/v2" className="Musoq.Evaluator.Tests.EscapeTests" name="WhenEscapeAtStartAndEnd_ShouldBePresent" />
    </UnitTest>
    <UnitTest name="WhenSByteMethodCallAndUIntUsed_ShouldHaveColumnOfThatType" storage="/home/runner/work/musoq/musoq/musoq.evaluator.tests/bin/debug/net8.0/musoq.evaluator.tests.dll" id="340ff638-c338-a777-28ca-16710fcb9961">
      <Execution id="3ebfafdc-065c-4b8b-b1f3-67813f95ed1b" />
      <TestMethod codeBase="/home/runner/work/Musoq/Musoq/Musoq.Evaluator.Tests/bin/Debug/net8.0/Musoq.Evaluator.Tests.dll" adapterTypeName="executor://mstestadapter/v2" className="Musoq.Evaluator.Tests.ArithmeticForMethodCallAndTypeSpecificOperationTests" name="WhenSByteMethodCallAndUIntUsed_ShouldHaveColumnOfThatType" />
    </UnitTest>
    <UnitTest name="WhenColumnsUsedAsSourceOfMethodAndUsedInWhereAndUsedInSelectAndUsedInGroupByWithHaving_ShouldPass" storage="/home/runner/work/musoq/musoq/musoq.evaluator.tests/bin/debug/net8.0/musoq.evaluator.tests.dll" id="45764f6b-7d3b-5cbd-033f-dff3a744221a">
      <Execution id="f35a2b4f-63d5-41b8-a1ef-10c53cf75588" />
      <TestMethod codeBase="/home/runner/work/Musoq/Musoq/Musoq.Evaluator.Tests/bin/Debug/net8.0/Musoq.Evaluator.Tests.dll" adapterTypeName="executor://mstestadapter/v2" className="Musoq.Evaluator.Tests.UsedColumnsTests" name="WhenColumnsUsedAsSourceOfMethodAndUsedInWhereAndUsedInSelectAndUsedInGroupByWithHaving_ShouldPass" />
    </UnitTest>
    <UnitTest name="WhenLargeUIntUsed_ShouldHaveColumnOfThatType" storage="/home/runner/work/musoq/musoq/musoq.evaluator.tests/bin/debug/net8.0/musoq.evaluator.tests.dll" id="0fb2fffc-8b58-36f1-3348-5af5862f41d4">
      <Execution id="c3881c0e-03c8-479d-9b2f-e216b27eeae0" />
      <TestMethod codeBase="/home/runner/work/Musoq/Musoq/Musoq.Evaluator.Tests/bin/Debug/net8.0/Musoq.Evaluator.Tests.dll" adapterTypeName="executor://mstestadapter/v2" className="Musoq.Evaluator.Tests.NumericLiteralTypesTests" name="WhenLargeUIntUsed_ShouldHaveColumnOfThatType" />
    </UnitTest>
    <UnitTest name="WhenWrongTypeBetweenUnions_ShouldFail" storage="/home/runner/work/musoq/musoq/musoq.evaluator.tests/bin/debug/net8.0/musoq.evaluator.tests.dll" id="14922f8c-12ce-f41c-0ee3-434d7ca8e539">
      <Execution id="bd7aa765-14ee-43d5-8911-4c76b9aefad7" />
      <TestMethod codeBase="/home/runner/work/Musoq/Musoq/Musoq.Evaluator.Tests/bin/Debug/net8.0/Musoq.Evaluator.Tests.dll" adapterTypeName="executor://mstestadapter/v2" className="Musoq.Evaluator.Tests.SetsOperatorsTests" name="WhenWrongTypeBetweenUnions_ShouldFail" />
    </UnitTest>
    <UnitTest name="WhenDoubleBackslashEscaped_ShouldBeSingleBackslash" storage="/home/runner/work/musoq/musoq/musoq.evaluator.tests/bin/debug/net8.0/musoq.evaluator.tests.dll" id="5d58c9b4-3661-6d3f-adbc-4e28095db483">
      <Execution id="b24cdec2-4a46-484e-a6de-afdbd4a217cd" />
      <TestMethod codeBase="/home/runner/work/Musoq/Musoq/Musoq.Evaluator.Tests/bin/Debug/net8.0/Musoq.Evaluator.Tests.dll" adapterTypeName="executor://mstestadapter/v2" className="Musoq.Evaluator.Tests.EscapeTests" name="WhenDoubleBackslashEscaped_ShouldBeSingleBackslash" />
    </UnitTest>
    <UnitTest name="WhenContainsExpressionIsNotRewritten_ShouldPass" storage="/home/runner/work/musoq/musoq/musoq.evaluator.tests/bin/debug/net8.0/musoq.evaluator.tests.dll" id="e120a33a-a5eb-9495-1598-dd469bbd167e">
      <Execution id="4597ce6d-bfdc-4e5c-91ce-afb2b8b03b7a" />
      <TestMethod codeBase="/home/runner/work/Musoq/Musoq/Musoq.Evaluator.Tests/bin/Debug/net8.0/Musoq.Evaluator.Tests.dll" adapterTypeName="executor://mstestadapter/v2" className="Musoq.Evaluator.Tests.RewriteWhereExpressionToPassItToDataSourceTests" name="WhenContainsExpressionIsNotRewritten_ShouldPass" />
    </UnitTest>
    <UnitTest name="WhenBitwiseXorBetweenUIntAndSByte_ShouldBeEvaluated" storage="/home/runner/work/musoq/musoq/musoq.evaluator.tests/bin/debug/net8.0/musoq.evaluator.tests.dll" id="419cf15d-dbd3-4c77-1016-d687a4533662">
      <Execution id="2ba00e64-991c-4b2e-8863-b7a9b685fdfa" />
      <TestMethod codeBase="/home/runner/work/Musoq/Musoq/Musoq.Evaluator.Tests/bin/Debug/net8.0/Musoq.Evaluator.Tests.dll" adapterTypeName="executor://mstestadapter/v2" className="Musoq.Evaluator.Tests.BitwiseOperationsXorTests" name="WhenBitwiseXorBetweenUIntAndSByte_ShouldBeEvaluated" />
    </UnitTest>
    <UnitTest name="CrossApply_WithEmptySecondSource_ShouldReturnEmpty" storage="/home/runner/work/musoq/musoq/musoq.evaluator.tests/bin/debug/net8.0/musoq.evaluator.tests.dll" id="b9a6518d-cebf-3a0f-30ef-d1f50706f0d5">
      <Execution id="4474b976-fa7e-4623-9731-cdddcb16742a" />
      <TestMethod codeBase="/home/runner/work/Musoq/Musoq/Musoq.Evaluator.Tests/bin/Debug/net8.0/Musoq.Evaluator.Tests.dll" adapterTypeName="executor://mstestadapter/v2" className="Musoq.Evaluator.Tests.CrossApplyBugTestCases" name="CrossApply_WithEmptySecondSource_ShouldReturnEmpty" />
    </UnitTest>
    <UnitTest name="WhenDecimalAndULongUsed_ShouldHaveColumnOfThatType" storage="/home/runner/work/musoq/musoq/musoq.evaluator.tests/bin/debug/net8.0/musoq.evaluator.tests.dll" id="fdd5e39c-800d-089a-3640-de0863c3b68f">
      <Execution id="e94487c9-f4bd-4bb3-825f-fc0d1c98696b" />
      <TestMethod codeBase="/home/runner/work/Musoq/Musoq/Musoq.Evaluator.Tests/bin/Debug/net8.0/Musoq.Evaluator.Tests.dll" adapterTypeName="executor://mstestadapter/v2" className="Musoq.Evaluator.Tests.ArithmeticForCrossTypesTests" name="WhenDecimalAndULongUsed_ShouldHaveColumnOfThatType" />
    </UnitTest>
    <UnitTest name="WhenNullableBooleanFields_ForBinaryOperator_WithFullSyntaxApplied_ShouldPass" storage="/home/runner/work/musoq/musoq/musoq.evaluator.tests/bin/debug/net8.0/musoq.evaluator.tests.dll" id="bd895454-22c0-6c45-23c3-8e908951fdeb">
      <Execution id="30c3d783-bade-42c1-9a75-a255415a0ee2" />
      <TestMethod codeBase="/home/runner/work/Musoq/Musoq/Musoq.Evaluator.Tests/bin/Debug/net8.0/Musoq.Evaluator.Tests.dll" adapterTypeName="executor://mstestadapter/v2" className="Musoq.Evaluator.Tests.MethodInvocationTests" name="WhenNullableBooleanFields_ForBinaryOperator_WithFullSyntaxApplied_ShouldPass" />
    </UnitTest>
    <UnitTest name="WhenBitwiseXorBetweenUIntAndByte_ShouldBeEvaluated" storage="/home/runner/work/musoq/musoq/musoq.evaluator.tests/bin/debug/net8.0/musoq.evaluator.tests.dll" id="c5869d61-0d9d-c3d8-7c0f-00e749d6a679">
      <Execution id="9a7aeca1-88e3-4183-a458-42c530a40115" />
      <TestMethod codeBase="/home/runner/work/Musoq/Musoq/Musoq.Evaluator.Tests/bin/Debug/net8.0/Musoq.Evaluator.Tests.dll" adapterTypeName="executor://mstestadapter/v2" className="Musoq.Evaluator.Tests.BitwiseOperationsXorTests" name="WhenBitwiseXorBetweenUIntAndByte_ShouldBeEvaluated" />
    </UnitTest>
    <UnitTest name="WhenToStringCalled_ShouldReturnSameQuery (select 1 from #A.entities() a inner join #B.entities() b on a.Id = b.Id inner join #C.entities() c on a.Id = c.Id)" storage="/home/runner/work/musoq/musoq/musoq.evaluator.tests/bin/debug/net8.0/musoq.evaluator.tests.dll" id="579d94f0-d05a-cd07-7e16-c7d2f1a68a21">
      <Execution id="2474cb32-f164-48f3-8488-b619fb3c6c26" />
      <TestMethod codeBase="/home/runner/work/Musoq/Musoq/Musoq.Evaluator.Tests/bin/Debug/net8.0/Musoq.Evaluator.Tests.dll" adapterTypeName="executor://mstestadapter/v2" className="Musoq.Evaluator.Tests.StringifyTests" name="WhenToStringCalled_ShouldReturnSameQuery" />
    </UnitTest>
    <UnitTest name="WhenBitwiseOrBetweenUshortAndShort_ShouldBeEvaluated" storage="/home/runner/work/musoq/musoq/musoq.evaluator.tests/bin/debug/net8.0/musoq.evaluator.tests.dll" id="d9552078-77ad-c5e7-9e7a-7a8ede0013ab">
      <Execution id="addcd6ff-40b2-4ca9-9ef3-3bd9ca53a02e" />
      <TestMethod codeBase="/home/runner/work/Musoq/Musoq/Musoq.Evaluator.Tests/bin/Debug/net8.0/Musoq.Evaluator.Tests.dll" adapterTypeName="executor://mstestadapter/v2" className="Musoq.Evaluator.Tests.BitwiseOperationsOrTests" name="WhenBitwiseOrBetweenUshortAndShort_ShouldBeEvaluated" />
    </UnitTest>
    <UnitTest name="WhenAccessingTheFirstLetterWithMethodCallInsideAggregation_ShouldSucceed" storage="/home/runner/work/musoq/musoq/musoq.evaluator.tests/bin/debug/net8.0/musoq.evaluator.tests.dll" id="14b50e1a-535a-bf1b-961e-2846acb6c9db">
      <Execution id="10d92b7f-bad5-4f2f-accd-c6760ba967e4" />
      <TestMethod codeBase="/home/runner/work/Musoq/Musoq/Musoq.Evaluator.Tests/bin/Debug/net8.0/Musoq.Evaluator.Tests.dll" adapterTypeName="executor://mstestadapter/v2" className="Musoq.Evaluator.Tests.GroupByTests" name="WhenAccessingTheFirstLetterWithMethodCallInsideAggregation_ShouldSucceed" />
    </UnitTest>
    <UnitTest name="WhenMultipleEscapedColumns_ShouldAllBeHandledCorrectly" storage="/home/runner/work/musoq/musoq/musoq.evaluator.tests/bin/debug/net8.0/musoq.evaluator.tests.dll" id="167a3bbe-86a6-3194-7938-ebd0b35dd034">
      <Execution id="249cb02a-485b-4415-a3aa-760c84b93ee4" />
      <TestMethod codeBase="/home/runner/work/Musoq/Musoq/Musoq.Evaluator.Tests/bin/Debug/net8.0/Musoq.Evaluator.Tests.dll" adapterTypeName="executor://mstestadapter/v2" className="Musoq.Evaluator.Tests.EscapeTests" name="WhenMultipleEscapedColumns_ShouldAllBeHandledCorrectly" />
    </UnitTest>
    <UnitTest name="WhenOrderByClauseWithOperationDesc_ShouldSucceed" storage="/home/runner/work/musoq/musoq/musoq.evaluator.tests/bin/debug/net8.0/musoq.evaluator.tests.dll" id="7c33513d-3c2f-c00e-f266-9a09a706b4c1">
      <Execution id="c217a937-697c-49ef-8bcb-7c4cbf7c8d49" />
      <TestMethod codeBase="/home/runner/work/Musoq/Musoq/Musoq.Evaluator.Tests/bin/Debug/net8.0/Musoq.Evaluator.Tests.dll" adapterTypeName="executor://mstestadapter/v2" className="Musoq.Evaluator.Tests.OrderByTests" name="WhenOrderByClauseWithOperationDesc_ShouldSucceed" />
    </UnitTest>
    <UnitTest name="WhenQuoteEscaped_ShouldBePresent" storage="/home/runner/work/musoq/musoq/musoq.evaluator.tests/bin/debug/net8.0/musoq.evaluator.tests.dll" id="d5bbd898-259a-8352-6772-ad38e59e6edb">
      <Execution id="5b47f76c-5d56-40ea-921b-977fa99ea313" />
      <TestMethod codeBase="/home/runner/work/Musoq/Musoq/Musoq.Evaluator.Tests/bin/Debug/net8.0/Musoq.Evaluator.Tests.dll" adapterTypeName="executor://mstestadapter/v2" className="Musoq.Evaluator.Tests.EscapeTests" name="WhenQuoteEscaped_ShouldBePresent" />
    </UnitTest>
    <UnitTest name="SimpleCteWithGroupingTest" storage="/home/runner/work/musoq/musoq/musoq.evaluator.tests/bin/debug/net8.0/musoq.evaluator.tests.dll" id="266aa5c8-d2d0-63ab-5d84-5d660a537e34">
      <Execution id="836935c9-4be9-4b01-b820-37d6947219d0" />
      <TestMethod codeBase="/home/runner/work/Musoq/Musoq/Musoq.Evaluator.Tests/bin/Debug/net8.0/Musoq.Evaluator.Tests.dll" adapterTypeName="executor://mstestadapter/v2" className="Musoq.Evaluator.Tests.CteTests" name="SimpleCteWithGroupingTest" />
    </UnitTest>
    <UnitTest name="WhenUShortAndSByteUsed_ShouldHaveColumnOfThatType" storage="/home/runner/work/musoq/musoq/musoq.evaluator.tests/bin/debug/net8.0/musoq.evaluator.tests.dll" id="6244912c-ad07-8f43-ebe5-473051ce9e26">
      <Execution id="e6bc68f6-d06d-4fd2-8443-68a2b4a943a3" />
      <TestMethod codeBase="/home/runner/work/Musoq/Musoq/Musoq.Evaluator.Tests/bin/Debug/net8.0/Musoq.Evaluator.Tests.dll" adapterTypeName="executor://mstestadapter/v2" className="Musoq.Evaluator.Tests.ArithmeticForCrossTypesTests" name="WhenUShortAndSByteUsed_ShouldHaveColumnOfThatType" />
    </UnitTest>
    <UnitTest name="WhenBitwiseXorBetweenUIntAndULong_ShouldBeEvaluated" storage="/home/runner/work/musoq/musoq/musoq.evaluator.tests/bin/debug/net8.0/musoq.evaluator.tests.dll" id="df01074a-8dbd-8248-b817-488f11ad96b6">
      <Execution id="62a1e440-b5a1-4264-b754-f1f296f45a56" />
      <TestMethod codeBase="/home/runner/work/Musoq/Musoq/Musoq.Evaluator.Tests/bin/Debug/net8.0/Musoq.Evaluator.Tests.dll" adapterTypeName="executor://mstestadapter/v2" className="Musoq.Evaluator.Tests.BitwiseOperationsXorTests" name="WhenBitwiseXorBetweenUIntAndULong_ShouldBeEvaluated" />
    </UnitTest>
    <UnitTest name="WhenNullableBooleanFieldWithFullSyntaxApplied_ShouldPass" storage="/home/runner/work/musoq/musoq/musoq.evaluator.tests/bin/debug/net8.0/musoq.evaluator.tests.dll" id="23c654ef-d309-17bd-c329-66ebf8afd38c">
      <Execution id="bdc64d0e-b44f-4c66-8d61-ea0e3444d1d3" />
      <TestMethod codeBase="/home/runner/work/Musoq/Musoq/Musoq.Evaluator.Tests/bin/Debug/net8.0/Musoq.Evaluator.Tests.dll" adapterTypeName="executor://mstestadapter/v2" className="Musoq.Evaluator.Tests.MethodInvocationTests" name="WhenNullableBooleanFieldWithFullSyntaxApplied_ShouldPass" />
    </UnitTest>
    <UnitTest name="WhenMixedQueriesGroupingAreUsed_Variant1_ShouldPass" storage="/home/runner/work/musoq/musoq/musoq.evaluator.tests/bin/debug/net8.0/musoq.evaluator.tests.dll" id="e327f73f-de5b-4de9-87a2-ac9da841bbf4">
      <Execution id="340d6a9b-3505-4ced-bcb9-de2ca1e8e884" />
      <TestMethod codeBase="/home/runner/work/Musoq/Musoq/Musoq.Evaluator.Tests/bin/Debug/net8.0/Musoq.Evaluator.Tests.dll" adapterTypeName="executor://mstestadapter/v2" className="Musoq.Evaluator.Tests.CteTests" name="WhenMixedQueriesGroupingAreUsed_Variant1_ShouldPass" />
    </UnitTest>
    <UnitTest name="WhenByteAndIntUsed_ShouldHaveColumnOfIntType" storage="/home/runner/work/musoq/musoq/musoq.evaluator.tests/bin/debug/net8.0/musoq.evaluator.tests.dll" id="62a595f2-d505-f34a-4eb7-6f5a3f790cad">
      <Execution id="c14ae0d9-1ff3-49c5-aba8-876827b08f7e" />
      <TestMethod codeBase="/home/runner/work/Musoq/Musoq/Musoq.Evaluator.Tests/bin/Debug/net8.0/Musoq.Evaluator.Tests.dll" adapterTypeName="executor://mstestadapter/v2" className="Musoq.Evaluator.Tests.ArithmeticForCrossTypesTests" name="WhenByteAndIntUsed_ShouldHaveColumnOfIntType" />
    </UnitTest>
    <UnitTest name="WhenULongAndDecimalUsed_ShouldHaveColumnOfThatType" storage="/home/runner/work/musoq/musoq/musoq.evaluator.tests/bin/debug/net8.0/musoq.evaluator.tests.dll" id="e7dd4410-2145-60f0-354c-5e4846794ba8">
      <Execution id="8fa2b394-fd27-42d3-a7a3-ee627e44062d" />
      <TestMethod codeBase="/home/runner/work/Musoq/Musoq/Musoq.Evaluator.Tests/bin/Debug/net8.0/Musoq.Evaluator.Tests.dll" adapterTypeName="executor://mstestadapter/v2" className="Musoq.Evaluator.Tests.ArithmeticForCrossTypesTests" name="WhenULongAndDecimalUsed_ShouldHaveColumnOfThatType" />
    </UnitTest>
    <UnitTest name="QueryWithTimeSpanTest" storage="/home/runner/work/musoq/musoq/musoq.evaluator.tests/bin/debug/net8.0/musoq.evaluator.tests.dll" id="3f93a13e-12df-fa51-caa9-70a973570d8e">
      <Execution id="913f996e-bb97-42dc-a016-f5d11d889713" />
      <TestMethod codeBase="/home/runner/work/Musoq/Musoq/Musoq.Evaluator.Tests/bin/Debug/net8.0/Musoq.Evaluator.Tests.dll" adapterTypeName="executor://mstestadapter/v2" className="Musoq.Evaluator.Tests.SingleSchemaEvaluatorTests" name="QueryWithTimeSpanTest" />
    </UnitTest>
    <UnitTest name="WithDynamicSource_IncrementAccessedProperty_ShouldPass" storage="/home/runner/work/musoq/musoq/musoq.evaluator.tests/bin/debug/net8.0/musoq.evaluator.tests.dll" id="ee3b86f8-8a46-324f-1e28-65e97d0ee302">
      <Execution id="8a4b8749-60ce-4278-ba4f-80d17fe9fecf" />
      <TestMethod codeBase="/home/runner/work/Musoq/Musoq/Musoq.Evaluator.Tests/bin/Debug/net8.0/Musoq.Evaluator.Tests.dll" adapterTypeName="executor://mstestadapter/v2" className="Musoq.Evaluator.Tests.DynamicSourceWithDynamicTypeHinting" name="WithDynamicSource_IncrementAccessedProperty_ShouldPass" />
    </UnitTest>
    <UnitTest name="GroupByWithParentCountTest" storage="/home/runner/work/musoq/musoq/musoq.evaluator.tests/bin/debug/net8.0/musoq.evaluator.tests.dll" id="edc313b2-b997-e0ba-b50e-9da1d0979b3a">
      <Execution id="3e1a64da-7acf-4a6a-80c4-e66e1899f223" />
      <TestMethod codeBase="/home/runner/work/Musoq/Musoq/Musoq.Evaluator.Tests/bin/Debug/net8.0/Musoq.Evaluator.Tests.dll" adapterTypeName="executor://mstestadapter/v2" className="Musoq.Evaluator.Tests.GroupByTests" name="GroupByWithParentCountTest" />
    </UnitTest>
    <UnitTest name="WhenShortMethodCallAndDecimalUsed_ShouldHaveColumnOfThatType" storage="/home/runner/work/musoq/musoq/musoq.evaluator.tests/bin/debug/net8.0/musoq.evaluator.tests.dll" id="d237f851-d15d-9ea1-e50c-0f7b70ca90d4">
      <Execution id="058be03f-ed18-4e32-a5c7-54fb3875a213" />
      <TestMethod codeBase="/home/runner/work/Musoq/Musoq/Musoq.Evaluator.Tests/bin/Debug/net8.0/Musoq.Evaluator.Tests.dll" adapterTypeName="executor://mstestadapter/v2" className="Musoq.Evaluator.Tests.ArithmeticForMethodCallAndTypeSpecificOperationTests" name="WhenShortMethodCallAndDecimalUsed_ShouldHaveColumnOfThatType" />
    </UnitTest>
    <UnitTest name="WhenBitwiseAndBetweenSbyteAndShort_ShouldBeEvaluated" storage="/home/runner/work/musoq/musoq/musoq.evaluator.tests/bin/debug/net8.0/musoq.evaluator.tests.dll" id="cba75bb7-3907-7189-d594-7bfc23e7605d">
      <Execution id="99d1f198-5d5f-4ee5-8db6-be4487687dbb" />
      <TestMethod codeBase="/home/runner/work/Musoq/Musoq/Musoq.Evaluator.Tests/bin/Debug/net8.0/Musoq.Evaluator.Tests.dll" adapterTypeName="executor://mstestadapter/v2" className="Musoq.Evaluator.Tests.BitwiseOperationsAndTests" name="WhenBitwiseAndBetweenSbyteAndShort_ShouldBeEvaluated" />
    </UnitTest>
    <UnitTest name="WhenWhereExpressionMustBeRewrittenDueToExchangingColumnsBetweenThreeSources_ShouldPass" storage="/home/runner/work/musoq/musoq/musoq.evaluator.tests/bin/debug/net8.0/musoq.evaluator.tests.dll" id="c0ffccd6-3bb0-fe95-2fd4-4ed96b854e22">
      <Execution id="9a2ba1eb-7c3d-417d-b55f-497319da6928" />
      <TestMethod codeBase="/home/runner/work/Musoq/Musoq/Musoq.Evaluator.Tests/bin/Debug/net8.0/Musoq.Evaluator.Tests.dll" adapterTypeName="executor://mstestadapter/v2" className="Musoq.Evaluator.Tests.RewriteWhereExpressionToPassItToDataSourceTests" name="WhenWhereExpressionMustBeRewrittenDueToExchangingColumnsBetweenThreeSources_ShouldPass" />
    </UnitTest>
    <UnitTest name="WhenIntMethodCallAndIntUsed_ShouldHaveColumnOfThatType" storage="/home/runner/work/musoq/musoq/musoq.evaluator.tests/bin/debug/net8.0/musoq.evaluator.tests.dll" id="107468cf-8688-339a-d41a-5ec9d676e49f">
      <Execution id="d01e483d-2dad-4a44-8e8b-8cedbcec3d6a" />
      <TestMethod codeBase="/home/runner/work/Musoq/Musoq/Musoq.Evaluator.Tests/bin/Debug/net8.0/Musoq.Evaluator.Tests.dll" adapterTypeName="executor://mstestadapter/v2" className="Musoq.Evaluator.Tests.ArithmeticForMethodCallAndTypeSpecificOperationTests" name="WhenIntMethodCallAndIntUsed_ShouldHaveColumnOfThatType" />
    </UnitTest>
    <UnitTest name="WhenAliasUsedWithinCte_AndSameUsedWithinOuterQuery_AliasesShouldNotClash" storage="/home/runner/work/musoq/musoq/musoq.evaluator.tests/bin/debug/net8.0/musoq.evaluator.tests.dll" id="7aa3a1bf-7492-ff6f-d52d-3a18551f1169">
      <Execution id="fff54247-6252-44b6-a88b-f77bc136b6c1" />
      <TestMethod codeBase="/home/runner/work/Musoq/Musoq/Musoq.Evaluator.Tests/bin/Debug/net8.0/Musoq.Evaluator.Tests.dll" adapterTypeName="executor://mstestadapter/v2" className="Musoq.Evaluator.Tests.AliasTests" name="WhenAliasUsedWithinCte_AndSameUsedWithinOuterQuery_AliasesShouldNotClash" />
    </UnitTest>
    <UnitTest name="WhenBitwiseOrBetweenShortAndSByte_ShouldBeEvaluated" storage="/home/runner/work/musoq/musoq/musoq.evaluator.tests/bin/debug/net8.0/musoq.evaluator.tests.dll" id="f7f0c4a9-bdbe-0e0a-884c-2dc4fa6ff524">
      <Execution id="8bd122aa-50da-439f-afc1-fb72e2b84f08" />
      <TestMethod codeBase="/home/runner/work/Musoq/Musoq/Musoq.Evaluator.Tests/bin/Debug/net8.0/Musoq.Evaluator.Tests.dll" adapterTypeName="executor://mstestadapter/v2" className="Musoq.Evaluator.Tests.BitwiseOperationsOrTests" name="WhenBitwiseOrBetweenShortAndSByte_ShouldBeEvaluated" />
    </UnitTest>
    <UnitTest name="RLikeOperatorTest" storage="/home/runner/work/musoq/musoq/musoq.evaluator.tests/bin/debug/net8.0/musoq.evaluator.tests.dll" id="c0ffd9d1-5d5a-d0e6-2d40-a2c560e0ecf0">
      <Execution id="58347b6d-e3bb-4ab8-ab80-40c1d6f85a20" />
      <TestMethod codeBase="/home/runner/work/Musoq/Musoq/Musoq.Evaluator.Tests/bin/Debug/net8.0/Musoq.Evaluator.Tests.dll" adapterTypeName="executor://mstestadapter/v2" className="Musoq.Evaluator.Tests.SingleSchemaEvaluatorTests" name="RLikeOperatorTest" />
    </UnitTest>
    <UnitTest name="WhenStarUnfoldToMultipleColumns_AndExplicitColumnIsUsedAsAnotherColumn_ShouldPass" storage="/home/runner/work/musoq/musoq/musoq.evaluator.tests/bin/debug/net8.0/musoq.evaluator.tests.dll" id="22298398-bc6f-6018-2255-6d3a8cb77d79">
      <Execution id="fb19c85e-cbef-43d2-a237-50b924ac00d2" />
      <TestMethod codeBase="/home/runner/work/Musoq/Musoq/Musoq.Evaluator.Tests/bin/Debug/net8.0/Musoq.Evaluator.Tests.dll" adapterTypeName="executor://mstestadapter/v2" className="Musoq.Evaluator.Tests.StarTests" name="WhenStarUnfoldToMultipleColumns_AndExplicitColumnIsUsedAsAnotherColumn_ShouldPass" />
    </UnitTest>
    <UnitTest name="WhenValueOfIntTypeOccured_ShouldHaveColumnOfThatType" storage="/home/runner/work/musoq/musoq/musoq.evaluator.tests/bin/debug/net8.0/musoq.evaluator.tests.dll" id="5306f01e-16fa-430c-a38d-45acee08d24a">
      <Execution id="69ab39ff-1b8c-49c3-b07c-b764685f699b" />
      <TestMethod codeBase="/home/runner/work/Musoq/Musoq/Musoq.Evaluator.Tests/bin/Debug/net8.0/Musoq.Evaluator.Tests.dll" adapterTypeName="executor://mstestadapter/v2" className="Musoq.Evaluator.Tests.PrimitiveTypesTests" name="WhenValueOfIntTypeOccured_ShouldHaveColumnOfThatType" />
    </UnitTest>
    <UnitTest name="WhenBitwiseAndBetweenUlongAndByte_ShouldBeEvaluated" storage="/home/runner/work/musoq/musoq/musoq.evaluator.tests/bin/debug/net8.0/musoq.evaluator.tests.dll" id="bffb5da2-73c5-b652-f2ac-45cac7b4e408">
      <Execution id="5f7cb058-b380-4550-9b66-d4c21069016d" />
      <TestMethod codeBase="/home/runner/work/Musoq/Musoq/Musoq.Evaluator.Tests/bin/Debug/net8.0/Musoq.Evaluator.Tests.dll" adapterTypeName="executor://mstestadapter/v2" className="Musoq.Evaluator.Tests.BitwiseOperationsAndTests" name="WhenBitwiseAndBetweenUlongAndByte_ShouldBeEvaluated" />
    </UnitTest>
    <UnitTest name="WhenNegativeLongUsed_ShouldHaveColumnOfThatType" storage="/home/runner/work/musoq/musoq/musoq.evaluator.tests/bin/debug/net8.0/musoq.evaluator.tests.dll" id="a93282ca-cf9a-7cf5-0203-bbd74bfb0bfd">
      <Execution id="7817f405-9ec3-426f-a7dc-5194a7b4bd1d" />
      <TestMethod codeBase="/home/runner/work/Musoq/Musoq/Musoq.Evaluator.Tests/bin/Debug/net8.0/Musoq.Evaluator.Tests.dll" adapterTypeName="executor://mstestadapter/v2" className="Musoq.Evaluator.Tests.NumericLiteralTypesTests" name="WhenNegativeLongUsed_ShouldHaveColumnOfThatType" />
    </UnitTest>
    <UnitTest name="OuterApplyProperty_WithWhere_ShouldPass" storage="/home/runner/work/musoq/musoq/musoq.evaluator.tests/bin/debug/net8.0/musoq.evaluator.tests.dll" id="22bd0ef0-0ad4-0b66-b8e7-59a4c4ff7138">
      <Execution id="aea0e51a-4295-40aa-98aa-fde0e4c601d1" />
      <TestMethod codeBase="/home/runner/work/Musoq/Musoq/Musoq.Evaluator.Tests/bin/Debug/net8.0/Musoq.Evaluator.Tests.dll" adapterTypeName="executor://mstestadapter/v2" className="Musoq.Evaluator.Tests.OuterApplySelfPropertyTests" name="OuterApplyProperty_WithWhere_ShouldPass" />
    </UnitTest>
    <UnitTest name="SimpleGroupByTest" storage="/home/runner/work/musoq/musoq/musoq.evaluator.tests/bin/debug/net8.0/musoq.evaluator.tests.dll" id="ac9ad331-9d2b-e8bf-0742-03065968fca1">
      <Execution id="5653bb8c-e88f-4ecc-8427-c8db6f5d4d4a" />
      <TestMethod codeBase="/home/runner/work/Musoq/Musoq/Musoq.Evaluator.Tests/bin/Debug/net8.0/Musoq.Evaluator.Tests.dll" adapterTypeName="executor://mstestadapter/v2" className="Musoq.Evaluator.Tests.GroupByTests" name="SimpleGroupByTest" />
    </UnitTest>
    <UnitTest name="GroupByWithValueTest" storage="/home/runner/work/musoq/musoq/musoq.evaluator.tests/bin/debug/net8.0/musoq.evaluator.tests.dll" id="bf5fdd0f-ff96-25b0-f8e6-b9f553306d73">
      <Execution id="a89e84bd-eb40-49bf-84aa-1249c6a5095a" />
      <TestMethod codeBase="/home/runner/work/Musoq/Musoq/Musoq.Evaluator.Tests/bin/Debug/net8.0/Musoq.Evaluator.Tests.dll" adapterTypeName="executor://mstestadapter/v2" className="Musoq.Evaluator.Tests.GroupByTests" name="GroupByWithValueTest" />
    </UnitTest>
    <UnitTest name="SelectDecimalWithoutMarkingNumberExplicitlyTest" storage="/home/runner/work/musoq/musoq/musoq.evaluator.tests/bin/debug/net8.0/musoq.evaluator.tests.dll" id="00189caf-ff8f-7381-167f-0f97990ffadb">
      <Execution id="27084a0f-6c0d-4b1b-b2bc-ee2a194fa809" />
      <TestMethod codeBase="/home/runner/work/Musoq/Musoq/Musoq.Evaluator.Tests/bin/Debug/net8.0/Musoq.Evaluator.Tests.dll" adapterTypeName="executor://mstestadapter/v2" className="Musoq.Evaluator.Tests.SingleSchemaEvaluatorTests" name="SelectDecimalWithoutMarkingNumberExplicitlyTest" />
    </UnitTest>
    <UnitTest name="WhenUShortAndFloatUsed_ShouldHaveColumnOfThatType" storage="/home/runner/work/musoq/musoq/musoq.evaluator.tests/bin/debug/net8.0/musoq.evaluator.tests.dll" id="3c1ecc9c-adb6-8041-90fa-5fdca48de61a">
      <Execution id="30eedda8-1447-4244-ad41-11bfb6b44a68" />
      <TestMethod codeBase="/home/runner/work/Musoq/Musoq/Musoq.Evaluator.Tests/bin/Debug/net8.0/Musoq.Evaluator.Tests.dll" adapterTypeName="executor://mstestadapter/v2" className="Musoq.Evaluator.Tests.ArithmeticForCrossTypesTests" name="WhenUShortAndFloatUsed_ShouldHaveColumnOfThatType" />
    </UnitTest>
    <UnitTest name="WhenToStringCalled_ShouldReturnSameQuery (select s.Column1, s.Column2 from #some.thing() s group by s.Column2)" storage="/home/runner/work/musoq/musoq/musoq.evaluator.tests/bin/debug/net8.0/musoq.evaluator.tests.dll" id="0002454b-6803-d14f-410b-fe4160808b71">
      <Execution id="2d2178a7-7152-4a8b-9def-ab0b88e083d0" />
      <TestMethod codeBase="/home/runner/work/Musoq/Musoq/Musoq.Evaluator.Tests/bin/Debug/net8.0/Musoq.Evaluator.Tests.dll" adapterTypeName="executor://mstestadapter/v2" className="Musoq.Evaluator.Tests.StringifyTests" name="WhenToStringCalled_ShouldReturnSameQuery" />
    </UnitTest>
    <UnitTest name="WhenMergeArraysButSingleArrayPassed_ShouldChoseCorrectImplementation" storage="/home/runner/work/musoq/musoq/musoq.evaluator.tests/bin/debug/net8.0/musoq.evaluator.tests.dll" id="b45c0440-723c-49dc-749a-2be0e5084072">
      <Execution id="eaaf79f4-de61-4933-8320-aa573fe92abb" />
      <TestMethod codeBase="/home/runner/work/Musoq/Musoq/Musoq.Evaluator.Tests/bin/Debug/net8.0/Musoq.Evaluator.Tests.dll" adapterTypeName="executor://mstestadapter/v2" className="Musoq.Evaluator.Tests.GenericTests" name="WhenMergeArraysButSingleArrayPassed_ShouldChoseCorrectImplementation" />
    </UnitTest>
    <UnitTest name="WhenStarUnfoldToMultipleColumns_AndExplicitColumnIsUsedWithinWhere_ShouldPass" storage="/home/runner/work/musoq/musoq/musoq.evaluator.tests/bin/debug/net8.0/musoq.evaluator.tests.dll" id="201b1746-1752-f77c-cd86-3e465dd88549">
      <Execution id="74408cef-4098-49bb-b299-245eb2fcf05d" />
      <TestMethod codeBase="/home/runner/work/Musoq/Musoq/Musoq.Evaluator.Tests/bin/Debug/net8.0/Musoq.Evaluator.Tests.dll" adapterTypeName="executor://mstestadapter/v2" className="Musoq.Evaluator.Tests.StarTests" name="WhenStarUnfoldToMultipleColumns_AndExplicitColumnIsUsedWithinWhere_ShouldPass" />
    </UnitTest>
    <UnitTest name="WhenCompilerMustDecideWhichOneOfTheMethodsUse_ShouldChoseFirstOne" storage="/home/runner/work/musoq/musoq/musoq.evaluator.tests/bin/debug/net8.0/musoq.evaluator.tests.dll" id="cf4f8bbc-31a2-40a6-490b-80b6f741d0bf">
      <Execution id="0f802f5a-9f54-48d4-befa-9bda180ae85d" />
      <TestMethod codeBase="/home/runner/work/Musoq/Musoq/Musoq.Evaluator.Tests/bin/Debug/net8.0/Musoq.Evaluator.Tests.dll" adapterTypeName="executor://mstestadapter/v2" className="Musoq.Evaluator.Tests.MultipleSchemasEvaluatorTests" name="WhenCompilerMustDecideWhichOneOfTheMethodsUse_ShouldChoseFirstOne" />
    </UnitTest>
    <UnitTest name="WhenULongMethodCallAndDecimalUsed_ShouldHaveColumnOfThatType" storage="/home/runner/work/musoq/musoq/musoq.evaluator.tests/bin/debug/net8.0/musoq.evaluator.tests.dll" id="05ba8be3-5ef4-5b55-25c8-e52d5cf76e07">
      <Execution id="d09dfaea-c88f-4b02-8514-e7f474d4e09d" />
      <TestMethod codeBase="/home/runner/work/Musoq/Musoq/Musoq.Evaluator.Tests/bin/Debug/net8.0/Musoq.Evaluator.Tests.dll" adapterTypeName="executor://mstestadapter/v2" className="Musoq.Evaluator.Tests.ArithmeticForMethodCallAndTypeSpecificOperationTests" name="WhenULongMethodCallAndDecimalUsed_ShouldHaveColumnOfThatType" />
    </UnitTest>
    <UnitTest name="WhenShortAndByteUsed_ShouldHaveColumnOfThatType" storage="/home/runner/work/musoq/musoq/musoq.evaluator.tests/bin/debug/net8.0/musoq.evaluator.tests.dll" id="f35aa48a-4848-8395-7367-8c7b56a9e78f">
      <Execution id="5a23eef5-c9f9-4a3a-b6f1-75e1c9bc82a7" />
      <TestMethod codeBase="/home/runner/work/Musoq/Musoq/Musoq.Evaluator.Tests/bin/Debug/net8.0/Musoq.Evaluator.Tests.dll" adapterTypeName="executor://mstestadapter/v2" className="Musoq.Evaluator.Tests.ArithmeticForCrossTypesTests" name="WhenShortAndByteUsed_ShouldHaveColumnOfThatType" />
    </UnitTest>
    <UnitTest name="GroupByComplexObjectAccessTest" storage="/home/runner/work/musoq/musoq/musoq.evaluator.tests/bin/debug/net8.0/musoq.evaluator.tests.dll" id="ced8bd61-14d0-63d2-b210-efbe1363c0f4">
      <Execution id="117fb39c-22a7-46cf-9df2-53d7965e7077" />
      <TestMethod codeBase="/home/runner/work/Musoq/Musoq/Musoq.Evaluator.Tests/bin/Debug/net8.0/Musoq.Evaluator.Tests.dll" adapterTypeName="executor://mstestadapter/v2" className="Musoq.Evaluator.Tests.GroupByTests" name="GroupByComplexObjectAccessTest" />
    </UnitTest>
    <UnitTest name="WhenBitwiseXorBetweenUshortAndLong_ShouldBeEvaluated" storage="/home/runner/work/musoq/musoq/musoq.evaluator.tests/bin/debug/net8.0/musoq.evaluator.tests.dll" id="08455e25-369d-8a18-ce6c-239a969cf5d2">
      <Execution id="8fa61c96-0408-4943-b3db-8685fe043072" />
      <TestMethod codeBase="/home/runner/work/Musoq/Musoq/Musoq.Evaluator.Tests/bin/Debug/net8.0/Musoq.Evaluator.Tests.dll" adapterTypeName="executor://mstestadapter/v2" className="Musoq.Evaluator.Tests.BitwiseOperationsXorTests" name="WhenBitwiseXorBetweenUshortAndLong_ShouldBeEvaluated" />
    </UnitTest>
    <UnitTest name="WhenSByteAndFloatUsed_ShouldHaveColumnOfFloatType" storage="/home/runner/work/musoq/musoq/musoq.evaluator.tests/bin/debug/net8.0/musoq.evaluator.tests.dll" id="616a01ed-ccc2-8e9d-cb73-ad7a1ad699e0">
      <Execution id="a90aea4d-74ca-46ab-8291-4f033e311f5a" />
      <TestMethod codeBase="/home/runner/work/Musoq/Musoq/Musoq.Evaluator.Tests/bin/Debug/net8.0/Musoq.Evaluator.Tests.dll" adapterTypeName="executor://mstestadapter/v2" className="Musoq.Evaluator.Tests.ArithmeticForCrossTypesTests" name="WhenSByteAndFloatUsed_ShouldHaveColumnOfFloatType" />
    </UnitTest>
    <UnitTest name="WhenByteMethodCallAndShortUsed_ShouldHaveColumnOfThatType" storage="/home/runner/work/musoq/musoq/musoq.evaluator.tests/bin/debug/net8.0/musoq.evaluator.tests.dll" id="c8fefeb0-1f15-74f8-e2a2-23bb5383330d">
      <Execution id="e3ca2c07-64ed-48ed-a46e-349f9bda0c3b" />
      <TestMethod codeBase="/home/runner/work/Musoq/Musoq/Musoq.Evaluator.Tests/bin/Debug/net8.0/Musoq.Evaluator.Tests.dll" adapterTypeName="executor://mstestadapter/v2" className="Musoq.Evaluator.Tests.ArithmeticForMethodCallAndTypeSpecificOperationTests" name="WhenByteMethodCallAndShortUsed_ShouldHaveColumnOfThatType" />
    </UnitTest>
    <UnitTest name="WhenBitwiseOrBetweenShortAndShort_ShouldBeEvaluated" storage="/home/runner/work/musoq/musoq/musoq.evaluator.tests/bin/debug/net8.0/musoq.evaluator.tests.dll" id="18d48675-6509-bb11-3fee-5d716dee4f28">
      <Execution id="720424e3-1739-4e1f-ac5e-3ed4c30b5231" />
      <TestMethod codeBase="/home/runner/work/Musoq/Musoq/Musoq.Evaluator.Tests/bin/Debug/net8.0/Musoq.Evaluator.Tests.dll" adapterTypeName="executor://mstestadapter/v2" className="Musoq.Evaluator.Tests.BitwiseOperationsOrTests" name="WhenBitwiseOrBetweenShortAndShort_ShouldBeEvaluated" />
    </UnitTest>
    <UnitTest name="SimpleAdditionSubtractionTest" storage="/home/runner/work/musoq/musoq/musoq.evaluator.tests/bin/debug/net8.0/musoq.evaluator.tests.dll" id="351d1312-d0c8-afa0-4e16-79c8f351a7fc">
      <Execution id="2748e038-2db5-46d3-890b-7b216a680b51" />
      <TestMethod codeBase="/home/runner/work/Musoq/Musoq/Musoq.Evaluator.Tests/bin/Debug/net8.0/Musoq.Evaluator.Tests.dll" adapterTypeName="executor://mstestadapter/v2" className="Musoq.Evaluator.Tests.ArithmeticTests" name="SimpleAdditionSubtractionTest" />
    </UnitTest>
    <UnitTest name="WhenToStringCalled_ShouldReturnSameQuery (select s.Column1, s.Column2 from #some.thing() s where s.Column1 &lt;= 15 group by s.Column2 take 6)" storage="/home/runner/work/musoq/musoq/musoq.evaluator.tests/bin/debug/net8.0/musoq.evaluator.tests.dll" id="b67d4cd9-6d84-e1a7-a4e4-030e2d108de5">
      <Execution id="b319b2ad-2927-427e-87c5-191225db06fc" />
      <TestMethod codeBase="/home/runner/work/Musoq/Musoq/Musoq.Evaluator.Tests/bin/Debug/net8.0/Musoq.Evaluator.Tests.dll" adapterTypeName="executor://mstestadapter/v2" className="Musoq.Evaluator.Tests.StringifyTests" name="WhenToStringCalled_ShouldReturnSameQuery" />
    </UnitTest>
    <UnitTest name="CrossApply_SchemaAndMethod_WithComplexObjects" storage="/home/runner/work/musoq/musoq/musoq.evaluator.tests/bin/debug/net8.0/musoq.evaluator.tests.dll" id="3122a47e-519a-08eb-5d14-0bc46096118a">
      <Execution id="c5f13a46-50d2-4ee5-a4dd-477e98df7113" />
      <TestMethod codeBase="/home/runner/work/Musoq/Musoq/Musoq.Evaluator.Tests/bin/Debug/net8.0/Musoq.Evaluator.Tests.dll" adapterTypeName="executor://mstestadapter/v2" className="Musoq.Evaluator.Tests.CrossApplyMixedTests" name="CrossApply_SchemaAndMethod_WithComplexObjects" />
    </UnitTest>
    <UnitTest name="WhenNullableBooleanFields_ForBinaryOperator_WithMixedSyntaxApplied_FirstExpression_ShouldPass" storage="/home/runner/work/musoq/musoq/musoq.evaluator.tests/bin/debug/net8.0/musoq.evaluator.tests.dll" id="60984a42-992c-1350-0a18-84964972aea8">
      <Execution id="e78936fb-520f-44b2-92d3-43d851a43e5f" />
      <TestMethod codeBase="/home/runner/work/Musoq/Musoq/Musoq.Evaluator.Tests/bin/Debug/net8.0/Musoq.Evaluator.Tests.dll" adapterTypeName="executor://mstestadapter/v2" className="Musoq.Evaluator.Tests.MethodInvocationTests" name="WhenNullableBooleanFields_ForBinaryOperator_WithMixedSyntaxApplied_FirstExpression_ShouldPass" />
    </UnitTest>
    <UnitTest name="JoinWithCaseWhenTest" storage="/home/runner/work/musoq/musoq/musoq.evaluator.tests/bin/debug/net8.0/musoq.evaluator.tests.dll" id="1377ecfa-7bcc-4a66-181e-69145937b6a9">
      <Execution id="d6785b39-69d0-4104-96c2-3713f24cc67d" />
      <TestMethod codeBase="/home/runner/work/Musoq/Musoq/Musoq.Evaluator.Tests/bin/Debug/net8.0/Musoq.Evaluator.Tests.dll" adapterTypeName="executor://mstestadapter/v2" className="Musoq.Evaluator.Tests.JoinTests" name="JoinWithCaseWhenTest" />
    </UnitTest>
    <UnitTest name="WhenBitwiseNotOnByte_ShouldBeEvaluated" storage="/home/runner/work/musoq/musoq/musoq.evaluator.tests/bin/debug/net8.0/musoq.evaluator.tests.dll" id="ae23a2f1-925d-753e-873a-5c11f4eb471d">
      <Execution id="1306cc2d-f80f-4351-a99a-f385bb2c0415" />
      <TestMethod codeBase="/home/runner/work/Musoq/Musoq/Musoq.Evaluator.Tests/bin/Debug/net8.0/Musoq.Evaluator.Tests.dll" adapterTypeName="executor://mstestadapter/v2" className="Musoq.Evaluator.Tests.BitwiseOperationsNotTests" name="WhenBitwiseNotOnByte_ShouldBeEvaluated" />
    </UnitTest>
    <UnitTest name="MatchWithRegexTest" storage="/home/runner/work/musoq/musoq/musoq.evaluator.tests/bin/debug/net8.0/musoq.evaluator.tests.dll" id="3e7a927b-fada-dde6-c422-67eb6b3957a7">
      <Execution id="89c37954-1270-489a-a006-1740f2d199e3" />
      <TestMethod codeBase="/home/runner/work/Musoq/Musoq/Musoq.Evaluator.Tests/bin/Debug/net8.0/Musoq.Evaluator.Tests.dll" adapterTypeName="executor://mstestadapter/v2" className="Musoq.Evaluator.Tests.SingleSchemaEvaluatorTests" name="MatchWithRegexTest" />
    </UnitTest>
    <UnitTest name="ArrayAccess_MultipleDifferentIndices_ShouldHandleCorrectly" storage="/home/runner/work/musoq/musoq/musoq.evaluator.tests/bin/debug/net8.0/musoq.evaluator.tests.dll" id="fa357b40-47b7-965b-fa86-37f65b67ad37">
      <Execution id="2315fd06-c908-43f4-8ce2-480c8a615e35" />
      <TestMethod codeBase="/home/runner/work/Musoq/Musoq/Musoq.Evaluator.Tests/bin/Debug/net8.0/Musoq.Evaluator.Tests.dll" adapterTypeName="executor://mstestadapter/v2" className="Musoq.Evaluator.Tests.ArrayAccessEdgeCaseTests" name="ArrayAccess_MultipleDifferentIndices_ShouldHandleCorrectly" />
    </UnitTest>
    <UnitTest name="WhenDoubleAndByteUsed_ShouldHaveColumnOfThatType" storage="/home/runner/work/musoq/musoq/musoq.evaluator.tests/bin/debug/net8.0/musoq.evaluator.tests.dll" id="186d14a4-7497-9464-5d31-cb36451628fd">
      <Execution id="e8c668f6-8bc3-40e7-9808-cda2235c7bfd" />
      <TestMethod codeBase="/home/runner/work/Musoq/Musoq/Musoq.Evaluator.Tests/bin/Debug/net8.0/Musoq.Evaluator.Tests.dll" adapterTypeName="executor://mstestadapter/v2" className="Musoq.Evaluator.Tests.ArithmeticForCrossTypesTests" name="WhenDoubleAndByteUsed_ShouldHaveColumnOfThatType" />
    </UnitTest>
    <UnitTest name="WhenToStringCalled_ShouldReturnSameQuery (select s.Column1, s.Column2 from #some.thing() s where s.Column2 is not null order by s.Column1 skip 8)" storage="/home/runner/work/musoq/musoq/musoq.evaluator.tests/bin/debug/net8.0/musoq.evaluator.tests.dll" id="fb0ebea0-4021-47dd-2188-2c5b34606326">
      <Execution id="a6fe0817-6024-42fa-8c2c-1d4a6a19ccd0" />
      <TestMethod codeBase="/home/runner/work/Musoq/Musoq/Musoq.Evaluator.Tests/bin/Debug/net8.0/Musoq.Evaluator.Tests.dll" adapterTypeName="executor://mstestadapter/v2" className="Musoq.Evaluator.Tests.StringifyTests" name="WhenToStringCalled_ShouldReturnSameQuery" />
    </UnitTest>
    <UnitTest name="WhenValueOfUlongTypeOccured_ShouldHaveColumnOfThatType" storage="/home/runner/work/musoq/musoq/musoq.evaluator.tests/bin/debug/net8.0/musoq.evaluator.tests.dll" id="ea81a3f2-6391-e50e-33e8-0d02d3032928">
      <Execution id="61ddadfa-c575-4c5e-bddf-28a83b380023" />
      <TestMethod codeBase="/home/runner/work/Musoq/Musoq/Musoq.Evaluator.Tests/bin/Debug/net8.0/Musoq.Evaluator.Tests.dll" adapterTypeName="executor://mstestadapter/v2" className="Musoq.Evaluator.Tests.PrimitiveTypesTests" name="WhenValueOfUlongTypeOccured_ShouldHaveColumnOfThatType" />
    </UnitTest>
    <UnitTest name="WhenULongAndUIntUsed_ShouldHaveColumnOfThatType" storage="/home/runner/work/musoq/musoq/musoq.evaluator.tests/bin/debug/net8.0/musoq.evaluator.tests.dll" id="92fe138e-66f5-3064-bd0c-8f2013ed492b">
      <Execution id="544e22ee-e094-479f-bedf-a199ac27f935" />
      <TestMethod codeBase="/home/runner/work/Musoq/Musoq/Musoq.Evaluator.Tests/bin/Debug/net8.0/Musoq.Evaluator.Tests.dll" adapterTypeName="executor://mstestadapter/v2" className="Musoq.Evaluator.Tests.ArithmeticForCrossTypesTests" name="WhenULongAndUIntUsed_ShouldHaveColumnOfThatType" />
    </UnitTest>
    <UnitTest name="SimpleRowNumberStatTest" storage="/home/runner/work/musoq/musoq/musoq.evaluator.tests/bin/debug/net8.0/musoq.evaluator.tests.dll" id="437f092c-e05a-274d-ffcb-fd9965faa1be">
      <Execution id="b2d9676c-69b5-4fcf-b8fc-f1b9c15eaab5" />
      <TestMethod codeBase="/home/runner/work/Musoq/Musoq/Musoq.Evaluator.Tests/bin/Debug/net8.0/Musoq.Evaluator.Tests.dll" adapterTypeName="executor://mstestadapter/v2" className="Musoq.Evaluator.Tests.SingleSchemaEvaluatorTests" name="SimpleRowNumberStatTest" />
    </UnitTest>
    <UnitTest name="SimpleGroupByWithSkipTakeTest" storage="/home/runner/work/musoq/musoq/musoq.evaluator.tests/bin/debug/net8.0/musoq.evaluator.tests.dll" id="d2c64857-e3f9-2ec9-cab5-2a4816af23bc">
      <Execution id="5111d39d-d1bb-4346-8db4-29fd77a9aef6" />
      <TestMethod codeBase="/home/runner/work/Musoq/Musoq/Musoq.Evaluator.Tests/bin/Debug/net8.0/Musoq.Evaluator.Tests.dll" adapterTypeName="executor://mstestadapter/v2" className="Musoq.Evaluator.Tests.GroupByTests" name="SimpleGroupByWithSkipTakeTest" />
    </UnitTest>
    <UnitTest name="MultipleCaseWhenWithLibraryMethodCallTest" storage="/home/runner/work/musoq/musoq/musoq.evaluator.tests/bin/debug/net8.0/musoq.evaluator.tests.dll" id="6e14db2c-ad6c-6026-6262-e49cb44c6363">
      <Execution id="cdec42e5-4a5d-45c0-9518-19bf3586aa75" />
      <TestMethod codeBase="/home/runner/work/Musoq/Musoq/Musoq.Evaluator.Tests/bin/Debug/net8.0/Musoq.Evaluator.Tests.dll" adapterTypeName="executor://mstestadapter/v2" className="Musoq.Evaluator.Tests.SingleSchemaEvaluatorTests" name="MultipleCaseWhenWithLibraryMethodCallTest" />
    </UnitTest>
    <UnitTest name="WhenBitwiseXorBetweenUIntAndInt_ShouldBeEvaluated" storage="/home/runner/work/musoq/musoq/musoq.evaluator.tests/bin/debug/net8.0/musoq.evaluator.tests.dll" id="8c47a119-01be-cd78-d612-ccc6b18e4c3f">
      <Execution id="ce6aab05-8f66-4e6a-8774-b6cfe9a8c699" />
      <TestMethod codeBase="/home/runner/work/Musoq/Musoq/Musoq.Evaluator.Tests/bin/Debug/net8.0/Musoq.Evaluator.Tests.dll" adapterTypeName="executor://mstestadapter/v2" className="Musoq.Evaluator.Tests.BitwiseOperationsXorTests" name="WhenBitwiseXorBetweenUIntAndInt_ShouldBeEvaluated" />
    </UnitTest>
    <UnitTest name="WhenUShortMethodCallAndSByteUsed_ShouldHaveColumnOfThatType" storage="/home/runner/work/musoq/musoq/musoq.evaluator.tests/bin/debug/net8.0/musoq.evaluator.tests.dll" id="1d9568e2-25b3-5dbd-0798-619750a25cd1">
      <Execution id="1c886662-6f8b-407c-83bb-9c317ebaee8c" />
      <TestMethod codeBase="/home/runner/work/Musoq/Musoq/Musoq.Evaluator.Tests/bin/Debug/net8.0/Musoq.Evaluator.Tests.dll" adapterTypeName="executor://mstestadapter/v2" className="Musoq.Evaluator.Tests.ArithmeticForMethodCallAndTypeSpecificOperationTests" name="WhenUShortMethodCallAndSByteUsed_ShouldHaveColumnOfThatType" />
    </UnitTest>
    <UnitTest name="WhenToStringCalled_ShouldReturnSameQuery (select 1 as X, 2 as Y from #A.entities())" storage="/home/runner/work/musoq/musoq/musoq.evaluator.tests/bin/debug/net8.0/musoq.evaluator.tests.dll" id="17e58ba2-738d-443b-5cd0-d3eacf360b83">
      <Execution id="f1852051-f221-4cc4-9c93-41300128b51a" />
      <TestMethod codeBase="/home/runner/work/Musoq/Musoq/Musoq.Evaluator.Tests/bin/Debug/net8.0/Musoq.Evaluator.Tests.dll" adapterTypeName="executor://mstestadapter/v2" className="Musoq.Evaluator.Tests.StringifyTests" name="WhenToStringCalled_ShouldReturnSameQuery" />
    </UnitTest>
    <UnitTest name="WhenExceptDoesNotHaveAKey_ShouldFail" storage="/home/runner/work/musoq/musoq/musoq.evaluator.tests/bin/debug/net8.0/musoq.evaluator.tests.dll" id="c0b126dc-c4bb-ea1b-2643-0deae49e6640">
      <Execution id="61134fab-2702-4bd2-98be-6367932c9919" />
      <TestMethod codeBase="/home/runner/work/Musoq/Musoq/Musoq.Evaluator.Tests/bin/Debug/net8.0/Musoq.Evaluator.Tests.dll" adapterTypeName="executor://mstestadapter/v2" className="Musoq.Evaluator.Tests.SetsOperatorsTests" name="WhenExceptDoesNotHaveAKey_ShouldFail" />
    </UnitTest>
    <UnitTest name="WhenCompilerMustDecideWhichOneOfTheMethodsUse_ShouldChoseTheFirstOne" storage="/home/runner/work/musoq/musoq/musoq.evaluator.tests/bin/debug/net8.0/musoq.evaluator.tests.dll" id="fae9c741-fcfd-2f09-52f3-f77f61e7ba1b">
      <Execution id="4a43213e-aa44-4d1f-8361-bcb5744acb27" />
      <TestMethod codeBase="/home/runner/work/Musoq/Musoq/Musoq.Evaluator.Tests/bin/Debug/net8.0/Musoq.Evaluator.Tests.dll" adapterTypeName="executor://mstestadapter/v2" className="Musoq.Evaluator.Tests.MultipleSchemasEvaluatorTests" name="WhenCompilerMustDecideWhichOneOfTheMethodsUse_ShouldChoseTheFirstOne" />
    </UnitTest>
    <UnitTest name="WhenBitwiseAndBetweenByteAndInt_ShouldBeEvaluated" storage="/home/runner/work/musoq/musoq/musoq.evaluator.tests/bin/debug/net8.0/musoq.evaluator.tests.dll" id="11996133-a25e-8657-46ca-2573d9b2c122">
      <Execution id="054e882d-6951-486a-860a-228c6babbbc5" />
      <TestMethod codeBase="/home/runner/work/Musoq/Musoq/Musoq.Evaluator.Tests/bin/Debug/net8.0/Musoq.Evaluator.Tests.dll" adapterTypeName="executor://mstestadapter/v2" className="Musoq.Evaluator.Tests.BitwiseOperationsAndTests" name="WhenBitwiseAndBetweenByteAndInt_ShouldBeEvaluated" />
    </UnitTest>
    <UnitTest name="WhenBitwiseAndBetweenIntAndUShort_ShouldBeEvaluated" storage="/home/runner/work/musoq/musoq/musoq.evaluator.tests/bin/debug/net8.0/musoq.evaluator.tests.dll" id="dad09f90-1a35-3e38-23ab-2ac0ea0190f4">
      <Execution id="23baa0e2-39b3-4857-a1e8-950508735fd0" />
      <TestMethod codeBase="/home/runner/work/Musoq/Musoq/Musoq.Evaluator.Tests/bin/Debug/net8.0/Musoq.Evaluator.Tests.dll" adapterTypeName="executor://mstestadapter/v2" className="Musoq.Evaluator.Tests.BitwiseOperationsAndTests" name="WhenBitwiseAndBetweenIntAndUShort_ShouldBeEvaluated" />
    </UnitTest>
    <UnitTest name="WithDynamicSource_SimpleQuery_ShouldPass" storage="/home/runner/work/musoq/musoq/musoq.evaluator.tests/bin/debug/net8.0/musoq.evaluator.tests.dll" id="543d3d9f-2e0f-23c6-1696-7f73891956a8">
      <Execution id="75519917-7b76-43aa-a6a8-6d97f24bf89d" />
      <TestMethod codeBase="/home/runner/work/Musoq/Musoq/Musoq.Evaluator.Tests/bin/Debug/net8.0/Musoq.Evaluator.Tests.dll" adapterTypeName="executor://mstestadapter/v2" className="Musoq.Evaluator.Tests.DynamicSourceQueryTests" name="WithDynamicSource_SimpleQuery_ShouldPass" />
    </UnitTest>
    <UnitTest name="WhenBitwiseOrBetweenSbyteAndLong_ShouldBeEvaluated" storage="/home/runner/work/musoq/musoq/musoq.evaluator.tests/bin/debug/net8.0/musoq.evaluator.tests.dll" id="18c104d8-d543-ad16-9518-cce30f934403">
      <Execution id="b9634711-fe09-4adc-b633-2a432ec41067" />
      <TestMethod codeBase="/home/runner/work/Musoq/Musoq/Musoq.Evaluator.Tests/bin/Debug/net8.0/Musoq.Evaluator.Tests.dll" adapterTypeName="executor://mstestadapter/v2" className="Musoq.Evaluator.Tests.BitwiseOperationsOrTests" name="WhenBitwiseOrBetweenSbyteAndLong_ShouldBeEvaluated" />
    </UnitTest>
    <UnitTest name="WhenQuoteFollowedAndPrecededByTextUsed_MustNotThrow" storage="/home/runner/work/musoq/musoq/musoq.evaluator.tests/bin/debug/net8.0/musoq.evaluator.tests.dll" id="149731aa-977b-2a5c-d52d-6b31cb019254">
      <Execution id="10450664-54fb-4992-8a8d-3b3371dc519f" />
      <TestMethod codeBase="/home/runner/work/Musoq/Musoq/Musoq.Evaluator.Tests/bin/Debug/net8.0/Musoq.Evaluator.Tests.dll" adapterTypeName="executor://mstestadapter/v2" className="Musoq.Evaluator.Tests.StringsTests" name="WhenQuoteFollowedAndPrecededByTextUsed_MustNotThrow" />
    </UnitTest>
    <UnitTest name="GroupByWithFieldLinkSyntaxAndCustomColumnNamingTest" storage="/home/runner/work/musoq/musoq/musoq.evaluator.tests/bin/debug/net8.0/musoq.evaluator.tests.dll" id="0ad12809-8184-a5cc-ab62-065df12f3ec6">
      <Execution id="f988e79b-ae01-43b0-ae19-b15f4d61a3e5" />
      <TestMethod codeBase="/home/runner/work/Musoq/Musoq/Musoq.Evaluator.Tests/bin/Debug/net8.0/Musoq.Evaluator.Tests.dll" adapterTypeName="executor://mstestadapter/v2" className="Musoq.Evaluator.Tests.GroupByTests" name="GroupByWithFieldLinkSyntaxAndCustomColumnNamingTest" />
    </UnitTest>
    <UnitTest name="ColumnNamesSimpleTest" storage="/home/runner/work/musoq/musoq/musoq.evaluator.tests/bin/debug/net8.0/musoq.evaluator.tests.dll" id="4dc07492-9802-506f-7459-3b6347a368a5">
      <Execution id="b7aec2c4-c16e-41fd-a4d5-ef52426d21f2" />
      <TestMethod codeBase="/home/runner/work/Musoq/Musoq/Musoq.Evaluator.Tests/bin/Debug/net8.0/Musoq.Evaluator.Tests.dll" adapterTypeName="executor://mstestadapter/v2" className="Musoq.Evaluator.Tests.SingleSchemaEvaluatorTests" name="ColumnNamesSimpleTest" />
    </UnitTest>
    <UnitTest name="WhenSpecialCharacterStartBracketUsedInTextWith_MustNotThrow (;)" storage="/home/runner/work/musoq/musoq/musoq.evaluator.tests/bin/debug/net8.0/musoq.evaluator.tests.dll" id="7bcc80bf-419f-61a0-5fbf-7e8bde909060">
      <Execution id="b0cf2a03-98ac-4f9b-9ca6-5780875f8e1d" />
      <TestMethod codeBase="/home/runner/work/Musoq/Musoq/Musoq.Evaluator.Tests/bin/Debug/net8.0/Musoq.Evaluator.Tests.dll" adapterTypeName="executor://mstestadapter/v2" className="Musoq.Evaluator.Tests.StringsTests" name="WhenSpecialCharacterStartBracketUsedInTextWith_MustNotThrow" />
    </UnitTest>
    <UnitTest name="MixedSourcesWithSkipExceptUnionWithConditionsScenarioTest" storage="/home/runner/work/musoq/musoq/musoq.evaluator.tests/bin/debug/net8.0/musoq.evaluator.tests.dll" id="1e1714e4-b2c1-35e6-ea71-bfef8ebed86d">
      <Execution id="f8c019d4-d4ae-4d78-8a20-5c40280d7378" />
      <TestMethod codeBase="/home/runner/work/Musoq/Musoq/Musoq.Evaluator.Tests/bin/Debug/net8.0/Musoq.Evaluator.Tests.dll" adapterTypeName="executor://mstestadapter/v2" className="Musoq.Evaluator.Tests.SetsOperatorsTests" name="MixedSourcesWithSkipExceptUnionWithConditionsScenarioTest" />
    </UnitTest>
    <UnitTest name="WhenSchemaMethodCrossAppliedWithAnotherSchema_UsesValuesOfSchemaMethodWithinTableValue_FilterWithAValue_ShouldPass" storage="/home/runner/work/musoq/musoq/musoq.evaluator.tests/bin/debug/net8.0/musoq.evaluator.tests.dll" id="0490f2d6-6e7c-d7aa-a502-4955cb254686">
      <Execution id="28051829-c417-4f7f-87d0-8c8347cc3e17" />
      <TestMethod codeBase="/home/runner/work/Musoq/Musoq/Musoq.Evaluator.Tests/bin/Debug/net8.0/Musoq.Evaluator.Tests.dll" adapterTypeName="executor://mstestadapter/v2" className="Musoq.Evaluator.Tests.CrossApplyTests" name="WhenSchemaMethodCrossAppliedWithAnotherSchema_UsesValuesOfSchemaMethodWithinTableValue_FilterWithAValue_ShouldPass" />
    </UnitTest>
    <UnitTest name="SimpleTakeTest" storage="/home/runner/work/musoq/musoq/musoq.evaluator.tests/bin/debug/net8.0/musoq.evaluator.tests.dll" id="c2f2a470-1367-fe4f-76f3-4d60eebb49cf">
      <Execution id="306e2341-5f0d-4d24-85a7-f91a9ea4b99e" />
      <TestMethod codeBase="/home/runner/work/Musoq/Musoq/Musoq.Evaluator.Tests/bin/Debug/net8.0/Musoq.Evaluator.Tests.dll" adapterTypeName="executor://mstestadapter/v2" className="Musoq.Evaluator.Tests.SingleSchemaEvaluatorTests" name="SimpleTakeTest" />
    </UnitTest>
    <UnitTest name="WhenIntAndLongUsed_ShouldHaveColumnOfThatType" storage="/home/runner/work/musoq/musoq/musoq.evaluator.tests/bin/debug/net8.0/musoq.evaluator.tests.dll" id="687b7ad0-222f-d8ab-cb2c-60e2b4695f13">
      <Execution id="81feffe1-6301-40b3-b6a8-85fc2db8d6f7" />
      <TestMethod codeBase="/home/runner/work/Musoq/Musoq/Musoq.Evaluator.Tests/bin/Debug/net8.0/Musoq.Evaluator.Tests.dll" adapterTypeName="executor://mstestadapter/v2" className="Musoq.Evaluator.Tests.ArithmeticForCrossTypesTests" name="WhenIntAndLongUsed_ShouldHaveColumnOfThatType" />
    </UnitTest>
    <UnitTest name="WhenSkipAndTakeWithoutReductionRequired_ShouldPass" storage="/home/runner/work/musoq/musoq/musoq.evaluator.tests/bin/debug/net8.0/musoq.evaluator.tests.dll" id="27f10470-27f0-306a-e5d9-bb0ca7049173">
      <Execution id="bdb90bc9-cd43-499c-a867-af9596640666" />
      <TestMethod codeBase="/home/runner/work/Musoq/Musoq/Musoq.Evaluator.Tests/bin/Debug/net8.0/Musoq.Evaluator.Tests.dll" adapterTypeName="executor://mstestadapter/v2" className="Musoq.Evaluator.Tests.GenericTests" name="WhenSkipAndTakeWithoutReductionRequired_ShouldPass" />
    </UnitTest>
    <UnitTest name="GroupByMultipleColumnsTest" storage="/home/runner/work/musoq/musoq/musoq.evaluator.tests/bin/debug/net8.0/musoq.evaluator.tests.dll" id="27ccfb88-5e62-a51e-18aa-906399067173">
      <Execution id="1535ab43-a168-4bb4-8e89-f168f41a9ef9" />
      <TestMethod codeBase="/home/runner/work/Musoq/Musoq/Musoq.Evaluator.Tests/bin/Debug/net8.0/Musoq.Evaluator.Tests.dll" adapterTypeName="executor://mstestadapter/v2" className="Musoq.Evaluator.Tests.GroupByTests" name="GroupByMultipleColumnsTest" />
    </UnitTest>
    <UnitTest name="WhenSByteMethodCallAndSByteUsed_ShouldHaveColumnOfThatType" storage="/home/runner/work/musoq/musoq/musoq.evaluator.tests/bin/debug/net8.0/musoq.evaluator.tests.dll" id="a2869e88-fd6e-2049-dce1-9268bff7d3a1">
      <Execution id="794e10ac-f530-4442-af0d-d10a5473d2b7" />
      <TestMethod codeBase="/home/runner/work/Musoq/Musoq/Musoq.Evaluator.Tests/bin/Debug/net8.0/Musoq.Evaluator.Tests.dll" adapterTypeName="executor://mstestadapter/v2" className="Musoq.Evaluator.Tests.ArithmeticForMethodCallAndTypeSpecificOperationTests" name="WhenSByteMethodCallAndSByteUsed_ShouldHaveColumnOfThatType" />
    </UnitTest>
    <UnitTest name="ComplexCteIssue1WithGroupByTest" storage="/home/runner/work/musoq/musoq/musoq.evaluator.tests/bin/debug/net8.0/musoq.evaluator.tests.dll" id="c8257877-3d02-8c30-9568-dc636d9f14fe">
      <Execution id="8f3e625a-3a55-4a71-9ec9-16d9282f5ccc" />
      <TestMethod codeBase="/home/runner/work/Musoq/Musoq/Musoq.Evaluator.Tests/bin/Debug/net8.0/Musoq.Evaluator.Tests.dll" adapterTypeName="executor://mstestadapter/v2" className="Musoq.Evaluator.Tests.JoinTests" name="ComplexCteIssue1WithGroupByTest" />
    </UnitTest>
    <UnitTest name="WhenToJsonGenericMethodCall_ShouldReturnCorrectJson" storage="/home/runner/work/musoq/musoq/musoq.evaluator.tests/bin/debug/net8.0/musoq.evaluator.tests.dll" id="a83f8409-61f2-6d99-6d65-b3ff8d7eb4cd">
      <Execution id="d41074a2-652c-4298-b268-e659e4ba43fa" />
      <TestMethod codeBase="/home/runner/work/Musoq/Musoq/Musoq.Evaluator.Tests/bin/Debug/net8.0/Musoq.Evaluator.Tests.dll" adapterTypeName="executor://mstestadapter/v2" className="Musoq.Evaluator.Tests.GenericTests" name="WhenToJsonGenericMethodCall_ShouldReturnCorrectJson" />
    </UnitTest>
    <UnitTest name="CteWithSetOperatorTest" storage="/home/runner/work/musoq/musoq/musoq.evaluator.tests/bin/debug/net8.0/musoq.evaluator.tests.dll" id="81cc314c-4528-d8ec-0bba-ee0c756c2696">
      <Execution id="0e6b6838-291c-4d16-af10-544c099719e2" />
      <TestMethod codeBase="/home/runner/work/Musoq/Musoq/Musoq.Evaluator.Tests/bin/Debug/net8.0/Musoq.Evaluator.Tests.dll" adapterTypeName="executor://mstestadapter/v2" className="Musoq.Evaluator.Tests.CteTests" name="CteWithSetOperatorTest" />
    </UnitTest>
    <UnitTest name="MultipleOrOperatorTest" storage="/home/runner/work/musoq/musoq/musoq.evaluator.tests/bin/debug/net8.0/musoq.evaluator.tests.dll" id="5c15abb9-d271-71fd-81ea-7bd7bbfc6f22">
      <Execution id="eb9f92ba-af46-48a3-86d2-8c1119d00afe" />
      <TestMethod codeBase="/home/runner/work/Musoq/Musoq/Musoq.Evaluator.Tests/bin/Debug/net8.0/Musoq.Evaluator.Tests.dll" adapterTypeName="executor://mstestadapter/v2" className="Musoq.Evaluator.Tests.SingleSchemaEvaluatorTests" name="MultipleOrOperatorTest" />
    </UnitTest>
    <UnitTest name="CrossApplyProperty_TakeSkipAfterSplit_ShouldPass" storage="/home/runner/work/musoq/musoq/musoq.evaluator.tests/bin/debug/net8.0/musoq.evaluator.tests.dll" id="9ebe0960-d9a4-ae78-6b61-96df078b7d51">
      <Execution id="dc437679-1d07-4609-b058-2889f7ffd8d6" />
      <TestMethod codeBase="/home/runner/work/Musoq/Musoq/Musoq.Evaluator.Tests/bin/Debug/net8.0/Musoq.Evaluator.Tests.dll" adapterTypeName="executor://mstestadapter/v2" className="Musoq.Evaluator.Tests.CrossApplyMethodCallTests" name="CrossApplyProperty_TakeSkipAfterSplit_ShouldPass" />
    </UnitTest>
    <UnitTest name="WhenQuotePrecededByTextUsed_MustNotThrow" storage="/home/runner/work/musoq/musoq/musoq.evaluator.tests/bin/debug/net8.0/musoq.evaluator.tests.dll" id="4c2b8aac-6b16-c1e5-bc04-992018ddf6bc">
      <Execution id="633cb17a-4c82-4a54-9c97-579225733999" />
      <TestMethod codeBase="/home/runner/work/Musoq/Musoq/Musoq.Evaluator.Tests/bin/Debug/net8.0/Musoq.Evaluator.Tests.dll" adapterTypeName="executor://mstestadapter/v2" className="Musoq.Evaluator.Tests.StringsTests" name="WhenQuotePrecededByTextUsed_MustNotThrow" />
    </UnitTest>
    <UnitTest name="WhenSelfJoined_WithMethodUsedModifyJoinedValues_ShouldPass" storage="/home/runner/work/musoq/musoq/musoq.evaluator.tests/bin/debug/net8.0/musoq.evaluator.tests.dll" id="b7c8bfc9-c138-c1ce-c6aa-57f3b4e1ab8c">
      <Execution id="04892cec-2eed-454f-83b8-d2d5fb2e9e48" />
      <TestMethod codeBase="/home/runner/work/Musoq/Musoq/Musoq.Evaluator.Tests/bin/Debug/net8.0/Musoq.Evaluator.Tests.dll" adapterTypeName="executor://mstestadapter/v2" className="Musoq.Evaluator.Tests.JoinTests" name="WhenSelfJoined_WithMethodUsedModifyJoinedValues_ShouldPass" />
    </UnitTest>
    <UnitTest name="WhenToStringCalled_ShouldReturnSameQuery (select 1 from #A.entities() a inner join #B.entities() b on a.Id = b.Id right outer join #C.entities() c on a.Id = c.Id)" storage="/home/runner/work/musoq/musoq/musoq.evaluator.tests/bin/debug/net8.0/musoq.evaluator.tests.dll" id="54c1261f-a440-d93b-f95e-710584483f31">
      <Execution id="78aa9095-1c98-440a-be1c-ea2c276855e8" />
      <TestMethod codeBase="/home/runner/work/Musoq/Musoq/Musoq.Evaluator.Tests/bin/Debug/net8.0/Musoq.Evaluator.Tests.dll" adapterTypeName="executor://mstestadapter/v2" className="Musoq.Evaluator.Tests.StringifyTests" name="WhenToStringCalled_ShouldReturnSameQuery" />
    </UnitTest>
    <UnitTest name="IsNullValueTypeTest" storage="/home/runner/work/musoq/musoq/musoq.evaluator.tests/bin/debug/net8.0/musoq.evaluator.tests.dll" id="3130c102-d9c5-89a3-1105-d11a60179556">
      <Execution id="cf812be7-543b-474b-aef4-4d6483a4fa76" />
      <TestMethod codeBase="/home/runner/work/Musoq/Musoq/Musoq.Evaluator.Tests/bin/Debug/net8.0/Musoq.Evaluator.Tests.dll" adapterTypeName="executor://mstestadapter/v2" className="Musoq.Evaluator.Tests.NullabilityTests" name="IsNullValueTypeTest" />
    </UnitTest>
    <UnitTest name="OuterApply_PropertyAndMethod_GroupBy_WithFiltering_ShouldPass" storage="/home/runner/work/musoq/musoq/musoq.evaluator.tests/bin/debug/net8.0/musoq.evaluator.tests.dll" id="ab336f03-e632-128b-e044-ca090bc1a3f4">
      <Execution id="57d81473-8093-47c7-8a57-94e53fbab12c" />
      <TestMethod codeBase="/home/runner/work/Musoq/Musoq/Musoq.Evaluator.Tests/bin/Debug/net8.0/Musoq.Evaluator.Tests.dll" adapterTypeName="executor://mstestadapter/v2" className="Musoq.Evaluator.Tests.OuterApplyMixedTests" name="OuterApply_PropertyAndMethod_GroupBy_WithFiltering_ShouldPass" />
    </UnitTest>
    <UnitTest name="WhenDoubleAndUIntUsed_ShouldHaveColumnOfThatType" storage="/home/runner/work/musoq/musoq/musoq.evaluator.tests/bin/debug/net8.0/musoq.evaluator.tests.dll" id="00c5e8a2-cc63-358b-da93-813cdf90665d">
      <Execution id="9e47a3fa-eaec-4dc9-838e-0f27dcd8addd" />
      <TestMethod codeBase="/home/runner/work/Musoq/Musoq/Musoq.Evaluator.Tests/bin/Debug/net8.0/Musoq.Evaluator.Tests.dll" adapterTypeName="executor://mstestadapter/v2" className="Musoq.Evaluator.Tests.ArithmeticForCrossTypesTests" name="WhenDoubleAndUIntUsed_ShouldHaveColumnOfThatType" />
    </UnitTest>
    <UnitTest name="WithDynamicSource_AccessComplexObjectProperties_ShouldPass" storage="/home/runner/work/musoq/musoq/musoq.evaluator.tests/bin/debug/net8.0/musoq.evaluator.tests.dll" id="546be6e4-c24b-e270-fcab-871d7acf82f1">
      <Execution id="89e6fa5f-2f4b-4d98-91af-282cbe6b581a" />
      <TestMethod codeBase="/home/runner/work/Musoq/Musoq/Musoq.Evaluator.Tests/bin/Debug/net8.0/Musoq.Evaluator.Tests.dll" adapterTypeName="executor://mstestadapter/v2" className="Musoq.Evaluator.Tests.DynamicSourceQueryTests" name="WithDynamicSource_AccessComplexObjectProperties_ShouldPass" />
    </UnitTest>
    <UnitTest name="WhenToStringCalled_ShouldReturnSameQuery (select s.Column1, s.Column2 from #some.thing() s where s.Column2 = 'Value' group by s.Column1 order by s.Column2 take 9)" storage="/home/runner/work/musoq/musoq/musoq.evaluator.tests/bin/debug/net8.0/musoq.evaluator.tests.dll" id="ef4df502-3cbb-f3e2-0d3a-3a66b6c3ae28">
      <Execution id="11d09c48-58ce-4745-aa82-3f70524f8b52" />
      <TestMethod codeBase="/home/runner/work/Musoq/Musoq/Musoq.Evaluator.Tests/bin/Debug/net8.0/Musoq.Evaluator.Tests.dll" adapterTypeName="executor://mstestadapter/v2" className="Musoq.Evaluator.Tests.StringifyTests" name="WhenToStringCalled_ShouldReturnSameQuery" />
    </UnitTest>
    <UnitTest name="WhenBitwiseAndBetweenShortAndUShort_ShouldBeEvaluated" storage="/home/runner/work/musoq/musoq/musoq.evaluator.tests/bin/debug/net8.0/musoq.evaluator.tests.dll" id="0d54dc7a-a041-f2a9-b6ea-cbb53ea4f1fb">
      <Execution id="213b84af-fb42-4684-8735-59018f83966a" />
      <TestMethod codeBase="/home/runner/work/Musoq/Musoq/Musoq.Evaluator.Tests/bin/Debug/net8.0/Musoq.Evaluator.Tests.dll" adapterTypeName="executor://mstestadapter/v2" className="Musoq.Evaluator.Tests.BitwiseOperationsAndTests" name="WhenBitwiseAndBetweenShortAndUShort_ShouldBeEvaluated" />
    </UnitTest>
    <UnitTest name="WhenToStringCalled_ShouldReturnSameQuery (select s.Column1, s.Column2 from #some.thing() s group by s.Column2 skip 15)" storage="/home/runner/work/musoq/musoq/musoq.evaluator.tests/bin/debug/net8.0/musoq.evaluator.tests.dll" id="9fa7bbaa-fbce-eacf-af4e-e28307ac409a">
      <Execution id="320fbd4e-0018-4a30-bc64-ac04ef5a2060" />
      <TestMethod codeBase="/home/runner/work/Musoq/Musoq/Musoq.Evaluator.Tests/bin/Debug/net8.0/Musoq.Evaluator.Tests.dll" adapterTypeName="executor://mstestadapter/v2" className="Musoq.Evaluator.Tests.StringifyTests" name="WhenToStringCalled_ShouldReturnSameQuery" />
    </UnitTest>
    <UnitTest name="WhenSpecialCharacterStartBracketUsedInTextWith_MustNotThrow (!)" storage="/home/runner/work/musoq/musoq/musoq.evaluator.tests/bin/debug/net8.0/musoq.evaluator.tests.dll" id="360a2585-8dd3-d81d-1433-62182abaef6c">
      <Execution id="1b928261-3878-4851-a561-e36287859114" />
      <TestMethod codeBase="/home/runner/work/Musoq/Musoq/Musoq.Evaluator.Tests/bin/Debug/net8.0/Musoq.Evaluator.Tests.dll" adapterTypeName="executor://mstestadapter/v2" className="Musoq.Evaluator.Tests.StringsTests" name="WhenSpecialCharacterStartBracketUsedInTextWith_MustNotThrow" />
    </UnitTest>
    <UnitTest name="WhenOrderByWithGroupByMultipleColumnAndFirstDesc_ShouldSucceed" storage="/home/runner/work/musoq/musoq/musoq.evaluator.tests/bin/debug/net8.0/musoq.evaluator.tests.dll" id="4aee4819-9100-d0bd-659d-332c87399181">
      <Execution id="2121f7f4-412a-4de7-a122-5bcfb0e4c5cd" />
      <TestMethod codeBase="/home/runner/work/Musoq/Musoq/Musoq.Evaluator.Tests/bin/Debug/net8.0/Musoq.Evaluator.Tests.dll" adapterTypeName="executor://mstestadapter/v2" className="Musoq.Evaluator.Tests.OrderByTests" name="WhenOrderByWithGroupByMultipleColumnAndFirstDesc_ShouldSucceed" />
    </UnitTest>
    <UnitTest name="WhenLongAndIntUsed_ShouldHaveColumnOfThatType" storage="/home/runner/work/musoq/musoq/musoq.evaluator.tests/bin/debug/net8.0/musoq.evaluator.tests.dll" id="8c34e09e-54a2-ed91-544b-da81d233e959">
      <Execution id="7820a50c-ec98-4cca-a31b-1039e49a54d8" />
      <TestMethod codeBase="/home/runner/work/Musoq/Musoq/Musoq.Evaluator.Tests/bin/Debug/net8.0/Musoq.Evaluator.Tests.dll" adapterTypeName="executor://mstestadapter/v2" className="Musoq.Evaluator.Tests.ArithmeticForCrossTypesTests" name="WhenLongAndIntUsed_ShouldHaveColumnOfThatType" />
    </UnitTest>
    <UnitTest name="ComplexCteIssue1Test" storage="/home/runner/work/musoq/musoq/musoq.evaluator.tests/bin/debug/net8.0/musoq.evaluator.tests.dll" id="e9ccb073-0d8b-d5ea-5e41-8a86e6846c34">
      <Execution id="7ddaafd3-ad85-47a4-9962-6461c197dffe" />
      <TestMethod codeBase="/home/runner/work/Musoq/Musoq/Musoq.Evaluator.Tests/bin/Debug/net8.0/Musoq.Evaluator.Tests.dll" adapterTypeName="executor://mstestadapter/v2" className="Musoq.Evaluator.Tests.JoinTests" name="ComplexCteIssue1Test" />
    </UnitTest>
    <UnitTest name="WhenEnumerableChangesToArray_ShouldPass" storage="/home/runner/work/musoq/musoq/musoq.evaluator.tests/bin/debug/net8.0/musoq.evaluator.tests.dll" id="f852bc2e-a125-083f-0f47-fc3a49e5167b">
      <Execution id="317390ab-6b3d-4690-a945-6d7f2cb84d6a" />
      <TestMethod codeBase="/home/runner/work/Musoq/Musoq/Musoq.Evaluator.Tests/bin/Debug/net8.0/Musoq.Evaluator.Tests.dll" adapterTypeName="executor://mstestadapter/v2" className="Musoq.Evaluator.Tests.GenericTests" name="WhenEnumerableChangesToArray_ShouldPass" />
    </UnitTest>
    <UnitTest name="WhenIntAndByteUsed_ShouldHaveColumnOfThatType" storage="/home/runner/work/musoq/musoq/musoq.evaluator.tests/bin/debug/net8.0/musoq.evaluator.tests.dll" id="1ff42f06-03ab-344b-743c-2f7705291667">
      <Execution id="d19887c8-ea09-4997-bb36-94632e942a79" />
      <TestMethod codeBase="/home/runner/work/Musoq/Musoq/Musoq.Evaluator.Tests/bin/Debug/net8.0/Musoq.Evaluator.Tests.dll" adapterTypeName="executor://mstestadapter/v2" className="Musoq.Evaluator.Tests.ArithmeticForCrossTypesTests" name="WhenIntAndByteUsed_ShouldHaveColumnOfThatType" />
    </UnitTest>
    <UnitTest name="WhenBitwiseAndBetweenUshortAndUlong_ShouldBeEvaluated" storage="/home/runner/work/musoq/musoq/musoq.evaluator.tests/bin/debug/net8.0/musoq.evaluator.tests.dll" id="15174cd3-cc67-159e-0a2d-429074c70684">
      <Execution id="bbd238ae-e005-4c71-a76b-1fb00ff2f197" />
      <TestMethod codeBase="/home/runner/work/Musoq/Musoq/Musoq.Evaluator.Tests/bin/Debug/net8.0/Musoq.Evaluator.Tests.dll" adapterTypeName="executor://mstestadapter/v2" className="Musoq.Evaluator.Tests.BitwiseOperationsAndTests" name="WhenBitwiseAndBetweenUshortAndUlong_ShouldBeEvaluated" />
    </UnitTest>
    <UnitTest name="WhenUShortAndUIntUsed_ShouldHaveColumnOfThatType" storage="/home/runner/work/musoq/musoq/musoq.evaluator.tests/bin/debug/net8.0/musoq.evaluator.tests.dll" id="6e7dda02-febe-ccf5-dbae-2b4818a1e1fa">
      <Execution id="9c88fb26-9e3a-47f9-bcb3-959bea521ac8" />
      <TestMethod codeBase="/home/runner/work/Musoq/Musoq/Musoq.Evaluator.Tests/bin/Debug/net8.0/Musoq.Evaluator.Tests.dll" adapterTypeName="executor://mstestadapter/v2" className="Musoq.Evaluator.Tests.ArithmeticForCrossTypesTests" name="WhenUShortAndUIntUsed_ShouldHaveColumnOfThatType" />
    </UnitTest>
    <UnitTest name="ColumnStringAccess_OutOfBounds_Debug" storage="/home/runner/work/musoq/musoq/musoq.evaluator.tests/bin/debug/net8.0/musoq.evaluator.tests.dll" id="db76dac2-be36-248f-490b-ca8c12902d78">
      <Execution id="7bef3788-2291-4ebb-bed2-93114061c0f4" />
      <TestMethod codeBase="/home/runner/work/Musoq/Musoq/Musoq.Evaluator.Tests/bin/Debug/net8.0/Musoq.Evaluator.Tests.dll" adapterTypeName="executor://mstestadapter/v2" className="Musoq.Evaluator.Tests.QuickDebugTests" name="ColumnStringAccess_OutOfBounds_Debug" />
    </UnitTest>
    <UnitTest name="WithDynamicSource_AccessComplexChainedObjectProperties_ShouldPass" storage="/home/runner/work/musoq/musoq/musoq.evaluator.tests/bin/debug/net8.0/musoq.evaluator.tests.dll" id="eed810dc-0150-74ba-ed56-e01c7826a31f">
      <Execution id="28cf9426-e69b-42cb-8d31-626136a28d49" />
      <TestMethod codeBase="/home/runner/work/Musoq/Musoq/Musoq.Evaluator.Tests/bin/Debug/net8.0/Musoq.Evaluator.Tests.dll" adapterTypeName="executor://mstestadapter/v2" className="Musoq.Evaluator.Tests.DynamicSourceQueryTests" name="WithDynamicSource_AccessComplexChainedObjectProperties_ShouldPass" />
    </UnitTest>
    <UnitTest name="IntersectWithSkipDoubleSourceTest" storage="/home/runner/work/musoq/musoq/musoq.evaluator.tests/bin/debug/net8.0/musoq.evaluator.tests.dll" id="88d1ca5d-8bd2-c5e9-3b6e-f21cc07a17fa">
      <Execution id="4faac6bf-7e9a-4761-bc36-d312edff5fbb" />
      <TestMethod codeBase="/home/runner/work/Musoq/Musoq/Musoq.Evaluator.Tests/bin/Debug/net8.0/Musoq.Evaluator.Tests.dll" adapterTypeName="executor://mstestadapter/v2" className="Musoq.Evaluator.Tests.SetsOperatorsTests" name="IntersectWithSkipDoubleSourceTest" />
    </UnitTest>
    <UnitTest name="GroupByColumnSubstringTest" storage="/home/runner/work/musoq/musoq/musoq.evaluator.tests/bin/debug/net8.0/musoq.evaluator.tests.dll" id="ea753741-e7e4-f6e4-bc45-20263fbda7e4">
      <Execution id="12a2b878-235f-432a-8c80-4f952f595ec1" />
      <TestMethod codeBase="/home/runner/work/Musoq/Musoq/Musoq.Evaluator.Tests/bin/Debug/net8.0/Musoq.Evaluator.Tests.dll" adapterTypeName="executor://mstestadapter/v2" className="Musoq.Evaluator.Tests.GroupByTests" name="GroupByColumnSubstringTest" />
    </UnitTest>
    <UnitTest name="PropertyStringAccess_OutOfBounds_Debug" storage="/home/runner/work/musoq/musoq/musoq.evaluator.tests/bin/debug/net8.0/musoq.evaluator.tests.dll" id="108a4ea9-3254-c7cd-23b2-7f2bb04e8a6c">
      <Execution id="f895276f-869a-4d54-a125-bd5103ae6add" />
      <TestMethod codeBase="/home/runner/work/Musoq/Musoq/Musoq.Evaluator.Tests/bin/Debug/net8.0/Musoq.Evaluator.Tests.dll" adapterTypeName="executor://mstestadapter/v2" className="Musoq.Evaluator.Tests.QuickDebugTests" name="PropertyStringAccess_OutOfBounds_Debug" />
    </UnitTest>
    <UnitTest name="SimpleAccessObjectIncrementTest" storage="/home/runner/work/musoq/musoq/musoq.evaluator.tests/bin/debug/net8.0/musoq.evaluator.tests.dll" id="1914f58d-992e-5afb-95de-6bc7d4e1d025">
      <Execution id="916d214e-dda9-4a55-bf69-73e550abdc85" />
      <TestMethod codeBase="/home/runner/work/Musoq/Musoq/Musoq.Evaluator.Tests/bin/Debug/net8.0/Musoq.Evaluator.Tests.dll" adapterTypeName="executor://mstestadapter/v2" className="Musoq.Evaluator.Tests.SingleSchemaEvaluatorTests" name="SimpleAccessObjectIncrementTest" />
    </UnitTest>
    <UnitTest name="WhenDoubleAndIntUsed_ShouldHaveColumnOfThatType" storage="/home/runner/work/musoq/musoq/musoq.evaluator.tests/bin/debug/net8.0/musoq.evaluator.tests.dll" id="ad46954d-7666-1124-d629-c29078fcbb11">
      <Execution id="91b7c4a3-5aeb-4258-9e09-9610d6dd2e3b" />
      <TestMethod codeBase="/home/runner/work/Musoq/Musoq/Musoq.Evaluator.Tests/bin/Debug/net8.0/Musoq.Evaluator.Tests.dll" adapterTypeName="executor://mstestadapter/v2" className="Musoq.Evaluator.Tests.ArithmeticForCrossTypesTests" name="WhenDoubleAndIntUsed_ShouldHaveColumnOfThatType" />
    </UnitTest>
    <UnitTest name="SimpleJoinTest" storage="/home/runner/work/musoq/musoq/musoq.evaluator.tests/bin/debug/net8.0/musoq.evaluator.tests.dll" id="2eb325f7-2429-66d1-0119-1dfde2d5ed32">
      <Execution id="57a6ff5d-0bf3-4321-8228-b0eb374b5a1a" />
      <TestMethod codeBase="/home/runner/work/Musoq/Musoq/Musoq.Evaluator.Tests/bin/Debug/net8.0/Musoq.Evaluator.Tests.dll" adapterTypeName="executor://mstestadapter/v2" className="Musoq.Evaluator.Tests.JoinTests" name="SimpleJoinTest" />
    </UnitTest>
    <UnitTest name="WhenShortAndUIntUsed_ShouldHaveColumnOfThatType" storage="/home/runner/work/musoq/musoq/musoq.evaluator.tests/bin/debug/net8.0/musoq.evaluator.tests.dll" id="225b9493-97e3-e667-0072-6a74b2c74310">
      <Execution id="cfa2fabe-4f10-4fcc-a231-9324f9b71072" />
      <TestMethod codeBase="/home/runner/work/Musoq/Musoq/Musoq.Evaluator.Tests/bin/Debug/net8.0/Musoq.Evaluator.Tests.dll" adapterTypeName="executor://mstestadapter/v2" className="Musoq.Evaluator.Tests.ArithmeticForCrossTypesTests" name="WhenShortAndUIntUsed_ShouldHaveColumnOfThatType" />
    </UnitTest>
    <UnitTest name="WhenLastElementLookedFor_ShouldSuccess" storage="/home/runner/work/musoq/musoq/musoq.evaluator.tests/bin/debug/net8.0/musoq.evaluator.tests.dll" id="5916caa7-8b0f-c902-23ca-645e784cfa61">
      <Execution id="6176faaf-5801-464b-aa25-d4ee63e55e3f" />
      <TestMethod codeBase="/home/runner/work/Musoq/Musoq/Musoq.Evaluator.Tests/bin/Debug/net8.0/Musoq.Evaluator.Tests.dll" adapterTypeName="executor://mstestadapter/v2" className="Musoq.Evaluator.Tests.GenericTests" name="WhenLastElementLookedFor_ShouldSuccess" />
    </UnitTest>
    <UnitTest name="ArithmeticOpsLessTest" storage="/home/runner/work/musoq/musoq/musoq.evaluator.tests/bin/debug/net8.0/musoq.evaluator.tests.dll" id="38a979c8-cb5d-f3d4-eb89-bf0969025079">
      <Execution id="fcaa2243-1ccb-477f-b0b4-a0f096460c3e" />
      <TestMethod codeBase="/home/runner/work/Musoq/Musoq/Musoq.Evaluator.Tests/bin/Debug/net8.0/Musoq.Evaluator.Tests.dll" adapterTypeName="executor://mstestadapter/v2" className="Musoq.Evaluator.Tests.ComparisonTests" name="ArithmeticOpsLessTest" />
    </UnitTest>
    <UnitTest name="WhenUShortMethodCallAndByteUsed_ShouldHaveColumnOfThatType" storage="/home/runner/work/musoq/musoq/musoq.evaluator.tests/bin/debug/net8.0/musoq.evaluator.tests.dll" id="740e9a5f-c8ab-8bf3-1acd-e53a7b14a5d7">
      <Execution id="5c6c1d39-b873-415f-bd87-8629a1cfc83e" />
      <TestMethod codeBase="/home/runner/work/Musoq/Musoq/Musoq.Evaluator.Tests/bin/Debug/net8.0/Musoq.Evaluator.Tests.dll" adapterTypeName="executor://mstestadapter/v2" className="Musoq.Evaluator.Tests.ArithmeticForMethodCallAndTypeSpecificOperationTests" name="WhenUShortMethodCallAndByteUsed_ShouldHaveColumnOfThatType" />
    </UnitTest>
    <UnitTest name="WhenMissingAlias_ShouldThrow" storage="/home/runner/work/musoq/musoq/musoq.evaluator.tests/bin/debug/net8.0/musoq.evaluator.tests.dll" id="2f0e8a28-7d0d-f8f3-55d4-cfbb5dd990b4">
      <Execution id="5e4fd952-b9ad-40c1-8785-8a66e5a620e5" />
      <TestMethod codeBase="/home/runner/work/Musoq/Musoq/Musoq.Evaluator.Tests/bin/Debug/net8.0/Musoq.Evaluator.Tests.dll" adapterTypeName="executor://mstestadapter/v2" className="Musoq.Evaluator.Tests.MultipleSchemasEvaluatorTests" name="WhenMissingAlias_ShouldThrow" />
    </UnitTest>
    <UnitTest name="WhenCompilerMustDecideWhichOneOfTheMethodsUse_TheMethodHasAdditionalArgument_ShouldChoseTheSecondOne" storage="/home/runner/work/musoq/musoq/musoq.evaluator.tests/bin/debug/net8.0/musoq.evaluator.tests.dll" id="2024f0e5-66e0-c1fd-5757-35b180c6cfbc">
      <Execution id="aa5cf49c-e923-4dab-ba82-50a8fa4abdf4" />
      <TestMethod codeBase="/home/runner/work/Musoq/Musoq/Musoq.Evaluator.Tests/bin/Debug/net8.0/Musoq.Evaluator.Tests.dll" adapterTypeName="executor://mstestadapter/v2" className="Musoq.Evaluator.Tests.MultipleSchemasEvaluatorTests" name="WhenCompilerMustDecideWhichOneOfTheMethodsUse_TheMethodHasAdditionalArgument_ShouldChoseTheSecondOne" />
    </UnitTest>
    <UnitTest name="WhenSchemaMethodOuterAppliedWithAnotherSchema_UsesCte_ShouldPass" storage="/home/runner/work/musoq/musoq/musoq.evaluator.tests/bin/debug/net8.0/musoq.evaluator.tests.dll" id="ead0943d-6a75-a856-c583-aadfa0fd70f2">
      <Execution id="12c31659-ef10-4514-87ae-e8c997cac948" />
      <TestMethod codeBase="/home/runner/work/Musoq/Musoq/Musoq.Evaluator.Tests/bin/Debug/net8.0/Musoq.Evaluator.Tests.dll" adapterTypeName="executor://mstestadapter/v2" className="Musoq.Evaluator.Tests.OuterApplyCteTests" name="WhenSchemaMethodOuterAppliedWithAnotherSchema_UsesCte_ShouldPass" />
    </UnitTest>
    <UnitTest name="WhenOrderByMultipleColumnsFirstOneIsCaseWhenExpression_ShouldSucceed" storage="/home/runner/work/musoq/musoq/musoq.evaluator.tests/bin/debug/net8.0/musoq.evaluator.tests.dll" id="7764e8e2-d3a2-e4c4-ab9f-5d5fadc69626">
      <Execution id="23b1bf51-0204-4764-bdf1-d4fe5446ffb1" />
      <TestMethod codeBase="/home/runner/work/Musoq/Musoq/Musoq.Evaluator.Tests/bin/Debug/net8.0/Musoq.Evaluator.Tests.dll" adapterTypeName="executor://mstestadapter/v2" className="Musoq.Evaluator.Tests.OrderByTests" name="WhenOrderByMultipleColumnsFirstOneIsCaseWhenExpression_ShouldSucceed" />
    </UnitTest>
    <UnitTest name="WhenRetrieveLengthFromSupportedType_ShouldPass" storage="/home/runner/work/musoq/musoq/musoq.evaluator.tests/bin/debug/net8.0/musoq.evaluator.tests.dll" id="d257a177-3323-3d4a-0757-1324812de09f">
      <Execution id="eaf64251-ec93-4399-a1f0-0b93eacb4d35" />
      <TestMethod codeBase="/home/runner/work/Musoq/Musoq/Musoq.Evaluator.Tests/bin/Debug/net8.0/Musoq.Evaluator.Tests.dll" adapterTypeName="executor://mstestadapter/v2" className="Musoq.Evaluator.Tests.GenericTests" name="WhenRetrieveLengthFromSupportedType_ShouldPass" />
    </UnitTest>
    <UnitTest name="WhenUIntAndByteUsed_ShouldHaveColumnOfThatType" storage="/home/runner/work/musoq/musoq/musoq.evaluator.tests/bin/debug/net8.0/musoq.evaluator.tests.dll" id="531c1108-e719-b164-c67e-8b61a6a53739">
      <Execution id="2afa6bff-3054-40f8-9f01-7c3dd375a8b6" />
      <TestMethod codeBase="/home/runner/work/Musoq/Musoq/Musoq.Evaluator.Tests/bin/Debug/net8.0/Musoq.Evaluator.Tests.dll" adapterTypeName="executor://mstestadapter/v2" className="Musoq.Evaluator.Tests.ArithmeticForCrossTypesTests" name="WhenUIntAndByteUsed_ShouldHaveColumnOfThatType" />
    </UnitTest>
    <UnitTest name="WhenBitwiseAndBetweenSbyteAndInt_ShouldBeEvaluated" storage="/home/runner/work/musoq/musoq/musoq.evaluator.tests/bin/debug/net8.0/musoq.evaluator.tests.dll" id="77625853-70d1-5e45-0d91-33d332874462">
      <Execution id="4e2a0651-eb28-4685-8724-fc90aa424abe" />
      <TestMethod codeBase="/home/runner/work/Musoq/Musoq/Musoq.Evaluator.Tests/bin/Debug/net8.0/Musoq.Evaluator.Tests.dll" adapterTypeName="executor://mstestadapter/v2" className="Musoq.Evaluator.Tests.BitwiseOperationsAndTests" name="WhenBitwiseAndBetweenSbyteAndInt_ShouldBeEvaluated" />
    </UnitTest>
    <UnitTest name="WhenEscapeCharacterUsed_MustNotThrow" storage="/home/runner/work/musoq/musoq/musoq.evaluator.tests/bin/debug/net8.0/musoq.evaluator.tests.dll" id="19ea7fa7-b991-40f9-3da0-694117d7625c">
      <Execution id="d3b96ca2-b724-4c2f-b63d-fe177d0c3829" />
      <TestMethod codeBase="/home/runner/work/Musoq/Musoq/Musoq.Evaluator.Tests/bin/Debug/net8.0/Musoq.Evaluator.Tests.dll" adapterTypeName="executor://mstestadapter/v2" className="Musoq.Evaluator.Tests.StringsTests" name="WhenEscapeCharacterUsed_MustNotThrow" />
    </UnitTest>
    <UnitTest name="WhenLongMethodCallAndUShortUsed_ShouldHaveColumnOfThatType" storage="/home/runner/work/musoq/musoq/musoq.evaluator.tests/bin/debug/net8.0/musoq.evaluator.tests.dll" id="13cceb2d-3e57-ff46-05c5-393177549b01">
      <Execution id="5c79a9e2-c54d-4346-b7fb-731af6883510" />
      <TestMethod codeBase="/home/runner/work/Musoq/Musoq/Musoq.Evaluator.Tests/bin/Debug/net8.0/Musoq.Evaluator.Tests.dll" adapterTypeName="executor://mstestadapter/v2" className="Musoq.Evaluator.Tests.ArithmeticForMethodCallAndTypeSpecificOperationTests" name="WhenLongMethodCallAndUShortUsed_ShouldHaveColumnOfThatType" />
    </UnitTest>
    <UnitTest name="WhenBitwiseAndBetweenShortAndSByte_ShouldBeEvaluated" storage="/home/runner/work/musoq/musoq/musoq.evaluator.tests/bin/debug/net8.0/musoq.evaluator.tests.dll" id="6683b48c-2225-831b-785e-a71e45fc5564">
      <Execution id="c6bd40f1-066f-491e-b393-b3df74cd37c2" />
      <TestMethod codeBase="/home/runner/work/Musoq/Musoq/Musoq.Evaluator.Tests/bin/Debug/net8.0/Musoq.Evaluator.Tests.dll" adapterTypeName="executor://mstestadapter/v2" className="Musoq.Evaluator.Tests.BitwiseOperationsAndTests" name="WhenBitwiseAndBetweenShortAndSByte_ShouldBeEvaluated" />
    </UnitTest>
    <UnitTest name="WhenLongMethodCallAndUIntUsed_ShouldHaveColumnOfThatType" storage="/home/runner/work/musoq/musoq/musoq.evaluator.tests/bin/debug/net8.0/musoq.evaluator.tests.dll" id="63b235e6-7de1-9e14-6b8f-be3aa424aa0b">
      <Execution id="64c1ebf0-8e0b-4f23-af5e-87fdf691b3df" />
      <TestMethod codeBase="/home/runner/work/Musoq/Musoq/Musoq.Evaluator.Tests/bin/Debug/net8.0/Musoq.Evaluator.Tests.dll" adapterTypeName="executor://mstestadapter/v2" className="Musoq.Evaluator.Tests.ArithmeticForMethodCallAndTypeSpecificOperationTests" name="WhenLongMethodCallAndUIntUsed_ShouldHaveColumnOfThatType" />
    </UnitTest>
    <UnitTest name="WhenBitwiseXorBetweenSbyteAndByte_ShouldBeEvaluated" storage="/home/runner/work/musoq/musoq/musoq.evaluator.tests/bin/debug/net8.0/musoq.evaluator.tests.dll" id="574747f3-4073-0f12-8bce-31346cfae57b">
      <Execution id="a21a872d-e00b-4e14-9596-27d18cad63cc" />
      <TestMethod codeBase="/home/runner/work/Musoq/Musoq/Musoq.Evaluator.Tests/bin/Debug/net8.0/Musoq.Evaluator.Tests.dll" adapterTypeName="executor://mstestadapter/v2" className="Musoq.Evaluator.Tests.BitwiseOperationsXorTests" name="WhenBitwiseXorBetweenSbyteAndByte_ShouldBeEvaluated" />
    </UnitTest>
    <UnitTest name="CrossApply_LeftJoinAndUseProperty_ShouldPass" storage="/home/runner/work/musoq/musoq/musoq.evaluator.tests/bin/debug/net8.0/musoq.evaluator.tests.dll" id="8110e667-5507-3a01-0b3e-1d609a00a2b6">
      <Execution id="da37922d-ef03-4496-a4ca-fc839ab1c7b1" />
      <TestMethod codeBase="/home/runner/work/Musoq/Musoq/Musoq.Evaluator.Tests/bin/Debug/net8.0/Musoq.Evaluator.Tests.dll" adapterTypeName="executor://mstestadapter/v2" className="Musoq.Evaluator.Tests.CrossApplyMixedTests" name="CrossApply_LeftJoinAndUseProperty_ShouldPass" />
    </UnitTest>
    <UnitTest name="WhenTwoValuesTableIsCoupledWithSchema_ShouldHaveAppropriateTypesTest" storage="/home/runner/work/musoq/musoq/musoq.evaluator.tests/bin/debug/net8.0/musoq.evaluator.tests.dll" id="6aa33106-6840-f22c-a776-7ed28a4cb592">
      <Execution id="92985f38-baab-4bb4-9311-83363edd722e" />
      <TestMethod codeBase="/home/runner/work/Musoq/Musoq/Musoq.Evaluator.Tests/bin/Debug/net8.0/Musoq.Evaluator.Tests.dll" adapterTypeName="executor://mstestadapter/v2" className="Musoq.Evaluator.Tests.CouplingSyntaxTests" name="WhenTwoValuesTableIsCoupledWithSchema_ShouldHaveAppropriateTypesTest" />
    </UnitTest>
    <UnitTest name="WhenULongMethodCallAndUIntUsed_ShouldHaveColumnOfThatType" storage="/home/runner/work/musoq/musoq/musoq.evaluator.tests/bin/debug/net8.0/musoq.evaluator.tests.dll" id="fe580ec5-7488-b770-d266-be2087559d71">
      <Execution id="43594dd6-b5d4-40ea-9626-569f3fa0732d" />
      <TestMethod codeBase="/home/runner/work/Musoq/Musoq/Musoq.Evaluator.Tests/bin/Debug/net8.0/Musoq.Evaluator.Tests.dll" adapterTypeName="executor://mstestadapter/v2" className="Musoq.Evaluator.Tests.ArithmeticForMethodCallAndTypeSpecificOperationTests" name="WhenULongMethodCallAndUIntUsed_ShouldHaveColumnOfThatType" />
    </UnitTest>
    <UnitTest name="IntersectDoubleSourceTest" storage="/home/runner/work/musoq/musoq/musoq.evaluator.tests/bin/debug/net8.0/musoq.evaluator.tests.dll" id="04a99a7a-44fb-dfc9-ff27-8208f9a05722">
      <Execution id="778064aa-5af3-485d-bae2-f85730ae64dd" />
      <TestMethod codeBase="/home/runner/work/Musoq/Musoq/Musoq.Evaluator.Tests/bin/Debug/net8.0/Musoq.Evaluator.Tests.dll" adapterTypeName="executor://mstestadapter/v2" className="Musoq.Evaluator.Tests.SetsOperatorsTests" name="IntersectDoubleSourceTest" />
    </UnitTest>
    <UnitTest name="SumWithoutGroupByAndWithNoGroupingField" storage="/home/runner/work/musoq/musoq/musoq.evaluator.tests/bin/debug/net8.0/musoq.evaluator.tests.dll" id="c27f904d-90aa-f6ab-2b60-49c6eb620183">
      <Execution id="ba7c1c2f-24f8-42bb-ab28-56a0f9227c7b" />
      <TestMethod codeBase="/home/runner/work/Musoq/Musoq/Musoq.Evaluator.Tests/bin/Debug/net8.0/Musoq.Evaluator.Tests.dll" adapterTypeName="executor://mstestadapter/v2" className="Musoq.Evaluator.Tests.GroupByTests" name="SumWithoutGroupByAndWithNoGroupingField" />
    </UnitTest>
    <UnitTest name="WhenBitwiseOrBetweenUIntAndByte_ShouldBeEvaluated" storage="/home/runner/work/musoq/musoq/musoq.evaluator.tests/bin/debug/net8.0/musoq.evaluator.tests.dll" id="d7d86841-ff4a-a304-de1f-585dafdc9bfd">
      <Execution id="4642c600-6b2d-4dca-b575-4db08d80beb7" />
      <TestMethod codeBase="/home/runner/work/Musoq/Musoq/Musoq.Evaluator.Tests/bin/Debug/net8.0/Musoq.Evaluator.Tests.dll" adapterTypeName="executor://mstestadapter/v2" className="Musoq.Evaluator.Tests.BitwiseOperationsOrTests" name="WhenBitwiseOrBetweenUIntAndByte_ShouldBeEvaluated" />
    </UnitTest>
    <UnitTest name="WhenUShortMethodCallAndUShortUsed_ShouldHaveColumnOfThatType" storage="/home/runner/work/musoq/musoq/musoq.evaluator.tests/bin/debug/net8.0/musoq.evaluator.tests.dll" id="1d0d97a3-c1bc-6be2-3a26-a20e8b3e8561">
      <Execution id="00a04053-3fc7-4f1c-bd80-0d6e39c18cf5" />
      <TestMethod codeBase="/home/runner/work/Musoq/Musoq/Musoq.Evaluator.Tests/bin/Debug/net8.0/Musoq.Evaluator.Tests.dll" adapterTypeName="executor://mstestadapter/v2" className="Musoq.Evaluator.Tests.ArithmeticForMethodCallAndTypeSpecificOperationTests" name="WhenUShortMethodCallAndUShortUsed_ShouldHaveColumnOfThatType" />
    </UnitTest>
    <UnitTest name="WhenBitwiseOrBetweenUIntAndLong_ShouldBeEvaluated" storage="/home/runner/work/musoq/musoq/musoq.evaluator.tests/bin/debug/net8.0/musoq.evaluator.tests.dll" id="d6d587fc-ad8f-d65a-5c6e-759f95081e39">
      <Execution id="00104ebe-94c3-4127-99a6-846e9c444570" />
      <TestMethod codeBase="/home/runner/work/Musoq/Musoq/Musoq.Evaluator.Tests/bin/Debug/net8.0/Musoq.Evaluator.Tests.dll" adapterTypeName="executor://mstestadapter/v2" className="Musoq.Evaluator.Tests.BitwiseOperationsOrTests" name="WhenBitwiseOrBetweenUIntAndLong_ShouldBeEvaluated" />
    </UnitTest>
    <UnitTest name="CallMethodWithTwoParametersTest" storage="/home/runner/work/musoq/musoq/musoq.evaluator.tests/bin/debug/net8.0/musoq.evaluator.tests.dll" id="07085b49-f42a-387b-ba25-e1f0583cf32f">
      <Execution id="b4cd6b2e-232c-403f-8d5c-d404a2bf63e8" />
      <TestMethod codeBase="/home/runner/work/Musoq/Musoq/Musoq.Evaluator.Tests/bin/Debug/net8.0/Musoq.Evaluator.Tests.dll" adapterTypeName="executor://mstestadapter/v2" className="Musoq.Evaluator.Tests.SingleSchemaEvaluatorTests" name="CallMethodWithTwoParametersTest" />
    </UnitTest>
    <UnitTest name="WhenShortAndUShortUsed_ShouldHaveColumnOfThatType" storage="/home/runner/work/musoq/musoq/musoq.evaluator.tests/bin/debug/net8.0/musoq.evaluator.tests.dll" id="d6510621-4cbc-309b-dceb-2f6e900ea107">
      <Execution id="26ab2d3d-8839-41ea-af6a-ed61024a9e2e" />
      <TestMethod codeBase="/home/runner/work/Musoq/Musoq/Musoq.Evaluator.Tests/bin/Debug/net8.0/Musoq.Evaluator.Tests.dll" adapterTypeName="executor://mstestadapter/v2" className="Musoq.Evaluator.Tests.ArithmeticForCrossTypesTests" name="WhenShortAndUShortUsed_ShouldHaveColumnOfThatType" />
    </UnitTest>
    <UnitTest name="ReorderedGroupByWithWhereAndSkipTakeTest" storage="/home/runner/work/musoq/musoq/musoq.evaluator.tests/bin/debug/net8.0/musoq.evaluator.tests.dll" id="ef7002a1-a632-d95e-170d-d1639fadc8df">
      <Execution id="a27008c5-f92a-4151-9be6-8ccc64c9b6c4" />
      <TestMethod codeBase="/home/runner/work/Musoq/Musoq/Musoq.Evaluator.Tests/bin/Debug/net8.0/Musoq.Evaluator.Tests.dll" adapterTypeName="executor://mstestadapter/v2" className="Musoq.Evaluator.Tests.GroupByTests" name="ReorderedGroupByWithWhereAndSkipTakeTest" />
    </UnitTest>
    <UnitTest name="DivisionWithAdditionTest" storage="/home/runner/work/musoq/musoq/musoq.evaluator.tests/bin/debug/net8.0/musoq.evaluator.tests.dll" id="fd642c50-c3dc-7544-2591-3e73722524e1">
      <Execution id="d14af5df-5d3f-4f3f-8758-6eebda242e34" />
      <TestMethod codeBase="/home/runner/work/Musoq/Musoq/Musoq.Evaluator.Tests/bin/Debug/net8.0/Musoq.Evaluator.Tests.dll" adapterTypeName="executor://mstestadapter/v2" className="Musoq.Evaluator.Tests.ArithmeticTests" name="DivisionWithAdditionTest" />
    </UnitTest>
    <UnitTest name="WhenColumnsUsedInJoinQuery_ShouldPass" storage="/home/runner/work/musoq/musoq/musoq.evaluator.tests/bin/debug/net8.0/musoq.evaluator.tests.dll" id="66eb99b1-41f6-a4bd-191f-a1c10284c1c6">
      <Execution id="ac6baf72-9766-4738-97ab-af7357a8bc20" />
      <TestMethod codeBase="/home/runner/work/Musoq/Musoq/Musoq.Evaluator.Tests/bin/Debug/net8.0/Musoq.Evaluator.Tests.dll" adapterTypeName="executor://mstestadapter/v2" className="Musoq.Evaluator.Tests.UsedColumnsTests" name="WhenColumnsUsedInJoinQuery_ShouldPass" />
    </UnitTest>
    <UnitTest name="AddOperatorWithStringsTurnsIntoConcatTest" storage="/home/runner/work/musoq/musoq/musoq.evaluator.tests/bin/debug/net8.0/musoq.evaluator.tests.dll" id="6874ee7c-363f-f5c3-eaf5-659311f50eb1">
      <Execution id="f76a3ca8-5d24-46d2-9489-b6305e1cc035" />
      <TestMethod codeBase="/home/runner/work/Musoq/Musoq/Musoq.Evaluator.Tests/bin/Debug/net8.0/Musoq.Evaluator.Tests.dll" adapterTypeName="executor://mstestadapter/v2" className="Musoq.Evaluator.Tests.SingleSchemaEvaluatorTests" name="AddOperatorWithStringsTurnsIntoConcatTest" />
    </UnitTest>
    <UnitTest name="WhenBitwiseXorBetweenShortAndShort_ShouldBeEvaluated" storage="/home/runner/work/musoq/musoq/musoq.evaluator.tests/bin/debug/net8.0/musoq.evaluator.tests.dll" id="08119cc9-3b63-481e-3f94-49d9a431dbe1">
      <Execution id="995f352a-35ea-4b6c-b731-a12131c448cc" />
      <TestMethod codeBase="/home/runner/work/Musoq/Musoq/Musoq.Evaluator.Tests/bin/Debug/net8.0/Musoq.Evaluator.Tests.dll" adapterTypeName="executor://mstestadapter/v2" className="Musoq.Evaluator.Tests.BitwiseOperationsXorTests" name="WhenBitwiseXorBetweenShortAndShort_ShouldBeEvaluated" />
    </UnitTest>
    <UnitTest name="WhenToStringCalled_ShouldReturnSameQuery (select b.* from #some.thing() a cross apply #some.thing(a.Column, true) b)" storage="/home/runner/work/musoq/musoq/musoq.evaluator.tests/bin/debug/net8.0/musoq.evaluator.tests.dll" id="f4fd0e23-1f2e-d225-53b3-7f84812ea0d8">
      <Execution id="c037a296-2359-4ff8-a947-73f8cd6b9cc4" />
      <TestMethod codeBase="/home/runner/work/Musoq/Musoq/Musoq.Evaluator.Tests/bin/Debug/net8.0/Musoq.Evaluator.Tests.dll" adapterTypeName="executor://mstestadapter/v2" className="Musoq.Evaluator.Tests.StringifyTests" name="WhenToStringCalled_ShouldReturnSameQuery" />
    </UnitTest>
    <UnitTest name="WithDynamicSource_AccessComplexObjectProperties_ShouldPass" storage="/home/runner/work/musoq/musoq/musoq.evaluator.tests/bin/debug/net8.0/musoq.evaluator.tests.dll" id="58e97ec1-8559-2e6f-7de2-4f6f2da020b3">
      <Execution id="486b0353-2a18-4320-824f-d1118246f9a3" />
      <TestMethod codeBase="/home/runner/work/Musoq/Musoq/Musoq.Evaluator.Tests/bin/Debug/net8.0/Musoq.Evaluator.Tests.dll" adapterTypeName="executor://mstestadapter/v2" className="Musoq.Evaluator.Tests.DynamicSourceWithDynamicAndDefaultTypeHinting" name="WithDynamicSource_AccessComplexObjectProperties_ShouldPass" />
    </UnitTest>
    <UnitTest name="WhenBitwiseAndBetweenUIntAndUInt_ShouldBeEvaluated" storage="/home/runner/work/musoq/musoq/musoq.evaluator.tests/bin/debug/net8.0/musoq.evaluator.tests.dll" id="ba5efa8c-bba3-948f-fa6b-b72342e36471">
      <Execution id="4c0874a4-5ba5-46b6-85e9-bc0dcf5cba90" />
      <TestMethod codeBase="/home/runner/work/Musoq/Musoq/Musoq.Evaluator.Tests/bin/Debug/net8.0/Musoq.Evaluator.Tests.dll" adapterTypeName="executor://mstestadapter/v2" className="Musoq.Evaluator.Tests.BitwiseOperationsAndTests" name="WhenBitwiseAndBetweenUIntAndUInt_ShouldBeEvaluated" />
    </UnitTest>
    <UnitTest name="WhenQuoteFollowedByTextUsed_MustNotThrow" storage="/home/runner/work/musoq/musoq/musoq.evaluator.tests/bin/debug/net8.0/musoq.evaluator.tests.dll" id="b88ffd39-7040-1fbb-72de-66ea61067c7e">
      <Execution id="4453d253-918a-472e-9d4b-c4e787a275d9" />
      <TestMethod codeBase="/home/runner/work/Musoq/Musoq/Musoq.Evaluator.Tests/bin/Debug/net8.0/Musoq.Evaluator.Tests.dll" adapterTypeName="executor://mstestadapter/v2" className="Musoq.Evaluator.Tests.StringsTests" name="WhenQuoteFollowedByTextUsed_MustNotThrow" />
    </UnitTest>
    <UnitTest name="WhenBitwiseAndBetweenIntAndSByte_ShouldBeEvaluated" storage="/home/runner/work/musoq/musoq/musoq.evaluator.tests/bin/debug/net8.0/musoq.evaluator.tests.dll" id="73e41eed-6b53-5e6d-7d43-02e0e1e6df80">
      <Execution id="1919cc88-0586-4405-81e7-73aa1150b802" />
      <TestMethod codeBase="/home/runner/work/Musoq/Musoq/Musoq.Evaluator.Tests/bin/Debug/net8.0/Musoq.Evaluator.Tests.dll" adapterTypeName="executor://mstestadapter/v2" className="Musoq.Evaluator.Tests.BitwiseOperationsAndTests" name="WhenBitwiseAndBetweenIntAndSByte_ShouldBeEvaluated" />
    </UnitTest>
    <UnitTest name="WhenLongMethodCallAndLongUsed_ShouldHaveColumnOfThatType" storage="/home/runner/work/musoq/musoq/musoq.evaluator.tests/bin/debug/net8.0/musoq.evaluator.tests.dll" id="e6afc307-97ba-04ca-81d6-c1c2faf9ac00">
      <Execution id="e1cf3b08-5c02-473e-8482-f08479f91994" />
      <TestMethod codeBase="/home/runner/work/Musoq/Musoq/Musoq.Evaluator.Tests/bin/Debug/net8.0/Musoq.Evaluator.Tests.dll" adapterTypeName="executor://mstestadapter/v2" className="Musoq.Evaluator.Tests.ArithmeticForMethodCallAndTypeSpecificOperationTests" name="WhenLongMethodCallAndLongUsed_ShouldHaveColumnOfThatType" />
    </UnitTest>
    <UnitTest name="WhenUnknownEscapeSequence_ShouldRemoveBackslash" storage="/home/runner/work/musoq/musoq/musoq.evaluator.tests/bin/debug/net8.0/musoq.evaluator.tests.dll" id="9e27aef9-8b2c-f4c1-bf27-c862124dbe03">
      <Execution id="562e350e-5fce-4c1c-9ded-6c02459a9652" />
      <TestMethod codeBase="/home/runner/work/Musoq/Musoq/Musoq.Evaluator.Tests/bin/Debug/net8.0/Musoq.Evaluator.Tests.dll" adapterTypeName="executor://mstestadapter/v2" className="Musoq.Evaluator.Tests.EscapeTests" name="WhenUnknownEscapeSequence_ShouldRemoveBackslash" />
    </UnitTest>
    <UnitTest name="WhenBitwiseOrBetweenIntAndUInt_ShouldBeEvaluated" storage="/home/runner/work/musoq/musoq/musoq.evaluator.tests/bin/debug/net8.0/musoq.evaluator.tests.dll" id="cb790c48-8749-e2f8-c3e0-07e9d9d24076">
      <Execution id="f2a19582-6520-457d-b7df-cc7638aa3a3a" />
      <TestMethod codeBase="/home/runner/work/Musoq/Musoq/Musoq.Evaluator.Tests/bin/Debug/net8.0/Musoq.Evaluator.Tests.dll" adapterTypeName="executor://mstestadapter/v2" className="Musoq.Evaluator.Tests.BitwiseOperationsOrTests" name="WhenBitwiseOrBetweenIntAndUInt_ShouldBeEvaluated" />
    </UnitTest>
    <UnitTest name="GetSchemaTableAndRowSourcePassedPrimitiveArgumentsTest" storage="/home/runner/work/musoq/musoq/musoq.evaluator.tests/bin/debug/net8.0/musoq.evaluator.tests.dll" id="70392d53-3e08-1872-68fa-7004ab2c60e0">
      <Execution id="2ca9425b-dd3c-4da3-8c7b-77ae1968e147" />
      <TestMethod codeBase="/home/runner/work/Musoq/Musoq/Musoq.Evaluator.Tests/bin/Debug/net8.0/Musoq.Evaluator.Tests.dll" adapterTypeName="executor://mstestadapter/v2" className="Musoq.Evaluator.Tests.PassPrimitiveTypesTests" name="GetSchemaTableAndRowSourcePassedPrimitiveArgumentsTest" />
    </UnitTest>
    <UnitTest name="MultiSubtractionTest" storage="/home/runner/work/musoq/musoq/musoq.evaluator.tests/bin/debug/net8.0/musoq.evaluator.tests.dll" id="4bd9b636-dfa2-5692-681d-1f7fe3ffd6e9">
      <Execution id="df68ae41-046a-4b24-94fe-a28f67fe08b5" />
      <TestMethod codeBase="/home/runner/work/Musoq/Musoq/Musoq.Evaluator.Tests/bin/Debug/net8.0/Musoq.Evaluator.Tests.dll" adapterTypeName="executor://mstestadapter/v2" className="Musoq.Evaluator.Tests.ArithmeticTests" name="MultiSubtractionTest" />
    </UnitTest>
    <UnitTest name="WhenBitwiseAndBetweenUIntAndShort_ShouldBeEvaluated" storage="/home/runner/work/musoq/musoq/musoq.evaluator.tests/bin/debug/net8.0/musoq.evaluator.tests.dll" id="8c58e0dc-79af-8fd3-78d1-001c14c55358">
      <Execution id="22da0d38-6d54-4a23-9eb0-213bb67ca376" />
      <TestMethod codeBase="/home/runner/work/Musoq/Musoq/Musoq.Evaluator.Tests/bin/Debug/net8.0/Musoq.Evaluator.Tests.dll" adapterTypeName="executor://mstestadapter/v2" className="Musoq.Evaluator.Tests.BitwiseOperationsAndTests" name="WhenBitwiseAndBetweenUIntAndShort_ShouldBeEvaluated" />
    </UnitTest>
    <UnitTest name="GroupByComplexObjectAccessWithSumTest" storage="/home/runner/work/musoq/musoq/musoq.evaluator.tests/bin/debug/net8.0/musoq.evaluator.tests.dll" id="991585ad-c440-070f-dd9c-003332f2c45e">
      <Execution id="1ece5ecb-5190-413b-bd5a-90fde8ab2b7b" />
      <TestMethod codeBase="/home/runner/work/Musoq/Musoq/Musoq.Evaluator.Tests/bin/Debug/net8.0/Musoq.Evaluator.Tests.dll" adapterTypeName="executor://mstestadapter/v2" className="Musoq.Evaluator.Tests.GroupByTests" name="GroupByComplexObjectAccessWithSumTest" />
    </UnitTest>
    <UnitTest name="WhenDecimalAndDecimalUsed_ShouldHaveColumnOfThatType" storage="/home/runner/work/musoq/musoq/musoq.evaluator.tests/bin/debug/net8.0/musoq.evaluator.tests.dll" id="b17d3a45-6313-6d50-f9c7-d0385d04de3f">
      <Execution id="e0c920b0-2327-4c7b-b0cb-aa05cf131f18" />
      <TestMethod codeBase="/home/runner/work/Musoq/Musoq/Musoq.Evaluator.Tests/bin/Debug/net8.0/Musoq.Evaluator.Tests.dll" adapterTypeName="executor://mstestadapter/v2" className="Musoq.Evaluator.Tests.ArithmeticForCrossTypesTests" name="WhenDecimalAndDecimalUsed_ShouldHaveColumnOfThatType" />
    </UnitTest>
    <UnitTest name="OrOperator_WhenLeftFieldIsNull_ShouldShowLeftNull" storage="/home/runner/work/musoq/musoq/musoq.evaluator.tests/bin/debug/net8.0/musoq.evaluator.tests.dll" id="f0909767-162a-1e2a-bb15-72aedf5d3be3">
      <Execution id="266a20b0-6c55-4885-910b-4220dac051b9" />
      <TestMethod codeBase="/home/runner/work/Musoq/Musoq/Musoq.Evaluator.Tests/bin/Debug/net8.0/Musoq.Evaluator.Tests.dll" adapterTypeName="executor://mstestadapter/v2" className="Musoq.Evaluator.Tests.NullabilityTests" name="OrOperator_WhenLeftFieldIsNull_ShouldShowLeftNull" />
    </UnitTest>
    <UnitTest name="WhenOrderByCaseWhenExpression_ShouldSucceed" storage="/home/runner/work/musoq/musoq/musoq.evaluator.tests/bin/debug/net8.0/musoq.evaluator.tests.dll" id="f4f884dc-e002-1761-2445-2af0fa3c0dad">
      <Execution id="7ac1ba03-7234-4e30-9da1-750f31ad7feb" />
      <TestMethod codeBase="/home/runner/work/Musoq/Musoq/Musoq.Evaluator.Tests/bin/Debug/net8.0/Musoq.Evaluator.Tests.dll" adapterTypeName="executor://mstestadapter/v2" className="Musoq.Evaluator.Tests.OrderByTests" name="WhenOrderByCaseWhenExpression_ShouldSucceed" />
    </UnitTest>
    <UnitTest name="CoalesceTest" storage="/home/runner/work/musoq/musoq/musoq.evaluator.tests/bin/debug/net8.0/musoq.evaluator.tests.dll" id="7ecf362b-675e-dfb2-03da-2fc04410c872">
      <Execution id="624bb767-6db7-4e9c-a6bb-bd008edc8bef" />
      <TestMethod codeBase="/home/runner/work/Musoq/Musoq/Musoq.Evaluator.Tests/bin/Debug/net8.0/Musoq.Evaluator.Tests.dll" adapterTypeName="executor://mstestadapter/v2" className="Musoq.Evaluator.Tests.SingleSchemaEvaluatorTests" name="CoalesceTest" />
    </UnitTest>
    <UnitTest name="WhenBitwiseNotOnSByte_ShouldBeEvaluated" storage="/home/runner/work/musoq/musoq/musoq.evaluator.tests/bin/debug/net8.0/musoq.evaluator.tests.dll" id="bf01b404-354b-99f2-06fb-be357c55e3c8">
      <Execution id="f3a0e3c6-bb5e-42bb-a795-2acc82e1ea2d" />
      <TestMethod codeBase="/home/runner/work/Musoq/Musoq/Musoq.Evaluator.Tests/bin/Debug/net8.0/Musoq.Evaluator.Tests.dll" adapterTypeName="executor://mstestadapter/v2" className="Musoq.Evaluator.Tests.BitwiseOperationsNotTests" name="WhenBitwiseNotOnSByte_ShouldBeEvaluated" />
    </UnitTest>
    <UnitTest name="WhenSpecialCharacterStartBracketUsedInTextWith_MustNotThrow (.)" storage="/home/runner/work/musoq/musoq/musoq.evaluator.tests/bin/debug/net8.0/musoq.evaluator.tests.dll" id="b2630cd9-bf16-f8be-87b5-70d1d1308b9d">
      <Execution id="90cd2b19-d764-49be-ab13-3aee0ab5bcba" />
      <TestMethod codeBase="/home/runner/work/Musoq/Musoq/Musoq.Evaluator.Tests/bin/Debug/net8.0/Musoq.Evaluator.Tests.dll" adapterTypeName="executor://mstestadapter/v2" className="Musoq.Evaluator.Tests.StringsTests" name="WhenSpecialCharacterStartBracketUsedInTextWith_MustNotThrow" />
    </UnitTest>
    <UnitTest name="MixedSourcesExceptUnionScenario1Test" storage="/home/runner/work/musoq/musoq/musoq.evaluator.tests/bin/debug/net8.0/musoq.evaluator.tests.dll" id="148fb164-9865-74f0-2fbc-194d11fcf695">
      <Execution id="35e3c3ea-5596-4977-8a1b-13d2eadc6ced" />
      <TestMethod codeBase="/home/runner/work/Musoq/Musoq/Musoq.Evaluator.Tests/bin/Debug/net8.0/Musoq.Evaluator.Tests.dll" adapterTypeName="executor://mstestadapter/v2" className="Musoq.Evaluator.Tests.SetsOperatorsTests" name="MixedSourcesExceptUnionScenario1Test" />
    </UnitTest>
    <UnitTest name="WhenComplexMixedEscapes_ShouldBePresent" storage="/home/runner/work/musoq/musoq/musoq.evaluator.tests/bin/debug/net8.0/musoq.evaluator.tests.dll" id="ed1dbb0f-966d-b8e7-964a-94829ab85fb3">
      <Execution id="56502d4f-9bb4-42e8-bfe4-c44d9eb6f4fd" />
      <TestMethod codeBase="/home/runner/work/Musoq/Musoq/Musoq.Evaluator.Tests/bin/Debug/net8.0/Musoq.Evaluator.Tests.dll" adapterTypeName="executor://mstestadapter/v2" className="Musoq.Evaluator.Tests.EscapeTests" name="WhenComplexMixedEscapes_ShouldBePresent" />
    </UnitTest>
    <UnitTest name="WhenSameAliasesUsedWithinCteInnerExpression_ShouldThrow" storage="/home/runner/work/musoq/musoq/musoq.evaluator.tests/bin/debug/net8.0/musoq.evaluator.tests.dll" id="791cd75b-957d-707c-6067-0e61efdc8be6">
      <Execution id="f8b3f547-8daf-4216-b924-776a5e12378f" />
      <TestMethod codeBase="/home/runner/work/Musoq/Musoq/Musoq.Evaluator.Tests/bin/Debug/net8.0/Musoq.Evaluator.Tests.dll" adapterTypeName="executor://mstestadapter/v2" className="Musoq.Evaluator.Tests.CteTests" name="WhenSameAliasesUsedWithinCteInnerExpression_ShouldThrow" />
    </UnitTest>
    <UnitTest name="WhenColumnsUsedAsSourceOfMethodAndUsedInWhere_ShouldPass" storage="/home/runner/work/musoq/musoq/musoq.evaluator.tests/bin/debug/net8.0/musoq.evaluator.tests.dll" id="90ace3ac-4ac9-649c-fafa-b8534ce4e277">
      <Execution id="e247f377-ea91-41dc-9dc4-16b3918da69a" />
      <TestMethod codeBase="/home/runner/work/Musoq/Musoq/Musoq.Evaluator.Tests/bin/Debug/net8.0/Musoq.Evaluator.Tests.dll" adapterTypeName="executor://mstestadapter/v2" className="Musoq.Evaluator.Tests.UsedColumnsTests" name="WhenColumnsUsedAsSourceOfMethodAndUsedInWhere_ShouldPass" />
    </UnitTest>
    <UnitTest name="WhenBitwiseXorBetweenUIntAndLong_ShouldBeEvaluated" storage="/home/runner/work/musoq/musoq/musoq.evaluator.tests/bin/debug/net8.0/musoq.evaluator.tests.dll" id="d8e566c5-64e6-5975-cf6d-36f1e3c959de">
      <Execution id="a6b273d4-4e4a-463d-ae73-68bc7db4faa7" />
      <TestMethod codeBase="/home/runner/work/Musoq/Musoq/Musoq.Evaluator.Tests/bin/Debug/net8.0/Musoq.Evaluator.Tests.dll" adapterTypeName="executor://mstestadapter/v2" className="Musoq.Evaluator.Tests.BitwiseOperationsXorTests" name="WhenBitwiseXorBetweenUIntAndLong_ShouldBeEvaluated" />
    </UnitTest>
    <UnitTest name="WhenMultipleConsecutiveBackslashes_ShouldBePresent" storage="/home/runner/work/musoq/musoq/musoq.evaluator.tests/bin/debug/net8.0/musoq.evaluator.tests.dll" id="918f810b-22b4-d559-b827-a50fdcb70dd7">
      <Execution id="97065178-d759-45ca-a19e-056ee889dedb" />
      <TestMethod codeBase="/home/runner/work/Musoq/Musoq/Musoq.Evaluator.Tests/bin/Debug/net8.0/Musoq.Evaluator.Tests.dll" adapterTypeName="executor://mstestadapter/v2" className="Musoq.Evaluator.Tests.EscapeTests" name="WhenMultipleConsecutiveBackslashes_ShouldBePresent" />
    </UnitTest>
    <UnitTest name="WhenToStringCalled_ShouldReturnSameQuery (select somethingVeryLong2.* from #some.thing(true) somethingVeryLong2)" storage="/home/runner/work/musoq/musoq/musoq.evaluator.tests/bin/debug/net8.0/musoq.evaluator.tests.dll" id="cfdadbb6-4369-6596-8f5b-96769dcbfed0">
      <Execution id="5d27f164-b0fa-49b0-9be6-c398f36d360a" />
      <TestMethod codeBase="/home/runner/work/Musoq/Musoq/Musoq.Evaluator.Tests/bin/Debug/net8.0/Musoq.Evaluator.Tests.dll" adapterTypeName="executor://mstestadapter/v2" className="Musoq.Evaluator.Tests.StringifyTests" name="WhenToStringCalled_ShouldReturnSameQuery" />
    </UnitTest>
    <UnitTest name="WhenBitwiseXorBetweenByteAndUShort_ShouldBeEvaluated" storage="/home/runner/work/musoq/musoq/musoq.evaluator.tests/bin/debug/net8.0/musoq.evaluator.tests.dll" id="f30f42f9-2873-ec62-feac-fcdec189dbf6">
      <Execution id="87dd2ea9-2736-480f-bc69-2df6bae71854" />
      <TestMethod codeBase="/home/runner/work/Musoq/Musoq/Musoq.Evaluator.Tests/bin/Debug/net8.0/Musoq.Evaluator.Tests.dll" adapterTypeName="executor://mstestadapter/v2" className="Musoq.Evaluator.Tests.BitwiseOperationsXorTests" name="WhenBitwiseXorBetweenByteAndUShort_ShouldBeEvaluated" />
    </UnitTest>
    <UnitTest name="WhenLongMethodCallAndByteUsed_ShouldHaveColumnOfThatType" storage="/home/runner/work/musoq/musoq/musoq.evaluator.tests/bin/debug/net8.0/musoq.evaluator.tests.dll" id="fa4290ed-df19-a30c-17dd-c11e87a89db0">
      <Execution id="f94ab4a3-f46c-44ea-b199-d3ce485a1bca" />
      <TestMethod codeBase="/home/runner/work/Musoq/Musoq/Musoq.Evaluator.Tests/bin/Debug/net8.0/Musoq.Evaluator.Tests.dll" adapterTypeName="executor://mstestadapter/v2" className="Musoq.Evaluator.Tests.ArithmeticForMethodCallAndTypeSpecificOperationTests" name="WhenLongMethodCallAndByteUsed_ShouldHaveColumnOfThatType" />
    </UnitTest>
    <UnitTest name="WhenCompilerMustDecideWhichOneOfTheMethodsUse_TheMethodHasAdditionalArgument_ShouldChoseFirstOne" storage="/home/runner/work/musoq/musoq/musoq.evaluator.tests/bin/debug/net8.0/musoq.evaluator.tests.dll" id="3fd5c3d5-1933-1b32-0102-1965a2d75b45">
      <Execution id="5489ad59-880d-4115-bfd7-f5a6ffc49614" />
      <TestMethod codeBase="/home/runner/work/Musoq/Musoq/Musoq.Evaluator.Tests/bin/Debug/net8.0/Musoq.Evaluator.Tests.dll" adapterTypeName="executor://mstestadapter/v2" className="Musoq.Evaluator.Tests.MultipleSchemasEvaluatorTests" name="WhenCompilerMustDecideWhichOneOfTheMethodsUse_TheMethodHasAdditionalArgument_ShouldChoseFirstOne" />
    </UnitTest>
    <UnitTest name="SimpleQueryTest" storage="/home/runner/work/musoq/musoq/musoq.evaluator.tests/bin/debug/net8.0/musoq.evaluator.tests.dll" id="579d6963-0b70-e52b-5ae9-86220bc7b003">
      <Execution id="171de378-0685-46f9-ba9b-5b2f634520fe" />
      <TestMethod codeBase="/home/runner/work/Musoq/Musoq/Musoq.Evaluator.Tests/bin/Debug/net8.0/Musoq.Evaluator.Tests.dll" adapterTypeName="executor://mstestadapter/v2" className="Musoq.Evaluator.Tests.SingleSchemaEvaluatorTests" name="SimpleQueryTest" />
    </UnitTest>
    <UnitTest name="WhenCrossApplyAndMethodWithDefaultParameterUsed_ShouldPass" storage="/home/runner/work/musoq/musoq/musoq.evaluator.tests/bin/debug/net8.0/musoq.evaluator.tests.dll" id="f1910126-1cb1-ddc3-110a-fdec04d11dda">
      <Execution id="3f527faf-3ada-449c-8789-2409e5575004" />
      <TestMethod codeBase="/home/runner/work/Musoq/Musoq/Musoq.Evaluator.Tests/bin/Debug/net8.0/Musoq.Evaluator.Tests.dll" adapterTypeName="executor://mstestadapter/v2" className="Musoq.Evaluator.Tests.CrossApplyCteTests" name="WhenCrossApplyAndMethodWithDefaultParameterUsed_ShouldPass" />
    </UnitTest>
    <UnitTest name="JoinWithUnionAllTest" storage="/home/runner/work/musoq/musoq/musoq.evaluator.tests/bin/debug/net8.0/musoq.evaluator.tests.dll" id="68ddf7f6-e6f3-3c7f-c0dd-d6c1f8d5d0e6">
      <Execution id="97a7863f-d456-4507-8ebf-3552f6726dc3" />
      <TestMethod codeBase="/home/runner/work/Musoq/Musoq/Musoq.Evaluator.Tests/bin/Debug/net8.0/Musoq.Evaluator.Tests.dll" adapterTypeName="executor://mstestadapter/v2" className="Musoq.Evaluator.Tests.JoinTests" name="JoinWithUnionAllTest" />
    </UnitTest>
    <UnitTest name="WhenRowNumberWithSkipTest_ShouldPass" storage="/home/runner/work/musoq/musoq/musoq.evaluator.tests/bin/debug/net8.0/musoq.evaluator.tests.dll" id="f708766e-f74c-c7ee-7bfd-107a325ae169">
      <Execution id="c1f2b71e-66c7-41dd-974c-d1c710929ec5" />
      <TestMethod codeBase="/home/runner/work/Musoq/Musoq/Musoq.Evaluator.Tests/bin/Debug/net8.0/Musoq.Evaluator.Tests.dll" adapterTypeName="executor://mstestadapter/v2" className="Musoq.Evaluator.Tests.RowNumberTests" name="WhenRowNumberWithSkipTest_ShouldPass" />
    </UnitTest>
    <UnitTest name="WhenFloatAndUShortUsed_ShouldHaveColumnOfThatType" storage="/home/runner/work/musoq/musoq/musoq.evaluator.tests/bin/debug/net8.0/musoq.evaluator.tests.dll" id="34590d27-8403-3173-685a-27ede61afc97">
      <Execution id="584e69b3-f8cd-4307-ad4f-cc33c0ed8009" />
      <TestMethod codeBase="/home/runner/work/Musoq/Musoq/Musoq.Evaluator.Tests/bin/Debug/net8.0/Musoq.Evaluator.Tests.dll" adapterTypeName="executor://mstestadapter/v2" className="Musoq.Evaluator.Tests.ArithmeticForCrossTypesTests" name="WhenFloatAndUShortUsed_ShouldHaveColumnOfThatType" />
    </UnitTest>
    <UnitTest name="WithDynamicSource_AccessComplexObjectProperties_ShouldPass" storage="/home/runner/work/musoq/musoq/musoq.evaluator.tests/bin/debug/net8.0/musoq.evaluator.tests.dll" id="1f776d35-5e44-46ad-eb07-3c9c08a58ef7">
      <Execution id="8443c91e-4d58-4297-8b00-a1ba0ad5d3f7" />
      <TestMethod codeBase="/home/runner/work/Musoq/Musoq/Musoq.Evaluator.Tests/bin/Debug/net8.0/Musoq.Evaluator.Tests.dll" adapterTypeName="executor://mstestadapter/v2" className="Musoq.Evaluator.Tests.DynamicSourceWithDynamicTypeHinting" name="WithDynamicSource_AccessComplexObjectProperties_ShouldPass" />
    </UnitTest>
    <UnitTest name="WhenCteUsedWithExchangeParametersBetweenSources_ShouldPass" storage="/home/runner/work/musoq/musoq/musoq.evaluator.tests/bin/debug/net8.0/musoq.evaluator.tests.dll" id="b17b3f85-a7f9-5aa0-a859-b1875bdafce4">
      <Execution id="110bcf2b-1695-4561-b86a-23400297d908" />
      <TestMethod codeBase="/home/runner/work/Musoq/Musoq/Musoq.Evaluator.Tests/bin/Debug/net8.0/Musoq.Evaluator.Tests.dll" adapterTypeName="executor://mstestadapter/v2" className="Musoq.Evaluator.Tests.RewriteWhereExpressionToPassItToDataSourceTests" name="WhenCteUsedWithExchangeParametersBetweenSources_ShouldPass" />
    </UnitTest>
    <UnitTest name="WhenNullableBooleanFields_ForBinaryOperator_WithShortenedSyntaxApplied_ShouldPass" storage="/home/runner/work/musoq/musoq/musoq.evaluator.tests/bin/debug/net8.0/musoq.evaluator.tests.dll" id="a3c91df9-b28c-c707-6b43-9eebd4df78ac">
      <Execution id="fd870a92-6646-4104-952d-eb1c5184b990" />
      <TestMethod codeBase="/home/runner/work/Musoq/Musoq/Musoq.Evaluator.Tests/bin/Debug/net8.0/Musoq.Evaluator.Tests.dll" adapterTypeName="executor://mstestadapter/v2" className="Musoq.Evaluator.Tests.MethodInvocationTests" name="WhenNullableBooleanFields_ForBinaryOperator_WithShortenedSyntaxApplied_ShouldPass" />
    </UnitTest>
    <UnitTest name="WhenUIntAndFloatUsed_ShouldHaveColumnOfThatType" storage="/home/runner/work/musoq/musoq/musoq.evaluator.tests/bin/debug/net8.0/musoq.evaluator.tests.dll" id="05ea81b5-e5de-a451-fd0e-25a275666681">
      <Execution id="f3ac4051-7741-445f-bd13-3673c97f0012" />
      <TestMethod codeBase="/home/runner/work/Musoq/Musoq/Musoq.Evaluator.Tests/bin/Debug/net8.0/Musoq.Evaluator.Tests.dll" adapterTypeName="executor://mstestadapter/v2" className="Musoq.Evaluator.Tests.ArithmeticForCrossTypesTests" name="WhenUIntAndFloatUsed_ShouldHaveColumnOfThatType" />
    </UnitTest>
    <UnitTest name="WhenBitwiseXorBetweenUIntAndShort_ShouldBeEvaluated" storage="/home/runner/work/musoq/musoq/musoq.evaluator.tests/bin/debug/net8.0/musoq.evaluator.tests.dll" id="622bea83-fee6-71de-7baf-41dfd51de05e">
      <Execution id="220f08df-ac19-45e3-aae8-c234395dc04c" />
      <TestMethod codeBase="/home/runner/work/Musoq/Musoq/Musoq.Evaluator.Tests/bin/Debug/net8.0/Musoq.Evaluator.Tests.dll" adapterTypeName="executor://mstestadapter/v2" className="Musoq.Evaluator.Tests.BitwiseOperationsXorTests" name="WhenBitwiseXorBetweenUIntAndShort_ShouldBeEvaluated" />
    </UnitTest>
    <UnitTest name="WhenOrderByColumn_ShouldSucceed" storage="/home/runner/work/musoq/musoq/musoq.evaluator.tests/bin/debug/net8.0/musoq.evaluator.tests.dll" id="73b3caa4-9ee5-bdaa-5c26-29f3cb43cde2">
      <Execution id="bd5277ac-bb77-4c77-9c1d-6e7abfbe27d2" />
      <TestMethod codeBase="/home/runner/work/Musoq/Musoq/Musoq.Evaluator.Tests/bin/Debug/net8.0/Musoq.Evaluator.Tests.dll" adapterTypeName="executor://mstestadapter/v2" className="Musoq.Evaluator.Tests.OrderByTests" name="WhenOrderByColumn_ShouldSucceed" />
    </UnitTest>
    <UnitTest name="OuterApplyProperty_WithGroupBy_ShouldPass" storage="/home/runner/work/musoq/musoq/musoq.evaluator.tests/bin/debug/net8.0/musoq.evaluator.tests.dll" id="680e486f-d03a-253c-2508-245d09c8ffca">
      <Execution id="05a99f50-e86a-45aa-9a56-af5a2c5d3a12" />
      <TestMethod codeBase="/home/runner/work/Musoq/Musoq/Musoq.Evaluator.Tests/bin/Debug/net8.0/Musoq.Evaluator.Tests.dll" adapterTypeName="executor://mstestadapter/v2" className="Musoq.Evaluator.Tests.OuterApplySelfPropertyTests" name="OuterApplyProperty_WithGroupBy_ShouldPass" />
    </UnitTest>
    <UnitTest name="WhenToStringCalled_ShouldReturnSameQuery (select s.Column1, s.Column2 from #some.thing() s where s.Column1 = 10 order by s.Column2 take 4)" storage="/home/runner/work/musoq/musoq/musoq.evaluator.tests/bin/debug/net8.0/musoq.evaluator.tests.dll" id="fe1196b5-2565-af08-6b89-20f848978c99">
      <Execution id="60553b45-0949-4ffd-a6e3-83f1dc38b3d1" />
      <TestMethod codeBase="/home/runner/work/Musoq/Musoq/Musoq.Evaluator.Tests/bin/Debug/net8.0/Musoq.Evaluator.Tests.dll" adapterTypeName="executor://mstestadapter/v2" className="Musoq.Evaluator.Tests.StringifyTests" name="WhenToStringCalled_ShouldReturnSameQuery" />
    </UnitTest>
    <UnitTest name="WhenComplexObjectAccessNonExistingProperty_ShouldFail" storage="/home/runner/work/musoq/musoq/musoq.evaluator.tests/bin/debug/net8.0/musoq.evaluator.tests.dll" id="fa23a34e-4ed2-42b6-5ded-6fe8a974ddc3">
      <Execution id="9726a389-a849-4e17-8729-e8608c0a4485" />
      <TestMethod codeBase="/home/runner/work/Musoq/Musoq/Musoq.Evaluator.Tests/bin/Debug/net8.0/Musoq.Evaluator.Tests.dll" adapterTypeName="executor://mstestadapter/v2" className="Musoq.Evaluator.Tests.ColumnsTests" name="WhenComplexObjectAccessNonExistingProperty_ShouldFail" />
    </UnitTest>
    <UnitTest name="WhenSchemaMethodCrossAppliedWithAnotherSameSchemas_GroupedByCountry_ShouldPass" storage="/home/runner/work/musoq/musoq/musoq.evaluator.tests/bin/debug/net8.0/musoq.evaluator.tests.dll" id="6fde042a-142f-b0ae-cf8e-963e8822c313">
      <Execution id="2a17d3d6-b1d7-4938-9da1-b89d2a032939" />
      <TestMethod codeBase="/home/runner/work/Musoq/Musoq/Musoq.Evaluator.Tests/bin/Debug/net8.0/Musoq.Evaluator.Tests.dll" adapterTypeName="executor://mstestadapter/v2" className="Musoq.Evaluator.Tests.CrossApplyTests" name="WhenSchemaMethodCrossAppliedWithAnotherSameSchemas_GroupedByCountry_ShouldPass" />
    </UnitTest>
    <UnitTest name="WhenSpecialCharacterStartBracketUsedInTextWith_MustNotThrow (&amp;)" storage="/home/runner/work/musoq/musoq/musoq.evaluator.tests/bin/debug/net8.0/musoq.evaluator.tests.dll" id="77177b4c-9f2c-f3e2-f932-42773e798f3f">
      <Execution id="6998cb55-785e-46f7-ae0a-dc98f8cc95ed" />
      <TestMethod codeBase="/home/runner/work/Musoq/Musoq/Musoq.Evaluator.Tests/bin/Debug/net8.0/Musoq.Evaluator.Tests.dll" adapterTypeName="executor://mstestadapter/v2" className="Musoq.Evaluator.Tests.StringsTests" name="WhenSpecialCharacterStartBracketUsedInTextWith_MustNotThrow" />
    </UnitTest>
    <UnitTest name="WhenBitwiseXorBetweenUshortAndInt_ShouldBeEvaluated" storage="/home/runner/work/musoq/musoq/musoq.evaluator.tests/bin/debug/net8.0/musoq.evaluator.tests.dll" id="6648edde-8bea-e56b-d73e-7dde6762e7c9">
      <Execution id="d7b47096-b0cf-4719-8f59-4dbcacd98e45" />
      <TestMethod codeBase="/home/runner/work/Musoq/Musoq/Musoq.Evaluator.Tests/bin/Debug/net8.0/Musoq.Evaluator.Tests.dll" adapterTypeName="executor://mstestadapter/v2" className="Musoq.Evaluator.Tests.BitwiseOperationsXorTests" name="WhenBitwiseXorBetweenUshortAndInt_ShouldBeEvaluated" />
    </UnitTest>
    <UnitTest name="WhenDoubleAndUShortUsed_ShouldHaveColumnOfThatType" storage="/home/runner/work/musoq/musoq/musoq.evaluator.tests/bin/debug/net8.0/musoq.evaluator.tests.dll" id="a8e5a760-b5e7-b40b-9992-10a66f34b951">
      <Execution id="77b9b392-44dc-4843-adbc-8c655733c501" />
      <TestMethod codeBase="/home/runner/work/Musoq/Musoq/Musoq.Evaluator.Tests/bin/Debug/net8.0/Musoq.Evaluator.Tests.dll" adapterTypeName="executor://mstestadapter/v2" className="Musoq.Evaluator.Tests.ArithmeticForCrossTypesTests" name="WhenDoubleAndUShortUsed_ShouldHaveColumnOfThatType" />
    </UnitTest>
    <UnitTest name="WhenBitwiseNotOnShort_ShouldBeEvaluated" storage="/home/runner/work/musoq/musoq/musoq.evaluator.tests/bin/debug/net8.0/musoq.evaluator.tests.dll" id="37feef46-bcda-d5a6-ebbf-6dc3d67c934b">
      <Execution id="2c52a58f-26b8-4d23-8d87-b4491bea336d" />
      <TestMethod codeBase="/home/runner/work/Musoq/Musoq/Musoq.Evaluator.Tests/bin/Debug/net8.0/Musoq.Evaluator.Tests.dll" adapterTypeName="executor://mstestadapter/v2" className="Musoq.Evaluator.Tests.BitwiseOperationsNotTests" name="WhenBitwiseNotOnShort_ShouldBeEvaluated" />
    </UnitTest>
    <UnitTest name="AndOperator_WhenBothFieldsAreNull_ShouldShowThreeRows" storage="/home/runner/work/musoq/musoq/musoq.evaluator.tests/bin/debug/net8.0/musoq.evaluator.tests.dll" id="b6ac1729-97a0-c205-b4d3-e33c72bd6505">
      <Execution id="25345143-3214-4a9c-bd93-dfea8f4175b1" />
      <TestMethod codeBase="/home/runner/work/Musoq/Musoq/Musoq.Evaluator.Tests/bin/Debug/net8.0/Musoq.Evaluator.Tests.dll" adapterTypeName="executor://mstestadapter/v2" className="Musoq.Evaluator.Tests.NullabilityTests" name="AndOperator_WhenBothFieldsAreNull_ShouldShowThreeRows" />
    </UnitTest>
    <UnitTest name="WhenWhereExpressionMustBeRewrittenDueToExchangingColumnsBetweenTwoSources_ShouldPass" storage="/home/runner/work/musoq/musoq/musoq.evaluator.tests/bin/debug/net8.0/musoq.evaluator.tests.dll" id="12a6b839-9a2b-155f-534b-f1dc85de4b4f">
      <Execution id="1eeed58b-78a5-4415-a12a-b218240a8bbf" />
      <TestMethod codeBase="/home/runner/work/Musoq/Musoq/Musoq.Evaluator.Tests/bin/Debug/net8.0/Musoq.Evaluator.Tests.dll" adapterTypeName="executor://mstestadapter/v2" className="Musoq.Evaluator.Tests.RewriteWhereExpressionToPassItToDataSourceTests" name="WhenWhereExpressionMustBeRewrittenDueToExchangingColumnsBetweenTwoSources_ShouldPass" />
    </UnitTest>
    <UnitTest name="CteWithTwoOuterExpressionTest" storage="/home/runner/work/musoq/musoq/musoq.evaluator.tests/bin/debug/net8.0/musoq.evaluator.tests.dll" id="3f072c08-cfbc-646c-5094-83b6775e2357">
      <Execution id="12041d98-dafb-40a2-809c-517f9bd0618e" />
      <TestMethod codeBase="/home/runner/work/Musoq/Musoq/Musoq.Evaluator.Tests/bin/Debug/net8.0/Musoq.Evaluator.Tests.dll" adapterTypeName="executor://mstestadapter/v2" className="Musoq.Evaluator.Tests.CteTests" name="CteWithTwoOuterExpressionTest" />
    </UnitTest>
    <UnitTest name="AndOperator_WhenRightFieldIsNull_ShouldShowLeftNull" storage="/home/runner/work/musoq/musoq/musoq.evaluator.tests/bin/debug/net8.0/musoq.evaluator.tests.dll" id="798f025e-0b69-f7f8-2c14-0b571d4f11af">
      <Execution id="aadbb51d-18f4-4e18-a216-305bd779e268" />
      <TestMethod codeBase="/home/runner/work/Musoq/Musoq/Musoq.Evaluator.Tests/bin/Debug/net8.0/Musoq.Evaluator.Tests.dll" adapterTypeName="executor://mstestadapter/v2" className="Musoq.Evaluator.Tests.NullabilityTests" name="AndOperator_WhenRightFieldIsNull_ShouldShowLeftNull" />
    </UnitTest>
    <UnitTest name="WhenMultipleStarsUnfoldToMultipleColumns_ShouldPass" storage="/home/runner/work/musoq/musoq/musoq.evaluator.tests/bin/debug/net8.0/musoq.evaluator.tests.dll" id="75585c5d-d372-8f4e-a850-52408d92d58d">
      <Execution id="618712ec-115b-4caa-a432-7c78533ecb09" />
      <TestMethod codeBase="/home/runner/work/Musoq/Musoq/Musoq.Evaluator.Tests/bin/Debug/net8.0/Musoq.Evaluator.Tests.dll" adapterTypeName="executor://mstestadapter/v2" className="Musoq.Evaluator.Tests.StarTests" name="WhenMultipleStarsUnfoldToMultipleColumns_ShouldPass" />
    </UnitTest>
    <UnitTest name="GroupByMultiColumnWithNullGroupTest" storage="/home/runner/work/musoq/musoq/musoq.evaluator.tests/bin/debug/net8.0/musoq.evaluator.tests.dll" id="e6f3a2af-91be-e34b-7398-bc24f9b02170">
      <Execution id="dc315db9-02e6-4e85-87e9-5fdc45019a51" />
      <TestMethod codeBase="/home/runner/work/Musoq/Musoq/Musoq.Evaluator.Tests/bin/Debug/net8.0/Musoq.Evaluator.Tests.dll" adapterTypeName="executor://mstestadapter/v2" className="Musoq.Evaluator.Tests.NullabilityTests" name="GroupByMultiColumnWithNullGroupTest" />
    </UnitTest>
    <UnitTest name="WhenByteAndLongUsed_ShouldHaveColumnOfLongType" storage="/home/runner/work/musoq/musoq/musoq.evaluator.tests/bin/debug/net8.0/musoq.evaluator.tests.dll" id="8cc35b9e-d7a1-4052-4657-190c91e926d1">
      <Execution id="6e1e5b46-d6f4-48d1-a76a-5963aa528457" />
      <TestMethod codeBase="/home/runner/work/Musoq/Musoq/Musoq.Evaluator.Tests/bin/Debug/net8.0/Musoq.Evaluator.Tests.dll" adapterTypeName="executor://mstestadapter/v2" className="Musoq.Evaluator.Tests.ArithmeticForCrossTypesTests" name="WhenByteAndLongUsed_ShouldHaveColumnOfLongType" />
    </UnitTest>
    <UnitTest name="WhenUIntAndIntUsed_ShouldHaveColumnOfThatType" storage="/home/runner/work/musoq/musoq/musoq.evaluator.tests/bin/debug/net8.0/musoq.evaluator.tests.dll" id="7516f2b6-9321-99ed-0e57-290b42c91e4d">
      <Execution id="9157ae12-53e6-44bb-b0a4-e8bc1d8135f9" />
      <TestMethod codeBase="/home/runner/work/Musoq/Musoq/Musoq.Evaluator.Tests/bin/Debug/net8.0/Musoq.Evaluator.Tests.dll" adapterTypeName="executor://mstestadapter/v2" className="Musoq.Evaluator.Tests.ArithmeticForCrossTypesTests" name="WhenUIntAndIntUsed_ShouldHaveColumnOfThatType" />
    </UnitTest>
    <UnitTest name="WhenSpecialCharacterStartBracketUsedInTextWith_MustNotThrow (^)" storage="/home/runner/work/musoq/musoq/musoq.evaluator.tests/bin/debug/net8.0/musoq.evaluator.tests.dll" id="ec580878-9a58-d659-efa2-e1ca83643457">
      <Execution id="5b1e5b27-89d9-4b74-a618-1014b55973d8" />
      <TestMethod codeBase="/home/runner/work/Musoq/Musoq/Musoq.Evaluator.Tests/bin/Debug/net8.0/Musoq.Evaluator.Tests.dll" adapterTypeName="executor://mstestadapter/v2" className="Musoq.Evaluator.Tests.StringsTests" name="WhenSpecialCharacterStartBracketUsedInTextWith_MustNotThrow" />
    </UnitTest>
    <UnitTest name="StringCharacterAccess_OutOfBounds_ShouldReturnDefaultChar" storage="/home/runner/work/musoq/musoq/musoq.evaluator.tests/bin/debug/net8.0/musoq.evaluator.tests.dll" id="57ceae09-df91-dde2-11aa-8f967e5c305c">
      <Execution id="fc83ca2c-6476-47a4-b764-c47fba351bcf" />
      <TestMethod codeBase="/home/runner/work/Musoq/Musoq/Musoq.Evaluator.Tests/bin/Debug/net8.0/Musoq.Evaluator.Tests.dll" adapterTypeName="executor://mstestadapter/v2" className="Musoq.Evaluator.Tests.ArrayAccessEdgeCaseTests" name="StringCharacterAccess_OutOfBounds_ShouldReturnDefaultChar" />
    </UnitTest>
    <UnitTest name="WhenDecimalMethodCallAndDecimalUsed_ShouldHaveColumnOfThatType" storage="/home/runner/work/musoq/musoq/musoq.evaluator.tests/bin/debug/net8.0/musoq.evaluator.tests.dll" id="b9b7eeb8-96a3-762d-daf4-bdd7b82071e3">
      <Execution id="ef904a33-9c9a-417e-9628-e4448aeb007f" />
      <TestMethod codeBase="/home/runner/work/Musoq/Musoq/Musoq.Evaluator.Tests/bin/Debug/net8.0/Musoq.Evaluator.Tests.dll" adapterTypeName="executor://mstestadapter/v2" className="Musoq.Evaluator.Tests.ArithmeticForMethodCallAndTypeSpecificOperationTests" name="WhenDecimalMethodCallAndDecimalUsed_ShouldHaveColumnOfThatType" />
    </UnitTest>
    <UnitTest name="WhenToStringCalled_ShouldReturnSameQuery (select b.* from #some.thing() a cross apply #some.thing(a.Column) b)" storage="/home/runner/work/musoq/musoq/musoq.evaluator.tests/bin/debug/net8.0/musoq.evaluator.tests.dll" id="f6092d6e-6fd7-1a43-c2a9-3578379f847a">
      <Execution id="737a021d-4d9e-4c55-88e7-3af4367d3cc2" />
      <TestMethod codeBase="/home/runner/work/Musoq/Musoq/Musoq.Evaluator.Tests/bin/Debug/net8.0/Musoq.Evaluator.Tests.dll" adapterTypeName="executor://mstestadapter/v2" className="Musoq.Evaluator.Tests.StringifyTests" name="WhenToStringCalled_ShouldReturnSameQuery" />
    </UnitTest>
    <UnitTest name="WhenBitwiseOrBetweenUshortAndSbyte_ShouldBeEvaluated" storage="/home/runner/work/musoq/musoq/musoq.evaluator.tests/bin/debug/net8.0/musoq.evaluator.tests.dll" id="16e78854-e00a-b0c2-54e7-8fab5c96d602">
      <Execution id="10ce9a5d-d642-4845-9e86-640b6ef62048" />
      <TestMethod codeBase="/home/runner/work/Musoq/Musoq/Musoq.Evaluator.Tests/bin/Debug/net8.0/Musoq.Evaluator.Tests.dll" adapterTypeName="executor://mstestadapter/v2" className="Musoq.Evaluator.Tests.BitwiseOperationsOrTests" name="WhenBitwiseOrBetweenUshortAndSbyte_ShouldBeEvaluated" />
    </UnitTest>
    <UnitTest name="OuterApply_MultipleMatches_ShouldPass" storage="/home/runner/work/musoq/musoq/musoq.evaluator.tests/bin/debug/net8.0/musoq.evaluator.tests.dll" id="f49ea0b7-6c9e-a116-7094-181041f2f8ef">
      <Execution id="667f0f23-551f-48af-8bec-f77b682f8396" />
      <TestMethod codeBase="/home/runner/work/Musoq/Musoq/Musoq.Evaluator.Tests/bin/Debug/net8.0/Musoq.Evaluator.Tests.dll" adapterTypeName="executor://mstestadapter/v2" className="Musoq.Evaluator.Tests.OuterApplyTests" name="OuterApply_MultipleMatches_ShouldPass" />
    </UnitTest>
    <UnitTest name="WhenBitwiseAndBetweenByteAndSByte_ShouldBeEvaluated" storage="/home/runner/work/musoq/musoq/musoq.evaluator.tests/bin/debug/net8.0/musoq.evaluator.tests.dll" id="33e7004e-4d72-f162-ce3d-5fe2603e7c85">
      <Execution id="f628f668-0871-41ed-9ac0-f1a8f7d61c85" />
      <TestMethod codeBase="/home/runner/work/Musoq/Musoq/Musoq.Evaluator.Tests/bin/Debug/net8.0/Musoq.Evaluator.Tests.dll" adapterTypeName="executor://mstestadapter/v2" className="Musoq.Evaluator.Tests.BitwiseOperationsAndTests" name="WhenBitwiseAndBetweenByteAndSByte_ShouldBeEvaluated" />
    </UnitTest>
    <UnitTest name="WhenUIntAndDoubleUsed_ShouldHaveColumnOfThatType" storage="/home/runner/work/musoq/musoq/musoq.evaluator.tests/bin/debug/net8.0/musoq.evaluator.tests.dll" id="342dc88d-96e7-856a-be70-62e7aeb3e4f3">
      <Execution id="5bbeb7c9-b96b-4a4b-9cda-2722ce3f72a7" />
      <TestMethod codeBase="/home/runner/work/Musoq/Musoq/Musoq.Evaluator.Tests/bin/Debug/net8.0/Musoq.Evaluator.Tests.dll" adapterTypeName="executor://mstestadapter/v2" className="Musoq.Evaluator.Tests.ArithmeticForCrossTypesTests" name="WhenUIntAndDoubleUsed_ShouldHaveColumnOfThatType" />
    </UnitTest>
    <UnitTest name="IfFunctionLessEqualTrueTest" storage="/home/runner/work/musoq/musoq/musoq.evaluator.tests/bin/debug/net8.0/musoq.evaluator.tests.dll" id="50e11073-f4fe-44a5-e077-96aff3ea09ae">
      <Execution id="321ac050-2413-4564-9b08-c6cdf3b00563" />
      <TestMethod codeBase="/home/runner/work/Musoq/Musoq/Musoq.Evaluator.Tests/bin/Debug/net8.0/Musoq.Evaluator.Tests.dll" adapterTypeName="executor://mstestadapter/v2" className="Musoq.Evaluator.Tests.LogicalFunctionsTests" name="IfFunctionLessEqualTrueTest" />
    </UnitTest>
    <UnitTest name="WhenBitwiseXorBetweenUIntAndUInt_ShouldBeEvaluated" storage="/home/runner/work/musoq/musoq/musoq.evaluator.tests/bin/debug/net8.0/musoq.evaluator.tests.dll" id="9922772d-9ebd-0278-28c0-f716a8933e7a">
      <Execution id="7eeb9042-1de2-4fb5-b351-023d43dd9caf" />
      <TestMethod codeBase="/home/runner/work/Musoq/Musoq/Musoq.Evaluator.Tests/bin/Debug/net8.0/Musoq.Evaluator.Tests.dll" adapterTypeName="executor://mstestadapter/v2" className="Musoq.Evaluator.Tests.BitwiseOperationsXorTests" name="WhenBitwiseXorBetweenUIntAndUInt_ShouldBeEvaluated" />
    </UnitTest>
    <UnitTest name="WhenMixedQueriesGroupingAreUsed_Variant2_ShouldPass" storage="/home/runner/work/musoq/musoq/musoq.evaluator.tests/bin/debug/net8.0/musoq.evaluator.tests.dll" id="77a68b1d-5ad1-534a-0794-f05551e6655d">
      <Execution id="11183f2f-7820-4def-a834-2e96e6aac62a" />
      <TestMethod codeBase="/home/runner/work/Musoq/Musoq/Musoq.Evaluator.Tests/bin/Debug/net8.0/Musoq.Evaluator.Tests.dll" adapterTypeName="executor://mstestadapter/v2" className="Musoq.Evaluator.Tests.CteTests" name="WhenMixedQueriesGroupingAreUsed_Variant2_ShouldPass" />
    </UnitTest>
    <UnitTest name="NullColumnTest" storage="/home/runner/work/musoq/musoq/musoq.evaluator.tests/bin/debug/net8.0/musoq.evaluator.tests.dll" id="45b2ed7e-a1dd-32e5-3926-4fa1b77666cf">
      <Execution id="ee2d263e-2dbe-4348-8af2-4cccb667acd2" />
      <TestMethod codeBase="/home/runner/work/Musoq/Musoq/Musoq.Evaluator.Tests/bin/Debug/net8.0/Musoq.Evaluator.Tests.dll" adapterTypeName="executor://mstestadapter/v2" className="Musoq.Evaluator.Tests.SingleSchemaEvaluatorTests" name="NullColumnTest" />
    </UnitTest>
    <UnitTest name="WrongColumnNameTest" storage="/home/runner/work/musoq/musoq/musoq.evaluator.tests/bin/debug/net8.0/musoq.evaluator.tests.dll" id="acdee88f-f33a-b836-1f1d-bd6b9a7cef47">
      <Execution id="1a554dff-94a0-4e0d-b558-86263ce64ade" />
      <TestMethod codeBase="/home/runner/work/Musoq/Musoq/Musoq.Evaluator.Tests/bin/Debug/net8.0/Musoq.Evaluator.Tests.dll" adapterTypeName="executor://mstestadapter/v2" className="Musoq.Evaluator.Tests.SingleSchemaEvaluatorTests" name="WrongColumnNameTest" />
    </UnitTest>
    <UnitTest name="WhenSByteAndUIntUsed_ShouldHaveColumnOfUIntType" storage="/home/runner/work/musoq/musoq/musoq.evaluator.tests/bin/debug/net8.0/musoq.evaluator.tests.dll" id="cafd471f-a60c-8b2b-f520-099f7261daa0">
      <Execution id="73d57d1a-b902-49f9-a465-d4d4cbff7397" />
      <TestMethod codeBase="/home/runner/work/Musoq/Musoq/Musoq.Evaluator.Tests/bin/Debug/net8.0/Musoq.Evaluator.Tests.dll" adapterTypeName="executor://mstestadapter/v2" className="Musoq.Evaluator.Tests.ArithmeticForCrossTypesTests" name="WhenSByteAndUIntUsed_ShouldHaveColumnOfUIntType" />
    </UnitTest>
    <UnitTest name="IfFunctionEqualityTrueTest" storage="/home/runner/work/musoq/musoq/musoq.evaluator.tests/bin/debug/net8.0/musoq.evaluator.tests.dll" id="807585e9-378a-1c37-2312-0a6d01d50430">
      <Execution id="349c7158-fe7d-4fe5-bd3d-3a9414adfd5e" />
      <TestMethod codeBase="/home/runner/work/Musoq/Musoq/Musoq.Evaluator.Tests/bin/Debug/net8.0/Musoq.Evaluator.Tests.dll" adapterTypeName="executor://mstestadapter/v2" className="Musoq.Evaluator.Tests.LogicalFunctionsTests" name="IfFunctionEqualityTrueTest" />
    </UnitTest>
    <UnitTest name="WhenUShortAndUShortUsed_ShouldHaveColumnOfThatType" storage="/home/runner/work/musoq/musoq/musoq.evaluator.tests/bin/debug/net8.0/musoq.evaluator.tests.dll" id="e04dda01-5f58-b857-d140-1452a03cc9b8">
      <Execution id="ffe0e98e-2733-4477-86b9-f76d22fa0a54" />
      <TestMethod codeBase="/home/runner/work/Musoq/Musoq/Musoq.Evaluator.Tests/bin/Debug/net8.0/Musoq.Evaluator.Tests.dll" adapterTypeName="executor://mstestadapter/v2" className="Musoq.Evaluator.Tests.ArithmeticForCrossTypesTests" name="WhenUShortAndUShortUsed_ShouldHaveColumnOfThatType" />
    </UnitTest>
    <UnitTest name="CrossApplyProperty_WithComplexArray_ShouldPass" storage="/home/runner/work/musoq/musoq/musoq.evaluator.tests/bin/debug/net8.0/musoq.evaluator.tests.dll" id="a04f4ea6-daec-4118-5d72-77de2269b0e3">
      <Execution id="36fed47a-27c6-4a0b-b991-d459931601a3" />
      <TestMethod codeBase="/home/runner/work/Musoq/Musoq/Musoq.Evaluator.Tests/bin/Debug/net8.0/Musoq.Evaluator.Tests.dll" adapterTypeName="executor://mstestadapter/v2" className="Musoq.Evaluator.Tests.CrossApplySelfPropertyTests" name="CrossApplyProperty_WithComplexArray_ShouldPass" />
    </UnitTest>
    <UnitTest name="WhenBitwiseXorBetweenUlongAndUlong_ShouldBeEvaluated" storage="/home/runner/work/musoq/musoq/musoq.evaluator.tests/bin/debug/net8.0/musoq.evaluator.tests.dll" id="ed31bad7-6463-087d-a745-2565069c4700">
      <Execution id="9f23b02c-2118-4286-9806-39ff0cb47945" />
      <TestMethod codeBase="/home/runner/work/Musoq/Musoq/Musoq.Evaluator.Tests/bin/Debug/net8.0/Musoq.Evaluator.Tests.dll" adapterTypeName="executor://mstestadapter/v2" className="Musoq.Evaluator.Tests.BitwiseOperationsXorTests" name="WhenBitwiseXorBetweenUlongAndUlong_ShouldBeEvaluated" />
    </UnitTest>
    <UnitTest name="WhenToStringCalled_ShouldReturnSameQuery (select s.Column1, s.Column2 from #some.thing() s where s.Column2 = 'Test' order by s.Column1)" storage="/home/runner/work/musoq/musoq/musoq.evaluator.tests/bin/debug/net8.0/musoq.evaluator.tests.dll" id="70310c4a-dda5-adbf-af8c-b3eb16fa5759">
      <Execution id="591cb2aa-afb8-4564-aca0-96a601755a06" />
      <TestMethod codeBase="/home/runner/work/Musoq/Musoq/Musoq.Evaluator.Tests/bin/Debug/net8.0/Musoq.Evaluator.Tests.dll" adapterTypeName="executor://mstestadapter/v2" className="Musoq.Evaluator.Tests.StringifyTests" name="WhenToStringCalled_ShouldReturnSameQuery" />
    </UnitTest>
    <UnitTest name="GroupWasNotListedTest" storage="/home/runner/work/musoq/musoq/musoq.evaluator.tests/bin/debug/net8.0/musoq.evaluator.tests.dll" id="97408b63-f2a0-b216-00ff-028336d7dd38">
      <Execution id="e3c652be-02ca-40eb-8452-ab358097b5a9" />
      <TestMethod codeBase="/home/runner/work/Musoq/Musoq/Musoq.Evaluator.Tests/bin/Debug/net8.0/Musoq.Evaluator.Tests.dll" adapterTypeName="executor://mstestadapter/v2" className="Musoq.Evaluator.Tests.GroupByTests" name="GroupWasNotListedTest" />
    </UnitTest>
    <UnitTest name="WhenMultipleEscapeCharactersUsedInTextWithQuote_MustNotThrow" storage="/home/runner/work/musoq/musoq/musoq.evaluator.tests/bin/debug/net8.0/musoq.evaluator.tests.dll" id="cad413fa-cb89-663a-80b2-86164418bc24">
      <Execution id="78b24ab7-e52d-479d-bc04-b214bd3e9d03" />
      <TestMethod codeBase="/home/runner/work/Musoq/Musoq/Musoq.Evaluator.Tests/bin/Debug/net8.0/Musoq.Evaluator.Tests.dll" adapterTypeName="executor://mstestadapter/v2" className="Musoq.Evaluator.Tests.StringsTests" name="WhenMultipleEscapeCharactersUsedInTextWithQuote_MustNotThrow" />
    </UnitTest>
    <UnitTest name="SubtractionWithAdditionTest" storage="/home/runner/work/musoq/musoq/musoq.evaluator.tests/bin/debug/net8.0/musoq.evaluator.tests.dll" id="f34dc97f-5987-c90b-4695-1287bf09e0be">
      <Execution id="c55926fa-5712-4def-8d66-d6557dc97ca9" />
      <TestMethod codeBase="/home/runner/work/Musoq/Musoq/Musoq.Evaluator.Tests/bin/Debug/net8.0/Musoq.Evaluator.Tests.dll" adapterTypeName="executor://mstestadapter/v2" className="Musoq.Evaluator.Tests.ArithmeticTests" name="SubtractionWithAdditionTest" />
    </UnitTest>
    <UnitTest name="WhenBitwiseXorBetweenIntAndUShort_ShouldBeEvaluated" storage="/home/runner/work/musoq/musoq/musoq.evaluator.tests/bin/debug/net8.0/musoq.evaluator.tests.dll" id="21afc20a-e63b-a258-2537-63e9e55913f0">
      <Execution id="aa7b26e7-7ba1-462d-a0e6-471e2f302507" />
      <TestMethod codeBase="/home/runner/work/Musoq/Musoq/Musoq.Evaluator.Tests/bin/Debug/net8.0/Musoq.Evaluator.Tests.dll" adapterTypeName="executor://mstestadapter/v2" className="Musoq.Evaluator.Tests.BitwiseOperationsXorTests" name="WhenBitwiseXorBetweenIntAndUShort_ShouldBeEvaluated" />
    </UnitTest>
    <UnitTest name="SimpleAccessObjectTest" storage="/home/runner/work/musoq/musoq/musoq.evaluator.tests/bin/debug/net8.0/musoq.evaluator.tests.dll" id="0fb1fbf8-5ac3-bd6b-aeb4-61fa4901b666">
      <Execution id="fad26959-1dac-4a6f-958c-291b112e06a1" />
      <TestMethod codeBase="/home/runner/work/Musoq/Musoq/Musoq.Evaluator.Tests/bin/Debug/net8.0/Musoq.Evaluator.Tests.dll" adapterTypeName="executor://mstestadapter/v2" className="Musoq.Evaluator.Tests.SingleSchemaEvaluatorTests" name="SimpleAccessObjectTest" />
    </UnitTest>
    <UnitTest name="WhenTabEscaped_ShouldBePresent" storage="/home/runner/work/musoq/musoq/musoq.evaluator.tests/bin/debug/net8.0/musoq.evaluator.tests.dll" id="daff1708-39c1-60a8-1606-8bffa90aa929">
      <Execution id="031c3b35-dfad-4f4b-b763-4fe84ee9f907" />
      <TestMethod codeBase="/home/runner/work/Musoq/Musoq/Musoq.Evaluator.Tests/bin/Debug/net8.0/Musoq.Evaluator.Tests.dll" adapterTypeName="executor://mstestadapter/v2" className="Musoq.Evaluator.Tests.EscapeTests" name="WhenTabEscaped_ShouldBePresent" />
    </UnitTest>
    <UnitTest name="WhenNestedObjectMightBeTreatAsArray_ShouldPass" storage="/home/runner/work/musoq/musoq/musoq.evaluator.tests/bin/debug/net8.0/musoq.evaluator.tests.dll" id="a11b363d-82ab-c9af-b13a-75ce9b38ecc7">
      <Execution id="57425824-56e2-45d4-b686-deea36d484ae" />
      <TestMethod codeBase="/home/runner/work/Musoq/Musoq/Musoq.Evaluator.Tests/bin/Debug/net8.0/Musoq.Evaluator.Tests.dll" adapterTypeName="executor://mstestadapter/v2" className="Musoq.Evaluator.Tests.ColumnsTests" name="WhenNestedObjectMightBeTreatAsArray_ShouldPass" />
    </UnitTest>
    <UnitTest name="WhenBitwiseAndBetweenByteAndUShort_ShouldBeEvaluated" storage="/home/runner/work/musoq/musoq/musoq.evaluator.tests/bin/debug/net8.0/musoq.evaluator.tests.dll" id="fcb0c6b9-549a-a0c7-6a6b-0f11327eb3fc">
      <Execution id="45633273-e9fb-4867-8d54-fb4b394c97ca" />
      <TestMethod codeBase="/home/runner/work/Musoq/Musoq/Musoq.Evaluator.Tests/bin/Debug/net8.0/Musoq.Evaluator.Tests.dll" adapterTypeName="executor://mstestadapter/v2" className="Musoq.Evaluator.Tests.BitwiseOperationsAndTests" name="WhenBitwiseAndBetweenByteAndUShort_ShouldBeEvaluated" />
    </UnitTest>
    <UnitTest name="EnumerateAllTest" storage="/home/runner/work/musoq/musoq/musoq.evaluator.tests/bin/debug/net8.0/musoq.evaluator.tests.dll" id="441bed3d-612e-2f11-2cee-cdf3b46c1587">
      <Execution id="477de778-dd31-4169-b145-d6da696ab033" />
      <TestMethod codeBase="/home/runner/work/Musoq/Musoq/Musoq.Evaluator.Tests/bin/Debug/net8.0/Musoq.Evaluator.Tests.dll" adapterTypeName="executor://mstestadapter/v2" className="Musoq.Evaluator.Tests.ChunkEnumeratorTests" name="EnumerateAllTest" />
    </UnitTest>
    <UnitTest name="ColumnTypeDateTimeTest" storage="/home/runner/work/musoq/musoq/musoq.evaluator.tests/bin/debug/net8.0/musoq.evaluator.tests.dll" id="618d1f2d-e9a4-02a9-b856-e46d89c56b5e">
      <Execution id="358f4aee-f691-4a8c-9d3f-d6da269a3a1d" />
      <TestMethod codeBase="/home/runner/work/Musoq/Musoq/Musoq.Evaluator.Tests/bin/Debug/net8.0/Musoq.Evaluator.Tests.dll" adapterTypeName="executor://mstestadapter/v2" className="Musoq.Evaluator.Tests.SingleSchemaEvaluatorTests" name="ColumnTypeDateTimeTest" />
    </UnitTest>
    <UnitTest name="WhenOrderByDescendingWithInnerJoin_ShouldSucceed" storage="/home/runner/work/musoq/musoq/musoq.evaluator.tests/bin/debug/net8.0/musoq.evaluator.tests.dll" id="1b5c9d89-7e12-32c7-8da6-f3e83f529649">
      <Execution id="91fa591d-09b1-4636-b7eb-817677532427" />
      <TestMethod codeBase="/home/runner/work/Musoq/Musoq/Musoq.Evaluator.Tests/bin/Debug/net8.0/Musoq.Evaluator.Tests.dll" adapterTypeName="executor://mstestadapter/v2" className="Musoq.Evaluator.Tests.OrderByTests" name="WhenOrderByDescendingWithInnerJoin_ShouldSucceed" />
    </UnitTest>
    <UnitTest name="WhenWrongTypeBetweenIntersect_ShouldFail" storage="/home/runner/work/musoq/musoq/musoq.evaluator.tests/bin/debug/net8.0/musoq.evaluator.tests.dll" id="261c048b-027d-0217-07cf-30e5d8e16453">
      <Execution id="5c868afd-3902-4678-8308-1d48b13bf1d2" />
      <TestMethod codeBase="/home/runner/work/Musoq/Musoq/Musoq.Evaluator.Tests/bin/Debug/net8.0/Musoq.Evaluator.Tests.dll" adapterTypeName="executor://mstestadapter/v2" className="Musoq.Evaluator.Tests.SetsOperatorsTests" name="WhenWrongTypeBetweenIntersect_ShouldFail" />
    </UnitTest>
    <UnitTest name="IfFunctionGreaterEqualFalseTest" storage="/home/runner/work/musoq/musoq/musoq.evaluator.tests/bin/debug/net8.0/musoq.evaluator.tests.dll" id="aefc8add-5e08-3847-4c5d-c2849c513a55">
      <Execution id="870f7a03-6e76-4a0b-ac2d-581aeaa67d86" />
      <TestMethod codeBase="/home/runner/work/Musoq/Musoq/Musoq.Evaluator.Tests/bin/Debug/net8.0/Musoq.Evaluator.Tests.dll" adapterTypeName="executor://mstestadapter/v2" className="Musoq.Evaluator.Tests.LogicalFunctionsTests" name="IfFunctionGreaterEqualFalseTest" />
    </UnitTest>
    <UnitTest name="WhenAliasedStarUnfoldToMultipleColumns_AndStarIsUsedWithinSelect_ShouldPass" storage="/home/runner/work/musoq/musoq/musoq.evaluator.tests/bin/debug/net8.0/musoq.evaluator.tests.dll" id="46e14976-2aca-243a-e832-96a77df30611">
      <Execution id="521e2f56-80b0-4dc4-9c94-903ba8de5c8e" />
      <TestMethod codeBase="/home/runner/work/Musoq/Musoq/Musoq.Evaluator.Tests/bin/Debug/net8.0/Musoq.Evaluator.Tests.dll" adapterTypeName="executor://mstestadapter/v2" className="Musoq.Evaluator.Tests.StarTests" name="WhenAliasedStarUnfoldToMultipleColumns_AndStarIsUsedWithinSelect_ShouldPass" />
    </UnitTest>
    <UnitTest name="OuterApplyProperty_MultiplePrimitiveArrays_ShouldPass" storage="/home/runner/work/musoq/musoq/musoq.evaluator.tests/bin/debug/net8.0/musoq.evaluator.tests.dll" id="dd65dcfb-3041-684d-5ddb-aa17953f2bd5">
      <Execution id="9305003c-3283-4fa1-8d09-f1f742bc5209" />
      <TestMethod codeBase="/home/runner/work/Musoq/Musoq/Musoq.Evaluator.Tests/bin/Debug/net8.0/Musoq.Evaluator.Tests.dll" adapterTypeName="executor://mstestadapter/v2" className="Musoq.Evaluator.Tests.OuterApplySelfPropertyTests" name="OuterApplyProperty_MultiplePrimitiveArrays_ShouldPass" />
    </UnitTest>
    <UnitTest name="WhenToStringCalled_ShouldReturnSameQuery (select b.* from #some.thing() a outer apply a.TestMethod(b.Column, true, 10) b)" storage="/home/runner/work/musoq/musoq/musoq.evaluator.tests/bin/debug/net8.0/musoq.evaluator.tests.dll" id="64430e77-58e2-0ec5-97b6-890b0922087d">
      <Execution id="229bfdf4-0fc2-4070-ba03-8c9c17d4347e" />
      <TestMethod codeBase="/home/runner/work/Musoq/Musoq/Musoq.Evaluator.Tests/bin/Debug/net8.0/Musoq.Evaluator.Tests.dll" adapterTypeName="executor://mstestadapter/v2" className="Musoq.Evaluator.Tests.StringifyTests" name="WhenToStringCalled_ShouldReturnSameQuery" />
    </UnitTest>
    <UnitTest name="ArithmeticOpsEqualsTest" storage="/home/runner/work/musoq/musoq/musoq.evaluator.tests/bin/debug/net8.0/musoq.evaluator.tests.dll" id="b9e94c0e-2546-4c17-84cb-b5eaa6fe107a">
      <Execution id="0321296f-4fad-4e1a-b230-e9e2d1e48af9" />
      <TestMethod codeBase="/home/runner/work/Musoq/Musoq/Musoq.Evaluator.Tests/bin/Debug/net8.0/Musoq.Evaluator.Tests.dll" adapterTypeName="executor://mstestadapter/v2" className="Musoq.Evaluator.Tests.ComparisonTests" name="ArithmeticOpsEqualsTest" />
    </UnitTest>
    <UnitTest name="CreateComplexTypeDescriptionArrayTest" storage="/home/runner/work/musoq/musoq/musoq.evaluator.tests/bin/debug/net8.0/musoq.evaluator.tests.dll" id="e7458480-4c97-e1de-ce14-70cfd04aff92">
      <Execution id="2214d24a-6262-4bf1-8133-5db056976e1e" />
      <TestMethod codeBase="/home/runner/work/Musoq/Musoq/Musoq.Evaluator.Tests/bin/Debug/net8.0/Musoq.Evaluator.Tests.dll" adapterTypeName="executor://mstestadapter/v2" className="Musoq.Evaluator.Tests.EvaluationHelperTests" name="CreateComplexTypeDescriptionArrayTest" />
    </UnitTest>
    <UnitTest name="WhenBitwiseAndBetweenByteAndShort_ShouldBeEvaluated" storage="/home/runner/work/musoq/musoq/musoq.evaluator.tests/bin/debug/net8.0/musoq.evaluator.tests.dll" id="bd35a49a-3fcc-2f58-b545-51e75be21217">
      <Execution id="d3e6e22d-b60d-4a1e-ba21-75f42a22eaa5" />
      <TestMethod codeBase="/home/runner/work/Musoq/Musoq/Musoq.Evaluator.Tests/bin/Debug/net8.0/Musoq.Evaluator.Tests.dll" adapterTypeName="executor://mstestadapter/v2" className="Musoq.Evaluator.Tests.BitwiseOperationsAndTests" name="WhenBitwiseAndBetweenByteAndShort_ShouldBeEvaluated" />
    </UnitTest>
    <UnitTest name="WhenToStringCalled_ShouldReturnSameQuery (select 1 from #A.entities() a right outer join #B.entities() b on a.Id = b.Id)" storage="/home/runner/work/musoq/musoq/musoq.evaluator.tests/bin/debug/net8.0/musoq.evaluator.tests.dll" id="40d22f16-b81a-0088-f193-7911cf0fa25e">
      <Execution id="d4987f8a-eca9-40d1-92b6-bdac155a2a5e" />
      <TestMethod codeBase="/home/runner/work/Musoq/Musoq/Musoq.Evaluator.Tests/bin/Debug/net8.0/Musoq.Evaluator.Tests.dll" adapterTypeName="executor://mstestadapter/v2" className="Musoq.Evaluator.Tests.StringifyTests" name="WhenToStringCalled_ShouldReturnSameQuery" />
    </UnitTest>
    <UnitTest name="WhenConcatenationOfSingleValue_AndStringJoinsArray_ShouldPass" storage="/home/runner/work/musoq/musoq/musoq.evaluator.tests/bin/debug/net8.0/musoq.evaluator.tests.dll" id="8396c3c6-47df-1611-d0e3-28217401872c">
      <Execution id="16a0461f-d313-430b-9cc4-689646a7601b" />
      <TestMethod codeBase="/home/runner/work/Musoq/Musoq/Musoq.Evaluator.Tests/bin/Debug/net8.0/Musoq.Evaluator.Tests.dll" adapterTypeName="executor://mstestadapter/v2" className="Musoq.Evaluator.Tests.GenericTests" name="WhenConcatenationOfSingleValue_AndStringJoinsArray_ShouldPass" />
    </UnitTest>
    <UnitTest name="WhenByteMethodCallAndSByteUsed_ShouldHaveColumnOfThatType" storage="/home/runner/work/musoq/musoq/musoq.evaluator.tests/bin/debug/net8.0/musoq.evaluator.tests.dll" id="2b375b07-c098-731f-ee9c-5828b4bb628e">
      <Execution id="90dad28f-2ba6-435a-95aa-340814dd6fae" />
      <TestMethod codeBase="/home/runner/work/Musoq/Musoq/Musoq.Evaluator.Tests/bin/Debug/net8.0/Musoq.Evaluator.Tests.dll" adapterTypeName="executor://mstestadapter/v2" className="Musoq.Evaluator.Tests.ArithmeticForMethodCallAndTypeSpecificOperationTests" name="WhenByteMethodCallAndSByteUsed_ShouldHaveColumnOfThatType" />
    </UnitTest>
    <UnitTest name="StringCharacterAccess_ValidIndex_ShouldReturnChar" storage="/home/runner/work/musoq/musoq/musoq.evaluator.tests/bin/debug/net8.0/musoq.evaluator.tests.dll" id="e5302797-06ae-c2d3-e075-116862ac0366">
      <Execution id="c90aea98-008c-4058-aa13-6de692e8a701" />
      <TestMethod codeBase="/home/runner/work/Musoq/Musoq/Musoq.Evaluator.Tests/bin/Debug/net8.0/Musoq.Evaluator.Tests.dll" adapterTypeName="executor://mstestadapter/v2" className="Musoq.Evaluator.Tests.ArrayAccessEdgeCaseTests" name="StringCharacterAccess_ValidIndex_ShouldReturnChar" />
    </UnitTest>
    <UnitTest name="WhenDetectLongestCommonSequence_ShouldReturnCorrectOne" storage="/home/runner/work/musoq/musoq/musoq.evaluator.tests/bin/debug/net8.0/musoq.evaluator.tests.dll" id="59dba1b1-d213-b2f5-f552-c211e12a0538">
      <Execution id="89d5508b-a931-49ac-969d-da4c0dc44a36" />
      <TestMethod codeBase="/home/runner/work/Musoq/Musoq/Musoq.Evaluator.Tests/bin/Debug/net8.0/Musoq.Evaluator.Tests.dll" adapterTypeName="executor://mstestadapter/v2" className="Musoq.Evaluator.Tests.GenericTests" name="WhenDetectLongestCommonSequence_ShouldReturnCorrectOne" />
    </UnitTest>
    <UnitTest name="OuterApplyProperty_WithPrimitiveArray_ShouldPass" storage="/home/runner/work/musoq/musoq/musoq.evaluator.tests/bin/debug/net8.0/musoq.evaluator.tests.dll" id="2344281c-d082-6de8-1037-b30b55f816d7">
      <Execution id="4360c264-b0cf-4c6e-a796-560286644921" />
      <TestMethod codeBase="/home/runner/work/Musoq/Musoq/Musoq.Evaluator.Tests/bin/Debug/net8.0/Musoq.Evaluator.Tests.dll" adapterTypeName="executor://mstestadapter/v2" className="Musoq.Evaluator.Tests.OuterApplySelfPropertyTests" name="OuterApplyProperty_WithPrimitiveArray_ShouldPass" />
    </UnitTest>
    <UnitTest name="SimpleInOperator" storage="/home/runner/work/musoq/musoq/musoq.evaluator.tests/bin/debug/net8.0/musoq.evaluator.tests.dll" id="6da0f052-dcd7-6406-e5ad-d060dc1b2e79">
      <Execution id="636afab3-fe6a-4eac-b40d-abca0dfd6f62" />
      <TestMethod codeBase="/home/runner/work/Musoq/Musoq/Musoq.Evaluator.Tests/bin/Debug/net8.0/Musoq.Evaluator.Tests.dll" adapterTypeName="executor://mstestadapter/v2" className="Musoq.Evaluator.Tests.InTests" name="SimpleInOperator" />
    </UnitTest>
    <UnitTest name="IntersectMultipleSourcesTest" storage="/home/runner/work/musoq/musoq/musoq.evaluator.tests/bin/debug/net8.0/musoq.evaluator.tests.dll" id="86eadfb0-c80d-248f-0d08-4a6a19c58b3b">
      <Execution id="c845ffab-c901-4933-8239-09ba78442975" />
      <TestMethod codeBase="/home/runner/work/Musoq/Musoq/Musoq.Evaluator.Tests/bin/Debug/net8.0/Musoq.Evaluator.Tests.dll" adapterTypeName="executor://mstestadapter/v2" className="Musoq.Evaluator.Tests.SetsOperatorsTests" name="IntersectMultipleSourcesTest" />
    </UnitTest>
    <UnitTest name="WhenUsingExtendedUnicode_ShouldBeHandledCorrectly" storage="/home/runner/work/musoq/musoq/musoq.evaluator.tests/bin/debug/net8.0/musoq.evaluator.tests.dll" id="77f549a7-b192-018e-2b23-fbbc69ea508e">
      <Execution id="2ab1aa69-2839-4dcf-b932-2ccfc4e74245" />
      <TestMethod codeBase="/home/runner/work/Musoq/Musoq/Musoq.Evaluator.Tests/bin/Debug/net8.0/Musoq.Evaluator.Tests.dll" adapterTypeName="executor://mstestadapter/v2" className="Musoq.Evaluator.Tests.EscapeTests" name="WhenUsingExtendedUnicode_ShouldBeHandledCorrectly" />
    </UnitTest>
    <UnitTest name="WhenSpecialCharacterStartBracketUsedInTextWith_MustNotThrow (:)" storage="/home/runner/work/musoq/musoq/musoq.evaluator.tests/bin/debug/net8.0/musoq.evaluator.tests.dll" id="9dd84310-8399-d109-2b57-e723dbcc1591">
      <Execution id="2de8867b-a6ca-4eb1-97bc-3d0459146576" />
      <TestMethod codeBase="/home/runner/work/Musoq/Musoq/Musoq.Evaluator.Tests/bin/Debug/net8.0/Musoq.Evaluator.Tests.dll" adapterTypeName="executor://mstestadapter/v2" className="Musoq.Evaluator.Tests.StringsTests" name="WhenSpecialCharacterStartBracketUsedInTextWith_MustNotThrow" />
    </UnitTest>
    <UnitTest name="DescSchemaTest" storage="/home/runner/work/musoq/musoq/musoq.evaluator.tests/bin/debug/net8.0/musoq.evaluator.tests.dll" id="2ecbd0fd-4b4e-bd20-7553-7ad2281df9db">
      <Execution id="da5320e0-9b0a-414d-a19b-b56c08490318" />
      <TestMethod codeBase="/home/runner/work/Musoq/Musoq/Musoq.Evaluator.Tests/bin/Debug/net8.0/Musoq.Evaluator.Tests.dll" adapterTypeName="executor://mstestadapter/v2" className="Musoq.Evaluator.Tests.SingleSchemaEvaluatorTests" name="DescSchemaTest" />
    </UnitTest>
    <UnitTest name="OuterApply_NoMatchesShouldReturnNull_ShouldPass" storage="/home/runner/work/musoq/musoq/musoq.evaluator.tests/bin/debug/net8.0/musoq.evaluator.tests.dll" id="fac1b691-0faa-b211-dc57-f70444bf5abd">
      <Execution id="f7d8cacc-7b37-43b6-b5e1-1ed356559804" />
      <TestMethod codeBase="/home/runner/work/Musoq/Musoq/Musoq.Evaluator.Tests/bin/Debug/net8.0/Musoq.Evaluator.Tests.dll" adapterTypeName="executor://mstestadapter/v2" className="Musoq.Evaluator.Tests.OuterApplyTests" name="OuterApply_NoMatchesShouldReturnNull_ShouldPass" />
    </UnitTest>
    <UnitTest name="WhenBitwiseAndBetweenLongAndUShort_ShouldBeEvaluated" storage="/home/runner/work/musoq/musoq/musoq.evaluator.tests/bin/debug/net8.0/musoq.evaluator.tests.dll" id="3ba54471-c8a7-f0f1-4345-b2e23a1ffe76">
      <Execution id="c1323873-0fa1-4636-94b2-a236edade026" />
      <TestMethod codeBase="/home/runner/work/Musoq/Musoq/Musoq.Evaluator.Tests/bin/Debug/net8.0/Musoq.Evaluator.Tests.dll" adapterTypeName="executor://mstestadapter/v2" className="Musoq.Evaluator.Tests.BitwiseOperationsAndTests" name="WhenBitwiseAndBetweenLongAndUShort_ShouldBeEvaluated" />
    </UnitTest>
    <UnitTest name="WhenBitwiseXorBetweenLongAndUShort_ShouldBeEvaluated" storage="/home/runner/work/musoq/musoq/musoq.evaluator.tests/bin/debug/net8.0/musoq.evaluator.tests.dll" id="46b2b2f8-c8e9-95d1-22ff-b91b430f3c27">
      <Execution id="e4b8ec4a-9123-4431-a83f-e765092bdf38" />
      <TestMethod codeBase="/home/runner/work/Musoq/Musoq/Musoq.Evaluator.Tests/bin/Debug/net8.0/Musoq.Evaluator.Tests.dll" adapterTypeName="executor://mstestadapter/v2" className="Musoq.Evaluator.Tests.BitwiseOperationsXorTests" name="WhenBitwiseXorBetweenLongAndUShort_ShouldBeEvaluated" />
    </UnitTest>
    <UnitTest name="WhenBitwiseShiftLeft_byte_ShouldBeEvaluated" storage="/home/runner/work/musoq/musoq/musoq.evaluator.tests/bin/debug/net8.0/musoq.evaluator.tests.dll" id="77a7bff4-9316-9c9a-484c-3b8c7f144118">
      <Execution id="a8790c87-ee4a-435a-a1cd-77326b63bb44" />
      <TestMethod codeBase="/home/runner/work/Musoq/Musoq/Musoq.Evaluator.Tests/bin/Debug/net8.0/Musoq.Evaluator.Tests.dll" adapterTypeName="executor://mstestadapter/v2" className="Musoq.Evaluator.Tests.BitwiseShiftLeftTests" name="WhenBitwiseShiftLeft_byte_ShouldBeEvaluated" />
    </UnitTest>
    <UnitTest name="SubtractThreeAliasedValuesTest" storage="/home/runner/work/musoq/musoq/musoq.evaluator.tests/bin/debug/net8.0/musoq.evaluator.tests.dll" id="19e6123d-5d16-0ebc-0252-dbcce987d204">
      <Execution id="19dbfb7c-deb4-401c-ad1d-69e5c9fadb9b" />
      <TestMethod codeBase="/home/runner/work/Musoq/Musoq/Musoq.Evaluator.Tests/bin/Debug/net8.0/Musoq.Evaluator.Tests.dll" adapterTypeName="executor://mstestadapter/v2" className="Musoq.Evaluator.Tests.SingleSchemaEvaluatorTests" name="SubtractThreeAliasedValuesTest" />
    </UnitTest>
    <UnitTest name="WhenBackslashEscaped_ShouldBePresent" storage="/home/runner/work/musoq/musoq/musoq.evaluator.tests/bin/debug/net8.0/musoq.evaluator.tests.dll" id="235eee1b-e886-be92-7094-572580e9ac5b">
      <Execution id="4200a0f1-0f2e-4538-bde3-9604dbfb5acc" />
      <TestMethod codeBase="/home/runner/work/Musoq/Musoq/Musoq.Evaluator.Tests/bin/Debug/net8.0/Musoq.Evaluator.Tests.dll" adapterTypeName="executor://mstestadapter/v2" className="Musoq.Evaluator.Tests.EscapeTests" name="WhenBackslashEscaped_ShouldBePresent" />
    </UnitTest>
    <UnitTest name="WhenLargeNegativeLongUsed_ShouldHaveColumnOfThatType" storage="/home/runner/work/musoq/musoq/musoq.evaluator.tests/bin/debug/net8.0/musoq.evaluator.tests.dll" id="f4753b9e-2802-dba6-c88e-94fc49249970">
      <Execution id="c7e1bc9d-6a4f-4c2d-97a7-71a11402fbee" />
      <TestMethod codeBase="/home/runner/work/Musoq/Musoq/Musoq.Evaluator.Tests/bin/Debug/net8.0/Musoq.Evaluator.Tests.dll" adapterTypeName="executor://mstestadapter/v2" className="Musoq.Evaluator.Tests.NumericLiteralTypesTests" name="WhenLargeNegativeLongUsed_ShouldHaveColumnOfThatType" />
    </UnitTest>
    <UnitTest name="MinTimeSpanTest" storage="/home/runner/work/musoq/musoq/musoq.evaluator.tests/bin/debug/net8.0/musoq.evaluator.tests.dll" id="5bdc3cfa-82c0-ec82-150a-04b45b919e0e">
      <Execution id="6d7d2524-9890-441b-853b-83d96f094213" />
      <TestMethod codeBase="/home/runner/work/Musoq/Musoq/Musoq.Evaluator.Tests/bin/Debug/net8.0/Musoq.Evaluator.Tests.dll" adapterTypeName="executor://mstestadapter/v2" className="Musoq.Evaluator.Tests.TimeSpanTests" name="MinTimeSpanTest" />
    </UnitTest>
    <UnitTest name="WhenLargeIntUsed_ShouldHaveColumnOfThatType" storage="/home/runner/work/musoq/musoq/musoq.evaluator.tests/bin/debug/net8.0/musoq.evaluator.tests.dll" id="cc07da60-6a08-bf51-d31e-ce27362a7669">
      <Execution id="44e712f7-e256-4791-81eb-42c6739d7c78" />
      <TestMethod codeBase="/home/runner/work/Musoq/Musoq/Musoq.Evaluator.Tests/bin/Debug/net8.0/Musoq.Evaluator.Tests.dll" adapterTypeName="executor://mstestadapter/v2" className="Musoq.Evaluator.Tests.NumericLiteralTypesTests" name="WhenLargeIntUsed_ShouldHaveColumnOfThatType" />
    </UnitTest>
    <UnitTest name="WhenSpecialCharacterStartBracketUsedInTextWith_MustNotThrow ())" storage="/home/runner/work/musoq/musoq/musoq.evaluator.tests/bin/debug/net8.0/musoq.evaluator.tests.dll" id="85a2db36-6340-e82f-9435-5cfdc5cdee37">
      <Execution id="a1f078ed-14aa-47b4-94fc-697fdd40aafc" />
      <TestMethod codeBase="/home/runner/work/Musoq/Musoq/Musoq.Evaluator.Tests/bin/Debug/net8.0/Musoq.Evaluator.Tests.dll" adapterTypeName="executor://mstestadapter/v2" className="Musoq.Evaluator.Tests.StringsTests" name="WhenSpecialCharacterStartBracketUsedInTextWith_MustNotThrow" />
    </UnitTest>
    <UnitTest name="StringCharacterAccess_NullString_ShouldReturnDefaultChar" storage="/home/runner/work/musoq/musoq/musoq.evaluator.tests/bin/debug/net8.0/musoq.evaluator.tests.dll" id="fe2216e4-d6ba-6e05-6d3f-4c8e90ad31b0">
      <Execution id="fc769c20-0701-4dd9-96a6-2390e6bdaa04" />
      <TestMethod codeBase="/home/runner/work/Musoq/Musoq/Musoq.Evaluator.Tests/bin/Debug/net8.0/Musoq.Evaluator.Tests.dll" adapterTypeName="executor://mstestadapter/v2" className="Musoq.Evaluator.Tests.ArrayAccessEdgeCaseTests" name="StringCharacterAccess_NullString_ShouldReturnDefaultChar" />
    </UnitTest>
    <UnitTest name="MaxDateTimeOffsetTest" storage="/home/runner/work/musoq/musoq/musoq.evaluator.tests/bin/debug/net8.0/musoq.evaluator.tests.dll" id="6b14416a-f661-1272-54f0-bbddf9dc9b56">
      <Execution id="c8d28b80-a686-4306-ba99-f13618d92fab" />
      <TestMethod codeBase="/home/runner/work/Musoq/Musoq/Musoq.Evaluator.Tests/bin/Debug/net8.0/Musoq.Evaluator.Tests.dll" adapterTypeName="executor://mstestadapter/v2" className="Musoq.Evaluator.Tests.DateTimeOffsetTests" name="MaxDateTimeOffsetTest" />
    </UnitTest>
    <UnitTest name="WhenBitwiseXorBetweenByteAndSByte_ShouldBeEvaluated" storage="/home/runner/work/musoq/musoq/musoq.evaluator.tests/bin/debug/net8.0/musoq.evaluator.tests.dll" id="0598fee7-3196-db36-82c9-134446fd7c3d">
      <Execution id="b16d3547-94bd-4133-9241-320137e6da45" />
      <TestMethod codeBase="/home/runner/work/Musoq/Musoq/Musoq.Evaluator.Tests/bin/Debug/net8.0/Musoq.Evaluator.Tests.dll" adapterTypeName="executor://mstestadapter/v2" className="Musoq.Evaluator.Tests.BitwiseOperationsXorTests" name="WhenBitwiseXorBetweenByteAndSByte_ShouldBeEvaluated" />
    </UnitTest>
    <UnitTest name="PassInferredColumnsBasedOnCouplingSyntaxTest" storage="/home/runner/work/musoq/musoq/musoq.evaluator.tests/bin/debug/net8.0/musoq.evaluator.tests.dll" id="3b44c1b2-ebe3-d50f-f617-c3a3630288e1">
      <Execution id="4d7e50ca-cfbd-4711-a4de-4191c7945ba8" />
      <TestMethod codeBase="/home/runner/work/Musoq/Musoq/Musoq.Evaluator.Tests/bin/Debug/net8.0/Musoq.Evaluator.Tests.dll" adapterTypeName="executor://mstestadapter/v2" className="Musoq.Evaluator.Tests.PassInferredColumnsTests" name="PassInferredColumnsBasedOnCouplingSyntaxTest" />
    </UnitTest>
    <UnitTest name="OrOperator_WhenBothFieldsAreNull_ShouldShowThreeRows" storage="/home/runner/work/musoq/musoq/musoq.evaluator.tests/bin/debug/net8.0/musoq.evaluator.tests.dll" id="e6a62562-d9f4-727d-b008-19d204c9d410">
      <Execution id="32620aa2-1fbc-4d59-b10f-70b60345be83" />
      <TestMethod codeBase="/home/runner/work/Musoq/Musoq/Musoq.Evaluator.Tests/bin/Debug/net8.0/Musoq.Evaluator.Tests.dll" adapterTypeName="executor://mstestadapter/v2" className="Musoq.Evaluator.Tests.NullabilityTests" name="OrOperator_WhenBothFieldsAreNull_ShouldShowThreeRows" />
    </UnitTest>
    <UnitTest name="WhenLargeNegativeShortUsed_ShouldHaveColumnOfThatType" storage="/home/runner/work/musoq/musoq/musoq.evaluator.tests/bin/debug/net8.0/musoq.evaluator.tests.dll" id="e9f2df8e-ec6c-9e69-3538-e46d166abdd3">
      <Execution id="92e2c8e4-643a-4d7a-b3c5-1d83be312237" />
      <TestMethod codeBase="/home/runner/work/Musoq/Musoq/Musoq.Evaluator.Tests/bin/Debug/net8.0/Musoq.Evaluator.Tests.dll" adapterTypeName="executor://mstestadapter/v2" className="Musoq.Evaluator.Tests.NumericLiteralTypesTests" name="WhenLargeNegativeShortUsed_ShouldHaveColumnOfThatType" />
    </UnitTest>
    <UnitTest name="WhenBitwiseAndBetweenShortAndShort_ShouldBeEvaluated" storage="/home/runner/work/musoq/musoq/musoq.evaluator.tests/bin/debug/net8.0/musoq.evaluator.tests.dll" id="3eaec7de-58b4-c4e8-59ca-0c7d154e726b">
      <Execution id="8ae11dca-5703-415c-9e7e-d3c9315f8cfd" />
      <TestMethod codeBase="/home/runner/work/Musoq/Musoq/Musoq.Evaluator.Tests/bin/Debug/net8.0/Musoq.Evaluator.Tests.dll" adapterTypeName="executor://mstestadapter/v2" className="Musoq.Evaluator.Tests.BitwiseOperationsAndTests" name="WhenBitwiseAndBetweenShortAndShort_ShouldBeEvaluated" />
    </UnitTest>
    <UnitTest name="PassInferredColumnsWithSetOfCoupledTables" storage="/home/runner/work/musoq/musoq/musoq.evaluator.tests/bin/debug/net8.0/musoq.evaluator.tests.dll" id="288fba02-a53f-939f-3026-deebc83d1fbc">
      <Execution id="0dee2cc3-e3f9-487e-b622-1ec52c32c824" />
      <TestMethod codeBase="/home/runner/work/Musoq/Musoq/Musoq.Evaluator.Tests/bin/Debug/net8.0/Musoq.Evaluator.Tests.dll" adapterTypeName="executor://mstestadapter/v2" className="Musoq.Evaluator.Tests.PassInferredColumnsTests" name="PassInferredColumnsWithSetOfCoupledTables" />
    </UnitTest>
    <UnitTest name="AliasedUnionWithDifferentColumnsAsAKeyTest" storage="/home/runner/work/musoq/musoq/musoq.evaluator.tests/bin/debug/net8.0/musoq.evaluator.tests.dll" id="829b863b-5ed2-c878-bc8c-167f0108efe0">
      <Execution id="e8baee49-8ca9-4869-8d09-d40b44b3b8fd" />
      <TestMethod codeBase="/home/runner/work/Musoq/Musoq/Musoq.Evaluator.Tests/bin/Debug/net8.0/Musoq.Evaluator.Tests.dll" adapterTypeName="executor://mstestadapter/v2" className="Musoq.Evaluator.Tests.SetsOperatorsTests" name="AliasedUnionWithDifferentColumnsAsAKeyTest" />
    </UnitTest>
    <UnitTest name="ArrayAccess_NegativeIndex_ShouldReturnDefault" storage="/home/runner/work/musoq/musoq/musoq.evaluator.tests/bin/debug/net8.0/musoq.evaluator.tests.dll" id="946bc80b-b48b-14cf-fc22-5153d024215a">
      <Execution id="81d40f73-f211-4df8-8613-8910a78f901e" />
      <TestMethod codeBase="/home/runner/work/Musoq/Musoq/Musoq.Evaluator.Tests/bin/Debug/net8.0/Musoq.Evaluator.Tests.dll" adapterTypeName="executor://mstestadapter/v2" className="Musoq.Evaluator.Tests.ArrayAccessEdgeCaseTests" name="ArrayAccess_NegativeIndex_ShouldReturnDefault" />
    </UnitTest>
    <UnitTest name="WhenOrderByAfterGroupByHaving_ShouldSucceed" storage="/home/runner/work/musoq/musoq/musoq.evaluator.tests/bin/debug/net8.0/musoq.evaluator.tests.dll" id="ed96a15e-d668-b0e0-7a6d-81bfb3dcdb1d">
      <Execution id="4c6da136-9b15-4b24-b3fd-4c91985f84e6" />
      <TestMethod codeBase="/home/runner/work/Musoq/Musoq/Musoq.Evaluator.Tests/bin/Debug/net8.0/Musoq.Evaluator.Tests.dll" adapterTypeName="executor://mstestadapter/v2" className="Musoq.Evaluator.Tests.OrderByTests" name="WhenOrderByAfterGroupByHaving_ShouldSucceed" />
    </UnitTest>
    <UnitTest name="WhenBitwiseOrBetweenIntAndLong_ShouldBeEvaluated" storage="/home/runner/work/musoq/musoq/musoq.evaluator.tests/bin/debug/net8.0/musoq.evaluator.tests.dll" id="b4d44fa4-c958-d969-2eaf-ea0362319616">
      <Execution id="118f0143-5fb0-4824-bfb4-6955e576ba2b" />
      <TestMethod codeBase="/home/runner/work/Musoq/Musoq/Musoq.Evaluator.Tests/bin/Debug/net8.0/Musoq.Evaluator.Tests.dll" adapterTypeName="executor://mstestadapter/v2" className="Musoq.Evaluator.Tests.BitwiseOperationsOrTests" name="WhenBitwiseOrBetweenIntAndLong_ShouldBeEvaluated" />
    </UnitTest>
    <UnitTest name="GroupBySimpleAccessTest" storage="/home/runner/work/musoq/musoq/musoq.evaluator.tests/bin/debug/net8.0/musoq.evaluator.tests.dll" id="fe1ea5af-21c4-d812-f4dd-ec83dac9d2c8">
      <Execution id="3a48f747-e070-461c-8db1-63b1e59fd42b" />
      <TestMethod codeBase="/home/runner/work/Musoq/Musoq/Musoq.Evaluator.Tests/bin/Debug/net8.0/Musoq.Evaluator.Tests.dll" adapterTypeName="executor://mstestadapter/v2" className="Musoq.Evaluator.Tests.GroupByTests" name="GroupBySimpleAccessTest" />
    </UnitTest>
    <UnitTest name="WhenFloatAndUIntUsed_ShouldHaveColumnOfThatType" storage="/home/runner/work/musoq/musoq/musoq.evaluator.tests/bin/debug/net8.0/musoq.evaluator.tests.dll" id="3358b9aa-32a2-5f77-d966-2e9b2a6d5742">
      <Execution id="57a2f624-0407-4398-ab16-bee9a23730ca" />
      <TestMethod codeBase="/home/runner/work/Musoq/Musoq/Musoq.Evaluator.Tests/bin/Debug/net8.0/Musoq.Evaluator.Tests.dll" adapterTypeName="executor://mstestadapter/v2" className="Musoq.Evaluator.Tests.ArithmeticForCrossTypesTests" name="WhenFloatAndUIntUsed_ShouldHaveColumnOfThatType" />
    </UnitTest>
    <UnitTest name="WhenBitwiseShiftRightUShort_ShouldBeEvaluated" storage="/home/runner/work/musoq/musoq/musoq.evaluator.tests/bin/debug/net8.0/musoq.evaluator.tests.dll" id="0b0e0158-c01e-aa3d-6c34-faabcd8ac3ce">
      <Execution id="a684e408-353a-42fa-8fa4-721295b19279" />
      <TestMethod codeBase="/home/runner/work/Musoq/Musoq/Musoq.Evaluator.Tests/bin/Debug/net8.0/Musoq.Evaluator.Tests.dll" adapterTypeName="executor://mstestadapter/v2" className="Musoq.Evaluator.Tests.BitwiseShiftRightTests" name="WhenBitwiseShiftRightUShort_ShouldBeEvaluated" />
    </UnitTest>
    <UnitTest name="CountWithoutGroupByTest" storage="/home/runner/work/musoq/musoq/musoq.evaluator.tests/bin/debug/net8.0/musoq.evaluator.tests.dll" id="cacaf148-a78e-51bf-74da-84c0ce9037a3">
      <Execution id="40c2c0b9-4425-45b4-b61e-c0d3a89b25e7" />
      <TestMethod codeBase="/home/runner/work/Musoq/Musoq/Musoq.Evaluator.Tests/bin/Debug/net8.0/Musoq.Evaluator.Tests.dll" adapterTypeName="executor://mstestadapter/v2" className="Musoq.Evaluator.Tests.GroupByTests" name="CountWithoutGroupByTest" />
    </UnitTest>
    <UnitTest name="WhenWrongTypeBetweenUnionAll_ShouldFail" storage="/home/runner/work/musoq/musoq/musoq.evaluator.tests/bin/debug/net8.0/musoq.evaluator.tests.dll" id="b2c08662-fffe-d036-cfdb-352d85e2f4df">
      <Execution id="430052fb-a964-47b2-90e1-bd285863a861" />
      <TestMethod codeBase="/home/runner/work/Musoq/Musoq/Musoq.Evaluator.Tests/bin/Debug/net8.0/Musoq.Evaluator.Tests.dll" adapterTypeName="executor://mstestadapter/v2" className="Musoq.Evaluator.Tests.SetsOperatorsTests" name="WhenWrongTypeBetweenUnionAll_ShouldFail" />
    </UnitTest>
    <UnitTest name="OuterApplyProperty_WithComplexArray_ShouldPass" storage="/home/runner/work/musoq/musoq/musoq.evaluator.tests/bin/debug/net8.0/musoq.evaluator.tests.dll" id="c4c917a4-c263-0938-d88d-8d79d48a864b">
      <Execution id="a7f8cf3a-3c47-4721-b2bf-38427690dddc" />
      <TestMethod codeBase="/home/runner/work/Musoq/Musoq/Musoq.Evaluator.Tests/bin/Debug/net8.0/Musoq.Evaluator.Tests.dll" adapterTypeName="executor://mstestadapter/v2" className="Musoq.Evaluator.Tests.OuterApplySelfPropertyTests" name="OuterApplyProperty_WithComplexArray_ShouldPass" />
    </UnitTest>
    <UnitTest name="SimpleCteWithStarTest" storage="/home/runner/work/musoq/musoq/musoq.evaluator.tests/bin/debug/net8.0/musoq.evaluator.tests.dll" id="b3e8b018-5ec8-3fb3-5e4e-4a80bbe7ecd5">
      <Execution id="b9819f69-2c00-4f88-ae3a-464dd631bb2f" />
      <TestMethod codeBase="/home/runner/work/Musoq/Musoq/Musoq.Evaluator.Tests/bin/Debug/net8.0/Musoq.Evaluator.Tests.dll" adapterTypeName="executor://mstestadapter/v2" className="Musoq.Evaluator.Tests.CteTests" name="SimpleCteWithStarTest" />
    </UnitTest>
    <UnitTest name="WhenBitwiseShiftLeft_long_ShouldBeEvaluated" storage="/home/runner/work/musoq/musoq/musoq.evaluator.tests/bin/debug/net8.0/musoq.evaluator.tests.dll" id="745408cd-749d-5796-196c-1e5c00c1de63">
      <Execution id="3db5dfc0-bfd1-4004-874f-f04650ecfc62" />
      <TestMethod codeBase="/home/runner/work/Musoq/Musoq/Musoq.Evaluator.Tests/bin/Debug/net8.0/Musoq.Evaluator.Tests.dll" adapterTypeName="executor://mstestadapter/v2" className="Musoq.Evaluator.Tests.BitwiseShiftLeftTests" name="WhenBitwiseShiftLeft_long_ShouldBeEvaluated" />
    </UnitTest>
    <UnitTest name="WhenNewlineEscaped_ShouldBePresent" storage="/home/runner/work/musoq/musoq/musoq.evaluator.tests/bin/debug/net8.0/musoq.evaluator.tests.dll" id="8941102d-ef4f-764b-227e-4181bbc40e44">
      <Execution id="69d42cd4-7352-4d56-a807-4aabb039c69b" />
      <TestMethod codeBase="/home/runner/work/Musoq/Musoq/Musoq.Evaluator.Tests/bin/Debug/net8.0/Musoq.Evaluator.Tests.dll" adapterTypeName="executor://mstestadapter/v2" className="Musoq.Evaluator.Tests.EscapeTests" name="WhenNewlineEscaped_ShouldBePresent" />
    </UnitTest>
    <UnitTest name="InnerJoinJoinPassMethodContextTest" storage="/home/runner/work/musoq/musoq/musoq.evaluator.tests/bin/debug/net8.0/musoq.evaluator.tests.dll" id="830a9adf-41aa-eaf6-febe-0984cabb133e">
      <Execution id="6e1e3d6b-7d79-4b88-af13-e576d18b6748" />
      <TestMethod codeBase="/home/runner/work/Musoq/Musoq/Musoq.Evaluator.Tests/bin/Debug/net8.0/Musoq.Evaluator.Tests.dll" adapterTypeName="executor://mstestadapter/v2" className="Musoq.Evaluator.Tests.JoinTests" name="InnerJoinJoinPassMethodContextTest" />
    </UnitTest>
    <UnitTest name="UnionWithDifferentColumnsAsAKeyTest" storage="/home/runner/work/musoq/musoq/musoq.evaluator.tests/bin/debug/net8.0/musoq.evaluator.tests.dll" id="06b7cd2c-4b78-3987-049b-db9a77695869">
      <Execution id="787566fd-7160-455f-949c-c6a27d8f41b7" />
      <TestMethod codeBase="/home/runner/work/Musoq/Musoq/Musoq.Evaluator.Tests/bin/Debug/net8.0/Musoq.Evaluator.Tests.dll" adapterTypeName="executor://mstestadapter/v2" className="Musoq.Evaluator.Tests.SetsOperatorsTests" name="UnionWithDifferentColumnsAsAKeyTest" />
    </UnitTest>
    <UnitTest name="WhenUIntMethodCallAndByteUsed_ShouldHaveColumnOfThatType" storage="/home/runner/work/musoq/musoq/musoq.evaluator.tests/bin/debug/net8.0/musoq.evaluator.tests.dll" id="92066fe0-a3c7-7e84-092a-6b641f85d4e1">
      <Execution id="3dc2a6b1-f441-4ce9-b65d-405c27ab94dc" />
      <TestMethod codeBase="/home/runner/work/Musoq/Musoq/Musoq.Evaluator.Tests/bin/Debug/net8.0/Musoq.Evaluator.Tests.dll" adapterTypeName="executor://mstestadapter/v2" className="Musoq.Evaluator.Tests.ArithmeticForMethodCallAndTypeSpecificOperationTests" name="WhenUIntMethodCallAndByteUsed_ShouldHaveColumnOfThatType" />
    </UnitTest>
    <UnitTest name="WhenByteMethodCallAndIntUsed_ShouldHaveColumnOfThatType" storage="/home/runner/work/musoq/musoq/musoq.evaluator.tests/bin/debug/net8.0/musoq.evaluator.tests.dll" id="420dc1b2-1f79-ca65-dbc8-c6f89d3d3d1a">
      <Execution id="25c69a14-ab80-4a94-8075-3e52be438f26" />
      <TestMethod codeBase="/home/runner/work/Musoq/Musoq/Musoq.Evaluator.Tests/bin/Debug/net8.0/Musoq.Evaluator.Tests.dll" adapterTypeName="executor://mstestadapter/v2" className="Musoq.Evaluator.Tests.ArithmeticForMethodCallAndTypeSpecificOperationTests" name="WhenByteMethodCallAndIntUsed_ShouldHaveColumnOfThatType" />
    </UnitTest>
    <UnitTest name="WhenBitwiseAndBetweenLongAndSByte_ShouldBeEvaluated" storage="/home/runner/work/musoq/musoq/musoq.evaluator.tests/bin/debug/net8.0/musoq.evaluator.tests.dll" id="63f3da3f-3a78-4bcb-68eb-2e1a3a7aedcd">
      <Execution id="3e5b2aa1-128f-4fc1-bdac-983bf375362c" />
      <TestMethod codeBase="/home/runner/work/Musoq/Musoq/Musoq.Evaluator.Tests/bin/Debug/net8.0/Musoq.Evaluator.Tests.dll" adapterTypeName="executor://mstestadapter/v2" className="Musoq.Evaluator.Tests.BitwiseOperationsAndTests" name="WhenBitwiseAndBetweenLongAndSByte_ShouldBeEvaluated" />
    </UnitTest>
    <UnitTest name="WhenGroupByWithWhereUsed_WhereUsesFieldThatWontBeUsedInResultingTable_ShouldSuccess" storage="/home/runner/work/musoq/musoq/musoq.evaluator.tests/bin/debug/net8.0/musoq.evaluator.tests.dll" id="35f19c90-1c0a-3879-a70d-ac36d80c8385">
      <Execution id="bf198f32-b38e-4e5f-a56c-3c751ef5e179" />
      <TestMethod codeBase="/home/runner/work/Musoq/Musoq/Musoq.Evaluator.Tests/bin/Debug/net8.0/Musoq.Evaluator.Tests.dll" adapterTypeName="executor://mstestadapter/v2" className="Musoq.Evaluator.Tests.GroupByTests" name="WhenGroupByWithWhereUsed_WhereUsesFieldThatWontBeUsedInResultingTable_ShouldSuccess" />
    </UnitTest>
    <UnitTest name="AggregateValuesParentTest" storage="/home/runner/work/musoq/musoq/musoq.evaluator.tests/bin/debug/net8.0/musoq.evaluator.tests.dll" id="f5464b82-a026-8996-9bb4-797b0ca4da5c">
      <Execution id="7bc67255-e917-4a64-90b5-968f1d511a5b" />
      <TestMethod codeBase="/home/runner/work/Musoq/Musoq/Musoq.Evaluator.Tests/bin/Debug/net8.0/Musoq.Evaluator.Tests.dll" adapterTypeName="executor://mstestadapter/v2" className="Musoq.Evaluator.Tests.SingleSchemaEvaluatorTests" name="AggregateValuesParentTest" />
    </UnitTest>
    <UnitTest name="WhenByteMethodCallAndDecimalUsed_ShouldHaveColumnOfThatType" storage="/home/runner/work/musoq/musoq/musoq.evaluator.tests/bin/debug/net8.0/musoq.evaluator.tests.dll" id="a0ad3f05-9c1e-371f-f0dd-4f77b8f3c87c">
      <Execution id="8b19de14-6bca-4af2-b315-af810e9999b5" />
      <TestMethod codeBase="/home/runner/work/Musoq/Musoq/Musoq.Evaluator.Tests/bin/Debug/net8.0/Musoq.Evaluator.Tests.dll" adapterTypeName="executor://mstestadapter/v2" className="Musoq.Evaluator.Tests.ArithmeticForMethodCallAndTypeSpecificOperationTests" name="WhenByteMethodCallAndDecimalUsed_ShouldHaveColumnOfThatType" />
    </UnitTest>
    <UnitTest name="JoinWithUnionTest" storage="/home/runner/work/musoq/musoq/musoq.evaluator.tests/bin/debug/net8.0/musoq.evaluator.tests.dll" id="01eb3f77-0a50-63ff-e710-059eef36fc35">
      <Execution id="409d00f2-e7eb-4673-b9a7-25c6fe75eeac" />
      <TestMethod codeBase="/home/runner/work/Musoq/Musoq/Musoq.Evaluator.Tests/bin/Debug/net8.0/Musoq.Evaluator.Tests.dll" adapterTypeName="executor://mstestadapter/v2" className="Musoq.Evaluator.Tests.JoinTests" name="JoinWithUnionTest" />
    </UnitTest>
    <UnitTest name="WithDynamicSource_SimpleQuery_ShouldPass" storage="/home/runner/work/musoq/musoq/musoq.evaluator.tests/bin/debug/net8.0/musoq.evaluator.tests.dll" id="7d269de5-ea93-e490-e9c8-ec91ae85fd6f">
      <Execution id="474c130f-0626-4f57-8065-4a65bd456479" />
      <TestMethod codeBase="/home/runner/work/Musoq/Musoq/Musoq.Evaluator.Tests/bin/Debug/net8.0/Musoq.Evaluator.Tests.dll" adapterTypeName="executor://mstestadapter/v2" className="Musoq.Evaluator.Tests.DynamicSourceWithDynamicTypeHinting" name="WithDynamicSource_SimpleQuery_ShouldPass" />
    </UnitTest>
    <UnitTest name="WhenSByteUsed_ShouldHaveColumnOfThatType" storage="/home/runner/work/musoq/musoq/musoq.evaluator.tests/bin/debug/net8.0/musoq.evaluator.tests.dll" id="5eeee182-ebcc-02d3-f763-c732ef5358b0">
      <Execution id="db9e0892-eeab-4d54-9813-80abc2824446" />
      <TestMethod codeBase="/home/runner/work/Musoq/Musoq/Musoq.Evaluator.Tests/bin/Debug/net8.0/Musoq.Evaluator.Tests.dll" adapterTypeName="executor://mstestadapter/v2" className="Musoq.Evaluator.Tests.NumericLiteralTypesTests" name="WhenSByteUsed_ShouldHaveColumnOfThatType" />
    </UnitTest>
    <UnitTest name="WhenShortAndIntUsed_ShouldHaveColumnOfThatType" storage="/home/runner/work/musoq/musoq/musoq.evaluator.tests/bin/debug/net8.0/musoq.evaluator.tests.dll" id="6bf20f09-5825-9068-b09a-c307bccd5453">
      <Execution id="5ae18736-3631-413f-8f69-dec4cd8c1b28" />
      <TestMethod codeBase="/home/runner/work/Musoq/Musoq/Musoq.Evaluator.Tests/bin/Debug/net8.0/Musoq.Evaluator.Tests.dll" adapterTypeName="executor://mstestadapter/v2" className="Musoq.Evaluator.Tests.ArithmeticForCrossTypesTests" name="WhenShortAndIntUsed_ShouldHaveColumnOfThatType" />
    </UnitTest>
    <UnitTest name="WhenBitwiseAndBetweenIntAndLong_ShouldBeEvaluated" storage="/home/runner/work/musoq/musoq/musoq.evaluator.tests/bin/debug/net8.0/musoq.evaluator.tests.dll" id="dcf4ad20-634f-bcdc-b098-030f15b96c4d">
      <Execution id="5924fdaa-6f43-451f-a45c-b2566421e4e4" />
      <TestMethod codeBase="/home/runner/work/Musoq/Musoq/Musoq.Evaluator.Tests/bin/Debug/net8.0/Musoq.Evaluator.Tests.dll" adapterTypeName="executor://mstestadapter/v2" className="Musoq.Evaluator.Tests.BitwiseOperationsAndTests" name="WhenBitwiseAndBetweenIntAndLong_ShouldBeEvaluated" />
    </UnitTest>
    <UnitTest name="WhenSByteAndByteUsed_ShouldHaveColumnOfIntType" storage="/home/runner/work/musoq/musoq/musoq.evaluator.tests/bin/debug/net8.0/musoq.evaluator.tests.dll" id="3db91a87-8cfd-f3e0-c48a-99e5e145e540">
      <Execution id="19e41795-82de-4119-8e42-99073bf28a81" />
      <TestMethod codeBase="/home/runner/work/Musoq/Musoq/Musoq.Evaluator.Tests/bin/Debug/net8.0/Musoq.Evaluator.Tests.dll" adapterTypeName="executor://mstestadapter/v2" className="Musoq.Evaluator.Tests.ArithmeticForCrossTypesTests" name="WhenSByteAndByteUsed_ShouldHaveColumnOfIntType" />
    </UnitTest>
    <UnitTest name="WhenBitwiseOrBetweenSbyteAndShort_ShouldBeEvaluated" storage="/home/runner/work/musoq/musoq/musoq.evaluator.tests/bin/debug/net8.0/musoq.evaluator.tests.dll" id="c1859b60-2428-fcaa-8122-5c94e13b9a56">
      <Execution id="5d65a663-5913-4980-b13e-8d062d9b5535" />
      <TestMethod codeBase="/home/runner/work/Musoq/Musoq/Musoq.Evaluator.Tests/bin/Debug/net8.0/Musoq.Evaluator.Tests.dll" adapterTypeName="executor://mstestadapter/v2" className="Musoq.Evaluator.Tests.BitwiseOperationsOrTests" name="WhenBitwiseOrBetweenSbyteAndShort_ShouldBeEvaluated" />
    </UnitTest>
    <UnitTest name="WhenShortMethodCallAndIntUsed_ShouldHaveColumnOfThatType" storage="/home/runner/work/musoq/musoq/musoq.evaluator.tests/bin/debug/net8.0/musoq.evaluator.tests.dll" id="52141c7f-19e7-43fd-6d94-715d285defb5">
      <Execution id="1d6437aa-c9a8-4898-a11f-9547b1e1735f" />
      <TestMethod codeBase="/home/runner/work/Musoq/Musoq/Musoq.Evaluator.Tests/bin/Debug/net8.0/Musoq.Evaluator.Tests.dll" adapterTypeName="executor://mstestadapter/v2" className="Musoq.Evaluator.Tests.ArithmeticForMethodCallAndTypeSpecificOperationTests" name="WhenShortMethodCallAndIntUsed_ShouldHaveColumnOfThatType" />
    </UnitTest>
    <UnitTest name="CaseWhenArithmeticExpressionTest" storage="/home/runner/work/musoq/musoq/musoq.evaluator.tests/bin/debug/net8.0/musoq.evaluator.tests.dll" id="68ffe9da-b92a-0f0d-e99a-d8fcb881f86f">
      <Execution id="46bc06f9-422f-40f4-b232-378f234fd2ae" />
      <TestMethod codeBase="/home/runner/work/Musoq/Musoq/Musoq.Evaluator.Tests/bin/Debug/net8.0/Musoq.Evaluator.Tests.dll" adapterTypeName="executor://mstestadapter/v2" className="Musoq.Evaluator.Tests.ArithmeticTests" name="CaseWhenArithmeticExpressionTest" />
    </UnitTest>
    <UnitTest name="WhenToStringCalled_ShouldReturnSameQuery (select s.Column1, s.Column2 from #some.thing() s where s.Column1 &gt; 0 group by s.Column2 order by s.Column1 skip 2 take 5)" storage="/home/runner/work/musoq/musoq/musoq.evaluator.tests/bin/debug/net8.0/musoq.evaluator.tests.dll" id="8b05cb7a-f451-9699-bcff-9c84e99f933f">
      <Execution id="476fcc31-36e6-4050-87b1-9df85f62c00e" />
      <TestMethod codeBase="/home/runner/work/Musoq/Musoq/Musoq.Evaluator.Tests/bin/Debug/net8.0/Musoq.Evaluator.Tests.dll" adapterTypeName="executor://mstestadapter/v2" className="Musoq.Evaluator.Tests.StringifyTests" name="WhenToStringCalled_ShouldReturnSameQuery" />
    </UnitTest>
    <UnitTest name="WhenBitwiseOrBetweenIntAndInt_ShouldBeEvaluated" storage="/home/runner/work/musoq/musoq/musoq.evaluator.tests/bin/debug/net8.0/musoq.evaluator.tests.dll" id="5b1dca16-3e49-bb05-16df-6ea19eaef175">
      <Execution id="0e19e5f0-e266-4cee-801c-9b8d6bce8c4c" />
      <TestMethod codeBase="/home/runner/work/Musoq/Musoq/Musoq.Evaluator.Tests/bin/Debug/net8.0/Musoq.Evaluator.Tests.dll" adapterTypeName="executor://mstestadapter/v2" className="Musoq.Evaluator.Tests.BitwiseOperationsOrTests" name="WhenBitwiseOrBetweenIntAndInt_ShouldBeEvaluated" />
    </UnitTest>
    <UnitTest name="WhenToStringCalled_ShouldReturnSameQuery (select b.* from #some.thing() a outer apply a.TestMethod(b.Column) b)" storage="/home/runner/work/musoq/musoq/musoq.evaluator.tests/bin/debug/net8.0/musoq.evaluator.tests.dll" id="fab96642-6221-5d4e-646d-b65bb389b7a4">
      <Execution id="564599de-81a2-4be5-b442-010b37651a5d" />
      <TestMethod codeBase="/home/runner/work/Musoq/Musoq/Musoq.Evaluator.Tests/bin/Debug/net8.0/Musoq.Evaluator.Tests.dll" adapterTypeName="executor://mstestadapter/v2" className="Musoq.Evaluator.Tests.StringifyTests" name="WhenToStringCalled_ShouldReturnSameQuery" />
    </UnitTest>
    <UnitTest name="WhenDecimalWithDotAndSuffixUsed_ShouldHaveColumnOfThatType" storage="/home/runner/work/musoq/musoq/musoq.evaluator.tests/bin/debug/net8.0/musoq.evaluator.tests.dll" id="3e7a400a-6c29-bc39-18d5-25793bf6ce0c">
      <Execution id="feb6c967-195d-44ae-a0d3-fdbfc95baa5b" />
      <TestMethod codeBase="/home/runner/work/Musoq/Musoq/Musoq.Evaluator.Tests/bin/Debug/net8.0/Musoq.Evaluator.Tests.dll" adapterTypeName="executor://mstestadapter/v2" className="Musoq.Evaluator.Tests.NumericLiteralTypesTests" name="WhenDecimalWithDotAndSuffixUsed_ShouldHaveColumnOfThatType" />
    </UnitTest>
    <UnitTest name="WhenSchemaMethodCrossAppliedWithAnotherSchema_UsesValuesOfSchemaMethodWithinTableValue_UseOnlyValuesOfCrossApplySchemaMethod_ShouldPass" storage="/home/runner/work/musoq/musoq/musoq.evaluator.tests/bin/debug/net8.0/musoq.evaluator.tests.dll" id="fd91b787-a901-7313-8ff5-cd6a0b0a8ca8">
      <Execution id="b635ff54-0aba-40b1-b962-b09f28d1a1ef" />
      <TestMethod codeBase="/home/runner/work/Musoq/Musoq/Musoq.Evaluator.Tests/bin/Debug/net8.0/Musoq.Evaluator.Tests.dll" adapterTypeName="executor://mstestadapter/v2" className="Musoq.Evaluator.Tests.CrossApplyTests" name="WhenSchemaMethodCrossAppliedWithAnotherSchema_UsesValuesOfSchemaMethodWithinTableValue_UseOnlyValuesOfCrossApplySchemaMethod_ShouldPass" />
    </UnitTest>
    <UnitTest name="WhenLargeULongUsed_ShouldHaveColumnOfThatType" storage="/home/runner/work/musoq/musoq/musoq.evaluator.tests/bin/debug/net8.0/musoq.evaluator.tests.dll" id="ac2deb64-8e3e-4e41-5fdc-11fa36f96698">
      <Execution id="fd21a586-13af-4fd2-a26d-7de082181df1" />
      <TestMethod codeBase="/home/runner/work/Musoq/Musoq/Musoq.Evaluator.Tests/bin/Debug/net8.0/Musoq.Evaluator.Tests.dll" adapterTypeName="executor://mstestadapter/v2" className="Musoq.Evaluator.Tests.NumericLiteralTypesTests" name="WhenLargeULongUsed_ShouldHaveColumnOfThatType" />
    </UnitTest>
    <UnitTest name="WhenUIntMethodCallAndUIntUsed_ShouldHaveColumnOfThatType" storage="/home/runner/work/musoq/musoq/musoq.evaluator.tests/bin/debug/net8.0/musoq.evaluator.tests.dll" id="84b1090c-e82a-1c60-b6a0-d7f604b37e3d">
      <Execution id="3a6b8528-f30b-408f-9206-a778b43ca7a2" />
      <TestMethod codeBase="/home/runner/work/Musoq/Musoq/Musoq.Evaluator.Tests/bin/Debug/net8.0/Musoq.Evaluator.Tests.dll" adapterTypeName="executor://mstestadapter/v2" className="Musoq.Evaluator.Tests.ArithmeticForMethodCallAndTypeSpecificOperationTests" name="WhenUIntMethodCallAndUIntUsed_ShouldHaveColumnOfThatType" />
    </UnitTest>
    <UnitTest name="WhenSchemaMethodCrossAppliedWithAnotherSchema_UsesValuesOfSchemaMethodWithinTableValue_ShouldPass" storage="/home/runner/work/musoq/musoq/musoq.evaluator.tests/bin/debug/net8.0/musoq.evaluator.tests.dll" id="86d410be-207b-48e5-8b3a-efa9039b3a07">
      <Execution id="25d6f392-f972-40a4-95a5-8ad8d26f69e6" />
      <TestMethod codeBase="/home/runner/work/Musoq/Musoq/Musoq.Evaluator.Tests/bin/Debug/net8.0/Musoq.Evaluator.Tests.dll" adapterTypeName="executor://mstestadapter/v2" className="Musoq.Evaluator.Tests.CrossApplyTests" name="WhenSchemaMethodCrossAppliedWithAnotherSchema_UsesValuesOfSchemaMethodWithinTableValue_ShouldPass" />
    </UnitTest>
    <UnitTest name="WithDynamicSource_DescDynamicObjectWithComplexColumns_ShouldPass" storage="/home/runner/work/musoq/musoq/musoq.evaluator.tests/bin/debug/net8.0/musoq.evaluator.tests.dll" id="b075bf92-34f6-3cfd-063b-2c04fef9f3ab">
      <Execution id="c47538ad-6558-4155-81fd-83f55438519d" />
      <TestMethod codeBase="/home/runner/work/Musoq/Musoq/Musoq.Evaluator.Tests/bin/Debug/net8.0/Musoq.Evaluator.Tests.dll" adapterTypeName="executor://mstestadapter/v2" className="Musoq.Evaluator.Tests.DynamicSourceWithDynamicTypeHinting" name="WithDynamicSource_DescDynamicObjectWithComplexColumns_ShouldPass" />
    </UnitTest>
    <UnitTest name="WhenBitwiseAndBetweenUIntAndInt_ShouldBeEvaluated" storage="/home/runner/work/musoq/musoq/musoq.evaluator.tests/bin/debug/net8.0/musoq.evaluator.tests.dll" id="1769c638-3284-577d-3372-374cca485e70">
      <Execution id="9256bb87-c063-4513-9548-860948fdc3ce" />
      <TestMethod codeBase="/home/runner/work/Musoq/Musoq/Musoq.Evaluator.Tests/bin/Debug/net8.0/Musoq.Evaluator.Tests.dll" adapterTypeName="executor://mstestadapter/v2" className="Musoq.Evaluator.Tests.BitwiseOperationsAndTests" name="WhenBitwiseAndBetweenUIntAndInt_ShouldBeEvaluated" />
    </UnitTest>
    <UnitTest name="WhenValueOfDecimalTypeOccured_ShouldHaveColumnOfThatType" storage="/home/runner/work/musoq/musoq/musoq.evaluator.tests/bin/debug/net8.0/musoq.evaluator.tests.dll" id="11b0ebc2-49fa-5615-95a9-28e5bd7870e7">
      <Execution id="48158840-6566-4a84-981c-7b12a15a1519" />
      <TestMethod codeBase="/home/runner/work/Musoq/Musoq/Musoq.Evaluator.Tests/bin/Debug/net8.0/Musoq.Evaluator.Tests.dll" adapterTypeName="executor://mstestadapter/v2" className="Musoq.Evaluator.Tests.PrimitiveTypesTests" name="WhenValueOfDecimalTypeOccured_ShouldHaveColumnOfThatType" />
    </UnitTest>
    <UnitTest name="OuterApplyProperty_NoMatch_ShouldPass" storage="/home/runner/work/musoq/musoq/musoq.evaluator.tests/bin/debug/net8.0/musoq.evaluator.tests.dll" id="9eac1d8f-2749-5b4c-4cd5-0009c08dc16a">
      <Execution id="ba6129ce-278e-4b12-a7f0-b9223a55af5b" />
      <TestMethod codeBase="/home/runner/work/Musoq/Musoq/Musoq.Evaluator.Tests/bin/Debug/net8.0/Musoq.Evaluator.Tests.dll" adapterTypeName="executor://mstestadapter/v2" className="Musoq.Evaluator.Tests.OuterApplyMethodCallTests" name="OuterApplyProperty_NoMatch_ShouldPass" />
    </UnitTest>
    <UnitTest name="IntersectTripleSourcesTest" storage="/home/runner/work/musoq/musoq/musoq.evaluator.tests/bin/debug/net8.0/musoq.evaluator.tests.dll" id="6255a2c3-dc2b-b043-231c-ec47f16455fb">
      <Execution id="de01241b-65a0-4a1b-8e85-897add494b82" />
      <TestMethod codeBase="/home/runner/work/Musoq/Musoq/Musoq.Evaluator.Tests/bin/Debug/net8.0/Musoq.Evaluator.Tests.dll" adapterTypeName="executor://mstestadapter/v2" className="Musoq.Evaluator.Tests.SetsOperatorsTests" name="IntersectTripleSourcesTest" />
    </UnitTest>
    <UnitTest name="WhenBitwiseNotOnULong_ShouldBeEvaluated" storage="/home/runner/work/musoq/musoq/musoq.evaluator.tests/bin/debug/net8.0/musoq.evaluator.tests.dll" id="809e7ddb-4125-208c-0c23-05b7a1c69034">
      <Execution id="35bba974-c012-4525-a9c3-f8a7a0c1857f" />
      <TestMethod codeBase="/home/runner/work/Musoq/Musoq/Musoq.Evaluator.Tests/bin/Debug/net8.0/Musoq.Evaluator.Tests.dll" adapterTypeName="executor://mstestadapter/v2" className="Musoq.Evaluator.Tests.BitwiseOperationsNotTests" name="WhenBitwiseNotOnULong_ShouldBeEvaluated" />
    </UnitTest>
    <UnitTest name="WhenSpecialCharacterStartBracketUsedInTextWith_MustNotThrow (])" storage="/home/runner/work/musoq/musoq/musoq.evaluator.tests/bin/debug/net8.0/musoq.evaluator.tests.dll" id="de2eaefe-0fd0-f59c-2a6e-8f3e40af6ae0">
      <Execution id="572d583a-568e-4b4a-97c6-e58d88440539" />
      <TestMethod codeBase="/home/runner/work/Musoq/Musoq/Musoq.Evaluator.Tests/bin/Debug/net8.0/Musoq.Evaluator.Tests.dll" adapterTypeName="executor://mstestadapter/v2" className="Musoq.Evaluator.Tests.StringsTests" name="WhenSpecialCharacterStartBracketUsedInTextWith_MustNotThrow" />
    </UnitTest>
    <UnitTest name="WhenGetElementAtOrDefaultForNonExistingElement_ShouldPass" storage="/home/runner/work/musoq/musoq/musoq.evaluator.tests/bin/debug/net8.0/musoq.evaluator.tests.dll" id="063713cd-7ea1-a8f4-b891-360c93a3f83b">
      <Execution id="1fa4e85b-f025-4a24-a107-b56d75e714f0" />
      <TestMethod codeBase="/home/runner/work/Musoq/Musoq/Musoq.Evaluator.Tests/bin/Debug/net8.0/Musoq.Evaluator.Tests.dll" adapterTypeName="executor://mstestadapter/v2" className="Musoq.Evaluator.Tests.GenericTests" name="WhenGetElementAtOrDefaultForNonExistingElement_ShouldPass" />
    </UnitTest>
    <UnitTest name="RightOuterJoinPassMethodContextTest" storage="/home/runner/work/musoq/musoq/musoq.evaluator.tests/bin/debug/net8.0/musoq.evaluator.tests.dll" id="60f2a805-44db-bfea-07a9-0fcb3a22dc30">
      <Execution id="c63ac905-22ef-41ce-b842-ab5507f27f02" />
      <TestMethod codeBase="/home/runner/work/Musoq/Musoq/Musoq.Evaluator.Tests/bin/Debug/net8.0/Musoq.Evaluator.Tests.dll" adapterTypeName="executor://mstestadapter/v2" className="Musoq.Evaluator.Tests.JoinTests" name="RightOuterJoinPassMethodContextTest" />
    </UnitTest>
    <UnitTest name="StringCharacterAccess_AliasedColumn_OutOfBounds_ShouldReturnDefaultChar" storage="/home/runner/work/musoq/musoq/musoq.evaluator.tests/bin/debug/net8.0/musoq.evaluator.tests.dll" id="8fb1540b-6b3e-006c-0002-3902aa372021">
      <Execution id="6b4dd644-1080-4b4b-a0b6-f23edff1a397" />
      <TestMethod codeBase="/home/runner/work/Musoq/Musoq/Musoq.Evaluator.Tests/bin/Debug/net8.0/Musoq.Evaluator.Tests.dll" adapterTypeName="executor://mstestadapter/v2" className="Musoq.Evaluator.Tests.ArrayAccessEdgeCaseTests" name="StringCharacterAccess_AliasedColumn_OutOfBounds_ShouldReturnDefaultChar" />
    </UnitTest>
    <UnitTest name="CrossApplyProperty_AliasClashingWithCte_ShouldThrow" storage="/home/runner/work/musoq/musoq/musoq.evaluator.tests/bin/debug/net8.0/musoq.evaluator.tests.dll" id="83e27817-1071-0104-8984-b751d431dd51">
      <Execution id="9aa024ec-8dfe-4c1f-96b1-46b6f6856eb0" />
      <TestMethod codeBase="/home/runner/work/Musoq/Musoq/Musoq.Evaluator.Tests/bin/Debug/net8.0/Musoq.Evaluator.Tests.dll" adapterTypeName="executor://mstestadapter/v2" className="Musoq.Evaluator.Tests.CrossApplySelfPropertyTests" name="CrossApplyProperty_AliasClashingWithCte_ShouldThrow" />
    </UnitTest>
    <UnitTest name="WhenBitwiseAndBetweenIntAndByte_ShouldBeEvaluated" storage="/home/runner/work/musoq/musoq/musoq.evaluator.tests/bin/debug/net8.0/musoq.evaluator.tests.dll" id="2ecb9feb-a4c3-95af-93c5-07ad58e96583">
      <Execution id="0335bc29-e7bf-4f55-ab68-b826e997b6b6" />
      <TestMethod codeBase="/home/runner/work/Musoq/Musoq/Musoq.Evaluator.Tests/bin/Debug/net8.0/Musoq.Evaluator.Tests.dll" adapterTypeName="executor://mstestadapter/v2" className="Musoq.Evaluator.Tests.BitwiseOperationsAndTests" name="WhenBitwiseAndBetweenIntAndByte_ShouldBeEvaluated" />
    </UnitTest>
    <UnitTest name="CTE_WithCrossApply_ShouldNotThrowKeyNotFoundException" storage="/home/runner/work/musoq/musoq/musoq.evaluator.tests/bin/debug/net8.0/musoq.evaluator.tests.dll" id="27630e72-6b17-f6e0-77db-8beb30ed137f">
      <Execution id="80ea90b8-3160-4abe-ae92-5208d9e00e7d" />
      <TestMethod codeBase="/home/runner/work/Musoq/Musoq/Musoq.Evaluator.Tests/bin/Debug/net8.0/Musoq.Evaluator.Tests.dll" adapterTypeName="executor://mstestadapter/v2" className="Musoq.Evaluator.Tests.CTECrossApplyTestCases" name="CTE_WithCrossApply_ShouldNotThrowKeyNotFoundException" />
    </UnitTest>
    <UnitTest name="WhenToStringCalled_ShouldReturnSameQuery (table Example { Id 'System.Int32', Name 'System.String' };&#xA;couple #a.b with table Example as SourceOfExamples;&#xA;select 1 from SourceOfExamples('a', 'b'))" storage="/home/runner/work/musoq/musoq/musoq.evaluator.tests/bin/debug/net8.0/musoq.evaluator.tests.dll" id="9ea24caa-d0c2-b04f-943a-6b5b2146d361">
      <Execution id="e51c4853-68e3-477a-86dc-1faa8b11f595" />
      <TestMethod codeBase="/home/runner/work/Musoq/Musoq/Musoq.Evaluator.Tests/bin/Debug/net8.0/Musoq.Evaluator.Tests.dll" adapterTypeName="executor://mstestadapter/v2" className="Musoq.Evaluator.Tests.StringifyTests" name="WhenToStringCalled_ShouldReturnSameQuery" />
    </UnitTest>
    <UnitTest name="ArrayAccess_OutOfBounds_ShouldReturnDefault" storage="/home/runner/work/musoq/musoq/musoq.evaluator.tests/bin/debug/net8.0/musoq.evaluator.tests.dll" id="50e0068d-acc0-2e92-e6ed-a8b03d8bb078">
      <Execution id="7ac20f03-b93e-49ed-a4d8-59dbeaa6820f" />
      <TestMethod codeBase="/home/runner/work/Musoq/Musoq/Musoq.Evaluator.Tests/bin/Debug/net8.0/Musoq.Evaluator.Tests.dll" adapterTypeName="executor://mstestadapter/v2" className="Musoq.Evaluator.Tests.ArrayAccessEdgeCaseTests" name="ArrayAccess_OutOfBounds_ShouldReturnDefault" />
    </UnitTest>
    <UnitTest name="WhenBitwiseShiftRightShort_ShouldBeEvaluated" storage="/home/runner/work/musoq/musoq/musoq.evaluator.tests/bin/debug/net8.0/musoq.evaluator.tests.dll" id="20987c16-90bb-8d4e-1085-dd2e4c575428">
      <Execution id="9cb5d853-10f5-402f-9553-1941f7bb7688" />
      <TestMethod codeBase="/home/runner/work/Musoq/Musoq/Musoq.Evaluator.Tests/bin/Debug/net8.0/Musoq.Evaluator.Tests.dll" adapterTypeName="executor://mstestadapter/v2" className="Musoq.Evaluator.Tests.BitwiseShiftRightTests" name="WhenBitwiseShiftRightShort_ShouldBeEvaluated" />
    </UnitTest>
    <UnitTest name="ArithmeticOpsLessEqualTest" storage="/home/runner/work/musoq/musoq/musoq.evaluator.tests/bin/debug/net8.0/musoq.evaluator.tests.dll" id="84ff319b-7bca-d8ac-e034-82fd7a6f53fa">
      <Execution id="e4f85107-9a6f-4b1b-a30c-5e53393f99a9" />
      <TestMethod codeBase="/home/runner/work/Musoq/Musoq/Musoq.Evaluator.Tests/bin/Debug/net8.0/Musoq.Evaluator.Tests.dll" adapterTypeName="executor://mstestadapter/v2" className="Musoq.Evaluator.Tests.ComparisonTests" name="ArithmeticOpsLessEqualTest" />
    </UnitTest>
    <UnitTest name="CaseWhenWithNullTest" storage="/home/runner/work/musoq/musoq/musoq.evaluator.tests/bin/debug/net8.0/musoq.evaluator.tests.dll" id="3e329627-b39e-ed49-095b-d169fd764481">
      <Execution id="0dfc40d9-ce9c-4a9a-b595-2ad0548f1174" />
      <TestMethod codeBase="/home/runner/work/Musoq/Musoq/Musoq.Evaluator.Tests/bin/Debug/net8.0/Musoq.Evaluator.Tests.dll" adapterTypeName="executor://mstestadapter/v2" className="Musoq.Evaluator.Tests.SingleSchemaEvaluatorTests" name="CaseWhenWithNullTest" />
    </UnitTest>
    <UnitTest name="WhenNthElementLookedFor_ShouldSuccess" storage="/home/runner/work/musoq/musoq/musoq.evaluator.tests/bin/debug/net8.0/musoq.evaluator.tests.dll" id="10af9912-7a50-70e3-0386-5073441e8b0b">
      <Execution id="3439da9e-c6d5-4449-8835-5b82eb586152" />
      <TestMethod codeBase="/home/runner/work/Musoq/Musoq/Musoq.Evaluator.Tests/bin/Debug/net8.0/Musoq.Evaluator.Tests.dll" adapterTypeName="executor://mstestadapter/v2" className="Musoq.Evaluator.Tests.GenericTests" name="WhenNthElementLookedFor_ShouldSuccess" />
    </UnitTest>
    <UnitTest name="WhenDecimalUsed_ShouldHaveColumnOfThatType" storage="/home/runner/work/musoq/musoq/musoq.evaluator.tests/bin/debug/net8.0/musoq.evaluator.tests.dll" id="5297ff77-f27e-5e74-4ed7-a3a57eefe2fe">
      <Execution id="4da79e2b-3720-4938-989c-848391cc710a" />
      <TestMethod codeBase="/home/runner/work/Musoq/Musoq/Musoq.Evaluator.Tests/bin/Debug/net8.0/Musoq.Evaluator.Tests.dll" adapterTypeName="executor://mstestadapter/v2" className="Musoq.Evaluator.Tests.NumericLiteralTypesTests" name="WhenDecimalUsed_ShouldHaveColumnOfThatType" />
    </UnitTest>
    <UnitTest name="WhenInferredValueIsNull_ShouldUseDefaultValue" storage="/home/runner/work/musoq/musoq/musoq.evaluator.tests/bin/debug/net8.0/musoq.evaluator.tests.dll" id="1d2ab5f5-f9e0-6529-077c-e6409dc7078e">
      <Execution id="c2f86f41-dccc-4840-be97-56fca2147f13" />
      <TestMethod codeBase="/home/runner/work/Musoq/Musoq/Musoq.Evaluator.Tests/bin/Debug/net8.0/Musoq.Evaluator.Tests.dll" adapterTypeName="executor://mstestadapter/v2" className="Musoq.Evaluator.Tests.GenericTests" name="WhenInferredValueIsNull_ShouldUseDefaultValue" />
    </UnitTest>
    <UnitTest name="WhenDecimalAndIntUsed_ShouldHaveColumnOfThatType" storage="/home/runner/work/musoq/musoq/musoq.evaluator.tests/bin/debug/net8.0/musoq.evaluator.tests.dll" id="467824c7-6b3e-5e48-d0c9-29850f770254">
      <Execution id="dd17a75b-fed2-4214-8a77-b67a7baa9872" />
      <TestMethod codeBase="/home/runner/work/Musoq/Musoq/Musoq.Evaluator.Tests/bin/Debug/net8.0/Musoq.Evaluator.Tests.dll" adapterTypeName="executor://mstestadapter/v2" className="Musoq.Evaluator.Tests.ArithmeticForCrossTypesTests" name="WhenDecimalAndIntUsed_ShouldHaveColumnOfThatType" />
    </UnitTest>
    <UnitTest name="WhenBitwiseXorBetweenIntAndShort_ShouldBeEvaluated" storage="/home/runner/work/musoq/musoq/musoq.evaluator.tests/bin/debug/net8.0/musoq.evaluator.tests.dll" id="9046ce16-5286-5fde-7907-acb525fc62b4">
      <Execution id="20c7edd6-c0a3-40b2-a40e-3c0b92df8845" />
      <TestMethod codeBase="/home/runner/work/Musoq/Musoq/Musoq.Evaluator.Tests/bin/Debug/net8.0/Musoq.Evaluator.Tests.dll" adapterTypeName="executor://mstestadapter/v2" className="Musoq.Evaluator.Tests.BitwiseOperationsXorTests" name="WhenBitwiseXorBetweenIntAndShort_ShouldBeEvaluated" />
    </UnitTest>
    <UnitTest name="IfFunctionTrueTest" storage="/home/runner/work/musoq/musoq/musoq.evaluator.tests/bin/debug/net8.0/musoq.evaluator.tests.dll" id="2971295a-8854-d231-dc1f-097ec22af30a">
      <Execution id="feb75341-c479-4756-a8c6-5a6f4682550e" />
      <TestMethod codeBase="/home/runner/work/Musoq/Musoq/Musoq.Evaluator.Tests/bin/Debug/net8.0/Musoq.Evaluator.Tests.dll" adapterTypeName="executor://mstestadapter/v2" className="Musoq.Evaluator.Tests.LogicalFunctionsTests" name="IfFunctionTrueTest" />
    </UnitTest>
    <UnitTest name="WhenBitwiseXorBetweenShortAndInt_ShouldBeEvaluated" storage="/home/runner/work/musoq/musoq/musoq.evaluator.tests/bin/debug/net8.0/musoq.evaluator.tests.dll" id="def96d99-27dc-2d3c-0483-d73aae149798">
      <Execution id="f11ad75e-3cd6-47cf-a234-24262b807f26" />
      <TestMethod codeBase="/home/runner/work/Musoq/Musoq/Musoq.Evaluator.Tests/bin/Debug/net8.0/Musoq.Evaluator.Tests.dll" adapterTypeName="executor://mstestadapter/v2" className="Musoq.Evaluator.Tests.BitwiseOperationsXorTests" name="WhenBitwiseXorBetweenShortAndInt_ShouldBeEvaluated" />
    </UnitTest>
    <UnitTest name="ModuloExpressionWithMultiplicationTest" storage="/home/runner/work/musoq/musoq/musoq.evaluator.tests/bin/debug/net8.0/musoq.evaluator.tests.dll" id="9e55a40d-776d-7acd-3ddf-25223f95c0a5">
      <Execution id="e6dd15ac-e68f-4779-a26c-186249f34719" />
      <TestMethod codeBase="/home/runner/work/Musoq/Musoq/Musoq.Evaluator.Tests/bin/Debug/net8.0/Musoq.Evaluator.Tests.dll" adapterTypeName="executor://mstestadapter/v2" className="Musoq.Evaluator.Tests.ArithmeticTests" name="ModuloExpressionWithMultiplicationTest" />
    </UnitTest>
    <UnitTest name="WhenDecimalMethodCallAndIntUsed_ShouldHaveColumnOfThatType" storage="/home/runner/work/musoq/musoq/musoq.evaluator.tests/bin/debug/net8.0/musoq.evaluator.tests.dll" id="eb2824cd-cfeb-ed7a-62d3-d73f197af4ad">
      <Execution id="ff8d372f-16fa-41de-b1ba-0c5e582e3bc4" />
      <TestMethod codeBase="/home/runner/work/Musoq/Musoq/Musoq.Evaluator.Tests/bin/Debug/net8.0/Musoq.Evaluator.Tests.dll" adapterTypeName="executor://mstestadapter/v2" className="Musoq.Evaluator.Tests.ArithmeticForMethodCallAndTypeSpecificOperationTests" name="WhenDecimalMethodCallAndIntUsed_ShouldHaveColumnOfThatType" />
    </UnitTest>
    <UnitTest name="WhenOrderByDescAfterGroupByHaving_ShouldSucceed" storage="/home/runner/work/musoq/musoq/musoq.evaluator.tests/bin/debug/net8.0/musoq.evaluator.tests.dll" id="6d2e107d-9af7-13c4-2b07-722015a4128a">
      <Execution id="13a82a6c-1c33-4739-bfa1-7b2caf297b17" />
      <TestMethod codeBase="/home/runner/work/Musoq/Musoq/Musoq.Evaluator.Tests/bin/Debug/net8.0/Musoq.Evaluator.Tests.dll" adapterTypeName="executor://mstestadapter/v2" className="Musoq.Evaluator.Tests.OrderByTests" name="WhenOrderByDescAfterGroupByHaving_ShouldSucceed" />
    </UnitTest>
    <UnitTest name="WhenSkipFirstElement_ShouldReturnEverythingElse" storage="/home/runner/work/musoq/musoq/musoq.evaluator.tests/bin/debug/net8.0/musoq.evaluator.tests.dll" id="7dab56b6-2e0a-98ec-42e2-caa9db1cd529">
      <Execution id="aa5f48ae-1fef-44af-a74a-c856d5ed5c85" />
      <TestMethod codeBase="/home/runner/work/Musoq/Musoq/Musoq.Evaluator.Tests/bin/Debug/net8.0/Musoq.Evaluator.Tests.dll" adapterTypeName="executor://mstestadapter/v2" className="Musoq.Evaluator.Tests.GenericTests" name="WhenSkipFirstElement_ShouldReturnEverythingElse" />
    </UnitTest>
    <UnitTest name="WhenSpecialCharactersEscaped_ShouldBePresent" storage="/home/runner/work/musoq/musoq/musoq.evaluator.tests/bin/debug/net8.0/musoq.evaluator.tests.dll" id="1740f57d-f494-f5ef-b200-d7faa4530700">
      <Execution id="101c8bde-9738-4d42-b949-09ba0f1f8561" />
      <TestMethod codeBase="/home/runner/work/Musoq/Musoq/Musoq.Evaluator.Tests/bin/Debug/net8.0/Musoq.Evaluator.Tests.dll" adapterTypeName="executor://mstestadapter/v2" className="Musoq.Evaluator.Tests.EscapeTests" name="WhenSpecialCharactersEscaped_ShouldBePresent" />
    </UnitTest>
    <UnitTest name="WhenBitwiseOrBetweenUshortAndByte_ShouldBeEvaluated" storage="/home/runner/work/musoq/musoq/musoq.evaluator.tests/bin/debug/net8.0/musoq.evaluator.tests.dll" id="e7a5e7f6-b16f-eeb2-12b1-bb541a78ea9f">
      <Execution id="e81f7800-e5b9-422b-ab55-fa063e9ae1b8" />
      <TestMethod codeBase="/home/runner/work/Musoq/Musoq/Musoq.Evaluator.Tests/bin/Debug/net8.0/Musoq.Evaluator.Tests.dll" adapterTypeName="executor://mstestadapter/v2" className="Musoq.Evaluator.Tests.BitwiseOperationsOrTests" name="WhenBitwiseOrBetweenUshortAndByte_ShouldBeEvaluated" />
    </UnitTest>
    <UnitTest name="WhenBitwiseXorBetweenSbyteAndUshort_ShouldBeEvaluated" storage="/home/runner/work/musoq/musoq/musoq.evaluator.tests/bin/debug/net8.0/musoq.evaluator.tests.dll" id="4f516c81-6499-758e-1645-fd22a6ed282d">
      <Execution id="d27b593f-be70-4718-acd9-c37b6b6e17a8" />
      <TestMethod codeBase="/home/runner/work/Musoq/Musoq/Musoq.Evaluator.Tests/bin/Debug/net8.0/Musoq.Evaluator.Tests.dll" adapterTypeName="executor://mstestadapter/v2" className="Musoq.Evaluator.Tests.BitwiseOperationsXorTests" name="WhenBitwiseXorBetweenSbyteAndUshort_ShouldBeEvaluated" />
    </UnitTest>
    <UnitTest name="WhenSByteMethodCallAndByteUsed_ShouldHaveColumnOfThatType" storage="/home/runner/work/musoq/musoq/musoq.evaluator.tests/bin/debug/net8.0/musoq.evaluator.tests.dll" id="13cf340e-3c95-328f-64d2-d5bdf7e02445">
      <Execution id="8b3a4f03-a9c9-43ca-8ac0-1b057718d25f" />
      <TestMethod codeBase="/home/runner/work/Musoq/Musoq/Musoq.Evaluator.Tests/bin/Debug/net8.0/Musoq.Evaluator.Tests.dll" adapterTypeName="executor://mstestadapter/v2" className="Musoq.Evaluator.Tests.ArithmeticForMethodCallAndTypeSpecificOperationTests" name="WhenSByteMethodCallAndByteUsed_ShouldHaveColumnOfThatType" />
    </UnitTest>
    <UnitTest name="WhenValueOfByteTypeOccured_ShouldHaveColumnOfThatType" storage="/home/runner/work/musoq/musoq/musoq.evaluator.tests/bin/debug/net8.0/musoq.evaluator.tests.dll" id="b643e7d9-f9fb-f3cd-84e0-6feff5f71629">
      <Execution id="bf5f482c-64a2-48e5-b577-436660b69769" />
      <TestMethod codeBase="/home/runner/work/Musoq/Musoq/Musoq.Evaluator.Tests/bin/Debug/net8.0/Musoq.Evaluator.Tests.dll" adapterTypeName="executor://mstestadapter/v2" className="Musoq.Evaluator.Tests.PrimitiveTypesTests" name="WhenValueOfByteTypeOccured_ShouldHaveColumnOfThatType" />
    </UnitTest>
    <UnitTest name="WhenCteInheritsAliasedName_ShouldBeAccessibleByAliasedColumnNameAccessSyntaxWithAliasAndAlias" storage="/home/runner/work/musoq/musoq/musoq.evaluator.tests/bin/debug/net8.0/musoq.evaluator.tests.dll" id="3d539908-9346-7289-cda9-31964095f0cc">
      <Execution id="ecd011af-0d44-4139-adc0-0b26db8e236e" />
      <TestMethod codeBase="/home/runner/work/Musoq/Musoq/Musoq.Evaluator.Tests/bin/Debug/net8.0/Musoq.Evaluator.Tests.dll" adapterTypeName="executor://mstestadapter/v2" className="Musoq.Evaluator.Tests.AliasTests" name="WhenCteInheritsAliasedName_ShouldBeAccessibleByAliasedColumnNameAccessSyntaxWithAliasAndAlias" />
    </UnitTest>
    <UnitTest name="WhenSByteAndDoubleUsed_ShouldHaveColumnOfDoubleType" storage="/home/runner/work/musoq/musoq/musoq.evaluator.tests/bin/debug/net8.0/musoq.evaluator.tests.dll" id="ea4a9028-995a-d152-9866-185fb14554ad">
      <Execution id="d813a32a-9043-4774-ab44-0984d8e7a4bb" />
      <TestMethod codeBase="/home/runner/work/Musoq/Musoq/Musoq.Evaluator.Tests/bin/Debug/net8.0/Musoq.Evaluator.Tests.dll" adapterTypeName="executor://mstestadapter/v2" className="Musoq.Evaluator.Tests.ArithmeticForCrossTypesTests" name="WhenSByteAndDoubleUsed_ShouldHaveColumnOfDoubleType" />
    </UnitTest>
    <UnitTest name="WhenPassedEnvironmentVariables_ShouldListThemAll" storage="/home/runner/work/musoq/musoq/musoq.evaluator.tests/bin/debug/net8.0/musoq.evaluator.tests.dll" id="fdaeb775-bdac-5ec0-79b0-edcca60885bd">
      <Execution id="c2457b24-1e95-47ff-9775-732c831c8224" />
      <TestMethod codeBase="/home/runner/work/Musoq/Musoq/Musoq.Evaluator.Tests/bin/Debug/net8.0/Musoq.Evaluator.Tests.dll" adapterTypeName="executor://mstestadapter/v2" className="Musoq.Evaluator.Tests.EnvironmentVariablesTests" name="WhenPassedEnvironmentVariables_ShouldListThemAll" />
    </UnitTest>
    <UnitTest name="WhenBitwiseOrBetweenLongAndUShort_ShouldBeEvaluated" storage="/home/runner/work/musoq/musoq/musoq.evaluator.tests/bin/debug/net8.0/musoq.evaluator.tests.dll" id="9c13dc6a-f43a-05ee-a355-920f55fa8d79">
      <Execution id="eba082ef-9afc-452b-8146-7261f7e528fa" />
      <TestMethod codeBase="/home/runner/work/Musoq/Musoq/Musoq.Evaluator.Tests/bin/Debug/net8.0/Musoq.Evaluator.Tests.dll" adapterTypeName="executor://mstestadapter/v2" className="Musoq.Evaluator.Tests.BitwiseOperationsOrTests" name="WhenBitwiseOrBetweenLongAndUShort_ShouldBeEvaluated" />
    </UnitTest>
    <UnitTest name="WhenSpecialCharacterStartBracketUsedInTextWith_MustNotThrow (=)" storage="/home/runner/work/musoq/musoq/musoq.evaluator.tests/bin/debug/net8.0/musoq.evaluator.tests.dll" id="55d2b0f1-8585-24b3-1819-c26b8816a7a0">
      <Execution id="1ec61939-248f-49c8-97e3-9004f45c02b0" />
      <TestMethod codeBase="/home/runner/work/Musoq/Musoq/Musoq.Evaluator.Tests/bin/Debug/net8.0/Musoq.Evaluator.Tests.dll" adapterTypeName="executor://mstestadapter/v2" className="Musoq.Evaluator.Tests.StringsTests" name="WhenSpecialCharacterStartBracketUsedInTextWith_MustNotThrow" />
    </UnitTest>
    <UnitTest name="WhenContainsExpressionIsRewritten_ShouldPass" storage="/home/runner/work/musoq/musoq/musoq.evaluator.tests/bin/debug/net8.0/musoq.evaluator.tests.dll" id="2fc68954-3c78-190f-af53-d81c2f941c18">
      <Execution id="55ec1dd1-45a3-4054-a9e5-8c2d51b86bfc" />
      <TestMethod codeBase="/home/runner/work/Musoq/Musoq/Musoq.Evaluator.Tests/bin/Debug/net8.0/Musoq.Evaluator.Tests.dll" adapterTypeName="executor://mstestadapter/v2" className="Musoq.Evaluator.Tests.RewriteWhereExpressionToPassItToDataSourceTests" name="WhenContainsExpressionIsRewritten_ShouldPass" />
    </UnitTest>
    <UnitTest name="WhenLongAndUShortUsed_ShouldHaveColumnOfThatType" storage="/home/runner/work/musoq/musoq/musoq.evaluator.tests/bin/debug/net8.0/musoq.evaluator.tests.dll" id="1358f6dd-337f-a7e4-6d78-e9d4f0c2b364">
      <Execution id="80f79bd0-360f-4ed0-9950-ba37cbe79cf9" />
      <TestMethod codeBase="/home/runner/work/Musoq/Musoq/Musoq.Evaluator.Tests/bin/Debug/net8.0/Musoq.Evaluator.Tests.dll" adapterTypeName="executor://mstestadapter/v2" className="Musoq.Evaluator.Tests.ArithmeticForCrossTypesTests" name="WhenLongAndUShortUsed_ShouldHaveColumnOfThatType" />
    </UnitTest>
    <UnitTest name="GroupByForCountriesWideWindowTest" storage="/home/runner/work/musoq/musoq/musoq.evaluator.tests/bin/debug/net8.0/musoq.evaluator.tests.dll" id="772eac36-af29-004c-157b-2c15df66cba3">
      <Execution id="8c382259-be0f-4eca-a3b8-8975b6f970f0" />
      <TestMethod codeBase="/home/runner/work/Musoq/Musoq/Musoq.Evaluator.Tests/bin/Debug/net8.0/Musoq.Evaluator.Tests.dll" adapterTypeName="executor://mstestadapter/v2" className="Musoq.Evaluator.Tests.GroupByTests" name="GroupByForCountriesWideWindowTest" />
    </UnitTest>
    <UnitTest name="UnionMultipleTimesSameSourceTest" storage="/home/runner/work/musoq/musoq/musoq.evaluator.tests/bin/debug/net8.0/musoq.evaluator.tests.dll" id="ba8e83da-2238-4d18-eb82-151b83dce99c">
      <Execution id="edb64b48-741b-46d4-80bb-12b5441e1902" />
      <TestMethod codeBase="/home/runner/work/Musoq/Musoq/Musoq.Evaluator.Tests/bin/Debug/net8.0/Musoq.Evaluator.Tests.dll" adapterTypeName="executor://mstestadapter/v2" className="Musoq.Evaluator.Tests.SetsOperatorsTests" name="UnionMultipleTimesSameSourceTest" />
    </UnitTest>
    <UnitTest name="WhenValueOfUintTypeOccured_ShouldHaveColumnOfThatType" storage="/home/runner/work/musoq/musoq/musoq.evaluator.tests/bin/debug/net8.0/musoq.evaluator.tests.dll" id="28f651e2-bf5f-dc31-6938-f25de528c477">
      <Execution id="56ce2119-5e09-49d3-907d-4e02249a4163" />
      <TestMethod codeBase="/home/runner/work/Musoq/Musoq/Musoq.Evaluator.Tests/bin/Debug/net8.0/Musoq.Evaluator.Tests.dll" adapterTypeName="executor://mstestadapter/v2" className="Musoq.Evaluator.Tests.PrimitiveTypesTests" name="WhenValueOfUintTypeOccured_ShouldHaveColumnOfThatType" />
    </UnitTest>
    <UnitTest name="WhenBitwiseShiftRightSByte_ShouldBeEvaluated" storage="/home/runner/work/musoq/musoq/musoq.evaluator.tests/bin/debug/net8.0/musoq.evaluator.tests.dll" id="fdbd9cf7-3fc8-b712-6bc7-3ff7ec7e69d3">
      <Execution id="2eb2e807-ef73-4f03-9086-94bcdfbf9b78" />
      <TestMethod codeBase="/home/runner/work/Musoq/Musoq/Musoq.Evaluator.Tests/bin/Debug/net8.0/Musoq.Evaluator.Tests.dll" adapterTypeName="executor://mstestadapter/v2" className="Musoq.Evaluator.Tests.BitwiseShiftRightTests" name="WhenBitwiseShiftRightSByte_ShouldBeEvaluated" />
    </UnitTest>
    <UnitTest name="OuterApply_NoMatches_ShouldPass" storage="/home/runner/work/musoq/musoq/musoq.evaluator.tests/bin/debug/net8.0/musoq.evaluator.tests.dll" id="992440c1-79e1-ca0f-462c-d4323982bd9e">
      <Execution id="12a8741f-fbbf-486e-8fea-08d4ebbe5d4a" />
      <TestMethod codeBase="/home/runner/work/Musoq/Musoq/Musoq.Evaluator.Tests/bin/Debug/net8.0/Musoq.Evaluator.Tests.dll" adapterTypeName="executor://mstestadapter/v2" className="Musoq.Evaluator.Tests.OuterApplyTests" name="OuterApply_NoMatches_ShouldPass" />
    </UnitTest>
    <UnitTest name="WhenBitwiseAndBetweenByteAndByte_ShouldBeEvaluated" storage="/home/runner/work/musoq/musoq/musoq.evaluator.tests/bin/debug/net8.0/musoq.evaluator.tests.dll" id="303cbcb0-e671-ae1c-b7fa-7acbc091dec0">
      <Execution id="e10cc629-33b6-4f3a-843e-fa168d5a284a" />
      <TestMethod codeBase="/home/runner/work/Musoq/Musoq/Musoq.Evaluator.Tests/bin/Debug/net8.0/Musoq.Evaluator.Tests.dll" adapterTypeName="executor://mstestadapter/v2" className="Musoq.Evaluator.Tests.BitwiseOperationsAndTests" name="WhenBitwiseAndBetweenByteAndByte_ShouldBeEvaluated" />
    </UnitTest>
    <UnitTest name="WhenToStringCalled_ShouldReturnSameQuery (select s.Column1, s.Column2 from #some.thing() s where s.Column2 like 'A%' order by s.Column1 skip 4 take 8)" storage="/home/runner/work/musoq/musoq/musoq.evaluator.tests/bin/debug/net8.0/musoq.evaluator.tests.dll" id="adac9c0e-c750-4957-25fa-4e1bb117aafc">
      <Execution id="f9fbc05d-258d-4971-9f53-197b2b3ac27b" />
      <TestMethod codeBase="/home/runner/work/Musoq/Musoq/Musoq.Evaluator.Tests/bin/Debug/net8.0/Musoq.Evaluator.Tests.dll" adapterTypeName="executor://mstestadapter/v2" className="Musoq.Evaluator.Tests.StringifyTests" name="WhenToStringCalled_ShouldReturnSameQuery" />
    </UnitTest>
    <UnitTest name="WhenBitwiseOrBetweenLongAndSByte_ShouldBeEvaluated" storage="/home/runner/work/musoq/musoq/musoq.evaluator.tests/bin/debug/net8.0/musoq.evaluator.tests.dll" id="d704d95b-e889-99fa-d00c-e4dface0cdbd">
      <Execution id="733ecff4-53d3-46dc-a139-8999cb0107e1" />
      <TestMethod codeBase="/home/runner/work/Musoq/Musoq/Musoq.Evaluator.Tests/bin/Debug/net8.0/Musoq.Evaluator.Tests.dll" adapterTypeName="executor://mstestadapter/v2" className="Musoq.Evaluator.Tests.BitwiseOperationsOrTests" name="WhenBitwiseOrBetweenLongAndSByte_ShouldBeEvaluated" />
    </UnitTest>
    <UnitTest name="WhenNegativeSByteUsed_ShouldHaveColumnOfThatType" storage="/home/runner/work/musoq/musoq/musoq.evaluator.tests/bin/debug/net8.0/musoq.evaluator.tests.dll" id="05ca24b0-f859-2170-e2e2-90809c37264d">
      <Execution id="e41fd77f-e25b-4dc1-b8d8-66ef3008c8df" />
      <TestMethod codeBase="/home/runner/work/Musoq/Musoq/Musoq.Evaluator.Tests/bin/Debug/net8.0/Musoq.Evaluator.Tests.dll" adapterTypeName="executor://mstestadapter/v2" className="Musoq.Evaluator.Tests.NumericLiteralTypesTests" name="WhenNegativeSByteUsed_ShouldHaveColumnOfThatType" />
    </UnitTest>
    <UnitTest name="SimpleTakeAboveTableAmountTest" storage="/home/runner/work/musoq/musoq/musoq.evaluator.tests/bin/debug/net8.0/musoq.evaluator.tests.dll" id="a85c8fea-7603-ddca-4e2f-d937dfec86cf">
      <Execution id="cea16d11-9b29-4460-ae6b-8165ff4745eb" />
      <TestMethod codeBase="/home/runner/work/Musoq/Musoq/Musoq.Evaluator.Tests/bin/Debug/net8.0/Musoq.Evaluator.Tests.dll" adapterTypeName="executor://mstestadapter/v2" className="Musoq.Evaluator.Tests.SingleSchemaEvaluatorTests" name="SimpleTakeAboveTableAmountTest" />
    </UnitTest>
    <UnitTest name="WhenApplyChainedProperty_WithPrimitiveList_ShouldPass" storage="/home/runner/work/musoq/musoq/musoq.evaluator.tests/bin/debug/net8.0/musoq.evaluator.tests.dll" id="7328898a-819d-b6a4-ce96-8f1dc0a2b2e5">
      <Execution id="75d8e595-d645-483d-bf05-1b12c8a3da7b" />
      <TestMethod codeBase="/home/runner/work/Musoq/Musoq/Musoq.Evaluator.Tests/bin/Debug/net8.0/Musoq.Evaluator.Tests.dll" adapterTypeName="executor://mstestadapter/v2" className="Musoq.Evaluator.Tests.OuterApplySelfPropertyTests" name="WhenApplyChainedProperty_WithPrimitiveList_ShouldPass" />
    </UnitTest>
    <UnitTest name="WhenDataSourceIsBasedOnAnotherDataSource_ShouldPass" storage="/home/runner/work/musoq/musoq/musoq.evaluator.tests/bin/debug/net8.0/musoq.evaluator.tests.dll" id="440ee80e-9ae6-8d4c-f055-5a81cc93498d">
      <Execution id="81447f45-11cf-463c-b652-3d063dcbc2a9" />
      <TestMethod codeBase="/home/runner/work/Musoq/Musoq/Musoq.Evaluator.Tests/bin/Debug/net8.0/Musoq.Evaluator.Tests.dll" adapterTypeName="executor://mstestadapter/v2" className="Musoq.Evaluator.Tests.CouplingSyntaxTests" name="WhenDataSourceIsBasedOnAnotherDataSource_ShouldPass" />
    </UnitTest>
    <UnitTest name="WhenSpecialCharacterStartBracketUsedInTextWith_MustNotThrow (&gt;)" storage="/home/runner/work/musoq/musoq/musoq.evaluator.tests/bin/debug/net8.0/musoq.evaluator.tests.dll" id="514446c5-c0a5-a3f9-d3bc-cb6cb0c7e536">
      <Execution id="e0ed4edd-305b-48f8-8edc-2b68b2b16da6" />
      <TestMethod codeBase="/home/runner/work/Musoq/Musoq/Musoq.Evaluator.Tests/bin/Debug/net8.0/Musoq.Evaluator.Tests.dll" adapterTypeName="executor://mstestadapter/v2" className="Musoq.Evaluator.Tests.StringsTests" name="WhenSpecialCharacterStartBracketUsedInTextWith_MustNotThrow" />
    </UnitTest>
    <UnitTest name="WhenNegativeIntUsed_ShouldHaveColumnOfThatType" storage="/home/runner/work/musoq/musoq/musoq.evaluator.tests/bin/debug/net8.0/musoq.evaluator.tests.dll" id="fa177119-2489-71ed-b1fd-569fce172735">
      <Execution id="07c12b2d-eb16-4d5a-a936-1c169cfcdd92" />
      <TestMethod codeBase="/home/runner/work/Musoq/Musoq/Musoq.Evaluator.Tests/bin/Debug/net8.0/Musoq.Evaluator.Tests.dll" adapterTypeName="executor://mstestadapter/v2" className="Musoq.Evaluator.Tests.NumericLiteralTypesTests" name="WhenNegativeIntUsed_ShouldHaveColumnOfThatType" />
    </UnitTest>
    <UnitTest name="WithDynamicSource_IncrementAccessedProperty_ShouldPass" storage="/home/runner/work/musoq/musoq/musoq.evaluator.tests/bin/debug/net8.0/musoq.evaluator.tests.dll" id="9f0f79cd-9f3f-2536-d154-ee831fe3e8cd">
      <Execution id="b6d6db5d-ebb1-432b-89a2-2e86f74ab432" />
      <TestMethod codeBase="/home/runner/work/Musoq/Musoq/Musoq.Evaluator.Tests/bin/Debug/net8.0/Musoq.Evaluator.Tests.dll" adapterTypeName="executor://mstestadapter/v2" className="Musoq.Evaluator.Tests.DynamicSourceQueryTests" name="WithDynamicSource_IncrementAccessedProperty_ShouldPass" />
    </UnitTest>
    <UnitTest name="OuterApplyProperty_MultipleSplitWords_ShouldPass" storage="/home/runner/work/musoq/musoq/musoq.evaluator.tests/bin/debug/net8.0/musoq.evaluator.tests.dll" id="076000f4-4808-4633-4439-5eee4fce1c70">
      <Execution id="86338075-3bc8-49a8-90c4-a51312f9e812" />
      <TestMethod codeBase="/home/runner/work/Musoq/Musoq/Musoq.Evaluator.Tests/bin/Debug/net8.0/Musoq.Evaluator.Tests.dll" adapterTypeName="executor://mstestadapter/v2" className="Musoq.Evaluator.Tests.OuterApplyMethodCallTests" name="OuterApplyProperty_MultipleSplitWords_ShouldPass" />
    </UnitTest>
    <UnitTest name="WhenGroupByAndOrderByUsed_ShouldPass" storage="/home/runner/work/musoq/musoq/musoq.evaluator.tests/bin/debug/net8.0/musoq.evaluator.tests.dll" id="3d1916fe-8706-98cc-3173-a028e3f2388e">
      <Execution id="eca4ebbf-1b67-4fce-815a-8aeed4446992" />
      <TestMethod codeBase="/home/runner/work/Musoq/Musoq/Musoq.Evaluator.Tests/bin/Debug/net8.0/Musoq.Evaluator.Tests.dll" adapterTypeName="executor://mstestadapter/v2" className="Musoq.Evaluator.Tests.UsedColumnsTests" name="WhenGroupByAndOrderByUsed_ShouldPass" />
    </UnitTest>
    <UnitTest name="WhenBitwiseXorBetweenShortAndLong_ShouldBeEvaluated" storage="/home/runner/work/musoq/musoq/musoq.evaluator.tests/bin/debug/net8.0/musoq.evaluator.tests.dll" id="4424486d-15c2-822f-095f-7c3fb8da0ed1">
      <Execution id="c8d9bad9-5f47-484e-8329-3f0c1b5896dc" />
      <TestMethod codeBase="/home/runner/work/Musoq/Musoq/Musoq.Evaluator.Tests/bin/Debug/net8.0/Musoq.Evaluator.Tests.dll" adapterTypeName="executor://mstestadapter/v2" className="Musoq.Evaluator.Tests.BitwiseOperationsXorTests" name="WhenBitwiseXorBetweenShortAndLong_ShouldBeEvaluated" />
    </UnitTest>
    <UnitTest name="WhenIntMethodCallAndLongUsed_ShouldHaveColumnOfThatType" storage="/home/runner/work/musoq/musoq/musoq.evaluator.tests/bin/debug/net8.0/musoq.evaluator.tests.dll" id="187269aa-4abd-ebc0-3af2-7fd323d8e3c3">
      <Execution id="d5cf3123-3f8e-4c60-b88e-006d5a9ec00d" />
      <TestMethod codeBase="/home/runner/work/Musoq/Musoq/Musoq.Evaluator.Tests/bin/Debug/net8.0/Musoq.Evaluator.Tests.dll" adapterTypeName="executor://mstestadapter/v2" className="Musoq.Evaluator.Tests.ArithmeticForMethodCallAndTypeSpecificOperationTests" name="WhenIntMethodCallAndLongUsed_ShouldHaveColumnOfThatType" />
    </UnitTest>
    <UnitTest name="WhenBitwiseAndBetweenShortAndByte_ShouldBeEvaluated" storage="/home/runner/work/musoq/musoq/musoq.evaluator.tests/bin/debug/net8.0/musoq.evaluator.tests.dll" id="b1636c27-b271-2670-9f90-e162ef43624d">
      <Execution id="8819ee29-a2f4-4f01-a673-a04089477b45" />
      <TestMethod codeBase="/home/runner/work/Musoq/Musoq/Musoq.Evaluator.Tests/bin/Debug/net8.0/Musoq.Evaluator.Tests.dll" adapterTypeName="executor://mstestadapter/v2" className="Musoq.Evaluator.Tests.BitwiseOperationsAndTests" name="WhenBitwiseAndBetweenShortAndByte_ShouldBeEvaluated" />
    </UnitTest>
    <UnitTest name="WhenShortAndDoubleUsed_ShouldHaveColumnOfThatType" storage="/home/runner/work/musoq/musoq/musoq.evaluator.tests/bin/debug/net8.0/musoq.evaluator.tests.dll" id="bb951186-91b0-db48-2624-35d6f24c35e7">
      <Execution id="2e9d34d7-5b88-47d1-b5a1-e56f60bf543a" />
      <TestMethod codeBase="/home/runner/work/Musoq/Musoq/Musoq.Evaluator.Tests/bin/Debug/net8.0/Musoq.Evaluator.Tests.dll" adapterTypeName="executor://mstestadapter/v2" className="Musoq.Evaluator.Tests.ArithmeticForCrossTypesTests" name="WhenShortAndDoubleUsed_ShouldHaveColumnOfThatType" />
    </UnitTest>
    <UnitTest name="WhenBitwiseShiftLeft_uint_ShouldBeEvaluated" storage="/home/runner/work/musoq/musoq/musoq.evaluator.tests/bin/debug/net8.0/musoq.evaluator.tests.dll" id="f55056ec-3aa7-05a7-707c-3ad6efc505c4">
      <Execution id="9df45841-4cb9-42fd-854d-87e22e492eb0" />
      <TestMethod codeBase="/home/runner/work/Musoq/Musoq/Musoq.Evaluator.Tests/bin/Debug/net8.0/Musoq.Evaluator.Tests.dll" adapterTypeName="executor://mstestadapter/v2" className="Musoq.Evaluator.Tests.BitwiseShiftLeftTests" name="WhenBitwiseShiftLeft_uint_ShouldBeEvaluated" />
    </UnitTest>
    <UnitTest name="QueryWithToDateTimeAndTimeSpanAdditionTest" storage="/home/runner/work/musoq/musoq/musoq.evaluator.tests/bin/debug/net8.0/musoq.evaluator.tests.dll" id="2c85a1da-6a36-18f3-6499-d4f29f2a1a4e">
      <Execution id="b4744c41-5f2b-45aa-87a8-0763472748e0" />
      <TestMethod codeBase="/home/runner/work/Musoq/Musoq/Musoq.Evaluator.Tests/bin/Debug/net8.0/Musoq.Evaluator.Tests.dll" adapterTypeName="executor://mstestadapter/v2" className="Musoq.Evaluator.Tests.SingleSchemaEvaluatorTests" name="QueryWithToDateTimeAndTimeSpanAdditionTest" />
    </UnitTest>
    <UnitTest name="WhenLargeNegativeDecimalWithDotUsed_ShouldHaveColumnOfThatType" storage="/home/runner/work/musoq/musoq/musoq.evaluator.tests/bin/debug/net8.0/musoq.evaluator.tests.dll" id="e82f8af9-d0a1-2c2c-06f5-78827d291bdb">
      <Execution id="82f0d936-04eb-43fc-b785-53b938d8e976" />
      <TestMethod codeBase="/home/runner/work/Musoq/Musoq/Musoq.Evaluator.Tests/bin/Debug/net8.0/Musoq.Evaluator.Tests.dll" adapterTypeName="executor://mstestadapter/v2" className="Musoq.Evaluator.Tests.NumericLiteralTypesTests" name="WhenLargeNegativeDecimalWithDotUsed_ShouldHaveColumnOfThatType" />
    </UnitTest>
    <UnitTest name="ModuloExpressionWithAdditionTest" storage="/home/runner/work/musoq/musoq/musoq.evaluator.tests/bin/debug/net8.0/musoq.evaluator.tests.dll" id="a1e5de6c-0bef-dc6d-56c7-f9f48f119852">
      <Execution id="730577b5-a601-419c-8800-7da452f4a553" />
      <TestMethod codeBase="/home/runner/work/Musoq/Musoq/Musoq.Evaluator.Tests/bin/Debug/net8.0/Musoq.Evaluator.Tests.dll" adapterTypeName="executor://mstestadapter/v2" className="Musoq.Evaluator.Tests.ArithmeticTests" name="ModuloExpressionWithAdditionTest" />
    </UnitTest>
    <UnitTest name="WhenToStringCalled_ShouldReturnSameQuery (select s.Column1, s.Column2 from #some.thing() s where s.Column2 like '%test%' group by s.Column1 skip 3)" storage="/home/runner/work/musoq/musoq/musoq.evaluator.tests/bin/debug/net8.0/musoq.evaluator.tests.dll" id="8459b930-7b36-38ba-dd05-05dfe7f5b503">
      <Execution id="bc483fbd-9dfb-4164-802c-4ffd8280be30" />
      <TestMethod codeBase="/home/runner/work/Musoq/Musoq/Musoq.Evaluator.Tests/bin/Debug/net8.0/Musoq.Evaluator.Tests.dll" adapterTypeName="executor://mstestadapter/v2" className="Musoq.Evaluator.Tests.StringifyTests" name="WhenToStringCalled_ShouldReturnSameQuery" />
    </UnitTest>
    <UnitTest name="WhenByteAndFloatUsed_ShouldHaveColumnOfThatType" storage="/home/runner/work/musoq/musoq/musoq.evaluator.tests/bin/debug/net8.0/musoq.evaluator.tests.dll" id="864b08db-440b-c630-bd28-c9e88a9d56ba">
      <Execution id="f79e3816-908e-44bb-872a-173681d216c6" />
      <TestMethod codeBase="/home/runner/work/Musoq/Musoq/Musoq.Evaluator.Tests/bin/Debug/net8.0/Musoq.Evaluator.Tests.dll" adapterTypeName="executor://mstestadapter/v2" className="Musoq.Evaluator.Tests.ArithmeticForCrossTypesTests" name="WhenByteAndFloatUsed_ShouldHaveColumnOfThatType" />
    </UnitTest>
    <UnitTest name="UnionAllQueryCancellation" storage="/home/runner/work/musoq/musoq/musoq.evaluator.tests/bin/debug/net8.0/musoq.evaluator.tests.dll" id="91f5f340-0c47-8c6a-373e-5c912ab7bf0f">
      <Execution id="77425eaf-7354-416e-bff5-9b1be3eac8ee" />
      <TestMethod codeBase="/home/runner/work/Musoq/Musoq/Musoq.Evaluator.Tests/bin/Debug/net8.0/Musoq.Evaluator.Tests.dll" adapterTypeName="executor://mstestadapter/v2" className="Musoq.Evaluator.Tests.CancellationTests" name="UnionAllQueryCancellation" />
    </UnitTest>
    <UnitTest name="WhenUShortMethodCallAndUIntUsed_ShouldHaveColumnOfThatType" storage="/home/runner/work/musoq/musoq/musoq.evaluator.tests/bin/debug/net8.0/musoq.evaluator.tests.dll" id="42d3737a-bd4c-74a4-9367-57c4a6dbcd8c">
      <Execution id="661416cd-b47b-420d-86e3-e72738038aa8" />
      <TestMethod codeBase="/home/runner/work/Musoq/Musoq/Musoq.Evaluator.Tests/bin/Debug/net8.0/Musoq.Evaluator.Tests.dll" adapterTypeName="executor://mstestadapter/v2" className="Musoq.Evaluator.Tests.ArithmeticForMethodCallAndTypeSpecificOperationTests" name="WhenUShortMethodCallAndUIntUsed_ShouldHaveColumnOfThatType" />
    </UnitTest>
    <UnitTest name="WhenToStringCalled_ShouldReturnSameQuery (select b.* from #some.thing() a cross apply #some.thing() b)" storage="/home/runner/work/musoq/musoq/musoq.evaluator.tests/bin/debug/net8.0/musoq.evaluator.tests.dll" id="415c0c70-de39-54ae-7c18-80ac45f95757">
      <Execution id="cbf6f477-3fbd-4e1f-9f1d-871de1107b23" />
      <TestMethod codeBase="/home/runner/work/Musoq/Musoq/Musoq.Evaluator.Tests/bin/Debug/net8.0/Musoq.Evaluator.Tests.dll" adapterTypeName="executor://mstestadapter/v2" className="Musoq.Evaluator.Tests.StringifyTests" name="WhenToStringCalled_ShouldReturnSameQuery" />
    </UnitTest>
    <UnitTest name="WhenULongMethodCallAndUShortUsed_ShouldHaveColumnOfThatType" storage="/home/runner/work/musoq/musoq/musoq.evaluator.tests/bin/debug/net8.0/musoq.evaluator.tests.dll" id="13527855-a58b-4faf-96e8-f3534637aff4">
      <Execution id="c2f55e22-e9e7-458a-9c92-cb47d205885d" />
      <TestMethod codeBase="/home/runner/work/Musoq/Musoq/Musoq.Evaluator.Tests/bin/Debug/net8.0/Musoq.Evaluator.Tests.dll" adapterTypeName="executor://mstestadapter/v2" className="Musoq.Evaluator.Tests.ArithmeticForMethodCallAndTypeSpecificOperationTests" name="WhenULongMethodCallAndUShortUsed_ShouldHaveColumnOfThatType" />
    </UnitTest>
    <UnitTest name="WhenLargeNegativeDecimalUsed_ShouldHaveColumnOfThatType" storage="/home/runner/work/musoq/musoq/musoq.evaluator.tests/bin/debug/net8.0/musoq.evaluator.tests.dll" id="49b1ede8-11f8-66c1-4b2f-2885edeeac7c">
      <Execution id="617759ce-6238-4774-b870-6f774d86d2ca" />
      <TestMethod codeBase="/home/runner/work/Musoq/Musoq/Musoq.Evaluator.Tests/bin/Debug/net8.0/Musoq.Evaluator.Tests.dll" adapterTypeName="executor://mstestadapter/v2" className="Musoq.Evaluator.Tests.NumericLiteralTypesTests" name="WhenLargeNegativeDecimalUsed_ShouldHaveColumnOfThatType" />
    </UnitTest>
    <UnitTest name="WhenByteMethodCallAndLongUsed_ShouldHaveColumnOfThatType" storage="/home/runner/work/musoq/musoq/musoq.evaluator.tests/bin/debug/net8.0/musoq.evaluator.tests.dll" id="67fb22f6-2984-8e33-aed4-ac6e8abab0c1">
      <Execution id="478874e8-2d73-417a-8e2d-b12eead04a07" />
      <TestMethod codeBase="/home/runner/work/Musoq/Musoq/Musoq.Evaluator.Tests/bin/Debug/net8.0/Musoq.Evaluator.Tests.dll" adapterTypeName="executor://mstestadapter/v2" className="Musoq.Evaluator.Tests.ArithmeticForMethodCallAndTypeSpecificOperationTests" name="WhenByteMethodCallAndLongUsed_ShouldHaveColumnOfThatType" />
    </UnitTest>
    <UnitTest name="WhenSchemaMethodCrossAppliedSelfProperty_UsesCte_ShouldPass" storage="/home/runner/work/musoq/musoq/musoq.evaluator.tests/bin/debug/net8.0/musoq.evaluator.tests.dll" id="c14b31b7-f86e-286a-a616-0005af37b957">
      <Execution id="6d0a0e94-488f-4273-8b9d-223889ba606b" />
      <TestMethod codeBase="/home/runner/work/Musoq/Musoq/Musoq.Evaluator.Tests/bin/Debug/net8.0/Musoq.Evaluator.Tests.dll" adapterTypeName="executor://mstestadapter/v2" className="Musoq.Evaluator.Tests.CrossApplyCteTests" name="WhenSchemaMethodCrossAppliedSelfProperty_UsesCte_ShouldPass" />
    </UnitTest>
    <UnitTest name="IsNotNullValueTypeTest" storage="/home/runner/work/musoq/musoq/musoq.evaluator.tests/bin/debug/net8.0/musoq.evaluator.tests.dll" id="5eb10d7e-ab72-0711-d349-6cef59459562">
      <Execution id="e882beb6-6ce0-463b-9836-d1bc007ca89c" />
      <TestMethod codeBase="/home/runner/work/Musoq/Musoq/Musoq.Evaluator.Tests/bin/Debug/net8.0/Musoq.Evaluator.Tests.dll" adapterTypeName="executor://mstestadapter/v2" className="Musoq.Evaluator.Tests.NullabilityTests" name="IsNotNullValueTypeTest" />
    </UnitTest>
    <UnitTest name="WhenToStringCalled_ShouldReturnSameQuery (select 1 as X, 2 as Y, 3 as Z from #A.entities())" storage="/home/runner/work/musoq/musoq/musoq.evaluator.tests/bin/debug/net8.0/musoq.evaluator.tests.dll" id="018b0f06-34c1-6ce0-03d9-93500d8c90ba">
      <Execution id="6addf583-e665-4b8e-a39b-bb7dd5bef4af" />
      <TestMethod codeBase="/home/runner/work/Musoq/Musoq/Musoq.Evaluator.Tests/bin/Debug/net8.0/Musoq.Evaluator.Tests.dll" adapterTypeName="executor://mstestadapter/v2" className="Musoq.Evaluator.Tests.StringifyTests" name="WhenToStringCalled_ShouldReturnSameQuery" />
    </UnitTest>
    <UnitTest name="WhenBitwiseXorBetweenSbyteAndShort_ShouldBeEvaluated" storage="/home/runner/work/musoq/musoq/musoq.evaluator.tests/bin/debug/net8.0/musoq.evaluator.tests.dll" id="4e117b62-bbf7-99ef-2d30-1c45210dfb5e">
      <Execution id="0955bee0-4cd6-42c3-a210-5f7c0f3713ad" />
      <TestMethod codeBase="/home/runner/work/Musoq/Musoq/Musoq.Evaluator.Tests/bin/Debug/net8.0/Musoq.Evaluator.Tests.dll" adapterTypeName="executor://mstestadapter/v2" className="Musoq.Evaluator.Tests.BitwiseOperationsXorTests" name="WhenBitwiseXorBetweenSbyteAndShort_ShouldBeEvaluated" />
    </UnitTest>
    <UnitTest name="WhenSpecialCharacterStartBracketUsedInTextWith_MustNotThrow (/)" storage="/home/runner/work/musoq/musoq/musoq.evaluator.tests/bin/debug/net8.0/musoq.evaluator.tests.dll" id="ef4b4af2-1d1a-e409-80ff-af81fb09ebb0">
      <Execution id="59ced8aa-b64f-4e56-9a79-893257861f59" />
      <TestMethod codeBase="/home/runner/work/Musoq/Musoq/Musoq.Evaluator.Tests/bin/Debug/net8.0/Musoq.Evaluator.Tests.dll" adapterTypeName="executor://mstestadapter/v2" className="Musoq.Evaluator.Tests.StringsTests" name="WhenSpecialCharacterStartBracketUsedInTextWith_MustNotThrow" />
    </UnitTest>
    <UnitTest name="ExceptMultipleSourcesTest" storage="/home/runner/work/musoq/musoq/musoq.evaluator.tests/bin/debug/net8.0/musoq.evaluator.tests.dll" id="0d5e1921-be88-d5dd-fcb0-a277ad724873">
      <Execution id="73736d6a-3bfb-49c9-aa66-a5e0c73d1d22" />
      <TestMethod codeBase="/home/runner/work/Musoq/Musoq/Musoq.Evaluator.Tests/bin/Debug/net8.0/Musoq.Evaluator.Tests.dll" adapterTypeName="executor://mstestadapter/v2" className="Musoq.Evaluator.Tests.SetsOperatorsTests" name="ExceptMultipleSourcesTest" />
    </UnitTest>
    <UnitTest name="WhenUnionAllDoesNotHaveAKey_ShouldFail" storage="/home/runner/work/musoq/musoq/musoq.evaluator.tests/bin/debug/net8.0/musoq.evaluator.tests.dll" id="d77e9c4e-e133-6a08-45d5-6eb63b851cb3">
      <Execution id="7620d217-ea8e-4a08-affb-25189beadbc3" />
      <TestMethod codeBase="/home/runner/work/Musoq/Musoq/Musoq.Evaluator.Tests/bin/Debug/net8.0/Musoq.Evaluator.Tests.dll" adapterTypeName="executor://mstestadapter/v2" className="Musoq.Evaluator.Tests.SetsOperatorsTests" name="WhenUnionAllDoesNotHaveAKey_ShouldFail" />
    </UnitTest>
    <UnitTest name="EmptyStringTest" storage="/home/runner/work/musoq/musoq/musoq.evaluator.tests/bin/debug/net8.0/musoq.evaluator.tests.dll" id="ab770ced-71b3-9ffe-750a-0d2a4a71695d">
      <Execution id="3489cbaf-781c-4df9-a1eb-5553bedae3ad" />
      <TestMethod codeBase="/home/runner/work/Musoq/Musoq/Musoq.Evaluator.Tests/bin/Debug/net8.0/Musoq.Evaluator.Tests.dll" adapterTypeName="executor://mstestadapter/v2" className="Musoq.Evaluator.Tests.SingleSchemaEvaluatorTests" name="EmptyStringTest" />
    </UnitTest>
    <UnitTest name="CallWithPrimitiveArgumentsTest" storage="/home/runner/work/musoq/musoq/musoq.evaluator.tests/bin/debug/net8.0/musoq.evaluator.tests.dll" id="9b8d4734-e8da-8613-4029-cfbebaf7179d">
      <Execution id="1c16b938-85ea-4c35-96c6-a28464b97c7f" />
      <TestMethod codeBase="/home/runner/work/Musoq/Musoq/Musoq.Evaluator.Tests/bin/Debug/net8.0/Musoq.Evaluator.Tests.dll" adapterTypeName="executor://mstestadapter/v2" className="Musoq.Evaluator.Tests.PassPrimitiveTypesTests" name="CallWithPrimitiveArgumentsTest" />
    </UnitTest>
    <UnitTest name="CrossApplyProperty_WithPrimitiveArray_ShouldPass" storage="/home/runner/work/musoq/musoq/musoq.evaluator.tests/bin/debug/net8.0/musoq.evaluator.tests.dll" id="b050d760-b1ca-fbd3-f229-9511e1bc0efd">
      <Execution id="80b51540-1f20-4aa0-a027-9496c80b0775" />
      <TestMethod codeBase="/home/runner/work/Musoq/Musoq/Musoq.Evaluator.Tests/bin/Debug/net8.0/Musoq.Evaluator.Tests.dll" adapterTypeName="executor://mstestadapter/v2" className="Musoq.Evaluator.Tests.CrossApplySelfPropertyTests" name="CrossApplyProperty_WithPrimitiveArray_ShouldPass" />
    </UnitTest>
    <UnitTest name="CrossApplyProperty_GroupBy_ShouldPass" storage="/home/runner/work/musoq/musoq/musoq.evaluator.tests/bin/debug/net8.0/musoq.evaluator.tests.dll" id="f52e03e4-3ece-7f67-08db-ae6fb0f9b61e">
      <Execution id="4dcee8cf-069e-4c29-b62f-bc7e18c19990" />
      <TestMethod codeBase="/home/runner/work/Musoq/Musoq/Musoq.Evaluator.Tests/bin/Debug/net8.0/Musoq.Evaluator.Tests.dll" adapterTypeName="executor://mstestadapter/v2" className="Musoq.Evaluator.Tests.CrossApplyMethodCallTests" name="CrossApplyProperty_GroupBy_ShouldPass" />
    </UnitTest>
    <UnitTest name="WhenUIntMethodCallAndIntUsed_ShouldHaveColumnOfThatType" storage="/home/runner/work/musoq/musoq/musoq.evaluator.tests/bin/debug/net8.0/musoq.evaluator.tests.dll" id="27c8491c-12b6-16b3-fd64-09afa7d81023">
      <Execution id="3c46195f-475d-482d-a00d-b61dae18562e" />
      <TestMethod codeBase="/home/runner/work/Musoq/Musoq/Musoq.Evaluator.Tests/bin/Debug/net8.0/Musoq.Evaluator.Tests.dll" adapterTypeName="executor://mstestadapter/v2" className="Musoq.Evaluator.Tests.ArithmeticForMethodCallAndTypeSpecificOperationTests" name="WhenUIntMethodCallAndIntUsed_ShouldHaveColumnOfThatType" />
    </UnitTest>
    <UnitTest name="WhenSByteMethodCallAndShortUsed_ShouldHaveColumnOfThatType" storage="/home/runner/work/musoq/musoq/musoq.evaluator.tests/bin/debug/net8.0/musoq.evaluator.tests.dll" id="731947ba-5cd1-7e47-a7cc-b023d895bab0">
      <Execution id="e40214b0-48ca-4305-8212-77d4852784d0" />
      <TestMethod codeBase="/home/runner/work/Musoq/Musoq/Musoq.Evaluator.Tests/bin/Debug/net8.0/Musoq.Evaluator.Tests.dll" adapterTypeName="executor://mstestadapter/v2" className="Musoq.Evaluator.Tests.ArithmeticForMethodCallAndTypeSpecificOperationTests" name="WhenSByteMethodCallAndShortUsed_ShouldHaveColumnOfThatType" />
    </UnitTest>
    <UnitTest name="WhenBitwiseOrBetweenByteAndLong_ShouldBeEvaluated" storage="/home/runner/work/musoq/musoq/musoq.evaluator.tests/bin/debug/net8.0/musoq.evaluator.tests.dll" id="9ddee134-5832-1f76-96b9-dc00670305fc">
      <Execution id="66bf447d-d379-47f4-9719-42c4bed22bce" />
      <TestMethod codeBase="/home/runner/work/Musoq/Musoq/Musoq.Evaluator.Tests/bin/Debug/net8.0/Musoq.Evaluator.Tests.dll" adapterTypeName="executor://mstestadapter/v2" className="Musoq.Evaluator.Tests.BitwiseOperationsOrTests" name="WhenBitwiseOrBetweenByteAndLong_ShouldBeEvaluated" />
    </UnitTest>
    <UnitTest name="CrossApplyProperty_SplitStringToWords_ShouldPass" storage="/home/runner/work/musoq/musoq/musoq.evaluator.tests/bin/debug/net8.0/musoq.evaluator.tests.dll" id="df17eb4a-291c-a37d-300d-b8c7f3086bb0">
      <Execution id="0b89876f-4e52-4fcb-a7da-8e2ff753ff70" />
      <TestMethod codeBase="/home/runner/work/Musoq/Musoq/Musoq.Evaluator.Tests/bin/Debug/net8.0/Musoq.Evaluator.Tests.dll" adapterTypeName="executor://mstestadapter/v2" className="Musoq.Evaluator.Tests.CrossApplyMethodCallTests" name="CrossApplyProperty_SplitStringToWords_ShouldPass" />
    </UnitTest>
    <UnitTest name="SimpleCteTest" storage="/home/runner/work/musoq/musoq/musoq.evaluator.tests/bin/debug/net8.0/musoq.evaluator.tests.dll" id="64a135fc-ed9b-761b-bf25-f0bbfcbbfc20">
      <Execution id="88873a54-245d-44db-a7ed-11703f179321" />
      <TestMethod codeBase="/home/runner/work/Musoq/Musoq/Musoq.Evaluator.Tests/bin/Debug/net8.0/Musoq.Evaluator.Tests.dll" adapterTypeName="executor://mstestadapter/v2" className="Musoq.Evaluator.Tests.CteTests" name="SimpleCteTest" />
    </UnitTest>
    <UnitTest name="OuterApplyProperty_WhereCondition_ShouldPass" storage="/home/runner/work/musoq/musoq/musoq.evaluator.tests/bin/debug/net8.0/musoq.evaluator.tests.dll" id="41651654-0640-06db-894c-cc9e515cc861">
      <Execution id="d4d0c340-0252-4c45-babb-e2b132f27744" />
      <TestMethod codeBase="/home/runner/work/Musoq/Musoq/Musoq.Evaluator.Tests/bin/Debug/net8.0/Musoq.Evaluator.Tests.dll" adapterTypeName="executor://mstestadapter/v2" className="Musoq.Evaluator.Tests.OuterApplyMethodCallTests" name="OuterApplyProperty_WhereCondition_ShouldPass" />
    </UnitTest>
    <UnitTest name="IntersectWithSkipTripleSourcesTest" storage="/home/runner/work/musoq/musoq/musoq.evaluator.tests/bin/debug/net8.0/musoq.evaluator.tests.dll" id="34a2831c-0bdf-d824-cf14-35bb16131b4c">
      <Execution id="8fd1d3c3-6635-4def-97f3-69cb1be0dc69" />
      <TestMethod codeBase="/home/runner/work/Musoq/Musoq/Musoq.Evaluator.Tests/bin/Debug/net8.0/Musoq.Evaluator.Tests.dll" adapterTypeName="executor://mstestadapter/v2" className="Musoq.Evaluator.Tests.SetsOperatorsTests" name="IntersectWithSkipTripleSourcesTest" />
    </UnitTest>
    <UnitTest name="MultipleLeftJoinWithCTriesMatchBAndSucceedTest" storage="/home/runner/work/musoq/musoq/musoq.evaluator.tests/bin/debug/net8.0/musoq.evaluator.tests.dll" id="7e4047bc-c465-fcfc-6444-fc6c06349102">
      <Execution id="b29449de-3c81-473c-b2b5-a3447e7778bb" />
      <TestMethod codeBase="/home/runner/work/Musoq/Musoq/Musoq.Evaluator.Tests/bin/Debug/net8.0/Musoq.Evaluator.Tests.dll" adapterTypeName="executor://mstestadapter/v2" className="Musoq.Evaluator.Tests.JoinTests" name="MultipleLeftJoinWithCTriesMatchBAndSucceedTest" />
    </UnitTest>
    <UnitTest name="MixedSourcesExceptUnionScenarioTest" storage="/home/runner/work/musoq/musoq/musoq.evaluator.tests/bin/debug/net8.0/musoq.evaluator.tests.dll" id="1fe6b2df-a809-813c-cc49-2726c47d85a3">
      <Execution id="d6c76a0a-5ef2-42e3-89b6-33f0e18eaa9c" />
      <TestMethod codeBase="/home/runner/work/Musoq/Musoq/Musoq.Evaluator.Tests/bin/Debug/net8.0/Musoq.Evaluator.Tests.dll" adapterTypeName="executor://mstestadapter/v2" className="Musoq.Evaluator.Tests.SetsOperatorsTests" name="MixedSourcesExceptUnionScenarioTest" />
    </UnitTest>
    <UnitTest name="WhenBitwiseAndBetweenByteAndUInt_ShouldBeEvaluated" storage="/home/runner/work/musoq/musoq/musoq.evaluator.tests/bin/debug/net8.0/musoq.evaluator.tests.dll" id="a3e127eb-7ab4-463e-2557-b1220b4350ef">
      <Execution id="4544b0c3-9880-4787-9d84-61b832e2d90f" />
      <TestMethod codeBase="/home/runner/work/Musoq/Musoq/Musoq.Evaluator.Tests/bin/Debug/net8.0/Musoq.Evaluator.Tests.dll" adapterTypeName="executor://mstestadapter/v2" className="Musoq.Evaluator.Tests.BitwiseOperationsAndTests" name="WhenBitwiseAndBetweenByteAndUInt_ShouldBeEvaluated" />
    </UnitTest>
    <UnitTest name="WhenToStringCalled_ShouldReturnSameQuery (select some.Thing from #A.entities())" storage="/home/runner/work/musoq/musoq/musoq.evaluator.tests/bin/debug/net8.0/musoq.evaluator.tests.dll" id="b9472259-cbc1-8aab-3c60-ac3d8332b638">
      <Execution id="8761ecab-a833-4f60-ac1f-99c8fc267593" />
      <TestMethod codeBase="/home/runner/work/Musoq/Musoq/Musoq.Evaluator.Tests/bin/Debug/net8.0/Musoq.Evaluator.Tests.dll" adapterTypeName="executor://mstestadapter/v2" className="Musoq.Evaluator.Tests.StringifyTests" name="WhenToStringCalled_ShouldReturnSameQuery" />
    </UnitTest>
    <UnitTest name="WhenSpecialCharacterStartBracketUsedInTextWith_MustNotThrow (()" storage="/home/runner/work/musoq/musoq/musoq.evaluator.tests/bin/debug/net8.0/musoq.evaluator.tests.dll" id="989ae263-f6dc-ce84-8a34-14219573ff2b">
      <Execution id="ff90a046-dd5d-43ec-9de7-7352291b2f21" />
      <TestMethod codeBase="/home/runner/work/Musoq/Musoq/Musoq.Evaluator.Tests/bin/Debug/net8.0/Musoq.Evaluator.Tests.dll" adapterTypeName="executor://mstestadapter/v2" className="Musoq.Evaluator.Tests.StringsTests" name="WhenSpecialCharacterStartBracketUsedInTextWith_MustNotThrow" />
    </UnitTest>
    <UnitTest name="CrossApplyProperty_MultiplePrimitiveArrays_ShouldPass" storage="/home/runner/work/musoq/musoq/musoq.evaluator.tests/bin/debug/net8.0/musoq.evaluator.tests.dll" id="cf9a916c-2a6f-e32b-15bc-64e4c2eab516">
      <Execution id="a640d2a5-15d9-47f8-8e75-9ee13da47d32" />
      <TestMethod codeBase="/home/runner/work/Musoq/Musoq/Musoq.Evaluator.Tests/bin/Debug/net8.0/Musoq.Evaluator.Tests.dll" adapterTypeName="executor://mstestadapter/v2" className="Musoq.Evaluator.Tests.CrossApplySelfPropertyTests" name="CrossApplyProperty_MultiplePrimitiveArrays_ShouldPass" />
    </UnitTest>
    <UnitTest name="WhenSpecialCharacterStartBracketUsedInTextWith_MustNotThrow (`)" storage="/home/runner/work/musoq/musoq/musoq.evaluator.tests/bin/debug/net8.0/musoq.evaluator.tests.dll" id="c7aed7ea-2650-2c29-d6da-b2a65ea69e9a">
      <Execution id="820c980f-e85c-4631-9e6e-f1f55e274d11" />
      <TestMethod codeBase="/home/runner/work/Musoq/Musoq/Musoq.Evaluator.Tests/bin/Debug/net8.0/Musoq.Evaluator.Tests.dll" adapterTypeName="executor://mstestadapter/v2" className="Musoq.Evaluator.Tests.StringsTests" name="WhenSpecialCharacterStartBracketUsedInTextWith_MustNotThrow" />
    </UnitTest>
    <UnitTest name="WhenToJsonGenericMethodCallWithArray_ShouldReturnCorrectJson" storage="/home/runner/work/musoq/musoq/musoq.evaluator.tests/bin/debug/net8.0/musoq.evaluator.tests.dll" id="5d8a20c1-ee62-a3dd-6d3e-72f3fae57969">
      <Execution id="f73be2c5-8f99-4fd5-927f-c595b4049410" />
      <TestMethod codeBase="/home/runner/work/Musoq/Musoq/Musoq.Evaluator.Tests/bin/Debug/net8.0/Musoq.Evaluator.Tests.dll" adapterTypeName="executor://mstestadapter/v2" className="Musoq.Evaluator.Tests.GenericTests" name="WhenToJsonGenericMethodCallWithArray_ShouldReturnCorrectJson" />
    </UnitTest>
    <UnitTest name="WhenFloatAndIntUsed_ShouldHaveColumnOfThatType" storage="/home/runner/work/musoq/musoq/musoq.evaluator.tests/bin/debug/net8.0/musoq.evaluator.tests.dll" id="aca2b3ea-0ad7-07c1-97fb-c48e24fa0a63">
      <Execution id="2e8dc112-04d1-445d-866a-4671e25f43cb" />
      <TestMethod codeBase="/home/runner/work/Musoq/Musoq/Musoq.Evaluator.Tests/bin/Debug/net8.0/Musoq.Evaluator.Tests.dll" adapterTypeName="executor://mstestadapter/v2" className="Musoq.Evaluator.Tests.ArithmeticForCrossTypesTests" name="WhenFloatAndIntUsed_ShouldHaveColumnOfThatType" />
    </UnitTest>
    <UnitTest name="WhenIntMethodCallAndUShortUsed_ShouldHaveColumnOfThatType" storage="/home/runner/work/musoq/musoq/musoq.evaluator.tests/bin/debug/net8.0/musoq.evaluator.tests.dll" id="f1107560-9b1d-4b09-63c9-f7f8e15aefee">
      <Execution id="0f9ef73e-e46f-4aa0-bc55-c3f02baef2ee" />
      <TestMethod codeBase="/home/runner/work/Musoq/Musoq/Musoq.Evaluator.Tests/bin/Debug/net8.0/Musoq.Evaluator.Tests.dll" adapterTypeName="executor://mstestadapter/v2" className="Musoq.Evaluator.Tests.ArithmeticForMethodCallAndTypeSpecificOperationTests" name="WhenIntMethodCallAndUShortUsed_ShouldHaveColumnOfThatType" />
    </UnitTest>
    <UnitTest name="DescMethodTest" storage="/home/runner/work/musoq/musoq/musoq.evaluator.tests/bin/debug/net8.0/musoq.evaluator.tests.dll" id="cef37a6c-37ee-27d4-e896-da014cee5ddd">
      <Execution id="6139e1ef-7505-4b74-9a96-46a911a3b9bf" />
      <TestMethod codeBase="/home/runner/work/Musoq/Musoq/Musoq.Evaluator.Tests/bin/Debug/net8.0/Musoq.Evaluator.Tests.dll" adapterTypeName="executor://mstestadapter/v2" className="Musoq.Evaluator.Tests.SingleSchemaEvaluatorTests" name="DescMethodTest" />
    </UnitTest>
    <UnitTest name="WhenCrossApplyComponentsMustInjectMultipleEntities_ShouldNotThrow" storage="/home/runner/work/musoq/musoq/musoq.evaluator.tests/bin/debug/net8.0/musoq.evaluator.tests.dll" id="21cbbf68-654d-7ee8-ea9b-40d74b756a88">
      <Execution id="74d1b640-cf26-4b42-9a00-2cdc71a8a7fb" />
      <TestMethod codeBase="/home/runner/work/Musoq/Musoq/Musoq.Evaluator.Tests/bin/Debug/net8.0/Musoq.Evaluator.Tests.dll" adapterTypeName="executor://mstestadapter/v2" className="Musoq.Evaluator.Tests.CrossApplyCteTests" name="WhenCrossApplyComponentsMustInjectMultipleEntities_ShouldNotThrow" />
    </UnitTest>
    <UnitTest name="WhenUIntAndSByteUsed_ShouldHaveColumnOfThatType" storage="/home/runner/work/musoq/musoq/musoq.evaluator.tests/bin/debug/net8.0/musoq.evaluator.tests.dll" id="fe37e1c9-54ae-356c-b786-f228e7d908b0">
      <Execution id="28d3b0ae-a962-49c9-8f5e-b7d070bdc63d" />
      <TestMethod codeBase="/home/runner/work/Musoq/Musoq/Musoq.Evaluator.Tests/bin/Debug/net8.0/Musoq.Evaluator.Tests.dll" adapterTypeName="executor://mstestadapter/v2" className="Musoq.Evaluator.Tests.ArithmeticForCrossTypesTests" name="WhenUIntAndSByteUsed_ShouldHaveColumnOfThatType" />
    </UnitTest>
    <UnitTest name="CrossApply_WithParameterTypeMismatch_ShouldHandleGracefully" storage="/home/runner/work/musoq/musoq/musoq.evaluator.tests/bin/debug/net8.0/musoq.evaluator.tests.dll" id="551837ef-757c-9efe-48d5-a194e661d0d3">
      <Execution id="39628fde-5d20-4894-84fc-ccda7c33bb85" />
      <TestMethod codeBase="/home/runner/work/Musoq/Musoq/Musoq.Evaluator.Tests/bin/Debug/net8.0/Musoq.Evaluator.Tests.dll" adapterTypeName="executor://mstestadapter/v2" className="Musoq.Evaluator.Tests.CrossApplyBugTestCases" name="CrossApply_WithParameterTypeMismatch_ShouldHandleGracefully" />
    </UnitTest>
    <UnitTest name="WhenBitwiseAndBetweenUshortAndUshort_ShouldBeEvaluated" storage="/home/runner/work/musoq/musoq/musoq.evaluator.tests/bin/debug/net8.0/musoq.evaluator.tests.dll" id="aa69540c-1494-d61a-b758-8ef5fa6bb0a0">
      <Execution id="b0c9474c-c18f-4861-b77b-e5a57d40198f" />
      <TestMethod codeBase="/home/runner/work/Musoq/Musoq/Musoq.Evaluator.Tests/bin/Debug/net8.0/Musoq.Evaluator.Tests.dll" adapterTypeName="executor://mstestadapter/v2" className="Musoq.Evaluator.Tests.BitwiseOperationsAndTests" name="WhenBitwiseAndBetweenUshortAndUshort_ShouldBeEvaluated" />
    </UnitTest>
    <UnitTest name="QueryWithWhereWithNullableValueResultTest" storage="/home/runner/work/musoq/musoq/musoq.evaluator.tests/bin/debug/net8.0/musoq.evaluator.tests.dll" id="c0975960-38dc-8069-2db8-13c12a6f1523">
      <Execution id="b53e843f-702e-494c-9b01-29b8a26342e8" />
      <TestMethod codeBase="/home/runner/work/Musoq/Musoq/Musoq.Evaluator.Tests/bin/Debug/net8.0/Musoq.Evaluator.Tests.dll" adapterTypeName="executor://mstestadapter/v2" className="Musoq.Evaluator.Tests.NullabilityTests" name="QueryWithWhereWithNullableValueResultTest" />
    </UnitTest>
    <UnitTest name="WhenOrderByWithMultipleColumnsBothDescWithinCteExpression_BothRetrieved_ShouldSucceed" storage="/home/runner/work/musoq/musoq/musoq.evaluator.tests/bin/debug/net8.0/musoq.evaluator.tests.dll" id="d97e8325-bd04-4544-014f-e92371d41e31">
      <Execution id="d1328070-5c09-4c3b-9b1e-5be0074636e7" />
      <TestMethod codeBase="/home/runner/work/Musoq/Musoq/Musoq.Evaluator.Tests/bin/Debug/net8.0/Musoq.Evaluator.Tests.dll" adapterTypeName="executor://mstestadapter/v2" className="Musoq.Evaluator.Tests.OrderByTests" name="WhenOrderByWithMultipleColumnsBothDescWithinCteExpression_BothRetrieved_ShouldSucceed" />
    </UnitTest>
    <UnitTest name="CrossApplyProperty_WithComplexList_ShouldPass" storage="/home/runner/work/musoq/musoq/musoq.evaluator.tests/bin/debug/net8.0/musoq.evaluator.tests.dll" id="9fad8f8b-720a-107e-c1d0-0cdd0dc043e2">
      <Execution id="c20f7977-70eb-4a13-9edc-56ea7d4162a4" />
      <TestMethod codeBase="/home/runner/work/Musoq/Musoq/Musoq.Evaluator.Tests/bin/Debug/net8.0/Musoq.Evaluator.Tests.dll" adapterTypeName="executor://mstestadapter/v2" className="Musoq.Evaluator.Tests.CrossApplySelfPropertyTests" name="CrossApplyProperty_WithComplexList_ShouldPass" />
    </UnitTest>
    <UnitTest name="OrOperator_WhenRightFieldIsNull_ShouldShowLeftNull" storage="/home/runner/work/musoq/musoq/musoq.evaluator.tests/bin/debug/net8.0/musoq.evaluator.tests.dll" id="28237cd9-af8f-39e6-c8c4-83359ce7cd13">
      <Execution id="b2958e34-58e2-4eb9-903b-c334dee60ec2" />
      <TestMethod codeBase="/home/runner/work/Musoq/Musoq/Musoq.Evaluator.Tests/bin/Debug/net8.0/Musoq.Evaluator.Tests.dll" adapterTypeName="executor://mstestadapter/v2" className="Musoq.Evaluator.Tests.NullabilityTests" name="OrOperator_WhenRightFieldIsNull_ShouldShowLeftNull" />
    </UnitTest>
    <UnitTest name="WhenFirstElementLookedFor_ShouldSuccess" storage="/home/runner/work/musoq/musoq/musoq.evaluator.tests/bin/debug/net8.0/musoq.evaluator.tests.dll" id="78196d76-2535-33ff-eac0-dee87e93cd9f">
      <Execution id="356a5f46-6ca0-4b4e-ad28-317c7f922834" />
      <TestMethod codeBase="/home/runner/work/Musoq/Musoq/Musoq.Evaluator.Tests/bin/Debug/net8.0/Musoq.Evaluator.Tests.dll" adapterTypeName="executor://mstestadapter/v2" className="Musoq.Evaluator.Tests.GenericTests" name="WhenFirstElementLookedFor_ShouldSuccess" />
    </UnitTest>
    <UnitTest name="WhenBitwiseAndBetweenUshortAndByte_ShouldBeEvaluated" storage="/home/runner/work/musoq/musoq/musoq.evaluator.tests/bin/debug/net8.0/musoq.evaluator.tests.dll" id="805ee074-f918-e6c5-5823-a7b44892b997">
      <Execution id="7c6652b2-f866-4f09-aaa7-cf06a75ce65b" />
      <TestMethod codeBase="/home/runner/work/Musoq/Musoq/Musoq.Evaluator.Tests/bin/Debug/net8.0/Musoq.Evaluator.Tests.dll" adapterTypeName="executor://mstestadapter/v2" className="Musoq.Evaluator.Tests.BitwiseOperationsAndTests" name="WhenBitwiseAndBetweenUshortAndByte_ShouldBeEvaluated" />
    </UnitTest>
    <UnitTest name="WhenToStringCalled_ShouldReturnSameQuery (select s.Column1, s.Column2 from #some.thing() s where s.Column1 in (1, 2, 3) skip 2 take 5)" storage="/home/runner/work/musoq/musoq/musoq.evaluator.tests/bin/debug/net8.0/musoq.evaluator.tests.dll" id="897a95b8-9f97-8743-ac4b-63cdd8da00f5">
      <Execution id="1fd6f6e6-13c7-4049-9097-945eaff8d295" />
      <TestMethod codeBase="/home/runner/work/Musoq/Musoq/Musoq.Evaluator.Tests/bin/Debug/net8.0/Musoq.Evaluator.Tests.dll" adapterTypeName="executor://mstestadapter/v2" className="Musoq.Evaluator.Tests.StringifyTests" name="WhenToStringCalled_ShouldReturnSameQuery" />
    </UnitTest>
  </TestDefinitions>
  <TestEntries>
    <TestEntry testId="9e27aef9-8b2c-f4c1-bf27-c862124dbe03" executionId="562e350e-5fce-4c1c-9ded-6c02459a9652" testListId="8c84fa94-04c1-424b-9868-57a2d4851a1d" />
    <TestEntry testId="acdee88f-f33a-b836-1f1d-bd6b9a7cef47" executionId="1a554dff-94a0-4e0d-b558-86263ce64ade" testListId="8c84fa94-04c1-424b-9868-57a2d4851a1d" />
    <TestEntry testId="f2e1e6d2-f71c-ae47-7bb9-b8a0e09fc095" executionId="a4816f05-266f-49e8-ba84-d8bc7d692122" testListId="8c84fa94-04c1-424b-9868-57a2d4851a1d" />
    <TestEntry testId="d8b0fc90-130e-c102-7bdd-4f62feaa4d40" executionId="fe9b3adb-7745-43a4-b32f-71a3725d786e" testListId="8c84fa94-04c1-424b-9868-57a2d4851a1d" />
    <TestEntry testId="fe1196b5-2565-af08-6b89-20f848978c99" executionId="60553b45-0949-4ffd-a6e3-83f1dc38b3d1" testListId="8c84fa94-04c1-424b-9868-57a2d4851a1d" />
    <TestEntry testId="14922f8c-12ce-f41c-0ee3-434d7ca8e539" executionId="bd7aa765-14ee-43d5-8911-4c76b9aefad7" testListId="8c84fa94-04c1-424b-9868-57a2d4851a1d" />
    <TestEntry testId="e2d06c8e-fc2a-65e5-230d-3c407d3c1ffa" executionId="6a12730e-dccd-4986-b026-2368dddd38a9" testListId="8c84fa94-04c1-424b-9868-57a2d4851a1d" />
    <TestEntry testId="393c3afc-b1cc-0983-2594-6cc4380be2ca" executionId="574aded5-b917-4be4-832c-4c77bf13f343" testListId="8c84fa94-04c1-424b-9868-57a2d4851a1d" />
    <TestEntry testId="ba5efa8c-bba3-948f-fa6b-b72342e36471" executionId="4c0874a4-5ba5-46b6-85e9-bc0dcf5cba90" testListId="8c84fa94-04c1-424b-9868-57a2d4851a1d" />
    <TestEntry testId="abd203a9-4ade-a5ae-1413-3a05ae3bdf5d" executionId="26829674-c024-4d4d-bb55-833f32673232" testListId="8c84fa94-04c1-424b-9868-57a2d4851a1d" />
    <TestEntry testId="f4d87305-2b0a-1256-e6f1-346003105e55" executionId="c14bb26e-c5fe-4c2b-8519-35d352947173" testListId="8c84fa94-04c1-424b-9868-57a2d4851a1d" />
    <TestEntry testId="559f5f91-eef4-40ac-a3e8-ac8cd8c0ff6e" executionId="b55bbe62-2c1f-4db0-82bb-14367e4ca947" testListId="8c84fa94-04c1-424b-9868-57a2d4851a1d" />
    <TestEntry testId="9581c00b-0aea-9644-ebce-1ccb023f6ad1" executionId="8d870684-c376-416f-996d-ba24809dacc6" testListId="8c84fa94-04c1-424b-9868-57a2d4851a1d" />
    <TestEntry testId="88b28bdc-110e-f6ba-5de7-5c10ea7b01bb" executionId="0e7a82a5-1808-488c-ab91-9f182d3c7778" testListId="8c84fa94-04c1-424b-9868-57a2d4851a1d" />
    <TestEntry testId="77f549a7-b192-018e-2b23-fbbc69ea508e" executionId="2ab1aa69-2839-4dcf-b932-2ccfc4e74245" testListId="8c84fa94-04c1-424b-9868-57a2d4851a1d" />
    <TestEntry testId="48cc9a7b-2e57-04bf-2153-fc4273fe16f3" executionId="882ffcbe-9ed0-429b-b391-0d2d33b4df45" testListId="8c84fa94-04c1-424b-9868-57a2d4851a1d" />
    <TestEntry testId="15174cd3-cc67-159e-0a2d-429074c70684" executionId="bbd238ae-e005-4c71-a76b-1fb00ff2f197" testListId="8c84fa94-04c1-424b-9868-57a2d4851a1d" />
    <TestEntry testId="65120833-4d22-bd4e-990a-0022b8d073f2" executionId="53afe04e-15a0-4097-ae4d-b454d5a5b502" testListId="8c84fa94-04c1-424b-9868-57a2d4851a1d" />
    <TestEntry testId="e40df5be-de09-2a10-1c19-af7767d65bec" executionId="df151d3b-efce-4948-bba1-2b41b6123612" testListId="8c84fa94-04c1-424b-9868-57a2d4851a1d" />
    <TestEntry testId="bc32e115-418b-86fe-6873-f6ff95fd0205" executionId="44af5a79-9f2b-4835-980a-f7d7619c07b2" testListId="8c84fa94-04c1-424b-9868-57a2d4851a1d" />
    <TestEntry testId="9fa1e8b5-46a2-fbea-ef88-643563e44fdd" executionId="a3b334d9-72db-4aa6-adea-5aade895d5f2" testListId="8c84fa94-04c1-424b-9868-57a2d4851a1d" />
    <TestEntry testId="07085b49-f42a-387b-ba25-e1f0583cf32f" executionId="b4cd6b2e-232c-403f-8d5c-d404a2bf63e8" testListId="8c84fa94-04c1-424b-9868-57a2d4851a1d" />
    <TestEntry testId="28f651e2-bf5f-dc31-6938-f25de528c477" executionId="56ce2119-5e09-49d3-907d-4e02249a4163" testListId="8c84fa94-04c1-424b-9868-57a2d4851a1d" />
    <TestEntry testId="78476463-7d4d-4e16-e671-de440bf14299" executionId="9620ae04-676c-400c-83fb-3891d40b37b4" testListId="8c84fa94-04c1-424b-9868-57a2d4851a1d" />
    <TestEntry testId="b6eed95b-8337-8d5f-01cd-28714b41175b" executionId="20357196-e969-40aa-bbe4-851635fc1ea0" testListId="8c84fa94-04c1-424b-9868-57a2d4851a1d" />
    <TestEntry testId="754a3118-d47b-9e7e-18c2-11d4047dde9c" executionId="9d67b4d7-8803-4f23-9353-a48317515d7a" testListId="8c84fa94-04c1-424b-9868-57a2d4851a1d" />
    <TestEntry testId="f32ff1ca-0770-b919-ea8e-87b68d848064" executionId="994cc10d-c0ba-4281-b08e-d8e85bc84776" testListId="8c84fa94-04c1-424b-9868-57a2d4851a1d" />
    <TestEntry testId="1cb8c2d4-84d7-8dd1-0e03-cda595e1cc16" executionId="01d33f7e-de33-42c0-b52d-9683b4fcae08" testListId="8c84fa94-04c1-424b-9868-57a2d4851a1d" />
    <TestEntry testId="1d0d97a3-c1bc-6be2-3a26-a20e8b3e8561" executionId="00a04053-3fc7-4f1c-bd80-0d6e39c18cf5" testListId="8c84fa94-04c1-424b-9868-57a2d4851a1d" />
    <TestEntry testId="7d82cca5-48f4-9ca9-cc14-f01b708d88e0" executionId="f4168b7c-62ae-48ec-8048-e911ffad0d68" testListId="8c84fa94-04c1-424b-9868-57a2d4851a1d" />
    <TestEntry testId="9046ce16-5286-5fde-7907-acb525fc62b4" executionId="20c7edd6-c0a3-40b2-a40e-3c0b92df8845" testListId="8c84fa94-04c1-424b-9868-57a2d4851a1d" />
    <TestEntry testId="b45c0440-723c-49dc-749a-2be0e5084072" executionId="eaaf79f4-de61-4933-8320-aa573fe92abb" testListId="8c84fa94-04c1-424b-9868-57a2d4851a1d" />
    <TestEntry testId="1769c638-3284-577d-3372-374cca485e70" executionId="9256bb87-c063-4513-9548-860948fdc3ce" testListId="8c84fa94-04c1-424b-9868-57a2d4851a1d" />
    <TestEntry testId="dcf4ad20-634f-bcdc-b098-030f15b96c4d" executionId="5924fdaa-6f43-451f-a45c-b2566421e4e4" testListId="8c84fa94-04c1-424b-9868-57a2d4851a1d" />
    <TestEntry testId="9697e1c8-3d97-8abe-159d-b26846d6af8f" executionId="3ded34c2-c827-4687-b49e-01ea67567082" testListId="8c84fa94-04c1-424b-9868-57a2d4851a1d" />
    <TestEntry testId="5d8a20c1-ee62-a3dd-6d3e-72f3fae57969" executionId="f73be2c5-8f99-4fd5-927f-c595b4049410" testListId="8c84fa94-04c1-424b-9868-57a2d4851a1d" />
    <TestEntry testId="72caf37b-9392-6ac6-0394-e4c555daa73c" executionId="82d7c4a9-f240-4fc2-913f-bd99cff21148" testListId="8c84fa94-04c1-424b-9868-57a2d4851a1d" />
    <TestEntry testId="63f3da3f-3a78-4bcb-68eb-2e1a3a7aedcd" executionId="3e5b2aa1-128f-4fc1-bdac-983bf375362c" testListId="8c84fa94-04c1-424b-9868-57a2d4851a1d" />
    <TestEntry testId="df17eb4a-291c-a37d-300d-b8c7f3086bb0" executionId="0b89876f-4e52-4fcb-a7da-8e2ff753ff70" testListId="8c84fa94-04c1-424b-9868-57a2d4851a1d" />
    <TestEntry testId="dd6e4280-fadd-bb60-3b02-17d3fc6200c5" executionId="aa90708f-80e4-45f6-8853-6027a1e9ec6f" testListId="8c84fa94-04c1-424b-9868-57a2d4851a1d" />
    <TestEntry testId="437f092c-e05a-274d-ffcb-fd9965faa1be" executionId="b2d9676c-69b5-4fcf-b8fc-f1b9c15eaab5" testListId="8c84fa94-04c1-424b-9868-57a2d4851a1d" />
    <TestEntry testId="441bed3d-612e-2f11-2cee-cdf3b46c1587" executionId="477de778-dd31-4169-b145-d6da696ab033" testListId="8c84fa94-04c1-424b-9868-57a2d4851a1d" />
    <TestEntry testId="1d9568e2-25b3-5dbd-0798-619750a25cd1" executionId="1c886662-6f8b-407c-83bb-9c317ebaee8c" testListId="8c84fa94-04c1-424b-9868-57a2d4851a1d" />
    <TestEntry testId="b9a6518d-cebf-3a0f-30ef-d1f50706f0d5" executionId="4474b976-fa7e-4623-9731-cdddcb16742a" testListId="8c84fa94-04c1-424b-9868-57a2d4851a1d" />
    <TestEntry testId="16e78854-e00a-b0c2-54e7-8fab5c96d602" executionId="10ce9a5d-d642-4845-9e86-640b6ef62048" testListId="8c84fa94-04c1-424b-9868-57a2d4851a1d" />
    <TestEntry testId="1a547748-5e70-f93d-b49e-a7071491101d" executionId="19509a78-7abe-4cd9-aa35-c095fdf545ba" testListId="8c84fa94-04c1-424b-9868-57a2d4851a1d" />
    <TestEntry testId="bf01b404-354b-99f2-06fb-be357c55e3c8" executionId="f3a0e3c6-bb5e-42bb-a795-2acc82e1ea2d" testListId="8c84fa94-04c1-424b-9868-57a2d4851a1d" />
    <TestEntry testId="ba8e83da-2238-4d18-eb82-151b83dce99c" executionId="edb64b48-741b-46d4-80bb-12b5441e1902" testListId="8c84fa94-04c1-424b-9868-57a2d4851a1d" />
    <TestEntry testId="3a69295c-2c65-84ca-923c-814ad7029474" executionId="a2647e38-b022-4ee9-a5e5-5715da26fe95" testListId="8c84fa94-04c1-424b-9868-57a2d4851a1d" />
    <TestEntry testId="47e9a124-4a1a-7fd5-d8d1-9c2c301bae53" executionId="e1788388-c142-4f3b-9c94-4f58096f77a1" testListId="8c84fa94-04c1-424b-9868-57a2d4851a1d" />
    <TestEntry testId="c3fc4a64-d0a4-8e0b-75ca-c3aff52ea8fb" executionId="e320d57b-cbf7-4715-a8bd-59c3b02393e9" testListId="8c84fa94-04c1-424b-9868-57a2d4851a1d" />
    <TestEntry testId="0682fc68-65a0-d665-ae64-f9d10bc8845f" executionId="cdc8841d-e7b4-4d45-a337-a8b22762f621" testListId="8c84fa94-04c1-424b-9868-57a2d4851a1d" />
    <TestEntry testId="2d11786f-81fa-c99a-16e5-a25db076dd78" executionId="631b9126-d486-40d0-8d17-ead4c9eea1e1" testListId="8c84fa94-04c1-424b-9868-57a2d4851a1d" />
    <TestEntry testId="59e71cc2-082b-ed1f-942a-a8364e9e20a5" executionId="340d7595-f292-4cca-bed0-879aabcf5a57" testListId="8c84fa94-04c1-424b-9868-57a2d4851a1d" />
    <TestEntry testId="beb10963-c24b-0138-a3f7-42609123b28d" executionId="204266e5-7ebe-4fd7-9577-bf29e71ad97a" testListId="8c84fa94-04c1-424b-9868-57a2d4851a1d" />
    <TestEntry testId="4a9ca37e-18a8-0f9f-c531-e00de1c16cb3" executionId="0d734b44-b123-451c-b814-0bc56e2065c6" testListId="8c84fa94-04c1-424b-9868-57a2d4851a1d" />
    <TestEntry testId="f34dc97f-5987-c90b-4695-1287bf09e0be" executionId="c55926fa-5712-4def-8d66-d6557dc97ca9" testListId="8c84fa94-04c1-424b-9868-57a2d4851a1d" />
    <TestEntry testId="112884a8-ed6a-c954-ce42-9ac70ec96d28" executionId="a29ce7d9-de0e-4956-beaf-bb1af75fd79d" testListId="8c84fa94-04c1-424b-9868-57a2d4851a1d" />
    <TestEntry testId="88d1ca5d-8bd2-c5e9-3b6e-f21cc07a17fa" executionId="4faac6bf-7e9a-4761-bc36-d312edff5fbb" testListId="8c84fa94-04c1-424b-9868-57a2d4851a1d" />
    <TestEntry testId="3ec1a156-3b62-5682-25af-d5febfcdeb98" executionId="ab86bb4e-eecf-48cf-a697-8edc82f3e698" testListId="8c84fa94-04c1-424b-9868-57a2d4851a1d" />
    <TestEntry testId="a61273c7-2dcf-9ca7-4e44-2251053d5760" executionId="35598b1f-ba04-4cbe-8bda-c59eef083047" testListId="8c84fa94-04c1-424b-9868-57a2d4851a1d" />
    <TestEntry testId="00c5e8a2-cc63-358b-da93-813cdf90665d" executionId="9e47a3fa-eaec-4dc9-838e-0f27dcd8addd" testListId="8c84fa94-04c1-424b-9868-57a2d4851a1d" />
    <TestEntry testId="02443489-fa32-ff72-dcd6-d331b12482ac" executionId="b3ceae10-80f3-46da-92ca-f1d914e069e1" testListId="8c84fa94-04c1-424b-9868-57a2d4851a1d" />
    <TestEntry testId="12a6b839-9a2b-155f-534b-f1dc85de4b4f" executionId="1eeed58b-78a5-4415-a12a-b218240a8bbf" testListId="8c84fa94-04c1-424b-9868-57a2d4851a1d" />
    <TestEntry testId="9eac1d8f-2749-5b4c-4cd5-0009c08dc16a" executionId="ba6129ce-278e-4b12-a7f0-b9223a55af5b" testListId="8c84fa94-04c1-424b-9868-57a2d4851a1d" />
    <TestEntry testId="e09ced12-3223-6291-f7f5-7fc1d2956a91" executionId="a82447ae-b361-49ad-a3aa-cab4f47cdfbc" testListId="8c84fa94-04c1-424b-9868-57a2d4851a1d" />
    <TestEntry testId="67fb22f6-2984-8e33-aed4-ac6e8abab0c1" executionId="478874e8-2d73-417a-8e2d-b12eead04a07" testListId="8c84fa94-04c1-424b-9868-57a2d4851a1d" />
    <TestEntry testId="0fb1fbf8-5ac3-bd6b-aeb4-61fa4901b666" executionId="fad26959-1dac-4a6f-958c-291b112e06a1" testListId="8c84fa94-04c1-424b-9868-57a2d4851a1d" />
    <TestEntry testId="c27eeaa5-3c10-7512-6453-3b6ea32825b4" executionId="66a94773-eaaa-49ad-83c5-aeb68a61133a" testListId="8c84fa94-04c1-424b-9868-57a2d4851a1d" />
    <TestEntry testId="c50eaffe-9ca2-8ebc-8a56-9adf72784e89" executionId="0b78dbb7-6931-4eab-879a-4abe03b412ce" testListId="8c84fa94-04c1-424b-9868-57a2d4851a1d" />
    <TestEntry testId="ead0943d-6a75-a856-c583-aadfa0fd70f2" executionId="12c31659-ef10-4514-87ae-e8c997cac948" testListId="8c84fa94-04c1-424b-9868-57a2d4851a1d" />
    <TestEntry testId="2ff73586-450a-a33c-e725-ecd3bd2f9b5a" executionId="a47414e9-d4c9-4246-b620-80956e0090b8" testListId="8c84fa94-04c1-424b-9868-57a2d4851a1d" />
    <TestEntry testId="a85c8fea-7603-ddca-4e2f-d937dfec86cf" executionId="cea16d11-9b29-4460-ae6b-8165ff4745eb" testListId="8c84fa94-04c1-424b-9868-57a2d4851a1d" />
    <TestEntry testId="fbf6830c-6fb6-6fa2-2287-5237de036555" executionId="e2ba7315-201e-4410-ba50-92cfc0497faf" testListId="8c84fa94-04c1-424b-9868-57a2d4851a1d" />
    <TestEntry testId="92066fe0-a3c7-7e84-092a-6b641f85d4e1" executionId="3dc2a6b1-f441-4ce9-b65d-405c27ab94dc" testListId="8c84fa94-04c1-424b-9868-57a2d4851a1d" />
    <TestEntry testId="48ebcebb-80ff-2ef1-4f28-703254379c9a" executionId="c76f208d-e4aa-49f9-a067-b4aee2ff52fa" testListId="8c84fa94-04c1-424b-9868-57a2d4851a1d" />
    <TestEntry testId="89bed6a6-1c29-6068-dc21-22ff56f2da3f" executionId="17b2950e-0c22-4549-8c8c-6f5f79a56ae2" testListId="8c84fa94-04c1-424b-9868-57a2d4851a1d" />
    <TestEntry testId="e6a62562-d9f4-727d-b008-19d204c9d410" executionId="32620aa2-1fbc-4d59-b10f-70b60345be83" testListId="8c84fa94-04c1-424b-9868-57a2d4851a1d" />
    <TestEntry testId="020f7742-d248-7fb3-2a22-84ea04b14e67" executionId="a6e718dc-4320-4205-a176-09e434b9b305" testListId="8c84fa94-04c1-424b-9868-57a2d4851a1d" />
    <TestEntry testId="1e5a3def-4b77-7f02-6d19-4a1a28312c6d" executionId="ee4814ab-ef7d-4bce-9f2f-bcbbc31f06df" testListId="8c84fa94-04c1-424b-9868-57a2d4851a1d" />
    <TestEntry testId="6f015004-3a80-ed14-106b-98ec91253284" executionId="dc9ef3e9-379a-4058-93ac-12c1b312a2fe" testListId="8c84fa94-04c1-424b-9868-57a2d4851a1d" />
    <TestEntry testId="abff0218-12e3-250f-0dad-cc1b787c9f90" executionId="3bfdc426-83f6-4cac-a0d9-fd7793ca3d1e" testListId="8c84fa94-04c1-424b-9868-57a2d4851a1d" />
    <TestEntry testId="d7d153d6-ecf9-fc3f-5bb6-6b56c14e2649" executionId="99a127c3-df9b-495f-aa73-40f71fcd4ac2" testListId="8c84fa94-04c1-424b-9868-57a2d4851a1d" />
    <TestEntry testId="cad413fa-cb89-663a-80b2-86164418bc24" executionId="78b24ab7-e52d-479d-bc04-b214bd3e9d03" testListId="8c84fa94-04c1-424b-9868-57a2d4851a1d" />
    <TestEntry testId="b5778a6b-65b9-4685-a343-c37bdb02d6d8" executionId="4acd0790-c192-4bc4-8e6c-0552df04c0be" testListId="8c84fa94-04c1-424b-9868-57a2d4851a1d" />
    <TestEntry testId="319174ef-9c18-1977-8ff4-2387fbd69d42" executionId="66b2b821-6dad-4dc3-8cc7-dcbb9c04bdca" testListId="8c84fa94-04c1-424b-9868-57a2d4851a1d" />
    <TestEntry testId="cba897d2-5cd3-2616-8d5e-b18760be1445" executionId="1228f604-1a01-4f6b-8027-215f82dffb07" testListId="8c84fa94-04c1-424b-9868-57a2d4851a1d" />
    <TestEntry testId="3fd5c3d5-1933-1b32-0102-1965a2d75b45" executionId="5489ad59-880d-4115-bfd7-f5a6ffc49614" testListId="8c84fa94-04c1-424b-9868-57a2d4851a1d" />
    <TestEntry testId="c8257877-3d02-8c30-9568-dc636d9f14fe" executionId="8f3e625a-3a55-4a71-9ec9-16d9282f5ccc" testListId="8c84fa94-04c1-424b-9868-57a2d4851a1d" />
    <TestEntry testId="08ca319d-074c-b8ad-3ba3-d5ab7f4098d0" executionId="fad8c8c5-72d1-4571-b426-fbc1d6dc43e2" testListId="8c84fa94-04c1-424b-9868-57a2d4851a1d" />
    <TestEntry testId="84ff319b-7bca-d8ac-e034-82fd7a6f53fa" executionId="e4f85107-9a6f-4b1b-a30c-5e53393f99a9" testListId="8c84fa94-04c1-424b-9868-57a2d4851a1d" />
    <TestEntry testId="88fa1a16-d34f-0170-24af-a049ac79e3b5" executionId="f81f2676-337a-43ec-bc7b-f8ecca701e4a" testListId="8c84fa94-04c1-424b-9868-57a2d4851a1d" />
    <TestEntry testId="830a9adf-41aa-eaf6-febe-0984cabb133e" executionId="6e1e3d6b-7d79-4b88-af13-e576d18b6748" testListId="8c84fa94-04c1-424b-9868-57a2d4851a1d" />
    <TestEntry testId="a853394c-e474-38d7-49f3-366999d12031" executionId="afb910a7-4d8a-418d-ae1e-932f1f091562" testListId="8c84fa94-04c1-424b-9868-57a2d4851a1d" />
    <TestEntry testId="8e969a19-c3d6-4153-ba47-2d264cac0bbf" executionId="3d34e177-ca9a-4d8e-bde0-33bcc42d45c2" testListId="8c84fa94-04c1-424b-9868-57a2d4851a1d" />
    <TestEntry testId="9dd84310-8399-d109-2b57-e723dbcc1591" executionId="2de8867b-a6ca-4eb1-97bc-3d0459146576" testListId="8c84fa94-04c1-424b-9868-57a2d4851a1d" />
    <TestEntry testId="0d5e1921-be88-d5dd-fcb0-a277ad724873" executionId="73736d6a-3bfb-49c9-aa66-a5e0c73d1d22" testListId="8c84fa94-04c1-424b-9868-57a2d4851a1d" />
    <TestEntry testId="6255a2c3-dc2b-b043-231c-ec47f16455fb" executionId="de01241b-65a0-4a1b-8e85-897add494b82" testListId="8c84fa94-04c1-424b-9868-57a2d4851a1d" />
    <TestEntry testId="05ba8be3-5ef4-5b55-25c8-e52d5cf76e07" executionId="d09dfaea-c88f-4b02-8514-e7f474d4e09d" testListId="8c84fa94-04c1-424b-9868-57a2d4851a1d" />
    <TestEntry testId="4c2b8aac-6b16-c1e5-bc04-992018ddf6bc" executionId="633cb17a-4c82-4a54-9c97-579225733999" testListId="8c84fa94-04c1-424b-9868-57a2d4851a1d" />
    <TestEntry testId="a61e8ac9-021b-4918-1146-b7d608ce230b" executionId="312d6084-a3d5-49b1-bdf0-f98a65210e21" testListId="8c84fa94-04c1-424b-9868-57a2d4851a1d" />
    <TestEntry testId="60984a42-992c-1350-0a18-84964972aea8" executionId="e78936fb-520f-44b2-92d3-43d851a43e5f" testListId="8c84fa94-04c1-424b-9868-57a2d4851a1d" />
    <TestEntry testId="ee4b87f7-768a-c6f4-e000-c8381cc40792" executionId="21fa9601-6b80-409d-ac00-a5422643be4f" testListId="8c84fa94-04c1-424b-9868-57a2d4851a1d" />
    <TestEntry testId="225a5ddf-8d18-78eb-f21b-4bdfdaf51bdb" executionId="5b46c253-55ed-4148-8288-fdbc40ba9f87" testListId="8c84fa94-04c1-424b-9868-57a2d4851a1d" />
    <TestEntry testId="1377ecfa-7bcc-4a66-181e-69145937b6a9" executionId="d6785b39-69d0-4104-96c2-3713f24cc67d" testListId="8c84fa94-04c1-424b-9868-57a2d4851a1d" />
    <TestEntry testId="a83f8409-61f2-6d99-6d65-b3ff8d7eb4cd" executionId="d41074a2-652c-4298-b268-e659e4ba43fa" testListId="8c84fa94-04c1-424b-9868-57a2d4851a1d" />
    <TestEntry testId="7feb0eb2-8eb8-cab8-a59a-a0d0b511fbdc" executionId="989ef21f-bbe3-49db-b90f-32a919051b12" testListId="8c84fa94-04c1-424b-9868-57a2d4851a1d" />
    <TestEntry testId="19794008-941c-dd2b-dbcf-da62783207f5" executionId="34adad5b-a29b-40f4-9844-03db05e19fb7" testListId="8c84fa94-04c1-424b-9868-57a2d4851a1d" />
    <TestEntry testId="a93282ca-cf9a-7cf5-0203-bbd74bfb0bfd" executionId="7817f405-9ec3-426f-a7dc-5194a7b4bd1d" testListId="8c84fa94-04c1-424b-9868-57a2d4851a1d" />
    <TestEntry testId="d81b02c5-a7f2-fbc7-fadb-b6abda39b334" executionId="c87dd9f1-3d08-43cd-8656-b58794a10c45" testListId="8c84fa94-04c1-424b-9868-57a2d4851a1d" />
    <TestEntry testId="c0296a27-2151-6d31-c196-63c9b00946ea" executionId="f713f6ac-3384-4806-9d06-c58a06eab254" testListId="8c84fa94-04c1-424b-9868-57a2d4851a1d" />
    <TestEntry testId="2e2907be-7605-318a-c319-95c4622007b3" executionId="92579145-eb78-49fc-aa6f-c8aa87ff308c" testListId="8c84fa94-04c1-424b-9868-57a2d4851a1d" />
    <TestEntry testId="018b0f06-34c1-6ce0-03d9-93500d8c90ba" executionId="6addf583-e665-4b8e-a39b-bb7dd5bef4af" testListId="8c84fa94-04c1-424b-9868-57a2d4851a1d" />
    <TestEntry testId="86d410be-207b-48e5-8b3a-efa9039b3a07" executionId="25d6f392-f972-40a4-95a5-8ad8d26f69e6" testListId="8c84fa94-04c1-424b-9868-57a2d4851a1d" />
    <TestEntry testId="1298e7eb-41ff-e546-9072-b22d43f0edbb" executionId="291124e3-29e3-41dc-9da0-eb981c70628e" testListId="8c84fa94-04c1-424b-9868-57a2d4851a1d" />
    <TestEntry testId="58d64734-4862-1f27-5a6d-9c79bd149154" executionId="a525120c-35f6-4fa0-95c9-038d03a2df0e" testListId="8c84fa94-04c1-424b-9868-57a2d4851a1d" />
    <TestEntry testId="43f8f841-476e-26db-dffa-c898e10c911d" executionId="0033181b-c512-45c6-bf40-a387cdd0096f" testListId="8c84fa94-04c1-424b-9868-57a2d4851a1d" />
    <TestEntry testId="b74899a7-755b-bb81-01d5-49ad0d40b58c" executionId="2c6867c4-198f-4bde-b2ea-6fa7c3fba3f2" testListId="8c84fa94-04c1-424b-9868-57a2d4851a1d" />
    <TestEntry testId="b643e7d9-f9fb-f3cd-84e0-6feff5f71629" executionId="bf5f482c-64a2-48e5-b577-436660b69769" testListId="8c84fa94-04c1-424b-9868-57a2d4851a1d" />
    <TestEntry testId="c76a12bb-7bf1-b81f-d031-51edcbdeef88" executionId="dbc6ea31-d44b-4119-8f3f-d0ca9c7ab3dd" testListId="8c84fa94-04c1-424b-9868-57a2d4851a1d" />
    <TestEntry testId="186d14a4-7497-9464-5d31-cb36451628fd" executionId="e8c668f6-8bc3-40e7-9808-cda2235c7bfd" testListId="8c84fa94-04c1-424b-9868-57a2d4851a1d" />
    <TestEntry testId="7aa3a1bf-7492-ff6f-d52d-3a18551f1169" executionId="fff54247-6252-44b6-a88b-f77bc136b6c1" testListId="8c84fa94-04c1-424b-9868-57a2d4851a1d" />
    <TestEntry testId="6f50b746-70f0-ea9b-2c28-8c6bc9e2aa2f" executionId="524ae44c-e9dc-4a04-9947-18806435bace" testListId="8c84fa94-04c1-424b-9868-57a2d4851a1d" />
    <TestEntry testId="68483dd7-e86a-b3a2-dd48-737ea7b12e9f" executionId="4e4ce9b5-793a-4821-8db5-032c96c548bb" testListId="8c84fa94-04c1-424b-9868-57a2d4851a1d" />
    <TestEntry testId="a002e988-2d6e-c15d-e110-eaa20876893e" executionId="7fed52af-4c13-419f-a068-f77925b4bc18" testListId="8c84fa94-04c1-424b-9868-57a2d4851a1d" />
    <TestEntry testId="7b40d58e-cc6a-40dc-31a3-9810eb779c22" executionId="6d0a6006-d58f-487c-aec8-8872ae3c61aa" testListId="8c84fa94-04c1-424b-9868-57a2d4851a1d" />
    <TestEntry testId="745408cd-749d-5796-196c-1e5c00c1de63" executionId="3db5dfc0-bfd1-4004-874f-f04650ecfc62" testListId="8c84fa94-04c1-424b-9868-57a2d4851a1d" />
    <TestEntry testId="5c15abb9-d271-71fd-81ea-7bd7bbfc6f22" executionId="eb9f92ba-af46-48a3-86d2-8c1119d00afe" testListId="8c84fa94-04c1-424b-9868-57a2d4851a1d" />
    <TestEntry testId="076000f4-4808-4633-4439-5eee4fce1c70" executionId="86338075-3bc8-49a8-90c4-a51312f9e812" testListId="8c84fa94-04c1-424b-9868-57a2d4851a1d" />
    <TestEntry testId="05ca24b0-f859-2170-e2e2-90809c37264d" executionId="e41fd77f-e25b-4dc1-b8d8-66ef3008c8df" testListId="8c84fa94-04c1-424b-9868-57a2d4851a1d" />
    <TestEntry testId="3b451fea-be52-9d5f-77d8-a8a99fd7d347" executionId="11bba5cb-722d-49fc-bbfc-fd62794ff9ce" testListId="8c84fa94-04c1-424b-9868-57a2d4851a1d" />
    <TestEntry testId="344d5d84-186e-9b3f-1394-8553464e6bb4" executionId="4dc84a0a-6ac9-408a-9fed-6b62c4bb69ff" testListId="8c84fa94-04c1-424b-9868-57a2d4851a1d" />
    <TestEntry testId="964def93-b103-0311-e089-fe78e8756f5f" executionId="a698344a-83d8-4618-b42f-a4138ea6b6ce" testListId="8c84fa94-04c1-424b-9868-57a2d4851a1d" />
    <TestEntry testId="5eb10d7e-ab72-0711-d349-6cef59459562" executionId="e882beb6-6ce0-463b-9836-d1bc007ca89c" testListId="8c84fa94-04c1-424b-9868-57a2d4851a1d" />
    <TestEntry testId="019acdc2-3a24-8ac0-ae9a-3f00329f08cb" executionId="97edc79e-8115-4c8a-a383-32a208c562a8" testListId="8c84fa94-04c1-424b-9868-57a2d4851a1d" />
    <TestEntry testId="67ee424f-d405-4959-1850-55552a48a08b" executionId="ae9b200e-8241-4a37-82fb-4ea2b121cc9e" testListId="8c84fa94-04c1-424b-9868-57a2d4851a1d" />
    <TestEntry testId="9d82e9df-3001-e8b7-a128-56aa838fe1bf" executionId="2ef01158-ee59-4d13-8cd3-b997d15aee50" testListId="8c84fa94-04c1-424b-9868-57a2d4851a1d" />
    <TestEntry testId="601a46f6-9e09-7657-a30e-bbfe8a7d5538" executionId="bc629590-439e-49f9-9876-eb805557d01d" testListId="8c84fa94-04c1-424b-9868-57a2d4851a1d" />
    <TestEntry testId="fd642c50-c3dc-7544-2591-3e73722524e1" executionId="d14af5df-5d3f-4f3f-8758-6eebda242e34" testListId="8c84fa94-04c1-424b-9868-57a2d4851a1d" />
    <TestEntry testId="c0ffccd6-3bb0-fe95-2fd4-4ed96b854e22" executionId="9a2ba1eb-7c3d-417d-b55f-497319da6928" testListId="8c84fa94-04c1-424b-9868-57a2d4851a1d" />
    <TestEntry testId="d070fb85-543e-b28a-ecbe-55727d248d57" executionId="891843fc-c95c-4ac9-a374-947edbf6308d" testListId="8c84fa94-04c1-424b-9868-57a2d4851a1d" />
    <TestEntry testId="1f44ca0e-5551-5a3a-bc39-060131a46199" executionId="1c88c967-67cb-4160-9306-782bebaf014e" testListId="8c84fa94-04c1-424b-9868-57a2d4851a1d" />
    <TestEntry testId="bfc625d2-ab8e-d975-5ffa-f2f529f4695a" executionId="235d14a4-d7d5-4c0b-96c7-ff41c6336158" testListId="8c84fa94-04c1-424b-9868-57a2d4851a1d" />
    <TestEntry testId="31c99b56-de2e-fcc2-97f0-f9a6c8fd33f3" executionId="f0a4161c-eeca-4027-ab8d-8825494bdd14" testListId="8c84fa94-04c1-424b-9868-57a2d4851a1d" />
    <TestEntry testId="1bdae0b0-b8db-3506-f262-67e3c22ec7d2" executionId="48abfb9e-ef3d-45fa-bf1a-29f47e5c8f1e" testListId="8c84fa94-04c1-424b-9868-57a2d4851a1d" />
    <TestEntry testId="0899fe58-cd4a-f988-ef16-78586625f6eb" executionId="a03e940e-a671-4f65-916a-30357526bdde" testListId="8c84fa94-04c1-424b-9868-57a2d4851a1d" />
    <TestEntry testId="3f93a13e-12df-fa51-caa9-70a973570d8e" executionId="913f996e-bb97-42dc-a016-f5d11d889713" testListId="8c84fa94-04c1-424b-9868-57a2d4851a1d" />
    <TestEntry testId="ced8bd61-14d0-63d2-b210-efbe1363c0f4" executionId="117fb39c-22a7-46cf-9df2-53d7965e7077" testListId="8c84fa94-04c1-424b-9868-57a2d4851a1d" />
    <TestEntry testId="d034e046-f855-c338-2f16-aea17ecddb5f" executionId="79823ab1-dc70-42bb-8daf-50e157982153" testListId="8c84fa94-04c1-424b-9868-57a2d4851a1d" />
    <TestEntry testId="64afea03-019c-2038-a440-c7a0a8e47cb8" executionId="f676c590-ff36-4e0a-accf-1bab75e97b10" testListId="8c84fa94-04c1-424b-9868-57a2d4851a1d" />
    <TestEntry testId="6efa1c05-55fa-476c-6049-14e990bfb340" executionId="2086a897-ac48-49d1-b8ba-26409b0da63b" testListId="8c84fa94-04c1-424b-9868-57a2d4851a1d" />
    <TestEntry testId="9b2da5ac-949c-f22d-9cb7-d45e8dbcfefa" executionId="7f372a18-3497-42f3-9a4e-a0bc6bc3fe2f" testListId="8c84fa94-04c1-424b-9868-57a2d4851a1d" />
    <TestEntry testId="6a277be7-851d-e77f-33c6-a088ed7b518c" executionId="8862ef04-98ed-4343-ae37-f8b73ac91540" testListId="8c84fa94-04c1-424b-9868-57a2d4851a1d" />
    <TestEntry testId="1b5c9d89-7e12-32c7-8da6-f3e83f529649" executionId="91fa591d-09b1-4636-b7eb-817677532427" testListId="8c84fa94-04c1-424b-9868-57a2d4851a1d" />
    <TestEntry testId="cafd471f-a60c-8b2b-f520-099f7261daa0" executionId="73d57d1a-b902-49f9-a465-d4d4cbff7397" testListId="8c84fa94-04c1-424b-9868-57a2d4851a1d" />
    <TestEntry testId="97408b63-f2a0-b216-00ff-028336d7dd38" executionId="e3c652be-02ca-40eb-8452-ab358097b5a9" testListId="8c84fa94-04c1-424b-9868-57a2d4851a1d" />
    <TestEntry testId="3c1ecc9c-adb6-8041-90fa-5fdca48de61a" executionId="30eedda8-1447-4244-ad41-11bfb6b44a68" testListId="8c84fa94-04c1-424b-9868-57a2d4851a1d" />
    <TestEntry testId="37ed1b3c-5d57-c9f2-dcc9-3e894ceb6621" executionId="6923050a-0d2b-4fd8-97eb-64e68a44fcfb" testListId="8c84fa94-04c1-424b-9868-57a2d4851a1d" />
    <TestEntry testId="2d52dbb7-1e17-f036-de12-168f9c294478" executionId="5b45f11f-39bb-40cb-9395-f03c08ebf6b9" testListId="8c84fa94-04c1-424b-9868-57a2d4851a1d" />
    <TestEntry testId="1c0dd587-cbbc-6ce6-b358-76eb43d39195" executionId="5968d3c2-c037-4976-ac3c-40dc2d4abf5a" testListId="8c84fa94-04c1-424b-9868-57a2d4851a1d" />
    <TestEntry testId="58e97ec1-8559-2e6f-7de2-4f6f2da020b3" executionId="486b0353-2a18-4320-824f-d1118246f9a3" testListId="8c84fa94-04c1-424b-9868-57a2d4851a1d" />
    <TestEntry testId="e7a5e7f6-b16f-eeb2-12b1-bb541a78ea9f" executionId="e81f7800-e5b9-422b-ab55-fa063e9ae1b8" testListId="8c84fa94-04c1-424b-9868-57a2d4851a1d" />
    <TestEntry testId="27f10470-27f0-306a-e5d9-bb0ca7049173" executionId="bdb90bc9-cd43-499c-a867-af9596640666" testListId="8c84fa94-04c1-424b-9868-57a2d4851a1d" />
    <TestEntry testId="1c8f73b5-943a-2811-697c-20e538f7b9d9" executionId="2b5bfaf8-790d-4e4e-981f-dcc0050b8166" testListId="8c84fa94-04c1-424b-9868-57a2d4851a1d" />
    <TestEntry testId="731947ba-5cd1-7e47-a7cc-b023d895bab0" executionId="e40214b0-48ca-4305-8212-77d4852784d0" testListId="8c84fa94-04c1-424b-9868-57a2d4851a1d" />
    <TestEntry testId="c7aed7ea-2650-2c29-d6da-b2a65ea69e9a" executionId="820c980f-e85c-4631-9e6e-f1f55e274d11" testListId="8c84fa94-04c1-424b-9868-57a2d4851a1d" />
    <TestEntry testId="84b1090c-e82a-1c60-b6a0-d7f604b37e3d" executionId="3a6b8528-f30b-408f-9206-a778b43ca7a2" testListId="8c84fa94-04c1-424b-9868-57a2d4851a1d" />
    <TestEntry testId="cd70d9e1-994d-b9ec-227d-6dff027be905" executionId="f9d0dabc-77bd-4f61-9bf9-e2c69bf870c5" testListId="8c84fa94-04c1-424b-9868-57a2d4851a1d" />
    <TestEntry testId="edc313b2-b997-e0ba-b50e-9da1d0979b3a" executionId="3e1a64da-7acf-4a6a-80c4-e66e1899f223" testListId="8c84fa94-04c1-424b-9868-57a2d4851a1d" />
    <TestEntry testId="a66ef8ff-2044-0b0a-bffc-d7f75021108b" executionId="c2a5e041-033c-4386-85c2-223d08f9da0f" testListId="8c84fa94-04c1-424b-9868-57a2d4851a1d" />
    <TestEntry testId="2eda8bee-cdda-f466-0e32-b5a9090e3ded" executionId="a8d28a27-5e5e-4b0b-a72b-f04d3c70b055" testListId="8c84fa94-04c1-424b-9868-57a2d4851a1d" />
    <TestEntry testId="97774efa-eb1a-109d-b30e-3285e3ed3953" executionId="35727406-f20c-4c52-92b3-3113d44f7cbd" testListId="8c84fa94-04c1-424b-9868-57a2d4851a1d" />
    <TestEntry testId="05240dd8-5fb2-c4ca-4cae-0b2f9e04ed8d" executionId="0b5f1f10-2715-45dc-866e-7794eb3a8753" testListId="8c84fa94-04c1-424b-9868-57a2d4851a1d" />
    <TestEntry testId="9cea30dd-7f04-47d7-bb67-6c0902bfded6" executionId="63b0e86f-d089-442a-bc3a-1ce0b62d37dc" testListId="8c84fa94-04c1-424b-9868-57a2d4851a1d" />
    <TestEntry testId="47f1b4eb-aecc-fae7-2947-dd6ceaf06840" executionId="0f425a5a-360f-4cd2-b904-22b1240e38d8" testListId="8c84fa94-04c1-424b-9868-57a2d4851a1d" />
    <TestEntry testId="6d794ea4-cbb2-0e6b-106c-f8fcecbfaff6" executionId="545c4c0e-6860-4ceb-89b8-89976271bed1" testListId="8c84fa94-04c1-424b-9868-57a2d4851a1d" />
    <TestEntry testId="a187cc47-ebe0-58d9-f8cd-48edba484972" executionId="5fa7681a-bf15-4b59-9fd2-c7c6bbf1067f" testListId="8c84fa94-04c1-424b-9868-57a2d4851a1d" />
    <TestEntry testId="0b8886ee-b4bd-cb37-7d64-bbb5be0dca24" executionId="cee18b59-4ab6-4011-95ab-dc7d4034acad" testListId="8c84fa94-04c1-424b-9868-57a2d4851a1d" />
    <TestEntry testId="e5c178bc-bcbd-9890-6e6d-dd5a9800c0be" executionId="8d4e503f-a7e5-43fe-9b35-a2184b147065" testListId="8c84fa94-04c1-424b-9868-57a2d4851a1d" />
    <TestEntry testId="1cdf0ca5-3a71-f04e-09fc-b3a496b92163" executionId="098444dc-1af7-4152-9641-f78184c077ed" testListId="8c84fa94-04c1-424b-9868-57a2d4851a1d" />
    <TestEntry testId="15615518-51ce-4794-b791-4bb533736d9d" executionId="6452fe35-1e07-475e-a206-8fe5fe3723ba" testListId="8c84fa94-04c1-424b-9868-57a2d4851a1d" />
    <TestEntry testId="ba2eaf1e-edeb-b637-ccb2-1335b95c57f8" executionId="92eb8656-1f6c-4c6a-a107-8cbc7642b509" testListId="8c84fa94-04c1-424b-9868-57a2d4851a1d" />
    <TestEntry testId="b171fb02-28f8-9b72-eb84-dbdd1738aab3" executionId="5ae160a3-ce6f-4971-a74d-234da3e8ce88" testListId="8c84fa94-04c1-424b-9868-57a2d4851a1d" />
    <TestEntry testId="974283db-dd48-f74e-f0fe-a9ae9eae574b" executionId="a17a32cf-afc2-4b22-a69f-dc1dc7459bc0" testListId="8c84fa94-04c1-424b-9868-57a2d4851a1d" />
    <TestEntry testId="34ecaa0d-604d-9731-fe4e-cb99e4a4074c" executionId="193d9baa-71bf-4fb8-b304-b384b243e92d" testListId="8c84fa94-04c1-424b-9868-57a2d4851a1d" />
    <TestEntry testId="e3e918e5-c1ff-774a-a047-e900f2b91611" executionId="6a8bdc06-6d3c-471c-8150-1cf4c64eac2c" testListId="8c84fa94-04c1-424b-9868-57a2d4851a1d" />
    <TestEntry testId="28405986-3973-e9d7-dffb-955b377ab3af" executionId="013030e5-971d-46ba-8c9a-422296ec47f0" testListId="8c84fa94-04c1-424b-9868-57a2d4851a1d" />
    <TestEntry testId="836169bd-c0e6-a9ff-4777-8d5c4d4ae243" executionId="b5e4d8f3-1c20-467a-be20-309f9c26dc2b" testListId="8c84fa94-04c1-424b-9868-57a2d4851a1d" />
    <TestEntry testId="ed96a15e-d668-b0e0-7a6d-81bfb3dcdb1d" executionId="4c6da136-9b15-4b24-b3fd-4c91985f84e6" testListId="8c84fa94-04c1-424b-9868-57a2d4851a1d" />
    <TestEntry testId="5ababe60-6870-df24-5b20-b5429dab15fe" executionId="bf978be6-0241-4b43-b830-24fe222673f0" testListId="8c84fa94-04c1-424b-9868-57a2d4851a1d" />
    <TestEntry testId="53d25c15-444d-c000-f2a4-ba419f673e67" executionId="8f4d823d-6ea9-4975-a157-a532500c51e9" testListId="8c84fa94-04c1-424b-9868-57a2d4851a1d" />
    <TestEntry testId="a1e5de6c-0bef-dc6d-56c7-f9f48f119852" executionId="730577b5-a601-419c-8800-7da452f4a553" testListId="8c84fa94-04c1-424b-9868-57a2d4851a1d" />
    <TestEntry testId="e5302797-06ae-c2d3-e075-116862ac0366" executionId="c90aea98-008c-4058-aa13-6de692e8a701" testListId="8c84fa94-04c1-424b-9868-57a2d4851a1d" />
    <TestEntry testId="913acd82-a317-96ac-5c38-959be27be9b6" executionId="48268c95-5981-4569-a438-6ade78a511d1" testListId="8c84fa94-04c1-424b-9868-57a2d4851a1d" />
    <TestEntry testId="2b375c17-f941-39d1-81bd-6184b3a8b0f0" executionId="4e047c9f-2fa4-4bb2-ac81-45b08ef90855" testListId="8c84fa94-04c1-424b-9868-57a2d4851a1d" />
    <TestEntry testId="22755400-2f12-5009-0b89-50c87a8d9c30" executionId="af7ea609-8dfc-417f-a86f-40eeac715d2f" testListId="8c84fa94-04c1-424b-9868-57a2d4851a1d" />
    <TestEntry testId="37feef46-bcda-d5a6-ebbf-6dc3d67c934b" executionId="2c52a58f-26b8-4d23-8d87-b4491bea336d" testListId="8c84fa94-04c1-424b-9868-57a2d4851a1d" />
    <TestEntry testId="7e5b64eb-1125-0147-e4d8-6d6c39f4eabd" executionId="330d9325-96be-449b-8f3b-66e354a31def" testListId="8c84fa94-04c1-424b-9868-57a2d4851a1d" />
    <TestEntry testId="54aef316-cee8-391b-ea6d-7e8839e0bb8a" executionId="51a28441-6c6e-46aa-994e-907b4eaa0bb3" testListId="8c84fa94-04c1-424b-9868-57a2d4851a1d" />
    <TestEntry testId="115376da-6d30-a171-b325-49db7349cb5f" executionId="cdc1fdf8-8e3d-4209-9909-a3dcb572ad83" testListId="8c84fa94-04c1-424b-9868-57a2d4851a1d" />
    <TestEntry testId="bb668c6b-3bb8-efe3-597f-d4b42a5425ee" executionId="f3943693-8686-4279-a782-e8ca1b9c73ad" testListId="8c84fa94-04c1-424b-9868-57a2d4851a1d" />
    <TestEntry testId="149731aa-977b-2a5c-d52d-6b31cb019254" executionId="10450664-54fb-4992-8a8d-3b3371dc519f" testListId="8c84fa94-04c1-424b-9868-57a2d4851a1d" />
    <TestEntry testId="fa23a34e-4ed2-42b6-5ded-6fe8a974ddc3" executionId="9726a389-a849-4e17-8729-e8608c0a4485" testListId="8c84fa94-04c1-424b-9868-57a2d4851a1d" />
    <TestEntry testId="d1029b6c-2d18-cf49-aff8-c8b98c40d82d" executionId="67fba434-afba-4e01-a3f6-55293f3d07ae" testListId="8c84fa94-04c1-424b-9868-57a2d4851a1d" />
    <TestEntry testId="deac62cd-6c7c-a26b-0c12-4e08af9ffcd4" executionId="316d5eeb-bf2b-47c9-878e-16b1d0c13423" testListId="8c84fa94-04c1-424b-9868-57a2d4851a1d" />
    <TestEntry testId="ee3b86f8-8a46-324f-1e28-65e97d0ee302" executionId="8a4b8749-60ce-4278-ba4f-80d17fe9fecf" testListId="8c84fa94-04c1-424b-9868-57a2d4851a1d" />
    <TestEntry testId="403253e4-85c4-5f50-af8c-02f4522b13ca" executionId="830c1422-1ddc-4474-a64b-3bbe7ce55a73" testListId="8c84fa94-04c1-424b-9868-57a2d4851a1d" />
    <TestEntry testId="680e486f-d03a-253c-2508-245d09c8ffca" executionId="05a99f50-e86a-45aa-9a56-af5a2c5d3a12" testListId="8c84fa94-04c1-424b-9868-57a2d4851a1d" />
    <TestEntry testId="0d54dc7a-a041-f2a9-b6ea-cbb53ea4f1fb" executionId="213b84af-fb42-4684-8735-59018f83966a" testListId="8c84fa94-04c1-424b-9868-57a2d4851a1d" />
    <TestEntry testId="c0ffd9d1-5d5a-d0e6-2d40-a2c560e0ecf0" executionId="58347b6d-e3bb-4ab8-ab80-40c1d6f85a20" testListId="8c84fa94-04c1-424b-9868-57a2d4851a1d" />
    <TestEntry testId="235eee1b-e886-be92-7094-572580e9ac5b" executionId="4200a0f1-0f2e-4538-bde3-9604dbfb5acc" testListId="8c84fa94-04c1-424b-9868-57a2d4851a1d" />
    <TestEntry testId="0a218336-a74f-7d09-021f-593fc75e166a" executionId="c7168b39-62c8-4548-807b-8b1fc2cfd1a6" testListId="8c84fa94-04c1-424b-9868-57a2d4851a1d" />
    <TestEntry testId="2339714b-3a37-b747-0306-b4aca9f6af32" executionId="cad3bf35-d2a0-4add-8abe-f104d3ccffe1" testListId="8c84fa94-04c1-424b-9868-57a2d4851a1d" />
    <TestEntry testId="791cd75b-957d-707c-6067-0e61efdc8be6" executionId="f8b3f547-8daf-4216-b924-776a5e12378f" testListId="8c84fa94-04c1-424b-9868-57a2d4851a1d" />
    <TestEntry testId="1a963a2d-a165-ac0a-ddfe-c76c0d111cb6" executionId="56f032b8-8327-4d93-bd24-0c45f387da4d" testListId="8c84fa94-04c1-424b-9868-57a2d4851a1d" />
    <TestEntry testId="0851ae6d-7d30-56e2-bb40-b389d0975a2a" executionId="b9876626-26fe-4ee7-b103-0bb4fd5b751f" testListId="8c84fa94-04c1-424b-9868-57a2d4851a1d" />
    <TestEntry testId="6cb67733-7154-a258-7f0e-e2798ebbc7e9" executionId="abbe10a0-63f0-4a8c-82b3-02878544b8ac" testListId="8c84fa94-04c1-424b-9868-57a2d4851a1d" />
    <TestEntry testId="5ae11058-1db0-3b97-937f-202bb0056fc0" executionId="757a4b2f-c6d3-4d13-b58d-1ae2c5093d6a" testListId="8c84fa94-04c1-424b-9868-57a2d4851a1d" />
    <TestEntry testId="6bb16f08-af0a-3278-9684-e9af8495b832" executionId="508e04b7-fde5-4b3d-b74f-6e6bfb63960d" testListId="8c84fa94-04c1-424b-9868-57a2d4851a1d" />
    <TestEntry testId="063713cd-7ea1-a8f4-b891-360c93a3f83b" executionId="1fa4e85b-f025-4a24-a107-b56d75e714f0" testListId="8c84fa94-04c1-424b-9868-57a2d4851a1d" />
    <TestEntry testId="ed6d33bb-18d8-6d57-353f-0541c8dbcc5e" executionId="08d5b064-1aa1-436a-80ac-3716b61de9f9" testListId="8c84fa94-04c1-424b-9868-57a2d4851a1d" />
    <TestEntry testId="f35aa48a-4848-8395-7367-8c7b56a9e78f" executionId="5a23eef5-c9f9-4a3a-b6f1-75e1c9bc82a7" testListId="8c84fa94-04c1-424b-9868-57a2d4851a1d" />
    <TestEntry testId="9885dfbe-fae7-a381-a6b1-db92c0933c79" executionId="0eb7561f-c522-4c71-90c2-36b7c14a0254" testListId="8c84fa94-04c1-424b-9868-57a2d4851a1d" />
    <TestEntry testId="14b50e1a-535a-bf1b-961e-2846acb6c9db" executionId="10d92b7f-bad5-4f2f-accd-c6760ba967e4" testListId="8c84fa94-04c1-424b-9868-57a2d4851a1d" />
    <TestEntry testId="419cf15d-dbd3-4c77-1016-d687a4533662" executionId="2ba00e64-991c-4b2e-8863-b7a9b685fdfa" testListId="8c84fa94-04c1-424b-9868-57a2d4851a1d" />
    <TestEntry testId="8941102d-ef4f-764b-227e-4181bbc40e44" executionId="69d42cd4-7352-4d56-a807-4aabb039c69b" testListId="8c84fa94-04c1-424b-9868-57a2d4851a1d" />
    <TestEntry testId="2b375b07-c098-731f-ee9c-5828b4bb628e" executionId="90dad28f-2ba6-435a-95aa-340814dd6fae" testListId="8c84fa94-04c1-424b-9868-57a2d4851a1d" />
    <TestEntry testId="c13bf542-ccc8-54a7-a39b-8983cfdc7221" executionId="2ca91740-8353-4d1e-8c73-af4e7b64b985" testListId="8c84fa94-04c1-424b-9868-57a2d4851a1d" />
    <TestEntry testId="037a09d6-e527-c453-9cf2-74da209185e9" executionId="0e650063-acd4-4614-b5ed-a63e04280781" testListId="8c84fa94-04c1-424b-9868-57a2d4851a1d" />
    <TestEntry testId="9479bd20-74fd-239b-afa9-a49e18c37d60" executionId="e744904b-71bb-4bdd-86d0-0e316eefaa3a" testListId="8c84fa94-04c1-424b-9868-57a2d4851a1d" />
    <TestEntry testId="79f0cdc5-ac75-f208-949a-700a5ba6062a" executionId="2cb00bff-3acb-4c50-ad53-cd7c4d64ed03" testListId="8c84fa94-04c1-424b-9868-57a2d4851a1d" />
    <TestEntry testId="e6afc307-97ba-04ca-81d6-c1c2faf9ac00" executionId="e1cf3b08-5c02-473e-8482-f08479f91994" testListId="8c84fa94-04c1-424b-9868-57a2d4851a1d" />
    <TestEntry testId="05e6b92f-266f-89d6-4d5a-5073ac7f4aa4" executionId="867e6d10-bacb-4d60-a8a2-9b2609fb61f7" testListId="8c84fa94-04c1-424b-9868-57a2d4851a1d" />
    <TestEntry testId="c1859b60-2428-fcaa-8122-5c94e13b9a56" executionId="5d65a663-5913-4980-b13e-8d062d9b5535" testListId="8c84fa94-04c1-424b-9868-57a2d4851a1d" />
    <TestEntry testId="7764e8e2-d3a2-e4c4-ab9f-5d5fadc69626" executionId="23b1bf51-0204-4764-bdf1-d4fe5446ffb1" testListId="8c84fa94-04c1-424b-9868-57a2d4851a1d" />
    <TestEntry testId="1f776d35-5e44-46ad-eb07-3c9c08a58ef7" executionId="8443c91e-4d58-4297-8b00-a1ba0ad5d3f7" testListId="8c84fa94-04c1-424b-9868-57a2d4851a1d" />
    <TestEntry testId="34f54ee0-9ab0-c6ba-9c5e-92c1a586250e" executionId="75798e7c-1c13-4f4a-95c9-35046fa39664" testListId="8c84fa94-04c1-424b-9868-57a2d4851a1d" />
    <TestEntry testId="b3e8b018-5ec8-3fb3-5e4e-4a80bbe7ecd5" executionId="b9819f69-2c00-4f88-ae3a-464dd631bb2f" testListId="8c84fa94-04c1-424b-9868-57a2d4851a1d" />
    <TestEntry testId="ec22c9c3-1a4a-ac3e-5b2a-b8cc9efb97e3" executionId="29ffca8e-4662-4425-b2c6-cecb4ac8d662" testListId="8c84fa94-04c1-424b-9868-57a2d4851a1d" />
    <TestEntry testId="34590d27-8403-3173-685a-27ede61afc97" executionId="584e69b3-f8cd-4307-ad4f-cc33c0ed8009" testListId="8c84fa94-04c1-424b-9868-57a2d4851a1d" />
    <TestEntry testId="71555164-1c94-200b-bfdf-d1ece49c4ff0" executionId="d83ad7a1-9927-4494-bc0e-436c928d6c46" testListId="8c84fa94-04c1-424b-9868-57a2d4851a1d" />
    <TestEntry testId="15507613-0a5c-e462-67c9-af28b75e2c36" executionId="a37c995b-495c-4c0b-a96d-ee63a4459265" testListId="8c84fa94-04c1-424b-9868-57a2d4851a1d" />
    <TestEntry testId="809e7ddb-4125-208c-0c23-05b7a1c69034" executionId="35bba974-c012-4525-a9c3-f8a7a0c1857f" testListId="8c84fa94-04c1-424b-9868-57a2d4851a1d" />
    <TestEntry testId="fa177119-2489-71ed-b1fd-569fce172735" executionId="07c12b2d-eb16-4d5a-a936-1c169cfcdd92" testListId="8c84fa94-04c1-424b-9868-57a2d4851a1d" />
    <TestEntry testId="991585ad-c440-070f-dd9c-003332f2c45e" executionId="1ece5ecb-5190-413b-bd5a-90fde8ab2b7b" testListId="8c84fa94-04c1-424b-9868-57a2d4851a1d" />
    <TestEntry testId="342dc88d-96e7-856a-be70-62e7aeb3e4f3" executionId="5bbeb7c9-b96b-4a4b-9cda-2722ce3f72a7" testListId="8c84fa94-04c1-424b-9868-57a2d4851a1d" />
    <TestEntry testId="51d4d131-e2f6-d9c6-fab5-b1e73931349f" executionId="088b1798-63b2-4ba5-9e51-d24e40c38e48" testListId="8c84fa94-04c1-424b-9868-57a2d4851a1d" />
    <TestEntry testId="5a5d9cad-d31e-7b7f-cf95-8c229a4ce94f" executionId="e408b0f1-2ddc-4418-bc84-3ff2b81b8700" testListId="8c84fa94-04c1-424b-9868-57a2d4851a1d" />
    <TestEntry testId="a50192e5-7f65-af41-eb1e-8a79dc903e42" executionId="f9dda20e-5a77-456b-947a-d1591b2abe3b" testListId="8c84fa94-04c1-424b-9868-57a2d4851a1d" />
    <TestEntry testId="6648edde-8bea-e56b-d73e-7dde6762e7c9" executionId="d7b47096-b0cf-4719-8f59-4dbcacd98e45" testListId="8c84fa94-04c1-424b-9868-57a2d4851a1d" />
    <TestEntry testId="f1910126-1cb1-ddc3-110a-fdec04d11dda" executionId="3f527faf-3ada-449c-8789-2409e5575004" testListId="8c84fa94-04c1-424b-9868-57a2d4851a1d" />
    <TestEntry testId="ca61e454-dc1e-af84-d00f-e6cb4fb3c628" executionId="5d698e1d-bb88-44ea-92be-e68667afd9ef" testListId="8c84fa94-04c1-424b-9868-57a2d4851a1d" />
    <TestEntry testId="b1636c27-b271-2670-9f90-e162ef43624d" executionId="8819ee29-a2f4-4f01-a673-a04089477b45" testListId="8c84fa94-04c1-424b-9868-57a2d4851a1d" />
    <TestEntry testId="60b5fd2c-7d14-cfda-d5c1-83128bb51e6c" executionId="ab7264cf-dff0-4c6e-9243-624bd18092b2" testListId="8c84fa94-04c1-424b-9868-57a2d4851a1d" />
    <TestEntry testId="6873b36b-0411-094d-f9c4-8e8fca5049ee" executionId="d6a2809b-719b-451b-98c0-0fa73163f055" testListId="8c84fa94-04c1-424b-9868-57a2d4851a1d" />
    <TestEntry testId="62f2f40c-ebb1-f29e-4e9c-739ab4b22405" executionId="c679d8f1-c69f-4e93-9ea1-bd6b74e91d7d" testListId="8c84fa94-04c1-424b-9868-57a2d4851a1d" />
    <TestEntry testId="33e7004e-4d72-f162-ce3d-5fe2603e7c85" executionId="f628f668-0871-41ed-9ac0-f1a8f7d61c85" testListId="8c84fa94-04c1-424b-9868-57a2d4851a1d" />
    <TestEntry testId="cf60b25f-9d8c-631b-7839-a6e49fa42a52" executionId="70921d08-8ad3-4927-9d91-35ccec36fd0e" testListId="8c84fa94-04c1-424b-9868-57a2d4851a1d" />
    <TestEntry testId="6fe55e00-3434-f423-9b49-52e9cbd38006" executionId="0245bccf-1126-41a3-9f9b-b5ef2b093c17" testListId="8c84fa94-04c1-424b-9868-57a2d4851a1d" />
    <TestEntry testId="a04f4ea6-daec-4118-5d72-77de2269b0e3" executionId="36fed47a-27c6-4a0b-b991-d459931601a3" testListId="8c84fa94-04c1-424b-9868-57a2d4851a1d" />
    <TestEntry testId="ef1fd476-e17f-2132-5e2d-879d2c7b3e74" executionId="af8b2a01-550c-42f9-8f75-f1f21278a008" testListId="8c84fa94-04c1-424b-9868-57a2d4851a1d" />
    <TestEntry testId="0585d455-61e4-2eb5-583e-e958a2c77ea8" executionId="aec7cdf8-156e-4b77-a64f-69f11541c382" testListId="8c84fa94-04c1-424b-9868-57a2d4851a1d" />
    <TestEntry testId="2ba42a4a-e568-a156-8ef0-21c957b62e51" executionId="5b23e61d-602a-48cf-9d50-44f3d2fa8282" testListId="8c84fa94-04c1-424b-9868-57a2d4851a1d" />
    <TestEntry testId="10975d85-545f-fac2-de44-b0b59265f50d" executionId="20bfbab5-2b82-4969-b383-0a9cacdecd07" testListId="8c84fa94-04c1-424b-9868-57a2d4851a1d" />
    <TestEntry testId="e2e9dc12-3e4c-cacb-23d1-097b65798aef" executionId="6759b281-0394-40da-bec7-746e755d14d9" testListId="8c84fa94-04c1-424b-9868-57a2d4851a1d" />
    <TestEntry testId="ea753741-e7e4-f6e4-bc45-20263fbda7e4" executionId="12a2b878-235f-432a-8c80-4f952f595ec1" testListId="8c84fa94-04c1-424b-9868-57a2d4851a1d" />
    <TestEntry testId="2417ecd1-98f0-14d9-1bf7-2493e8a3b660" executionId="5482229a-746e-404e-96cd-7da928f20a1f" testListId="8c84fa94-04c1-424b-9868-57a2d4851a1d" />
    <TestEntry testId="fb4aa84b-6a65-a905-4acf-ecfb707d5920" executionId="fad5ecf9-7519-4a38-8abb-f277ea257999" testListId="8c84fa94-04c1-424b-9868-57a2d4851a1d" />
    <TestEntry testId="97539ee6-e3a7-3a02-ed55-acb2f53bbdce" executionId="d7fa2c0f-83bc-4822-8f1a-ca5137006f1b" testListId="8c84fa94-04c1-424b-9868-57a2d4851a1d" />
    <TestEntry testId="426c3685-109b-0158-7eca-b9f26e9993eb" executionId="b5c06a2e-2bb1-40fb-b383-baa9fb391fbe" testListId="8c84fa94-04c1-424b-9868-57a2d4851a1d" />
    <TestEntry testId="de2eaefe-0fd0-f59c-2a6e-8f3e40af6ae0" executionId="572d583a-568e-4b4a-97c6-e58d88440539" testListId="8c84fa94-04c1-424b-9868-57a2d4851a1d" />
    <TestEntry testId="02a805af-b8cd-fdee-d1f0-3f1cd08f9078" executionId="d62d8466-af81-4b58-9868-a918ea086179" testListId="8c84fa94-04c1-424b-9868-57a2d4851a1d" />
    <TestEntry testId="168ac936-6199-d32e-622b-346617cd6cba" executionId="245690b6-e457-4bd7-8c68-3e9964fc1089" testListId="8c84fa94-04c1-424b-9868-57a2d4851a1d" />
    <TestEntry testId="9fee59ef-ed99-ff45-80f4-32089ec5314a" executionId="cd124de6-027f-42f7-b638-678d3f425982" testListId="8c84fa94-04c1-424b-9868-57a2d4851a1d" />
    <TestEntry testId="45764f6b-7d3b-5cbd-033f-dff3a744221a" executionId="f35a2b4f-63d5-41b8-a1ef-10c53cf75588" testListId="8c84fa94-04c1-424b-9868-57a2d4851a1d" />
    <TestEntry testId="59dba1b1-d213-b2f5-f552-c211e12a0538" executionId="89d5508b-a931-49ac-969d-da4c0dc44a36" testListId="8c84fa94-04c1-424b-9868-57a2d4851a1d" />
    <TestEntry testId="60f2a805-44db-bfea-07a9-0fcb3a22dc30" executionId="c63ac905-22ef-41ce-b842-ab5507f27f02" testListId="8c84fa94-04c1-424b-9868-57a2d4851a1d" />
    <TestEntry testId="fdbd5e31-702c-3a5e-0d01-ed0aacfbe59b" executionId="08635032-2197-410b-a44b-deaddd33e794" testListId="8c84fa94-04c1-424b-9868-57a2d4851a1d" />
    <TestEntry testId="0701f05c-2562-b71a-9ed9-47fc547fb859" executionId="9c2599be-b6c2-448a-a5d4-107459ad94f7" testListId="8c84fa94-04c1-424b-9868-57a2d4851a1d" />
    <TestEntry testId="a3753bc7-8156-e0b6-9557-a93ba2f95af5" executionId="8a827667-056c-47d0-968b-65b2fe1c12a9" testListId="8c84fa94-04c1-424b-9868-57a2d4851a1d" />
    <TestEntry testId="148fb164-9865-74f0-2fbc-194d11fcf695" executionId="35e3c3ea-5596-4977-8a1b-13d2eadc6ced" testListId="8c84fa94-04c1-424b-9868-57a2d4851a1d" />
    <TestEntry testId="54cc3b20-5ed4-e526-eee0-57dc434ad39d" executionId="54d93c40-4952-488c-9a43-37f1f5df2993" testListId="8c84fa94-04c1-424b-9868-57a2d4851a1d" />
    <TestEntry testId="15bb6de9-0770-0073-0113-c6fc82fd23fe" executionId="2c5df53c-e096-4f82-acae-6800f0fb5643" testListId="8c84fa94-04c1-424b-9868-57a2d4851a1d" />
    <TestEntry testId="a7d6acc5-b9fb-25de-5b4a-855a8dda7222" executionId="c5d754e8-f894-4c75-bc89-7ed3f3f41568" testListId="8c84fa94-04c1-424b-9868-57a2d4851a1d" />
    <TestEntry testId="6cfd38d4-850b-32d1-9cdf-08e4ac628267" executionId="51488b0d-2626-491e-9f7c-f7cd73cc5e12" testListId="8c84fa94-04c1-424b-9868-57a2d4851a1d" />
    <TestEntry testId="90ace3ac-4ac9-649c-fafa-b8534ce4e277" executionId="e247f377-ea91-41dc-9dc4-16b3918da69a" testListId="8c84fa94-04c1-424b-9868-57a2d4851a1d" />
    <TestEntry testId="14826f0c-847a-ef4c-ff79-e35d4d2cc4d2" executionId="3aa70565-8e24-4807-9ad5-a9618b622a7a" testListId="8c84fa94-04c1-424b-9868-57a2d4851a1d" />
    <TestEntry testId="40330816-b0cb-d2d1-aa0a-f53bafecb9e1" executionId="635ce25d-1af7-464f-b41b-fb633fdd899e" testListId="8c84fa94-04c1-424b-9868-57a2d4851a1d" />
    <TestEntry testId="ebdd085c-db22-74fc-df96-6b991ba1dfc5" executionId="598ae090-3f2b-4d8f-b4c9-418fbfa1f441" testListId="8c84fa94-04c1-424b-9868-57a2d4851a1d" />
    <TestEntry testId="c838ec43-e1b1-4f41-5a56-42cf08d54a6d" executionId="d7eb44fc-941c-4b98-99f5-789a060230ab" testListId="8c84fa94-04c1-424b-9868-57a2d4851a1d" />
    <TestEntry testId="3b44c1b2-ebe3-d50f-f617-c3a3630288e1" executionId="4d7e50ca-cfbd-4711-a4de-4191c7945ba8" testListId="8c84fa94-04c1-424b-9868-57a2d4851a1d" />
    <TestEntry testId="06b7cd2c-4b78-3987-049b-db9a77695869" executionId="787566fd-7160-455f-949c-c6a27d8f41b7" testListId="8c84fa94-04c1-424b-9868-57a2d4851a1d" />
    <TestEntry testId="4491f9fe-5cf9-953a-c19b-af05bd4de2d2" executionId="d3c7c79a-a2e2-4f61-911f-a7a70056c6f8" testListId="8c84fa94-04c1-424b-9868-57a2d4851a1d" />
    <TestEntry testId="d2fdd3fd-acc6-e591-6b4b-9f9d210fd7f2" executionId="94cb3584-8084-4613-916f-0847439cddb9" testListId="8c84fa94-04c1-424b-9868-57a2d4851a1d" />
    <TestEntry testId="58f5f7f9-d939-6357-c1c7-c36715b5bea7" executionId="2f92a052-6f8f-4dc7-a539-762f3c85720b" testListId="8c84fa94-04c1-424b-9868-57a2d4851a1d" />
    <TestEntry testId="f14d37ac-17c6-369c-fd2f-5addbbf185b9" executionId="abac34a8-7a38-4d44-aa32-d8f43943c5c7" testListId="8c84fa94-04c1-424b-9868-57a2d4851a1d" />
    <TestEntry testId="60d189d9-8078-fa50-93df-09ba5b77c07f" executionId="9fd73e3b-8b54-4a8d-bc50-2f623d9be87a" testListId="8c84fa94-04c1-424b-9868-57a2d4851a1d" />
    <TestEntry testId="cf9a916c-2a6f-e32b-15bc-64e4c2eab516" executionId="a640d2a5-15d9-47f8-8e75-9ee13da47d32" testListId="8c84fa94-04c1-424b-9868-57a2d4851a1d" />
    <TestEntry testId="0ea1e89b-945f-a96c-a35c-e809ded84f1d" executionId="489e2bf6-85cb-471b-9e5a-88d40f067ae7" testListId="8c84fa94-04c1-424b-9868-57a2d4851a1d" />
    <TestEntry testId="00189caf-ff8f-7381-167f-0f97990ffadb" executionId="27084a0f-6c0d-4b1b-b2bc-ee2a194fa809" testListId="8c84fa94-04c1-424b-9868-57a2d4851a1d" />
    <TestEntry testId="d5bbd898-259a-8352-6772-ad38e59e6edb" executionId="5b47f76c-5d56-40ea-921b-977fa99ea313" testListId="8c84fa94-04c1-424b-9868-57a2d4851a1d" />
    <TestEntry testId="ce38a169-227a-bd55-47e0-25f899986190" executionId="19a8b0e6-10dc-4862-811d-51877700d430" testListId="8c84fa94-04c1-424b-9868-57a2d4851a1d" />
    <TestEntry testId="3eaec7de-58b4-c4e8-59ca-0c7d154e726b" executionId="8ae11dca-5703-415c-9e7e-d3c9315f8cfd" testListId="8c84fa94-04c1-424b-9868-57a2d4851a1d" />
    <TestEntry testId="8c47a119-01be-cd78-d612-ccc6b18e4c3f" executionId="ce6aab05-8f66-4e6a-8774-b6cfe9a8c699" testListId="8c84fa94-04c1-424b-9868-57a2d4851a1d" />
    <TestEntry testId="75a535dc-6c53-101b-61eb-87e32d73e7c2" executionId="67269f0f-2b15-47eb-9260-d4803aaa2a89" testListId="8c84fa94-04c1-424b-9868-57a2d4851a1d" />
    <TestEntry testId="29eee7c2-438c-b3e3-fdc1-a2d9d61166ca" executionId="424bf2b2-1602-4c70-96a8-590939e1d9c6" testListId="8c84fa94-04c1-424b-9868-57a2d4851a1d" />
    <TestEntry testId="ef21c382-efea-72e6-4194-dcbf27436a93" executionId="e1c8d1b4-bb1c-4b7c-b6e3-32ef9656f1ee" testListId="8c84fa94-04c1-424b-9868-57a2d4851a1d" />
    <TestEntry testId="5b1dca16-3e49-bb05-16df-6ea19eaef175" executionId="0e19e5f0-e266-4cee-801c-9b8d6bce8c4c" testListId="8c84fa94-04c1-424b-9868-57a2d4851a1d" />
    <TestEntry testId="50795332-6fc6-1bbd-99bd-6fb6dea21ef5" executionId="5fcd03f9-4b29-4c3a-9c81-a6af9adae07f" testListId="8c84fa94-04c1-424b-9868-57a2d4851a1d" />
    <TestEntry testId="ef463222-b7d1-83ff-8b0a-495c5300c4a9" executionId="e7e49c25-4c72-43fe-87b6-42c193aace59" testListId="8c84fa94-04c1-424b-9868-57a2d4851a1d" />
    <TestEntry testId="a2869e88-fd6e-2049-dce1-9268bff7d3a1" executionId="794e10ac-f530-4442-af0d-d10a5473d2b7" testListId="8c84fa94-04c1-424b-9868-57a2d4851a1d" />
    <TestEntry testId="6a1b7daf-9752-0a61-7f1d-da50f3fa6a8d" executionId="95b60840-4a3a-4bf1-b10e-45f3a9749491" testListId="8c84fa94-04c1-424b-9868-57a2d4851a1d" />
    <TestEntry testId="a4b3cb2d-2353-c530-d8af-1339b49638d8" executionId="9f2a60e0-e505-4d93-a751-03f9b1c831a4" testListId="8c84fa94-04c1-424b-9868-57a2d4851a1d" />
    <TestEntry testId="01eb3f77-0a50-63ff-e710-059eef36fc35" executionId="409d00f2-e7eb-4673-b9a7-25c6fe75eeac" testListId="8c84fa94-04c1-424b-9868-57a2d4851a1d" />
    <TestEntry testId="d52385c4-6f4c-d1c1-66ed-c8ab44fc5a85" executionId="bce7f60b-2a74-49c6-81f6-fc74bf40415c" testListId="8c84fa94-04c1-424b-9868-57a2d4851a1d" />
    <TestEntry testId="514d5f47-0bf3-1c17-794d-cb6eef20edfb" executionId="a4d2b5bf-08c1-4398-a36b-29ba6a59866b" testListId="8c84fa94-04c1-424b-9868-57a2d4851a1d" />
    <TestEntry testId="0b0e0158-c01e-aa3d-6c34-faabcd8ac3ce" executionId="a684e408-353a-42fa-8fa4-721295b19279" testListId="8c84fa94-04c1-424b-9868-57a2d4851a1d" />
    <TestEntry testId="d6d587fc-ad8f-d65a-5c6e-759f95081e39" executionId="00104ebe-94c3-4127-99a6-846e9c444570" testListId="8c84fa94-04c1-424b-9868-57a2d4851a1d" />
    <TestEntry testId="77177b4c-9f2c-f3e2-f932-42773e798f3f" executionId="6998cb55-785e-46f7-ae0a-dc98f8cc95ed" testListId="8c84fa94-04c1-424b-9868-57a2d4851a1d" />
    <TestEntry testId="6063613d-b2e2-a02f-8fe4-9b97217f2c5a" executionId="2dd44df3-6b55-4786-a237-6f88f9cef22a" testListId="8c84fa94-04c1-424b-9868-57a2d4851a1d" />
    <TestEntry testId="a8f31f17-56b1-0fe4-d690-978ce7a80199" executionId="507d4879-ac8e-44f1-8724-622370add2bc" testListId="8c84fa94-04c1-424b-9868-57a2d4851a1d" />
    <TestEntry testId="f93c1993-f0a9-4077-72de-7c52c8818519" executionId="2aa7a62d-bbf1-47df-854e-f31e83ed0f89" testListId="8c84fa94-04c1-424b-9868-57a2d4851a1d" />
    <TestEntry testId="0fb2fffc-8b58-36f1-3348-5af5862f41d4" executionId="c3881c0e-03c8-479d-9b2f-e216b27eeae0" testListId="8c84fa94-04c1-424b-9868-57a2d4851a1d" />
    <TestEntry testId="eb9b1792-3dbb-d168-07cd-363c75c91d17" executionId="8fcf1258-d6d3-4e77-ae6e-4566f16b4c5c" testListId="8c84fa94-04c1-424b-9868-57a2d4851a1d" />
    <TestEntry testId="11b0ebc2-49fa-5615-95a9-28e5bd7870e7" executionId="48158840-6566-4a84-981c-7b12a15a1519" testListId="8c84fa94-04c1-424b-9868-57a2d4851a1d" />
    <TestEntry testId="b2630cd9-bf16-f8be-87b5-70d1d1308b9d" executionId="90cd2b19-d764-49be-ab13-3aee0ab5bcba" testListId="8c84fa94-04c1-424b-9868-57a2d4851a1d" />
    <TestEntry testId="bbd09666-5110-9629-2c1a-585fa6a327f5" executionId="5b11c4a3-c0f9-4731-a003-93d9272db3a1" testListId="8c84fa94-04c1-424b-9868-57a2d4851a1d" />
    <TestEntry testId="1fb0db95-958c-0582-a508-7df7b911aae9" executionId="2a0c9159-12b8-4054-b0b7-8c5f9cdf7cb7" testListId="8c84fa94-04c1-424b-9868-57a2d4851a1d" />
    <TestEntry testId="543200ba-360d-f1e2-9edb-3d3e258d8af1" executionId="aa76b57e-1ad6-41e4-9175-8d97279029d9" testListId="8c84fa94-04c1-424b-9868-57a2d4851a1d" />
    <TestEntry testId="b2c08662-fffe-d036-cfdb-352d85e2f4df" executionId="430052fb-a964-47b2-90e1-bd285863a861" testListId="8c84fa94-04c1-424b-9868-57a2d4851a1d" />
    <TestEntry testId="fb0ebea0-4021-47dd-2188-2c5b34606326" executionId="a6fe0817-6024-42fa-8c2c-1d4a6a19ccd0" testListId="8c84fa94-04c1-424b-9868-57a2d4851a1d" />
    <TestEntry testId="925cd58b-38cb-e175-da79-241c3ab12c18" executionId="328824f9-8018-45fa-af54-2192b74e4ad1" testListId="8c84fa94-04c1-424b-9868-57a2d4851a1d" />
    <TestEntry testId="a3227488-0647-0ef1-d34e-ad3f35c9d5f9" executionId="93695d8e-7d0a-40f7-949f-79e4de338cf2" testListId="8c84fa94-04c1-424b-9868-57a2d4851a1d" />
    <TestEntry testId="85a2db36-6340-e82f-9435-5cfdc5cdee37" executionId="a1f078ed-14aa-47b4-94fc-697fdd40aafc" testListId="8c84fa94-04c1-424b-9868-57a2d4851a1d" />
    <TestEntry testId="c2fe7f0f-adb1-4308-8b3b-d3470afc5082" executionId="6e035b2f-1a14-47a6-a285-a71e2974f0fb" testListId="8c84fa94-04c1-424b-9868-57a2d4851a1d" />
    <TestEntry testId="006c7d07-61d9-be07-6477-a61359af6e76" executionId="12eb35f9-05f9-4965-af2c-77bf9b3dad5b" testListId="8c84fa94-04c1-424b-9868-57a2d4851a1d" />
    <TestEntry testId="8b05cb7a-f451-9699-bcff-9c84e99f933f" executionId="476fcc31-36e6-4050-87b1-9df85f62c00e" testListId="8c84fa94-04c1-424b-9868-57a2d4851a1d" />
    <TestEntry testId="107468cf-8688-339a-d41a-5ec9d676e49f" executionId="d01e483d-2dad-4a44-8e8b-8cedbcec3d6a" testListId="8c84fa94-04c1-424b-9868-57a2d4851a1d" />
    <TestEntry testId="13cceb2d-3e57-ff46-05c5-393177549b01" executionId="5c79a9e2-c54d-4346-b7fb-731af6883510" testListId="8c84fa94-04c1-424b-9868-57a2d4851a1d" />
    <TestEntry testId="de6a00b1-7ad3-f789-944c-1be6ba94b1e2" executionId="414f32a8-9207-4bca-bc73-db02c9b94f1f" testListId="8c84fa94-04c1-424b-9868-57a2d4851a1d" />
    <TestEntry testId="d0191615-1ba7-4ad1-f90d-239408588627" executionId="c9d51bfa-4dbe-4c42-8f90-7a95d06b803d" testListId="8c84fa94-04c1-424b-9868-57a2d4851a1d" />
    <TestEntry testId="06688e97-6824-abb5-c482-a4007e36bd97" executionId="d0127702-ae89-4cc7-b5aa-1551e23d7101" testListId="8c84fa94-04c1-424b-9868-57a2d4851a1d" />
    <TestEntry testId="de59eed8-0eec-48fa-b541-c70804006e26" executionId="b4b8219e-e1ef-4d72-96c7-b69ec4f7f66c" testListId="8c84fa94-04c1-424b-9868-57a2d4851a1d" />
    <TestEntry testId="cb8344c5-fc48-c3b7-e052-f85f51c724e9" executionId="5e8dd476-087b-455a-89f3-ccb4032ecf0c" testListId="8c84fa94-04c1-424b-9868-57a2d4851a1d" />
    <TestEntry testId="ab770ced-71b3-9ffe-750a-0d2a4a71695d" executionId="3489cbaf-781c-4df9-a1eb-5553bedae3ad" testListId="8c84fa94-04c1-424b-9868-57a2d4851a1d" />
    <TestEntry testId="9f166767-98fa-9662-ebfa-acaace87dcfb" executionId="ba806390-24cd-441a-a854-3c43cf98ea4d" testListId="8c84fa94-04c1-424b-9868-57a2d4851a1d" />
    <TestEntry testId="05ea81b5-e5de-a451-fd0e-25a275666681" executionId="f3ac4051-7741-445f-bd13-3673c97f0012" testListId="8c84fa94-04c1-424b-9868-57a2d4851a1d" />
    <TestEntry testId="30397df4-2aa2-238c-6612-f0b112fcdd49" executionId="3939e520-b119-4533-a066-2180bc579ee0" testListId="8c84fa94-04c1-424b-9868-57a2d4851a1d" />
    <TestEntry testId="30eadcd1-f130-3efc-f8d4-a30a2b04f0bc" executionId="dacf1809-3612-4de2-8f4f-a98e803f2cdb" testListId="8c84fa94-04c1-424b-9868-57a2d4851a1d" />
    <TestEntry testId="0238cb12-1cd3-761a-6e11-cb526c07eae5" executionId="d406cc87-b49b-4589-9d88-54cdbe041a81" testListId="8c84fa94-04c1-424b-9868-57a2d4851a1d" />
    <TestEntry testId="c362c419-f658-251f-1c7f-285c96f0374a" executionId="59e1007b-9055-483c-ab8d-ff42121e8ef2" testListId="8c84fa94-04c1-424b-9868-57a2d4851a1d" />
    <TestEntry testId="c21993c1-14a9-14c1-a645-6375641ff9e5" executionId="b5a8c359-b812-4fd2-b80c-3ca742991d8b" testListId="8c84fa94-04c1-424b-9868-57a2d4851a1d" />
    <TestEntry testId="c605c67d-a5e0-b084-b16f-2cca49149809" executionId="6cee86d8-f120-44b6-8554-9de5c6b85e55" testListId="8c84fa94-04c1-424b-9868-57a2d4851a1d" />
    <TestEntry testId="fdaeb775-bdac-5ec0-79b0-edcca60885bd" executionId="c2457b24-1e95-47ff-9775-732c831c8224" testListId="8c84fa94-04c1-424b-9868-57a2d4851a1d" />
    <TestEntry testId="b4d44fa4-c958-d969-2eaf-ea0362319616" executionId="118f0143-5fb0-4824-bfb4-6955e576ba2b" testListId="8c84fa94-04c1-424b-9868-57a2d4851a1d" />
    <TestEntry testId="45ccba63-1770-2c7e-3647-dcecca481e2b" executionId="0f31975b-1ff9-431c-872d-6eaf30c8998d" testListId="8c84fa94-04c1-424b-9868-57a2d4851a1d" />
    <TestEntry testId="d7d076c9-abe4-a3e8-7ce0-40866875e65a" executionId="31115c5c-1437-4bff-a03c-ea1a816f5e32" testListId="8c84fa94-04c1-424b-9868-57a2d4851a1d" />
    <TestEntry testId="2aa477c7-8855-f202-0bab-575cbf5a63af" executionId="1858eb1c-ea3d-40e7-8c9c-4f5602d834f4" testListId="8c84fa94-04c1-424b-9868-57a2d4851a1d" />
    <TestEntry testId="f0f1f37f-8c43-468d-2e87-9c7673d91531" executionId="95375412-3324-4279-aef0-808c8a6f21e4" testListId="8c84fa94-04c1-424b-9868-57a2d4851a1d" />
    <TestEntry testId="ef216043-78a4-10a7-8efd-f05811858815" executionId="35f153e9-1811-4133-9d84-17431903fca3" testListId="8c84fa94-04c1-424b-9868-57a2d4851a1d" />
    <TestEntry testId="b1abdeff-0b9b-3741-afd4-7eca04d293c2" executionId="2290a09a-4b91-4cc4-b648-1d27dc80e6f4" testListId="8c84fa94-04c1-424b-9868-57a2d4851a1d" />
    <TestEntry testId="4c095606-5e1e-6d51-01f8-2feb0b80b1b0" executionId="bbf7cf1a-4644-46b9-bea4-2b5e1a4f8564" testListId="8c84fa94-04c1-424b-9868-57a2d4851a1d" />
    <TestEntry testId="f832d7f1-991b-6e4b-5df7-832334c9e2dd" executionId="dfa50d93-4398-4dba-84bb-0921a40ff028" testListId="8c84fa94-04c1-424b-9868-57a2d4851a1d" />
    <TestEntry testId="7bcc80bf-419f-61a0-5fbf-7e8bde909060" executionId="b0cf2a03-98ac-4f9b-9ca6-5780875f8e1d" testListId="8c84fa94-04c1-424b-9868-57a2d4851a1d" />
    <TestEntry testId="4424486d-15c2-822f-095f-7c3fb8da0ed1" executionId="c8d9bad9-5f47-484e-8329-3f0c1b5896dc" testListId="8c84fa94-04c1-424b-9868-57a2d4851a1d" />
    <TestEntry testId="ed5fc7db-3fec-16e2-c0c4-a9e3d50d0595" executionId="9bdddbf3-fca5-48ac-be78-4168d116659f" testListId="8c84fa94-04c1-424b-9868-57a2d4851a1d" />
    <TestEntry testId="62f32f87-48e2-fec9-111e-01cb678f607b" executionId="56424a35-6552-4b63-b0e2-72d485a05e9f" testListId="8c84fa94-04c1-424b-9868-57a2d4851a1d" />
    <TestEntry testId="33175004-b266-e1eb-757f-a60613e681a4" executionId="25b9acb7-8a29-4628-860c-c4ed8e6bcc20" testListId="8c84fa94-04c1-424b-9868-57a2d4851a1d" />
    <TestEntry testId="a69e2b17-85a7-c174-b455-c6fa31c6c2d2" executionId="b70ebb45-7102-45eb-baaa-1c8a20f03e3f" testListId="8c84fa94-04c1-424b-9868-57a2d4851a1d" />
    <TestEntry testId="75109e1d-351b-b984-8128-9589d2a618e7" executionId="0f3de894-d387-49af-b0a6-9dcbb33cedcd" testListId="8c84fa94-04c1-424b-9868-57a2d4851a1d" />
    <TestEntry testId="6023f243-7b81-748c-8a6e-bd3cfc196e1f" executionId="8e39515c-d5dc-4058-9be4-b51b8d734b04" testListId="8c84fa94-04c1-424b-9868-57a2d4851a1d" />
    <TestEntry testId="44f01ec2-79ab-9303-6ee9-0871cde4128f" executionId="3efdd74f-3360-4d04-a677-4924bc0b5858" testListId="8c84fa94-04c1-424b-9868-57a2d4851a1d" />
    <TestEntry testId="b70dce47-106c-a276-7fab-26044ccdb465" executionId="605052df-3f64-4dfb-b922-0ff9c49bbf71" testListId="8c84fa94-04c1-424b-9868-57a2d4851a1d" />
    <TestEntry testId="5694c444-5208-cfe6-88c5-c5c243a422fe" executionId="e1bb6f14-ab71-42b7-a2fa-01bb870e090f" testListId="8c84fa94-04c1-424b-9868-57a2d4851a1d" />
    <TestEntry testId="baf5bc5a-56fc-d4c7-8b24-34203ecf0ca8" executionId="002d03a0-f245-49ed-b477-c20221363c64" testListId="8c84fa94-04c1-424b-9868-57a2d4851a1d" />
    <TestEntry testId="005c9202-735c-9beb-5b79-6c32a227b1f0" executionId="68759ce3-a0ee-4c73-a06d-b6005e9313f5" testListId="8c84fa94-04c1-424b-9868-57a2d4851a1d" />
    <TestEntry testId="b6417cd6-dba2-67d8-0422-764193b2bf92" executionId="bfb08013-201b-465f-a555-fd86260363d5" testListId="8c84fa94-04c1-424b-9868-57a2d4851a1d" />
    <TestEntry testId="46b2b2f8-c8e9-95d1-22ff-b91b430f3c27" executionId="e4b8ec4a-9123-4431-a83f-e765092bdf38" testListId="8c84fa94-04c1-424b-9868-57a2d4851a1d" />
    <TestEntry testId="28237cd9-af8f-39e6-c8c4-83359ce7cd13" executionId="b2958e34-58e2-4eb9-903b-c334dee60ec2" testListId="8c84fa94-04c1-424b-9868-57a2d4851a1d" />
    <TestEntry testId="3935d8fc-96a9-1157-8dcc-e3db61a7e299" executionId="a3c3482b-4b6c-42b9-ac1e-501e027c40a0" testListId="8c84fa94-04c1-424b-9868-57a2d4851a1d" />
    <TestEntry testId="f95bf8f0-4a70-f2f9-377c-222832991eb6" executionId="37293be5-6aa8-4cc4-95ae-d2727209f5a7" testListId="8c84fa94-04c1-424b-9868-57a2d4851a1d" />
    <TestEntry testId="551837ef-757c-9efe-48d5-a194e661d0d3" executionId="39628fde-5d20-4894-84fc-ccda7c33bb85" testListId="8c84fa94-04c1-424b-9868-57a2d4851a1d" />
    <TestEntry testId="b9b7eeb8-96a3-762d-daf4-bdd7b82071e3" executionId="ef904a33-9c9a-417e-9628-e4448aeb007f" testListId="8c84fa94-04c1-424b-9868-57a2d4851a1d" />
    <TestEntry testId="00473ac3-a0d1-7068-4b48-9899fd3cf251" executionId="356cb859-57c2-49ff-ade7-1e289a8373ac" testListId="8c84fa94-04c1-424b-9868-57a2d4851a1d" />
    <TestEntry testId="a58c51f0-b425-f775-c58d-ee4d00416db3" executionId="0af024f2-f56b-4728-a109-6270d276df80" testListId="8c84fa94-04c1-424b-9868-57a2d4851a1d" />
    <TestEntry testId="7e1d1d27-fcdc-0b0f-0900-2c57ffbae30f" executionId="cfb1c904-3268-4b50-b0db-f4388c57ecc4" testListId="8c84fa94-04c1-424b-9868-57a2d4851a1d" />
    <TestEntry testId="3396ccb0-74d5-d78e-5e69-8d9cd49f9d41" executionId="44c774f0-6e41-4292-82c8-3bd368d9ae90" testListId="8c84fa94-04c1-424b-9868-57a2d4851a1d" />
    <TestEntry testId="b148871c-b117-31c5-da60-805585d60659" executionId="bf0fc930-69cd-46a3-a950-e18e10062f10" testListId="8c84fa94-04c1-424b-9868-57a2d4851a1d" />
    <TestEntry testId="df01074a-8dbd-8248-b817-488f11ad96b6" executionId="62a1e440-b5a1-4264-b754-f1f296f45a56" testListId="8c84fa94-04c1-424b-9868-57a2d4851a1d" />
    <TestEntry testId="95aae518-7dac-2ede-8738-b1c238ac1076" executionId="6c5c11c2-d910-42b9-8b1f-f2d606592369" testListId="8c84fa94-04c1-424b-9868-57a2d4851a1d" />
    <TestEntry testId="864b08db-440b-c630-bd28-c9e88a9d56ba" executionId="f79e3816-908e-44bb-872a-173681d216c6" testListId="8c84fa94-04c1-424b-9868-57a2d4851a1d" />
    <TestEntry testId="798f025e-0b69-f7f8-2c14-0b571d4f11af" executionId="aadbb51d-18f4-4e18-a216-305bd779e268" testListId="8c84fa94-04c1-424b-9868-57a2d4851a1d" />
    <TestEntry testId="9b8d4734-e8da-8613-4029-cfbebaf7179d" executionId="1c16b938-85ea-4c35-96c6-a28464b97c7f" testListId="8c84fa94-04c1-424b-9868-57a2d4851a1d" />
    <TestEntry testId="b67d4cd9-6d84-e1a7-a4e4-030e2d108de5" executionId="b319b2ad-2927-427e-87c5-191225db06fc" testListId="8c84fa94-04c1-424b-9868-57a2d4851a1d" />
    <TestEntry testId="d6b081ee-6908-9370-de7e-4cee5601a565" executionId="c7b764b8-4595-43f0-b1e3-53b4dfe96a44" testListId="8c84fa94-04c1-424b-9868-57a2d4851a1d" />
    <TestEntry testId="f1107560-9b1d-4b09-63c9-f7f8e15aefee" executionId="0f9ef73e-e46f-4aa0-bc55-c3f02baef2ee" testListId="8c84fa94-04c1-424b-9868-57a2d4851a1d" />
    <TestEntry testId="73cccb3c-4da4-29c8-bef6-d7473882efa3" executionId="794bea4b-bdd3-4f02-ad15-148ffd4402da" testListId="8c84fa94-04c1-424b-9868-57a2d4851a1d" />
    <TestEntry testId="66eb9b13-797b-2480-154f-aa5219732d8b" executionId="cdda4249-993e-4d28-85a6-acceb740f236" testListId="8c84fa94-04c1-424b-9868-57a2d4851a1d" />
    <TestEntry testId="616a01ed-ccc2-8e9d-cb73-ad7a1ad699e0" executionId="a90aea4d-74ca-46ab-8291-4f033e311f5a" testListId="8c84fa94-04c1-424b-9868-57a2d4851a1d" />
    <TestEntry testId="618d1f2d-e9a4-02a9-b856-e46d89c56b5e" executionId="358f4aee-f691-4a8c-9d3f-d6da269a3a1d" testListId="8c84fa94-04c1-424b-9868-57a2d4851a1d" />
    <TestEntry testId="adac9c0e-c750-4957-25fa-4e1bb117aafc" executionId="f9fbc05d-258d-4971-9f53-197b2b3ac27b" testListId="8c84fa94-04c1-424b-9868-57a2d4851a1d" />
    <TestEntry testId="95bb2263-aed3-05a3-27b6-d4e5953a4ef8" executionId="7fa57ded-f5e8-4a9d-a39b-1d5a44f96fa0" testListId="8c84fa94-04c1-424b-9868-57a2d4851a1d" />
    <TestEntry testId="e97fa94a-9f29-ff0f-1ff2-f271c078e311" executionId="4e725b36-4018-467c-a0c2-38a6542d9a1c" testListId="8c84fa94-04c1-424b-9868-57a2d4851a1d" />
    <TestEntry testId="3e7a400a-6c29-bc39-18d5-25793bf6ce0c" executionId="feb6c967-195d-44ae-a0d3-fdbfc95baa5b" testListId="8c84fa94-04c1-424b-9868-57a2d4851a1d" />
    <TestEntry testId="5e42b85d-2cd3-ec63-d032-b69907a3d794" executionId="057ea3a3-9c5c-43d0-8874-c66b6143cb37" testListId="8c84fa94-04c1-424b-9868-57a2d4851a1d" />
    <TestEntry testId="a0bfae5b-3169-0e86-4f5a-1797388727ec" executionId="456bbf36-1288-4ee0-bb2c-a818c8c7d8d8" testListId="8c84fa94-04c1-424b-9868-57a2d4851a1d" />
    <TestEntry testId="7ca9392e-f991-d16a-79ff-55d03956329f" executionId="d963bdac-19a0-4e3d-b4bf-e98f3add484e" testListId="8c84fa94-04c1-424b-9868-57a2d4851a1d" />
    <TestEntry testId="77f149ea-ecb6-1dce-4da9-5977cb3ac2c4" executionId="2d594578-82bd-421d-b812-457d9302d38e" testListId="8c84fa94-04c1-424b-9868-57a2d4851a1d" />
    <TestEntry testId="bd895454-22c0-6c45-23c3-8e908951fdeb" executionId="30c3d783-bade-42c1-9a75-a255415a0ee2" testListId="8c84fa94-04c1-424b-9868-57a2d4851a1d" />
    <TestEntry testId="1af6d8dd-521e-d08a-d093-a9899b3aa063" executionId="c54f0274-33d2-4de2-9174-9e63470411b7" testListId="8c84fa94-04c1-424b-9868-57a2d4851a1d" />
    <TestEntry testId="d97e8325-bd04-4544-014f-e92371d41e31" executionId="d1328070-5c09-4c3b-9b1e-5be0074636e7" testListId="8c84fa94-04c1-424b-9868-57a2d4851a1d" />
    <TestEntry testId="cba75bb7-3907-7189-d594-7bfc23e7605d" executionId="99d1f198-5d5f-4ee5-8db6-be4487687dbb" testListId="8c84fa94-04c1-424b-9868-57a2d4851a1d" />
    <TestEntry testId="d03ed7f1-6058-73d3-b50b-c4d4232771ef" executionId="a9f10c43-0221-43a2-b3ed-b3e8f5253458" testListId="8c84fa94-04c1-424b-9868-57a2d4851a1d" />
    <TestEntry testId="babab30a-c7bc-c138-fb7c-3af659da826d" executionId="fea838ba-a602-453e-ac1a-e573a78aa551" testListId="8c84fa94-04c1-424b-9868-57a2d4851a1d" />
    <TestEntry testId="cec7204f-4af0-3a7f-34db-01f0c222080c" executionId="6be66c99-c2e6-4dcf-ac58-9a0ea246c33e" testListId="8c84fa94-04c1-424b-9868-57a2d4851a1d" />
    <TestEntry testId="4e9e82c6-7a69-28bd-43d5-7c4bb2b4ac59" executionId="a14f7ac9-78af-4eea-8102-bde291da9d15" testListId="8c84fa94-04c1-424b-9868-57a2d4851a1d" />
    <TestEntry testId="5c321154-640e-eb07-2e29-d4494bb1cf49" executionId="ed395b24-da19-40d9-8a8c-56a8b7da7aaa" testListId="8c84fa94-04c1-424b-9868-57a2d4851a1d" />
    <TestEntry testId="740e9a5f-c8ab-8bf3-1acd-e53a7b14a5d7" executionId="5c6c1d39-b873-415f-bd87-8629a1cfc83e" testListId="8c84fa94-04c1-424b-9868-57a2d4851a1d" />
    <TestEntry testId="75585c5d-d372-8f4e-a850-52408d92d58d" executionId="618712ec-115b-4caa-a432-7c78533ecb09" testListId="8c84fa94-04c1-424b-9868-57a2d4851a1d" />
    <TestEntry testId="7bb014d4-5922-67b5-ffed-2fef7592b9a1" executionId="0e035f69-8c4d-4178-be1c-4f079fa174b1" testListId="8c84fa94-04c1-424b-9868-57a2d4851a1d" />
    <TestEntry testId="605b037c-8413-9ab1-820c-f33a967db249" executionId="f1c99a20-c8a2-4b29-b7a9-da12a944c9be" testListId="8c84fa94-04c1-424b-9868-57a2d4851a1d" />
    <TestEntry testId="a0ad3f05-9c1e-371f-f0dd-4f77b8f3c87c" executionId="8b19de14-6bca-4af2-b315-af810e9999b5" testListId="8c84fa94-04c1-424b-9868-57a2d4851a1d" />
    <TestEntry testId="041a6210-6dc1-45ad-a359-03a262d9900f" executionId="18330e60-a84f-4071-afda-836165705f5f" testListId="8c84fa94-04c1-424b-9868-57a2d4851a1d" />
    <TestEntry testId="566276e1-9bfd-3964-a12a-d20b75dbd333" executionId="67ae1f77-dc47-4551-99ba-43e6fe35e8ad" testListId="8c84fa94-04c1-424b-9868-57a2d4851a1d" />
    <TestEntry testId="7f165e1a-4ace-06c5-d9a9-d96a37a4dd88" executionId="886b2417-457a-44e0-a2aa-621aeff0dafa" testListId="8c84fa94-04c1-424b-9868-57a2d4851a1d" />
    <TestEntry testId="a94127bf-426a-88c0-ec91-e69765242a39" executionId="8e01dad7-5803-4287-b341-0e63a2824b98" testListId="8c84fa94-04c1-424b-9868-57a2d4851a1d" />
    <TestEntry testId="3f072c08-cfbc-646c-5094-83b6775e2357" executionId="12041d98-dafb-40a2-809c-517f9bd0618e" testListId="8c84fa94-04c1-424b-9868-57a2d4851a1d" />
    <TestEntry testId="499e2f17-1549-7fd5-f614-2c3132309098" executionId="a6b1c7ce-b7ec-4654-ab38-2d7e3984521d" testListId="8c84fa94-04c1-424b-9868-57a2d4851a1d" />
    <TestEntry testId="bb9d0a9c-02c2-5943-1d69-50300825008d" executionId="e52daf8f-12f6-4c05-9a9f-4db2e911c812" testListId="8c84fa94-04c1-424b-9868-57a2d4851a1d" />
    <TestEntry testId="9a790249-48cb-2a44-c52e-e75d2dee4cae" executionId="b12497fe-5555-49ab-8b6b-2e6158909fca" testListId="8c84fa94-04c1-424b-9868-57a2d4851a1d" />
    <TestEntry testId="5deec0b2-de34-1722-bbba-f16a41b2a735" executionId="0e78d578-8666-415f-9d6f-b1c9d4fccd57" testListId="8c84fa94-04c1-424b-9868-57a2d4851a1d" />
    <TestEntry testId="21c042bd-1082-ac78-22c0-9c7824c77da9" executionId="179b8017-56ea-4d5d-a3cd-96f2d4716366" testListId="8c84fa94-04c1-424b-9868-57a2d4851a1d" />
    <TestEntry testId="74eadaa3-a115-2bce-4b6e-d331646a96ea" executionId="62a01994-bcf6-4f6c-95b3-5e986d2b640f" testListId="8c84fa94-04c1-424b-9868-57a2d4851a1d" />
    <TestEntry testId="71e06c40-af89-e9ad-657d-cf77d898b398" executionId="cd49f235-d6e1-4aa5-93ce-593a78c67310" testListId="8c84fa94-04c1-424b-9868-57a2d4851a1d" />
    <TestEntry testId="f22d701c-2b7c-2240-9207-dc1bb0b2adac" executionId="d063c952-8304-4579-af36-c56ff2867075" testListId="8c84fa94-04c1-424b-9868-57a2d4851a1d" />
    <TestEntry testId="9fa7bbaa-fbce-eacf-af4e-e28307ac409a" executionId="320fbd4e-0018-4a30-bc64-ac04ef5a2060" testListId="8c84fa94-04c1-424b-9868-57a2d4851a1d" />
    <TestEntry testId="2024f0e5-66e0-c1fd-5757-35b180c6cfbc" executionId="aa5cf49c-e923-4dab-ba82-50a8fa4abdf4" testListId="8c84fa94-04c1-424b-9868-57a2d4851a1d" />
    <TestEntry testId="a11b363d-82ab-c9af-b13a-75ce9b38ecc7" executionId="57425824-56e2-45d4-b686-deea36d484ae" testListId="8c84fa94-04c1-424b-9868-57a2d4851a1d" />
    <TestEntry testId="6fcbe225-fbdd-1460-cce4-61bc3e67ce5f" executionId="d92419c1-838f-4854-9be5-c3402d9f2b92" testListId="8c84fa94-04c1-424b-9868-57a2d4851a1d" />
    <TestEntry testId="8cc35b9e-d7a1-4052-4657-190c91e926d1" executionId="6e1e5b46-d6f4-48d1-a76a-5963aa528457" testListId="8c84fa94-04c1-424b-9868-57a2d4851a1d" />
    <TestEntry testId="fcb0c6b9-549a-a0c7-6a6b-0f11327eb3fc" executionId="45633273-e9fb-4867-8d54-fb4b394c97ca" testListId="8c84fa94-04c1-424b-9868-57a2d4851a1d" />
    <TestEntry testId="897a310a-c338-bea3-053e-f4f4a0e38b03" executionId="fd75e82a-f143-49db-889d-25675a554b6e" testListId="8c84fa94-04c1-424b-9868-57a2d4851a1d" />
    <TestEntry testId="77a7bff4-9316-9c9a-484c-3b8c7f144118" executionId="a8790c87-ee4a-435a-a1cd-77326b63bb44" testListId="8c84fa94-04c1-424b-9868-57a2d4851a1d" />
    <TestEntry testId="9d281ee7-8361-6bf7-7d35-8e4d056cef83" executionId="d7da9d5a-0c7c-436f-867e-9ea2bf4e0a35" testListId="8c84fa94-04c1-424b-9868-57a2d4851a1d" />
    <TestEntry testId="9f36e6ba-2413-546d-71a2-54b0f1f21955" executionId="f9f0bf17-e9a3-4a6d-a49f-4fec7bb1a2c1" testListId="8c84fa94-04c1-424b-9868-57a2d4851a1d" />
    <TestEntry testId="ccc1299f-3acc-aa9f-2ce3-f9684629aa50" executionId="f8ffe57a-f6c5-4720-bb26-a7bff82081f9" testListId="8c84fa94-04c1-424b-9868-57a2d4851a1d" />
    <TestEntry testId="b19277c6-cd94-e6d2-3fa8-d51af7d6b708" executionId="783682fc-ae99-4c82-9bdf-45124a43d325" testListId="8c84fa94-04c1-424b-9868-57a2d4851a1d" />
    <TestEntry testId="ff3b74aa-e8c4-0e01-43d1-4065c2e578bf" executionId="10cdfcee-adaf-4474-bffb-cbefb9ed9bb2" testListId="8c84fa94-04c1-424b-9868-57a2d4851a1d" />
    <TestEntry testId="58d1dbfd-77c4-03d8-d898-d2f8629d4025" executionId="7f45bd29-2573-48ba-a804-f738bbb15313" testListId="8c84fa94-04c1-424b-9868-57a2d4851a1d" />
    <TestEntry testId="0761e18c-f716-a4c2-cc35-cabea5f98766" executionId="fe044c8c-15f5-4cfe-acec-e974fc6f912b" testListId="8c84fa94-04c1-424b-9868-57a2d4851a1d" />
    <TestEntry testId="d2c64857-e3f9-2ec9-cab5-2a4816af23bc" executionId="5111d39d-d1bb-4346-8db4-29fd77a9aef6" testListId="8c84fa94-04c1-424b-9868-57a2d4851a1d" />
    <TestEntry testId="54c1261f-a440-d93b-f95e-710584483f31" executionId="78aa9095-1c98-440a-be1c-ea2c276855e8" testListId="8c84fa94-04c1-424b-9868-57a2d4851a1d" />
    <TestEntry testId="336e9fb3-d5a1-538d-843d-8a6cd4b69af9" executionId="bda574ff-e9de-4f97-9a2d-f8ad5ff06a68" testListId="8c84fa94-04c1-424b-9868-57a2d4851a1d" />
    <TestEntry testId="92fe138e-66f5-3064-bd0c-8f2013ed492b" executionId="544e22ee-e094-479f-bedf-a199ac27f935" testListId="8c84fa94-04c1-424b-9868-57a2d4851a1d" />
    <TestEntry testId="38a979c8-cb5d-f3d4-eb89-bf0969025079" executionId="fcaa2243-1ccb-477f-b0b4-a0f096460c3e" testListId="8c84fa94-04c1-424b-9868-57a2d4851a1d" />
    <TestEntry testId="ed31bad7-6463-087d-a745-2565069c4700" executionId="9f23b02c-2118-4286-9806-39ff0cb47945" testListId="8c84fa94-04c1-424b-9868-57a2d4851a1d" />
    <TestEntry testId="fdbd9cf7-3fc8-b712-6bc7-3ff7ec7e69d3" executionId="2eb2e807-ef73-4f03-9086-94bcdfbf9b78" testListId="8c84fa94-04c1-424b-9868-57a2d4851a1d" />
    <TestEntry testId="4e87da66-1686-81c6-9fe2-94dd27c026a6" executionId="ec200d39-05a2-48d2-9e52-836aac4ad2b2" testListId="8c84fa94-04c1-424b-9868-57a2d4851a1d" />
    <TestEntry testId="e7dd4410-2145-60f0-354c-5e4846794ba8" executionId="8fa2b394-fd27-42d3-a7a3-ee627e44062d" testListId="8c84fa94-04c1-424b-9868-57a2d4851a1d" />
    <TestEntry testId="f52e03e4-3ece-7f67-08db-ae6fb0f9b61e" executionId="4dcee8cf-069e-4c29-b62f-bc7e18c19990" testListId="8c84fa94-04c1-424b-9868-57a2d4851a1d" />
    <TestEntry testId="91f5f340-0c47-8c6a-373e-5c912ab7bf0f" executionId="77425eaf-7354-416e-bff5-9b1be3eac8ee" testListId="8c84fa94-04c1-424b-9868-57a2d4851a1d" />
    <TestEntry testId="e1768ff5-4ead-02e8-a8ac-9bd0e9e6d0a7" executionId="3d08bdcc-247f-4cd3-a0a6-67508bc13603" testListId="8c84fa94-04c1-424b-9868-57a2d4851a1d" />
    <TestEntry testId="4f516c81-6499-758e-1645-fd22a6ed282d" executionId="d27b593f-be70-4718-acd9-c37b6b6e17a8" testListId="8c84fa94-04c1-424b-9868-57a2d4851a1d" />
    <TestEntry testId="83db8ca9-6314-74a4-8e14-e85990d5ec2d" executionId="107c59ef-431d-4559-aae8-fd4390528556" testListId="8c84fa94-04c1-424b-9868-57a2d4851a1d" />
    <TestEntry testId="a3e127eb-7ab4-463e-2557-b1220b4350ef" executionId="4544b0c3-9880-4787-9d84-61b832e2d90f" testListId="8c84fa94-04c1-424b-9868-57a2d4851a1d" />
    <TestEntry testId="11996133-a25e-8657-46ca-2573d9b2c122" executionId="054e882d-6951-486a-860a-228c6babbbc5" testListId="8c84fa94-04c1-424b-9868-57a2d4851a1d" />
    <TestEntry testId="d7d86841-ff4a-a304-de1f-585dafdc9bfd" executionId="4642c600-6b2d-4dca-b575-4db08d80beb7" testListId="8c84fa94-04c1-424b-9868-57a2d4851a1d" />
    <TestEntry testId="e7dee04a-484c-f9ce-58f4-950c0bdaaed9" executionId="385a3b55-a33d-401c-a9da-aad72246faf2" testListId="8c84fa94-04c1-424b-9868-57a2d4851a1d" />
    <TestEntry testId="4fe2b539-da11-6e47-e6b9-bebf4dd59d13" executionId="7b5a9c22-bdf8-443a-a809-3421a13958fe" testListId="8c84fa94-04c1-424b-9868-57a2d4851a1d" />
    <TestEntry testId="531c1108-e719-b164-c67e-8b61a6a53739" executionId="2afa6bff-3054-40f8-9f01-7c3dd375a8b6" testListId="8c84fa94-04c1-424b-9868-57a2d4851a1d" />
    <TestEntry testId="c6951bb0-f6dd-f7ab-bd19-7750a4984cd9" executionId="26bee53f-fea2-4ab9-8fca-3dd10a554e54" testListId="8c84fa94-04c1-424b-9868-57a2d4851a1d" />
    <TestEntry testId="2b928e57-c44a-96a0-f4b1-2a2ceeca038f" executionId="43a387b9-2ba9-4760-8438-cd9c92e875da" testListId="8c84fa94-04c1-424b-9868-57a2d4851a1d" />
    <TestEntry testId="e58f16a1-4115-c87f-27e1-9aa3fd7a57ad" executionId="3ee36efd-462f-46a0-9fc2-52d773979d61" testListId="8c84fa94-04c1-424b-9868-57a2d4851a1d" />
    <TestEntry testId="ec580878-9a58-d659-efa2-e1ca83643457" executionId="5b1e5b27-89d9-4b74-a618-1014b55973d8" testListId="8c84fa94-04c1-424b-9868-57a2d4851a1d" />
    <TestEntry testId="c14b31b7-f86e-286a-a616-0005af37b957" executionId="6d0a0e94-488f-4273-8b9d-223889ba606b" testListId="8c84fa94-04c1-424b-9868-57a2d4851a1d" />
    <TestEntry testId="a1d2823a-fbff-da9f-7bcc-e68c001eb868" executionId="fb0e3038-5bb0-4c0e-887a-1908c7e97ce9" testListId="8c84fa94-04c1-424b-9868-57a2d4851a1d" />
    <TestEntry testId="c98bc8c5-7604-1425-b5d0-00a2f910a719" executionId="82d2bae0-4663-4fd9-b596-4c44c3aebf8e" testListId="8c84fa94-04c1-424b-9868-57a2d4851a1d" />
    <TestEntry testId="b98bcf78-166e-9745-7c02-fcec053a4938" executionId="2a5799ed-c180-42f7-b2f0-852863c74c28" testListId="8c84fa94-04c1-424b-9868-57a2d4851a1d" />
    <TestEntry testId="2f9e8b80-e00c-facd-7023-65802cb7b600" executionId="37ceebf1-016d-4bef-83d6-6c7278a65ea8" testListId="8c84fa94-04c1-424b-9868-57a2d4851a1d" />
    <TestEntry testId="cb9d7a0a-0a0f-1bdd-528a-5df8c7130a76" executionId="28c45636-213c-48d4-bccb-df110f5b75f6" testListId="8c84fa94-04c1-424b-9868-57a2d4851a1d" />
    <TestEntry testId="b95639ae-4d3e-bec9-441e-f2b094fa95ff" executionId="8f4f89b2-32cb-438d-87a9-250f9a299257" testListId="8c84fa94-04c1-424b-9868-57a2d4851a1d" />
    <TestEntry testId="a3c91df9-b28c-c707-6b43-9eebd4df78ac" executionId="fd870a92-6646-4104-952d-eb1c5184b990" testListId="8c84fa94-04c1-424b-9868-57a2d4851a1d" />
    <TestEntry testId="ac650c29-3c9b-f926-c248-25a243011cfe" executionId="4c14929a-63c1-4cb0-b42f-657a5fc1ef20" testListId="8c84fa94-04c1-424b-9868-57a2d4851a1d" />
    <TestEntry testId="b0f00cf1-442a-7dd5-cf25-2679a04657b9" executionId="52837435-8fd4-4e41-a677-3665fccda1e4" testListId="8c84fa94-04c1-424b-9868-57a2d4851a1d" />
    <TestEntry testId="22bd0ef0-0ad4-0b66-b8e7-59a4c4ff7138" executionId="aea0e51a-4295-40aa-98aa-fde0e4c601d1" testListId="8c84fa94-04c1-424b-9868-57a2d4851a1d" />
    <TestEntry testId="1358f6dd-337f-a7e4-6d78-e9d4f0c2b364" executionId="80f79bd0-360f-4ed0-9950-ba37cbe79cf9" testListId="8c84fa94-04c1-424b-9868-57a2d4851a1d" />
    <TestEntry testId="addb1779-3e53-15a1-09d7-2ce15389b97d" executionId="0ab98de5-4bbd-437d-bfe1-02e914d87bec" testListId="8c84fa94-04c1-424b-9868-57a2d4851a1d" />
    <TestEntry testId="ed1dbb0f-966d-b8e7-964a-94829ab85fb3" executionId="56502d4f-9bb4-42e8-bfe4-c44d9eb6f4fd" testListId="8c84fa94-04c1-424b-9868-57a2d4851a1d" />
    <TestEntry testId="8aa734d5-bbec-2934-0ae3-43a196682456" executionId="cbeb89f1-7987-4523-9c0b-c4b904bb2685" testListId="8c84fa94-04c1-424b-9868-57a2d4851a1d" />
    <TestEntry testId="b050d760-b1ca-fbd3-f229-9511e1bc0efd" executionId="80b51540-1f20-4aa0-a027-9496c80b0775" testListId="8c84fa94-04c1-424b-9868-57a2d4851a1d" />
    <TestEntry testId="9ddee134-5832-1f76-96b9-dc00670305fc" executionId="66bf447d-d379-47f4-9719-42c4bed22bce" testListId="8c84fa94-04c1-424b-9868-57a2d4851a1d" />
    <TestEntry testId="d9552078-77ad-c5e7-9e7a-7a8ede0013ab" executionId="addcd6ff-40b2-4ca9-9ef3-3bd9ca53a02e" testListId="8c84fa94-04c1-424b-9868-57a2d4851a1d" />
    <TestEntry testId="7dab56b6-2e0a-98ec-42e2-caa9db1cd529" executionId="aa5f48ae-1fef-44af-a74a-c856d5ed5c85" testListId="8c84fa94-04c1-424b-9868-57a2d4851a1d" />
    <TestEntry testId="757a4846-ce34-a835-7c39-97fbbaddbf58" executionId="6e77d79d-bbc8-42bd-9ef3-82704a334b59" testListId="8c84fa94-04c1-424b-9868-57a2d4851a1d" />
    <TestEntry testId="33247f41-33b8-7ad0-c103-065492db7dd5" executionId="cbe2047d-80ec-49b1-8b35-cd218c3b3c0d" testListId="8c84fa94-04c1-424b-9868-57a2d4851a1d" />
    <TestEntry testId="7857cfd0-fb13-e675-5906-5f8784e4f1eb" executionId="85bdeb4f-77f2-4109-a15a-45d994bd3773" testListId="8c84fa94-04c1-424b-9868-57a2d4851a1d" />
    <TestEntry testId="2a2e47b4-8a49-4646-f80e-cf682535a0d1" executionId="b8622bd4-7adf-465f-97da-e7a3ce4bb8dc" testListId="8c84fa94-04c1-424b-9868-57a2d4851a1d" />
    <TestEntry testId="329882ff-f611-a554-9576-3b34cf9d8551" executionId="cbbcf2df-02a2-41cf-842b-d2fec989d018" testListId="8c84fa94-04c1-424b-9868-57a2d4851a1d" />
    <TestEntry testId="d201ce04-fab3-8021-0ef4-4c0b87f995ed" executionId="28ec08c5-f7a9-4b0a-bda6-e2374eebcf43" testListId="8c84fa94-04c1-424b-9868-57a2d4851a1d" />
    <TestEntry testId="6e7dda02-febe-ccf5-dbae-2b4818a1e1fa" executionId="9c88fb26-9e3a-47f9-bcb3-959bea521ac8" testListId="8c84fa94-04c1-424b-9868-57a2d4851a1d" />
    <TestEntry testId="0d38d276-f16a-6049-3a00-7fc62a1086b0" executionId="6e26d42c-5b95-4b1a-b6d1-0fd013d3991a" testListId="8c84fa94-04c1-424b-9868-57a2d4851a1d" />
    <TestEntry testId="1cb0f85a-e45d-f6d1-1d99-9f2162a7d91d" executionId="1199dec1-3f5b-48d5-bd1f-a3d1095c6e20" testListId="8c84fa94-04c1-424b-9868-57a2d4851a1d" />
    <TestEntry testId="1fe6b2df-a809-813c-cc49-2726c47d85a3" executionId="d6c76a0a-5ef2-42e3-89b6-33f0e18eaa9c" testListId="8c84fa94-04c1-424b-9868-57a2d4851a1d" />
    <TestEntry testId="797d1b06-f594-96aa-0a64-d6501d24b806" executionId="9644e471-cbe4-4351-b247-cee89d616e42" testListId="8c84fa94-04c1-424b-9868-57a2d4851a1d" />
    <TestEntry testId="4cc8321e-7180-c9e7-2e7e-f72fc284bd51" executionId="dbdcf480-5805-42bf-95cc-21b56de5826e" testListId="8c84fa94-04c1-424b-9868-57a2d4851a1d" />
    <TestEntry testId="95ed1d62-3915-0a4c-dfb0-d194ab946e96" executionId="976afdf9-19df-41eb-8ad4-9866ba42cacf" testListId="8c84fa94-04c1-424b-9868-57a2d4851a1d" />
    <TestEntry testId="98d37d9e-baf2-f0d0-cd27-e8e7316f3d25" executionId="b0d00cb9-7193-47f8-a16e-62e1bf951511" testListId="8c84fa94-04c1-424b-9868-57a2d4851a1d" />
    <TestEntry testId="e6f3a2af-91be-e34b-7398-bc24f9b02170" executionId="dc315db9-02e6-4e85-87e9-5fdc45019a51" testListId="8c84fa94-04c1-424b-9868-57a2d4851a1d" />
    <TestEntry testId="6bc5dc08-b8d9-d6db-bcd0-346cd704e2ae" executionId="dbe8541e-aa65-4302-ac04-eb1c2fd23cd8" testListId="8c84fa94-04c1-424b-9868-57a2d4851a1d" />
    <TestEntry testId="77625853-70d1-5e45-0d91-33d332874462" executionId="4e2a0651-eb28-4685-8724-fc90aa424abe" testListId="8c84fa94-04c1-424b-9868-57a2d4851a1d" />
    <TestEntry testId="e84e249c-8f03-366f-1813-58258fcae1af" executionId="e9fff215-4ee1-4a89-a3bc-521990fbdf2c" testListId="8c84fa94-04c1-424b-9868-57a2d4851a1d" />
    <TestEntry testId="10af9912-7a50-70e3-0386-5073441e8b0b" executionId="3439da9e-c6d5-4449-8835-5b82eb586152" testListId="8c84fa94-04c1-424b-9868-57a2d4851a1d" />
    <TestEntry testId="a8e5a760-b5e7-b40b-9992-10a66f34b951" executionId="77b9b392-44dc-4843-adbc-8c655733c501" testListId="8c84fa94-04c1-424b-9868-57a2d4851a1d" />
    <TestEntry testId="bb5b5574-e298-3d85-b9eb-53dfee4eefe7" executionId="4a47994a-6c56-4ba1-8285-bef06f150eb5" testListId="8c84fa94-04c1-424b-9868-57a2d4851a1d" />
    <TestEntry testId="8459b930-7b36-38ba-dd05-05dfe7f5b503" executionId="bc483fbd-9dfb-4164-802c-4ffd8280be30" testListId="8c84fa94-04c1-424b-9868-57a2d4851a1d" />
    <TestEntry testId="c4c917a4-c263-0938-d88d-8d79d48a864b" executionId="a7f8cf3a-3c47-4721-b2bf-38427690dddc" testListId="8c84fa94-04c1-424b-9868-57a2d4851a1d" />
    <TestEntry testId="f708766e-f74c-c7ee-7bfd-107a325ae169" executionId="c1f2b71e-66c7-41dd-974c-d1c710929ec5" testListId="8c84fa94-04c1-424b-9868-57a2d4851a1d" />
    <TestEntry testId="9c33aca2-0a98-0bd2-8db4-935817a0f96b" executionId="e838dd7d-ebab-4bfc-bea6-c3963dd6e886" testListId="8c84fa94-04c1-424b-9868-57a2d4851a1d" />
    <TestEntry testId="54c3832c-09de-c8f9-3750-725a1ce6fbe6" executionId="ccb0020a-ff67-490d-b978-98744fa01a09" testListId="8c84fa94-04c1-424b-9868-57a2d4851a1d" />
    <TestEntry testId="2971295a-8854-d231-dc1f-097ec22af30a" executionId="feb75341-c479-4756-a8c6-5a6f4682550e" testListId="8c84fa94-04c1-424b-9868-57a2d4851a1d" />
    <TestEntry testId="23c654ef-d309-17bd-c329-66ebf8afd38c" executionId="bdc64d0e-b44f-4c66-8d61-ea0e3444d1d3" testListId="8c84fa94-04c1-424b-9868-57a2d4851a1d" />
    <TestEntry testId="c980333a-7d30-e26a-2104-31742c1ac9ef" executionId="21a15bfb-c6e0-4eb3-b13b-6d90f82bb1a7" testListId="8c84fa94-04c1-424b-9868-57a2d4851a1d" />
    <TestEntry testId="3e53a9d9-c556-a7d8-4f82-6e0fa8f79202" executionId="42228186-2ef5-4d56-bafa-baa475c276cf" testListId="8c84fa94-04c1-424b-9868-57a2d4851a1d" />
    <TestEntry testId="af073b73-e442-83d4-8f67-facd9fe1c36b" executionId="0bb3c5d6-daa6-4b8b-b9a0-5cb0844efbb4" testListId="8c84fa94-04c1-424b-9868-57a2d4851a1d" />
    <TestEntry testId="6e140d88-ab0e-d3b0-fff7-583ed2446e51" executionId="fd5b565c-21af-44f3-8c87-2fa5adce32f8" testListId="8c84fa94-04c1-424b-9868-57a2d4851a1d" />
    <TestEntry testId="04063253-2e05-9c3b-57c3-00fc4d1cc0df" executionId="0f8b5dcc-d9c1-44b3-ad1b-691a3af024f9" testListId="8c84fa94-04c1-424b-9868-57a2d4851a1d" />
    <TestEntry testId="e9ccb073-0d8b-d5ea-5e41-8a86e6846c34" executionId="7ddaafd3-ad85-47a4-9962-6461c197dffe" testListId="8c84fa94-04c1-424b-9868-57a2d4851a1d" />
    <TestEntry testId="22f0a50e-639d-8d94-ca58-16e4e091d93d" executionId="769edecc-535e-4360-8004-0b17013bed83" testListId="8c84fa94-04c1-424b-9868-57a2d4851a1d" />
    <TestEntry testId="bf5fdd0f-ff96-25b0-f8e6-b9f553306d73" executionId="a89e84bd-eb40-49bf-84aa-1249c6a5095a" testListId="8c84fa94-04c1-424b-9868-57a2d4851a1d" />
    <TestEntry testId="876b377e-6226-1e62-e359-6c1e89310484" executionId="b96b0aaa-60d4-45ac-b1f8-1fcb868058f0" testListId="8c84fa94-04c1-424b-9868-57a2d4851a1d" />
    <TestEntry testId="8c58e0dc-79af-8fd3-78d1-001c14c55358" executionId="22da0d38-6d54-4a23-9eb0-213bb67ca376" testListId="8c84fa94-04c1-424b-9868-57a2d4851a1d" />
    <TestEntry testId="070f44f8-c507-5609-fb7a-7b0d046a2628" executionId="2a0d8b73-e27d-49b6-b078-a2de010d3922" testListId="8c84fa94-04c1-424b-9868-57a2d4851a1d" />
    <TestEntry testId="6bbf4930-378a-c087-102d-8926b1b9a5c0" executionId="01e0dc43-16bc-4cc5-9106-b53f24f1c715" testListId="8c84fa94-04c1-424b-9868-57a2d4851a1d" />
    <TestEntry testId="98c7a722-2a1e-0c59-a71f-7949e0abc224" executionId="306a103c-59a5-493c-8052-088798ecfcc9" testListId="8c84fa94-04c1-424b-9868-57a2d4851a1d" />
    <TestEntry testId="da63afb9-bb49-9525-2d47-9eca365ea18c" executionId="93e090bb-f0b7-4c08-8243-833afe4ea317" testListId="8c84fa94-04c1-424b-9868-57a2d4851a1d" />
    <TestEntry testId="5916caa7-8b0f-c902-23ca-645e784cfa61" executionId="6176faaf-5801-464b-aa25-d4ee63e55e3f" testListId="8c84fa94-04c1-424b-9868-57a2d4851a1d" />
    <TestEntry testId="068b5ea5-6a56-4df5-bcf2-8e3711042328" executionId="0babdf9c-224e-4f5d-9797-96aab7f1696b" testListId="8c84fa94-04c1-424b-9868-57a2d4851a1d" />
    <TestEntry testId="1c7bfdb9-adff-d9ee-4dd8-231d8fd6dd5f" executionId="314c17df-5d46-4b07-b663-778a98eabc75" testListId="8c84fa94-04c1-424b-9868-57a2d4851a1d" />
    <TestEntry testId="0d28f6a6-8c9f-bba0-86bf-e8c24b7b6bd9" executionId="5fff0bd3-c70d-41de-a7cc-a1da5b992807" testListId="8c84fa94-04c1-424b-9868-57a2d4851a1d" />
    <TestEntry testId="fe37e1c9-54ae-356c-b786-f228e7d908b0" executionId="28d3b0ae-a962-49c9-8f5e-b7d070bdc63d" testListId="8c84fa94-04c1-424b-9868-57a2d4851a1d" />
    <TestEntry testId="b1be6b03-4bb6-4d3b-6879-00bb90c34474" executionId="d426139e-5038-4bac-85a6-35d8021aca51" testListId="8c84fa94-04c1-424b-9868-57a2d4851a1d" />
    <TestEntry testId="8a1daf02-63d5-2f3d-829d-fe4c6074b0a0" executionId="8b893ebb-9ec3-4803-97bd-039f33b5ea8f" testListId="8c84fa94-04c1-424b-9868-57a2d4851a1d" />
    <TestEntry testId="2ecb9feb-a4c3-95af-93c5-07ad58e96583" executionId="0335bc29-e7bf-4f55-ab68-b826e997b6b6" testListId="8c84fa94-04c1-424b-9868-57a2d4851a1d" />
    <TestEntry testId="95c0d8c9-30aa-17bb-f9c1-c58ed8b54ccc" executionId="57d559bc-bfd8-4caf-8685-21d25ed87808" testListId="8c84fa94-04c1-424b-9868-57a2d4851a1d" />
    <TestEntry testId="90580d1e-af96-3535-e281-c3a523896a2b" executionId="0b9d510d-078b-4486-a87b-a0d1591f25f2" testListId="8c84fa94-04c1-424b-9868-57a2d4851a1d" />
    <TestEntry testId="9922772d-9ebd-0278-28c0-f716a8933e7a" executionId="7eeb9042-1de2-4fb5-b351-023d43dd9caf" testListId="8c84fa94-04c1-424b-9868-57a2d4851a1d" />
    <TestEntry testId="ef7002a1-a632-d95e-170d-d1639fadc8df" executionId="a27008c5-f92a-4151-9be6-8ccc64c9b6c4" testListId="8c84fa94-04c1-424b-9868-57a2d4851a1d" />
    <TestEntry testId="cb790c48-8749-e2f8-c3e0-07e9d9d24076" executionId="f2a19582-6520-457d-b7df-cc7638aa3a3a" testListId="8c84fa94-04c1-424b-9868-57a2d4851a1d" />
    <TestEntry testId="64430e77-58e2-0ec5-97b6-890b0922087d" executionId="229bfdf4-0fc2-4070-ba03-8c9c17d4347e" testListId="8c84fa94-04c1-424b-9868-57a2d4851a1d" />
    <TestEntry testId="86eadfb0-c80d-248f-0d08-4a6a19c58b3b" executionId="c845ffab-c901-4933-8239-09ba78442975" testListId="8c84fa94-04c1-424b-9868-57a2d4851a1d" />
    <TestEntry testId="b01a491c-65c1-c435-625a-8137bfe8921d" executionId="efa222d9-222c-4f01-b62b-0aea6af88f15" testListId="8c84fa94-04c1-424b-9868-57a2d4851a1d" />
    <TestEntry testId="45ebb18c-1462-fcc6-38d9-ee8c0c47e61d" executionId="911e399b-aa5d-4493-8135-796208d71ac1" testListId="8c84fa94-04c1-424b-9868-57a2d4851a1d" />
    <TestEntry testId="5836c7af-5945-2866-c0e5-01df4d4deb88" executionId="c736a920-9334-4fb9-accc-e7a9134c2e9e" testListId="8c84fa94-04c1-424b-9868-57a2d4851a1d" />
    <TestEntry testId="5b79d5eb-c1ad-ccdd-97c4-a1c9fcee547b" executionId="6562c529-3723-4eae-9f4e-07ecc563b154" testListId="8c84fa94-04c1-424b-9868-57a2d4851a1d" />
    <TestEntry testId="2d6dceda-cdfa-3fe9-e123-cca564767e42" executionId="9a2b34a7-c155-4fe3-aa79-a9f506641d67" testListId="8c84fa94-04c1-424b-9868-57a2d4851a1d" />
    <TestEntry testId="f39f840e-9fe4-8eea-0e36-df0bb7074426" executionId="8c3f40b0-b6fb-49eb-be7b-0f6ef2d7fcd8" testListId="8c84fa94-04c1-424b-9868-57a2d4851a1d" />
    <TestEntry testId="2c85a1da-6a36-18f3-6499-d4f29f2a1a4e" executionId="b4744c41-5f2b-45aa-87a8-0763472748e0" testListId="8c84fa94-04c1-424b-9868-57a2d4851a1d" />
    <TestEntry testId="6bf20f09-5825-9068-b09a-c307bccd5453" executionId="5ae18736-3631-413f-8f69-dec4cd8c1b28" testListId="8c84fa94-04c1-424b-9868-57a2d4851a1d" />
    <TestEntry testId="72dd5324-2d4e-46c5-ae53-1dcd16c5e664" executionId="b320740a-2c62-4aca-9201-a372765610fb" testListId="8c84fa94-04c1-424b-9868-57a2d4851a1d" />
    <TestEntry testId="dacbbafa-c82b-0882-5a01-cbd6610cfd72" executionId="c9c5a607-c42d-4c82-a281-7ca51e48f4db" testListId="8c84fa94-04c1-424b-9868-57a2d4851a1d" />
    <TestEntry testId="25573829-654c-68c2-71bd-616c39106f06" executionId="f4233156-6a1a-4d99-b2bd-6c3acf540957" testListId="8c84fa94-04c1-424b-9868-57a2d4851a1d" />
    <TestEntry testId="64727d4c-2ec4-b344-9528-e28c6157b8fb" executionId="30fef23a-7a46-4173-8781-33bbf14d3c42" testListId="8c84fa94-04c1-424b-9868-57a2d4851a1d" />
    <TestEntry testId="7176d104-06fd-e75a-6eef-5c4f81df8897" executionId="4ef9d5a2-c3b7-409b-9a6c-0a49195a935f" testListId="8c84fa94-04c1-424b-9868-57a2d4851a1d" />
    <TestEntry testId="27ccd2e0-9a5d-cbac-8a80-62d5e7365a4a" executionId="e37e4269-4270-44be-bb36-7ccc848df2de" testListId="8c84fa94-04c1-424b-9868-57a2d4851a1d" />
    <TestEntry testId="b40caadb-44e8-bd6c-04f4-62f476c77c1e" executionId="9879ff46-955a-4e56-90d5-9e312dae52e4" testListId="8c84fa94-04c1-424b-9868-57a2d4851a1d" />
    <TestEntry testId="27ccfb88-5e62-a51e-18aa-906399067173" executionId="1535ab43-a168-4bb4-8e89-f168f41a9ef9" testListId="8c84fa94-04c1-424b-9868-57a2d4851a1d" />
    <TestEntry testId="3f7c0063-b317-ae77-f254-b75e580a3018" executionId="81071635-d667-44e3-9338-1ebe089501f9" testListId="8c84fa94-04c1-424b-9868-57a2d4851a1d" />
    <TestEntry testId="19ea7fa7-b991-40f9-3da0-694117d7625c" executionId="d3b96ca2-b724-4c2f-b63d-fe177d0c3829" testListId="8c84fa94-04c1-424b-9868-57a2d4851a1d" />
    <TestEntry testId="acb22fb3-3aec-25e6-62ae-e066f47850e5" executionId="50be3c44-efa1-4073-94a0-f54706a4e064" testListId="8c84fa94-04c1-424b-9868-57a2d4851a1d" />
    <TestEntry testId="fc0dbdc4-9b44-c82b-dde6-679f5d9ea2e3" executionId="b42909a3-bd1b-4780-af5a-c85cb2f782e6" testListId="8c84fa94-04c1-424b-9868-57a2d4851a1d" />
    <TestEntry testId="3755e28f-37c0-46a0-2db1-737797d9c38e" executionId="4955335f-2805-4b11-8676-b629bddb3ccd" testListId="8c84fa94-04c1-424b-9868-57a2d4851a1d" />
    <TestEntry testId="fb5f2f5a-25a3-164e-cd3d-9b17ed954cf7" executionId="a9c53d78-11e4-4d10-8da3-5f6e75b10e97" testListId="8c84fa94-04c1-424b-9868-57a2d4851a1d" />
    <TestEntry testId="146d3d81-87bd-46d5-95cb-f3c031d6d14c" executionId="8337c76a-6c28-4d40-94f4-3bb5ac1c7e8d" testListId="8c84fa94-04c1-424b-9868-57a2d4851a1d" />
    <TestEntry testId="e75b0268-1481-9918-6c31-ce02b5d8f9da" executionId="9a1b472a-6eab-4c93-8697-2493d1c2699e" testListId="8c84fa94-04c1-424b-9868-57a2d4851a1d" />
    <TestEntry testId="6aca9079-5ba1-ce20-3d33-b500c86ec151" executionId="89de9b96-5ee8-4ad8-8eac-7ff6a84a5d5d" testListId="8c84fa94-04c1-424b-9868-57a2d4851a1d" />
    <TestEntry testId="e7a129dd-d39b-6d0f-b2a9-6cc21913e1e6" executionId="49dde6b1-5982-4a4a-93ba-5a789c496be7" testListId="8c84fa94-04c1-424b-9868-57a2d4851a1d" />
    <TestEntry testId="92371aec-c9da-ac05-7382-28a12670f36d" executionId="dee00fb1-996b-4de8-8446-52dab4b18c1f" testListId="8c84fa94-04c1-424b-9868-57a2d4851a1d" />
    <TestEntry testId="e04dda01-5f58-b857-d140-1452a03cc9b8" executionId="ffe0e98e-2733-4477-86b9-f76d22fa0a54" testListId="8c84fa94-04c1-424b-9868-57a2d4851a1d" />
    <TestEntry testId="35f19c90-1c0a-3879-a70d-ac36d80c8385" executionId="bf198f32-b38e-4e5f-a56c-3c751ef5e179" testListId="8c84fa94-04c1-424b-9868-57a2d4851a1d" />
    <TestEntry testId="de8a0674-1827-1f98-f80f-383efe8f455e" executionId="2513fe9f-e9c5-45e2-8b7f-d036ffb6f0a7" testListId="8c84fa94-04c1-424b-9868-57a2d4851a1d" />
    <TestEntry testId="adfdeae2-6032-109d-1a5e-820879f87af1" executionId="d77cd8f8-7b58-43dc-9724-3eeae64fcce3" testListId="8c84fa94-04c1-424b-9868-57a2d4851a1d" />
    <TestEntry testId="c0b126dc-c4bb-ea1b-2643-0deae49e6640" executionId="61134fab-2702-4bd2-98be-6367932c9919" testListId="8c84fa94-04c1-424b-9868-57a2d4851a1d" />
    <TestEntry testId="bcbf4edd-e856-de83-5888-2eb68f8c832b" executionId="5593b48b-597a-49c2-8c9b-97b873f65b2e" testListId="8c84fa94-04c1-424b-9868-57a2d4851a1d" />
    <TestEntry testId="440ee80e-9ae6-8d4c-f055-5a81cc93498d" executionId="81447f45-11cf-463c-b652-3d063dcbc2a9" testListId="8c84fa94-04c1-424b-9868-57a2d4851a1d" />
    <TestEntry testId="f3f2bb48-8194-d0ce-e03c-646d35f5016b" executionId="851bec64-f5ba-4e23-b1a6-ea2a9e4a0ecf" testListId="8c84fa94-04c1-424b-9868-57a2d4851a1d" />
    <TestEntry testId="7a848bc0-4763-9b06-1048-7c860abfe0ad" executionId="35a09adb-4cf8-4c45-9983-847002a4a789" testListId="8c84fa94-04c1-424b-9868-57a2d4851a1d" />
    <TestEntry testId="67359d75-ee5c-3f91-1e70-d8b5d8b417a0" executionId="77a80f1d-d97a-40d6-9d1b-7e83a2f53d54" testListId="8c84fa94-04c1-424b-9868-57a2d4851a1d" />
    <TestEntry testId="5306f01e-16fa-430c-a38d-45acee08d24a" executionId="69ab39ff-1b8c-49c3-b07c-b764685f699b" testListId="8c84fa94-04c1-424b-9868-57a2d4851a1d" />
    <TestEntry testId="19e6123d-5d16-0ebc-0252-dbcce987d204" executionId="19dbfb7c-deb4-401c-ad1d-69e5c9fadb9b" testListId="8c84fa94-04c1-424b-9868-57a2d4851a1d" />
    <TestEntry testId="e8eb8931-8ea5-cc86-90b7-f7d41a3f8eab" executionId="62be7910-064d-4f3d-b9d7-ef290a3da895" testListId="8c84fa94-04c1-424b-9868-57a2d4851a1d" />
    <TestEntry testId="83c2b612-b28d-be00-0685-1b51979b8094" executionId="64d54a81-45e0-419c-90f8-bc16f301e598" testListId="8c84fa94-04c1-424b-9868-57a2d4851a1d" />
    <TestEntry testId="bdce7d45-5ef6-95a3-4777-da097b075738" executionId="d433c8a5-b618-4a5b-bf6a-918caa6b138f" testListId="8c84fa94-04c1-424b-9868-57a2d4851a1d" />
    <TestEntry testId="020de2c8-e7c8-947f-5263-7e3653f554e5" executionId="42e4e94e-17b2-412a-81c3-debc09c6a35e" testListId="8c84fa94-04c1-424b-9868-57a2d4851a1d" />
    <TestEntry testId="1d2ab5f5-f9e0-6529-077c-e6409dc7078e" executionId="c2f86f41-dccc-4840-be97-56fca2147f13" testListId="8c84fa94-04c1-424b-9868-57a2d4851a1d" />
    <TestEntry testId="8c674920-545e-e7d4-3521-b0234de3f414" executionId="880c6df1-fbf1-4034-9ce2-b8d1245ee99b" testListId="8c84fa94-04c1-424b-9868-57a2d4851a1d" />
    <TestEntry testId="f2a4f705-b7db-95b3-e6d6-bf4b163e0d98" executionId="a7de14a1-2a59-4d45-918b-f9f00779085c" testListId="8c84fa94-04c1-424b-9868-57a2d4851a1d" />
    <TestEntry testId="d90ff1f9-136a-43c9-0a01-33e52bdcf5f7" executionId="5f4362fb-5aeb-4d8d-9743-73da811ecb14" testListId="8c84fa94-04c1-424b-9868-57a2d4851a1d" />
    <TestEntry testId="b9472259-cbc1-8aab-3c60-ac3d8332b638" executionId="8761ecab-a833-4f60-ac1f-99c8fc267593" testListId="8c84fa94-04c1-424b-9868-57a2d4851a1d" />
    <TestEntry testId="9a0d6c29-89a2-1403-a878-447f733a2495" executionId="1ac0514c-8dd2-49fa-be7b-d7833dd6c814" testListId="8c84fa94-04c1-424b-9868-57a2d4851a1d" />
    <TestEntry testId="ef4b4af2-1d1a-e409-80ff-af81fb09ebb0" executionId="59ced8aa-b64f-4e56-9a79-893257861f59" testListId="8c84fa94-04c1-424b-9868-57a2d4851a1d" />
    <TestEntry testId="7328898a-819d-b6a4-ce96-8f1dc0a2b2e5" executionId="75d8e595-d645-483d-bf05-1b12c8a3da7b" testListId="8c84fa94-04c1-424b-9868-57a2d4851a1d" />
    <TestEntry testId="918f810b-22b4-d559-b827-a50fdcb70dd7" executionId="97065178-d759-45ca-a19e-056ee889dedb" testListId="8c84fa94-04c1-424b-9868-57a2d4851a1d" />
    <TestEntry testId="8af733ee-2bf9-4fc7-4dd4-c916214d9fc0" executionId="2a465ce1-8319-4cd4-b40a-d6abbc1cd8d0" testListId="8c84fa94-04c1-424b-9868-57a2d4851a1d" />
    <TestEntry testId="0bf1c056-6a90-2146-6e07-55a462d7dd32" executionId="ad6febdb-d780-44ec-91a1-51582df841ae" testListId="8c84fa94-04c1-424b-9868-57a2d4851a1d" />
    <TestEntry testId="ef4df502-3cbb-f3e2-0d3a-3a66b6c3ae28" executionId="11d09c48-58ce-4745-aa82-3f70524f8b52" testListId="8c84fa94-04c1-424b-9868-57a2d4851a1d" />
    <TestEntry testId="8bedec7d-df75-0421-80de-39cb18a28c07" executionId="e7fe94c4-5acb-4361-be3c-1aedfa1d15bf" testListId="8c84fa94-04c1-424b-9868-57a2d4851a1d" />
    <TestEntry testId="9401bf22-4c9d-ba4e-88b5-88696f487c2f" executionId="c368d183-e0c7-4dba-a7bb-65a7c6bf9b7b" testListId="8c84fa94-04c1-424b-9868-57a2d4851a1d" />
    <TestEntry testId="d8f2ee3e-3717-7617-490c-444ed5e9cb0a" executionId="11204db6-5ace-4ffc-851f-b7aff57da441" testListId="8c84fa94-04c1-424b-9868-57a2d4851a1d" />
    <TestEntry testId="574747f3-4073-0f12-8bce-31346cfae57b" executionId="a21a872d-e00b-4e14-9596-27d18cad63cc" testListId="8c84fa94-04c1-424b-9868-57a2d4851a1d" />
    <TestEntry testId="04f5d0b5-bdea-ea9f-c05e-0160480985f6" executionId="57c9f081-5676-4819-8aad-fb3ba554f569" testListId="8c84fa94-04c1-424b-9868-57a2d4851a1d" />
    <TestEntry testId="07c1c696-e1c9-cd6d-b440-b034a7edad98" executionId="e1f84c44-aef6-4e93-8e7e-9123d44c51f8" testListId="8c84fa94-04c1-424b-9868-57a2d4851a1d" />
    <TestEntry testId="9f0f79cd-9f3f-2536-d154-ee831fe3e8cd" executionId="b6d6db5d-ebb1-432b-89a2-2e86f74ab432" testListId="8c84fa94-04c1-424b-9868-57a2d4851a1d" />
    <TestEntry testId="d67a91b3-bcfb-d35a-46c1-9346a1f1de89" executionId="1d79156f-b37f-4af8-8425-43ac1211fcbd" testListId="8c84fa94-04c1-424b-9868-57a2d4851a1d" />
    <TestEntry testId="108a4ea9-3254-c7cd-23b2-7f2bb04e8a6c" executionId="f895276f-869a-4d54-a125-bd5103ae6add" testListId="8c84fa94-04c1-424b-9868-57a2d4851a1d" />
    <TestEntry testId="5a2784e6-7f09-8029-fd8f-3346fe067a74" executionId="a0755038-487c-4443-8856-0a225b9f8518" testListId="8c84fa94-04c1-424b-9868-57a2d4851a1d" />
    <TestEntry testId="66eb99b1-41f6-a4bd-191f-a1c10284c1c6" executionId="ac6baf72-9766-4738-97ab-af7357a8bc20" testListId="8c84fa94-04c1-424b-9868-57a2d4851a1d" />
    <TestEntry testId="5decf507-2568-316d-92ec-68a30d6985dd" executionId="8734346e-02d0-40c4-9c84-f1de1a469801" testListId="8c84fa94-04c1-424b-9868-57a2d4851a1d" />
    <TestEntry testId="12401b51-81e4-e860-86b5-36cfb941e389" executionId="96e40db2-9080-47b0-9f19-df780c0661c8" testListId="8c84fa94-04c1-424b-9868-57a2d4851a1d" />
    <TestEntry testId="308e1c4a-ba44-7cf4-befe-a2c97bb20231" executionId="da13aa9a-a64b-4bbd-96ce-a9603b308c5a" testListId="8c84fa94-04c1-424b-9868-57a2d4851a1d" />
    <TestEntry testId="d26b6ae3-7c5b-f166-dbbc-08b00cbea3a6" executionId="dbc4aaa2-886b-401e-88ed-7fca1786a161" testListId="8c84fa94-04c1-424b-9868-57a2d4851a1d" />
    <TestEntry testId="50451f90-ea09-5184-2a42-7fbe205e684d" executionId="896ae56e-07de-4971-8c0c-1b4de72fe679" testListId="8c84fa94-04c1-424b-9868-57a2d4851a1d" />
    <TestEntry testId="261c048b-027d-0217-07cf-30e5d8e16453" executionId="5c868afd-3902-4678-8308-1d48b13bf1d2" testListId="8c84fa94-04c1-424b-9868-57a2d4851a1d" />
    <TestEntry testId="84db774a-c111-4258-0435-8f228090f6a8" executionId="f98e932a-4305-46cf-8433-57b51e99a904" testListId="8c84fa94-04c1-424b-9868-57a2d4851a1d" />
    <TestEntry testId="13527855-a58b-4faf-96e8-f3534637aff4" executionId="c2f55e22-e9e7-458a-9c92-cb47d205885d" testListId="8c84fa94-04c1-424b-9868-57a2d4851a1d" />
    <TestEntry testId="bb84c460-80b0-7e0d-46a2-4ae8239039f4" executionId="dfc12bfc-328b-40e0-a96d-34f26ca58355" testListId="8c84fa94-04c1-424b-9868-57a2d4851a1d" />
    <TestEntry testId="3130c102-d9c5-89a3-1105-d11a60179556" executionId="cf812be7-543b-474b-aef4-4d6483a4fa76" testListId="8c84fa94-04c1-424b-9868-57a2d4851a1d" />
    <TestEntry testId="02ff866b-d9de-91ea-b150-5b46208cf6b6" executionId="736d0bd6-8efc-454c-b640-ae94a09e48ea" testListId="8c84fa94-04c1-424b-9868-57a2d4851a1d" />
    <TestEntry testId="1912c435-3b40-b0f6-e666-95dee8907e58" executionId="dbf6abca-d059-4e91-9bbb-ffd1d7bca454" testListId="8c84fa94-04c1-424b-9868-57a2d4851a1d" />
    <TestEntry testId="4bd9b636-dfa2-5692-681d-1f7fe3ffd6e9" executionId="df68ae41-046a-4b24-94fe-a28f67fe08b5" testListId="8c84fa94-04c1-424b-9868-57a2d4851a1d" />
    <TestEntry testId="bd35a49a-3fcc-2f58-b545-51e75be21217" executionId="d3e6e22d-b60d-4a1e-ba21-75f42a22eaa5" testListId="8c84fa94-04c1-424b-9868-57a2d4851a1d" />
    <TestEntry testId="3db91a87-8cfd-f3e0-c48a-99e5e145e540" executionId="19e41795-82de-4119-8e42-99073bf28a81" testListId="8c84fa94-04c1-424b-9868-57a2d4851a1d" />
    <TestEntry testId="45a79a42-e1c1-0911-8715-75214286285f" executionId="83ee5019-4cbf-4994-9036-d8d9d113a2aa" testListId="8c84fa94-04c1-424b-9868-57a2d4851a1d" />
    <TestEntry testId="303cbcb0-e671-ae1c-b7fa-7acbc091dec0" executionId="e10cc629-33b6-4f3a-843e-fa168d5a284a" testListId="8c84fa94-04c1-424b-9868-57a2d4851a1d" />
    <TestEntry testId="42d3737a-bd4c-74a4-9367-57c4a6dbcd8c" executionId="661416cd-b47b-420d-86e3-e72738038aa8" testListId="8c84fa94-04c1-424b-9868-57a2d4851a1d" />
    <TestEntry testId="3358b9aa-32a2-5f77-d966-2e9b2a6d5742" executionId="57a2f624-0407-4398-ab16-bee9a23730ca" testListId="8c84fa94-04c1-424b-9868-57a2d4851a1d" />
    <TestEntry testId="da356caf-c7b1-c7ac-954d-3587b6c711cf" executionId="4b2fc8a9-5ad2-42b6-8d16-eff09b29ad45" testListId="8c84fa94-04c1-424b-9868-57a2d4851a1d" />
    <TestEntry testId="0d5cadca-6d65-49ed-9b6f-620289122bf9" executionId="ba99f4e7-4cae-4ec5-a48a-cf7264dc7d1f" testListId="8c84fa94-04c1-424b-9868-57a2d4851a1d" />
    <TestEntry testId="f0909767-162a-1e2a-bb15-72aedf5d3be3" executionId="266a20b0-6c55-4885-910b-4220dac051b9" testListId="8c84fa94-04c1-424b-9868-57a2d4851a1d" />
    <TestEntry testId="e9250f0e-881c-6201-e47c-dce97a49d3b1" executionId="40259f3e-aa77-4867-a67b-b737afc35903" testListId="8c84fa94-04c1-424b-9868-57a2d4851a1d" />
    <TestEntry testId="3020bf99-f3d8-c979-4bae-b3a8c9ddb76a" executionId="64ce9305-e744-41a6-9016-c720747621d1" testListId="8c84fa94-04c1-424b-9868-57a2d4851a1d" />
    <TestEntry testId="5d3fdebe-4733-a688-eff0-8cd662c1e2c9" executionId="da784760-4d97-4826-9789-d9544b851314" testListId="8c84fa94-04c1-424b-9868-57a2d4851a1d" />
    <TestEntry testId="7382087a-f560-cc1f-b0d6-09bd9c8297c8" executionId="a80e357c-661e-4b07-b20c-ad2aa9bd50dc" testListId="8c84fa94-04c1-424b-9868-57a2d4851a1d" />
    <TestEntry testId="cf4f8bbc-31a2-40a6-490b-80b6f741d0bf" executionId="0f802f5a-9f54-48d4-befa-9bda180ae85d" testListId="8c84fa94-04c1-424b-9868-57a2d4851a1d" />
    <TestEntry testId="70310c4a-dda5-adbf-af8c-b3eb16fa5759" executionId="591cb2aa-afb8-4564-aca0-96a601755a06" testListId="8c84fa94-04c1-424b-9868-57a2d4851a1d" />
    <TestEntry testId="a19bfb95-8f25-d9c8-58bd-912971a9d198" executionId="34e0f0fb-196e-4f73-a7cb-d44e71a73db0" testListId="8c84fa94-04c1-424b-9868-57a2d4851a1d" />
    <TestEntry testId="6244912c-ad07-8f43-ebe5-473051ce9e26" executionId="e6bc68f6-d06d-4fd2-8443-68a2b4a943a3" testListId="8c84fa94-04c1-424b-9868-57a2d4851a1d" />
    <TestEntry testId="e0f632f3-2a81-9ad3-3b47-32376b9ed44f" executionId="dcbf7d08-62a1-4a0a-9efa-7e822f862abd" testListId="8c84fa94-04c1-424b-9868-57a2d4851a1d" />
    <TestEntry testId="84b74dc5-2e76-a120-bd4c-fdb7f499dcf8" executionId="98853b26-e33b-4c77-ae14-f19895f4d0f3" testListId="8c84fa94-04c1-424b-9868-57a2d4851a1d" />
    <TestEntry testId="88ec9177-b7e0-3a84-f36c-48c53d286608" executionId="cae7033b-ef52-4980-a099-0125ab21c358" testListId="8c84fa94-04c1-424b-9868-57a2d4851a1d" />
    <TestEntry testId="65e54b81-0287-bf37-60c4-7062db86d0fe" executionId="c29366b1-84df-40f9-a69f-1cd193385a8d" testListId="8c84fa94-04c1-424b-9868-57a2d4851a1d" />
    <TestEntry testId="f4479cf8-bfc6-0016-8cb7-b5986c896f46" executionId="ad5b67c6-8bf3-45c9-81a0-6529db255909" testListId="8c84fa94-04c1-424b-9868-57a2d4851a1d" />
    <TestEntry testId="96f174e7-4d55-151b-7c6c-8114e514a01b" executionId="1e1c9650-6454-4db8-a149-bf1221d3e435" testListId="8c84fa94-04c1-424b-9868-57a2d4851a1d" />
    <TestEntry testId="5d58c9b4-3661-6d3f-adbc-4e28095db483" executionId="b24cdec2-4a46-484e-a6de-afdbd4a217cd" testListId="8c84fa94-04c1-424b-9868-57a2d4851a1d" />
    <TestEntry testId="2da8ba8c-63fd-98ea-b4e4-208dac6232ad" executionId="ed1f18b0-510f-44cc-a5de-f24a4bfa80db" testListId="8c84fa94-04c1-424b-9868-57a2d4851a1d" />
    <TestEntry testId="70392d53-3e08-1872-68fa-7004ab2c60e0" executionId="2ca9425b-dd3c-4da3-8c7b-77ae1968e147" testListId="8c84fa94-04c1-424b-9868-57a2d4851a1d" />
    <TestEntry testId="e7458480-4c97-e1de-ce14-70cfd04aff92" executionId="2214d24a-6262-4bf1-8133-5db056976e1e" testListId="8c84fa94-04c1-424b-9868-57a2d4851a1d" />
    <TestEntry testId="49dc7a14-24fd-34bf-cf8f-3edae8381374" executionId="0b9632f4-1ee1-4f4c-9657-08036f7be54f" testListId="8c84fa94-04c1-424b-9868-57a2d4851a1d" />
    <TestEntry testId="467824c7-6b3e-5e48-d0c9-29850f770254" executionId="dd17a75b-fed2-4214-8a77-b67a7baa9872" testListId="8c84fa94-04c1-424b-9868-57a2d4851a1d" />
    <TestEntry testId="57ceae09-df91-dde2-11aa-8f967e5c305c" executionId="fc83ca2c-6476-47a4-b764-c47fba351bcf" testListId="8c84fa94-04c1-424b-9868-57a2d4851a1d" />
    <TestEntry testId="d704d95b-e889-99fa-d00c-e4dface0cdbd" executionId="733ecff4-53d3-46dc-a139-8999cb0107e1" testListId="8c84fa94-04c1-424b-9868-57a2d4851a1d" />
    <TestEntry testId="65f420ff-2ba3-4775-c57c-5094e8ca4c16" executionId="e7b937d5-5ea3-4e76-9478-aa72cd89d136" testListId="8c84fa94-04c1-424b-9868-57a2d4851a1d" />
    <TestEntry testId="08f82524-a5e0-819c-e55a-b37b26b85572" executionId="2c8fc706-c59b-4d77-a54c-794c5ad72a10" testListId="8c84fa94-04c1-424b-9868-57a2d4851a1d" />
    <TestEntry testId="4745606e-7b24-f27a-4708-bac768353bf2" executionId="5cf8c864-44e5-460a-9a4b-ed0f8de135ef" testListId="8c84fa94-04c1-424b-9868-57a2d4851a1d" />
    <TestEntry testId="1914f58d-992e-5afb-95de-6bc7d4e1d025" executionId="916d214e-dda9-4a55-bf69-73e550abdc85" testListId="8c84fa94-04c1-424b-9868-57a2d4851a1d" />
    <TestEntry testId="f55056ec-3aa7-05a7-707c-3ad6efc505c4" executionId="9df45841-4cb9-42fd-854d-87e22e492eb0" testListId="8c84fa94-04c1-424b-9868-57a2d4851a1d" />
    <TestEntry testId="c295bb62-320f-ca9c-aa35-e4f390d0c57d" executionId="d8cd72fa-4402-4147-afdc-1d88702fd5f3" testListId="8c84fa94-04c1-424b-9868-57a2d4851a1d" />
    <TestEntry testId="829b863b-5ed2-c878-bc8c-167f0108efe0" executionId="e8baee49-8ca9-4869-8d09-d40b44b3b8fd" testListId="8c84fa94-04c1-424b-9868-57a2d4851a1d" />
    <TestEntry testId="27630e72-6b17-f6e0-77db-8beb30ed137f" executionId="80ea90b8-3160-4abe-ae92-5208d9e00e7d" testListId="8c84fa94-04c1-424b-9868-57a2d4851a1d" />
    <TestEntry testId="0a457929-1e19-0ca2-b64d-db72e2663783" executionId="16004a15-ed24-416a-a537-ba62afef5cec" testListId="8c84fa94-04c1-424b-9868-57a2d4851a1d" />
    <TestEntry testId="ea52362c-1f5c-ac32-e84c-080e3de1537d" executionId="280d7595-e1fa-485c-84b8-cfbae95c1a6c" testListId="8c84fa94-04c1-424b-9868-57a2d4851a1d" />
    <TestEntry testId="085b95f1-c0db-2f99-b20b-f59be0ae67b8" executionId="a398a21e-fdda-46a0-9d9d-3769abba8ac7" testListId="8c84fa94-04c1-424b-9868-57a2d4851a1d" />
    <TestEntry testId="34d48701-e1ac-2e19-eb6f-0bd8a64dded2" executionId="f0592f41-4daf-45b6-9090-54a5b3707243" testListId="8c84fa94-04c1-424b-9868-57a2d4851a1d" />
    <TestEntry testId="8ccd7567-eab2-e0e1-2afe-6afba541480f" executionId="5e60b692-4183-4892-8bee-5c634368353c" testListId="8c84fa94-04c1-424b-9868-57a2d4851a1d" />
    <TestEntry testId="a94728de-4382-9cba-2e0e-3ec2e57998e5" executionId="0b3b2a6d-b6c2-46dc-925a-d67d8eadebb3" testListId="8c84fa94-04c1-424b-9868-57a2d4851a1d" />
    <TestEntry testId="d73a99a7-a612-e83a-8109-c6103fc6ab54" executionId="0a44754d-e9b7-4337-9123-2ca770205a58" testListId="8c84fa94-04c1-424b-9868-57a2d4851a1d" />
    <TestEntry testId="f7f0c4a9-bdbe-0e0a-884c-2dc4fa6ff524" executionId="8bd122aa-50da-439f-afc1-fb72e2b84f08" testListId="8c84fa94-04c1-424b-9868-57a2d4851a1d" />
    <TestEntry testId="4270268e-8cfd-56c9-86b9-11acde4f6e5e" executionId="3a863005-9afe-4f5c-b013-f2daa19fe7c4" testListId="8c84fa94-04c1-424b-9868-57a2d4851a1d" />
    <TestEntry testId="1a07ec96-41c6-ed47-c30b-bf8706c8f724" executionId="4652212e-3702-4906-ad4c-da7c4f8d7745" testListId="8c84fa94-04c1-424b-9868-57a2d4851a1d" />
    <TestEntry testId="5151a704-3206-3741-bbc1-8ef133b976d7" executionId="02ed77cd-a3ef-4cb8-a3f4-609c1320ba95" testListId="8c84fa94-04c1-424b-9868-57a2d4851a1d" />
    <TestEntry testId="b7c8bfc9-c138-c1ce-c6aa-57f3b4e1ab8c" executionId="04892cec-2eed-454f-83b8-d2d5fb2e9e48" testListId="8c84fa94-04c1-424b-9868-57a2d4851a1d" />
    <TestEntry testId="807585e9-378a-1c37-2312-0a6d01d50430" executionId="349c7158-fe7d-4fe5-bd3d-3a9414adfd5e" testListId="8c84fa94-04c1-424b-9868-57a2d4851a1d" />
    <TestEntry testId="277914ec-01e4-1fbe-0c9e-4aa2691a5f61" executionId="2e00900b-7a83-41ea-8b99-2248b9104c32" testListId="8c84fa94-04c1-424b-9868-57a2d4851a1d" />
    <TestEntry testId="35bcba84-9b5a-7576-f971-674ad95571fc" executionId="f32e7aad-5f7e-4ad6-928e-1004bea73230" testListId="8c84fa94-04c1-424b-9868-57a2d4851a1d" />
    <TestEntry testId="4cb3608e-5a19-a04d-df34-b44f0a5bfc53" executionId="5d9a301e-6cde-4b13-8260-5fafed794ea7" testListId="8c84fa94-04c1-424b-9868-57a2d4851a1d" />
    <TestEntry testId="dd65dcfb-3041-684d-5ddb-aa17953f2bd5" executionId="9305003c-3283-4fa1-8d09-f1f742bc5209" testListId="8c84fa94-04c1-424b-9868-57a2d4851a1d" />
    <TestEntry testId="cbc6ea9b-314f-4740-28cf-f4c429edc6aa" executionId="fef73b6b-4a27-4260-aabb-34830c6bab05" testListId="8c84fa94-04c1-424b-9868-57a2d4851a1d" />
    <TestEntry testId="8272b784-fc05-128a-06a7-388a6f80babf" executionId="260fcaa0-5bb6-4960-9656-8da1b18db7ce" testListId="8c84fa94-04c1-424b-9868-57a2d4851a1d" />
    <TestEntry testId="08119cc9-3b63-481e-3f94-49d9a431dbe1" executionId="995f352a-35ea-4b6c-b731-a12131c448cc" testListId="8c84fa94-04c1-424b-9868-57a2d4851a1d" />
    <TestEntry testId="762f95ac-e820-e8c6-0157-d9d69ed395c0" executionId="1781455d-c5e0-4911-9a95-30a5b8834d63" testListId="8c84fa94-04c1-424b-9868-57a2d4851a1d" />
    <TestEntry testId="60f544d5-4d74-1404-e807-531105b83598" executionId="80c1f690-62a9-45aa-ab48-bc2e72a2d790" testListId="8c84fa94-04c1-424b-9868-57a2d4851a1d" />
    <TestEntry testId="21afc20a-e63b-a258-2537-63e9e55913f0" executionId="aa7b26e7-7ba1-462d-a0e6-471e2f302507" testListId="8c84fa94-04c1-424b-9868-57a2d4851a1d" />
    <TestEntry testId="4a6e5154-da41-ce89-bad5-156106b9f7eb" executionId="32ca0539-e843-4411-8f1d-9ac5664e1b3f" testListId="8c84fa94-04c1-424b-9868-57a2d4851a1d" />
    <TestEntry testId="c2e09a2b-4124-499a-cf2b-84ae6e80bb00" executionId="4962e692-7bdb-4fd4-a53c-c5d0a4d3ca96" testListId="8c84fa94-04c1-424b-9868-57a2d4851a1d" />
    <TestEntry testId="c163543e-4883-6918-df44-1a20a70f1c4f" executionId="843c2a78-4cf2-4d44-a292-c034bfce0f4c" testListId="8c84fa94-04c1-424b-9868-57a2d4851a1d" />
    <TestEntry testId="7ab49b70-bfef-6e42-49f6-0697346c96ed" executionId="e59c2fce-254d-4cb2-9af9-93826b703d34" testListId="8c84fa94-04c1-424b-9868-57a2d4851a1d" />
    <TestEntry testId="105c2813-7150-3b90-843a-32afc4eeba90" executionId="09364a22-42e4-4e96-ad58-857327da70c4" testListId="8c84fa94-04c1-424b-9868-57a2d4851a1d" />
    <TestEntry testId="546be6e4-c24b-e270-fcab-871d7acf82f1" executionId="89e6fa5f-2f4b-4d98-91af-282cbe6b581a" testListId="8c84fa94-04c1-424b-9868-57a2d4851a1d" />
    <TestEntry testId="192c21d4-4777-6217-ad08-5904b2b95d2c" executionId="27782fa9-d3f7-481d-85c3-4a45b8c27b44" testListId="8c84fa94-04c1-424b-9868-57a2d4851a1d" />
    <TestEntry testId="225b9493-97e3-e667-0072-6a74b2c74310" executionId="cfa2fabe-4f10-4fcc-a231-9324f9b71072" testListId="8c84fa94-04c1-424b-9868-57a2d4851a1d" />
    <TestEntry testId="f9d61a4c-edfa-6997-18ad-0a9cc64dfe46" executionId="18d8e034-7ea0-44b2-8070-34f06cc15b96" testListId="8c84fa94-04c1-424b-9868-57a2d4851a1d" />
    <TestEntry testId="30cbeda6-4a4d-49cd-6f07-7be2c53fef59" executionId="a00f8c53-abcc-4326-b2d4-e94c091a77fb" testListId="8c84fa94-04c1-424b-9868-57a2d4851a1d" />
    <TestEntry testId="7dc3c187-6a7d-ad06-5406-bdee81296bd5" executionId="0dffda84-351f-4743-a97f-9c4dfdba0216" testListId="8c84fa94-04c1-424b-9868-57a2d4851a1d" />
    <TestEntry testId="ea81a3f2-6391-e50e-33e8-0d02d3032928" executionId="61ddadfa-c575-4c5e-bddf-28a83b380023" testListId="8c84fa94-04c1-424b-9868-57a2d4851a1d" />
    <TestEntry testId="7f14b729-0899-0031-9a63-6fd2c37db967" executionId="5fd0dcd1-13ce-426d-aafc-b07a919dc908" testListId="8c84fa94-04c1-424b-9868-57a2d4851a1d" />
    <TestEntry testId="18d48675-6509-bb11-3fee-5d716dee4f28" executionId="720424e3-1739-4e1f-ac5e-3ed4c30b5231" testListId="8c84fa94-04c1-424b-9868-57a2d4851a1d" />
    <TestEntry testId="c0975960-38dc-8069-2db8-13c12a6f1523" executionId="b53e843f-702e-494c-9b01-29b8a26342e8" testListId="8c84fa94-04c1-424b-9868-57a2d4851a1d" />
    <TestEntry testId="cfdadbb6-4369-6596-8f5b-96769dcbfed0" executionId="5d27f164-b0fa-49b0-9be6-c398f36d360a" testListId="8c84fa94-04c1-424b-9868-57a2d4851a1d" />
    <TestEntry testId="d8ac30f6-c2fe-89e6-60ae-2d246396d3b1" executionId="709999d0-f025-4c5e-a614-baa75a82663c" testListId="8c84fa94-04c1-424b-9868-57a2d4851a1d" />
    <TestEntry testId="6da0f052-dcd7-6406-e5ad-d060dc1b2e79" executionId="636afab3-fe6a-4eac-b40d-abca0dfd6f62" testListId="8c84fa94-04c1-424b-9868-57a2d4851a1d" />
    <TestEntry testId="45040f79-b80a-cd6c-e3c7-bb1df9465111" executionId="c3bd07b4-3295-41e1-b585-df7451852fe9" testListId="8c84fa94-04c1-424b-9868-57a2d4851a1d" />
    <TestEntry testId="d257a177-3323-3d4a-0757-1324812de09f" executionId="eaf64251-ec93-4399-a1f0-0b93eacb4d35" testListId="8c84fa94-04c1-424b-9868-57a2d4851a1d" />
    <TestEntry testId="d237f851-d15d-9ea1-e50c-0f7b70ca90d4" executionId="058be03f-ed18-4e32-a5c7-54fb3875a213" testListId="8c84fa94-04c1-424b-9868-57a2d4851a1d" />
    <TestEntry testId="77edeaf5-87b9-1960-fa7b-de88f9c43d95" executionId="524bb41d-d95c-4fbb-81ba-3302e2a6c66c" testListId="8c84fa94-04c1-424b-9868-57a2d4851a1d" />
    <TestEntry testId="8d322d69-ee52-25c1-6196-70ee8fd857cd" executionId="4211e211-3784-45fa-910e-c4131b00106e" testListId="8c84fa94-04c1-424b-9868-57a2d4851a1d" />
    <TestEntry testId="cb3fe021-68f1-4ecc-7115-019113d037af" executionId="216ae1c7-e379-41a8-8183-cdb0fa2df7db" testListId="8c84fa94-04c1-424b-9868-57a2d4851a1d" />
    <TestEntry testId="4387e94e-dce1-65b3-024a-93c5ce09ca12" executionId="729f2b98-52da-4ea5-b91e-8e40cb021d39" testListId="8c84fa94-04c1-424b-9868-57a2d4851a1d" />
    <TestEntry testId="64a135fc-ed9b-761b-bf25-f0bbfcbbfc20" executionId="88873a54-245d-44db-a7ed-11703f179321" testListId="8c84fa94-04c1-424b-9868-57a2d4851a1d" />
    <TestEntry testId="7aa30c8f-3784-1048-1459-96e420b96322" executionId="0cdae6c3-7d1d-49b4-8305-3283183c5d34" testListId="8c84fa94-04c1-424b-9868-57a2d4851a1d" />
    <TestEntry testId="cacaf148-a78e-51bf-74da-84c0ce9037a3" executionId="40c2c0b9-4425-45b4-b61e-c0d3a89b25e7" testListId="8c84fa94-04c1-424b-9868-57a2d4851a1d" />
    <TestEntry testId="8110e667-5507-3a01-0b3e-1d609a00a2b6" executionId="da37922d-ef03-4496-a4ca-fc839ab1c7b1" testListId="8c84fa94-04c1-424b-9868-57a2d4851a1d" />
    <TestEntry testId="422a1fea-8511-ab9e-db8c-582cfc16af08" executionId="e7dc15d8-b60d-4d03-8490-85c8f51fcb79" testListId="8c84fa94-04c1-424b-9868-57a2d4851a1d" />
    <TestEntry testId="36167cde-c553-68b4-d36d-934a219e93a5" executionId="f46b332c-268c-447f-b480-5d53507f9b3c" testListId="8c84fa94-04c1-424b-9868-57a2d4851a1d" />
    <TestEntry testId="2344281c-d082-6de8-1037-b30b55f816d7" executionId="4360c264-b0cf-4c6e-a796-560286644921" testListId="8c84fa94-04c1-424b-9868-57a2d4851a1d" />
    <TestEntry testId="5bdc3cfa-82c0-ec82-150a-04b45b919e0e" executionId="6d7d2524-9890-441b-853b-83d96f094213" testListId="8c84fa94-04c1-424b-9868-57a2d4851a1d" />
    <TestEntry testId="0f77928f-71b3-4b4b-ddff-a7fe5a15a3d3" executionId="4c364551-cdca-43ba-a1f2-e0499c5a6109" testListId="8c84fa94-04c1-424b-9868-57a2d4851a1d" />
    <TestEntry testId="fe1ea5af-21c4-d812-f4dd-ec83dac9d2c8" executionId="3a48f747-e070-461c-8db1-63b1e59fd42b" testListId="8c84fa94-04c1-424b-9868-57a2d4851a1d" />
    <TestEntry testId="c5c65d3a-517f-855c-d6b6-12b0e057f322" executionId="11fe8442-5c83-4bc9-9746-51fad47d98d6" testListId="8c84fa94-04c1-424b-9868-57a2d4851a1d" />
    <TestEntry testId="201b1746-1752-f77c-cd86-3e465dd88549" executionId="74408cef-4098-49bb-b299-245eb2fcf05d" testListId="8c84fa94-04c1-424b-9868-57a2d4851a1d" />
    <TestEntry testId="c27f904d-90aa-f6ab-2b60-49c6eb620183" executionId="ba7c1c2f-24f8-42bb-ab28-56a0f9227c7b" testListId="8c84fa94-04c1-424b-9868-57a2d4851a1d" />
    <TestEntry testId="415c0c70-de39-54ae-7c18-80ac45f95757" executionId="cbf6f477-3fbd-4e1f-9f1d-871de1107b23" testListId="8c84fa94-04c1-424b-9868-57a2d4851a1d" />
    <TestEntry testId="203ed21a-4fd9-81f2-060f-be9a1e9272fc" executionId="3a7c1ed5-e720-4fc8-9cfe-164535ab64c4" testListId="8c84fa94-04c1-424b-9868-57a2d4851a1d" />
    <TestEntry testId="d1c7f3d9-04b7-e1b8-745a-7f74adac6be0" executionId="fd2fc57f-2e97-481c-90c5-efd8d033d3b7" testListId="8c84fa94-04c1-424b-9868-57a2d4851a1d" />
    <TestEntry testId="fe8aea54-d4d1-5514-2b7a-4e26b72311d5" executionId="028779b5-1e37-4f9d-90df-5dbb82810c5b" testListId="8c84fa94-04c1-424b-9868-57a2d4851a1d" />
    <TestEntry testId="261344c1-62ee-f919-19f7-922a2569fe84" executionId="795aabef-29f2-4f7a-b5cb-6a8600bb32b8" testListId="8c84fa94-04c1-424b-9868-57a2d4851a1d" />
    <TestEntry testId="9f396c95-244b-264f-b783-ab74c8a55f86" executionId="6270d506-aac3-4bd6-8b24-95149d8ea7e1" testListId="8c84fa94-04c1-424b-9868-57a2d4851a1d" />
    <TestEntry testId="55d2b0f1-8585-24b3-1819-c26b8816a7a0" executionId="1ec61939-248f-49c8-97e3-9004f45c02b0" testListId="8c84fa94-04c1-424b-9868-57a2d4851a1d" />
    <TestEntry testId="fe580ec5-7488-b770-d266-be2087559d71" executionId="43594dd6-b5d4-40ea-9626-569f3fa0732d" testListId="8c84fa94-04c1-424b-9868-57a2d4851a1d" />
    <TestEntry testId="82e5f9cd-c23f-5eb6-4290-a9dadad382d9" executionId="af1e20c6-a0a1-49a4-99c1-41547b05511c" testListId="8c84fa94-04c1-424b-9868-57a2d4851a1d" />
    <TestEntry testId="f1af1adb-c54e-ed4f-a2e9-c214baafdfa5" executionId="656375a3-7ba1-48d3-97a7-a9387441b922" testListId="8c84fa94-04c1-424b-9868-57a2d4851a1d" />
    <TestEntry testId="c85af1d4-e00d-fa81-374d-b251bef6aa13" executionId="55c05c1c-37bc-4668-9e87-cd55141c3396" testListId="8c84fa94-04c1-424b-9868-57a2d4851a1d" />
    <TestEntry testId="45b2ed7e-a1dd-32e5-3926-4fa1b77666cf" executionId="ee2d263e-2dbe-4348-8af2-4cccb667acd2" testListId="8c84fa94-04c1-424b-9868-57a2d4851a1d" />
    <TestEntry testId="20262617-f1fc-3328-6761-009329e2467e" executionId="d279de51-5e21-483c-b9dd-a357be490aed" testListId="8c84fa94-04c1-424b-9868-57a2d4851a1d" />
    <TestEntry testId="46e14976-2aca-243a-e832-96a77df30611" executionId="521e2f56-80b0-4dc4-9c94-903ba8de5c8e" testListId="8c84fa94-04c1-424b-9868-57a2d4851a1d" />
    <TestEntry testId="e9f2df8e-ec6c-9e69-3538-e46d166abdd3" executionId="92e2c8e4-643a-4d7a-b3c5-1d83be312237" testListId="8c84fa94-04c1-424b-9868-57a2d4851a1d" />
    <TestEntry testId="ae16acfa-9412-11b7-5422-578524d819bf" executionId="95935db2-1daf-4e89-8f3e-bd60727ab064" testListId="8c84fa94-04c1-424b-9868-57a2d4851a1d" />
    <TestEntry testId="8fb1540b-6b3e-006c-0002-3902aa372021" executionId="6b4dd644-1080-4b4b-a0b6-f23edff1a397" testListId="8c84fa94-04c1-424b-9868-57a2d4851a1d" />
    <TestEntry testId="f30f42f9-2873-ec62-feac-fcdec189dbf6" executionId="87dd2ea9-2736-480f-bc69-2df6bae71854" testListId="8c84fa94-04c1-424b-9868-57a2d4851a1d" />
    <TestEntry testId="50c2974a-93b5-d034-536b-61c1691458ba" executionId="37ffde47-e5c0-437b-8f5a-4a14b0c883a7" testListId="8c84fa94-04c1-424b-9868-57a2d4851a1d" />
    <TestEntry testId="40d22f16-b81a-0088-f193-7911cf0fa25e" executionId="d4987f8a-eca9-40d1-92b6-bdac155a2a5e" testListId="8c84fa94-04c1-424b-9868-57a2d4851a1d" />
    <TestEntry testId="6e14db2c-ad6c-6026-6262-e49cb44c6363" executionId="cdec42e5-4a5d-45c0-9518-19bf3586aa75" testListId="8c84fa94-04c1-424b-9868-57a2d4851a1d" />
    <TestEntry testId="a11c7a3d-7de7-d952-6932-f73b12c4a2bc" executionId="d58c696d-dc35-46d2-9707-f125d6be0470" testListId="8c84fa94-04c1-424b-9868-57a2d4851a1d" />
    <TestEntry testId="c96b2df8-5758-9d8e-3358-c3c5df002a45" executionId="505f19e9-b70b-4b52-bfb1-d92713eac8e9" testListId="8c84fa94-04c1-424b-9868-57a2d4851a1d" />
    <TestEntry testId="2f0e8a28-7d0d-f8f3-55d4-cfbb5dd990b4" executionId="5e4fd952-b9ad-40c1-8785-8a66e5a620e5" testListId="8c84fa94-04c1-424b-9868-57a2d4851a1d" />
    <TestEntry testId="78196d76-2535-33ff-eac0-dee87e93cd9f" executionId="356a5f46-6ca0-4b4e-ad28-317c7f922834" testListId="8c84fa94-04c1-424b-9868-57a2d4851a1d" />
    <TestEntry testId="65df7f4b-9353-0c59-4769-fd7b0fe064be" executionId="0051e7ce-f3be-42d8-9a6d-67fa543b8886" testListId="8c84fa94-04c1-424b-9868-57a2d4851a1d" />
    <TestEntry testId="dad09f90-1a35-3e38-23ab-2ac0ea0190f4" executionId="23baa0e2-39b3-4857-a1e8-950508735fd0" testListId="8c84fa94-04c1-424b-9868-57a2d4851a1d" />
    <TestEntry testId="3d1916fe-8706-98cc-3173-a028e3f2388e" executionId="eca4ebbf-1b67-4fce-815a-8aeed4446992" testListId="8c84fa94-04c1-424b-9868-57a2d4851a1d" />
    <TestEntry testId="5a0bd13f-de50-d9d0-42d6-8c359a6c6c43" executionId="f9c77984-0b97-4dae-ace0-6fdf288c3e27" testListId="8c84fa94-04c1-424b-9868-57a2d4851a1d" />
    <TestEntry testId="2b1d72f3-77a8-7224-36e9-ae3c808a845a" executionId="340432fc-8bf3-463c-b831-c89592fb1ac8" testListId="8c84fa94-04c1-424b-9868-57a2d4851a1d" />
    <TestEntry testId="14096cef-3c13-e54a-7015-8d823756f5aa" executionId="8a029ccd-acb7-402a-a257-b9aaceee0d9a" testListId="8c84fa94-04c1-424b-9868-57a2d4851a1d" />
    <TestEntry testId="3b4fcf01-da2a-a7a5-d850-1d6c8b503d24" executionId="57a1c280-073a-421e-ad5d-a0ff1bed7bd3" testListId="8c84fa94-04c1-424b-9868-57a2d4851a1d" />
    <TestEntry testId="c50fc8fc-bede-a239-66ab-b77d2e2075db" executionId="dfb3fd67-7b18-4fab-8275-af45239b8f31" testListId="8c84fa94-04c1-424b-9868-57a2d4851a1d" />
    <TestEntry testId="eababf3c-d639-f1d9-5fc1-fa0b586140b4" executionId="d3c71d80-fea9-49c8-ab7d-29c6369ae25f" testListId="8c84fa94-04c1-424b-9868-57a2d4851a1d" />
    <TestEntry testId="ac189e19-d324-6aef-cb26-4f9c2f4d637f" executionId="b4000585-5add-4a22-bcea-ab42ad1c3789" testListId="8c84fa94-04c1-424b-9868-57a2d4851a1d" />
    <TestEntry testId="8f1efc54-a0c9-c4eb-04ec-31b75e703c8c" executionId="faa0ce01-6710-4912-806a-325c269c1b11" testListId="8c84fa94-04c1-424b-9868-57a2d4851a1d" />
    <TestEntry testId="dbceb34d-905f-e4ca-ddbf-c03a680f4f67" executionId="0b4c3038-6b4f-4c52-9577-8a15bd23c64c" testListId="8c84fa94-04c1-424b-9868-57a2d4851a1d" />
    <TestEntry testId="77a68b1d-5ad1-534a-0794-f05551e6655d" executionId="11183f2f-7820-4def-a834-2e96e6aac62a" testListId="8c84fa94-04c1-424b-9868-57a2d4851a1d" />
    <TestEntry testId="a7e46f2f-0dd1-fa37-e0f8-90f28079d938" executionId="8515c8ab-18b0-42fb-a4f1-09c433dc67a8" testListId="8c84fa94-04c1-424b-9868-57a2d4851a1d" />
    <TestEntry testId="6e241c14-c7ad-f820-1cc2-04d0a207c220" executionId="d0dd3a61-2ebf-45f5-9b9d-4f5750f50165" testListId="8c84fa94-04c1-424b-9868-57a2d4851a1d" />
    <TestEntry testId="1bb5a719-8fb8-2b50-e0e5-fee075d80ac0" executionId="577007b9-4048-4fef-9358-279ca3ee9485" testListId="8c84fa94-04c1-424b-9868-57a2d4851a1d" />
    <TestEntry testId="22dd62c8-d81d-2f46-dcc2-60000be18a59" executionId="101c9315-28be-471a-b8cb-3930c88c97b6" testListId="8c84fa94-04c1-424b-9868-57a2d4851a1d" />
    <TestEntry testId="7f00520a-af5f-4aa1-8887-d7b3644fe0b4" executionId="4e05bef0-0233-4af9-9a4b-3662a66cfd46" testListId="8c84fa94-04c1-424b-9868-57a2d4851a1d" />
    <TestEntry testId="8396c3c6-47df-1611-d0e3-28217401872c" executionId="16a0461f-d313-430b-9cc4-689646a7601b" testListId="8c84fa94-04c1-424b-9868-57a2d4851a1d" />
    <TestEntry testId="f5464b82-a026-8996-9bb4-797b0ca4da5c" executionId="7bc67255-e917-4a64-90b5-968f1d511a5b" testListId="8c84fa94-04c1-424b-9868-57a2d4851a1d" />
    <TestEntry testId="e0323583-7e85-54d0-b4f3-9f513b55165b" executionId="786d7cd4-7087-45be-a12e-34898fc70350" testListId="8c84fa94-04c1-424b-9868-57a2d4851a1d" />
    <TestEntry testId="6aa33106-6840-f22c-a776-7ed28a4cb592" executionId="92985f38-baab-4bb4-9311-83363edd722e" testListId="8c84fa94-04c1-424b-9868-57a2d4851a1d" />
    <TestEntry testId="872ff87f-27ca-82c7-68e6-ba17687f73c3" executionId="f8c07bc8-43f7-4220-bc5b-90ef7f0c7a52" testListId="8c84fa94-04c1-424b-9868-57a2d4851a1d" />
    <TestEntry testId="579d6963-0b70-e52b-5ae9-86220bc7b003" executionId="171de378-0685-46f9-ba9b-5b2f634520fe" testListId="8c84fa94-04c1-424b-9868-57a2d4851a1d" />
    <TestEntry testId="e3f59b12-c5f4-2b44-85b8-be03f513d9f8" executionId="da75aa45-c985-4314-8d1c-5df303758d16" testListId="8c84fa94-04c1-424b-9868-57a2d4851a1d" />
    <TestEntry testId="56fd7fbc-5efb-dbd7-8cb0-d4a84095f6c1" executionId="a51c02e6-afee-4f25-b66f-86c9f9facf01" testListId="8c84fa94-04c1-424b-9868-57a2d4851a1d" />
    <TestEntry testId="c40e94a4-a655-e690-928e-ce41951af4bf" executionId="fc5b41d9-6d45-4566-8cc0-857025806caf" testListId="8c84fa94-04c1-424b-9868-57a2d4851a1d" />
    <TestEntry testId="5e79463a-e758-7607-abe8-61832396f45d" executionId="697d9f7c-6453-4162-ab4c-7d6f4fed3de0" testListId="8c84fa94-04c1-424b-9868-57a2d4851a1d" />
    <TestEntry testId="5d6b9874-b9fe-69ca-031a-e4fcd78b185c" executionId="6de12b4f-e157-47d7-8ab5-4b43176c702f" testListId="8c84fa94-04c1-424b-9868-57a2d4851a1d" />
    <TestEntry testId="624b25e2-34a7-4e5b-dac7-1710005dc249" executionId="470685b5-840e-4662-bbea-7e85477e077d" testListId="8c84fa94-04c1-424b-9868-57a2d4851a1d" />
    <TestEntry testId="579d94f0-d05a-cd07-7e16-c7d2f1a68a21" executionId="2474cb32-f164-48f3-8488-b619fb3c6c26" testListId="8c84fa94-04c1-424b-9868-57a2d4851a1d" />
    <TestEntry testId="aa188839-cacb-4b24-2337-b93a77cced0b" executionId="55323c75-d71f-4b89-8974-13bd3358c881" testListId="8c84fa94-04c1-424b-9868-57a2d4851a1d" />
    <TestEntry testId="a750c3f8-2d2e-a4fb-de3a-b3b3d5fcb562" executionId="3bdf75e2-266f-4d67-b590-63e7446f2bec" testListId="8c84fa94-04c1-424b-9868-57a2d4851a1d" />
    <TestEntry testId="84b0c5fe-a5ba-1b24-658b-31aff78be3b4" executionId="9b21c71a-735b-4bfa-9d37-7f2e2c9c59d4" testListId="8c84fa94-04c1-424b-9868-57a2d4851a1d" />
    <TestEntry testId="e120a33a-a5eb-9495-1598-dd469bbd167e" executionId="4597ce6d-bfdc-4e5c-91ce-afb2b8b03b7a" testListId="8c84fa94-04c1-424b-9868-57a2d4851a1d" />
    <TestEntry testId="04a99a7a-44fb-dfc9-ff27-8208f9a05722" executionId="778064aa-5af3-485d-bae2-f85730ae64dd" testListId="8c84fa94-04c1-424b-9868-57a2d4851a1d" />
    <TestEntry testId="4e57322b-f6d7-ac40-415f-843936b6d7c2" executionId="2e9e5193-4e3d-4c4e-baf0-a4ecb3944ad3" testListId="8c84fa94-04c1-424b-9868-57a2d4851a1d" />
    <TestEntry testId="23a5868e-0cd4-4d20-e7e2-6098148b6e35" executionId="34ddc34e-0636-49b6-ab71-9f3afcf92abd" testListId="8c84fa94-04c1-424b-9868-57a2d4851a1d" />
    <TestEntry testId="1c6e6bbd-4559-015c-34d0-44899ecfcc6a" executionId="b632e70e-2f2d-4d69-abb8-ca139d115b41" testListId="8c84fa94-04c1-424b-9868-57a2d4851a1d" />
    <TestEntry testId="f45f0c67-d1a0-7fc6-8257-958b7c0f4c8b" executionId="5718fc07-2b22-4b73-98df-7a1c34940aad" testListId="8c84fa94-04c1-424b-9868-57a2d4851a1d" />
    <TestEntry testId="a4fca912-fe7d-1520-0d86-816d60532433" executionId="2228f81e-6ebf-4e83-baa7-15facfccf515" testListId="8c84fa94-04c1-424b-9868-57a2d4851a1d" />
    <TestEntry testId="eb2824cd-cfeb-ed7a-62d3-d73f197af4ad" executionId="ff8d372f-16fa-41de-b1ba-0c5e582e3bc4" testListId="8c84fa94-04c1-424b-9868-57a2d4851a1d" />
    <TestEntry testId="15e865fc-5f51-7d7e-571f-3d2be207ff8e" executionId="dd3da689-7485-4e3e-8982-6cf5647dcae0" testListId="8c84fa94-04c1-424b-9868-57a2d4851a1d" />
    <TestEntry testId="3122a47e-519a-08eb-5d14-0bc46096118a" executionId="c5f13a46-50d2-4ee5-a4dd-477e98df7113" testListId="8c84fa94-04c1-424b-9868-57a2d4851a1d" />
    <TestEntry testId="9037d9c5-14d2-51d0-6467-6db384215d7a" executionId="42b5074f-738f-45b5-b134-1a6bb41b85f2" testListId="8c84fa94-04c1-424b-9868-57a2d4851a1d" />
    <TestEntry testId="fae9c741-fcfd-2f09-52f3-f77f61e7ba1b" executionId="4a43213e-aa44-4d1f-8361-bcb5744acb27" testListId="8c84fa94-04c1-424b-9868-57a2d4851a1d" />
    <TestEntry testId="05743620-3397-df2b-3c7f-b5494582eb34" executionId="dba82bcc-f608-46e4-a3f5-c2964bc61497" testListId="8c84fa94-04c1-424b-9868-57a2d4851a1d" />
    <TestEntry testId="4b2cdc11-a1f2-5e79-3bda-e7219fbab0d7" executionId="289e79f7-f4f6-4224-b552-43815d92282e" testListId="8c84fa94-04c1-424b-9868-57a2d4851a1d" />
    <TestEntry testId="cc07da60-6a08-bf51-d31e-ce27362a7669" executionId="44e712f7-e256-4791-81eb-42c6739d7c78" testListId="8c84fa94-04c1-424b-9868-57a2d4851a1d" />
    <TestEntry testId="1ba3ddd3-dd10-18b9-fc45-b3b7fa3c4a38" executionId="51de2654-bfc7-401e-9706-fd8fb3c7a592" testListId="8c84fa94-04c1-424b-9868-57a2d4851a1d" />
    <TestEntry testId="aa69540c-1494-d61a-b758-8ef5fa6bb0a0" executionId="b0c9474c-c18f-4861-b77b-e5a57d40198f" testListId="8c84fa94-04c1-424b-9868-57a2d4851a1d" />
    <TestEntry testId="d5f349e0-091d-b97c-0a1a-42acde32e958" executionId="43151c07-79b3-4966-8ea2-3cd9c09a1915" testListId="8c84fa94-04c1-424b-9868-57a2d4851a1d" />
    <TestEntry testId="3d539908-9346-7289-cda9-31964095f0cc" executionId="ecd011af-0d44-4139-adc0-0b26db8e236e" testListId="8c84fa94-04c1-424b-9868-57a2d4851a1d" />
    <TestEntry testId="80b94312-742f-3b4e-2736-32bfacb36e9d" executionId="635c8d0c-001e-48e1-a790-f219ccf39851" testListId="8c84fa94-04c1-424b-9868-57a2d4851a1d" />
    <TestEntry testId="0c914e42-c9ee-8d6c-8f03-0e0f8dff8716" executionId="e0c50830-8097-448d-9307-24477cd56459" testListId="8c84fa94-04c1-424b-9868-57a2d4851a1d" />
    <TestEntry testId="893344ce-284b-89c5-62b6-237cee2dcf6a" executionId="87ce118a-36fc-4298-9c22-ea875bfe8823" testListId="8c84fa94-04c1-424b-9868-57a2d4851a1d" />
    <TestEntry testId="63b235e6-7de1-9e14-6b8f-be3aa424aa0b" executionId="64c1ebf0-8e0b-4f23-af5e-87fdf691b3df" testListId="8c84fa94-04c1-424b-9868-57a2d4851a1d" />
    <TestEntry testId="d77e9c4e-e133-6a08-45d5-6eb63b851cb3" executionId="7620d217-ea8e-4a08-affb-25189beadbc3" testListId="8c84fa94-04c1-424b-9868-57a2d4851a1d" />
    <TestEntry testId="b4582464-99e3-6fbd-1c02-cb10f8ef057a" executionId="717aa786-2f66-490a-9307-d30ee15e8d6a" testListId="8c84fa94-04c1-424b-9868-57a2d4851a1d" />
    <TestEntry testId="27c8491c-12b6-16b3-fd64-09afa7d81023" executionId="3c46195f-475d-482d-a00d-b61dae18562e" testListId="8c84fa94-04c1-424b-9868-57a2d4851a1d" />
    <TestEntry testId="917ce2e9-1571-c5ec-c658-67d4d1fae00c" executionId="c4d34c22-2805-4ee4-96f2-f1f1f041f566" testListId="8c84fa94-04c1-424b-9868-57a2d4851a1d" />
    <TestEntry testId="5e9af7a0-17e7-c69a-55ce-5566755892fe" executionId="77576d7e-cbd1-4e16-a3b1-6a5e68a9ece4" testListId="8c84fa94-04c1-424b-9868-57a2d4851a1d" />
    <TestEntry testId="83e27817-1071-0104-8984-b751d431dd51" executionId="9aa024ec-8dfe-4c1f-96b1-46b6f6856eb0" testListId="8c84fa94-04c1-424b-9868-57a2d4851a1d" />
    <TestEntry testId="62a595f2-d505-f34a-4eb7-6f5a3f790cad" executionId="c14ae0d9-1ff3-49c5-aba8-876827b08f7e" testListId="8c84fa94-04c1-424b-9868-57a2d4851a1d" />
    <TestEntry testId="9e55a40d-776d-7acd-3ddf-25223f95c0a5" executionId="e6dd15ac-e68f-4779-a26c-186249f34719" testListId="8c84fa94-04c1-424b-9868-57a2d4851a1d" />
    <TestEntry testId="f6edec33-9f0e-8191-5974-b9ad43548d7b" executionId="50092553-0b24-4aae-87b8-3d8400b7d572" testListId="8c84fa94-04c1-424b-9868-57a2d4851a1d" />
    <TestEntry testId="a016ce37-0e2d-f1de-976d-b2606f9f008f" executionId="1b7ccb6b-18b2-438a-92ec-8a27a2dc0103" testListId="8c84fa94-04c1-424b-9868-57a2d4851a1d" />
    <TestEntry testId="6d743508-bb37-9469-3b71-7eb61fa6719f" executionId="8f33f21d-f967-40dd-9802-b67a69c8d382" testListId="8c84fa94-04c1-424b-9868-57a2d4851a1d" />
    <TestEntry testId="687b7ad0-222f-d8ab-cb2c-60e2b4695f13" executionId="81feffe1-6301-40b3-b6a8-85fc2db8d6f7" testListId="8c84fa94-04c1-424b-9868-57a2d4851a1d" />
    <TestEntry testId="2fc68954-3c78-190f-af53-d81c2f941c18" executionId="55ec1dd1-45a3-4054-a9e5-8c2d51b86bfc" testListId="8c84fa94-04c1-424b-9868-57a2d4851a1d" />
    <TestEntry testId="1740f57d-f494-f5ef-b200-d7faa4530700" executionId="101c8bde-9738-4d42-b949-09ba0f1f8561" testListId="8c84fa94-04c1-424b-9868-57a2d4851a1d" />
    <TestEntry testId="6b14416a-f661-1272-54f0-bbddf9dc9b56" executionId="c8d28b80-a686-4306-ba99-f13618d92fab" testListId="8c84fa94-04c1-424b-9868-57a2d4851a1d" />
    <TestEntry testId="def96d99-27dc-2d3c-0483-d73aae149798" executionId="f11ad75e-3cd6-47cf-a234-24262b807f26" testListId="8c84fa94-04c1-424b-9868-57a2d4851a1d" />
    <TestEntry testId="3e7a927b-fada-dde6-c422-67eb6b3957a7" executionId="89c37954-1270-489a-a006-1740f2d199e3" testListId="8c84fa94-04c1-424b-9868-57a2d4851a1d" />
    <TestEntry testId="420dc1b2-1f79-ca65-dbc8-c6f89d3d3d1a" executionId="25c69a14-ab80-4a94-8075-3e52be438f26" testListId="8c84fa94-04c1-424b-9868-57a2d4851a1d" />
    <TestEntry testId="805ee074-f918-e6c5-5823-a7b44892b997" executionId="7c6652b2-f866-4f09-aaa7-cf06a75ce65b" testListId="8c84fa94-04c1-424b-9868-57a2d4851a1d" />
    <TestEntry testId="9c454bee-a5d3-d9f6-b57a-a4d219662a26" executionId="dc7aebcc-7755-443f-b89a-5c398531da31" testListId="8c84fa94-04c1-424b-9868-57a2d4851a1d" />
    <TestEntry testId="cab705f3-49ce-f227-eb13-8c6933b8df44" executionId="a250bc6a-95af-4aaa-bff3-88d529790897" testListId="8c84fa94-04c1-424b-9868-57a2d4851a1d" />
    <TestEntry testId="ea4a9028-995a-d152-9866-185fb14554ad" executionId="d813a32a-9043-4774-ab44-0984d8e7a4bb" testListId="8c84fa94-04c1-424b-9868-57a2d4851a1d" />
    <TestEntry testId="31b73d1b-34c9-dbfd-3f68-bbff182a5498" executionId="c65b3059-295f-4f24-80cb-c9ce56757a22" testListId="8c84fa94-04c1-424b-9868-57a2d4851a1d" />
    <TestEntry testId="9b8f5a1a-566a-83b4-3531-b9aab758421b" executionId="20f96c6c-9344-436f-a840-be92a07253cf" testListId="8c84fa94-04c1-424b-9868-57a2d4851a1d" />
    <TestEntry testId="2607c5d4-74b4-60b8-f070-7a33d1358c38" executionId="4f035bb0-7d9e-4d28-8e66-496c15711d28" testListId="8c84fa94-04c1-424b-9868-57a2d4851a1d" />
    <TestEntry testId="4aee4819-9100-d0bd-659d-332c87399181" executionId="2121f7f4-412a-4de7-a122-5bcfb0e4c5cd" testListId="8c84fa94-04c1-424b-9868-57a2d4851a1d" />
    <TestEntry testId="6fef6b23-2009-c803-c974-374613bf6c3d" executionId="d971cfcf-72fc-411f-ae20-dab51bf456c8" testListId="8c84fa94-04c1-424b-9868-57a2d4851a1d" />
    <TestEntry testId="fac1b691-0faa-b211-dc57-f70444bf5abd" executionId="f7d8cacc-7b37-43b6-b5e1-1ed356559804" testListId="8c84fa94-04c1-424b-9868-57a2d4851a1d" />
    <TestEntry testId="cf2c49f5-0c75-9579-f4fa-22ad8f63245b" executionId="ce813f48-549c-40f9-bf94-8aec5c52347b" testListId="8c84fa94-04c1-424b-9868-57a2d4851a1d" />
    <TestEntry testId="5297ff77-f27e-5e74-4ed7-a3a57eefe2fe" executionId="4da79e2b-3720-4938-989c-848391cc710a" testListId="8c84fa94-04c1-424b-9868-57a2d4851a1d" />
    <TestEntry testId="cad60ec3-3b91-2947-5f1d-23fc7701ae59" executionId="4e1cdfb5-caac-4e98-b8c6-2bea0b95884f" testListId="8c84fa94-04c1-424b-9868-57a2d4851a1d" />
    <TestEntry testId="adc9587f-2229-c4bc-eb8b-d77610694421" executionId="ef9bae0b-803e-45b8-8d36-891a5c3a0a1b" testListId="8c84fa94-04c1-424b-9868-57a2d4851a1d" />
    <TestEntry testId="df444685-30e6-5b10-7fb9-6ef41771df5c" executionId="489e5e4a-822b-4729-80ff-5d7953ce9ed9" testListId="8c84fa94-04c1-424b-9868-57a2d4851a1d" />
    <TestEntry testId="946bc80b-b48b-14cf-fc22-5153d024215a" executionId="81d40f73-f211-4df8-8613-8910a78f901e" testListId="8c84fa94-04c1-424b-9868-57a2d4851a1d" />
    <TestEntry testId="68be8e30-8855-e2a4-eb00-5c766107cef7" executionId="637f7000-85a5-433f-b565-b96d97fa06c0" testListId="8c84fa94-04c1-424b-9868-57a2d4851a1d" />
    <TestEntry testId="ec52888b-374e-bf14-9e56-282598c96406" executionId="3416a847-dd9e-4436-8e3f-7fe26e039fd2" testListId="8c84fa94-04c1-424b-9868-57a2d4851a1d" />
    <TestEntry testId="43a2fbca-fadd-ec48-eacc-58a0a2cbaf29" executionId="48056694-4b06-4eba-a1b0-84586995c96f" testListId="8c84fa94-04c1-424b-9868-57a2d4851a1d" />
    <TestEntry testId="fab96642-6221-5d4e-646d-b65bb389b7a4" executionId="564599de-81a2-4be5-b442-010b37651a5d" testListId="8c84fa94-04c1-424b-9868-57a2d4851a1d" />
    <TestEntry testId="ac9ad331-9d2b-e8bf-0742-03065968fca1" executionId="5653bb8c-e88f-4ecc-8427-c8db6f5d4d4a" testListId="8c84fa94-04c1-424b-9868-57a2d4851a1d" />
    <TestEntry testId="b70b29b1-ee1b-5ed1-7421-7f44214c23cb" executionId="0529584d-8b8d-4a45-bd9e-02363cfcf846" testListId="8c84fa94-04c1-424b-9868-57a2d4851a1d" />
    <TestEntry testId="34a2831c-0bdf-d824-cf14-35bb16131b4c" executionId="8fd1d3c3-6635-4def-97f3-69cb1be0dc69" testListId="8c84fa94-04c1-424b-9868-57a2d4851a1d" />
    <TestEntry testId="897a95b8-9f97-8743-ac4b-63cdd8da00f5" executionId="1fd6f6e6-13c7-4049-9097-945eaff8d295" testListId="8c84fa94-04c1-424b-9868-57a2d4851a1d" />
    <TestEntry testId="17e58ba2-738d-443b-5cd0-d3eacf360b83" executionId="f1852051-f221-4cc4-9c93-41300128b51a" testListId="8c84fa94-04c1-424b-9868-57a2d4851a1d" />
    <TestEntry testId="13cf340e-3c95-328f-64d2-d5bdf7e02445" executionId="8b3a4f03-a9c9-43ca-8ac0-1b057718d25f" testListId="8c84fa94-04c1-424b-9868-57a2d4851a1d" />
    <TestEntry testId="314dd11f-46ff-296e-b80e-24b72e4ed349" executionId="5d60aa05-b35d-437a-9c30-00741c22b27f" testListId="8c84fa94-04c1-424b-9868-57a2d4851a1d" />
    <TestEntry testId="9fad8f8b-720a-107e-c1d0-0cdd0dc043e2" executionId="c20f7977-70eb-4a13-9edc-56ea7d4162a4" testListId="8c84fa94-04c1-424b-9868-57a2d4851a1d" />
    <TestEntry testId="ea5abe7b-d05b-d3dd-f248-c7413d2cdbca" executionId="b3e034c6-e342-4d85-afc4-78c2a9a356f6" testListId="8c84fa94-04c1-424b-9868-57a2d4851a1d" />
    <TestEntry testId="f4a6e852-8ec1-6de0-6ca8-83dbbc029e26" executionId="51a81973-844f-4f91-ab33-921818769e84" testListId="8c84fa94-04c1-424b-9868-57a2d4851a1d" />
    <TestEntry testId="b17d3a45-6313-6d50-f9c7-d0385d04de3f" executionId="e0c920b0-2327-4c7b-b0cb-aa05cf131f18" testListId="8c84fa94-04c1-424b-9868-57a2d4851a1d" />
    <TestEntry testId="50a2fd11-db94-5426-b3d9-e8e891e726a8" executionId="3371b68f-feda-459a-942e-c922bab099a8" testListId="8c84fa94-04c1-424b-9868-57a2d4851a1d" />
    <TestEntry testId="49b1ede8-11f8-66c1-4b2f-2885edeeac7c" executionId="617759ce-6238-4774-b870-6f774d86d2ca" testListId="8c84fa94-04c1-424b-9868-57a2d4851a1d" />
    <TestEntry testId="3749f425-f4ac-a083-58b1-2341d91bda54" executionId="232b4375-4c8c-4b8f-ac77-881c7b337184" testListId="8c84fa94-04c1-424b-9868-57a2d4851a1d" />
    <TestEntry testId="47058bb1-b57d-8f36-83f0-e448a4ce73be" executionId="bafed2b0-6090-4d40-bae6-fa0876761b35" testListId="8c84fa94-04c1-424b-9868-57a2d4851a1d" />
    <TestEntry testId="5eeee182-ebcc-02d3-f763-c732ef5358b0" executionId="db9e0892-eeab-4d54-9813-80abc2824446" testListId="8c84fa94-04c1-424b-9868-57a2d4851a1d" />
    <TestEntry testId="d888c20f-cf55-95e5-01e3-e1f7fef92b1c" executionId="a61eb34a-b90e-4430-b586-ee0662dbe8e9" testListId="8c84fa94-04c1-424b-9868-57a2d4851a1d" />
    <TestEntry testId="e9c2e837-9cd1-2cde-37c7-e58146bbaeee" executionId="582021fe-0de8-469b-93a0-2da36fda99d3" testListId="8c84fa94-04c1-424b-9868-57a2d4851a1d" />
    <TestEntry testId="622bea83-fee6-71de-7baf-41dfd51de05e" executionId="220f08df-ac19-45e3-aae8-c234395dc04c" testListId="8c84fa94-04c1-424b-9868-57a2d4851a1d" />
    <TestEntry testId="9c4fd82c-e9d4-27ad-5486-6504fd1d1201" executionId="588d3ee7-c9a6-4a2d-939b-51ab361847bd" testListId="8c84fa94-04c1-424b-9868-57a2d4851a1d" />
    <TestEntry testId="c98549c8-8765-fdcf-48c6-a060e3807146" executionId="bcd4980b-35cb-40ba-9448-5091a0f99ffa" testListId="8c84fa94-04c1-424b-9868-57a2d4851a1d" />
    <TestEntry testId="288fba02-a53f-939f-3026-deebc83d1fbc" executionId="0dee2cc3-e3f9-487e-b622-1ec52c32c824" testListId="8c84fa94-04c1-424b-9868-57a2d4851a1d" />
    <TestEntry testId="2ed21e13-0750-3f9d-cbe4-94c825031f82" executionId="126d8ebe-cdfd-47f8-a433-234304e872e6" testListId="8c84fa94-04c1-424b-9868-57a2d4851a1d" />
    <TestEntry testId="0a5829ec-b2a9-36bf-eade-6e4bc8c0d870" executionId="313b043c-2f20-4e8a-9432-16cc6db1a7a1" testListId="8c84fa94-04c1-424b-9868-57a2d4851a1d" />
    <TestEntry testId="68ddf7f6-e6f3-3c7f-c0dd-d6c1f8d5d0e6" executionId="97a7863f-d456-4507-8ebf-3552f6726dc3" testListId="8c84fa94-04c1-424b-9868-57a2d4851a1d" />
    <TestEntry testId="f852bc2e-a125-083f-0f47-fc3a49e5167b" executionId="317390ab-6b3d-4690-a945-6d7f2cb84d6a" testListId="8c84fa94-04c1-424b-9868-57a2d4851a1d" />
    <TestEntry testId="a6b7ce4b-b637-b3cc-58b9-a6085ec40404" executionId="09d8447c-de66-4cd6-b14d-326a3eb8141e" testListId="8c84fa94-04c1-424b-9868-57a2d4851a1d" />
    <TestEntry testId="db76dac2-be36-248f-490b-ca8c12902d78" executionId="7bef3788-2291-4ebb-bed2-93114061c0f4" testListId="8c84fa94-04c1-424b-9868-57a2d4851a1d" />
    <TestEntry testId="0203de77-d948-089d-1fcb-04c37fd95817" executionId="ede2cc82-e871-41ff-b971-d759954ad66b" testListId="8c84fa94-04c1-424b-9868-57a2d4851a1d" />
    <TestEntry testId="3577c1e4-59b2-acd6-d2e9-2777cfcf3cae" executionId="921709fc-9712-4307-b0ae-a959d8852367" testListId="8c84fa94-04c1-424b-9868-57a2d4851a1d" />
    <TestEntry testId="5482b0b8-ea25-4e7a-3241-ec846b247916" executionId="dc3bfc97-bd9e-44f4-af6a-5d5775393a3c" testListId="8c84fa94-04c1-424b-9868-57a2d4851a1d" />
    <TestEntry testId="6938bf5b-4fe9-3bd0-1ec9-36f9527c1956" executionId="69f7f8f2-81fb-4038-ac75-ba66ebbffafc" testListId="8c84fa94-04c1-424b-9868-57a2d4851a1d" />
    <TestEntry testId="080b24ba-3917-9a31-5f1e-7910bd4ff1cc" executionId="1244bbe0-ad12-4f33-bda3-e38de2d54036" testListId="8c84fa94-04c1-424b-9868-57a2d4851a1d" />
    <TestEntry testId="3b856f57-0977-95bb-f589-b5561d8c80c4" executionId="a029fee6-bafd-4de8-b93b-6b1801a2a6b4" testListId="8c84fa94-04c1-424b-9868-57a2d4851a1d" />
    <TestEntry testId="d657cdbb-8038-a77c-4d53-5d151ada1298" executionId="07e033db-2ab5-41c4-999e-081137074f19" testListId="8c84fa94-04c1-424b-9868-57a2d4851a1d" />
    <TestEntry testId="9cd37a4e-64c4-dba1-e26e-d2bf56a2f095" executionId="b4642d9c-078a-4b5d-985b-8e4fa29c6ed4" testListId="8c84fa94-04c1-424b-9868-57a2d4851a1d" />
    <TestEntry testId="2ba1be3a-6fbe-aaba-051f-f3c9eac9a9b1" executionId="1e0dd0f1-e2b4-436b-ac12-df8d0a841626" testListId="8c84fa94-04c1-424b-9868-57a2d4851a1d" />
    <TestEntry testId="84493bef-de15-ba27-d03f-cfbbc6915430" executionId="b21d7581-349e-41b7-815b-0fa05ca3251a" testListId="8c84fa94-04c1-424b-9868-57a2d4851a1d" />
    <TestEntry testId="7bfb7e83-027a-7664-358b-2b54ba59215c" executionId="ee6ba434-d539-4646-a9e4-aa871bf3789c" testListId="8c84fa94-04c1-424b-9868-57a2d4851a1d" />
    <TestEntry testId="28736029-7429-98c0-b439-3acc109b30b4" executionId="867e0d2d-c990-4867-88d4-d9de3c99b5fe" testListId="8c84fa94-04c1-424b-9868-57a2d4851a1d" />
    <TestEntry testId="c5869d61-0d9d-c3d8-7c0f-00e749d6a679" executionId="9a7aeca1-88e3-4183-a458-42c530a40115" testListId="8c84fa94-04c1-424b-9868-57a2d4851a1d" />
    <TestEntry testId="543d3d9f-2e0f-23c6-1696-7f73891956a8" executionId="75519917-7b76-43aa-a6a8-6d97f24bf89d" testListId="8c84fa94-04c1-424b-9868-57a2d4851a1d" />
    <TestEntry testId="1e1714e4-b2c1-35e6-ea71-bfef8ebed86d" executionId="f8c019d4-d4ae-4d78-8a20-5c40280d7378" testListId="8c84fa94-04c1-424b-9868-57a2d4851a1d" />
    <TestEntry testId="6ebc5baa-3238-991d-5e2d-f8896ec37d0b" executionId="689f2b35-8194-450a-95ea-a89c2032d5f2" testListId="8c84fa94-04c1-424b-9868-57a2d4851a1d" />
    <TestEntry testId="37c8e22e-47ee-f5db-3816-64eec632aa17" executionId="9a767ce5-5772-49a1-a033-625063c0bb2d" testListId="8c84fa94-04c1-424b-9868-57a2d4851a1d" />
    <TestEntry testId="e332c603-ccf9-2a7e-8993-57d1f897d642" executionId="2628cf30-4cf0-4582-8c9c-d5266b08ff16" testListId="8c84fa94-04c1-424b-9868-57a2d4851a1d" />
    <TestEntry testId="b075bf92-34f6-3cfd-063b-2c04fef9f3ab" executionId="c47538ad-6558-4155-81fd-83f55438519d" testListId="8c84fa94-04c1-424b-9868-57a2d4851a1d" />
    <TestEntry testId="351d1312-d0c8-afa0-4e16-79c8f351a7fc" executionId="2748e038-2db5-46d3-890b-7b216a680b51" testListId="8c84fa94-04c1-424b-9868-57a2d4851a1d" />
    <TestEntry testId="75b6c4f7-0c2f-addd-3327-0e98f3a12f82" executionId="26220da1-2d85-4d01-a4ee-20ed5ade7322" testListId="8c84fa94-04c1-424b-9868-57a2d4851a1d" />
    <TestEntry testId="c06636d2-f535-df67-c4c7-66790e299ee5" executionId="aceac723-51d5-4883-bd5b-e97c2654cee7" testListId="8c84fa94-04c1-424b-9868-57a2d4851a1d" />
    <TestEntry testId="81cc314c-4528-d8ec-0bba-ee0c756c2696" executionId="0e6b6838-291c-4d16-af10-544c099719e2" testListId="8c84fa94-04c1-424b-9868-57a2d4851a1d" />
    <TestEntry testId="af9d496d-00b0-4455-08f7-3f250eeed457" executionId="1cfc1bfb-1c83-4995-abf2-4a722a752d62" testListId="8c84fa94-04c1-424b-9868-57a2d4851a1d" />
    <TestEntry testId="fdd5e39c-800d-089a-3640-de0863c3b68f" executionId="e94487c9-f4bd-4bb3-825f-fc0d1c98696b" testListId="8c84fa94-04c1-424b-9868-57a2d4851a1d" />
    <TestEntry testId="8cfde84c-44ef-e54a-c974-a2b81d1d6773" executionId="08852e79-5202-42bc-981e-2fe7533bf003" testListId="8c84fa94-04c1-424b-9868-57a2d4851a1d" />
    <TestEntry testId="7f979e8c-1d8e-6ead-9dec-a6f6ade28aa3" executionId="27b698f7-bf60-4b10-b7cb-8b8a44455ec6" testListId="8c84fa94-04c1-424b-9868-57a2d4851a1d" />
    <TestEntry testId="0af6e084-6797-8288-8207-07725fb5f3e6" executionId="932c1abd-07ce-4812-9300-a537820e6510" testListId="8c84fa94-04c1-424b-9868-57a2d4851a1d" />
    <TestEntry testId="f4f884dc-e002-1761-2445-2af0fa3c0dad" executionId="7ac1ba03-7234-4e30-9da1-750f31ad7feb" testListId="8c84fa94-04c1-424b-9868-57a2d4851a1d" />
    <TestEntry testId="b33a44dc-5147-7258-bf88-3d550b894800" executionId="e00abbc6-519e-4f24-97d1-8c8e6b5ab7f2" testListId="8c84fa94-04c1-424b-9868-57a2d4851a1d" />
    <TestEntry testId="cb348a2d-20e9-832f-6761-b69db70c46ae" executionId="17f5d6b2-7610-491d-81f8-6e7d78f635b2" testListId="8c84fa94-04c1-424b-9868-57a2d4851a1d" />
    <TestEntry testId="6fde042a-142f-b0ae-cf8e-963e8822c313" executionId="2a17d3d6-b1d7-4938-9da1-b89d2a032939" testListId="8c84fa94-04c1-424b-9868-57a2d4851a1d" />
    <TestEntry testId="d8e566c5-64e6-5975-cf6d-36f1e3c959de" executionId="a6b273d4-4e4a-463d-ae73-68bc7db4faa7" testListId="8c84fa94-04c1-424b-9868-57a2d4851a1d" />
    <TestEntry testId="163bb900-62fa-99f1-76ce-5f6d29d9707d" executionId="a2dca168-51cb-43bc-982e-ecbe95d6dd09" testListId="8c84fa94-04c1-424b-9868-57a2d4851a1d" />
    <TestEntry testId="2ecbd0fd-4b4e-bd20-7553-7ad2281df9db" executionId="da5320e0-9b0a-414d-a19b-b56c08490318" testListId="8c84fa94-04c1-424b-9868-57a2d4851a1d" />
    <TestEntry testId="f4753b9e-2802-dba6-c88e-94fc49249970" executionId="c7e1bc9d-6a4f-4c2d-97a7-71a11402fbee" testListId="8c84fa94-04c1-424b-9868-57a2d4851a1d" />
    <TestEntry testId="038f859a-0808-e250-883d-ef4011ef6be0" executionId="da984df1-cbcf-44f2-9ad8-158dd38e2a33" testListId="8c84fa94-04c1-424b-9868-57a2d4851a1d" />
    <TestEntry testId="f4fd0e23-1f2e-d225-53b3-7f84812ea0d8" executionId="c037a296-2359-4ff8-a947-73f8cd6b9cc4" testListId="8c84fa94-04c1-424b-9868-57a2d4851a1d" />
    <TestEntry testId="ecb489c7-d723-58b9-43fc-1176d8161713" executionId="5a17e2f1-4194-4e11-8249-e7bc6da3cd0d" testListId="8c84fa94-04c1-424b-9868-57a2d4851a1d" />
    <TestEntry testId="1f51136f-d1c3-e0d2-8a37-c6113223db3c" executionId="420e36a9-ea56-4ca1-9054-12dcd73580d6" testListId="8c84fa94-04c1-424b-9868-57a2d4851a1d" />
    <TestEntry testId="9d06ae11-8f29-c07d-2a89-9a857433e572" executionId="d1ade480-b4fb-4ebd-a48e-23cb05e5f090" testListId="8c84fa94-04c1-424b-9868-57a2d4851a1d" />
    <TestEntry testId="ee926f63-0f6a-533f-2a0a-f877a2a8cf68" executionId="904e1802-e943-4982-8f8e-8b72f10abab8" testListId="8c84fa94-04c1-424b-9868-57a2d4851a1d" />
    <TestEntry testId="f49ea0b7-6c9e-a116-7094-181041f2f8ef" executionId="667f0f23-551f-48af-8bec-f77b682f8396" testListId="8c84fa94-04c1-424b-9868-57a2d4851a1d" />
    <TestEntry testId="20987c16-90bb-8d4e-1085-dd2e4c575428" executionId="9cb5d853-10f5-402f-9553-1941f7bb7688" testListId="8c84fa94-04c1-424b-9868-57a2d4851a1d" />
    <TestEntry testId="ad46954d-7666-1124-d629-c29078fcbb11" executionId="91b7c4a3-5aeb-4258-9e09-9610d6dd2e3b" testListId="8c84fa94-04c1-424b-9868-57a2d4851a1d" />
    <TestEntry testId="327c02a9-f66b-f5fa-f6f6-d3e3bd0ccf3b" executionId="6cd0ed02-8493-4412-a819-d47a12a86d50" testListId="8c84fa94-04c1-424b-9868-57a2d4851a1d" />
    <TestEntry testId="52141c7f-19e7-43fd-6d94-715d285defb5" executionId="1d6437aa-c9a8-4898-a11f-9547b1e1735f" testListId="8c84fa94-04c1-424b-9868-57a2d4851a1d" />
    <TestEntry testId="0598fee7-3196-db36-82c9-134446fd7c3d" executionId="b16d3547-94bd-4133-9241-320137e6da45" testListId="8c84fa94-04c1-424b-9868-57a2d4851a1d" />
    <TestEntry testId="ab336f03-e632-128b-e044-ca090bc1a3f4" executionId="57d81473-8093-47c7-8a57-94e53fbab12c" testListId="8c84fa94-04c1-424b-9868-57a2d4851a1d" />
    <TestEntry testId="2bec2c31-145c-0fbf-1bad-c8ca3e615b1f" executionId="df6e5638-1442-4ff3-9fc6-3a4bd5271329" testListId="8c84fa94-04c1-424b-9868-57a2d4851a1d" />
    <TestEntry testId="85b7ab86-fd32-cc2a-35e9-8b4f078aa326" executionId="ee14953a-279b-4625-9da3-650cc163aaf9" testListId="8c84fa94-04c1-424b-9868-57a2d4851a1d" />
    <TestEntry testId="f5602dbc-c524-a1b8-3e7b-6ccdb9b39723" executionId="e0a7ccef-1343-43e0-8f12-75b3293b5c91" testListId="8c84fa94-04c1-424b-9868-57a2d4851a1d" />
    <TestEntry testId="360a2585-8dd3-d81d-1433-62182abaef6c" executionId="1b928261-3878-4851-a561-e36287859114" testListId="8c84fa94-04c1-424b-9868-57a2d4851a1d" />
    <TestEntry testId="78ec0cff-1ba4-38cc-f516-eecc40dbb28d" executionId="27136cb4-6dbe-485e-a0b5-82f31d157256" testListId="8c84fa94-04c1-424b-9868-57a2d4851a1d" />
    <TestEntry testId="7bcd7a5f-cef3-1875-27f0-86c55eb151fe" executionId="cc59f05e-8fd0-43e7-a4d0-63a4b14dea57" testListId="8c84fa94-04c1-424b-9868-57a2d4851a1d" />
    <TestEntry testId="167a3bbe-86a6-3194-7938-ebd0b35dd034" executionId="249cb02a-485b-4415-a3aa-760c84b93ee4" testListId="8c84fa94-04c1-424b-9868-57a2d4851a1d" />
    <TestEntry testId="fe3dfef3-7a08-236c-3107-8539c4f86053" executionId="fff2f28d-84ee-44a3-8158-ae76290ce943" testListId="8c84fa94-04c1-424b-9868-57a2d4851a1d" />
    <TestEntry testId="6683b48c-2225-831b-785e-a71e45fc5564" executionId="c6bd40f1-066f-491e-b393-b3df74cd37c2" testListId="8c84fa94-04c1-424b-9868-57a2d4851a1d" />
    <TestEntry testId="1cd4d448-d68f-8daf-73af-3f24ebb2cc82" executionId="7ff7479a-c481-4076-9a53-2b58c09cf499" testListId="8c84fa94-04c1-424b-9868-57a2d4851a1d" />
    <TestEntry testId="2d0f28d0-2107-3150-ad8a-bf2310b266b7" executionId="c5f539cc-edf6-4211-9e61-ad1ef8b0d5ec" testListId="8c84fa94-04c1-424b-9868-57a2d4851a1d" />
    <TestEntry testId="17c10a8f-e3bf-e25b-859d-6fe47ef6ee62" executionId="54f22030-f630-4016-836e-8f8e4b8b1112" testListId="8c84fa94-04c1-424b-9868-57a2d4851a1d" />
    <TestEntry testId="21cbbf68-654d-7ee8-ea9b-40d74b756a88" executionId="74d1b640-cf26-4b42-9a00-2cdc71a8a7fb" testListId="8c84fa94-04c1-424b-9868-57a2d4851a1d" />
    <TestEntry testId="74705832-6ca9-d6d1-7066-6f5645a95a8f" executionId="8815a5a3-a462-40cb-b21c-a986f4f09ba0" testListId="8c84fa94-04c1-424b-9868-57a2d4851a1d" />
    <TestEntry testId="1a2e6122-3be7-bb3a-8cd0-5ac40785fa50" executionId="f434471a-2dd6-4fa3-960a-2340e00997f5" testListId="8c84fa94-04c1-424b-9868-57a2d4851a1d" />
    <TestEntry testId="4e117b62-bbf7-99ef-2d30-1c45210dfb5e" executionId="0955bee0-4cd6-42c3-a210-5f7c0f3713ad" testListId="8c84fa94-04c1-424b-9868-57a2d4851a1d" />
    <TestEntry testId="b80b2d88-739d-f513-0b2d-4773d90d2731" executionId="b4baebdf-b390-4bdb-88cc-9c03fb5ddd5a" testListId="8c84fa94-04c1-424b-9868-57a2d4851a1d" />
    <TestEntry testId="27867d25-1929-21a3-8c9a-d6323f4ceb6f" executionId="41d91dd2-0ea3-4559-98e6-e4420ac92ec4" testListId="8c84fa94-04c1-424b-9868-57a2d4851a1d" />
    <TestEntry testId="ae75f02c-bf32-8b8d-0d62-a40aee05c631" executionId="f73e9b80-adfe-4174-bc70-f9d22c826a5f" testListId="8c84fa94-04c1-424b-9868-57a2d4851a1d" />
    <TestEntry testId="89cfed05-c7d0-28de-2732-c4741733419f" executionId="9fd32db9-ffba-4a66-b0cc-57824539a7f2" testListId="8c84fa94-04c1-424b-9868-57a2d4851a1d" />
    <TestEntry testId="a3b5f76c-00b8-7896-1241-39c975e8de7a" executionId="5906b557-c322-4518-b93c-971fa394a76d" testListId="8c84fa94-04c1-424b-9868-57a2d4851a1d" />
    <TestEntry testId="fe2216e4-d6ba-6e05-6d3f-4c8e90ad31b0" executionId="fc769c20-0701-4dd9-96a6-2390e6bdaa04" testListId="8c84fa94-04c1-424b-9868-57a2d4851a1d" />
    <TestEntry testId="7e4047bc-c465-fcfc-6444-fc6c06349102" executionId="b29449de-3c81-473c-b2b5-a3447e7778bb" testListId="8c84fa94-04c1-424b-9868-57a2d4851a1d" />
    <TestEntry testId="c127698a-1420-8317-f27d-ef8140108485" executionId="1e46d93c-c2f4-4a68-b52f-848463d7703c" testListId="8c84fa94-04c1-424b-9868-57a2d4851a1d" />
    <TestEntry testId="9e604c2d-8b42-2b97-0a29-4b1d5e608540" executionId="0c782822-7032-4897-87a2-ed83191e6dc6" testListId="8c84fa94-04c1-424b-9868-57a2d4851a1d" />
    <TestEntry testId="1b5faaf2-e377-619e-1525-9b0c087a7d0a" executionId="dad12702-d280-4604-a993-04f665acdea0" testListId="8c84fa94-04c1-424b-9868-57a2d4851a1d" />
    <TestEntry testId="4006bee2-9083-2e3b-fd47-c887b212917b" executionId="15f560d0-3053-49de-adc1-5c135faece5c" testListId="8c84fa94-04c1-424b-9868-57a2d4851a1d" />
    <TestEntry testId="b945f888-1f2c-2670-2e53-09122654175e" executionId="a9eaf0a8-68c4-4d12-832c-239137e815ed" testListId="8c84fa94-04c1-424b-9868-57a2d4851a1d" />
    <TestEntry testId="4dc07492-9802-506f-7459-3b6347a368a5" executionId="b7aec2c4-c16e-41fd-a4d5-ef52426d21f2" testListId="8c84fa94-04c1-424b-9868-57a2d4851a1d" />
    <TestEntry testId="08455e25-369d-8a18-ce6c-239a969cf5d2" executionId="8fa61c96-0408-4943-b3db-8685fe043072" testListId="8c84fa94-04c1-424b-9868-57a2d4851a1d" />
    <TestEntry testId="e82f8af9-d0a1-2c2c-06f5-78827d291bdb" executionId="82f0d936-04eb-43fc-b785-53b938d8e976" testListId="8c84fa94-04c1-424b-9868-57a2d4851a1d" />
    <TestEntry testId="fd3d08aa-842b-a09f-1a5c-f0918bbb9ed8" executionId="3c06d465-f43c-4be8-8db8-3f32549c62b7" testListId="8c84fa94-04c1-424b-9868-57a2d4851a1d" />
    <TestEntry testId="fa357b40-47b7-965b-fa86-37f65b67ad37" executionId="2315fd06-c908-43f4-8ce2-480c8a615e35" testListId="8c84fa94-04c1-424b-9868-57a2d4851a1d" />
    <TestEntry testId="8c34e09e-54a2-ed91-544b-da81d233e959" executionId="7820a50c-ec98-4cca-a31b-1039e49a54d8" testListId="8c84fa94-04c1-424b-9868-57a2d4851a1d" />
    <TestEntry testId="18c104d8-d543-ad16-9518-cce30f934403" executionId="b9634711-fe09-4adc-b633-2a432ec41067" testListId="8c84fa94-04c1-424b-9868-57a2d4851a1d" />
    <TestEntry testId="66f157ba-1234-74d1-0d8a-bf79ffde6221" executionId="2d917703-0e01-4429-8b20-67c66c592234" testListId="8c84fa94-04c1-424b-9868-57a2d4851a1d" />
    <TestEntry testId="5e9efe87-4aae-0df9-8e11-77a2ee0e1efa" executionId="5c162ff1-a8ea-4fe0-8095-d0e5e1bdfa47" testListId="8c84fa94-04c1-424b-9868-57a2d4851a1d" />
    <TestEntry testId="5ae5b2f5-7d03-0c3c-de21-26ef1b8d13b9" executionId="93764234-fa1c-422f-a978-600d782f452a" testListId="8c84fa94-04c1-424b-9868-57a2d4851a1d" />
    <TestEntry testId="5b10133a-1f3b-3c1f-f9cd-c1d65069effd" executionId="c8f77055-93af-4df5-9d21-b328f95c8810" testListId="8c84fa94-04c1-424b-9868-57a2d4851a1d" />
    <TestEntry testId="514446c5-c0a5-a3f9-d3bc-cb6cb0c7e536" executionId="e0ed4edd-305b-48f8-8edc-2b68b2b16da6" testListId="8c84fa94-04c1-424b-9868-57a2d4851a1d" />
    <TestEntry testId="22298398-bc6f-6018-2255-6d3a8cb77d79" executionId="fb19c85e-cbef-43d2-a237-50b924ac00d2" testListId="8c84fa94-04c1-424b-9868-57a2d4851a1d" />
    <TestEntry testId="7c33513d-3c2f-c00e-f266-9a09a706b4c1" executionId="c217a937-697c-49ef-8bcb-7c4cbf7c8d49" testListId="8c84fa94-04c1-424b-9868-57a2d4851a1d" />
    <TestEntry testId="66feca92-42b2-46e4-4124-94f11a3d14ee" executionId="42ddefd4-4b65-4c08-863a-8aa6a45d7c76" testListId="8c84fa94-04c1-424b-9868-57a2d4851a1d" />
    <TestEntry testId="72ea2621-6a73-f059-f07c-519f463a83be" executionId="c71cba7b-e867-410a-8245-5c3460084130" testListId="8c84fa94-04c1-424b-9868-57a2d4851a1d" />
    <TestEntry testId="8d7eebf9-261b-e7e6-45b3-dce3e8e7cd10" executionId="2dcd398f-f3a4-473f-97be-ecf358080ea0" testListId="8c84fa94-04c1-424b-9868-57a2d4851a1d" />
    <TestEntry testId="0b808ee7-0099-93fa-4167-3abc01c37d6c" executionId="64ed8d0d-41fd-45a9-8aa7-46ba422c6c11" testListId="8c84fa94-04c1-424b-9868-57a2d4851a1d" />
    <TestEntry testId="c31aa0d4-6d6c-7e68-0f2a-2f29f932dba3" executionId="f0a8ff99-1c2b-468a-b490-03fa891adc4d" testListId="8c84fa94-04c1-424b-9868-57a2d4851a1d" />
    <TestEntry testId="ae23a2f1-925d-753e-873a-5c11f4eb471d" executionId="1306cc2d-f80f-4351-a99a-f385bb2c0415" testListId="8c84fa94-04c1-424b-9868-57a2d4851a1d" />
    <TestEntry testId="ea426452-0a6e-ed22-ec2e-4b9ceb43a31b" executionId="f195fce5-905e-4822-8562-0bb44ee071ed" testListId="8c84fa94-04c1-424b-9868-57a2d4851a1d" />
    <TestEntry testId="cef37a6c-37ee-27d4-e896-da014cee5ddd" executionId="6139e1ef-7505-4b74-9a96-46a911a3b9bf" testListId="8c84fa94-04c1-424b-9868-57a2d4851a1d" />
    <TestEntry testId="e3f02945-f525-0e91-0d86-80f0ec0486f2" executionId="75c707bf-07f6-40a5-8c7e-91ff985c9599" testListId="8c84fa94-04c1-424b-9868-57a2d4851a1d" />
    <TestEntry testId="3130849e-9950-8c38-88f8-c2981f3244c5" executionId="bc1d3d91-4999-4627-b3fa-98cfb37ae86f" testListId="8c84fa94-04c1-424b-9868-57a2d4851a1d" />
    <TestEntry testId="9ebe0960-d9a4-ae78-6b61-96df078b7d51" executionId="dc437679-1d07-4609-b058-2889f7ffd8d6" testListId="8c84fa94-04c1-424b-9868-57a2d4851a1d" />
    <TestEntry testId="e2dfb22f-02f4-9915-b0f9-69c88ada9fa5" executionId="7a61262c-d9d6-466a-842c-a0c4acbaad75" testListId="8c84fa94-04c1-424b-9868-57a2d4851a1d" />
    <TestEntry testId="9ea24caa-d0c2-b04f-943a-6b5b2146d361" executionId="e51c4853-68e3-477a-86dc-1faa8b11f595" testListId="8c84fa94-04c1-424b-9868-57a2d4851a1d" />
    <TestEntry testId="49e09f51-2600-32c9-d0cb-9eea41c57aa4" executionId="fb4948df-52b4-458c-89f9-36cf9c59bc86" testListId="8c84fa94-04c1-424b-9868-57a2d4851a1d" />
    <TestEntry testId="369d8810-0315-7696-bbd8-2be6c27d9d50" executionId="ad306635-724c-4889-8f1d-7f1d853ddc85" testListId="8c84fa94-04c1-424b-9868-57a2d4851a1d" />
    <TestEntry testId="3e329627-b39e-ed49-095b-d169fd764481" executionId="0dfc40d9-ce9c-4a9a-b595-2ad0548f1174" testListId="8c84fa94-04c1-424b-9868-57a2d4851a1d" />
    <TestEntry testId="335a2a3e-5e39-c408-c054-a6f123afe4e4" executionId="c3a73552-ea9e-4193-97d0-6eb811784d3d" testListId="8c84fa94-04c1-424b-9868-57a2d4851a1d" />
    <TestEntry testId="a301ffeb-ace7-c718-12f5-b950c87c106b" executionId="dc1ff981-e204-4298-9099-ea855b7aa1c4" testListId="8c84fa94-04c1-424b-9868-57a2d4851a1d" />
    <TestEntry testId="b88ffd39-7040-1fbb-72de-66ea61067c7e" executionId="4453d253-918a-472e-9d4b-c4e787a275d9" testListId="8c84fa94-04c1-424b-9868-57a2d4851a1d" />
    <TestEntry testId="bffb5da2-73c5-b652-f2ac-45cac7b4e408" executionId="5f7cb058-b380-4550-9b66-d4c21069016d" testListId="8c84fa94-04c1-424b-9868-57a2d4851a1d" />
    <TestEntry testId="eea0094c-3c77-76d2-883f-f4b5d55f9cdd" executionId="1841a96f-c2b1-4746-82ad-02c4a5727be9" testListId="8c84fa94-04c1-424b-9868-57a2d4851a1d" />
    <TestEntry testId="9ae5f0be-e098-2cf3-242d-c6e08add725b" executionId="e5010cc6-c3f9-4a94-97ce-2da802092df6" testListId="8c84fa94-04c1-424b-9868-57a2d4851a1d" />
    <TestEntry testId="ce97ea14-00c5-563c-a630-d8acfffaf340" executionId="7f305dd7-ef82-4508-a02f-464d415573a9" testListId="8c84fa94-04c1-424b-9868-57a2d4851a1d" />
    <TestEntry testId="791bd678-f13a-f109-7b97-adcfe5f25fc9" executionId="98810dc2-b0fc-4f64-8d85-5ffad187a377" testListId="8c84fa94-04c1-424b-9868-57a2d4851a1d" />
    <TestEntry testId="1e3497bf-58e0-8ee0-48a7-d11c65687b0b" executionId="b49c80cc-971f-482d-9484-fc2612562da8" testListId="8c84fa94-04c1-424b-9868-57a2d4851a1d" />
    <TestEntry testId="c7f12736-a3b3-a649-2bc7-0823c223f0f3" executionId="321e1d7e-f4b5-4fe0-912f-d5119a5b0d47" testListId="8c84fa94-04c1-424b-9868-57a2d4851a1d" />
    <TestEntry testId="7ecf362b-675e-dfb2-03da-2fc04410c872" executionId="624bb767-6db7-4e9c-a6bb-bd008edc8bef" testListId="8c84fa94-04c1-424b-9868-57a2d4851a1d" />
    <TestEntry testId="3ba54471-c8a7-f0f1-4345-b2e23a1ffe76" executionId="c1323873-0fa1-4636-94b2-a236edade026" testListId="8c84fa94-04c1-424b-9868-57a2d4851a1d" />
    <TestEntry testId="5482cc68-fbbf-05e8-1268-f81e0d12ad92" executionId="d4d80d73-f002-4a3d-b7b3-1b9511b122e6" testListId="8c84fa94-04c1-424b-9868-57a2d4851a1d" />
    <TestEntry testId="d6510621-4cbc-309b-dceb-2f6e900ea107" executionId="26ab2d3d-8839-41ea-af6a-ed61024a9e2e" testListId="8c84fa94-04c1-424b-9868-57a2d4851a1d" />
    <TestEntry testId="68ffe9da-b92a-0f0d-e99a-d8fcb881f86f" executionId="46bc06f9-422f-40f4-b232-378f234fd2ae" testListId="8c84fa94-04c1-424b-9868-57a2d4851a1d" />
    <TestEntry testId="6d2e107d-9af7-13c4-2b07-722015a4128a" executionId="13a82a6c-1c33-4739-bfa1-7b2caf297b17" testListId="8c84fa94-04c1-424b-9868-57a2d4851a1d" />
    <TestEntry testId="175cf6cc-ac99-f6eb-fd7f-7323a7f11897" executionId="9724514f-93c6-4b61-9408-25294b08760b" testListId="8c84fa94-04c1-424b-9868-57a2d4851a1d" />
    <TestEntry testId="dec8884c-ab25-84fa-6c7f-042119aa9aad" executionId="9d4b3302-bd52-4ccd-a2f9-f7551a7d5e8b" testListId="8c84fa94-04c1-424b-9868-57a2d4851a1d" />
    <TestEntry testId="fdc730a9-8977-281e-d635-4da9d4cefb2f" executionId="1051f7ec-7d25-42b5-821d-a66dd4c70299" testListId="8c84fa94-04c1-424b-9868-57a2d4851a1d" />
    <TestEntry testId="4e945a58-333d-177d-1171-8f265869eb53" executionId="1429dc66-7357-4d8d-897f-705de821703c" testListId="8c84fa94-04c1-424b-9868-57a2d4851a1d" />
    <TestEntry testId="b6ac1729-97a0-c205-b4d3-e33c72bd6505" executionId="25345143-3214-4a9c-bd93-dfea8f4175b1" testListId="8c84fa94-04c1-424b-9868-57a2d4851a1d" />
    <TestEntry testId="ca2b08f4-fb0c-13bd-c5d6-f634036fe338" executionId="e7fbc833-93af-4959-a24d-f85aa18d4078" testListId="8c84fa94-04c1-424b-9868-57a2d4851a1d" />
    <TestEntry testId="7d269de5-ea93-e490-e9c8-ec91ae85fd6f" executionId="474c130f-0626-4f57-8065-4a65bd456479" testListId="8c84fa94-04c1-424b-9868-57a2d4851a1d" />
    <TestEntry testId="7f0c6da2-14f0-4994-357a-5c4be287d735" executionId="cd21bbba-4ad4-4a0b-b3b5-3e41522958d9" testListId="8c84fa94-04c1-424b-9868-57a2d4851a1d" />
    <TestEntry testId="be633a48-7c45-6e69-a630-72823852a1e8" executionId="3c837a26-4249-4eae-bde1-71d4b5cb5b1f" testListId="8c84fa94-04c1-424b-9868-57a2d4851a1d" />
    <TestEntry testId="6874ee7c-363f-f5c3-eaf5-659311f50eb1" executionId="f76a3ca8-5d24-46d2-9489-b6305e1cc035" testListId="8c84fa94-04c1-424b-9868-57a2d4851a1d" />
    <TestEntry testId="3b86621c-bdc5-2f81-7368-a062273db6a6" executionId="033f4576-4d5e-43c0-8db6-9974eeb6ef83" testListId="8c84fa94-04c1-424b-9868-57a2d4851a1d" />
    <TestEntry testId="b3a66da1-aea0-10c7-03ca-d3107978116c" executionId="daae1894-a885-446b-bd6d-b66bc5250cd4" testListId="8c84fa94-04c1-424b-9868-57a2d4851a1d" />
    <TestEntry testId="df6b52b5-641f-4bfe-3fa5-ea54bf7033c5" executionId="965d21cb-3482-4fa6-92db-2cf483ab741c" testListId="8c84fa94-04c1-424b-9868-57a2d4851a1d" />
    <TestEntry testId="d5502c3f-846a-7a2a-8a7c-7daedbcc9390" executionId="d5d0d78f-ad34-46fa-95f4-51b970b74b5b" testListId="8c84fa94-04c1-424b-9868-57a2d4851a1d" />
    <TestEntry testId="2b82a04a-fb8f-50af-c5b6-048912cb7239" executionId="48775329-2638-4131-9bc5-74253346f736" testListId="8c84fa94-04c1-424b-9868-57a2d4851a1d" />
    <TestEntry testId="52bbacbe-299a-3145-48e9-0bd52932aa06" executionId="5ba59fe9-8cf1-4619-b22b-28802adf14c7" testListId="8c84fa94-04c1-424b-9868-57a2d4851a1d" />
    <TestEntry testId="3a552af5-3985-3c68-8866-e2fae76947c4" executionId="9a8a1793-b173-4606-b5a6-01add1d1fdd1" testListId="8c84fa94-04c1-424b-9868-57a2d4851a1d" />
    <TestEntry testId="1d7a0876-246f-ed4e-afd1-e2478abafab9" executionId="c13040f9-414a-4b66-987c-a33adb26e228" testListId="8c84fa94-04c1-424b-9868-57a2d4851a1d" />
    <TestEntry testId="361261ad-9358-903d-4e1a-b2ae768c629a" executionId="154e7e92-46cb-4e7e-a658-a150d3ca12d7" testListId="8c84fa94-04c1-424b-9868-57a2d4851a1d" />
    <TestEntry testId="73e41eed-6b53-5e6d-7d43-02e0e1e6df80" executionId="1919cc88-0586-4405-81e7-73aa1150b802" testListId="8c84fa94-04c1-424b-9868-57a2d4851a1d" />
    <TestEntry testId="f9d18498-5095-9916-4085-6738f7bd2b16" executionId="32fae399-b139-4e54-969a-675fd4885cb5" testListId="8c84fa94-04c1-424b-9868-57a2d4851a1d" />
    <TestEntry testId="9fbdbfb3-6e3d-13f0-91b4-854ea09ff6f8" executionId="4e1f627b-493f-4366-8311-1b25fda537f3" testListId="8c84fa94-04c1-424b-9868-57a2d4851a1d" />
    <TestEntry testId="0490f2d6-6e7c-d7aa-a502-4955cb254686" executionId="28051829-c417-4f7f-87d0-8c8347cc3e17" testListId="8c84fa94-04c1-424b-9868-57a2d4851a1d" />
    <TestEntry testId="b4e492d6-2eaa-22a3-89b3-6922d569973a" executionId="ff88338c-1268-4c4e-91d2-983a3adc32ea" testListId="8c84fa94-04c1-424b-9868-57a2d4851a1d" />
    <TestEntry testId="b9e94c0e-2546-4c17-84cb-b5eaa6fe107a" executionId="0321296f-4fad-4e1a-b230-e9e2d1e48af9" testListId="8c84fa94-04c1-424b-9868-57a2d4851a1d" />
    <TestEntry testId="7e6223fd-eaef-2480-4ab8-8f5219d75ce9" executionId="318a327b-d234-4a8f-9ed1-e0c69629b1ec" testListId="8c84fa94-04c1-424b-9868-57a2d4851a1d" />
    <TestEntry testId="4ff4947f-ebdd-3d83-c9d4-35b605e59e4c" executionId="c31b20cf-42bc-420f-a34d-bcb2dbdf0a08" testListId="8c84fa94-04c1-424b-9868-57a2d4851a1d" />
    <TestEntry testId="41651654-0640-06db-894c-cc9e515cc861" executionId="d4d0c340-0252-4c45-babb-e2b132f27744" testListId="8c84fa94-04c1-424b-9868-57a2d4851a1d" />
    <TestEntry testId="d6a562b4-7da3-0142-ceb0-476af5435696" executionId="1102afea-423a-4e37-8174-89cef4f7b4fb" testListId="8c84fa94-04c1-424b-9868-57a2d4851a1d" />
    <TestEntry testId="7c94bba9-7a9f-8708-2607-6bdff300819d" executionId="9b5b8a4a-8407-4678-ab11-16b01131d990" testListId="8c84fa94-04c1-424b-9868-57a2d4851a1d" />
    <TestEntry testId="aefc8add-5e08-3847-4c5d-c2849c513a55" executionId="870f7a03-6e76-4a0b-ac2d-581aeaa67d86" testListId="8c84fa94-04c1-424b-9868-57a2d4851a1d" />
    <TestEntry testId="37c0094c-5680-80a8-7600-71cdf1bc76ea" executionId="7ec0961d-77eb-41a6-8a3f-63aa94efba62" testListId="8c84fa94-04c1-424b-9868-57a2d4851a1d" />
    <TestEntry testId="ac2deb64-8e3e-4e41-5fdc-11fa36f96698" executionId="fd21a586-13af-4fd2-a26d-7de082181df1" testListId="8c84fa94-04c1-424b-9868-57a2d4851a1d" />
    <TestEntry testId="0002454b-6803-d14f-410b-fe4160808b71" executionId="2d2178a7-7152-4a8b-9def-ab0b88e083d0" testListId="8c84fa94-04c1-424b-9868-57a2d4851a1d" />
    <TestEntry testId="b17b3f85-a7f9-5aa0-a859-b1875bdafce4" executionId="110bcf2b-1695-4561-b86a-23400297d908" testListId="8c84fa94-04c1-424b-9868-57a2d4851a1d" />
    <TestEntry testId="187269aa-4abd-ebc0-3af2-7fd323d8e3c3" executionId="d5cf3123-3f8e-4c60-b88e-006d5a9ec00d" testListId="8c84fa94-04c1-424b-9868-57a2d4851a1d" />
    <TestEntry testId="197b4c77-0e91-c3a2-4441-89a0fc2b5b8f" executionId="26dcfa6b-dc5f-4d01-b3a2-0f6fee5cfcfe" testListId="8c84fa94-04c1-424b-9868-57a2d4851a1d" />
    <TestEntry testId="b0366376-69c5-0393-ec0f-87d7b3b13bbe" executionId="22e3e1ea-4f78-4183-bab7-50742dcd33cc" testListId="8c84fa94-04c1-424b-9868-57a2d4851a1d" />
    <TestEntry testId="842eda69-cceb-653f-2b96-2b697d295fac" executionId="e903fa8c-21f6-486f-8bf6-0531ac67fb79" testListId="8c84fa94-04c1-424b-9868-57a2d4851a1d" />
    <TestEntry testId="37ddb661-6dc8-8938-951d-be309e15fbd8" executionId="b6489946-db8e-4f03-8d58-cbe781562868" testListId="8c84fa94-04c1-424b-9868-57a2d4851a1d" />
    <TestEntry testId="fa4290ed-df19-a30c-17dd-c11e87a89db0" executionId="f94ab4a3-f46c-44ea-b199-d3ce485a1bca" testListId="8c84fa94-04c1-424b-9868-57a2d4851a1d" />
    <TestEntry testId="73b3caa4-9ee5-bdaa-5c26-29f3cb43cde2" executionId="bd5277ac-bb77-4c77-9c1d-6e7abfbe27d2" testListId="8c84fa94-04c1-424b-9868-57a2d4851a1d" />
    <TestEntry testId="bf142480-1171-19e6-66a1-aa18b960021a" executionId="fdc11eb8-3436-4ade-b804-bc5694ebdca3" testListId="8c84fa94-04c1-424b-9868-57a2d4851a1d" />
    <TestEntry testId="e327f73f-de5b-4de9-87a2-ac9da841bbf4" executionId="340d6a9b-3505-4ced-bcb9-de2ca1e8e884" testListId="8c84fa94-04c1-424b-9868-57a2d4851a1d" />
    <TestEntry testId="9c13dc6a-f43a-05ee-a355-920f55fa8d79" executionId="eba082ef-9afc-452b-8146-7261f7e528fa" testListId="8c84fa94-04c1-424b-9868-57a2d4851a1d" />
    <TestEntry testId="d755cec9-8b51-c5cc-1199-b980e464505d" executionId="3be2401e-a2d1-4268-9a43-aa7e73344e77" testListId="8c84fa94-04c1-424b-9868-57a2d4851a1d" />
    <TestEntry testId="772eac36-af29-004c-157b-2c15df66cba3" executionId="8c382259-be0f-4eca-a3b8-8975b6f970f0" testListId="8c84fa94-04c1-424b-9868-57a2d4851a1d" />
    <TestEntry testId="266aa5c8-d2d0-63ab-5d84-5d660a537e34" executionId="836935c9-4be9-4b01-b820-37d6947219d0" testListId="8c84fa94-04c1-424b-9868-57a2d4851a1d" />
    <TestEntry testId="5209d80b-ff9d-0a8a-5c47-98f9e4779d4d" executionId="85a9d7f1-46aa-49d9-a14d-a3e732a133e1" testListId="8c84fa94-04c1-424b-9868-57a2d4851a1d" />
    <TestEntry testId="48b036cd-e23c-cbc6-ee4c-1ab8640c9966" executionId="b3e3e259-7628-4cd9-917d-412ea007af1a" testListId="8c84fa94-04c1-424b-9868-57a2d4851a1d" />
    <TestEntry testId="c11c7fe6-dbc2-196e-eb8c-271b78b99516" executionId="52062417-b5d7-45c7-b205-4f658d00f002" testListId="8c84fa94-04c1-424b-9868-57a2d4851a1d" />
    <TestEntry testId="c16f2633-94ad-3799-c83d-104a8d7c5024" executionId="8e5004ff-fe5f-4c82-b65b-91803f917de3" testListId="8c84fa94-04c1-424b-9868-57a2d4851a1d" />
    <TestEntry testId="daff1708-39c1-60a8-1606-8bffa90aa929" executionId="031c3b35-dfad-4f4b-b763-4fe84ee9f907" testListId="8c84fa94-04c1-424b-9868-57a2d4851a1d" />
    <TestEntry testId="06ae16bf-87bf-4ba3-72f5-46c1382f6f41" executionId="3306aa2b-0005-4418-8749-7fde0c1a89df" testListId="8c84fa94-04c1-424b-9868-57a2d4851a1d" />
    <TestEntry testId="2eb325f7-2429-66d1-0119-1dfde2d5ed32" executionId="57a6ff5d-0bf3-4321-8228-b0eb374b5a1a" testListId="8c84fa94-04c1-424b-9868-57a2d4851a1d" />
    <TestEntry testId="b8ff42dc-2f87-dab6-3464-289f4e58e16c" executionId="8c3988f7-2237-4595-b30f-2cbc6fafcb7c" testListId="8c84fa94-04c1-424b-9868-57a2d4851a1d" />
    <TestEntry testId="b97ba4b5-7c49-4640-4d48-cad48ca0a4a5" executionId="69da2d1b-8bff-4e37-8cdb-73def079f1ff" testListId="8c84fa94-04c1-424b-9868-57a2d4851a1d" />
    <TestEntry testId="759d4e92-d358-cdf0-0491-aa9a5d281cec" executionId="4b9d628b-4755-49ad-a00a-096d4e4c5712" testListId="8c84fa94-04c1-424b-9868-57a2d4851a1d" />
    <TestEntry testId="4c7fd970-de3a-cc71-45d0-7f1fed6a61eb" executionId="4402927c-f5f3-4dbc-a4f7-d6260e3917c8" testListId="8c84fa94-04c1-424b-9868-57a2d4851a1d" />
    <TestEntry testId="50e0068d-acc0-2e92-e6ed-a8b03d8bb078" executionId="7ac20f03-b93e-49ed-a4d8-59dbeaa6820f" testListId="8c84fa94-04c1-424b-9868-57a2d4851a1d" />
    <TestEntry testId="4fa5eb09-d64b-81a9-df0b-6dafc3603b8a" executionId="8b81dc8f-123f-4f99-994a-39a083ac3b85" testListId="8c84fa94-04c1-424b-9868-57a2d4851a1d" />
    <TestEntry testId="090e5a6e-23c7-41c3-8c43-aabee7bed64b" executionId="c922a43a-6d61-4edc-9f0b-8f1ae16d73de" testListId="8c84fa94-04c1-424b-9868-57a2d4851a1d" />
    <TestEntry testId="c8fefeb0-1f15-74f8-e2a2-23bb5383330d" executionId="e3ca2c07-64ed-48ed-a46e-349f9bda0c3b" testListId="8c84fa94-04c1-424b-9868-57a2d4851a1d" />
    <TestEntry testId="bb951186-91b0-db48-2624-35d6f24c35e7" executionId="2e9d34d7-5b88-47d1-b5a1-e56f60bf543a" testListId="8c84fa94-04c1-424b-9868-57a2d4851a1d" />
    <TestEntry testId="f6092d6e-6fd7-1a43-c2a9-3578379f847a" executionId="737a021d-4d9e-4c55-88e7-3af4367d3cc2" testListId="8c84fa94-04c1-424b-9868-57a2d4851a1d" />
    <TestEntry testId="bc3dd20f-aada-043f-9894-5ace2419f40a" executionId="31aed42e-2f1c-4de5-aadf-289d170f1f52" testListId="8c84fa94-04c1-424b-9868-57a2d4851a1d" />
    <TestEntry testId="c7f0dcec-54a3-bb4b-8129-f54fa8ac382f" executionId="43b622c7-9dc7-44f1-beb2-350aaaaec846" testListId="8c84fa94-04c1-424b-9868-57a2d4851a1d" />
    <TestEntry testId="51f55c23-d875-0e1c-81d9-d62e35aaab1d" executionId="34bec76a-b6f1-4caa-817e-78851512160e" testListId="8c84fa94-04c1-424b-9868-57a2d4851a1d" />
    <TestEntry testId="5b763482-7e5c-e8d2-cc7d-c3b3f609e6ba" executionId="e0bfd81c-0ded-4f1f-a69b-d36d4fb7450a" testListId="8c84fa94-04c1-424b-9868-57a2d4851a1d" />
    <TestEntry testId="d7fce058-e89e-e85e-1e14-1e82047adf82" executionId="2f2f8bac-8647-4762-bea9-96d7fc564982" testListId="8c84fa94-04c1-424b-9868-57a2d4851a1d" />
    <TestEntry testId="fd91b787-a901-7313-8ff5-cd6a0b0a8ca8" executionId="b635ff54-0aba-40b1-b962-b09f28d1a1ef" testListId="8c84fa94-04c1-424b-9868-57a2d4851a1d" />
    <TestEntry testId="3564140f-0e47-92c7-b85a-96daccb58189" executionId="2e86edbe-2e40-4f27-b78c-d29d6442e42d" testListId="8c84fa94-04c1-424b-9868-57a2d4851a1d" />
    <TestEntry testId="d74d21ca-4dbb-f6e9-2c2b-efceb64e4594" executionId="2306dc4b-ee34-4332-91d4-34fab1fd1e5f" testListId="8c84fa94-04c1-424b-9868-57a2d4851a1d" />
    <TestEntry testId="50e11073-f4fe-44a5-e077-96aff3ea09ae" executionId="321ac050-2413-4564-9b08-c6cdf3b00563" testListId="8c84fa94-04c1-424b-9868-57a2d4851a1d" />
    <TestEntry testId="992440c1-79e1-ca0f-462c-d4323982bd9e" executionId="12a8741f-fbbf-486e-8fea-08d4ebbe5d4a" testListId="8c84fa94-04c1-424b-9868-57a2d4851a1d" />
    <TestEntry testId="eed810dc-0150-74ba-ed56-e01c7826a31f" executionId="28cf9426-e69b-42cb-8d31-626136a28d49" testListId="8c84fa94-04c1-424b-9868-57a2d4851a1d" />
    <TestEntry testId="c2f2a470-1367-fe4f-76f3-4d60eebb49cf" executionId="306e2341-5f0d-4d24-85a7-f91a9ea4b99e" testListId="8c84fa94-04c1-424b-9868-57a2d4851a1d" />
    <TestEntry testId="d63f3fc1-e01c-5516-1f0c-a864eed1766d" executionId="d7d2410c-f9d9-44d8-8b88-717a52779a6b" testListId="8c84fa94-04c1-424b-9868-57a2d4851a1d" />
    <TestEntry testId="1ff42f06-03ab-344b-743c-2f7705291667" executionId="d19887c8-ea09-4997-bb36-94632e942a79" testListId="8c84fa94-04c1-424b-9868-57a2d4851a1d" />
    <TestEntry testId="ecd24a75-e7e9-89ab-4817-e82f30935c2e" executionId="fc9e0e49-848a-40ab-9e1b-a464d12cd7de" testListId="8c84fa94-04c1-424b-9868-57a2d4851a1d" />
    <TestEntry testId="989ae263-f6dc-ce84-8a34-14219573ff2b" executionId="ff90a046-dd5d-43ec-9de7-7352291b2f21" testListId="8c84fa94-04c1-424b-9868-57a2d4851a1d" />
    <TestEntry testId="01cccccf-876a-f449-e80c-723f499fa766" executionId="8520db60-cdd2-4bcf-9833-f5bc736597d1" testListId="8c84fa94-04c1-424b-9868-57a2d4851a1d" />
    <TestEntry testId="41e98b4a-b14b-57d9-69d8-711ab678c967" executionId="3bf9cf04-aab2-4982-b888-22e38509107e" testListId="8c84fa94-04c1-424b-9868-57a2d4851a1d" />
    <TestEntry testId="0ad12809-8184-a5cc-ab62-065df12f3ec6" executionId="f988e79b-ae01-43b0-ae19-b15f4d61a3e5" testListId="8c84fa94-04c1-424b-9868-57a2d4851a1d" />
    <TestEntry testId="340ff638-c338-a777-28ca-16710fcb9961" executionId="3ebfafdc-065c-4b8b-b1f3-67813f95ed1b" testListId="8c84fa94-04c1-424b-9868-57a2d4851a1d" />
    <TestEntry testId="7516f2b6-9321-99ed-0e57-290b42c91e4d" executionId="9157ae12-53e6-44bb-b0a4-e8bc1d8135f9" testListId="8c84fa94-04c1-424b-9868-57a2d4851a1d" />
    <TestEntry testId="7aaf551a-5dc7-57fc-597f-15c5689896c1" executionId="a32e39c7-028e-4cc8-a359-6ba4cfe408f6" testListId="8c84fa94-04c1-424b-9868-57a2d4851a1d" />
    <TestEntry testId="4ef4a0d9-4d37-310a-043e-84b0e20b2e19" executionId="9542f15c-d904-4c04-bfd7-401fa99f5100" testListId="8c84fa94-04c1-424b-9868-57a2d4851a1d" />
    <TestEntry testId="aca2b3ea-0ad7-07c1-97fb-c48e24fa0a63" executionId="2e8dc112-04d1-445d-866a-4671e25f43cb" testListId="8c84fa94-04c1-424b-9868-57a2d4851a1d" />
    <TestEntry testId="9a2b1ce4-fb8f-eee4-17c9-aedb7fba6307" executionId="f09a6d9a-42f1-4a6a-8a76-54a15c6be751" testListId="8c84fa94-04c1-424b-9868-57a2d4851a1d" />
    <TestEntry testId="644bdcd3-d333-24b4-701c-108528e668c4" executionId="dbd893a3-ec81-47d2-b736-a54b6a98d789" testListId="8c84fa94-04c1-424b-9868-57a2d4851a1d" />
  </TestEntries>
  <TestLists>
    <TestList name="Results Not in a List" id="8c84fa94-04c1-424b-9868-57a2d4851a1d" />
    <TestList name="All Loaded Results" id="19431567-8539-422a-85d7-44ee4e166bda" />
  </TestLists>
  <ResultSummary outcome="Failed">
    <Counters total="1091" executed="1089" passed="1085" failed="4" error="0" timeout="0" aborted="0" inconclusive="0" passedButRunAborted="0" notRunnable="0" notExecuted="0" disconnected="0" warning="0" completed="0" inProgress="0" pending="0" />
    <Output>
      <StdOut>Test 'WhenAccessingTheFirstLetterWithMethodCallInsideAggregation_ShouldSucceed' was skipped in the test run.
Test 'WhenAccessingTheFirstLetterWithIndexerInsideAggregation_ShouldSucceed' was skipped in the test run.
</StdOut>
    </Output>
  </ResultSummary>
</TestRun>